[2022-12-24 10:38:53,568] {processor.py:153} INFO - Started process (PID=47) to work on /opt/airflow/dags/extract_data_from_ftp_to_s3.py
[2022-12-24 10:38:53,569] {processor.py:641} INFO - Processing file /opt/airflow/dags/extract_data_from_ftp_to_s3.py for tasks to queue
[2022-12-24 10:38:53,570] {logging_mixin.py:115} INFO - [2022-12-24 10:38:53,569] {dagbag.py:508} INFO - Filling up the DagBag from /opt/airflow/dags/extract_data_from_ftp_to_s3.py
[2022-12-24 10:38:54,030] {processor.py:651} INFO - DAG(s) dict_keys(['extract_data_from_ftp_to_s3']) retrieved from /opt/airflow/dags/extract_data_from_ftp_to_s3.py
[2022-12-24 10:38:54,075] {logging_mixin.py:115} INFO - [2022-12-24 10:38:54,074] {dag.py:2420} INFO - Sync 1 DAGs
[2022-12-24 10:38:54,125] {logging_mixin.py:115} INFO - [2022-12-24 10:38:54,125] {dag.py:2972} INFO - Setting next_dagrun for extract_data_from_ftp_to_s3 to 2022-12-24T09:00:00+00:00, run_after=2022-12-24T10:00:00+00:00
[2022-12-24 10:38:54,153] {processor.py:161} INFO - Processing /opt/airflow/dags/extract_data_from_ftp_to_s3.py took 0.591 seconds
[2022-12-24 13:39:04,909] {processor.py:153} INFO - Started process (PID=92) to work on /opt/airflow/dags/extract_data_from_ftp_to_s3.py
[2022-12-24 13:39:04,917] {processor.py:641} INFO - Processing file /opt/airflow/dags/extract_data_from_ftp_to_s3.py for tasks to queue
[2022-12-24 13:39:04,918] {logging_mixin.py:115} INFO - [2022-12-24 13:39:04,918] {dagbag.py:508} INFO - Filling up the DagBag from /opt/airflow/dags/extract_data_from_ftp_to_s3.py
[2022-12-24 13:39:05,806] {processor.py:651} INFO - DAG(s) dict_keys(['extract_data_from_ftp_to_s3']) retrieved from /opt/airflow/dags/extract_data_from_ftp_to_s3.py
[2022-12-24 13:39:05,867] {logging_mixin.py:115} INFO - [2022-12-24 13:39:05,867] {dag.py:2420} INFO - Sync 1 DAGs
[2022-12-24 13:39:05,958] {logging_mixin.py:115} INFO - [2022-12-24 13:39:05,955] {dag.py:2972} INFO - Setting next_dagrun for extract_data_from_ftp_to_s3 to 2022-12-24T12:00:00+00:00, run_after=2022-12-24T13:00:00+00:00
[2022-12-24 13:39:05,993] {processor.py:161} INFO - Processing /opt/airflow/dags/extract_data_from_ftp_to_s3.py took 1.092 seconds
[2022-12-24 13:39:36,107] {processor.py:153} INFO - Started process (PID=145) to work on /opt/airflow/dags/extract_data_from_ftp_to_s3.py
[2022-12-24 13:39:36,109] {processor.py:641} INFO - Processing file /opt/airflow/dags/extract_data_from_ftp_to_s3.py for tasks to queue
[2022-12-24 13:39:36,110] {logging_mixin.py:115} INFO - [2022-12-24 13:39:36,110] {dagbag.py:508} INFO - Filling up the DagBag from /opt/airflow/dags/extract_data_from_ftp_to_s3.py
[2022-12-24 13:39:36,545] {processor.py:651} INFO - DAG(s) dict_keys(['extract_data_from_ftp_to_s3']) retrieved from /opt/airflow/dags/extract_data_from_ftp_to_s3.py
[2022-12-24 13:39:36,594] {logging_mixin.py:115} INFO - [2022-12-24 13:39:36,594] {dag.py:2420} INFO - Sync 1 DAGs
[2022-12-24 13:39:36,654] {logging_mixin.py:115} INFO - [2022-12-24 13:39:36,653] {dag.py:2972} INFO - Setting next_dagrun for extract_data_from_ftp_to_s3 to 2022-12-24T12:00:00+00:00, run_after=2022-12-24T13:00:00+00:00
[2022-12-24 13:39:36,686] {processor.py:161} INFO - Processing /opt/airflow/dags/extract_data_from_ftp_to_s3.py took 0.586 seconds
[2022-12-24 13:40:07,122] {processor.py:153} INFO - Started process (PID=199) to work on /opt/airflow/dags/extract_data_from_ftp_to_s3.py
[2022-12-24 13:40:07,124] {processor.py:641} INFO - Processing file /opt/airflow/dags/extract_data_from_ftp_to_s3.py for tasks to queue
[2022-12-24 13:40:07,126] {logging_mixin.py:115} INFO - [2022-12-24 13:40:07,126] {dagbag.py:508} INFO - Filling up the DagBag from /opt/airflow/dags/extract_data_from_ftp_to_s3.py
[2022-12-24 13:40:07,794] {processor.py:651} INFO - DAG(s) dict_keys(['extract_data_from_ftp_to_s3']) retrieved from /opt/airflow/dags/extract_data_from_ftp_to_s3.py
[2022-12-24 13:40:07,846] {logging_mixin.py:115} INFO - [2022-12-24 13:40:07,846] {dag.py:2420} INFO - Sync 1 DAGs
[2022-12-24 13:40:07,919] {logging_mixin.py:115} INFO - [2022-12-24 13:40:07,919] {dag.py:2972} INFO - Setting next_dagrun for extract_data_from_ftp_to_s3 to 2022-12-24T12:00:00+00:00, run_after=2022-12-24T13:00:00+00:00
[2022-12-24 13:40:07,948] {processor.py:161} INFO - Processing /opt/airflow/dags/extract_data_from_ftp_to_s3.py took 0.836 seconds
[2022-12-24 13:40:38,153] {processor.py:153} INFO - Started process (PID=252) to work on /opt/airflow/dags/extract_data_from_ftp_to_s3.py
[2022-12-24 13:40:38,155] {processor.py:641} INFO - Processing file /opt/airflow/dags/extract_data_from_ftp_to_s3.py for tasks to queue
[2022-12-24 13:40:38,156] {logging_mixin.py:115} INFO - [2022-12-24 13:40:38,156] {dagbag.py:508} INFO - Filling up the DagBag from /opt/airflow/dags/extract_data_from_ftp_to_s3.py
[2022-12-24 13:40:38,887] {processor.py:651} INFO - DAG(s) dict_keys(['extract_data_from_ftp_to_s3']) retrieved from /opt/airflow/dags/extract_data_from_ftp_to_s3.py
[2022-12-24 13:40:38,948] {logging_mixin.py:115} INFO - [2022-12-24 13:40:38,948] {dag.py:2420} INFO - Sync 1 DAGs
[2022-12-24 13:40:39,034] {logging_mixin.py:115} INFO - [2022-12-24 13:40:39,033] {dag.py:2972} INFO - Setting next_dagrun for extract_data_from_ftp_to_s3 to 2022-12-24T12:00:00+00:00, run_after=2022-12-24T13:00:00+00:00
[2022-12-24 13:40:39,067] {processor.py:161} INFO - Processing /opt/airflow/dags/extract_data_from_ftp_to_s3.py took 0.920 seconds
[2022-12-24 13:41:09,708] {processor.py:153} INFO - Started process (PID=315) to work on /opt/airflow/dags/extract_data_from_ftp_to_s3.py
[2022-12-24 13:41:09,710] {processor.py:641} INFO - Processing file /opt/airflow/dags/extract_data_from_ftp_to_s3.py for tasks to queue
[2022-12-24 13:41:09,712] {logging_mixin.py:115} INFO - [2022-12-24 13:41:09,711] {dagbag.py:508} INFO - Filling up the DagBag from /opt/airflow/dags/extract_data_from_ftp_to_s3.py
[2022-12-24 13:41:10,268] {processor.py:651} INFO - DAG(s) dict_keys(['extract_data_from_ftp_to_s3']) retrieved from /opt/airflow/dags/extract_data_from_ftp_to_s3.py
[2022-12-24 13:41:10,308] {logging_mixin.py:115} INFO - [2022-12-24 13:41:10,307] {dag.py:2420} INFO - Sync 1 DAGs
[2022-12-24 13:41:10,367] {logging_mixin.py:115} INFO - [2022-12-24 13:41:10,367] {dag.py:2972} INFO - Setting next_dagrun for extract_data_from_ftp_to_s3 to 2022-12-24T12:00:00+00:00, run_after=2022-12-24T13:00:00+00:00
[2022-12-24 13:41:10,395] {processor.py:161} INFO - Processing /opt/airflow/dags/extract_data_from_ftp_to_s3.py took 0.696 seconds
[2022-12-24 13:41:41,262] {processor.py:153} INFO - Started process (PID=369) to work on /opt/airflow/dags/extract_data_from_ftp_to_s3.py
[2022-12-24 13:41:41,277] {processor.py:641} INFO - Processing file /opt/airflow/dags/extract_data_from_ftp_to_s3.py for tasks to queue
[2022-12-24 13:41:41,278] {logging_mixin.py:115} INFO - [2022-12-24 13:41:41,278] {dagbag.py:508} INFO - Filling up the DagBag from /opt/airflow/dags/extract_data_from_ftp_to_s3.py
[2022-12-24 13:41:41,690] {processor.py:651} INFO - DAG(s) dict_keys(['extract_data_from_ftp_to_s3']) retrieved from /opt/airflow/dags/extract_data_from_ftp_to_s3.py
[2022-12-24 13:41:41,727] {logging_mixin.py:115} INFO - [2022-12-24 13:41:41,727] {dag.py:2420} INFO - Sync 1 DAGs
[2022-12-24 13:41:41,772] {logging_mixin.py:115} INFO - [2022-12-24 13:41:41,772] {dag.py:2972} INFO - Setting next_dagrun for extract_data_from_ftp_to_s3 to 2022-12-24T12:00:00+00:00, run_after=2022-12-24T13:00:00+00:00
[2022-12-24 13:41:41,794] {processor.py:161} INFO - Processing /opt/airflow/dags/extract_data_from_ftp_to_s3.py took 0.537 seconds
[2022-12-24 13:42:11,881] {processor.py:153} INFO - Started process (PID=423) to work on /opt/airflow/dags/extract_data_from_ftp_to_s3.py
[2022-12-24 13:42:11,882] {processor.py:641} INFO - Processing file /opt/airflow/dags/extract_data_from_ftp_to_s3.py for tasks to queue
[2022-12-24 13:42:11,883] {logging_mixin.py:115} INFO - [2022-12-24 13:42:11,883] {dagbag.py:508} INFO - Filling up the DagBag from /opt/airflow/dags/extract_data_from_ftp_to_s3.py
[2022-12-24 13:42:12,273] {processor.py:651} INFO - DAG(s) dict_keys(['extract_data_from_ftp_to_s3']) retrieved from /opt/airflow/dags/extract_data_from_ftp_to_s3.py
[2022-12-24 13:42:12,310] {logging_mixin.py:115} INFO - [2022-12-24 13:42:12,310] {dag.py:2420} INFO - Sync 1 DAGs
[2022-12-24 13:42:12,361] {logging_mixin.py:115} INFO - [2022-12-24 13:42:12,361] {dag.py:2972} INFO - Setting next_dagrun for extract_data_from_ftp_to_s3 to 2022-12-24T12:00:00+00:00, run_after=2022-12-24T13:00:00+00:00
[2022-12-24 13:42:12,382] {processor.py:161} INFO - Processing /opt/airflow/dags/extract_data_from_ftp_to_s3.py took 0.507 seconds
[2022-12-24 13:42:42,522] {processor.py:153} INFO - Started process (PID=486) to work on /opt/airflow/dags/extract_data_from_ftp_to_s3.py
[2022-12-24 13:42:42,526] {processor.py:641} INFO - Processing file /opt/airflow/dags/extract_data_from_ftp_to_s3.py for tasks to queue
[2022-12-24 13:42:42,527] {logging_mixin.py:115} INFO - [2022-12-24 13:42:42,526] {dagbag.py:508} INFO - Filling up the DagBag from /opt/airflow/dags/extract_data_from_ftp_to_s3.py
[2022-12-24 13:42:42,965] {processor.py:651} INFO - DAG(s) dict_keys(['extract_data_from_ftp_to_s3']) retrieved from /opt/airflow/dags/extract_data_from_ftp_to_s3.py
[2022-12-24 13:42:42,996] {logging_mixin.py:115} INFO - [2022-12-24 13:42:42,996] {dag.py:2420} INFO - Sync 1 DAGs
[2022-12-24 13:42:43,035] {logging_mixin.py:115} INFO - [2022-12-24 13:42:43,034] {dag.py:2972} INFO - Setting next_dagrun for extract_data_from_ftp_to_s3 to 2022-12-24T12:00:00+00:00, run_after=2022-12-24T13:00:00+00:00
[2022-12-24 13:42:43,057] {processor.py:161} INFO - Processing /opt/airflow/dags/extract_data_from_ftp_to_s3.py took 0.540 seconds
[2022-12-24 13:43:13,233] {processor.py:153} INFO - Started process (PID=540) to work on /opt/airflow/dags/extract_data_from_ftp_to_s3.py
[2022-12-24 13:43:13,237] {processor.py:641} INFO - Processing file /opt/airflow/dags/extract_data_from_ftp_to_s3.py for tasks to queue
[2022-12-24 13:43:13,238] {logging_mixin.py:115} INFO - [2022-12-24 13:43:13,238] {dagbag.py:508} INFO - Filling up the DagBag from /opt/airflow/dags/extract_data_from_ftp_to_s3.py
[2022-12-24 13:43:13,659] {processor.py:651} INFO - DAG(s) dict_keys(['extract_data_from_ftp_to_s3']) retrieved from /opt/airflow/dags/extract_data_from_ftp_to_s3.py
[2022-12-24 13:43:13,709] {logging_mixin.py:115} INFO - [2022-12-24 13:43:13,708] {dag.py:2420} INFO - Sync 1 DAGs
[2022-12-24 13:43:13,771] {logging_mixin.py:115} INFO - [2022-12-24 13:43:13,771] {dag.py:2972} INFO - Setting next_dagrun for extract_data_from_ftp_to_s3 to 2022-12-24T12:00:00+00:00, run_after=2022-12-24T13:00:00+00:00
[2022-12-24 13:43:13,801] {processor.py:161} INFO - Processing /opt/airflow/dags/extract_data_from_ftp_to_s3.py took 0.576 seconds
[2022-12-24 13:43:44,133] {processor.py:153} INFO - Started process (PID=593) to work on /opt/airflow/dags/extract_data_from_ftp_to_s3.py
[2022-12-24 13:43:44,138] {processor.py:641} INFO - Processing file /opt/airflow/dags/extract_data_from_ftp_to_s3.py for tasks to queue
[2022-12-24 13:43:44,139] {logging_mixin.py:115} INFO - [2022-12-24 13:43:44,138] {dagbag.py:508} INFO - Filling up the DagBag from /opt/airflow/dags/extract_data_from_ftp_to_s3.py
[2022-12-24 13:43:44,559] {processor.py:651} INFO - DAG(s) dict_keys(['extract_data_from_ftp_to_s3']) retrieved from /opt/airflow/dags/extract_data_from_ftp_to_s3.py
[2022-12-24 13:43:44,592] {logging_mixin.py:115} INFO - [2022-12-24 13:43:44,592] {dag.py:2420} INFO - Sync 1 DAGs
[2022-12-24 13:43:44,635] {logging_mixin.py:115} INFO - [2022-12-24 13:43:44,635] {dag.py:2972} INFO - Setting next_dagrun for extract_data_from_ftp_to_s3 to 2022-12-24T12:00:00+00:00, run_after=2022-12-24T13:00:00+00:00
[2022-12-24 13:43:44,657] {processor.py:161} INFO - Processing /opt/airflow/dags/extract_data_from_ftp_to_s3.py took 0.528 seconds
[2022-12-24 13:44:15,323] {processor.py:153} INFO - Started process (PID=656) to work on /opt/airflow/dags/extract_data_from_ftp_to_s3.py
[2022-12-24 13:44:15,327] {processor.py:641} INFO - Processing file /opt/airflow/dags/extract_data_from_ftp_to_s3.py for tasks to queue
[2022-12-24 13:44:15,328] {logging_mixin.py:115} INFO - [2022-12-24 13:44:15,328] {dagbag.py:508} INFO - Filling up the DagBag from /opt/airflow/dags/extract_data_from_ftp_to_s3.py
[2022-12-24 13:44:15,765] {processor.py:651} INFO - DAG(s) dict_keys(['extract_data_from_ftp_to_s3']) retrieved from /opt/airflow/dags/extract_data_from_ftp_to_s3.py
[2022-12-24 13:44:15,802] {logging_mixin.py:115} INFO - [2022-12-24 13:44:15,802] {dag.py:2420} INFO - Sync 1 DAGs
[2022-12-24 13:44:15,847] {logging_mixin.py:115} INFO - [2022-12-24 13:44:15,847] {dag.py:2972} INFO - Setting next_dagrun for extract_data_from_ftp_to_s3 to 2022-12-24T12:00:00+00:00, run_after=2022-12-24T13:00:00+00:00
[2022-12-24 13:44:15,873] {processor.py:161} INFO - Processing /opt/airflow/dags/extract_data_from_ftp_to_s3.py took 0.556 seconds
[2022-12-24 13:44:46,317] {processor.py:153} INFO - Started process (PID=710) to work on /opt/airflow/dags/extract_data_from_ftp_to_s3.py
[2022-12-24 13:44:46,318] {processor.py:641} INFO - Processing file /opt/airflow/dags/extract_data_from_ftp_to_s3.py for tasks to queue
[2022-12-24 13:44:46,319] {logging_mixin.py:115} INFO - [2022-12-24 13:44:46,319] {dagbag.py:508} INFO - Filling up the DagBag from /opt/airflow/dags/extract_data_from_ftp_to_s3.py
[2022-12-24 13:44:46,699] {processor.py:651} INFO - DAG(s) dict_keys(['extract_data_from_ftp_to_s3']) retrieved from /opt/airflow/dags/extract_data_from_ftp_to_s3.py
[2022-12-24 13:44:46,732] {logging_mixin.py:115} INFO - [2022-12-24 13:44:46,732] {dag.py:2420} INFO - Sync 1 DAGs
[2022-12-24 13:44:46,774] {logging_mixin.py:115} INFO - [2022-12-24 13:44:46,774] {dag.py:2972} INFO - Setting next_dagrun for extract_data_from_ftp_to_s3 to 2022-12-24T12:00:00+00:00, run_after=2022-12-24T13:00:00+00:00
[2022-12-24 13:44:46,795] {processor.py:161} INFO - Processing /opt/airflow/dags/extract_data_from_ftp_to_s3.py took 0.483 seconds
[2022-12-24 13:45:16,995] {processor.py:153} INFO - Started process (PID=773) to work on /opt/airflow/dags/extract_data_from_ftp_to_s3.py
[2022-12-24 13:45:16,999] {processor.py:641} INFO - Processing file /opt/airflow/dags/extract_data_from_ftp_to_s3.py for tasks to queue
[2022-12-24 13:45:17,000] {logging_mixin.py:115} INFO - [2022-12-24 13:45:17,000] {dagbag.py:508} INFO - Filling up the DagBag from /opt/airflow/dags/extract_data_from_ftp_to_s3.py
[2022-12-24 13:45:17,435] {processor.py:651} INFO - DAG(s) dict_keys(['extract_data_from_ftp_to_s3']) retrieved from /opt/airflow/dags/extract_data_from_ftp_to_s3.py
[2022-12-24 13:45:17,473] {logging_mixin.py:115} INFO - [2022-12-24 13:45:17,473] {dag.py:2420} INFO - Sync 1 DAGs
[2022-12-24 13:45:17,522] {logging_mixin.py:115} INFO - [2022-12-24 13:45:17,521] {dag.py:2972} INFO - Setting next_dagrun for extract_data_from_ftp_to_s3 to 2022-12-24T12:00:00+00:00, run_after=2022-12-24T13:00:00+00:00
[2022-12-24 13:45:17,549] {processor.py:161} INFO - Processing /opt/airflow/dags/extract_data_from_ftp_to_s3.py took 0.561 seconds
[2022-12-24 13:45:48,188] {processor.py:153} INFO - Started process (PID=827) to work on /opt/airflow/dags/extract_data_from_ftp_to_s3.py
[2022-12-24 13:45:48,190] {processor.py:641} INFO - Processing file /opt/airflow/dags/extract_data_from_ftp_to_s3.py for tasks to queue
[2022-12-24 13:45:48,191] {logging_mixin.py:115} INFO - [2022-12-24 13:45:48,191] {dagbag.py:508} INFO - Filling up the DagBag from /opt/airflow/dags/extract_data_from_ftp_to_s3.py
[2022-12-24 13:45:48,618] {processor.py:651} INFO - DAG(s) dict_keys(['extract_data_from_ftp_to_s3']) retrieved from /opt/airflow/dags/extract_data_from_ftp_to_s3.py
[2022-12-24 13:45:48,655] {logging_mixin.py:115} INFO - [2022-12-24 13:45:48,654] {dag.py:2420} INFO - Sync 1 DAGs
[2022-12-24 13:45:48,703] {logging_mixin.py:115} INFO - [2022-12-24 13:45:48,702] {dag.py:2972} INFO - Setting next_dagrun for extract_data_from_ftp_to_s3 to 2022-12-24T12:00:00+00:00, run_after=2022-12-24T13:00:00+00:00
[2022-12-24 13:45:48,726] {processor.py:161} INFO - Processing /opt/airflow/dags/extract_data_from_ftp_to_s3.py took 0.545 seconds
[2022-12-24 13:46:19,244] {processor.py:153} INFO - Started process (PID=881) to work on /opt/airflow/dags/extract_data_from_ftp_to_s3.py
[2022-12-24 13:46:19,245] {processor.py:641} INFO - Processing file /opt/airflow/dags/extract_data_from_ftp_to_s3.py for tasks to queue
[2022-12-24 13:46:19,246] {logging_mixin.py:115} INFO - [2022-12-24 13:46:19,246] {dagbag.py:508} INFO - Filling up the DagBag from /opt/airflow/dags/extract_data_from_ftp_to_s3.py
[2022-12-24 13:46:19,639] {processor.py:651} INFO - DAG(s) dict_keys(['extract_data_from_ftp_to_s3']) retrieved from /opt/airflow/dags/extract_data_from_ftp_to_s3.py
[2022-12-24 13:46:19,673] {logging_mixin.py:115} INFO - [2022-12-24 13:46:19,672] {dag.py:2420} INFO - Sync 1 DAGs
[2022-12-24 13:46:19,721] {logging_mixin.py:115} INFO - [2022-12-24 13:46:19,721] {dag.py:2972} INFO - Setting next_dagrun for extract_data_from_ftp_to_s3 to 2022-12-24T12:00:00+00:00, run_after=2022-12-24T13:00:00+00:00
[2022-12-24 13:46:19,750] {processor.py:161} INFO - Processing /opt/airflow/dags/extract_data_from_ftp_to_s3.py took 0.512 seconds
[2022-12-24 13:46:49,856] {processor.py:153} INFO - Started process (PID=944) to work on /opt/airflow/dags/extract_data_from_ftp_to_s3.py
[2022-12-24 13:46:49,857] {processor.py:641} INFO - Processing file /opt/airflow/dags/extract_data_from_ftp_to_s3.py for tasks to queue
[2022-12-24 13:46:49,858] {logging_mixin.py:115} INFO - [2022-12-24 13:46:49,858] {dagbag.py:508} INFO - Filling up the DagBag from /opt/airflow/dags/extract_data_from_ftp_to_s3.py
[2022-12-24 13:46:50,203] {processor.py:651} INFO - DAG(s) dict_keys(['extract_data_from_ftp_to_s3']) retrieved from /opt/airflow/dags/extract_data_from_ftp_to_s3.py
[2022-12-24 13:46:50,236] {logging_mixin.py:115} INFO - [2022-12-24 13:46:50,236] {dag.py:2420} INFO - Sync 1 DAGs
[2022-12-24 13:46:50,277] {logging_mixin.py:115} INFO - [2022-12-24 13:46:50,277] {dag.py:2972} INFO - Setting next_dagrun for extract_data_from_ftp_to_s3 to 2022-12-24T12:00:00+00:00, run_after=2022-12-24T13:00:00+00:00
[2022-12-24 13:46:50,299] {processor.py:161} INFO - Processing /opt/airflow/dags/extract_data_from_ftp_to_s3.py took 0.447 seconds
[2022-12-24 13:47:20,711] {processor.py:153} INFO - Started process (PID=998) to work on /opt/airflow/dags/extract_data_from_ftp_to_s3.py
[2022-12-24 13:47:20,712] {processor.py:641} INFO - Processing file /opt/airflow/dags/extract_data_from_ftp_to_s3.py for tasks to queue
[2022-12-24 13:47:20,713] {logging_mixin.py:115} INFO - [2022-12-24 13:47:20,713] {dagbag.py:508} INFO - Filling up the DagBag from /opt/airflow/dags/extract_data_from_ftp_to_s3.py
[2022-12-24 13:47:21,176] {processor.py:651} INFO - DAG(s) dict_keys(['extract_data_from_ftp_to_s3']) retrieved from /opt/airflow/dags/extract_data_from_ftp_to_s3.py
[2022-12-24 13:47:21,212] {logging_mixin.py:115} INFO - [2022-12-24 13:47:21,212] {dag.py:2420} INFO - Sync 1 DAGs
[2022-12-24 13:47:21,259] {logging_mixin.py:115} INFO - [2022-12-24 13:47:21,258] {dag.py:2972} INFO - Setting next_dagrun for extract_data_from_ftp_to_s3 to 2022-12-24T12:00:00+00:00, run_after=2022-12-24T13:00:00+00:00
[2022-12-24 13:47:21,288] {processor.py:161} INFO - Processing /opt/airflow/dags/extract_data_from_ftp_to_s3.py took 0.582 seconds
[2022-12-24 13:47:51,738] {processor.py:153} INFO - Started process (PID=1063) to work on /opt/airflow/dags/extract_data_from_ftp_to_s3.py
[2022-12-24 13:47:51,739] {processor.py:641} INFO - Processing file /opt/airflow/dags/extract_data_from_ftp_to_s3.py for tasks to queue
[2022-12-24 13:47:51,740] {logging_mixin.py:115} INFO - [2022-12-24 13:47:51,740] {dagbag.py:508} INFO - Filling up the DagBag from /opt/airflow/dags/extract_data_from_ftp_to_s3.py
[2022-12-24 13:47:52,139] {processor.py:651} INFO - DAG(s) dict_keys(['extract_data_from_ftp_to_s3']) retrieved from /opt/airflow/dags/extract_data_from_ftp_to_s3.py
[2022-12-24 13:47:52,174] {logging_mixin.py:115} INFO - [2022-12-24 13:47:52,174] {dag.py:2420} INFO - Sync 1 DAGs
[2022-12-24 13:47:52,214] {logging_mixin.py:115} INFO - [2022-12-24 13:47:52,214] {dag.py:2972} INFO - Setting next_dagrun for extract_data_from_ftp_to_s3 to 2022-12-24T12:00:00+00:00, run_after=2022-12-24T13:00:00+00:00
[2022-12-24 13:47:52,235] {processor.py:161} INFO - Processing /opt/airflow/dags/extract_data_from_ftp_to_s3.py took 0.505 seconds
[2022-12-24 13:48:22,279] {processor.py:153} INFO - Started process (PID=1117) to work on /opt/airflow/dags/extract_data_from_ftp_to_s3.py
[2022-12-24 13:48:22,280] {processor.py:641} INFO - Processing file /opt/airflow/dags/extract_data_from_ftp_to_s3.py for tasks to queue
[2022-12-24 13:48:22,281] {logging_mixin.py:115} INFO - [2022-12-24 13:48:22,281] {dagbag.py:508} INFO - Filling up the DagBag from /opt/airflow/dags/extract_data_from_ftp_to_s3.py
[2022-12-24 13:48:22,663] {processor.py:651} INFO - DAG(s) dict_keys(['extract_data_from_ftp_to_s3']) retrieved from /opt/airflow/dags/extract_data_from_ftp_to_s3.py
[2022-12-24 13:48:22,694] {logging_mixin.py:115} INFO - [2022-12-24 13:48:22,694] {dag.py:2420} INFO - Sync 1 DAGs
[2022-12-24 13:48:22,737] {logging_mixin.py:115} INFO - [2022-12-24 13:48:22,737] {dag.py:2972} INFO - Setting next_dagrun for extract_data_from_ftp_to_s3 to 2022-12-24T12:00:00+00:00, run_after=2022-12-24T13:00:00+00:00
[2022-12-24 13:48:22,758] {processor.py:161} INFO - Processing /opt/airflow/dags/extract_data_from_ftp_to_s3.py took 0.483 seconds
[2022-12-24 13:48:53,539] {processor.py:153} INFO - Started process (PID=1179) to work on /opt/airflow/dags/extract_data_from_ftp_to_s3.py
[2022-12-24 13:48:53,541] {processor.py:641} INFO - Processing file /opt/airflow/dags/extract_data_from_ftp_to_s3.py for tasks to queue
[2022-12-24 13:48:53,543] {logging_mixin.py:115} INFO - [2022-12-24 13:48:53,542] {dagbag.py:508} INFO - Filling up the DagBag from /opt/airflow/dags/extract_data_from_ftp_to_s3.py
[2022-12-24 13:48:54,128] {processor.py:651} INFO - DAG(s) dict_keys(['extract_data_from_ftp_to_s3']) retrieved from /opt/airflow/dags/extract_data_from_ftp_to_s3.py
[2022-12-24 13:48:54,187] {logging_mixin.py:115} INFO - [2022-12-24 13:48:54,187] {dag.py:2420} INFO - Sync 1 DAGs
[2022-12-24 13:48:54,266] {logging_mixin.py:115} INFO - [2022-12-24 13:48:54,266] {dag.py:2972} INFO - Setting next_dagrun for extract_data_from_ftp_to_s3 to 2022-12-24T12:00:00+00:00, run_after=2022-12-24T13:00:00+00:00
[2022-12-24 13:48:54,306] {processor.py:161} INFO - Processing /opt/airflow/dags/extract_data_from_ftp_to_s3.py took 0.775 seconds
[2022-12-24 13:49:24,461] {processor.py:153} INFO - Started process (PID=1235) to work on /opt/airflow/dags/extract_data_from_ftp_to_s3.py
[2022-12-24 13:49:24,462] {processor.py:641} INFO - Processing file /opt/airflow/dags/extract_data_from_ftp_to_s3.py for tasks to queue
[2022-12-24 13:49:24,463] {logging_mixin.py:115} INFO - [2022-12-24 13:49:24,463] {dagbag.py:508} INFO - Filling up the DagBag from /opt/airflow/dags/extract_data_from_ftp_to_s3.py
[2022-12-24 13:49:24,818] {processor.py:651} INFO - DAG(s) dict_keys(['extract_data_from_ftp_to_s3']) retrieved from /opt/airflow/dags/extract_data_from_ftp_to_s3.py
[2022-12-24 13:49:24,850] {logging_mixin.py:115} INFO - [2022-12-24 13:49:24,850] {dag.py:2420} INFO - Sync 1 DAGs
[2022-12-24 13:49:24,890] {logging_mixin.py:115} INFO - [2022-12-24 13:49:24,890] {dag.py:2972} INFO - Setting next_dagrun for extract_data_from_ftp_to_s3 to 2022-12-24T12:00:00+00:00, run_after=2022-12-24T13:00:00+00:00
[2022-12-24 13:49:24,914] {processor.py:161} INFO - Processing /opt/airflow/dags/extract_data_from_ftp_to_s3.py took 0.458 seconds
[2022-12-24 13:49:55,176] {processor.py:153} INFO - Started process (PID=1289) to work on /opt/airflow/dags/extract_data_from_ftp_to_s3.py
[2022-12-24 13:49:55,177] {processor.py:641} INFO - Processing file /opt/airflow/dags/extract_data_from_ftp_to_s3.py for tasks to queue
[2022-12-24 13:49:55,178] {logging_mixin.py:115} INFO - [2022-12-24 13:49:55,178] {dagbag.py:508} INFO - Filling up the DagBag from /opt/airflow/dags/extract_data_from_ftp_to_s3.py
[2022-12-24 13:49:55,598] {processor.py:651} INFO - DAG(s) dict_keys(['extract_data_from_ftp_to_s3']) retrieved from /opt/airflow/dags/extract_data_from_ftp_to_s3.py
[2022-12-24 13:49:55,629] {logging_mixin.py:115} INFO - [2022-12-24 13:49:55,629] {dag.py:2420} INFO - Sync 1 DAGs
[2022-12-24 13:49:55,670] {logging_mixin.py:115} INFO - [2022-12-24 13:49:55,670] {dag.py:2972} INFO - Setting next_dagrun for extract_data_from_ftp_to_s3 to 2022-12-24T12:00:00+00:00, run_after=2022-12-24T13:00:00+00:00
[2022-12-24 13:49:55,694] {processor.py:161} INFO - Processing /opt/airflow/dags/extract_data_from_ftp_to_s3.py took 0.524 seconds
[2022-12-24 13:50:26,184] {processor.py:153} INFO - Started process (PID=1351) to work on /opt/airflow/dags/extract_data_from_ftp_to_s3.py
[2022-12-24 13:50:26,185] {processor.py:641} INFO - Processing file /opt/airflow/dags/extract_data_from_ftp_to_s3.py for tasks to queue
[2022-12-24 13:50:26,186] {logging_mixin.py:115} INFO - [2022-12-24 13:50:26,186] {dagbag.py:508} INFO - Filling up the DagBag from /opt/airflow/dags/extract_data_from_ftp_to_s3.py
[2022-12-24 13:50:26,644] {processor.py:651} INFO - DAG(s) dict_keys(['extract_data_from_ftp_to_s3']) retrieved from /opt/airflow/dags/extract_data_from_ftp_to_s3.py
[2022-12-24 13:50:26,680] {logging_mixin.py:115} INFO - [2022-12-24 13:50:26,680] {dag.py:2420} INFO - Sync 1 DAGs
[2022-12-24 13:50:26,727] {logging_mixin.py:115} INFO - [2022-12-24 13:50:26,727] {dag.py:2972} INFO - Setting next_dagrun for extract_data_from_ftp_to_s3 to 2022-12-24T12:00:00+00:00, run_after=2022-12-24T13:00:00+00:00
[2022-12-24 13:50:26,752] {processor.py:161} INFO - Processing /opt/airflow/dags/extract_data_from_ftp_to_s3.py took 0.572 seconds
[2022-12-24 13:50:56,883] {processor.py:153} INFO - Started process (PID=1405) to work on /opt/airflow/dags/extract_data_from_ftp_to_s3.py
[2022-12-24 13:50:56,884] {processor.py:641} INFO - Processing file /opt/airflow/dags/extract_data_from_ftp_to_s3.py for tasks to queue
[2022-12-24 13:50:56,885] {logging_mixin.py:115} INFO - [2022-12-24 13:50:56,885] {dagbag.py:508} INFO - Filling up the DagBag from /opt/airflow/dags/extract_data_from_ftp_to_s3.py
[2022-12-24 13:50:57,365] {processor.py:651} INFO - DAG(s) dict_keys(['extract_data_from_ftp_to_s3']) retrieved from /opt/airflow/dags/extract_data_from_ftp_to_s3.py
[2022-12-24 13:50:57,405] {logging_mixin.py:115} INFO - [2022-12-24 13:50:57,404] {dag.py:2420} INFO - Sync 1 DAGs
[2022-12-24 13:50:57,462] {logging_mixin.py:115} INFO - [2022-12-24 13:50:57,461] {dag.py:2972} INFO - Setting next_dagrun for extract_data_from_ftp_to_s3 to 2022-12-24T12:00:00+00:00, run_after=2022-12-24T13:00:00+00:00
[2022-12-24 13:50:57,489] {processor.py:161} INFO - Processing /opt/airflow/dags/extract_data_from_ftp_to_s3.py took 0.612 seconds
[2022-12-24 13:51:27,728] {processor.py:153} INFO - Started process (PID=1461) to work on /opt/airflow/dags/extract_data_from_ftp_to_s3.py
[2022-12-24 13:51:27,729] {processor.py:641} INFO - Processing file /opt/airflow/dags/extract_data_from_ftp_to_s3.py for tasks to queue
[2022-12-24 13:51:27,730] {logging_mixin.py:115} INFO - [2022-12-24 13:51:27,730] {dagbag.py:508} INFO - Filling up the DagBag from /opt/airflow/dags/extract_data_from_ftp_to_s3.py
[2022-12-24 13:51:28,219] {processor.py:651} INFO - DAG(s) dict_keys(['extract_data_from_ftp_to_s3']) retrieved from /opt/airflow/dags/extract_data_from_ftp_to_s3.py
[2022-12-24 13:51:28,252] {logging_mixin.py:115} INFO - [2022-12-24 13:51:28,252] {dag.py:2420} INFO - Sync 1 DAGs
[2022-12-24 13:51:28,292] {logging_mixin.py:115} INFO - [2022-12-24 13:51:28,292] {dag.py:2972} INFO - Setting next_dagrun for extract_data_from_ftp_to_s3 to 2022-12-24T12:00:00+00:00, run_after=2022-12-24T13:00:00+00:00
[2022-12-24 13:51:28,315] {processor.py:161} INFO - Processing /opt/airflow/dags/extract_data_from_ftp_to_s3.py took 0.591 seconds
[2022-12-24 13:51:58,400] {processor.py:153} INFO - Started process (PID=1524) to work on /opt/airflow/dags/extract_data_from_ftp_to_s3.py
[2022-12-24 13:51:58,401] {processor.py:641} INFO - Processing file /opt/airflow/dags/extract_data_from_ftp_to_s3.py for tasks to queue
[2022-12-24 13:51:58,402] {logging_mixin.py:115} INFO - [2022-12-24 13:51:58,402] {dagbag.py:508} INFO - Filling up the DagBag from /opt/airflow/dags/extract_data_from_ftp_to_s3.py
[2022-12-24 13:51:58,875] {processor.py:651} INFO - DAG(s) dict_keys(['extract_data_from_ftp_to_s3']) retrieved from /opt/airflow/dags/extract_data_from_ftp_to_s3.py
[2022-12-24 13:51:58,915] {logging_mixin.py:115} INFO - [2022-12-24 13:51:58,915] {dag.py:2420} INFO - Sync 1 DAGs
[2022-12-24 13:51:58,971] {logging_mixin.py:115} INFO - [2022-12-24 13:51:58,971] {dag.py:2972} INFO - Setting next_dagrun for extract_data_from_ftp_to_s3 to 2022-12-24T12:00:00+00:00, run_after=2022-12-24T13:00:00+00:00
[2022-12-24 13:51:58,994] {processor.py:161} INFO - Processing /opt/airflow/dags/extract_data_from_ftp_to_s3.py took 0.598 seconds
[2022-12-24 13:52:29,039] {processor.py:153} INFO - Started process (PID=1578) to work on /opt/airflow/dags/extract_data_from_ftp_to_s3.py
[2022-12-24 13:52:29,040] {processor.py:641} INFO - Processing file /opt/airflow/dags/extract_data_from_ftp_to_s3.py for tasks to queue
[2022-12-24 13:52:29,041] {logging_mixin.py:115} INFO - [2022-12-24 13:52:29,041] {dagbag.py:508} INFO - Filling up the DagBag from /opt/airflow/dags/extract_data_from_ftp_to_s3.py
[2022-12-24 13:52:29,411] {processor.py:651} INFO - DAG(s) dict_keys(['extract_data_from_ftp_to_s3']) retrieved from /opt/airflow/dags/extract_data_from_ftp_to_s3.py
[2022-12-24 13:52:29,446] {logging_mixin.py:115} INFO - [2022-12-24 13:52:29,446] {dag.py:2420} INFO - Sync 1 DAGs
[2022-12-24 13:52:29,493] {logging_mixin.py:115} INFO - [2022-12-24 13:52:29,493] {dag.py:2972} INFO - Setting next_dagrun for extract_data_from_ftp_to_s3 to 2022-12-24T12:00:00+00:00, run_after=2022-12-24T13:00:00+00:00
[2022-12-24 13:52:29,518] {processor.py:161} INFO - Processing /opt/airflow/dags/extract_data_from_ftp_to_s3.py took 0.482 seconds
[2022-12-24 13:53:00,096] {processor.py:153} INFO - Started process (PID=1632) to work on /opt/airflow/dags/extract_data_from_ftp_to_s3.py
[2022-12-24 13:53:00,097] {processor.py:641} INFO - Processing file /opt/airflow/dags/extract_data_from_ftp_to_s3.py for tasks to queue
[2022-12-24 13:53:00,097] {logging_mixin.py:115} INFO - [2022-12-24 13:53:00,097] {dagbag.py:508} INFO - Filling up the DagBag from /opt/airflow/dags/extract_data_from_ftp_to_s3.py
[2022-12-24 13:53:00,479] {processor.py:651} INFO - DAG(s) dict_keys(['extract_data_from_ftp_to_s3']) retrieved from /opt/airflow/dags/extract_data_from_ftp_to_s3.py
[2022-12-24 13:53:00,510] {logging_mixin.py:115} INFO - [2022-12-24 13:53:00,510] {dag.py:2420} INFO - Sync 1 DAGs
[2022-12-24 13:53:00,552] {logging_mixin.py:115} INFO - [2022-12-24 13:53:00,552] {dag.py:2972} INFO - Setting next_dagrun for extract_data_from_ftp_to_s3 to 2022-12-24T12:00:00+00:00, run_after=2022-12-24T13:00:00+00:00
[2022-12-24 13:53:00,570] {processor.py:161} INFO - Processing /opt/airflow/dags/extract_data_from_ftp_to_s3.py took 0.479 seconds
[2022-12-24 13:53:30,737] {processor.py:153} INFO - Started process (PID=1694) to work on /opt/airflow/dags/extract_data_from_ftp_to_s3.py
[2022-12-24 13:53:30,738] {processor.py:641} INFO - Processing file /opt/airflow/dags/extract_data_from_ftp_to_s3.py for tasks to queue
[2022-12-24 13:53:30,739] {logging_mixin.py:115} INFO - [2022-12-24 13:53:30,738] {dagbag.py:508} INFO - Filling up the DagBag from /opt/airflow/dags/extract_data_from_ftp_to_s3.py
[2022-12-24 13:53:31,282] {processor.py:651} INFO - DAG(s) dict_keys(['extract_data_from_ftp_to_s3']) retrieved from /opt/airflow/dags/extract_data_from_ftp_to_s3.py
[2022-12-24 13:53:31,347] {logging_mixin.py:115} INFO - [2022-12-24 13:53:31,347] {dag.py:2420} INFO - Sync 1 DAGs
[2022-12-24 13:53:31,413] {logging_mixin.py:115} INFO - [2022-12-24 13:53:31,413] {dag.py:2972} INFO - Setting next_dagrun for extract_data_from_ftp_to_s3 to 2022-12-24T12:00:00+00:00, run_after=2022-12-24T13:00:00+00:00
[2022-12-24 13:53:31,441] {processor.py:161} INFO - Processing /opt/airflow/dags/extract_data_from_ftp_to_s3.py took 0.711 seconds
[2022-12-24 13:54:01,692] {processor.py:153} INFO - Started process (PID=1747) to work on /opt/airflow/dags/extract_data_from_ftp_to_s3.py
[2022-12-24 13:54:01,693] {processor.py:641} INFO - Processing file /opt/airflow/dags/extract_data_from_ftp_to_s3.py for tasks to queue
[2022-12-24 13:54:01,694] {logging_mixin.py:115} INFO - [2022-12-24 13:54:01,694] {dagbag.py:508} INFO - Filling up the DagBag from /opt/airflow/dags/extract_data_from_ftp_to_s3.py
[2022-12-24 13:54:02,182] {processor.py:651} INFO - DAG(s) dict_keys(['extract_data_from_ftp_to_s3']) retrieved from /opt/airflow/dags/extract_data_from_ftp_to_s3.py
[2022-12-24 13:54:02,218] {logging_mixin.py:115} INFO - [2022-12-24 13:54:02,218] {dag.py:2420} INFO - Sync 1 DAGs
[2022-12-24 13:54:02,264] {logging_mixin.py:115} INFO - [2022-12-24 13:54:02,264] {dag.py:2972} INFO - Setting next_dagrun for extract_data_from_ftp_to_s3 to 2022-12-24T12:00:00+00:00, run_after=2022-12-24T13:00:00+00:00
[2022-12-24 13:54:02,288] {processor.py:161} INFO - Processing /opt/airflow/dags/extract_data_from_ftp_to_s3.py took 0.602 seconds
[2022-12-24 13:54:32,507] {processor.py:153} INFO - Started process (PID=1802) to work on /opt/airflow/dags/extract_data_from_ftp_to_s3.py
[2022-12-24 13:54:32,508] {processor.py:641} INFO - Processing file /opt/airflow/dags/extract_data_from_ftp_to_s3.py for tasks to queue
[2022-12-24 13:54:32,510] {logging_mixin.py:115} INFO - [2022-12-24 13:54:32,509] {dagbag.py:508} INFO - Filling up the DagBag from /opt/airflow/dags/extract_data_from_ftp_to_s3.py
[2022-12-24 13:54:33,000] {processor.py:651} INFO - DAG(s) dict_keys(['extract_data_from_ftp_to_s3']) retrieved from /opt/airflow/dags/extract_data_from_ftp_to_s3.py
[2022-12-24 13:54:33,037] {logging_mixin.py:115} INFO - [2022-12-24 13:54:33,037] {dag.py:2420} INFO - Sync 1 DAGs
[2022-12-24 13:54:33,115] {logging_mixin.py:115} INFO - [2022-12-24 13:54:33,115] {dag.py:2972} INFO - Setting next_dagrun for extract_data_from_ftp_to_s3 to 2022-12-24T12:00:00+00:00, run_after=2022-12-24T13:00:00+00:00
[2022-12-24 13:54:33,148] {processor.py:161} INFO - Processing /opt/airflow/dags/extract_data_from_ftp_to_s3.py took 0.646 seconds
[2022-12-24 13:55:03,318] {processor.py:153} INFO - Started process (PID=1866) to work on /opt/airflow/dags/extract_data_from_ftp_to_s3.py
[2022-12-24 13:55:03,319] {processor.py:641} INFO - Processing file /opt/airflow/dags/extract_data_from_ftp_to_s3.py for tasks to queue
[2022-12-24 13:55:03,319] {logging_mixin.py:115} INFO - [2022-12-24 13:55:03,319] {dagbag.py:508} INFO - Filling up the DagBag from /opt/airflow/dags/extract_data_from_ftp_to_s3.py
[2022-12-24 13:55:03,696] {processor.py:651} INFO - DAG(s) dict_keys(['extract_data_from_ftp_to_s3']) retrieved from /opt/airflow/dags/extract_data_from_ftp_to_s3.py
[2022-12-24 13:55:03,729] {logging_mixin.py:115} INFO - [2022-12-24 13:55:03,728] {dag.py:2420} INFO - Sync 1 DAGs
[2022-12-24 13:55:03,768] {logging_mixin.py:115} INFO - [2022-12-24 13:55:03,768] {dag.py:2972} INFO - Setting next_dagrun for extract_data_from_ftp_to_s3 to 2022-12-24T12:00:00+00:00, run_after=2022-12-24T13:00:00+00:00
[2022-12-24 13:55:03,790] {processor.py:161} INFO - Processing /opt/airflow/dags/extract_data_from_ftp_to_s3.py took 0.477 seconds
[2022-12-24 13:55:33,976] {processor.py:153} INFO - Started process (PID=1920) to work on /opt/airflow/dags/extract_data_from_ftp_to_s3.py
[2022-12-24 13:55:33,978] {processor.py:641} INFO - Processing file /opt/airflow/dags/extract_data_from_ftp_to_s3.py for tasks to queue
[2022-12-24 13:55:33,979] {logging_mixin.py:115} INFO - [2022-12-24 13:55:33,979] {dagbag.py:508} INFO - Filling up the DagBag from /opt/airflow/dags/extract_data_from_ftp_to_s3.py
[2022-12-24 13:55:34,354] {processor.py:651} INFO - DAG(s) dict_keys(['extract_data_from_ftp_to_s3']) retrieved from /opt/airflow/dags/extract_data_from_ftp_to_s3.py
[2022-12-24 13:55:34,388] {logging_mixin.py:115} INFO - [2022-12-24 13:55:34,388] {dag.py:2420} INFO - Sync 1 DAGs
[2022-12-24 13:55:34,428] {logging_mixin.py:115} INFO - [2022-12-24 13:55:34,428] {dag.py:2972} INFO - Setting next_dagrun for extract_data_from_ftp_to_s3 to 2022-12-24T12:00:00+00:00, run_after=2022-12-24T13:00:00+00:00
[2022-12-24 13:55:34,447] {processor.py:161} INFO - Processing /opt/airflow/dags/extract_data_from_ftp_to_s3.py took 0.477 seconds
[2022-12-24 13:56:04,580] {processor.py:153} INFO - Started process (PID=1982) to work on /opt/airflow/dags/extract_data_from_ftp_to_s3.py
[2022-12-24 13:56:04,581] {processor.py:641} INFO - Processing file /opt/airflow/dags/extract_data_from_ftp_to_s3.py for tasks to queue
[2022-12-24 13:56:04,582] {logging_mixin.py:115} INFO - [2022-12-24 13:56:04,581] {dagbag.py:508} INFO - Filling up the DagBag from /opt/airflow/dags/extract_data_from_ftp_to_s3.py
[2022-12-24 13:56:04,983] {processor.py:651} INFO - DAG(s) dict_keys(['extract_data_from_ftp_to_s3']) retrieved from /opt/airflow/dags/extract_data_from_ftp_to_s3.py
[2022-12-24 13:56:05,079] {logging_mixin.py:115} INFO - [2022-12-24 13:56:05,078] {dag.py:2420} INFO - Sync 1 DAGs
[2022-12-24 13:56:05,131] {logging_mixin.py:115} INFO - [2022-12-24 13:56:05,131] {dag.py:2972} INFO - Setting next_dagrun for extract_data_from_ftp_to_s3 to 2022-12-24T12:00:00+00:00, run_after=2022-12-24T13:00:00+00:00
[2022-12-24 13:56:05,158] {processor.py:161} INFO - Processing /opt/airflow/dags/extract_data_from_ftp_to_s3.py took 0.583 seconds
[2022-12-24 13:56:35,195] {processor.py:153} INFO - Started process (PID=2036) to work on /opt/airflow/dags/extract_data_from_ftp_to_s3.py
[2022-12-24 13:56:35,196] {processor.py:641} INFO - Processing file /opt/airflow/dags/extract_data_from_ftp_to_s3.py for tasks to queue
[2022-12-24 13:56:35,197] {logging_mixin.py:115} INFO - [2022-12-24 13:56:35,197] {dagbag.py:508} INFO - Filling up the DagBag from /opt/airflow/dags/extract_data_from_ftp_to_s3.py
[2022-12-24 13:56:35,664] {processor.py:651} INFO - DAG(s) dict_keys(['extract_data_from_ftp_to_s3']) retrieved from /opt/airflow/dags/extract_data_from_ftp_to_s3.py
[2022-12-24 13:56:35,705] {logging_mixin.py:115} INFO - [2022-12-24 13:56:35,704] {dag.py:2420} INFO - Sync 1 DAGs
[2022-12-24 13:56:35,751] {logging_mixin.py:115} INFO - [2022-12-24 13:56:35,750] {dag.py:2972} INFO - Setting next_dagrun for extract_data_from_ftp_to_s3 to 2022-12-24T12:00:00+00:00, run_after=2022-12-24T13:00:00+00:00
[2022-12-24 13:56:35,777] {processor.py:161} INFO - Processing /opt/airflow/dags/extract_data_from_ftp_to_s3.py took 0.587 seconds
[2022-12-24 13:57:05,956] {processor.py:153} INFO - Started process (PID=2090) to work on /opt/airflow/dags/extract_data_from_ftp_to_s3.py
[2022-12-24 13:57:05,960] {processor.py:641} INFO - Processing file /opt/airflow/dags/extract_data_from_ftp_to_s3.py for tasks to queue
[2022-12-24 13:57:05,961] {logging_mixin.py:115} INFO - [2022-12-24 13:57:05,961] {dagbag.py:508} INFO - Filling up the DagBag from /opt/airflow/dags/extract_data_from_ftp_to_s3.py
[2022-12-24 13:57:06,469] {processor.py:651} INFO - DAG(s) dict_keys(['extract_data_from_ftp_to_s3']) retrieved from /opt/airflow/dags/extract_data_from_ftp_to_s3.py
[2022-12-24 13:57:06,508] {logging_mixin.py:115} INFO - [2022-12-24 13:57:06,508] {dag.py:2420} INFO - Sync 1 DAGs
[2022-12-24 13:57:06,561] {logging_mixin.py:115} INFO - [2022-12-24 13:57:06,561] {dag.py:2972} INFO - Setting next_dagrun for extract_data_from_ftp_to_s3 to 2022-12-24T12:00:00+00:00, run_after=2022-12-24T13:00:00+00:00
[2022-12-24 13:57:06,587] {processor.py:161} INFO - Processing /opt/airflow/dags/extract_data_from_ftp_to_s3.py took 0.640 seconds
[2022-12-24 13:57:36,937] {processor.py:153} INFO - Started process (PID=2153) to work on /opt/airflow/dags/extract_data_from_ftp_to_s3.py
[2022-12-24 13:57:36,938] {processor.py:641} INFO - Processing file /opt/airflow/dags/extract_data_from_ftp_to_s3.py for tasks to queue
[2022-12-24 13:57:36,939] {logging_mixin.py:115} INFO - [2022-12-24 13:57:36,939] {dagbag.py:508} INFO - Filling up the DagBag from /opt/airflow/dags/extract_data_from_ftp_to_s3.py
[2022-12-24 13:57:37,403] {processor.py:651} INFO - DAG(s) dict_keys(['extract_data_from_ftp_to_s3']) retrieved from /opt/airflow/dags/extract_data_from_ftp_to_s3.py
[2022-12-24 13:57:37,443] {logging_mixin.py:115} INFO - [2022-12-24 13:57:37,443] {dag.py:2420} INFO - Sync 1 DAGs
[2022-12-24 13:57:37,497] {logging_mixin.py:115} INFO - [2022-12-24 13:57:37,497] {dag.py:2972} INFO - Setting next_dagrun for extract_data_from_ftp_to_s3 to 2022-12-24T12:00:00+00:00, run_after=2022-12-24T13:00:00+00:00
[2022-12-24 13:57:37,519] {processor.py:161} INFO - Processing /opt/airflow/dags/extract_data_from_ftp_to_s3.py took 0.589 seconds
[2022-12-24 13:58:07,828] {processor.py:153} INFO - Started process (PID=2208) to work on /opt/airflow/dags/extract_data_from_ftp_to_s3.py
[2022-12-24 13:58:07,829] {processor.py:641} INFO - Processing file /opt/airflow/dags/extract_data_from_ftp_to_s3.py for tasks to queue
[2022-12-24 13:58:07,829] {logging_mixin.py:115} INFO - [2022-12-24 13:58:07,829] {dagbag.py:508} INFO - Filling up the DagBag from /opt/airflow/dags/extract_data_from_ftp_to_s3.py
[2022-12-24 13:58:08,268] {processor.py:651} INFO - DAG(s) dict_keys(['extract_data_from_ftp_to_s3']) retrieved from /opt/airflow/dags/extract_data_from_ftp_to_s3.py
[2022-12-24 13:58:08,307] {logging_mixin.py:115} INFO - [2022-12-24 13:58:08,307] {dag.py:2420} INFO - Sync 1 DAGs
[2022-12-24 13:58:08,357] {logging_mixin.py:115} INFO - [2022-12-24 13:58:08,357] {dag.py:2972} INFO - Setting next_dagrun for extract_data_from_ftp_to_s3 to 2022-12-24T12:00:00+00:00, run_after=2022-12-24T13:00:00+00:00
[2022-12-24 13:58:08,384] {processor.py:161} INFO - Processing /opt/airflow/dags/extract_data_from_ftp_to_s3.py took 0.564 seconds
[2022-12-24 13:58:39,360] {processor.py:153} INFO - Started process (PID=2272) to work on /opt/airflow/dags/extract_data_from_ftp_to_s3.py
[2022-12-24 13:58:39,364] {processor.py:641} INFO - Processing file /opt/airflow/dags/extract_data_from_ftp_to_s3.py for tasks to queue
[2022-12-24 13:58:39,365] {logging_mixin.py:115} INFO - [2022-12-24 13:58:39,365] {dagbag.py:508} INFO - Filling up the DagBag from /opt/airflow/dags/extract_data_from_ftp_to_s3.py
[2022-12-24 13:58:40,149] {processor.py:651} INFO - DAG(s) dict_keys(['extract_data_from_ftp_to_s3']) retrieved from /opt/airflow/dags/extract_data_from_ftp_to_s3.py
[2022-12-24 13:58:40,216] {logging_mixin.py:115} INFO - [2022-12-24 13:58:40,216] {dag.py:2420} INFO - Sync 1 DAGs
[2022-12-24 13:58:40,286] {logging_mixin.py:115} INFO - [2022-12-24 13:58:40,285] {dag.py:2972} INFO - Setting next_dagrun for extract_data_from_ftp_to_s3 to 2022-12-24T12:00:00+00:00, run_after=2022-12-24T13:00:00+00:00
[2022-12-24 13:58:40,320] {processor.py:161} INFO - Processing /opt/airflow/dags/extract_data_from_ftp_to_s3.py took 0.972 seconds
[2022-12-24 13:59:10,543] {processor.py:153} INFO - Started process (PID=2327) to work on /opt/airflow/dags/extract_data_from_ftp_to_s3.py
[2022-12-24 13:59:10,544] {processor.py:641} INFO - Processing file /opt/airflow/dags/extract_data_from_ftp_to_s3.py for tasks to queue
[2022-12-24 13:59:10,544] {logging_mixin.py:115} INFO - [2022-12-24 13:59:10,544] {dagbag.py:508} INFO - Filling up the DagBag from /opt/airflow/dags/extract_data_from_ftp_to_s3.py
[2022-12-24 13:59:10,988] {processor.py:651} INFO - DAG(s) dict_keys(['extract_data_from_ftp_to_s3']) retrieved from /opt/airflow/dags/extract_data_from_ftp_to_s3.py
[2022-12-24 13:59:11,034] {logging_mixin.py:115} INFO - [2022-12-24 13:59:11,033] {dag.py:2420} INFO - Sync 1 DAGs
[2022-12-24 13:59:11,104] {logging_mixin.py:115} INFO - [2022-12-24 13:59:11,103] {dag.py:2972} INFO - Setting next_dagrun for extract_data_from_ftp_to_s3 to 2022-12-24T12:00:00+00:00, run_after=2022-12-24T13:00:00+00:00
[2022-12-24 13:59:11,139] {processor.py:161} INFO - Processing /opt/airflow/dags/extract_data_from_ftp_to_s3.py took 0.601 seconds
[2022-12-24 13:59:41,215] {processor.py:153} INFO - Started process (PID=2381) to work on /opt/airflow/dags/extract_data_from_ftp_to_s3.py
[2022-12-24 13:59:41,216] {processor.py:641} INFO - Processing file /opt/airflow/dags/extract_data_from_ftp_to_s3.py for tasks to queue
[2022-12-24 13:59:41,218] {logging_mixin.py:115} INFO - [2022-12-24 13:59:41,217] {dagbag.py:508} INFO - Filling up the DagBag from /opt/airflow/dags/extract_data_from_ftp_to_s3.py
[2022-12-24 13:59:41,698] {processor.py:651} INFO - DAG(s) dict_keys(['extract_data_from_ftp_to_s3']) retrieved from /opt/airflow/dags/extract_data_from_ftp_to_s3.py
[2022-12-24 13:59:41,738] {logging_mixin.py:115} INFO - [2022-12-24 13:59:41,738] {dag.py:2420} INFO - Sync 1 DAGs
[2022-12-24 13:59:41,788] {logging_mixin.py:115} INFO - [2022-12-24 13:59:41,788] {dag.py:2972} INFO - Setting next_dagrun for extract_data_from_ftp_to_s3 to 2022-12-24T12:00:00+00:00, run_after=2022-12-24T13:00:00+00:00
[2022-12-24 13:59:41,820] {processor.py:161} INFO - Processing /opt/airflow/dags/extract_data_from_ftp_to_s3.py took 0.611 seconds
[2022-12-24 14:00:12,416] {processor.py:153} INFO - Started process (PID=2434) to work on /opt/airflow/dags/extract_data_from_ftp_to_s3.py
[2022-12-24 14:00:12,419] {processor.py:641} INFO - Processing file /opt/airflow/dags/extract_data_from_ftp_to_s3.py for tasks to queue
[2022-12-24 14:00:12,420] {logging_mixin.py:115} INFO - [2022-12-24 14:00:12,420] {dagbag.py:508} INFO - Filling up the DagBag from /opt/airflow/dags/extract_data_from_ftp_to_s3.py
[2022-12-24 14:00:12,842] {processor.py:651} INFO - DAG(s) dict_keys(['extract_data_from_ftp_to_s3']) retrieved from /opt/airflow/dags/extract_data_from_ftp_to_s3.py
[2022-12-24 14:00:12,878] {logging_mixin.py:115} INFO - [2022-12-24 14:00:12,877] {dag.py:2420} INFO - Sync 1 DAGs
[2022-12-24 14:00:12,935] {logging_mixin.py:115} INFO - [2022-12-24 14:00:12,935] {dag.py:2972} INFO - Setting next_dagrun for extract_data_from_ftp_to_s3 to 2022-12-24T13:00:00+00:00, run_after=2022-12-24T14:00:00+00:00
[2022-12-24 14:00:12,958] {processor.py:161} INFO - Processing /opt/airflow/dags/extract_data_from_ftp_to_s3.py took 0.548 seconds
[2022-12-24 14:00:43,280] {processor.py:153} INFO - Started process (PID=2498) to work on /opt/airflow/dags/extract_data_from_ftp_to_s3.py
[2022-12-24 14:00:43,282] {processor.py:641} INFO - Processing file /opt/airflow/dags/extract_data_from_ftp_to_s3.py for tasks to queue
[2022-12-24 14:00:43,283] {logging_mixin.py:115} INFO - [2022-12-24 14:00:43,283] {dagbag.py:508} INFO - Filling up the DagBag from /opt/airflow/dags/extract_data_from_ftp_to_s3.py
[2022-12-24 14:00:43,812] {processor.py:651} INFO - DAG(s) dict_keys(['extract_data_from_ftp_to_s3']) retrieved from /opt/airflow/dags/extract_data_from_ftp_to_s3.py
[2022-12-24 14:00:43,855] {logging_mixin.py:115} INFO - [2022-12-24 14:00:43,855] {dag.py:2420} INFO - Sync 1 DAGs
[2022-12-24 14:00:43,916] {logging_mixin.py:115} INFO - [2022-12-24 14:00:43,915] {dag.py:2972} INFO - Setting next_dagrun for extract_data_from_ftp_to_s3 to 2022-12-24T13:00:00+00:00, run_after=2022-12-24T14:00:00+00:00
[2022-12-24 14:00:43,948] {processor.py:161} INFO - Processing /opt/airflow/dags/extract_data_from_ftp_to_s3.py took 0.677 seconds
[2022-12-24 14:01:14,064] {processor.py:153} INFO - Started process (PID=2552) to work on /opt/airflow/dags/extract_data_from_ftp_to_s3.py
[2022-12-24 14:01:14,068] {processor.py:641} INFO - Processing file /opt/airflow/dags/extract_data_from_ftp_to_s3.py for tasks to queue
[2022-12-24 14:01:14,069] {logging_mixin.py:115} INFO - [2022-12-24 14:01:14,069] {dagbag.py:508} INFO - Filling up the DagBag from /opt/airflow/dags/extract_data_from_ftp_to_s3.py
[2022-12-24 14:01:14,473] {processor.py:651} INFO - DAG(s) dict_keys(['extract_data_from_ftp_to_s3']) retrieved from /opt/airflow/dags/extract_data_from_ftp_to_s3.py
[2022-12-24 14:01:14,504] {logging_mixin.py:115} INFO - [2022-12-24 14:01:14,504] {dag.py:2420} INFO - Sync 1 DAGs
[2022-12-24 14:01:14,546] {logging_mixin.py:115} INFO - [2022-12-24 14:01:14,546] {dag.py:2972} INFO - Setting next_dagrun for extract_data_from_ftp_to_s3 to 2022-12-24T13:00:00+00:00, run_after=2022-12-24T14:00:00+00:00
[2022-12-24 14:01:14,569] {processor.py:161} INFO - Processing /opt/airflow/dags/extract_data_from_ftp_to_s3.py took 0.509 seconds
[2022-12-24 14:01:44,779] {processor.py:153} INFO - Started process (PID=2606) to work on /opt/airflow/dags/extract_data_from_ftp_to_s3.py
[2022-12-24 14:01:44,783] {processor.py:641} INFO - Processing file /opt/airflow/dags/extract_data_from_ftp_to_s3.py for tasks to queue
[2022-12-24 14:01:44,784] {logging_mixin.py:115} INFO - [2022-12-24 14:01:44,784] {dagbag.py:508} INFO - Filling up the DagBag from /opt/airflow/dags/extract_data_from_ftp_to_s3.py
[2022-12-24 14:01:45,215] {processor.py:651} INFO - DAG(s) dict_keys(['extract_data_from_ftp_to_s3']) retrieved from /opt/airflow/dags/extract_data_from_ftp_to_s3.py
[2022-12-24 14:01:45,250] {logging_mixin.py:115} INFO - [2022-12-24 14:01:45,250] {dag.py:2420} INFO - Sync 1 DAGs
[2022-12-24 14:01:45,298] {logging_mixin.py:115} INFO - [2022-12-24 14:01:45,297] {dag.py:2972} INFO - Setting next_dagrun for extract_data_from_ftp_to_s3 to 2022-12-24T13:00:00+00:00, run_after=2022-12-24T14:00:00+00:00
[2022-12-24 14:01:45,321] {processor.py:161} INFO - Processing /opt/airflow/dags/extract_data_from_ftp_to_s3.py took 0.546 seconds
