[2022-10-27 00:18:19,538] {processor.py:153} INFO - Started process (PID=115) to work on /home/airflow/.local/lib/python3.7/site-packages/airflow/example_dags/example_subdag_operator.py
[2022-10-27 00:18:19,539] {processor.py:641} INFO - Processing file /home/airflow/.local/lib/python3.7/site-packages/airflow/example_dags/example_subdag_operator.py for tasks to queue
[2022-10-27 00:18:19,540] {logging_mixin.py:115} INFO - [2022-10-27 00:18:19,540] {dagbag.py:508} INFO - Filling up the DagBag from /home/airflow/.local/lib/python3.7/site-packages/airflow/example_dags/example_subdag_operator.py
[2022-10-27 00:18:19,651] {processor.py:651} INFO - DAG(s) dict_keys(['example_subdag_operator.section-1', 'example_subdag_operator.section-2', 'example_subdag_operator']) retrieved from /home/airflow/.local/lib/python3.7/site-packages/airflow/example_dags/example_subdag_operator.py
[2022-10-27 00:18:20,031] {logging_mixin.py:115} INFO - [2022-10-27 00:18:20,030] {dag.py:2420} INFO - Sync 3 DAGs
[2022-10-27 00:18:20,066] {logging_mixin.py:115} INFO - [2022-10-27 00:18:20,066] {dag.py:2972} INFO - Setting next_dagrun for example_subdag_operator to 2022-01-01T00:00:00+00:00, run_after=2022-01-01T00:00:00+00:00
[2022-10-27 00:18:20,067] {logging_mixin.py:115} INFO - [2022-10-27 00:18:20,067] {dag.py:2972} INFO - Setting next_dagrun for example_subdag_operator.section-1 to None, run_after=None
[2022-10-27 00:18:20,067] {logging_mixin.py:115} INFO - [2022-10-27 00:18:20,067] {dag.py:2972} INFO - Setting next_dagrun for example_subdag_operator.section-2 to None, run_after=None
[2022-10-27 00:18:20,078] {logging_mixin.py:115} INFO - [2022-10-27 00:18:20,078] {dag.py:2420} INFO - Sync 2 DAGs
[2022-10-27 00:18:20,093] {logging_mixin.py:115} INFO - [2022-10-27 00:18:20,092] {dag.py:2972} INFO - Setting next_dagrun for example_subdag_operator.section-1 to None, run_after=None
[2022-10-27 00:18:20,093] {logging_mixin.py:115} INFO - [2022-10-27 00:18:20,093] {dag.py:2972} INFO - Setting next_dagrun for example_subdag_operator.section-2 to None, run_after=None
[2022-10-27 00:18:20,107] {processor.py:161} INFO - Processing /home/airflow/.local/lib/python3.7/site-packages/airflow/example_dags/example_subdag_operator.py took 0.574 seconds
[2022-10-27 00:18:50,448] {processor.py:153} INFO - Started process (PID=168) to work on /home/airflow/.local/lib/python3.7/site-packages/airflow/example_dags/example_subdag_operator.py
[2022-10-27 00:18:50,448] {processor.py:641} INFO - Processing file /home/airflow/.local/lib/python3.7/site-packages/airflow/example_dags/example_subdag_operator.py for tasks to queue
[2022-10-27 00:18:50,450] {logging_mixin.py:115} INFO - [2022-10-27 00:18:50,449] {dagbag.py:508} INFO - Filling up the DagBag from /home/airflow/.local/lib/python3.7/site-packages/airflow/example_dags/example_subdag_operator.py
[2022-10-27 00:18:50,541] {processor.py:651} INFO - DAG(s) dict_keys(['example_subdag_operator.section-1', 'example_subdag_operator.section-2', 'example_subdag_operator']) retrieved from /home/airflow/.local/lib/python3.7/site-packages/airflow/example_dags/example_subdag_operator.py
[2022-10-27 00:18:51,243] {logging_mixin.py:115} INFO - [2022-10-27 00:18:51,243] {dag.py:2420} INFO - Sync 3 DAGs
[2022-10-27 00:18:51,343] {logging_mixin.py:115} INFO - [2022-10-27 00:18:51,343] {dag.py:2972} INFO - Setting next_dagrun for example_subdag_operator to 2022-01-01T00:00:00+00:00, run_after=2022-01-01T00:00:00+00:00
[2022-10-27 00:18:51,344] {logging_mixin.py:115} INFO - [2022-10-27 00:18:51,344] {dag.py:2972} INFO - Setting next_dagrun for example_subdag_operator.section-1 to None, run_after=None
[2022-10-27 00:18:51,345] {logging_mixin.py:115} INFO - [2022-10-27 00:18:51,344] {dag.py:2972} INFO - Setting next_dagrun for example_subdag_operator.section-2 to None, run_after=None
[2022-10-27 00:18:51,373] {logging_mixin.py:115} INFO - [2022-10-27 00:18:51,373] {dag.py:2420} INFO - Sync 2 DAGs
[2022-10-27 00:18:51,404] {logging_mixin.py:115} INFO - [2022-10-27 00:18:51,403] {dag.py:2972} INFO - Setting next_dagrun for example_subdag_operator.section-1 to None, run_after=None
[2022-10-27 00:18:51,404] {logging_mixin.py:115} INFO - [2022-10-27 00:18:51,404] {dag.py:2972} INFO - Setting next_dagrun for example_subdag_operator.section-2 to None, run_after=None
[2022-10-27 00:18:51,426] {processor.py:161} INFO - Processing /home/airflow/.local/lib/python3.7/site-packages/airflow/example_dags/example_subdag_operator.py took 0.989 seconds
[2022-10-27 00:19:21,623] {processor.py:153} INFO - Started process (PID=222) to work on /home/airflow/.local/lib/python3.7/site-packages/airflow/example_dags/example_subdag_operator.py
[2022-10-27 00:19:21,624] {processor.py:641} INFO - Processing file /home/airflow/.local/lib/python3.7/site-packages/airflow/example_dags/example_subdag_operator.py for tasks to queue
[2022-10-27 00:19:21,625] {logging_mixin.py:115} INFO - [2022-10-27 00:19:21,625] {dagbag.py:508} INFO - Filling up the DagBag from /home/airflow/.local/lib/python3.7/site-packages/airflow/example_dags/example_subdag_operator.py
[2022-10-27 00:19:21,702] {processor.py:651} INFO - DAG(s) dict_keys(['example_subdag_operator.section-1', 'example_subdag_operator.section-2', 'example_subdag_operator']) retrieved from /home/airflow/.local/lib/python3.7/site-packages/airflow/example_dags/example_subdag_operator.py
[2022-10-27 00:19:22,365] {logging_mixin.py:115} INFO - [2022-10-27 00:19:22,365] {dag.py:2420} INFO - Sync 3 DAGs
[2022-10-27 00:19:22,419] {logging_mixin.py:115} INFO - [2022-10-27 00:19:22,419] {dag.py:2972} INFO - Setting next_dagrun for example_subdag_operator to 2022-01-01T00:00:00+00:00, run_after=2022-01-01T00:00:00+00:00
[2022-10-27 00:19:22,420] {logging_mixin.py:115} INFO - [2022-10-27 00:19:22,420] {dag.py:2972} INFO - Setting next_dagrun for example_subdag_operator.section-1 to None, run_after=None
[2022-10-27 00:19:22,420] {logging_mixin.py:115} INFO - [2022-10-27 00:19:22,420] {dag.py:2972} INFO - Setting next_dagrun for example_subdag_operator.section-2 to None, run_after=None
[2022-10-27 00:19:22,433] {logging_mixin.py:115} INFO - [2022-10-27 00:19:22,433] {dag.py:2420} INFO - Sync 2 DAGs
[2022-10-27 00:19:22,450] {logging_mixin.py:115} INFO - [2022-10-27 00:19:22,450] {dag.py:2972} INFO - Setting next_dagrun for example_subdag_operator.section-1 to None, run_after=None
[2022-10-27 00:19:22,451] {logging_mixin.py:115} INFO - [2022-10-27 00:19:22,451] {dag.py:2972} INFO - Setting next_dagrun for example_subdag_operator.section-2 to None, run_after=None
[2022-10-27 00:19:23,557] {processor.py:161} INFO - Processing /home/airflow/.local/lib/python3.7/site-packages/airflow/example_dags/example_subdag_operator.py took 1.941 seconds
[2022-10-27 00:19:53,761] {processor.py:153} INFO - Started process (PID=285) to work on /home/airflow/.local/lib/python3.7/site-packages/airflow/example_dags/example_subdag_operator.py
[2022-10-27 00:19:53,762] {processor.py:641} INFO - Processing file /home/airflow/.local/lib/python3.7/site-packages/airflow/example_dags/example_subdag_operator.py for tasks to queue
[2022-10-27 00:19:53,763] {logging_mixin.py:115} INFO - [2022-10-27 00:19:53,763] {dagbag.py:508} INFO - Filling up the DagBag from /home/airflow/.local/lib/python3.7/site-packages/airflow/example_dags/example_subdag_operator.py
[2022-10-27 00:19:53,831] {processor.py:651} INFO - DAG(s) dict_keys(['example_subdag_operator.section-1', 'example_subdag_operator.section-2', 'example_subdag_operator']) retrieved from /home/airflow/.local/lib/python3.7/site-packages/airflow/example_dags/example_subdag_operator.py
[2022-10-27 00:19:54,473] {logging_mixin.py:115} INFO - [2022-10-27 00:19:54,472] {dag.py:2420} INFO - Sync 3 DAGs
[2022-10-27 00:19:54,549] {logging_mixin.py:115} INFO - [2022-10-27 00:19:54,549] {dag.py:2972} INFO - Setting next_dagrun for example_subdag_operator to 2022-01-01T00:00:00+00:00, run_after=2022-01-01T00:00:00+00:00
[2022-10-27 00:19:54,550] {logging_mixin.py:115} INFO - [2022-10-27 00:19:54,550] {dag.py:2972} INFO - Setting next_dagrun for example_subdag_operator.section-1 to None, run_after=None
[2022-10-27 00:19:54,550] {logging_mixin.py:115} INFO - [2022-10-27 00:19:54,550] {dag.py:2972} INFO - Setting next_dagrun for example_subdag_operator.section-2 to None, run_after=None
[2022-10-27 00:19:54,572] {logging_mixin.py:115} INFO - [2022-10-27 00:19:54,572] {dag.py:2420} INFO - Sync 2 DAGs
[2022-10-27 00:19:54,588] {logging_mixin.py:115} INFO - [2022-10-27 00:19:54,588] {dag.py:2972} INFO - Setting next_dagrun for example_subdag_operator.section-1 to None, run_after=None
[2022-10-27 00:19:54,589] {logging_mixin.py:115} INFO - [2022-10-27 00:19:54,589] {dag.py:2972} INFO - Setting next_dagrun for example_subdag_operator.section-2 to None, run_after=None
[2022-10-27 00:19:54,605] {processor.py:161} INFO - Processing /home/airflow/.local/lib/python3.7/site-packages/airflow/example_dags/example_subdag_operator.py took 0.851 seconds
[2022-10-27 00:20:24,655] {processor.py:153} INFO - Started process (PID=340) to work on /home/airflow/.local/lib/python3.7/site-packages/airflow/example_dags/example_subdag_operator.py
[2022-10-27 00:20:24,658] {processor.py:641} INFO - Processing file /home/airflow/.local/lib/python3.7/site-packages/airflow/example_dags/example_subdag_operator.py for tasks to queue
[2022-10-27 00:20:24,660] {logging_mixin.py:115} INFO - [2022-10-27 00:20:24,659] {dagbag.py:508} INFO - Filling up the DagBag from /home/airflow/.local/lib/python3.7/site-packages/airflow/example_dags/example_subdag_operator.py
[2022-10-27 00:20:24,713] {processor.py:651} INFO - DAG(s) dict_keys(['example_subdag_operator.section-1', 'example_subdag_operator.section-2', 'example_subdag_operator']) retrieved from /home/airflow/.local/lib/python3.7/site-packages/airflow/example_dags/example_subdag_operator.py
[2022-10-27 00:20:25,115] {logging_mixin.py:115} INFO - [2022-10-27 00:20:25,115] {dag.py:2420} INFO - Sync 3 DAGs
[2022-10-27 00:20:25,153] {logging_mixin.py:115} INFO - [2022-10-27 00:20:25,153] {dag.py:2972} INFO - Setting next_dagrun for example_subdag_operator to 2022-01-01T00:00:00+00:00, run_after=2022-01-01T00:00:00+00:00
[2022-10-27 00:20:25,153] {logging_mixin.py:115} INFO - [2022-10-27 00:20:25,153] {dag.py:2972} INFO - Setting next_dagrun for example_subdag_operator.section-1 to None, run_after=None
[2022-10-27 00:20:25,154] {logging_mixin.py:115} INFO - [2022-10-27 00:20:25,153] {dag.py:2972} INFO - Setting next_dagrun for example_subdag_operator.section-2 to None, run_after=None
[2022-10-27 00:20:25,166] {logging_mixin.py:115} INFO - [2022-10-27 00:20:25,166] {dag.py:2420} INFO - Sync 2 DAGs
[2022-10-27 00:20:25,180] {logging_mixin.py:115} INFO - [2022-10-27 00:20:25,180] {dag.py:2972} INFO - Setting next_dagrun for example_subdag_operator.section-1 to None, run_after=None
[2022-10-27 00:20:25,181] {logging_mixin.py:115} INFO - [2022-10-27 00:20:25,181] {dag.py:2972} INFO - Setting next_dagrun for example_subdag_operator.section-2 to None, run_after=None
[2022-10-27 00:20:25,196] {processor.py:161} INFO - Processing /home/airflow/.local/lib/python3.7/site-packages/airflow/example_dags/example_subdag_operator.py took 0.548 seconds
[2022-10-27 00:20:55,444] {processor.py:153} INFO - Started process (PID=393) to work on /home/airflow/.local/lib/python3.7/site-packages/airflow/example_dags/example_subdag_operator.py
[2022-10-27 00:20:55,446] {processor.py:641} INFO - Processing file /home/airflow/.local/lib/python3.7/site-packages/airflow/example_dags/example_subdag_operator.py for tasks to queue
[2022-10-27 00:20:55,446] {logging_mixin.py:115} INFO - [2022-10-27 00:20:55,446] {dagbag.py:508} INFO - Filling up the DagBag from /home/airflow/.local/lib/python3.7/site-packages/airflow/example_dags/example_subdag_operator.py
[2022-10-27 00:20:55,491] {processor.py:651} INFO - DAG(s) dict_keys(['example_subdag_operator.section-1', 'example_subdag_operator.section-2', 'example_subdag_operator']) retrieved from /home/airflow/.local/lib/python3.7/site-packages/airflow/example_dags/example_subdag_operator.py
[2022-10-27 00:20:55,875] {logging_mixin.py:115} INFO - [2022-10-27 00:20:55,875] {dag.py:2420} INFO - Sync 3 DAGs
[2022-10-27 00:20:55,911] {logging_mixin.py:115} INFO - [2022-10-27 00:20:55,911] {dag.py:2972} INFO - Setting next_dagrun for example_subdag_operator to 2022-01-01T00:00:00+00:00, run_after=2022-01-01T00:00:00+00:00
[2022-10-27 00:20:55,911] {logging_mixin.py:115} INFO - [2022-10-27 00:20:55,911] {dag.py:2972} INFO - Setting next_dagrun for example_subdag_operator.section-1 to None, run_after=None
[2022-10-27 00:20:55,912] {logging_mixin.py:115} INFO - [2022-10-27 00:20:55,911] {dag.py:2972} INFO - Setting next_dagrun for example_subdag_operator.section-2 to None, run_after=None
[2022-10-27 00:20:55,923] {logging_mixin.py:115} INFO - [2022-10-27 00:20:55,923] {dag.py:2420} INFO - Sync 2 DAGs
[2022-10-27 00:20:55,936] {logging_mixin.py:115} INFO - [2022-10-27 00:20:55,936] {dag.py:2972} INFO - Setting next_dagrun for example_subdag_operator.section-1 to None, run_after=None
[2022-10-27 00:20:55,936] {logging_mixin.py:115} INFO - [2022-10-27 00:20:55,936] {dag.py:2972} INFO - Setting next_dagrun for example_subdag_operator.section-2 to None, run_after=None
[2022-10-27 00:20:55,950] {processor.py:161} INFO - Processing /home/airflow/.local/lib/python3.7/site-packages/airflow/example_dags/example_subdag_operator.py took 0.511 seconds
[2022-10-27 00:21:26,293] {processor.py:153} INFO - Started process (PID=454) to work on /home/airflow/.local/lib/python3.7/site-packages/airflow/example_dags/example_subdag_operator.py
[2022-10-27 00:21:26,294] {processor.py:641} INFO - Processing file /home/airflow/.local/lib/python3.7/site-packages/airflow/example_dags/example_subdag_operator.py for tasks to queue
[2022-10-27 00:21:26,295] {logging_mixin.py:115} INFO - [2022-10-27 00:21:26,295] {dagbag.py:508} INFO - Filling up the DagBag from /home/airflow/.local/lib/python3.7/site-packages/airflow/example_dags/example_subdag_operator.py
[2022-10-27 00:21:26,358] {processor.py:651} INFO - DAG(s) dict_keys(['example_subdag_operator.section-1', 'example_subdag_operator.section-2', 'example_subdag_operator']) retrieved from /home/airflow/.local/lib/python3.7/site-packages/airflow/example_dags/example_subdag_operator.py
[2022-10-27 00:21:26,881] {logging_mixin.py:115} INFO - [2022-10-27 00:21:26,880] {dag.py:2420} INFO - Sync 3 DAGs
[2022-10-27 00:21:26,942] {logging_mixin.py:115} INFO - [2022-10-27 00:21:26,941] {dag.py:2972} INFO - Setting next_dagrun for example_subdag_operator to 2022-01-01T00:00:00+00:00, run_after=2022-01-01T00:00:00+00:00
[2022-10-27 00:21:26,943] {logging_mixin.py:115} INFO - [2022-10-27 00:21:26,942] {dag.py:2972} INFO - Setting next_dagrun for example_subdag_operator.section-1 to None, run_after=None
[2022-10-27 00:21:26,943] {logging_mixin.py:115} INFO - [2022-10-27 00:21:26,943] {dag.py:2972} INFO - Setting next_dagrun for example_subdag_operator.section-2 to None, run_after=None
[2022-10-27 00:21:26,964] {logging_mixin.py:115} INFO - [2022-10-27 00:21:26,964] {dag.py:2420} INFO - Sync 2 DAGs
[2022-10-27 00:21:26,987] {logging_mixin.py:115} INFO - [2022-10-27 00:21:26,987] {dag.py:2972} INFO - Setting next_dagrun for example_subdag_operator.section-1 to None, run_after=None
[2022-10-27 00:21:26,988] {logging_mixin.py:115} INFO - [2022-10-27 00:21:26,988] {dag.py:2972} INFO - Setting next_dagrun for example_subdag_operator.section-2 to None, run_after=None
[2022-10-27 00:21:27,013] {processor.py:161} INFO - Processing /home/airflow/.local/lib/python3.7/site-packages/airflow/example_dags/example_subdag_operator.py took 0.726 seconds
[2022-10-27 00:21:57,762] {processor.py:153} INFO - Started process (PID=508) to work on /home/airflow/.local/lib/python3.7/site-packages/airflow/example_dags/example_subdag_operator.py
[2022-10-27 00:21:57,764] {processor.py:641} INFO - Processing file /home/airflow/.local/lib/python3.7/site-packages/airflow/example_dags/example_subdag_operator.py for tasks to queue
[2022-10-27 00:21:57,766] {logging_mixin.py:115} INFO - [2022-10-27 00:21:57,765] {dagbag.py:508} INFO - Filling up the DagBag from /home/airflow/.local/lib/python3.7/site-packages/airflow/example_dags/example_subdag_operator.py
[2022-10-27 00:21:57,820] {processor.py:651} INFO - DAG(s) dict_keys(['example_subdag_operator.section-1', 'example_subdag_operator.section-2', 'example_subdag_operator']) retrieved from /home/airflow/.local/lib/python3.7/site-packages/airflow/example_dags/example_subdag_operator.py
[2022-10-27 00:21:58,260] {logging_mixin.py:115} INFO - [2022-10-27 00:21:58,260] {dag.py:2420} INFO - Sync 3 DAGs
[2022-10-27 00:21:58,293] {logging_mixin.py:115} INFO - [2022-10-27 00:21:58,293] {dag.py:2972} INFO - Setting next_dagrun for example_subdag_operator to 2022-01-01T00:00:00+00:00, run_after=2022-01-01T00:00:00+00:00
[2022-10-27 00:21:58,294] {logging_mixin.py:115} INFO - [2022-10-27 00:21:58,294] {dag.py:2972} INFO - Setting next_dagrun for example_subdag_operator.section-1 to None, run_after=None
[2022-10-27 00:21:58,294] {logging_mixin.py:115} INFO - [2022-10-27 00:21:58,294] {dag.py:2972} INFO - Setting next_dagrun for example_subdag_operator.section-2 to None, run_after=None
[2022-10-27 00:21:58,305] {logging_mixin.py:115} INFO - [2022-10-27 00:21:58,305] {dag.py:2420} INFO - Sync 2 DAGs
[2022-10-27 00:21:58,317] {logging_mixin.py:115} INFO - [2022-10-27 00:21:58,317] {dag.py:2972} INFO - Setting next_dagrun for example_subdag_operator.section-1 to None, run_after=None
[2022-10-27 00:21:58,317] {logging_mixin.py:115} INFO - [2022-10-27 00:21:58,317] {dag.py:2972} INFO - Setting next_dagrun for example_subdag_operator.section-2 to None, run_after=None
[2022-10-27 00:21:58,333] {processor.py:161} INFO - Processing /home/airflow/.local/lib/python3.7/site-packages/airflow/example_dags/example_subdag_operator.py took 0.578 seconds
[2022-10-27 00:22:28,796] {processor.py:153} INFO - Started process (PID=564) to work on /home/airflow/.local/lib/python3.7/site-packages/airflow/example_dags/example_subdag_operator.py
[2022-10-27 00:22:28,797] {processor.py:641} INFO - Processing file /home/airflow/.local/lib/python3.7/site-packages/airflow/example_dags/example_subdag_operator.py for tasks to queue
[2022-10-27 00:22:28,799] {logging_mixin.py:115} INFO - [2022-10-27 00:22:28,799] {dagbag.py:508} INFO - Filling up the DagBag from /home/airflow/.local/lib/python3.7/site-packages/airflow/example_dags/example_subdag_operator.py
[2022-10-27 00:22:28,884] {processor.py:651} INFO - DAG(s) dict_keys(['example_subdag_operator.section-1', 'example_subdag_operator.section-2', 'example_subdag_operator']) retrieved from /home/airflow/.local/lib/python3.7/site-packages/airflow/example_dags/example_subdag_operator.py
[2022-10-27 00:22:29,417] {logging_mixin.py:115} INFO - [2022-10-27 00:22:29,417] {dag.py:2420} INFO - Sync 3 DAGs
[2022-10-27 00:22:29,463] {logging_mixin.py:115} INFO - [2022-10-27 00:22:29,463] {dag.py:2972} INFO - Setting next_dagrun for example_subdag_operator to 2022-01-01T00:00:00+00:00, run_after=2022-01-01T00:00:00+00:00
[2022-10-27 00:22:29,464] {logging_mixin.py:115} INFO - [2022-10-27 00:22:29,464] {dag.py:2972} INFO - Setting next_dagrun for example_subdag_operator.section-1 to None, run_after=None
[2022-10-27 00:22:29,464] {logging_mixin.py:115} INFO - [2022-10-27 00:22:29,464] {dag.py:2972} INFO - Setting next_dagrun for example_subdag_operator.section-2 to None, run_after=None
[2022-10-27 00:22:29,477] {logging_mixin.py:115} INFO - [2022-10-27 00:22:29,477] {dag.py:2420} INFO - Sync 2 DAGs
[2022-10-27 00:22:29,499] {logging_mixin.py:115} INFO - [2022-10-27 00:22:29,498] {dag.py:2972} INFO - Setting next_dagrun for example_subdag_operator.section-1 to None, run_after=None
[2022-10-27 00:22:29,499] {logging_mixin.py:115} INFO - [2022-10-27 00:22:29,499] {dag.py:2972} INFO - Setting next_dagrun for example_subdag_operator.section-2 to None, run_after=None
[2022-10-27 00:22:29,516] {processor.py:161} INFO - Processing /home/airflow/.local/lib/python3.7/site-packages/airflow/example_dags/example_subdag_operator.py took 0.730 seconds
[2022-10-27 00:22:59,779] {processor.py:153} INFO - Started process (PID=626) to work on /home/airflow/.local/lib/python3.7/site-packages/airflow/example_dags/example_subdag_operator.py
[2022-10-27 00:22:59,780] {processor.py:641} INFO - Processing file /home/airflow/.local/lib/python3.7/site-packages/airflow/example_dags/example_subdag_operator.py for tasks to queue
[2022-10-27 00:22:59,781] {logging_mixin.py:115} INFO - [2022-10-27 00:22:59,781] {dagbag.py:508} INFO - Filling up the DagBag from /home/airflow/.local/lib/python3.7/site-packages/airflow/example_dags/example_subdag_operator.py
[2022-10-27 00:22:59,845] {processor.py:651} INFO - DAG(s) dict_keys(['example_subdag_operator.section-1', 'example_subdag_operator.section-2', 'example_subdag_operator']) retrieved from /home/airflow/.local/lib/python3.7/site-packages/airflow/example_dags/example_subdag_operator.py
[2022-10-27 00:23:00,334] {logging_mixin.py:115} INFO - [2022-10-27 00:23:00,334] {dag.py:2420} INFO - Sync 3 DAGs
[2022-10-27 00:23:00,370] {logging_mixin.py:115} INFO - [2022-10-27 00:23:00,370] {dag.py:2972} INFO - Setting next_dagrun for example_subdag_operator to 2022-01-01T00:00:00+00:00, run_after=2022-01-01T00:00:00+00:00
[2022-10-27 00:23:00,371] {logging_mixin.py:115} INFO - [2022-10-27 00:23:00,371] {dag.py:2972} INFO - Setting next_dagrun for example_subdag_operator.section-1 to None, run_after=None
[2022-10-27 00:23:00,371] {logging_mixin.py:115} INFO - [2022-10-27 00:23:00,371] {dag.py:2972} INFO - Setting next_dagrun for example_subdag_operator.section-2 to None, run_after=None
[2022-10-27 00:23:00,382] {logging_mixin.py:115} INFO - [2022-10-27 00:23:00,382] {dag.py:2420} INFO - Sync 2 DAGs
[2022-10-27 00:23:00,396] {logging_mixin.py:115} INFO - [2022-10-27 00:23:00,395] {dag.py:2972} INFO - Setting next_dagrun for example_subdag_operator.section-1 to None, run_after=None
[2022-10-27 00:23:00,396] {logging_mixin.py:115} INFO - [2022-10-27 00:23:00,396] {dag.py:2972} INFO - Setting next_dagrun for example_subdag_operator.section-2 to None, run_after=None
[2022-10-27 00:23:00,409] {processor.py:161} INFO - Processing /home/airflow/.local/lib/python3.7/site-packages/airflow/example_dags/example_subdag_operator.py took 0.635 seconds
[2022-10-27 00:23:30,635] {processor.py:153} INFO - Started process (PID=681) to work on /home/airflow/.local/lib/python3.7/site-packages/airflow/example_dags/example_subdag_operator.py
[2022-10-27 00:23:30,636] {processor.py:641} INFO - Processing file /home/airflow/.local/lib/python3.7/site-packages/airflow/example_dags/example_subdag_operator.py for tasks to queue
[2022-10-27 00:23:30,637] {logging_mixin.py:115} INFO - [2022-10-27 00:23:30,636] {dagbag.py:508} INFO - Filling up the DagBag from /home/airflow/.local/lib/python3.7/site-packages/airflow/example_dags/example_subdag_operator.py
[2022-10-27 00:23:30,703] {processor.py:651} INFO - DAG(s) dict_keys(['example_subdag_operator.section-1', 'example_subdag_operator.section-2', 'example_subdag_operator']) retrieved from /home/airflow/.local/lib/python3.7/site-packages/airflow/example_dags/example_subdag_operator.py
[2022-10-27 00:23:31,062] {logging_mixin.py:115} INFO - [2022-10-27 00:23:31,062] {dag.py:2420} INFO - Sync 3 DAGs
[2022-10-27 00:23:31,100] {logging_mixin.py:115} INFO - [2022-10-27 00:23:31,100] {dag.py:2972} INFO - Setting next_dagrun for example_subdag_operator to 2022-01-01T00:00:00+00:00, run_after=2022-01-01T00:00:00+00:00
[2022-10-27 00:23:31,100] {logging_mixin.py:115} INFO - [2022-10-27 00:23:31,100] {dag.py:2972} INFO - Setting next_dagrun for example_subdag_operator.section-1 to None, run_after=None
[2022-10-27 00:23:31,101] {logging_mixin.py:115} INFO - [2022-10-27 00:23:31,101] {dag.py:2972} INFO - Setting next_dagrun for example_subdag_operator.section-2 to None, run_after=None
[2022-10-27 00:23:31,116] {logging_mixin.py:115} INFO - [2022-10-27 00:23:31,116] {dag.py:2420} INFO - Sync 2 DAGs
[2022-10-27 00:23:31,131] {logging_mixin.py:115} INFO - [2022-10-27 00:23:31,130] {dag.py:2972} INFO - Setting next_dagrun for example_subdag_operator.section-1 to None, run_after=None
[2022-10-27 00:23:31,131] {logging_mixin.py:115} INFO - [2022-10-27 00:23:31,131] {dag.py:2972} INFO - Setting next_dagrun for example_subdag_operator.section-2 to None, run_after=None
[2022-10-27 00:23:31,145] {processor.py:161} INFO - Processing /home/airflow/.local/lib/python3.7/site-packages/airflow/example_dags/example_subdag_operator.py took 0.516 seconds
[2022-10-27 00:24:01,628] {processor.py:153} INFO - Started process (PID=734) to work on /home/airflow/.local/lib/python3.7/site-packages/airflow/example_dags/example_subdag_operator.py
[2022-10-27 00:24:01,630] {processor.py:641} INFO - Processing file /home/airflow/.local/lib/python3.7/site-packages/airflow/example_dags/example_subdag_operator.py for tasks to queue
[2022-10-27 00:24:01,630] {logging_mixin.py:115} INFO - [2022-10-27 00:24:01,630] {dagbag.py:508} INFO - Filling up the DagBag from /home/airflow/.local/lib/python3.7/site-packages/airflow/example_dags/example_subdag_operator.py
[2022-10-27 00:24:01,685] {processor.py:651} INFO - DAG(s) dict_keys(['example_subdag_operator.section-1', 'example_subdag_operator.section-2', 'example_subdag_operator']) retrieved from /home/airflow/.local/lib/python3.7/site-packages/airflow/example_dags/example_subdag_operator.py
[2022-10-27 00:24:02,147] {logging_mixin.py:115} INFO - [2022-10-27 00:24:02,146] {dag.py:2420} INFO - Sync 3 DAGs
[2022-10-27 00:24:02,182] {logging_mixin.py:115} INFO - [2022-10-27 00:24:02,182] {dag.py:2972} INFO - Setting next_dagrun for example_subdag_operator to 2022-01-01T00:00:00+00:00, run_after=2022-01-01T00:00:00+00:00
[2022-10-27 00:24:02,182] {logging_mixin.py:115} INFO - [2022-10-27 00:24:02,182] {dag.py:2972} INFO - Setting next_dagrun for example_subdag_operator.section-1 to None, run_after=None
[2022-10-27 00:24:02,183] {logging_mixin.py:115} INFO - [2022-10-27 00:24:02,182] {dag.py:2972} INFO - Setting next_dagrun for example_subdag_operator.section-2 to None, run_after=None
[2022-10-27 00:24:02,196] {logging_mixin.py:115} INFO - [2022-10-27 00:24:02,196] {dag.py:2420} INFO - Sync 2 DAGs
[2022-10-27 00:24:02,207] {logging_mixin.py:115} INFO - [2022-10-27 00:24:02,207] {dag.py:2972} INFO - Setting next_dagrun for example_subdag_operator.section-1 to None, run_after=None
[2022-10-27 00:24:02,207] {logging_mixin.py:115} INFO - [2022-10-27 00:24:02,207] {dag.py:2972} INFO - Setting next_dagrun for example_subdag_operator.section-2 to None, run_after=None
[2022-10-27 00:24:02,226] {processor.py:161} INFO - Processing /home/airflow/.local/lib/python3.7/site-packages/airflow/example_dags/example_subdag_operator.py took 0.604 seconds
[2022-10-27 00:24:32,425] {processor.py:153} INFO - Started process (PID=797) to work on /home/airflow/.local/lib/python3.7/site-packages/airflow/example_dags/example_subdag_operator.py
[2022-10-27 00:24:32,426] {processor.py:641} INFO - Processing file /home/airflow/.local/lib/python3.7/site-packages/airflow/example_dags/example_subdag_operator.py for tasks to queue
[2022-10-27 00:24:32,427] {logging_mixin.py:115} INFO - [2022-10-27 00:24:32,427] {dagbag.py:508} INFO - Filling up the DagBag from /home/airflow/.local/lib/python3.7/site-packages/airflow/example_dags/example_subdag_operator.py
[2022-10-27 00:24:32,478] {processor.py:651} INFO - DAG(s) dict_keys(['example_subdag_operator.section-1', 'example_subdag_operator.section-2', 'example_subdag_operator']) retrieved from /home/airflow/.local/lib/python3.7/site-packages/airflow/example_dags/example_subdag_operator.py
[2022-10-27 00:24:32,925] {logging_mixin.py:115} INFO - [2022-10-27 00:24:32,925] {dag.py:2420} INFO - Sync 3 DAGs
[2022-10-27 00:24:32,970] {logging_mixin.py:115} INFO - [2022-10-27 00:24:32,970] {dag.py:2972} INFO - Setting next_dagrun for example_subdag_operator to 2022-01-01T00:00:00+00:00, run_after=2022-01-01T00:00:00+00:00
[2022-10-27 00:24:32,971] {logging_mixin.py:115} INFO - [2022-10-27 00:24:32,971] {dag.py:2972} INFO - Setting next_dagrun for example_subdag_operator.section-1 to None, run_after=None
[2022-10-27 00:24:32,971] {logging_mixin.py:115} INFO - [2022-10-27 00:24:32,971] {dag.py:2972} INFO - Setting next_dagrun for example_subdag_operator.section-2 to None, run_after=None
[2022-10-27 00:24:32,987] {logging_mixin.py:115} INFO - [2022-10-27 00:24:32,987] {dag.py:2420} INFO - Sync 2 DAGs
[2022-10-27 00:24:32,999] {logging_mixin.py:115} INFO - [2022-10-27 00:24:32,999] {dag.py:2972} INFO - Setting next_dagrun for example_subdag_operator.section-1 to None, run_after=None
[2022-10-27 00:24:32,999] {logging_mixin.py:115} INFO - [2022-10-27 00:24:32,999] {dag.py:2972} INFO - Setting next_dagrun for example_subdag_operator.section-2 to None, run_after=None
[2022-10-27 00:24:33,014] {processor.py:161} INFO - Processing /home/airflow/.local/lib/python3.7/site-packages/airflow/example_dags/example_subdag_operator.py took 0.594 seconds
[2022-10-27 00:25:03,564] {processor.py:153} INFO - Started process (PID=853) to work on /home/airflow/.local/lib/python3.7/site-packages/airflow/example_dags/example_subdag_operator.py
[2022-10-27 00:25:03,565] {processor.py:641} INFO - Processing file /home/airflow/.local/lib/python3.7/site-packages/airflow/example_dags/example_subdag_operator.py for tasks to queue
[2022-10-27 00:25:03,566] {logging_mixin.py:115} INFO - [2022-10-27 00:25:03,566] {dagbag.py:508} INFO - Filling up the DagBag from /home/airflow/.local/lib/python3.7/site-packages/airflow/example_dags/example_subdag_operator.py
[2022-10-27 00:25:03,604] {processor.py:651} INFO - DAG(s) dict_keys(['example_subdag_operator.section-1', 'example_subdag_operator.section-2', 'example_subdag_operator']) retrieved from /home/airflow/.local/lib/python3.7/site-packages/airflow/example_dags/example_subdag_operator.py
[2022-10-27 00:25:04,095] {logging_mixin.py:115} INFO - [2022-10-27 00:25:04,095] {dag.py:2420} INFO - Sync 3 DAGs
[2022-10-27 00:25:04,139] {logging_mixin.py:115} INFO - [2022-10-27 00:25:04,139] {dag.py:2972} INFO - Setting next_dagrun for example_subdag_operator to 2022-01-01T00:00:00+00:00, run_after=2022-01-01T00:00:00+00:00
[2022-10-27 00:25:04,140] {logging_mixin.py:115} INFO - [2022-10-27 00:25:04,139] {dag.py:2972} INFO - Setting next_dagrun for example_subdag_operator.section-1 to None, run_after=None
[2022-10-27 00:25:04,140] {logging_mixin.py:115} INFO - [2022-10-27 00:25:04,140] {dag.py:2972} INFO - Setting next_dagrun for example_subdag_operator.section-2 to None, run_after=None
[2022-10-27 00:25:04,155] {logging_mixin.py:115} INFO - [2022-10-27 00:25:04,155] {dag.py:2420} INFO - Sync 2 DAGs
[2022-10-27 00:25:04,167] {logging_mixin.py:115} INFO - [2022-10-27 00:25:04,167] {dag.py:2972} INFO - Setting next_dagrun for example_subdag_operator.section-1 to None, run_after=None
[2022-10-27 00:25:04,168] {logging_mixin.py:115} INFO - [2022-10-27 00:25:04,168] {dag.py:2972} INFO - Setting next_dagrun for example_subdag_operator.section-2 to None, run_after=None
[2022-10-27 00:25:04,184] {processor.py:161} INFO - Processing /home/airflow/.local/lib/python3.7/site-packages/airflow/example_dags/example_subdag_operator.py took 0.624 seconds
[2022-10-27 00:25:34,325] {processor.py:153} INFO - Started process (PID=905) to work on /home/airflow/.local/lib/python3.7/site-packages/airflow/example_dags/example_subdag_operator.py
[2022-10-27 00:25:34,327] {processor.py:641} INFO - Processing file /home/airflow/.local/lib/python3.7/site-packages/airflow/example_dags/example_subdag_operator.py for tasks to queue
[2022-10-27 00:25:34,328] {logging_mixin.py:115} INFO - [2022-10-27 00:25:34,328] {dagbag.py:508} INFO - Filling up the DagBag from /home/airflow/.local/lib/python3.7/site-packages/airflow/example_dags/example_subdag_operator.py
[2022-10-27 00:25:34,381] {processor.py:651} INFO - DAG(s) dict_keys(['example_subdag_operator.section-1', 'example_subdag_operator.section-2', 'example_subdag_operator']) retrieved from /home/airflow/.local/lib/python3.7/site-packages/airflow/example_dags/example_subdag_operator.py
[2022-10-27 00:25:34,884] {logging_mixin.py:115} INFO - [2022-10-27 00:25:34,884] {dag.py:2420} INFO - Sync 3 DAGs
[2022-10-27 00:25:34,924] {logging_mixin.py:115} INFO - [2022-10-27 00:25:34,924] {dag.py:2972} INFO - Setting next_dagrun for example_subdag_operator to 2022-01-01T00:00:00+00:00, run_after=2022-01-01T00:00:00+00:00
[2022-10-27 00:25:34,924] {logging_mixin.py:115} INFO - [2022-10-27 00:25:34,924] {dag.py:2972} INFO - Setting next_dagrun for example_subdag_operator.section-1 to None, run_after=None
[2022-10-27 00:25:34,925] {logging_mixin.py:115} INFO - [2022-10-27 00:25:34,925] {dag.py:2972} INFO - Setting next_dagrun for example_subdag_operator.section-2 to None, run_after=None
[2022-10-27 00:25:34,942] {logging_mixin.py:115} INFO - [2022-10-27 00:25:34,942] {dag.py:2420} INFO - Sync 2 DAGs
[2022-10-27 00:25:34,956] {logging_mixin.py:115} INFO - [2022-10-27 00:25:34,956] {dag.py:2972} INFO - Setting next_dagrun for example_subdag_operator.section-1 to None, run_after=None
[2022-10-27 00:25:34,956] {logging_mixin.py:115} INFO - [2022-10-27 00:25:34,956] {dag.py:2972} INFO - Setting next_dagrun for example_subdag_operator.section-2 to None, run_after=None
[2022-10-27 00:25:34,974] {processor.py:161} INFO - Processing /home/airflow/.local/lib/python3.7/site-packages/airflow/example_dags/example_subdag_operator.py took 0.654 seconds
[2022-10-27 00:26:05,192] {processor.py:153} INFO - Started process (PID=959) to work on /home/airflow/.local/lib/python3.7/site-packages/airflow/example_dags/example_subdag_operator.py
[2022-10-27 00:26:05,193] {processor.py:641} INFO - Processing file /home/airflow/.local/lib/python3.7/site-packages/airflow/example_dags/example_subdag_operator.py for tasks to queue
[2022-10-27 00:26:05,193] {logging_mixin.py:115} INFO - [2022-10-27 00:26:05,193] {dagbag.py:508} INFO - Filling up the DagBag from /home/airflow/.local/lib/python3.7/site-packages/airflow/example_dags/example_subdag_operator.py
[2022-10-27 00:26:05,224] {processor.py:651} INFO - DAG(s) dict_keys(['example_subdag_operator.section-1', 'example_subdag_operator.section-2', 'example_subdag_operator']) retrieved from /home/airflow/.local/lib/python3.7/site-packages/airflow/example_dags/example_subdag_operator.py
[2022-10-27 00:26:05,554] {logging_mixin.py:115} INFO - [2022-10-27 00:26:05,554] {dag.py:2420} INFO - Sync 3 DAGs
[2022-10-27 00:26:05,622] {logging_mixin.py:115} INFO - [2022-10-27 00:26:05,621] {dag.py:2972} INFO - Setting next_dagrun for example_subdag_operator to 2022-01-01T00:00:00+00:00, run_after=2022-01-01T00:00:00+00:00
[2022-10-27 00:26:05,622] {logging_mixin.py:115} INFO - [2022-10-27 00:26:05,622] {dag.py:2972} INFO - Setting next_dagrun for example_subdag_operator.section-1 to None, run_after=None
[2022-10-27 00:26:05,623] {logging_mixin.py:115} INFO - [2022-10-27 00:26:05,623] {dag.py:2972} INFO - Setting next_dagrun for example_subdag_operator.section-2 to None, run_after=None
[2022-10-27 00:26:05,642] {logging_mixin.py:115} INFO - [2022-10-27 00:26:05,641] {dag.py:2420} INFO - Sync 2 DAGs
[2022-10-27 00:26:05,654] {logging_mixin.py:115} INFO - [2022-10-27 00:26:05,654] {dag.py:2972} INFO - Setting next_dagrun for example_subdag_operator.section-1 to None, run_after=None
[2022-10-27 00:26:05,655] {logging_mixin.py:115} INFO - [2022-10-27 00:26:05,655] {dag.py:2972} INFO - Setting next_dagrun for example_subdag_operator.section-2 to None, run_after=None
[2022-10-27 00:26:05,677] {processor.py:161} INFO - Processing /home/airflow/.local/lib/python3.7/site-packages/airflow/example_dags/example_subdag_operator.py took 0.488 seconds
[2022-10-27 00:26:35,995] {processor.py:153} INFO - Started process (PID=1022) to work on /home/airflow/.local/lib/python3.7/site-packages/airflow/example_dags/example_subdag_operator.py
[2022-10-27 00:26:35,996] {processor.py:641} INFO - Processing file /home/airflow/.local/lib/python3.7/site-packages/airflow/example_dags/example_subdag_operator.py for tasks to queue
[2022-10-27 00:26:35,997] {logging_mixin.py:115} INFO - [2022-10-27 00:26:35,997] {dagbag.py:508} INFO - Filling up the DagBag from /home/airflow/.local/lib/python3.7/site-packages/airflow/example_dags/example_subdag_operator.py
[2022-10-27 00:26:36,056] {processor.py:651} INFO - DAG(s) dict_keys(['example_subdag_operator.section-1', 'example_subdag_operator.section-2', 'example_subdag_operator']) retrieved from /home/airflow/.local/lib/python3.7/site-packages/airflow/example_dags/example_subdag_operator.py
[2022-10-27 00:26:36,418] {logging_mixin.py:115} INFO - [2022-10-27 00:26:36,418] {dag.py:2420} INFO - Sync 3 DAGs
[2022-10-27 00:26:36,458] {logging_mixin.py:115} INFO - [2022-10-27 00:26:36,458] {dag.py:2972} INFO - Setting next_dagrun for example_subdag_operator to 2022-01-01T00:00:00+00:00, run_after=2022-01-01T00:00:00+00:00
[2022-10-27 00:26:36,459] {logging_mixin.py:115} INFO - [2022-10-27 00:26:36,458] {dag.py:2972} INFO - Setting next_dagrun for example_subdag_operator.section-1 to None, run_after=None
[2022-10-27 00:26:36,459] {logging_mixin.py:115} INFO - [2022-10-27 00:26:36,459] {dag.py:2972} INFO - Setting next_dagrun for example_subdag_operator.section-2 to None, run_after=None
[2022-10-27 00:26:36,473] {logging_mixin.py:115} INFO - [2022-10-27 00:26:36,473] {dag.py:2420} INFO - Sync 2 DAGs
[2022-10-27 00:26:36,485] {logging_mixin.py:115} INFO - [2022-10-27 00:26:36,485] {dag.py:2972} INFO - Setting next_dagrun for example_subdag_operator.section-1 to None, run_after=None
[2022-10-27 00:26:36,486] {logging_mixin.py:115} INFO - [2022-10-27 00:26:36,486] {dag.py:2972} INFO - Setting next_dagrun for example_subdag_operator.section-2 to None, run_after=None
[2022-10-27 00:26:36,497] {processor.py:161} INFO - Processing /home/airflow/.local/lib/python3.7/site-packages/airflow/example_dags/example_subdag_operator.py took 0.506 seconds
[2022-10-27 00:27:07,602] {processor.py:153} INFO - Started process (PID=1076) to work on /home/airflow/.local/lib/python3.7/site-packages/airflow/example_dags/example_subdag_operator.py
[2022-10-27 00:27:07,603] {processor.py:641} INFO - Processing file /home/airflow/.local/lib/python3.7/site-packages/airflow/example_dags/example_subdag_operator.py for tasks to queue
[2022-10-27 00:27:07,604] {logging_mixin.py:115} INFO - [2022-10-27 00:27:07,604] {dagbag.py:508} INFO - Filling up the DagBag from /home/airflow/.local/lib/python3.7/site-packages/airflow/example_dags/example_subdag_operator.py
[2022-10-27 00:27:07,652] {processor.py:651} INFO - DAG(s) dict_keys(['example_subdag_operator.section-1', 'example_subdag_operator.section-2', 'example_subdag_operator']) retrieved from /home/airflow/.local/lib/python3.7/site-packages/airflow/example_dags/example_subdag_operator.py
[2022-10-27 00:27:08,106] {logging_mixin.py:115} INFO - [2022-10-27 00:27:08,106] {dag.py:2420} INFO - Sync 3 DAGs
[2022-10-27 00:27:08,152] {logging_mixin.py:115} INFO - [2022-10-27 00:27:08,151] {dag.py:2972} INFO - Setting next_dagrun for example_subdag_operator to 2022-01-01T00:00:00+00:00, run_after=2022-01-01T00:00:00+00:00
[2022-10-27 00:27:08,152] {logging_mixin.py:115} INFO - [2022-10-27 00:27:08,152] {dag.py:2972} INFO - Setting next_dagrun for example_subdag_operator.section-1 to None, run_after=None
[2022-10-27 00:27:08,152] {logging_mixin.py:115} INFO - [2022-10-27 00:27:08,152] {dag.py:2972} INFO - Setting next_dagrun for example_subdag_operator.section-2 to None, run_after=None
[2022-10-27 00:27:08,169] {logging_mixin.py:115} INFO - [2022-10-27 00:27:08,169] {dag.py:2420} INFO - Sync 2 DAGs
[2022-10-27 00:27:08,182] {logging_mixin.py:115} INFO - [2022-10-27 00:27:08,182] {dag.py:2972} INFO - Setting next_dagrun for example_subdag_operator.section-1 to None, run_after=None
[2022-10-27 00:27:08,182] {logging_mixin.py:115} INFO - [2022-10-27 00:27:08,182] {dag.py:2972} INFO - Setting next_dagrun for example_subdag_operator.section-2 to None, run_after=None
[2022-10-27 00:27:08,199] {processor.py:161} INFO - Processing /home/airflow/.local/lib/python3.7/site-packages/airflow/example_dags/example_subdag_operator.py took 0.602 seconds
[2022-10-27 00:27:38,995] {processor.py:153} INFO - Started process (PID=1130) to work on /home/airflow/.local/lib/python3.7/site-packages/airflow/example_dags/example_subdag_operator.py
[2022-10-27 00:27:38,996] {processor.py:641} INFO - Processing file /home/airflow/.local/lib/python3.7/site-packages/airflow/example_dags/example_subdag_operator.py for tasks to queue
[2022-10-27 00:27:38,997] {logging_mixin.py:115} INFO - [2022-10-27 00:27:38,997] {dagbag.py:508} INFO - Filling up the DagBag from /home/airflow/.local/lib/python3.7/site-packages/airflow/example_dags/example_subdag_operator.py
[2022-10-27 00:27:39,046] {processor.py:651} INFO - DAG(s) dict_keys(['example_subdag_operator.section-1', 'example_subdag_operator.section-2', 'example_subdag_operator']) retrieved from /home/airflow/.local/lib/python3.7/site-packages/airflow/example_dags/example_subdag_operator.py
[2022-10-27 00:27:39,541] {logging_mixin.py:115} INFO - [2022-10-27 00:27:39,541] {dag.py:2420} INFO - Sync 3 DAGs
[2022-10-27 00:27:39,590] {logging_mixin.py:115} INFO - [2022-10-27 00:27:39,590] {dag.py:2972} INFO - Setting next_dagrun for example_subdag_operator to 2022-01-01T00:00:00+00:00, run_after=2022-01-01T00:00:00+00:00
[2022-10-27 00:27:39,590] {logging_mixin.py:115} INFO - [2022-10-27 00:27:39,590] {dag.py:2972} INFO - Setting next_dagrun for example_subdag_operator.section-1 to None, run_after=None
[2022-10-27 00:27:39,591] {logging_mixin.py:115} INFO - [2022-10-27 00:27:39,591] {dag.py:2972} INFO - Setting next_dagrun for example_subdag_operator.section-2 to None, run_after=None
[2022-10-27 00:27:39,613] {logging_mixin.py:115} INFO - [2022-10-27 00:27:39,613] {dag.py:2420} INFO - Sync 2 DAGs
[2022-10-27 00:27:39,628] {logging_mixin.py:115} INFO - [2022-10-27 00:27:39,628] {dag.py:2972} INFO - Setting next_dagrun for example_subdag_operator.section-1 to None, run_after=None
[2022-10-27 00:27:39,629] {logging_mixin.py:115} INFO - [2022-10-27 00:27:39,628] {dag.py:2972} INFO - Setting next_dagrun for example_subdag_operator.section-2 to None, run_after=None
[2022-10-27 00:27:39,648] {processor.py:161} INFO - Processing /home/airflow/.local/lib/python3.7/site-packages/airflow/example_dags/example_subdag_operator.py took 0.658 seconds
[2022-10-27 00:28:10,232] {processor.py:153} INFO - Started process (PID=1194) to work on /home/airflow/.local/lib/python3.7/site-packages/airflow/example_dags/example_subdag_operator.py
[2022-10-27 00:28:10,233] {processor.py:641} INFO - Processing file /home/airflow/.local/lib/python3.7/site-packages/airflow/example_dags/example_subdag_operator.py for tasks to queue
[2022-10-27 00:28:10,234] {logging_mixin.py:115} INFO - [2022-10-27 00:28:10,234] {dagbag.py:508} INFO - Filling up the DagBag from /home/airflow/.local/lib/python3.7/site-packages/airflow/example_dags/example_subdag_operator.py
[2022-10-27 00:28:10,296] {processor.py:651} INFO - DAG(s) dict_keys(['example_subdag_operator.section-1', 'example_subdag_operator.section-2', 'example_subdag_operator']) retrieved from /home/airflow/.local/lib/python3.7/site-packages/airflow/example_dags/example_subdag_operator.py
[2022-10-27 00:28:10,813] {logging_mixin.py:115} INFO - [2022-10-27 00:28:10,813] {dag.py:2420} INFO - Sync 3 DAGs
[2022-10-27 00:28:10,880] {logging_mixin.py:115} INFO - [2022-10-27 00:28:10,880] {dag.py:2972} INFO - Setting next_dagrun for example_subdag_operator to 2022-01-01T00:00:00+00:00, run_after=2022-01-01T00:00:00+00:00
[2022-10-27 00:28:10,881] {logging_mixin.py:115} INFO - [2022-10-27 00:28:10,880] {dag.py:2972} INFO - Setting next_dagrun for example_subdag_operator.section-1 to None, run_after=None
[2022-10-27 00:28:10,881] {logging_mixin.py:115} INFO - [2022-10-27 00:28:10,881] {dag.py:2972} INFO - Setting next_dagrun for example_subdag_operator.section-2 to None, run_after=None
[2022-10-27 00:28:10,900] {logging_mixin.py:115} INFO - [2022-10-27 00:28:10,900] {dag.py:2420} INFO - Sync 2 DAGs
[2022-10-27 00:28:10,914] {logging_mixin.py:115} INFO - [2022-10-27 00:28:10,914] {dag.py:2972} INFO - Setting next_dagrun for example_subdag_operator.section-1 to None, run_after=None
[2022-10-27 00:28:10,915] {logging_mixin.py:115} INFO - [2022-10-27 00:28:10,915] {dag.py:2972} INFO - Setting next_dagrun for example_subdag_operator.section-2 to None, run_after=None
[2022-10-27 00:28:10,933] {processor.py:161} INFO - Processing /home/airflow/.local/lib/python3.7/site-packages/airflow/example_dags/example_subdag_operator.py took 0.709 seconds
[2022-10-27 00:28:41,054] {processor.py:153} INFO - Started process (PID=1248) to work on /home/airflow/.local/lib/python3.7/site-packages/airflow/example_dags/example_subdag_operator.py
[2022-10-27 00:28:41,054] {processor.py:641} INFO - Processing file /home/airflow/.local/lib/python3.7/site-packages/airflow/example_dags/example_subdag_operator.py for tasks to queue
[2022-10-27 00:28:41,055] {logging_mixin.py:115} INFO - [2022-10-27 00:28:41,055] {dagbag.py:508} INFO - Filling up the DagBag from /home/airflow/.local/lib/python3.7/site-packages/airflow/example_dags/example_subdag_operator.py
[2022-10-27 00:28:41,129] {processor.py:651} INFO - DAG(s) dict_keys(['example_subdag_operator.section-1', 'example_subdag_operator.section-2', 'example_subdag_operator']) retrieved from /home/airflow/.local/lib/python3.7/site-packages/airflow/example_dags/example_subdag_operator.py
[2022-10-27 00:28:41,667] {logging_mixin.py:115} INFO - [2022-10-27 00:28:41,666] {dag.py:2420} INFO - Sync 3 DAGs
[2022-10-27 00:28:41,743] {logging_mixin.py:115} INFO - [2022-10-27 00:28:41,743] {dag.py:2972} INFO - Setting next_dagrun for example_subdag_operator to 2022-01-01T00:00:00+00:00, run_after=2022-01-01T00:00:00+00:00
[2022-10-27 00:28:41,744] {logging_mixin.py:115} INFO - [2022-10-27 00:28:41,744] {dag.py:2972} INFO - Setting next_dagrun for example_subdag_operator.section-1 to None, run_after=None
[2022-10-27 00:28:41,745] {logging_mixin.py:115} INFO - [2022-10-27 00:28:41,745] {dag.py:2972} INFO - Setting next_dagrun for example_subdag_operator.section-2 to None, run_after=None
[2022-10-27 00:28:41,772] {logging_mixin.py:115} INFO - [2022-10-27 00:28:41,772] {dag.py:2420} INFO - Sync 2 DAGs
[2022-10-27 00:28:41,798] {logging_mixin.py:115} INFO - [2022-10-27 00:28:41,798] {dag.py:2972} INFO - Setting next_dagrun for example_subdag_operator.section-1 to None, run_after=None
[2022-10-27 00:28:41,799] {logging_mixin.py:115} INFO - [2022-10-27 00:28:41,799] {dag.py:2972} INFO - Setting next_dagrun for example_subdag_operator.section-2 to None, run_after=None
[2022-10-27 00:28:41,831] {processor.py:161} INFO - Processing /home/airflow/.local/lib/python3.7/site-packages/airflow/example_dags/example_subdag_operator.py took 0.785 seconds
[2022-10-27 00:29:12,141] {processor.py:153} INFO - Started process (PID=1303) to work on /home/airflow/.local/lib/python3.7/site-packages/airflow/example_dags/example_subdag_operator.py
[2022-10-27 00:29:12,142] {processor.py:641} INFO - Processing file /home/airflow/.local/lib/python3.7/site-packages/airflow/example_dags/example_subdag_operator.py for tasks to queue
[2022-10-27 00:29:12,143] {logging_mixin.py:115} INFO - [2022-10-27 00:29:12,143] {dagbag.py:508} INFO - Filling up the DagBag from /home/airflow/.local/lib/python3.7/site-packages/airflow/example_dags/example_subdag_operator.py
[2022-10-27 00:29:12,226] {processor.py:651} INFO - DAG(s) dict_keys(['example_subdag_operator.section-1', 'example_subdag_operator.section-2', 'example_subdag_operator']) retrieved from /home/airflow/.local/lib/python3.7/site-packages/airflow/example_dags/example_subdag_operator.py
[2022-10-27 00:29:12,710] {logging_mixin.py:115} INFO - [2022-10-27 00:29:12,709] {dag.py:2420} INFO - Sync 3 DAGs
[2022-10-27 00:29:12,767] {logging_mixin.py:115} INFO - [2022-10-27 00:29:12,767] {dag.py:2972} INFO - Setting next_dagrun for example_subdag_operator to 2022-01-01T00:00:00+00:00, run_after=2022-01-01T00:00:00+00:00
[2022-10-27 00:29:12,768] {logging_mixin.py:115} INFO - [2022-10-27 00:29:12,767] {dag.py:2972} INFO - Setting next_dagrun for example_subdag_operator.section-1 to None, run_after=None
[2022-10-27 00:29:12,768] {logging_mixin.py:115} INFO - [2022-10-27 00:29:12,768] {dag.py:2972} INFO - Setting next_dagrun for example_subdag_operator.section-2 to None, run_after=None
[2022-10-27 00:29:12,784] {logging_mixin.py:115} INFO - [2022-10-27 00:29:12,784] {dag.py:2420} INFO - Sync 2 DAGs
[2022-10-27 00:29:12,802] {logging_mixin.py:115} INFO - [2022-10-27 00:29:12,802] {dag.py:2972} INFO - Setting next_dagrun for example_subdag_operator.section-1 to None, run_after=None
[2022-10-27 00:29:12,803] {logging_mixin.py:115} INFO - [2022-10-27 00:29:12,803] {dag.py:2972} INFO - Setting next_dagrun for example_subdag_operator.section-2 to None, run_after=None
[2022-10-27 00:29:12,829] {processor.py:161} INFO - Processing /home/airflow/.local/lib/python3.7/site-packages/airflow/example_dags/example_subdag_operator.py took 0.694 seconds
[2022-10-27 00:29:43,102] {processor.py:153} INFO - Started process (PID=1366) to work on /home/airflow/.local/lib/python3.7/site-packages/airflow/example_dags/example_subdag_operator.py
[2022-10-27 00:29:43,107] {processor.py:641} INFO - Processing file /home/airflow/.local/lib/python3.7/site-packages/airflow/example_dags/example_subdag_operator.py for tasks to queue
[2022-10-27 00:29:43,108] {logging_mixin.py:115} INFO - [2022-10-27 00:29:43,108] {dagbag.py:508} INFO - Filling up the DagBag from /home/airflow/.local/lib/python3.7/site-packages/airflow/example_dags/example_subdag_operator.py
[2022-10-27 00:29:43,267] {processor.py:651} INFO - DAG(s) dict_keys(['example_subdag_operator.section-1', 'example_subdag_operator.section-2', 'example_subdag_operator']) retrieved from /home/airflow/.local/lib/python3.7/site-packages/airflow/example_dags/example_subdag_operator.py
[2022-10-27 00:29:43,963] {logging_mixin.py:115} INFO - [2022-10-27 00:29:43,962] {dag.py:2420} INFO - Sync 3 DAGs
[2022-10-27 00:29:44,013] {logging_mixin.py:115} INFO - [2022-10-27 00:29:44,013] {dag.py:2972} INFO - Setting next_dagrun for example_subdag_operator to 2022-01-01T00:00:00+00:00, run_after=2022-01-01T00:00:00+00:00
[2022-10-27 00:29:44,014] {logging_mixin.py:115} INFO - [2022-10-27 00:29:44,014] {dag.py:2972} INFO - Setting next_dagrun for example_subdag_operator.section-1 to None, run_after=None
[2022-10-27 00:29:44,014] {logging_mixin.py:115} INFO - [2022-10-27 00:29:44,014] {dag.py:2972} INFO - Setting next_dagrun for example_subdag_operator.section-2 to None, run_after=None
[2022-10-27 00:29:44,030] {logging_mixin.py:115} INFO - [2022-10-27 00:29:44,030] {dag.py:2420} INFO - Sync 2 DAGs
[2022-10-27 00:29:44,044] {logging_mixin.py:115} INFO - [2022-10-27 00:29:44,044] {dag.py:2972} INFO - Setting next_dagrun for example_subdag_operator.section-1 to None, run_after=None
[2022-10-27 00:29:44,045] {logging_mixin.py:115} INFO - [2022-10-27 00:29:44,045] {dag.py:2972} INFO - Setting next_dagrun for example_subdag_operator.section-2 to None, run_after=None
[2022-10-27 00:29:44,064] {processor.py:161} INFO - Processing /home/airflow/.local/lib/python3.7/site-packages/airflow/example_dags/example_subdag_operator.py took 0.972 seconds
[2022-10-27 00:30:14,157] {processor.py:153} INFO - Started process (PID=1420) to work on /home/airflow/.local/lib/python3.7/site-packages/airflow/example_dags/example_subdag_operator.py
[2022-10-27 00:30:14,158] {processor.py:641} INFO - Processing file /home/airflow/.local/lib/python3.7/site-packages/airflow/example_dags/example_subdag_operator.py for tasks to queue
[2022-10-27 00:30:14,159] {logging_mixin.py:115} INFO - [2022-10-27 00:30:14,159] {dagbag.py:508} INFO - Filling up the DagBag from /home/airflow/.local/lib/python3.7/site-packages/airflow/example_dags/example_subdag_operator.py
[2022-10-27 00:30:14,220] {processor.py:651} INFO - DAG(s) dict_keys(['example_subdag_operator.section-1', 'example_subdag_operator.section-2', 'example_subdag_operator']) retrieved from /home/airflow/.local/lib/python3.7/site-packages/airflow/example_dags/example_subdag_operator.py
[2022-10-27 00:30:14,696] {logging_mixin.py:115} INFO - [2022-10-27 00:30:14,696] {dag.py:2420} INFO - Sync 3 DAGs
[2022-10-27 00:30:14,739] {logging_mixin.py:115} INFO - [2022-10-27 00:30:14,738] {dag.py:2972} INFO - Setting next_dagrun for example_subdag_operator to 2022-01-01T00:00:00+00:00, run_after=2022-01-01T00:00:00+00:00
[2022-10-27 00:30:14,739] {logging_mixin.py:115} INFO - [2022-10-27 00:30:14,739] {dag.py:2972} INFO - Setting next_dagrun for example_subdag_operator.section-1 to None, run_after=None
[2022-10-27 00:30:14,739] {logging_mixin.py:115} INFO - [2022-10-27 00:30:14,739] {dag.py:2972} INFO - Setting next_dagrun for example_subdag_operator.section-2 to None, run_after=None
[2022-10-27 00:30:14,753] {logging_mixin.py:115} INFO - [2022-10-27 00:30:14,753] {dag.py:2420} INFO - Sync 2 DAGs
[2022-10-27 00:30:14,767] {logging_mixin.py:115} INFO - [2022-10-27 00:30:14,767] {dag.py:2972} INFO - Setting next_dagrun for example_subdag_operator.section-1 to None, run_after=None
[2022-10-27 00:30:14,768] {logging_mixin.py:115} INFO - [2022-10-27 00:30:14,768] {dag.py:2972} INFO - Setting next_dagrun for example_subdag_operator.section-2 to None, run_after=None
[2022-10-27 00:30:14,786] {processor.py:161} INFO - Processing /home/airflow/.local/lib/python3.7/site-packages/airflow/example_dags/example_subdag_operator.py took 0.636 seconds
[2022-10-27 00:30:45,004] {processor.py:153} INFO - Started process (PID=1475) to work on /home/airflow/.local/lib/python3.7/site-packages/airflow/example_dags/example_subdag_operator.py
[2022-10-27 00:30:45,006] {processor.py:641} INFO - Processing file /home/airflow/.local/lib/python3.7/site-packages/airflow/example_dags/example_subdag_operator.py for tasks to queue
[2022-10-27 00:30:45,008] {logging_mixin.py:115} INFO - [2022-10-27 00:30:45,008] {dagbag.py:508} INFO - Filling up the DagBag from /home/airflow/.local/lib/python3.7/site-packages/airflow/example_dags/example_subdag_operator.py
[2022-10-27 00:30:45,096] {processor.py:651} INFO - DAG(s) dict_keys(['example_subdag_operator.section-1', 'example_subdag_operator.section-2', 'example_subdag_operator']) retrieved from /home/airflow/.local/lib/python3.7/site-packages/airflow/example_dags/example_subdag_operator.py
[2022-10-27 00:30:45,679] {logging_mixin.py:115} INFO - [2022-10-27 00:30:45,679] {dag.py:2420} INFO - Sync 3 DAGs
[2022-10-27 00:30:45,730] {logging_mixin.py:115} INFO - [2022-10-27 00:30:45,729] {dag.py:2972} INFO - Setting next_dagrun for example_subdag_operator to 2022-01-01T00:00:00+00:00, run_after=2022-01-01T00:00:00+00:00
[2022-10-27 00:30:45,730] {logging_mixin.py:115} INFO - [2022-10-27 00:30:45,730] {dag.py:2972} INFO - Setting next_dagrun for example_subdag_operator.section-1 to None, run_after=None
[2022-10-27 00:30:45,731] {logging_mixin.py:115} INFO - [2022-10-27 00:30:45,730] {dag.py:2972} INFO - Setting next_dagrun for example_subdag_operator.section-2 to None, run_after=None
[2022-10-27 00:30:45,747] {logging_mixin.py:115} INFO - [2022-10-27 00:30:45,747] {dag.py:2420} INFO - Sync 2 DAGs
[2022-10-27 00:30:45,764] {logging_mixin.py:115} INFO - [2022-10-27 00:30:45,763] {dag.py:2972} INFO - Setting next_dagrun for example_subdag_operator.section-1 to None, run_after=None
[2022-10-27 00:30:45,764] {logging_mixin.py:115} INFO - [2022-10-27 00:30:45,764] {dag.py:2972} INFO - Setting next_dagrun for example_subdag_operator.section-2 to None, run_after=None
[2022-10-27 00:30:45,785] {processor.py:161} INFO - Processing /home/airflow/.local/lib/python3.7/site-packages/airflow/example_dags/example_subdag_operator.py took 0.793 seconds
[2022-10-27 00:31:16,576] {processor.py:153} INFO - Started process (PID=1539) to work on /home/airflow/.local/lib/python3.7/site-packages/airflow/example_dags/example_subdag_operator.py
[2022-10-27 00:31:16,577] {processor.py:641} INFO - Processing file /home/airflow/.local/lib/python3.7/site-packages/airflow/example_dags/example_subdag_operator.py for tasks to queue
[2022-10-27 00:31:16,578] {logging_mixin.py:115} INFO - [2022-10-27 00:31:16,578] {dagbag.py:508} INFO - Filling up the DagBag from /home/airflow/.local/lib/python3.7/site-packages/airflow/example_dags/example_subdag_operator.py
[2022-10-27 00:31:16,622] {processor.py:651} INFO - DAG(s) dict_keys(['example_subdag_operator.section-1', 'example_subdag_operator.section-2', 'example_subdag_operator']) retrieved from /home/airflow/.local/lib/python3.7/site-packages/airflow/example_dags/example_subdag_operator.py
[2022-10-27 00:31:17,112] {logging_mixin.py:115} INFO - [2022-10-27 00:31:17,112] {dag.py:2420} INFO - Sync 3 DAGs
[2022-10-27 00:31:17,173] {logging_mixin.py:115} INFO - [2022-10-27 00:31:17,172] {dag.py:2972} INFO - Setting next_dagrun for example_subdag_operator to 2022-01-01T00:00:00+00:00, run_after=2022-01-01T00:00:00+00:00
[2022-10-27 00:31:17,173] {logging_mixin.py:115} INFO - [2022-10-27 00:31:17,173] {dag.py:2972} INFO - Setting next_dagrun for example_subdag_operator.section-1 to None, run_after=None
[2022-10-27 00:31:17,174] {logging_mixin.py:115} INFO - [2022-10-27 00:31:17,174] {dag.py:2972} INFO - Setting next_dagrun for example_subdag_operator.section-2 to None, run_after=None
[2022-10-27 00:31:17,199] {logging_mixin.py:115} INFO - [2022-10-27 00:31:17,198] {dag.py:2420} INFO - Sync 2 DAGs
[2022-10-27 00:31:17,222] {logging_mixin.py:115} INFO - [2022-10-27 00:31:17,222] {dag.py:2972} INFO - Setting next_dagrun for example_subdag_operator.section-1 to None, run_after=None
[2022-10-27 00:31:17,223] {logging_mixin.py:115} INFO - [2022-10-27 00:31:17,223] {dag.py:2972} INFO - Setting next_dagrun for example_subdag_operator.section-2 to None, run_after=None
[2022-10-27 00:31:17,254] {processor.py:161} INFO - Processing /home/airflow/.local/lib/python3.7/site-packages/airflow/example_dags/example_subdag_operator.py took 0.682 seconds
[2022-10-27 00:31:47,561] {processor.py:153} INFO - Started process (PID=1593) to work on /home/airflow/.local/lib/python3.7/site-packages/airflow/example_dags/example_subdag_operator.py
[2022-10-27 00:31:47,596] {processor.py:641} INFO - Processing file /home/airflow/.local/lib/python3.7/site-packages/airflow/example_dags/example_subdag_operator.py for tasks to queue
[2022-10-27 00:31:47,597] {logging_mixin.py:115} INFO - [2022-10-27 00:31:47,597] {dagbag.py:508} INFO - Filling up the DagBag from /home/airflow/.local/lib/python3.7/site-packages/airflow/example_dags/example_subdag_operator.py
[2022-10-27 00:31:47,690] {processor.py:651} INFO - DAG(s) dict_keys(['example_subdag_operator.section-1', 'example_subdag_operator.section-2', 'example_subdag_operator']) retrieved from /home/airflow/.local/lib/python3.7/site-packages/airflow/example_dags/example_subdag_operator.py
[2022-10-27 00:31:48,248] {logging_mixin.py:115} INFO - [2022-10-27 00:31:48,248] {dag.py:2420} INFO - Sync 3 DAGs
[2022-10-27 00:31:48,330] {logging_mixin.py:115} INFO - [2022-10-27 00:31:48,330] {dag.py:2972} INFO - Setting next_dagrun for example_subdag_operator to 2022-01-01T00:00:00+00:00, run_after=2022-01-01T00:00:00+00:00
[2022-10-27 00:31:48,331] {logging_mixin.py:115} INFO - [2022-10-27 00:31:48,331] {dag.py:2972} INFO - Setting next_dagrun for example_subdag_operator.section-1 to None, run_after=None
[2022-10-27 00:31:48,332] {logging_mixin.py:115} INFO - [2022-10-27 00:31:48,332] {dag.py:2972} INFO - Setting next_dagrun for example_subdag_operator.section-2 to None, run_after=None
[2022-10-27 00:31:48,360] {logging_mixin.py:115} INFO - [2022-10-27 00:31:48,360] {dag.py:2420} INFO - Sync 2 DAGs
[2022-10-27 00:31:48,383] {logging_mixin.py:115} INFO - [2022-10-27 00:31:48,382] {dag.py:2972} INFO - Setting next_dagrun for example_subdag_operator.section-1 to None, run_after=None
[2022-10-27 00:31:48,384] {logging_mixin.py:115} INFO - [2022-10-27 00:31:48,383] {dag.py:2972} INFO - Setting next_dagrun for example_subdag_operator.section-2 to None, run_after=None
[2022-10-27 00:31:48,411] {processor.py:161} INFO - Processing /home/airflow/.local/lib/python3.7/site-packages/airflow/example_dags/example_subdag_operator.py took 0.858 seconds
[2022-10-27 00:32:18,661] {processor.py:153} INFO - Started process (PID=1647) to work on /home/airflow/.local/lib/python3.7/site-packages/airflow/example_dags/example_subdag_operator.py
[2022-10-27 00:32:18,662] {processor.py:641} INFO - Processing file /home/airflow/.local/lib/python3.7/site-packages/airflow/example_dags/example_subdag_operator.py for tasks to queue
[2022-10-27 00:32:18,663] {logging_mixin.py:115} INFO - [2022-10-27 00:32:18,663] {dagbag.py:508} INFO - Filling up the DagBag from /home/airflow/.local/lib/python3.7/site-packages/airflow/example_dags/example_subdag_operator.py
[2022-10-27 00:32:18,702] {logging_mixin.py:115} INFO - [2022-10-27 00:32:18,685] {dagbag.py:321} ERROR - Failed to import: /home/airflow/.local/lib/python3.7/site-packages/airflow/example_dags/example_subdag_operator.py
Traceback (most recent call last):
  File "/home/airflow/.local/lib/python3.7/site-packages/sqlalchemy/engine/base.py", line 3243, in _wrap_pool_connect
    return fn()
  File "/home/airflow/.local/lib/python3.7/site-packages/sqlalchemy/pool/base.py", line 310, in connect
    return _ConnectionFairy._checkout(self)
  File "/home/airflow/.local/lib/python3.7/site-packages/sqlalchemy/pool/base.py", line 868, in _checkout
    fairy = _ConnectionRecord.checkout(pool)
  File "/home/airflow/.local/lib/python3.7/site-packages/sqlalchemy/pool/base.py", line 476, in checkout
    rec = pool._do_get()
  File "/home/airflow/.local/lib/python3.7/site-packages/sqlalchemy/pool/impl.py", line 146, in _do_get
    self._dec_overflow()
  File "/home/airflow/.local/lib/python3.7/site-packages/sqlalchemy/util/langhelpers.py", line 72, in __exit__
    with_traceback=exc_tb,
  File "/home/airflow/.local/lib/python3.7/site-packages/sqlalchemy/util/compat.py", line 207, in raise_
    raise exception
  File "/home/airflow/.local/lib/python3.7/site-packages/sqlalchemy/pool/impl.py", line 143, in _do_get
    return self._create_connection()
  File "/home/airflow/.local/lib/python3.7/site-packages/sqlalchemy/pool/base.py", line 256, in _create_connection
    return _ConnectionRecord(self)
  File "/home/airflow/.local/lib/python3.7/site-packages/sqlalchemy/pool/base.py", line 371, in __init__
    self.__connect()
  File "/home/airflow/.local/lib/python3.7/site-packages/sqlalchemy/pool/base.py", line 666, in __connect
    pool.logger.debug("Error on connect(): %s", e)
  File "/home/airflow/.local/lib/python3.7/site-packages/sqlalchemy/util/langhelpers.py", line 72, in __exit__
    with_traceback=exc_tb,
  File "/home/airflow/.local/lib/python3.7/site-packages/sqlalchemy/util/compat.py", line 207, in raise_
    raise exception
  File "/home/airflow/.local/lib/python3.7/site-packages/sqlalchemy/pool/base.py", line 661, in __connect
    self.dbapi_connection = connection = pool._invoke_creator(self)
  File "/home/airflow/.local/lib/python3.7/site-packages/sqlalchemy/engine/create.py", line 590, in connect
    return dialect.connect(*cargs, **cparams)
  File "/home/airflow/.local/lib/python3.7/site-packages/sqlalchemy/engine/default.py", line 584, in connect
    return self.dbapi.connect(*cargs, **cparams)
  File "/home/airflow/.local/lib/python3.7/site-packages/psycopg2/__init__.py", line 122, in connect
    conn = _connect(dsn, connection_factory=connection_factory, **kwasync)
psycopg2.OperationalError: connection to server at "postgres" (172.21.0.2), port 5432 failed: Connection refused
	Is the server running on that host and accepting TCP/IP connections?


The above exception was the direct cause of the following exception:

Traceback (most recent call last):
  File "/home/airflow/.local/lib/python3.7/site-packages/airflow/models/dagbag.py", line 318, in parse
    loader.exec_module(new_module)
  File "<frozen importlib._bootstrap_external>", line 728, in exec_module
  File "<frozen importlib._bootstrap>", line 219, in _call_with_frames_removed
  File "/home/airflow/.local/lib/python3.7/site-packages/airflow/example_dags/example_subdag_operator.py", line 45, in <module>
    subdag=subdag(DAG_NAME, 'section-1', dag.default_args),
  File "/home/airflow/.local/lib/python3.7/site-packages/airflow/models/baseoperator.py", line 390, in apply_defaults
    result = func(self, **kwargs, default_args=default_args)
  File "/home/airflow/.local/lib/python3.7/site-packages/airflow/utils/session.py", line 71, in wrapper
    return func(*args, session=session, **kwargs)
  File "/home/airflow/.local/lib/python3.7/site-packages/airflow/operators/subdag.py", line 90, in __init__
    self._validate_pool(session)
  File "/home/airflow/.local/lib/python3.7/site-packages/airflow/operators/subdag.py", line 115, in _validate_pool
    pool = session.query(Pool).filter(Pool.slots == 1).filter(Pool.pool == self.pool).first()
  File "/home/airflow/.local/lib/python3.7/site-packages/sqlalchemy/orm/query.py", line 2810, in first
    return self.limit(1)._iter().first()
  File "/home/airflow/.local/lib/python3.7/site-packages/sqlalchemy/orm/query.py", line 2897, in _iter
    execution_options={"_sa_orm_load_options": self.load_options},
  File "/home/airflow/.local/lib/python3.7/site-packages/sqlalchemy/orm/session.py", line 1688, in execute
    conn = self._connection_for_bind(bind)
  File "/home/airflow/.local/lib/python3.7/site-packages/sqlalchemy/orm/session.py", line 1530, in _connection_for_bind
    engine, execution_options
  File "/home/airflow/.local/lib/python3.7/site-packages/sqlalchemy/orm/session.py", line 747, in _connection_for_bind
    conn = bind.connect()
  File "/home/airflow/.local/lib/python3.7/site-packages/sqlalchemy/engine/base.py", line 3197, in connect
    return self._connection_cls(self, close_with_result=close_with_result)
  File "/home/airflow/.local/lib/python3.7/site-packages/sqlalchemy/engine/base.py", line 96, in __init__
    else engine.raw_connection()
  File "/home/airflow/.local/lib/python3.7/site-packages/sqlalchemy/engine/base.py", line 3276, in raw_connection
    return self._wrap_pool_connect(self.pool.connect, _connection)
  File "/home/airflow/.local/lib/python3.7/site-packages/sqlalchemy/engine/base.py", line 3247, in _wrap_pool_connect
    e, dialect, self
  File "/home/airflow/.local/lib/python3.7/site-packages/sqlalchemy/engine/base.py", line 2101, in _handle_dbapi_exception_noconnection
    sqlalchemy_exception, with_traceback=exc_info[2], from_=e
  File "/home/airflow/.local/lib/python3.7/site-packages/sqlalchemy/util/compat.py", line 207, in raise_
    raise exception
  File "/home/airflow/.local/lib/python3.7/site-packages/sqlalchemy/engine/base.py", line 3243, in _wrap_pool_connect
    return fn()
  File "/home/airflow/.local/lib/python3.7/site-packages/sqlalchemy/pool/base.py", line 310, in connect
    return _ConnectionFairy._checkout(self)
  File "/home/airflow/.local/lib/python3.7/site-packages/sqlalchemy/pool/base.py", line 868, in _checkout
    fairy = _ConnectionRecord.checkout(pool)
  File "/home/airflow/.local/lib/python3.7/site-packages/sqlalchemy/pool/base.py", line 476, in checkout
    rec = pool._do_get()
  File "/home/airflow/.local/lib/python3.7/site-packages/sqlalchemy/pool/impl.py", line 146, in _do_get
    self._dec_overflow()
  File "/home/airflow/.local/lib/python3.7/site-packages/sqlalchemy/util/langhelpers.py", line 72, in __exit__
    with_traceback=exc_tb,
  File "/home/airflow/.local/lib/python3.7/site-packages/sqlalchemy/util/compat.py", line 207, in raise_
    raise exception
  File "/home/airflow/.local/lib/python3.7/site-packages/sqlalchemy/pool/impl.py", line 143, in _do_get
    return self._create_connection()
  File "/home/airflow/.local/lib/python3.7/site-packages/sqlalchemy/pool/base.py", line 256, in _create_connection
    return _ConnectionRecord(self)
  File "/home/airflow/.local/lib/python3.7/site-packages/sqlalchemy/pool/base.py", line 371, in __init__
    self.__connect()
  File "/home/airflow/.local/lib/python3.7/site-packages/sqlalchemy/pool/base.py", line 666, in __connect
    pool.logger.debug("Error on connect(): %s", e)
  File "/home/airflow/.local/lib/python3.7/site-packages/sqlalchemy/util/langhelpers.py", line 72, in __exit__
    with_traceback=exc_tb,
  File "/home/airflow/.local/lib/python3.7/site-packages/sqlalchemy/util/compat.py", line 207, in raise_
    raise exception
  File "/home/airflow/.local/lib/python3.7/site-packages/sqlalchemy/pool/base.py", line 661, in __connect
    self.dbapi_connection = connection = pool._invoke_creator(self)
  File "/home/airflow/.local/lib/python3.7/site-packages/sqlalchemy/engine/create.py", line 590, in connect
    return dialect.connect(*cargs, **cparams)
  File "/home/airflow/.local/lib/python3.7/site-packages/sqlalchemy/engine/default.py", line 584, in connect
    return self.dbapi.connect(*cargs, **cparams)
  File "/home/airflow/.local/lib/python3.7/site-packages/psycopg2/__init__.py", line 122, in connect
    conn = _connect(dsn, connection_factory=connection_factory, **kwasync)
sqlalchemy.exc.OperationalError: (psycopg2.OperationalError) connection to server at "postgres" (172.21.0.2), port 5432 failed: Connection refused
	Is the server running on that host and accepting TCP/IP connections?

(Background on this error at: https://sqlalche.me/e/14/e3q8)
[2022-10-27 00:32:18,703] {processor.py:653} WARNING - No viable dags retrieved from /home/airflow/.local/lib/python3.7/site-packages/airflow/example_dags/example_subdag_operator.py
[2022-10-27 00:32:18,708] {processor.py:164} ERROR - Got an exception! Propagating...
Traceback (most recent call last):
  File "/home/airflow/.local/lib/python3.7/site-packages/sqlalchemy/engine/base.py", line 3243, in _wrap_pool_connect
    return fn()
  File "/home/airflow/.local/lib/python3.7/site-packages/sqlalchemy/pool/base.py", line 310, in connect
    return _ConnectionFairy._checkout(self)
  File "/home/airflow/.local/lib/python3.7/site-packages/sqlalchemy/pool/base.py", line 868, in _checkout
    fairy = _ConnectionRecord.checkout(pool)
  File "/home/airflow/.local/lib/python3.7/site-packages/sqlalchemy/pool/base.py", line 476, in checkout
    rec = pool._do_get()
  File "/home/airflow/.local/lib/python3.7/site-packages/sqlalchemy/pool/impl.py", line 146, in _do_get
    self._dec_overflow()
  File "/home/airflow/.local/lib/python3.7/site-packages/sqlalchemy/util/langhelpers.py", line 72, in __exit__
    with_traceback=exc_tb,
  File "/home/airflow/.local/lib/python3.7/site-packages/sqlalchemy/util/compat.py", line 207, in raise_
    raise exception
  File "/home/airflow/.local/lib/python3.7/site-packages/sqlalchemy/pool/impl.py", line 143, in _do_get
    return self._create_connection()
  File "/home/airflow/.local/lib/python3.7/site-packages/sqlalchemy/pool/base.py", line 256, in _create_connection
    return _ConnectionRecord(self)
  File "/home/airflow/.local/lib/python3.7/site-packages/sqlalchemy/pool/base.py", line 371, in __init__
    self.__connect()
  File "/home/airflow/.local/lib/python3.7/site-packages/sqlalchemy/pool/base.py", line 666, in __connect
    pool.logger.debug("Error on connect(): %s", e)
  File "/home/airflow/.local/lib/python3.7/site-packages/sqlalchemy/util/langhelpers.py", line 72, in __exit__
    with_traceback=exc_tb,
  File "/home/airflow/.local/lib/python3.7/site-packages/sqlalchemy/util/compat.py", line 207, in raise_
    raise exception
  File "/home/airflow/.local/lib/python3.7/site-packages/sqlalchemy/pool/base.py", line 661, in __connect
    self.dbapi_connection = connection = pool._invoke_creator(self)
  File "/home/airflow/.local/lib/python3.7/site-packages/sqlalchemy/engine/create.py", line 590, in connect
    return dialect.connect(*cargs, **cparams)
  File "/home/airflow/.local/lib/python3.7/site-packages/sqlalchemy/engine/default.py", line 584, in connect
    return self.dbapi.connect(*cargs, **cparams)
  File "/home/airflow/.local/lib/python3.7/site-packages/psycopg2/__init__.py", line 122, in connect
    conn = _connect(dsn, connection_factory=connection_factory, **kwasync)
psycopg2.OperationalError: connection to server at "postgres" (172.21.0.2), port 5432 failed: Connection refused
	Is the server running on that host and accepting TCP/IP connections?


The above exception was the direct cause of the following exception:

Traceback (most recent call last):
  File "/home/airflow/.local/lib/python3.7/site-packages/airflow/dag_processing/processor.py", line 158, in _run_file_processor
    callback_requests=callback_requests,
  File "/home/airflow/.local/lib/python3.7/site-packages/airflow/utils/session.py", line 71, in wrapper
    return func(*args, session=session, **kwargs)
  File "/home/airflow/.local/lib/python3.7/site-packages/airflow/dag_processing/processor.py", line 654, in process_file
    self.update_import_errors(session, dagbag)
  File "/home/airflow/.local/lib/python3.7/site-packages/airflow/dag_processing/processor.py", line 541, in update_import_errors
    existing_import_error_files = [x.filename for x in session.query(errors.ImportError.filename).all()]
  File "/home/airflow/.local/lib/python3.7/site-packages/sqlalchemy/orm/query.py", line 2759, in all
    return self._iter().all()
  File "/home/airflow/.local/lib/python3.7/site-packages/sqlalchemy/orm/query.py", line 2897, in _iter
    execution_options={"_sa_orm_load_options": self.load_options},
  File "/home/airflow/.local/lib/python3.7/site-packages/sqlalchemy/orm/session.py", line 1688, in execute
    conn = self._connection_for_bind(bind)
  File "/home/airflow/.local/lib/python3.7/site-packages/sqlalchemy/orm/session.py", line 1530, in _connection_for_bind
    engine, execution_options
  File "/home/airflow/.local/lib/python3.7/site-packages/sqlalchemy/orm/session.py", line 747, in _connection_for_bind
    conn = bind.connect()
  File "/home/airflow/.local/lib/python3.7/site-packages/sqlalchemy/engine/base.py", line 3197, in connect
    return self._connection_cls(self, close_with_result=close_with_result)
  File "/home/airflow/.local/lib/python3.7/site-packages/sqlalchemy/engine/base.py", line 96, in __init__
    else engine.raw_connection()
  File "/home/airflow/.local/lib/python3.7/site-packages/sqlalchemy/engine/base.py", line 3276, in raw_connection
    return self._wrap_pool_connect(self.pool.connect, _connection)
  File "/home/airflow/.local/lib/python3.7/site-packages/sqlalchemy/engine/base.py", line 3247, in _wrap_pool_connect
    e, dialect, self
  File "/home/airflow/.local/lib/python3.7/site-packages/sqlalchemy/engine/base.py", line 2101, in _handle_dbapi_exception_noconnection
    sqlalchemy_exception, with_traceback=exc_info[2], from_=e
  File "/home/airflow/.local/lib/python3.7/site-packages/sqlalchemy/util/compat.py", line 207, in raise_
    raise exception
  File "/home/airflow/.local/lib/python3.7/site-packages/sqlalchemy/engine/base.py", line 3243, in _wrap_pool_connect
    return fn()
  File "/home/airflow/.local/lib/python3.7/site-packages/sqlalchemy/pool/base.py", line 310, in connect
    return _ConnectionFairy._checkout(self)
  File "/home/airflow/.local/lib/python3.7/site-packages/sqlalchemy/pool/base.py", line 868, in _checkout
    fairy = _ConnectionRecord.checkout(pool)
  File "/home/airflow/.local/lib/python3.7/site-packages/sqlalchemy/pool/base.py", line 476, in checkout
    rec = pool._do_get()
  File "/home/airflow/.local/lib/python3.7/site-packages/sqlalchemy/pool/impl.py", line 146, in _do_get
    self._dec_overflow()
  File "/home/airflow/.local/lib/python3.7/site-packages/sqlalchemy/util/langhelpers.py", line 72, in __exit__
    with_traceback=exc_tb,
  File "/home/airflow/.local/lib/python3.7/site-packages/sqlalchemy/util/compat.py", line 207, in raise_
    raise exception
  File "/home/airflow/.local/lib/python3.7/site-packages/sqlalchemy/pool/impl.py", line 143, in _do_get
    return self._create_connection()
  File "/home/airflow/.local/lib/python3.7/site-packages/sqlalchemy/pool/base.py", line 256, in _create_connection
    return _ConnectionRecord(self)
  File "/home/airflow/.local/lib/python3.7/site-packages/sqlalchemy/pool/base.py", line 371, in __init__
    self.__connect()
  File "/home/airflow/.local/lib/python3.7/site-packages/sqlalchemy/pool/base.py", line 666, in __connect
    pool.logger.debug("Error on connect(): %s", e)
  File "/home/airflow/.local/lib/python3.7/site-packages/sqlalchemy/util/langhelpers.py", line 72, in __exit__
    with_traceback=exc_tb,
  File "/home/airflow/.local/lib/python3.7/site-packages/sqlalchemy/util/compat.py", line 207, in raise_
    raise exception
  File "/home/airflow/.local/lib/python3.7/site-packages/sqlalchemy/pool/base.py", line 661, in __connect
    self.dbapi_connection = connection = pool._invoke_creator(self)
  File "/home/airflow/.local/lib/python3.7/site-packages/sqlalchemy/engine/create.py", line 590, in connect
    return dialect.connect(*cargs, **cparams)
  File "/home/airflow/.local/lib/python3.7/site-packages/sqlalchemy/engine/default.py", line 584, in connect
    return self.dbapi.connect(*cargs, **cparams)
  File "/home/airflow/.local/lib/python3.7/site-packages/psycopg2/__init__.py", line 122, in connect
    conn = _connect(dsn, connection_factory=connection_factory, **kwasync)
sqlalchemy.exc.OperationalError: (psycopg2.OperationalError) connection to server at "postgres" (172.21.0.2), port 5432 failed: Connection refused
	Is the server running on that host and accepting TCP/IP connections?

(Background on this error at: https://sqlalche.me/e/14/e3q8)
[2022-10-27 23:11:43,730] {processor.py:153} INFO - Started process (PID=69) to work on /home/airflow/.local/lib/python3.7/site-packages/airflow/example_dags/example_subdag_operator.py
[2022-10-27 23:11:43,731] {processor.py:641} INFO - Processing file /home/airflow/.local/lib/python3.7/site-packages/airflow/example_dags/example_subdag_operator.py for tasks to queue
[2022-10-27 23:11:43,732] {logging_mixin.py:115} INFO - [2022-10-27 23:11:43,732] {dagbag.py:508} INFO - Filling up the DagBag from /home/airflow/.local/lib/python3.7/site-packages/airflow/example_dags/example_subdag_operator.py
[2022-10-27 23:11:43,815] {processor.py:651} INFO - DAG(s) dict_keys(['example_subdag_operator.section-1', 'example_subdag_operator.section-2', 'example_subdag_operator']) retrieved from /home/airflow/.local/lib/python3.7/site-packages/airflow/example_dags/example_subdag_operator.py
[2022-10-27 23:11:44,221] {logging_mixin.py:115} INFO - [2022-10-27 23:11:44,221] {dag.py:2420} INFO - Sync 3 DAGs
[2022-10-27 23:11:44,255] {logging_mixin.py:115} INFO - [2022-10-27 23:11:44,255] {dag.py:2972} INFO - Setting next_dagrun for example_subdag_operator to 2022-01-01T00:00:00+00:00, run_after=2022-01-01T00:00:00+00:00
[2022-10-27 23:11:44,256] {logging_mixin.py:115} INFO - [2022-10-27 23:11:44,256] {dag.py:2972} INFO - Setting next_dagrun for example_subdag_operator.section-1 to None, run_after=None
[2022-10-27 23:11:44,256] {logging_mixin.py:115} INFO - [2022-10-27 23:11:44,256] {dag.py:2972} INFO - Setting next_dagrun for example_subdag_operator.section-2 to None, run_after=None
[2022-10-27 23:11:44,267] {logging_mixin.py:115} INFO - [2022-10-27 23:11:44,267] {dag.py:2420} INFO - Sync 2 DAGs
[2022-10-27 23:11:44,280] {logging_mixin.py:115} INFO - [2022-10-27 23:11:44,279] {dag.py:2972} INFO - Setting next_dagrun for example_subdag_operator.section-1 to None, run_after=None
[2022-10-27 23:11:44,280] {logging_mixin.py:115} INFO - [2022-10-27 23:11:44,280] {dag.py:2972} INFO - Setting next_dagrun for example_subdag_operator.section-2 to None, run_after=None
[2022-10-27 23:11:44,296] {processor.py:161} INFO - Processing /home/airflow/.local/lib/python3.7/site-packages/airflow/example_dags/example_subdag_operator.py took 0.571 seconds
[2022-10-27 23:12:14,389] {processor.py:153} INFO - Started process (PID=133) to work on /home/airflow/.local/lib/python3.7/site-packages/airflow/example_dags/example_subdag_operator.py
[2022-10-27 23:12:14,390] {processor.py:641} INFO - Processing file /home/airflow/.local/lib/python3.7/site-packages/airflow/example_dags/example_subdag_operator.py for tasks to queue
[2022-10-27 23:12:14,390] {logging_mixin.py:115} INFO - [2022-10-27 23:12:14,390] {dagbag.py:508} INFO - Filling up the DagBag from /home/airflow/.local/lib/python3.7/site-packages/airflow/example_dags/example_subdag_operator.py
[2022-10-27 23:12:14,416] {processor.py:651} INFO - DAG(s) dict_keys(['example_subdag_operator.section-1', 'example_subdag_operator.section-2', 'example_subdag_operator']) retrieved from /home/airflow/.local/lib/python3.7/site-packages/airflow/example_dags/example_subdag_operator.py
[2022-10-27 23:12:14,626] {logging_mixin.py:115} INFO - [2022-10-27 23:12:14,626] {dag.py:2420} INFO - Sync 3 DAGs
[2022-10-27 23:12:14,649] {logging_mixin.py:115} INFO - [2022-10-27 23:12:14,648] {dag.py:2972} INFO - Setting next_dagrun for example_subdag_operator to 2022-01-01T00:00:00+00:00, run_after=2022-01-01T00:00:00+00:00
[2022-10-27 23:12:14,649] {logging_mixin.py:115} INFO - [2022-10-27 23:12:14,649] {dag.py:2972} INFO - Setting next_dagrun for example_subdag_operator.section-1 to None, run_after=None
[2022-10-27 23:12:14,649] {logging_mixin.py:115} INFO - [2022-10-27 23:12:14,649] {dag.py:2972} INFO - Setting next_dagrun for example_subdag_operator.section-2 to None, run_after=None
[2022-10-27 23:12:14,656] {logging_mixin.py:115} INFO - [2022-10-27 23:12:14,656] {dag.py:2420} INFO - Sync 2 DAGs
[2022-10-27 23:12:14,663] {logging_mixin.py:115} INFO - [2022-10-27 23:12:14,663] {dag.py:2972} INFO - Setting next_dagrun for example_subdag_operator.section-1 to None, run_after=None
[2022-10-27 23:12:14,663] {logging_mixin.py:115} INFO - [2022-10-27 23:12:14,663] {dag.py:2972} INFO - Setting next_dagrun for example_subdag_operator.section-2 to None, run_after=None
[2022-10-27 23:12:14,675] {processor.py:161} INFO - Processing /home/airflow/.local/lib/python3.7/site-packages/airflow/example_dags/example_subdag_operator.py took 0.288 seconds
[2022-10-27 23:12:45,429] {processor.py:153} INFO - Started process (PID=187) to work on /home/airflow/.local/lib/python3.7/site-packages/airflow/example_dags/example_subdag_operator.py
[2022-10-27 23:12:45,430] {processor.py:641} INFO - Processing file /home/airflow/.local/lib/python3.7/site-packages/airflow/example_dags/example_subdag_operator.py for tasks to queue
[2022-10-27 23:12:45,431] {logging_mixin.py:115} INFO - [2022-10-27 23:12:45,431] {dagbag.py:508} INFO - Filling up the DagBag from /home/airflow/.local/lib/python3.7/site-packages/airflow/example_dags/example_subdag_operator.py
[2022-10-27 23:12:45,468] {processor.py:651} INFO - DAG(s) dict_keys(['example_subdag_operator.section-1', 'example_subdag_operator.section-2', 'example_subdag_operator']) retrieved from /home/airflow/.local/lib/python3.7/site-packages/airflow/example_dags/example_subdag_operator.py
[2022-10-27 23:12:45,721] {logging_mixin.py:115} INFO - [2022-10-27 23:12:45,721] {dag.py:2420} INFO - Sync 3 DAGs
[2022-10-27 23:12:45,746] {logging_mixin.py:115} INFO - [2022-10-27 23:12:45,746] {dag.py:2972} INFO - Setting next_dagrun for example_subdag_operator to 2022-01-01T00:00:00+00:00, run_after=2022-01-01T00:00:00+00:00
[2022-10-27 23:12:45,746] {logging_mixin.py:115} INFO - [2022-10-27 23:12:45,746] {dag.py:2972} INFO - Setting next_dagrun for example_subdag_operator.section-1 to None, run_after=None
[2022-10-27 23:12:45,747] {logging_mixin.py:115} INFO - [2022-10-27 23:12:45,747] {dag.py:2972} INFO - Setting next_dagrun for example_subdag_operator.section-2 to None, run_after=None
[2022-10-27 23:12:45,755] {logging_mixin.py:115} INFO - [2022-10-27 23:12:45,755] {dag.py:2420} INFO - Sync 2 DAGs
[2022-10-27 23:12:45,762] {logging_mixin.py:115} INFO - [2022-10-27 23:12:45,762] {dag.py:2972} INFO - Setting next_dagrun for example_subdag_operator.section-1 to None, run_after=None
[2022-10-27 23:12:45,763] {logging_mixin.py:115} INFO - [2022-10-27 23:12:45,763] {dag.py:2972} INFO - Setting next_dagrun for example_subdag_operator.section-2 to None, run_after=None
[2022-10-27 23:12:45,772] {processor.py:161} INFO - Processing /home/airflow/.local/lib/python3.7/site-packages/airflow/example_dags/example_subdag_operator.py took 0.348 seconds
