[2022-10-27 00:18:21,050] {processor.py:153} INFO - Started process (PID=121) to work on /home/airflow/.local/lib/python3.7/site-packages/airflow/example_dags/example_bash_operator.py
[2022-10-27 00:18:21,051] {processor.py:641} INFO - Processing file /home/airflow/.local/lib/python3.7/site-packages/airflow/example_dags/example_bash_operator.py for tasks to queue
[2022-10-27 00:18:21,052] {logging_mixin.py:115} INFO - [2022-10-27 00:18:21,052] {dagbag.py:508} INFO - Filling up the DagBag from /home/airflow/.local/lib/python3.7/site-packages/airflow/example_dags/example_bash_operator.py
[2022-10-27 00:18:21,069] {processor.py:651} INFO - DAG(s) dict_keys(['example_bash_operator']) retrieved from /home/airflow/.local/lib/python3.7/site-packages/airflow/example_dags/example_bash_operator.py
[2022-10-27 00:18:21,118] {logging_mixin.py:115} INFO - [2022-10-27 00:18:21,117] {dag.py:2420} INFO - Sync 1 DAGs
[2022-10-27 00:18:21,787] {logging_mixin.py:115} INFO - [2022-10-27 00:18:21,786] {dag.py:2972} INFO - Setting next_dagrun for example_bash_operator to 2022-10-26T00:00:00+00:00, run_after=2022-10-27T00:00:00+00:00
[2022-10-27 00:18:21,922] {processor.py:161} INFO - Processing /home/airflow/.local/lib/python3.7/site-packages/airflow/example_dags/example_bash_operator.py took 0.875 seconds
[2022-10-27 00:18:52,448] {processor.py:153} INFO - Started process (PID=174) to work on /home/airflow/.local/lib/python3.7/site-packages/airflow/example_dags/example_bash_operator.py
[2022-10-27 00:18:52,452] {processor.py:641} INFO - Processing file /home/airflow/.local/lib/python3.7/site-packages/airflow/example_dags/example_bash_operator.py for tasks to queue
[2022-10-27 00:18:52,453] {logging_mixin.py:115} INFO - [2022-10-27 00:18:52,453] {dagbag.py:508} INFO - Filling up the DagBag from /home/airflow/.local/lib/python3.7/site-packages/airflow/example_dags/example_bash_operator.py
[2022-10-27 00:18:52,495] {processor.py:651} INFO - DAG(s) dict_keys(['example_bash_operator']) retrieved from /home/airflow/.local/lib/python3.7/site-packages/airflow/example_dags/example_bash_operator.py
[2022-10-27 00:18:52,575] {logging_mixin.py:115} INFO - [2022-10-27 00:18:52,575] {dag.py:2420} INFO - Sync 1 DAGs
[2022-10-27 00:18:52,892] {logging_mixin.py:115} INFO - [2022-10-27 00:18:52,892] {dag.py:2972} INFO - Setting next_dagrun for example_bash_operator to 2022-10-26T00:00:00+00:00, run_after=2022-10-27T00:00:00+00:00
[2022-10-27 00:18:52,922] {processor.py:161} INFO - Processing /home/airflow/.local/lib/python3.7/site-packages/airflow/example_dags/example_bash_operator.py took 0.482 seconds
[2022-10-27 00:19:24,766] {processor.py:153} INFO - Started process (PID=234) to work on /home/airflow/.local/lib/python3.7/site-packages/airflow/example_dags/example_bash_operator.py
[2022-10-27 00:19:24,767] {processor.py:641} INFO - Processing file /home/airflow/.local/lib/python3.7/site-packages/airflow/example_dags/example_bash_operator.py for tasks to queue
[2022-10-27 00:19:24,768] {logging_mixin.py:115} INFO - [2022-10-27 00:19:24,768] {dagbag.py:508} INFO - Filling up the DagBag from /home/airflow/.local/lib/python3.7/site-packages/airflow/example_dags/example_bash_operator.py
[2022-10-27 00:19:24,799] {processor.py:651} INFO - DAG(s) dict_keys(['example_bash_operator']) retrieved from /home/airflow/.local/lib/python3.7/site-packages/airflow/example_dags/example_bash_operator.py
[2022-10-27 00:19:24,862] {logging_mixin.py:115} INFO - [2022-10-27 00:19:24,861] {dag.py:2420} INFO - Sync 1 DAGs
[2022-10-27 00:19:25,134] {logging_mixin.py:115} INFO - [2022-10-27 00:19:25,134] {dag.py:2972} INFO - Setting next_dagrun for example_bash_operator to 2022-10-26T00:00:00+00:00, run_after=2022-10-27T00:00:00+00:00
[2022-10-27 00:19:25,153] {processor.py:161} INFO - Processing /home/airflow/.local/lib/python3.7/site-packages/airflow/example_dags/example_bash_operator.py took 0.393 seconds
[2022-10-27 00:19:55,670] {processor.py:153} INFO - Started process (PID=290) to work on /home/airflow/.local/lib/python3.7/site-packages/airflow/example_dags/example_bash_operator.py
[2022-10-27 00:19:55,671] {processor.py:641} INFO - Processing file /home/airflow/.local/lib/python3.7/site-packages/airflow/example_dags/example_bash_operator.py for tasks to queue
[2022-10-27 00:19:55,672] {logging_mixin.py:115} INFO - [2022-10-27 00:19:55,671] {dagbag.py:508} INFO - Filling up the DagBag from /home/airflow/.local/lib/python3.7/site-packages/airflow/example_dags/example_bash_operator.py
[2022-10-27 00:19:55,690] {processor.py:651} INFO - DAG(s) dict_keys(['example_bash_operator']) retrieved from /home/airflow/.local/lib/python3.7/site-packages/airflow/example_dags/example_bash_operator.py
[2022-10-27 00:19:55,738] {logging_mixin.py:115} INFO - [2022-10-27 00:19:55,738] {dag.py:2420} INFO - Sync 1 DAGs
[2022-10-27 00:19:55,939] {logging_mixin.py:115} INFO - [2022-10-27 00:19:55,939] {dag.py:2972} INFO - Setting next_dagrun for example_bash_operator to 2022-10-26T00:00:00+00:00, run_after=2022-10-27T00:00:00+00:00
[2022-10-27 00:19:55,960] {processor.py:161} INFO - Processing /home/airflow/.local/lib/python3.7/site-packages/airflow/example_dags/example_bash_operator.py took 0.295 seconds
[2022-10-27 00:20:26,714] {processor.py:153} INFO - Started process (PID=344) to work on /home/airflow/.local/lib/python3.7/site-packages/airflow/example_dags/example_bash_operator.py
[2022-10-27 00:20:26,715] {processor.py:641} INFO - Processing file /home/airflow/.local/lib/python3.7/site-packages/airflow/example_dags/example_bash_operator.py for tasks to queue
[2022-10-27 00:20:26,716] {logging_mixin.py:115} INFO - [2022-10-27 00:20:26,716] {dagbag.py:508} INFO - Filling up the DagBag from /home/airflow/.local/lib/python3.7/site-packages/airflow/example_dags/example_bash_operator.py
[2022-10-27 00:20:26,738] {processor.py:651} INFO - DAG(s) dict_keys(['example_bash_operator']) retrieved from /home/airflow/.local/lib/python3.7/site-packages/airflow/example_dags/example_bash_operator.py
[2022-10-27 00:20:26,793] {logging_mixin.py:115} INFO - [2022-10-27 00:20:26,792] {dag.py:2420} INFO - Sync 1 DAGs
[2022-10-27 00:20:27,080] {logging_mixin.py:115} INFO - [2022-10-27 00:20:27,080] {dag.py:2972} INFO - Setting next_dagrun for example_bash_operator to 2022-10-26T00:00:00+00:00, run_after=2022-10-27T00:00:00+00:00
[2022-10-27 00:20:27,104] {processor.py:161} INFO - Processing /home/airflow/.local/lib/python3.7/site-packages/airflow/example_dags/example_bash_operator.py took 0.396 seconds
[2022-10-27 00:20:57,455] {processor.py:153} INFO - Started process (PID=397) to work on /home/airflow/.local/lib/python3.7/site-packages/airflow/example_dags/example_bash_operator.py
[2022-10-27 00:20:57,456] {processor.py:641} INFO - Processing file /home/airflow/.local/lib/python3.7/site-packages/airflow/example_dags/example_bash_operator.py for tasks to queue
[2022-10-27 00:20:57,457] {logging_mixin.py:115} INFO - [2022-10-27 00:20:57,457] {dagbag.py:508} INFO - Filling up the DagBag from /home/airflow/.local/lib/python3.7/site-packages/airflow/example_dags/example_bash_operator.py
[2022-10-27 00:20:57,478] {processor.py:651} INFO - DAG(s) dict_keys(['example_bash_operator']) retrieved from /home/airflow/.local/lib/python3.7/site-packages/airflow/example_dags/example_bash_operator.py
[2022-10-27 00:20:57,541] {logging_mixin.py:115} INFO - [2022-10-27 00:20:57,541] {dag.py:2420} INFO - Sync 1 DAGs
[2022-10-27 00:20:57,853] {logging_mixin.py:115} INFO - [2022-10-27 00:20:57,853] {dag.py:2972} INFO - Setting next_dagrun for example_bash_operator to 2022-10-26T00:00:00+00:00, run_after=2022-10-27T00:00:00+00:00
[2022-10-27 00:20:57,877] {processor.py:161} INFO - Processing /home/airflow/.local/lib/python3.7/site-packages/airflow/example_dags/example_bash_operator.py took 0.426 seconds
[2022-10-27 00:21:28,671] {processor.py:153} INFO - Started process (PID=458) to work on /home/airflow/.local/lib/python3.7/site-packages/airflow/example_dags/example_bash_operator.py
[2022-10-27 00:21:28,672] {processor.py:641} INFO - Processing file /home/airflow/.local/lib/python3.7/site-packages/airflow/example_dags/example_bash_operator.py for tasks to queue
[2022-10-27 00:21:28,673] {logging_mixin.py:115} INFO - [2022-10-27 00:21:28,673] {dagbag.py:508} INFO - Filling up the DagBag from /home/airflow/.local/lib/python3.7/site-packages/airflow/example_dags/example_bash_operator.py
[2022-10-27 00:21:28,692] {processor.py:651} INFO - DAG(s) dict_keys(['example_bash_operator']) retrieved from /home/airflow/.local/lib/python3.7/site-packages/airflow/example_dags/example_bash_operator.py
[2022-10-27 00:21:28,739] {logging_mixin.py:115} INFO - [2022-10-27 00:21:28,739] {dag.py:2420} INFO - Sync 1 DAGs
[2022-10-27 00:21:29,008] {logging_mixin.py:115} INFO - [2022-10-27 00:21:29,008] {dag.py:2972} INFO - Setting next_dagrun for example_bash_operator to 2022-10-26T00:00:00+00:00, run_after=2022-10-27T00:00:00+00:00
[2022-10-27 00:21:29,035] {processor.py:161} INFO - Processing /home/airflow/.local/lib/python3.7/site-packages/airflow/example_dags/example_bash_operator.py took 0.369 seconds
[2022-10-27 00:21:59,811] {processor.py:153} INFO - Started process (PID=512) to work on /home/airflow/.local/lib/python3.7/site-packages/airflow/example_dags/example_bash_operator.py
[2022-10-27 00:21:59,812] {processor.py:641} INFO - Processing file /home/airflow/.local/lib/python3.7/site-packages/airflow/example_dags/example_bash_operator.py for tasks to queue
[2022-10-27 00:21:59,813] {logging_mixin.py:115} INFO - [2022-10-27 00:21:59,813] {dagbag.py:508} INFO - Filling up the DagBag from /home/airflow/.local/lib/python3.7/site-packages/airflow/example_dags/example_bash_operator.py
[2022-10-27 00:21:59,832] {processor.py:651} INFO - DAG(s) dict_keys(['example_bash_operator']) retrieved from /home/airflow/.local/lib/python3.7/site-packages/airflow/example_dags/example_bash_operator.py
[2022-10-27 00:21:59,881] {logging_mixin.py:115} INFO - [2022-10-27 00:21:59,881] {dag.py:2420} INFO - Sync 1 DAGs
[2022-10-27 00:22:00,167] {logging_mixin.py:115} INFO - [2022-10-27 00:22:00,167] {dag.py:2972} INFO - Setting next_dagrun for example_bash_operator to 2022-10-26T00:00:00+00:00, run_after=2022-10-27T00:00:00+00:00
[2022-10-27 00:22:00,195] {processor.py:161} INFO - Processing /home/airflow/.local/lib/python3.7/site-packages/airflow/example_dags/example_bash_operator.py took 0.391 seconds
[2022-10-27 00:22:31,007] {processor.py:153} INFO - Started process (PID=574) to work on /home/airflow/.local/lib/python3.7/site-packages/airflow/example_dags/example_bash_operator.py
[2022-10-27 00:22:31,008] {processor.py:641} INFO - Processing file /home/airflow/.local/lib/python3.7/site-packages/airflow/example_dags/example_bash_operator.py for tasks to queue
[2022-10-27 00:22:31,009] {logging_mixin.py:115} INFO - [2022-10-27 00:22:31,009] {dagbag.py:508} INFO - Filling up the DagBag from /home/airflow/.local/lib/python3.7/site-packages/airflow/example_dags/example_bash_operator.py
[2022-10-27 00:22:31,029] {processor.py:651} INFO - DAG(s) dict_keys(['example_bash_operator']) retrieved from /home/airflow/.local/lib/python3.7/site-packages/airflow/example_dags/example_bash_operator.py
[2022-10-27 00:22:31,087] {logging_mixin.py:115} INFO - [2022-10-27 00:22:31,087] {dag.py:2420} INFO - Sync 1 DAGs
[2022-10-27 00:22:31,356] {logging_mixin.py:115} INFO - [2022-10-27 00:22:31,356] {dag.py:2972} INFO - Setting next_dagrun for example_bash_operator to 2022-10-26T00:00:00+00:00, run_after=2022-10-27T00:00:00+00:00
[2022-10-27 00:22:31,386] {processor.py:161} INFO - Processing /home/airflow/.local/lib/python3.7/site-packages/airflow/example_dags/example_bash_operator.py took 0.384 seconds
[2022-10-27 00:23:01,868] {processor.py:153} INFO - Started process (PID=629) to work on /home/airflow/.local/lib/python3.7/site-packages/airflow/example_dags/example_bash_operator.py
[2022-10-27 00:23:01,869] {processor.py:641} INFO - Processing file /home/airflow/.local/lib/python3.7/site-packages/airflow/example_dags/example_bash_operator.py for tasks to queue
[2022-10-27 00:23:01,870] {logging_mixin.py:115} INFO - [2022-10-27 00:23:01,870] {dagbag.py:508} INFO - Filling up the DagBag from /home/airflow/.local/lib/python3.7/site-packages/airflow/example_dags/example_bash_operator.py
[2022-10-27 00:23:01,890] {processor.py:651} INFO - DAG(s) dict_keys(['example_bash_operator']) retrieved from /home/airflow/.local/lib/python3.7/site-packages/airflow/example_dags/example_bash_operator.py
[2022-10-27 00:23:01,943] {logging_mixin.py:115} INFO - [2022-10-27 00:23:01,942] {dag.py:2420} INFO - Sync 1 DAGs
[2022-10-27 00:23:02,262] {logging_mixin.py:115} INFO - [2022-10-27 00:23:02,261] {dag.py:2972} INFO - Setting next_dagrun for example_bash_operator to 2022-10-26T00:00:00+00:00, run_after=2022-10-27T00:00:00+00:00
[2022-10-27 00:23:02,287] {processor.py:161} INFO - Processing /home/airflow/.local/lib/python3.7/site-packages/airflow/example_dags/example_bash_operator.py took 0.423 seconds
[2022-10-27 00:23:32,443] {processor.py:153} INFO - Started process (PID=684) to work on /home/airflow/.local/lib/python3.7/site-packages/airflow/example_dags/example_bash_operator.py
[2022-10-27 00:23:32,444] {processor.py:641} INFO - Processing file /home/airflow/.local/lib/python3.7/site-packages/airflow/example_dags/example_bash_operator.py for tasks to queue
[2022-10-27 00:23:32,445] {logging_mixin.py:115} INFO - [2022-10-27 00:23:32,445] {dagbag.py:508} INFO - Filling up the DagBag from /home/airflow/.local/lib/python3.7/site-packages/airflow/example_dags/example_bash_operator.py
[2022-10-27 00:23:32,469] {processor.py:651} INFO - DAG(s) dict_keys(['example_bash_operator']) retrieved from /home/airflow/.local/lib/python3.7/site-packages/airflow/example_dags/example_bash_operator.py
[2022-10-27 00:23:32,811] {logging_mixin.py:115} INFO - [2022-10-27 00:23:32,811] {dag.py:2420} INFO - Sync 1 DAGs
[2022-10-27 00:23:32,861] {logging_mixin.py:115} INFO - [2022-10-27 00:23:32,861] {dag.py:2972} INFO - Setting next_dagrun for example_bash_operator to 2022-10-26T00:00:00+00:00, run_after=2022-10-27T00:00:00+00:00
[2022-10-27 00:23:32,887] {processor.py:161} INFO - Processing /home/airflow/.local/lib/python3.7/site-packages/airflow/example_dags/example_bash_operator.py took 0.449 seconds
[2022-10-27 00:24:03,533] {processor.py:153} INFO - Started process (PID=738) to work on /home/airflow/.local/lib/python3.7/site-packages/airflow/example_dags/example_bash_operator.py
[2022-10-27 00:24:03,534] {processor.py:641} INFO - Processing file /home/airflow/.local/lib/python3.7/site-packages/airflow/example_dags/example_bash_operator.py for tasks to queue
[2022-10-27 00:24:03,535] {logging_mixin.py:115} INFO - [2022-10-27 00:24:03,535] {dagbag.py:508} INFO - Filling up the DagBag from /home/airflow/.local/lib/python3.7/site-packages/airflow/example_dags/example_bash_operator.py
[2022-10-27 00:24:03,554] {processor.py:651} INFO - DAG(s) dict_keys(['example_bash_operator']) retrieved from /home/airflow/.local/lib/python3.7/site-packages/airflow/example_dags/example_bash_operator.py
[2022-10-27 00:24:03,872] {logging_mixin.py:115} INFO - [2022-10-27 00:24:03,872] {dag.py:2420} INFO - Sync 1 DAGs
[2022-10-27 00:24:03,920] {logging_mixin.py:115} INFO - [2022-10-27 00:24:03,919] {dag.py:2972} INFO - Setting next_dagrun for example_bash_operator to 2022-10-26T00:00:00+00:00, run_after=2022-10-27T00:00:00+00:00
[2022-10-27 00:24:03,949] {processor.py:161} INFO - Processing /home/airflow/.local/lib/python3.7/site-packages/airflow/example_dags/example_bash_operator.py took 0.420 seconds
[2022-10-27 00:24:34,476] {processor.py:153} INFO - Started process (PID=803) to work on /home/airflow/.local/lib/python3.7/site-packages/airflow/example_dags/example_bash_operator.py
[2022-10-27 00:24:34,478] {processor.py:641} INFO - Processing file /home/airflow/.local/lib/python3.7/site-packages/airflow/example_dags/example_bash_operator.py for tasks to queue
[2022-10-27 00:24:34,482] {logging_mixin.py:115} INFO - [2022-10-27 00:24:34,482] {dagbag.py:508} INFO - Filling up the DagBag from /home/airflow/.local/lib/python3.7/site-packages/airflow/example_dags/example_bash_operator.py
[2022-10-27 00:24:34,520] {processor.py:651} INFO - DAG(s) dict_keys(['example_bash_operator']) retrieved from /home/airflow/.local/lib/python3.7/site-packages/airflow/example_dags/example_bash_operator.py
[2022-10-27 00:24:35,147] {logging_mixin.py:115} INFO - [2022-10-27 00:24:35,146] {dag.py:2420} INFO - Sync 1 DAGs
[2022-10-27 00:24:35,219] {logging_mixin.py:115} INFO - [2022-10-27 00:24:35,218] {dag.py:2972} INFO - Setting next_dagrun for example_bash_operator to 2022-10-26T00:00:00+00:00, run_after=2022-10-27T00:00:00+00:00
[2022-10-27 00:24:35,264] {processor.py:161} INFO - Processing /home/airflow/.local/lib/python3.7/site-packages/airflow/example_dags/example_bash_operator.py took 0.797 seconds
[2022-10-27 00:25:05,661] {processor.py:153} INFO - Started process (PID=857) to work on /home/airflow/.local/lib/python3.7/site-packages/airflow/example_dags/example_bash_operator.py
[2022-10-27 00:25:05,662] {processor.py:641} INFO - Processing file /home/airflow/.local/lib/python3.7/site-packages/airflow/example_dags/example_bash_operator.py for tasks to queue
[2022-10-27 00:25:05,663] {logging_mixin.py:115} INFO - [2022-10-27 00:25:05,663] {dagbag.py:508} INFO - Filling up the DagBag from /home/airflow/.local/lib/python3.7/site-packages/airflow/example_dags/example_bash_operator.py
[2022-10-27 00:25:05,684] {processor.py:651} INFO - DAG(s) dict_keys(['example_bash_operator']) retrieved from /home/airflow/.local/lib/python3.7/site-packages/airflow/example_dags/example_bash_operator.py
[2022-10-27 00:25:05,973] {logging_mixin.py:115} INFO - [2022-10-27 00:25:05,973] {dag.py:2420} INFO - Sync 1 DAGs
[2022-10-27 00:25:06,017] {logging_mixin.py:115} INFO - [2022-10-27 00:25:06,017] {dag.py:2972} INFO - Setting next_dagrun for example_bash_operator to 2022-10-26T00:00:00+00:00, run_after=2022-10-27T00:00:00+00:00
[2022-10-27 00:25:06,045] {processor.py:161} INFO - Processing /home/airflow/.local/lib/python3.7/site-packages/airflow/example_dags/example_bash_operator.py took 0.389 seconds
[2022-10-27 00:25:36,092] {processor.py:153} INFO - Started process (PID=911) to work on /home/airflow/.local/lib/python3.7/site-packages/airflow/example_dags/example_bash_operator.py
[2022-10-27 00:25:36,094] {processor.py:641} INFO - Processing file /home/airflow/.local/lib/python3.7/site-packages/airflow/example_dags/example_bash_operator.py for tasks to queue
[2022-10-27 00:25:36,095] {logging_mixin.py:115} INFO - [2022-10-27 00:25:36,095] {dagbag.py:508} INFO - Filling up the DagBag from /home/airflow/.local/lib/python3.7/site-packages/airflow/example_dags/example_bash_operator.py
[2022-10-27 00:25:36,129] {processor.py:651} INFO - DAG(s) dict_keys(['example_bash_operator']) retrieved from /home/airflow/.local/lib/python3.7/site-packages/airflow/example_dags/example_bash_operator.py
[2022-10-27 00:25:36,450] {logging_mixin.py:115} INFO - [2022-10-27 00:25:36,449] {dag.py:2420} INFO - Sync 1 DAGs
[2022-10-27 00:25:36,494] {logging_mixin.py:115} INFO - [2022-10-27 00:25:36,494] {dag.py:2972} INFO - Setting next_dagrun for example_bash_operator to 2022-10-26T00:00:00+00:00, run_after=2022-10-27T00:00:00+00:00
[2022-10-27 00:25:36,518] {processor.py:161} INFO - Processing /home/airflow/.local/lib/python3.7/site-packages/airflow/example_dags/example_bash_operator.py took 0.434 seconds
[2022-10-27 00:26:06,684] {processor.py:153} INFO - Started process (PID=965) to work on /home/airflow/.local/lib/python3.7/site-packages/airflow/example_dags/example_bash_operator.py
[2022-10-27 00:26:06,685] {processor.py:641} INFO - Processing file /home/airflow/.local/lib/python3.7/site-packages/airflow/example_dags/example_bash_operator.py for tasks to queue
[2022-10-27 00:26:06,686] {logging_mixin.py:115} INFO - [2022-10-27 00:26:06,686] {dagbag.py:508} INFO - Filling up the DagBag from /home/airflow/.local/lib/python3.7/site-packages/airflow/example_dags/example_bash_operator.py
[2022-10-27 00:26:06,714] {processor.py:651} INFO - DAG(s) dict_keys(['example_bash_operator']) retrieved from /home/airflow/.local/lib/python3.7/site-packages/airflow/example_dags/example_bash_operator.py
[2022-10-27 00:26:07,115] {logging_mixin.py:115} INFO - [2022-10-27 00:26:07,115] {dag.py:2420} INFO - Sync 1 DAGs
[2022-10-27 00:26:07,193] {logging_mixin.py:115} INFO - [2022-10-27 00:26:07,192] {dag.py:2972} INFO - Setting next_dagrun for example_bash_operator to 2022-10-26T00:00:00+00:00, run_after=2022-10-27T00:00:00+00:00
[2022-10-27 00:26:07,227] {processor.py:161} INFO - Processing /home/airflow/.local/lib/python3.7/site-packages/airflow/example_dags/example_bash_operator.py took 0.550 seconds
[2022-10-27 00:26:37,624] {processor.py:153} INFO - Started process (PID=1028) to work on /home/airflow/.local/lib/python3.7/site-packages/airflow/example_dags/example_bash_operator.py
[2022-10-27 00:26:37,625] {processor.py:641} INFO - Processing file /home/airflow/.local/lib/python3.7/site-packages/airflow/example_dags/example_bash_operator.py for tasks to queue
[2022-10-27 00:26:37,626] {logging_mixin.py:115} INFO - [2022-10-27 00:26:37,626] {dagbag.py:508} INFO - Filling up the DagBag from /home/airflow/.local/lib/python3.7/site-packages/airflow/example_dags/example_bash_operator.py
[2022-10-27 00:26:37,648] {processor.py:651} INFO - DAG(s) dict_keys(['example_bash_operator']) retrieved from /home/airflow/.local/lib/python3.7/site-packages/airflow/example_dags/example_bash_operator.py
[2022-10-27 00:26:37,838] {logging_mixin.py:115} INFO - [2022-10-27 00:26:37,838] {dag.py:2420} INFO - Sync 1 DAGs
[2022-10-27 00:26:37,877] {logging_mixin.py:115} INFO - [2022-10-27 00:26:37,877] {dag.py:2972} INFO - Setting next_dagrun for example_bash_operator to 2022-10-26T00:00:00+00:00, run_after=2022-10-27T00:00:00+00:00
[2022-10-27 00:26:37,901] {processor.py:161} INFO - Processing /home/airflow/.local/lib/python3.7/site-packages/airflow/example_dags/example_bash_operator.py took 0.282 seconds
[2022-10-27 00:27:09,056] {processor.py:153} INFO - Started process (PID=1082) to work on /home/airflow/.local/lib/python3.7/site-packages/airflow/example_dags/example_bash_operator.py
[2022-10-27 00:27:09,057] {processor.py:641} INFO - Processing file /home/airflow/.local/lib/python3.7/site-packages/airflow/example_dags/example_bash_operator.py for tasks to queue
[2022-10-27 00:27:09,057] {logging_mixin.py:115} INFO - [2022-10-27 00:27:09,057] {dagbag.py:508} INFO - Filling up the DagBag from /home/airflow/.local/lib/python3.7/site-packages/airflow/example_dags/example_bash_operator.py
[2022-10-27 00:27:09,076] {processor.py:651} INFO - DAG(s) dict_keys(['example_bash_operator']) retrieved from /home/airflow/.local/lib/python3.7/site-packages/airflow/example_dags/example_bash_operator.py
[2022-10-27 00:27:09,346] {logging_mixin.py:115} INFO - [2022-10-27 00:27:09,346] {dag.py:2420} INFO - Sync 1 DAGs
[2022-10-27 00:27:09,390] {logging_mixin.py:115} INFO - [2022-10-27 00:27:09,390] {dag.py:2972} INFO - Setting next_dagrun for example_bash_operator to 2022-10-26T00:00:00+00:00, run_after=2022-10-27T00:00:00+00:00
[2022-10-27 00:27:09,417] {processor.py:161} INFO - Processing /home/airflow/.local/lib/python3.7/site-packages/airflow/example_dags/example_bash_operator.py took 0.367 seconds
[2022-10-27 00:27:40,548] {processor.py:153} INFO - Started process (PID=1136) to work on /home/airflow/.local/lib/python3.7/site-packages/airflow/example_dags/example_bash_operator.py
[2022-10-27 00:27:40,549] {processor.py:641} INFO - Processing file /home/airflow/.local/lib/python3.7/site-packages/airflow/example_dags/example_bash_operator.py for tasks to queue
[2022-10-27 00:27:40,550] {logging_mixin.py:115} INFO - [2022-10-27 00:27:40,550] {dagbag.py:508} INFO - Filling up the DagBag from /home/airflow/.local/lib/python3.7/site-packages/airflow/example_dags/example_bash_operator.py
[2022-10-27 00:27:40,576] {processor.py:651} INFO - DAG(s) dict_keys(['example_bash_operator']) retrieved from /home/airflow/.local/lib/python3.7/site-packages/airflow/example_dags/example_bash_operator.py
[2022-10-27 00:27:40,948] {logging_mixin.py:115} INFO - [2022-10-27 00:27:40,947] {dag.py:2420} INFO - Sync 1 DAGs
[2022-10-27 00:27:40,996] {logging_mixin.py:115} INFO - [2022-10-27 00:27:40,996] {dag.py:2972} INFO - Setting next_dagrun for example_bash_operator to 2022-10-26T00:00:00+00:00, run_after=2022-10-27T00:00:00+00:00
[2022-10-27 00:27:41,025] {processor.py:161} INFO - Processing /home/airflow/.local/lib/python3.7/site-packages/airflow/example_dags/example_bash_operator.py took 0.484 seconds
[2022-10-27 00:28:11,509] {processor.py:153} INFO - Started process (PID=1200) to work on /home/airflow/.local/lib/python3.7/site-packages/airflow/example_dags/example_bash_operator.py
[2022-10-27 00:28:11,510] {processor.py:641} INFO - Processing file /home/airflow/.local/lib/python3.7/site-packages/airflow/example_dags/example_bash_operator.py for tasks to queue
[2022-10-27 00:28:11,511] {logging_mixin.py:115} INFO - [2022-10-27 00:28:11,511] {dagbag.py:508} INFO - Filling up the DagBag from /home/airflow/.local/lib/python3.7/site-packages/airflow/example_dags/example_bash_operator.py
[2022-10-27 00:28:11,529] {processor.py:651} INFO - DAG(s) dict_keys(['example_bash_operator']) retrieved from /home/airflow/.local/lib/python3.7/site-packages/airflow/example_dags/example_bash_operator.py
[2022-10-27 00:28:11,746] {logging_mixin.py:115} INFO - [2022-10-27 00:28:11,745] {dag.py:2420} INFO - Sync 1 DAGs
[2022-10-27 00:28:11,791] {logging_mixin.py:115} INFO - [2022-10-27 00:28:11,791] {dag.py:2972} INFO - Setting next_dagrun for example_bash_operator to 2022-10-26T00:00:00+00:00, run_after=2022-10-27T00:00:00+00:00
[2022-10-27 00:28:11,815] {processor.py:161} INFO - Processing /home/airflow/.local/lib/python3.7/site-packages/airflow/example_dags/example_bash_operator.py took 0.311 seconds
[2022-10-27 00:28:43,157] {processor.py:153} INFO - Started process (PID=1254) to work on /home/airflow/.local/lib/python3.7/site-packages/airflow/example_dags/example_bash_operator.py
[2022-10-27 00:28:43,158] {processor.py:641} INFO - Processing file /home/airflow/.local/lib/python3.7/site-packages/airflow/example_dags/example_bash_operator.py for tasks to queue
[2022-10-27 00:28:43,159] {logging_mixin.py:115} INFO - [2022-10-27 00:28:43,159] {dagbag.py:508} INFO - Filling up the DagBag from /home/airflow/.local/lib/python3.7/site-packages/airflow/example_dags/example_bash_operator.py
[2022-10-27 00:28:43,192] {processor.py:651} INFO - DAG(s) dict_keys(['example_bash_operator']) retrieved from /home/airflow/.local/lib/python3.7/site-packages/airflow/example_dags/example_bash_operator.py
[2022-10-27 00:28:43,425] {logging_mixin.py:115} INFO - [2022-10-27 00:28:43,424] {dag.py:2420} INFO - Sync 1 DAGs
[2022-10-27 00:28:43,467] {logging_mixin.py:115} INFO - [2022-10-27 00:28:43,467] {dag.py:2972} INFO - Setting next_dagrun for example_bash_operator to 2022-10-26T00:00:00+00:00, run_after=2022-10-27T00:00:00+00:00
[2022-10-27 00:28:43,488] {processor.py:161} INFO - Processing /home/airflow/.local/lib/python3.7/site-packages/airflow/example_dags/example_bash_operator.py took 0.337 seconds
[2022-10-27 00:29:13,868] {processor.py:153} INFO - Started process (PID=1309) to work on /home/airflow/.local/lib/python3.7/site-packages/airflow/example_dags/example_bash_operator.py
[2022-10-27 00:29:13,869] {processor.py:641} INFO - Processing file /home/airflow/.local/lib/python3.7/site-packages/airflow/example_dags/example_bash_operator.py for tasks to queue
[2022-10-27 00:29:13,870] {logging_mixin.py:115} INFO - [2022-10-27 00:29:13,870] {dagbag.py:508} INFO - Filling up the DagBag from /home/airflow/.local/lib/python3.7/site-packages/airflow/example_dags/example_bash_operator.py
[2022-10-27 00:29:13,895] {processor.py:651} INFO - DAG(s) dict_keys(['example_bash_operator']) retrieved from /home/airflow/.local/lib/python3.7/site-packages/airflow/example_dags/example_bash_operator.py
[2022-10-27 00:29:14,185] {logging_mixin.py:115} INFO - [2022-10-27 00:29:14,184] {dag.py:2420} INFO - Sync 1 DAGs
[2022-10-27 00:29:14,231] {logging_mixin.py:115} INFO - [2022-10-27 00:29:14,230] {dag.py:2972} INFO - Setting next_dagrun for example_bash_operator to 2022-10-26T00:00:00+00:00, run_after=2022-10-27T00:00:00+00:00
[2022-10-27 00:29:14,268] {processor.py:161} INFO - Processing /home/airflow/.local/lib/python3.7/site-packages/airflow/example_dags/example_bash_operator.py took 0.405 seconds
[2022-10-27 00:29:44,841] {processor.py:153} INFO - Started process (PID=1372) to work on /home/airflow/.local/lib/python3.7/site-packages/airflow/example_dags/example_bash_operator.py
[2022-10-27 00:29:44,842] {processor.py:641} INFO - Processing file /home/airflow/.local/lib/python3.7/site-packages/airflow/example_dags/example_bash_operator.py for tasks to queue
[2022-10-27 00:29:44,843] {logging_mixin.py:115} INFO - [2022-10-27 00:29:44,842] {dagbag.py:508} INFO - Filling up the DagBag from /home/airflow/.local/lib/python3.7/site-packages/airflow/example_dags/example_bash_operator.py
[2022-10-27 00:29:44,865] {processor.py:651} INFO - DAG(s) dict_keys(['example_bash_operator']) retrieved from /home/airflow/.local/lib/python3.7/site-packages/airflow/example_dags/example_bash_operator.py
[2022-10-27 00:29:45,063] {logging_mixin.py:115} INFO - [2022-10-27 00:29:45,063] {dag.py:2420} INFO - Sync 1 DAGs
[2022-10-27 00:29:45,102] {logging_mixin.py:115} INFO - [2022-10-27 00:29:45,101] {dag.py:2972} INFO - Setting next_dagrun for example_bash_operator to 2022-10-26T00:00:00+00:00, run_after=2022-10-27T00:00:00+00:00
[2022-10-27 00:29:45,122] {processor.py:161} INFO - Processing /home/airflow/.local/lib/python3.7/site-packages/airflow/example_dags/example_bash_operator.py took 0.286 seconds
[2022-10-27 00:30:15,519] {processor.py:153} INFO - Started process (PID=1426) to work on /home/airflow/.local/lib/python3.7/site-packages/airflow/example_dags/example_bash_operator.py
[2022-10-27 00:30:15,520] {processor.py:641} INFO - Processing file /home/airflow/.local/lib/python3.7/site-packages/airflow/example_dags/example_bash_operator.py for tasks to queue
[2022-10-27 00:30:15,521] {logging_mixin.py:115} INFO - [2022-10-27 00:30:15,521] {dagbag.py:508} INFO - Filling up the DagBag from /home/airflow/.local/lib/python3.7/site-packages/airflow/example_dags/example_bash_operator.py
[2022-10-27 00:30:15,545] {processor.py:651} INFO - DAG(s) dict_keys(['example_bash_operator']) retrieved from /home/airflow/.local/lib/python3.7/site-packages/airflow/example_dags/example_bash_operator.py
[2022-10-27 00:30:15,807] {logging_mixin.py:115} INFO - [2022-10-27 00:30:15,806] {dag.py:2420} INFO - Sync 1 DAGs
[2022-10-27 00:30:15,849] {logging_mixin.py:115} INFO - [2022-10-27 00:30:15,849] {dag.py:2972} INFO - Setting next_dagrun for example_bash_operator to 2022-10-26T00:00:00+00:00, run_after=2022-10-27T00:00:00+00:00
[2022-10-27 00:30:15,871] {processor.py:161} INFO - Processing /home/airflow/.local/lib/python3.7/site-packages/airflow/example_dags/example_bash_operator.py took 0.358 seconds
[2022-10-27 00:30:46,576] {processor.py:153} INFO - Started process (PID=1481) to work on /home/airflow/.local/lib/python3.7/site-packages/airflow/example_dags/example_bash_operator.py
[2022-10-27 00:30:46,577] {processor.py:641} INFO - Processing file /home/airflow/.local/lib/python3.7/site-packages/airflow/example_dags/example_bash_operator.py for tasks to queue
[2022-10-27 00:30:46,577] {logging_mixin.py:115} INFO - [2022-10-27 00:30:46,577] {dagbag.py:508} INFO - Filling up the DagBag from /home/airflow/.local/lib/python3.7/site-packages/airflow/example_dags/example_bash_operator.py
[2022-10-27 00:30:46,600] {processor.py:651} INFO - DAG(s) dict_keys(['example_bash_operator']) retrieved from /home/airflow/.local/lib/python3.7/site-packages/airflow/example_dags/example_bash_operator.py
[2022-10-27 00:30:46,827] {logging_mixin.py:115} INFO - [2022-10-27 00:30:46,826] {dag.py:2420} INFO - Sync 1 DAGs
[2022-10-27 00:30:46,864] {logging_mixin.py:115} INFO - [2022-10-27 00:30:46,864] {dag.py:2972} INFO - Setting next_dagrun for example_bash_operator to 2022-10-26T00:00:00+00:00, run_after=2022-10-27T00:00:00+00:00
[2022-10-27 00:30:46,882] {processor.py:161} INFO - Processing /home/airflow/.local/lib/python3.7/site-packages/airflow/example_dags/example_bash_operator.py took 0.310 seconds
[2022-10-27 00:31:18,272] {processor.py:153} INFO - Started process (PID=1545) to work on /home/airflow/.local/lib/python3.7/site-packages/airflow/example_dags/example_bash_operator.py
[2022-10-27 00:31:18,273] {processor.py:641} INFO - Processing file /home/airflow/.local/lib/python3.7/site-packages/airflow/example_dags/example_bash_operator.py for tasks to queue
[2022-10-27 00:31:18,274] {logging_mixin.py:115} INFO - [2022-10-27 00:31:18,274] {dagbag.py:508} INFO - Filling up the DagBag from /home/airflow/.local/lib/python3.7/site-packages/airflow/example_dags/example_bash_operator.py
[2022-10-27 00:31:18,304] {processor.py:651} INFO - DAG(s) dict_keys(['example_bash_operator']) retrieved from /home/airflow/.local/lib/python3.7/site-packages/airflow/example_dags/example_bash_operator.py
[2022-10-27 00:31:18,522] {logging_mixin.py:115} INFO - [2022-10-27 00:31:18,522] {dag.py:2420} INFO - Sync 1 DAGs
[2022-10-27 00:31:18,562] {logging_mixin.py:115} INFO - [2022-10-27 00:31:18,561] {dag.py:2972} INFO - Setting next_dagrun for example_bash_operator to 2022-10-26T00:00:00+00:00, run_after=2022-10-27T00:00:00+00:00
[2022-10-27 00:31:18,584] {processor.py:161} INFO - Processing /home/airflow/.local/lib/python3.7/site-packages/airflow/example_dags/example_bash_operator.py took 0.317 seconds
[2022-10-27 00:31:49,458] {processor.py:153} INFO - Started process (PID=1599) to work on /home/airflow/.local/lib/python3.7/site-packages/airflow/example_dags/example_bash_operator.py
[2022-10-27 00:31:49,459] {processor.py:641} INFO - Processing file /home/airflow/.local/lib/python3.7/site-packages/airflow/example_dags/example_bash_operator.py for tasks to queue
[2022-10-27 00:31:49,460] {logging_mixin.py:115} INFO - [2022-10-27 00:31:49,459] {dagbag.py:508} INFO - Filling up the DagBag from /home/airflow/.local/lib/python3.7/site-packages/airflow/example_dags/example_bash_operator.py
[2022-10-27 00:31:49,480] {processor.py:651} INFO - DAG(s) dict_keys(['example_bash_operator']) retrieved from /home/airflow/.local/lib/python3.7/site-packages/airflow/example_dags/example_bash_operator.py
[2022-10-27 00:31:49,693] {logging_mixin.py:115} INFO - [2022-10-27 00:31:49,693] {dag.py:2420} INFO - Sync 1 DAGs
[2022-10-27 00:31:49,732] {logging_mixin.py:115} INFO - [2022-10-27 00:31:49,732] {dag.py:2972} INFO - Setting next_dagrun for example_bash_operator to 2022-10-26T00:00:00+00:00, run_after=2022-10-27T00:00:00+00:00
[2022-10-27 00:31:49,749] {processor.py:161} INFO - Processing /home/airflow/.local/lib/python3.7/site-packages/airflow/example_dags/example_bash_operator.py took 0.295 seconds
[2022-10-27 23:11:44,719] {processor.py:153} INFO - Started process (PID=75) to work on /home/airflow/.local/lib/python3.7/site-packages/airflow/example_dags/example_bash_operator.py
[2022-10-27 23:11:44,720] {processor.py:641} INFO - Processing file /home/airflow/.local/lib/python3.7/site-packages/airflow/example_dags/example_bash_operator.py for tasks to queue
[2022-10-27 23:11:44,721] {logging_mixin.py:115} INFO - [2022-10-27 23:11:44,721] {dagbag.py:508} INFO - Filling up the DagBag from /home/airflow/.local/lib/python3.7/site-packages/airflow/example_dags/example_bash_operator.py
[2022-10-27 23:11:44,736] {processor.py:651} INFO - DAG(s) dict_keys(['example_bash_operator']) retrieved from /home/airflow/.local/lib/python3.7/site-packages/airflow/example_dags/example_bash_operator.py
[2022-10-27 23:11:44,775] {logging_mixin.py:115} INFO - [2022-10-27 23:11:44,774] {dag.py:2420} INFO - Sync 1 DAGs
[2022-10-27 23:11:44,958] {logging_mixin.py:115} INFO - [2022-10-27 23:11:44,958] {dag.py:2972} INFO - Setting next_dagrun for example_bash_operator to 2022-10-26T00:00:00+00:00, run_after=2022-10-27T00:00:00+00:00
[2022-10-27 23:11:44,977] {processor.py:161} INFO - Processing /home/airflow/.local/lib/python3.7/site-packages/airflow/example_dags/example_bash_operator.py took 0.262 seconds
[2022-10-27 23:12:15,147] {processor.py:153} INFO - Started process (PID=138) to work on /home/airflow/.local/lib/python3.7/site-packages/airflow/example_dags/example_bash_operator.py
[2022-10-27 23:12:15,147] {processor.py:641} INFO - Processing file /home/airflow/.local/lib/python3.7/site-packages/airflow/example_dags/example_bash_operator.py for tasks to queue
[2022-10-27 23:12:15,148] {logging_mixin.py:115} INFO - [2022-10-27 23:12:15,148] {dagbag.py:508} INFO - Filling up the DagBag from /home/airflow/.local/lib/python3.7/site-packages/airflow/example_dags/example_bash_operator.py
[2022-10-27 23:12:15,158] {processor.py:651} INFO - DAG(s) dict_keys(['example_bash_operator']) retrieved from /home/airflow/.local/lib/python3.7/site-packages/airflow/example_dags/example_bash_operator.py
[2022-10-27 23:12:15,191] {logging_mixin.py:115} INFO - [2022-10-27 23:12:15,190] {dag.py:2420} INFO - Sync 1 DAGs
[2022-10-27 23:12:15,336] {logging_mixin.py:115} INFO - [2022-10-27 23:12:15,336] {dag.py:2972} INFO - Setting next_dagrun for example_bash_operator to 2022-10-26T00:00:00+00:00, run_after=2022-10-27T00:00:00+00:00
[2022-10-27 23:12:15,350] {processor.py:161} INFO - Processing /home/airflow/.local/lib/python3.7/site-packages/airflow/example_dags/example_bash_operator.py took 0.207 seconds
[2022-10-27 23:12:46,018] {processor.py:153} INFO - Started process (PID=192) to work on /home/airflow/.local/lib/python3.7/site-packages/airflow/example_dags/example_bash_operator.py
[2022-10-27 23:12:46,019] {processor.py:641} INFO - Processing file /home/airflow/.local/lib/python3.7/site-packages/airflow/example_dags/example_bash_operator.py for tasks to queue
[2022-10-27 23:12:46,019] {logging_mixin.py:115} INFO - [2022-10-27 23:12:46,019] {dagbag.py:508} INFO - Filling up the DagBag from /home/airflow/.local/lib/python3.7/site-packages/airflow/example_dags/example_bash_operator.py
[2022-10-27 23:12:46,032] {processor.py:651} INFO - DAG(s) dict_keys(['example_bash_operator']) retrieved from /home/airflow/.local/lib/python3.7/site-packages/airflow/example_dags/example_bash_operator.py
[2022-10-27 23:12:46,064] {logging_mixin.py:115} INFO - [2022-10-27 23:12:46,064] {dag.py:2420} INFO - Sync 1 DAGs
[2022-10-27 23:12:46,206] {logging_mixin.py:115} INFO - [2022-10-27 23:12:46,206] {dag.py:2972} INFO - Setting next_dagrun for example_bash_operator to 2022-10-26T00:00:00+00:00, run_after=2022-10-27T00:00:00+00:00
[2022-10-27 23:12:46,221] {processor.py:161} INFO - Processing /home/airflow/.local/lib/python3.7/site-packages/airflow/example_dags/example_bash_operator.py took 0.205 seconds
