[2022-11-21 20:39:02,733] {processor.py:153} INFO - Started process (PID=65) to work on /home/airflow/.local/lib/python3.7/site-packages/airflow/example_dags/example_branch_operator.py
[2022-11-21 20:39:02,734] {processor.py:641} INFO - Processing file /home/airflow/.local/lib/python3.7/site-packages/airflow/example_dags/example_branch_operator.py for tasks to queue
[2022-11-21 20:39:02,735] {logging_mixin.py:115} INFO - [2022-11-21 20:39:02,735] {dagbag.py:508} INFO - Filling up the DagBag from /home/airflow/.local/lib/python3.7/site-packages/airflow/example_dags/example_branch_operator.py
[2022-11-21 20:39:02,779] {processor.py:651} INFO - DAG(s) dict_keys(['example_branch_operator']) retrieved from /home/airflow/.local/lib/python3.7/site-packages/airflow/example_dags/example_branch_operator.py
[2022-11-21 20:39:02,851] {logging_mixin.py:115} INFO - [2022-11-21 20:39:02,851] {dag.py:2420} INFO - Sync 1 DAGs
[2022-11-21 20:39:03,130] {logging_mixin.py:115} INFO - [2022-11-21 20:39:03,129] {dag.py:2972} INFO - Setting next_dagrun for example_branch_operator to 2022-11-20T00:00:00+00:00, run_after=2022-11-21T00:00:00+00:00
[2022-11-21 20:39:03,172] {processor.py:161} INFO - Processing /home/airflow/.local/lib/python3.7/site-packages/airflow/example_dags/example_branch_operator.py took 0.452 seconds
[2022-11-21 23:39:05,793] {processor.py:153} INFO - Started process (PID=109) to work on /home/airflow/.local/lib/python3.7/site-packages/airflow/example_dags/example_branch_operator.py
[2022-11-21 23:39:05,794] {processor.py:641} INFO - Processing file /home/airflow/.local/lib/python3.7/site-packages/airflow/example_dags/example_branch_operator.py for tasks to queue
[2022-11-21 23:39:05,795] {logging_mixin.py:115} INFO - [2022-11-21 23:39:05,795] {dagbag.py:508} INFO - Filling up the DagBag from /home/airflow/.local/lib/python3.7/site-packages/airflow/example_dags/example_branch_operator.py
[2022-11-21 23:39:05,821] {processor.py:651} INFO - DAG(s) dict_keys(['example_branch_operator']) retrieved from /home/airflow/.local/lib/python3.7/site-packages/airflow/example_dags/example_branch_operator.py
[2022-11-21 23:39:05,910] {logging_mixin.py:115} INFO - [2022-11-21 23:39:05,910] {dag.py:2420} INFO - Sync 1 DAGs
[2022-11-21 23:39:06,384] {logging_mixin.py:115} INFO - [2022-11-21 23:39:06,384] {dag.py:2972} INFO - Setting next_dagrun for example_branch_operator to 2022-11-20T00:00:00+00:00, run_after=2022-11-21T00:00:00+00:00
[2022-11-21 23:39:06,455] {processor.py:161} INFO - Processing /home/airflow/.local/lib/python3.7/site-packages/airflow/example_dags/example_branch_operator.py took 0.666 seconds
[2022-11-21 23:39:42,693] {processor.py:153} INFO - Started process (PID=161) to work on /home/airflow/.local/lib/python3.7/site-packages/airflow/example_dags/example_branch_operator.py
[2022-11-21 23:39:42,696] {processor.py:641} INFO - Processing file /home/airflow/.local/lib/python3.7/site-packages/airflow/example_dags/example_branch_operator.py for tasks to queue
[2022-11-21 23:39:42,697] {logging_mixin.py:115} INFO - [2022-11-21 23:39:42,696] {dagbag.py:508} INFO - Filling up the DagBag from /home/airflow/.local/lib/python3.7/site-packages/airflow/example_dags/example_branch_operator.py
[2022-11-21 23:39:42,739] {processor.py:651} INFO - DAG(s) dict_keys(['example_branch_operator']) retrieved from /home/airflow/.local/lib/python3.7/site-packages/airflow/example_dags/example_branch_operator.py
[2022-11-21 23:39:42,800] {logging_mixin.py:115} INFO - [2022-11-21 23:39:42,800] {dag.py:2420} INFO - Sync 1 DAGs
[2022-11-21 23:39:43,273] {logging_mixin.py:115} INFO - [2022-11-21 23:39:43,273] {dag.py:2972} INFO - Setting next_dagrun for example_branch_operator to 2022-11-20T00:00:00+00:00, run_after=2022-11-21T00:00:00+00:00
[2022-11-21 23:39:43,297] {processor.py:161} INFO - Processing /home/airflow/.local/lib/python3.7/site-packages/airflow/example_dags/example_branch_operator.py took 0.615 seconds
[2022-11-21 23:40:18,322] {processor.py:153} INFO - Started process (PID=215) to work on /home/airflow/.local/lib/python3.7/site-packages/airflow/example_dags/example_branch_operator.py
[2022-11-21 23:40:18,326] {processor.py:641} INFO - Processing file /home/airflow/.local/lib/python3.7/site-packages/airflow/example_dags/example_branch_operator.py for tasks to queue
[2022-11-21 23:40:18,328] {logging_mixin.py:115} INFO - [2022-11-21 23:40:18,328] {dagbag.py:508} INFO - Filling up the DagBag from /home/airflow/.local/lib/python3.7/site-packages/airflow/example_dags/example_branch_operator.py
[2022-11-21 23:40:18,366] {processor.py:651} INFO - DAG(s) dict_keys(['example_branch_operator']) retrieved from /home/airflow/.local/lib/python3.7/site-packages/airflow/example_dags/example_branch_operator.py
[2022-11-21 23:40:18,475] {logging_mixin.py:115} INFO - [2022-11-21 23:40:18,475] {dag.py:2420} INFO - Sync 1 DAGs
[2022-11-21 23:40:18,921] {logging_mixin.py:115} INFO - [2022-11-21 23:40:18,913] {dag.py:2972} INFO - Setting next_dagrun for example_branch_operator to 2022-11-20T00:00:00+00:00, run_after=2022-11-21T00:00:00+00:00
[2022-11-21 23:40:18,992] {processor.py:161} INFO - Processing /home/airflow/.local/lib/python3.7/site-packages/airflow/example_dags/example_branch_operator.py took 0.678 seconds
[2022-11-21 23:40:49,133] {processor.py:153} INFO - Started process (PID=268) to work on /home/airflow/.local/lib/python3.7/site-packages/airflow/example_dags/example_branch_operator.py
[2022-11-21 23:40:49,134] {processor.py:641} INFO - Processing file /home/airflow/.local/lib/python3.7/site-packages/airflow/example_dags/example_branch_operator.py for tasks to queue
[2022-11-21 23:40:49,135] {logging_mixin.py:115} INFO - [2022-11-21 23:40:49,135] {dagbag.py:508} INFO - Filling up the DagBag from /home/airflow/.local/lib/python3.7/site-packages/airflow/example_dags/example_branch_operator.py
[2022-11-21 23:40:49,164] {processor.py:651} INFO - DAG(s) dict_keys(['example_branch_operator']) retrieved from /home/airflow/.local/lib/python3.7/site-packages/airflow/example_dags/example_branch_operator.py
[2022-11-21 23:40:49,234] {logging_mixin.py:115} INFO - [2022-11-21 23:40:49,234] {dag.py:2420} INFO - Sync 1 DAGs
[2022-11-21 23:40:49,609] {logging_mixin.py:115} INFO - [2022-11-21 23:40:49,609] {dag.py:2972} INFO - Setting next_dagrun for example_branch_operator to 2022-11-20T00:00:00+00:00, run_after=2022-11-21T00:00:00+00:00
[2022-11-21 23:40:49,647] {processor.py:161} INFO - Processing /home/airflow/.local/lib/python3.7/site-packages/airflow/example_dags/example_branch_operator.py took 0.521 seconds
[2022-11-21 23:41:19,867] {processor.py:153} INFO - Started process (PID=321) to work on /home/airflow/.local/lib/python3.7/site-packages/airflow/example_dags/example_branch_operator.py
[2022-11-21 23:41:19,868] {processor.py:641} INFO - Processing file /home/airflow/.local/lib/python3.7/site-packages/airflow/example_dags/example_branch_operator.py for tasks to queue
[2022-11-21 23:41:19,868] {logging_mixin.py:115} INFO - [2022-11-21 23:41:19,868] {dagbag.py:508} INFO - Filling up the DagBag from /home/airflow/.local/lib/python3.7/site-packages/airflow/example_dags/example_branch_operator.py
[2022-11-21 23:41:19,888] {processor.py:651} INFO - DAG(s) dict_keys(['example_branch_operator']) retrieved from /home/airflow/.local/lib/python3.7/site-packages/airflow/example_dags/example_branch_operator.py
[2022-11-21 23:41:19,947] {logging_mixin.py:115} INFO - [2022-11-21 23:41:19,946] {dag.py:2420} INFO - Sync 1 DAGs
[2022-11-21 23:41:20,319] {logging_mixin.py:115} INFO - [2022-11-21 23:41:20,318] {dag.py:2972} INFO - Setting next_dagrun for example_branch_operator to 2022-11-20T00:00:00+00:00, run_after=2022-11-21T00:00:00+00:00
[2022-11-21 23:41:20,361] {processor.py:161} INFO - Processing /home/airflow/.local/lib/python3.7/site-packages/airflow/example_dags/example_branch_operator.py took 0.500 seconds
[2022-11-21 23:41:50,674] {processor.py:153} INFO - Started process (PID=383) to work on /home/airflow/.local/lib/python3.7/site-packages/airflow/example_dags/example_branch_operator.py
[2022-11-21 23:41:50,675] {processor.py:641} INFO - Processing file /home/airflow/.local/lib/python3.7/site-packages/airflow/example_dags/example_branch_operator.py for tasks to queue
[2022-11-21 23:41:50,677] {logging_mixin.py:115} INFO - [2022-11-21 23:41:50,677] {dagbag.py:508} INFO - Filling up the DagBag from /home/airflow/.local/lib/python3.7/site-packages/airflow/example_dags/example_branch_operator.py
[2022-11-21 23:41:50,707] {processor.py:651} INFO - DAG(s) dict_keys(['example_branch_operator']) retrieved from /home/airflow/.local/lib/python3.7/site-packages/airflow/example_dags/example_branch_operator.py
[2022-11-21 23:41:50,770] {logging_mixin.py:115} INFO - [2022-11-21 23:41:50,770] {dag.py:2420} INFO - Sync 1 DAGs
[2022-11-21 23:41:51,054] {logging_mixin.py:115} INFO - [2022-11-21 23:41:51,054] {dag.py:2972} INFO - Setting next_dagrun for example_branch_operator to 2022-11-20T00:00:00+00:00, run_after=2022-11-21T00:00:00+00:00
[2022-11-21 23:41:51,082] {processor.py:161} INFO - Processing /home/airflow/.local/lib/python3.7/site-packages/airflow/example_dags/example_branch_operator.py took 0.414 seconds
[2022-11-21 23:42:21,229] {processor.py:153} INFO - Started process (PID=437) to work on /home/airflow/.local/lib/python3.7/site-packages/airflow/example_dags/example_branch_operator.py
[2022-11-21 23:42:21,230] {processor.py:641} INFO - Processing file /home/airflow/.local/lib/python3.7/site-packages/airflow/example_dags/example_branch_operator.py for tasks to queue
[2022-11-21 23:42:21,231] {logging_mixin.py:115} INFO - [2022-11-21 23:42:21,231] {dagbag.py:508} INFO - Filling up the DagBag from /home/airflow/.local/lib/python3.7/site-packages/airflow/example_dags/example_branch_operator.py
[2022-11-21 23:42:21,249] {processor.py:651} INFO - DAG(s) dict_keys(['example_branch_operator']) retrieved from /home/airflow/.local/lib/python3.7/site-packages/airflow/example_dags/example_branch_operator.py
[2022-11-21 23:42:21,313] {logging_mixin.py:115} INFO - [2022-11-21 23:42:21,312] {dag.py:2420} INFO - Sync 1 DAGs
[2022-11-21 23:42:21,606] {logging_mixin.py:115} INFO - [2022-11-21 23:42:21,605] {dag.py:2972} INFO - Setting next_dagrun for example_branch_operator to 2022-11-20T00:00:00+00:00, run_after=2022-11-21T00:00:00+00:00
[2022-11-21 23:42:21,636] {processor.py:161} INFO - Processing /home/airflow/.local/lib/python3.7/site-packages/airflow/example_dags/example_branch_operator.py took 0.412 seconds
[2022-11-21 23:42:52,236] {processor.py:153} INFO - Started process (PID=491) to work on /home/airflow/.local/lib/python3.7/site-packages/airflow/example_dags/example_branch_operator.py
[2022-11-21 23:42:52,237] {processor.py:641} INFO - Processing file /home/airflow/.local/lib/python3.7/site-packages/airflow/example_dags/example_branch_operator.py for tasks to queue
[2022-11-21 23:42:52,238] {logging_mixin.py:115} INFO - [2022-11-21 23:42:52,238] {dagbag.py:508} INFO - Filling up the DagBag from /home/airflow/.local/lib/python3.7/site-packages/airflow/example_dags/example_branch_operator.py
[2022-11-21 23:42:52,270] {processor.py:651} INFO - DAG(s) dict_keys(['example_branch_operator']) retrieved from /home/airflow/.local/lib/python3.7/site-packages/airflow/example_dags/example_branch_operator.py
[2022-11-21 23:42:52,363] {logging_mixin.py:115} INFO - [2022-11-21 23:42:52,363] {dag.py:2420} INFO - Sync 1 DAGs
[2022-11-21 23:42:52,780] {logging_mixin.py:115} INFO - [2022-11-21 23:42:52,780] {dag.py:2972} INFO - Setting next_dagrun for example_branch_operator to 2022-11-20T00:00:00+00:00, run_after=2022-11-21T00:00:00+00:00
[2022-11-21 23:42:52,828] {processor.py:161} INFO - Processing /home/airflow/.local/lib/python3.7/site-packages/airflow/example_dags/example_branch_operator.py took 0.601 seconds
[2022-11-21 23:43:23,125] {processor.py:153} INFO - Started process (PID=554) to work on /home/airflow/.local/lib/python3.7/site-packages/airflow/example_dags/example_branch_operator.py
[2022-11-21 23:43:23,127] {processor.py:641} INFO - Processing file /home/airflow/.local/lib/python3.7/site-packages/airflow/example_dags/example_branch_operator.py for tasks to queue
[2022-11-21 23:43:23,127] {logging_mixin.py:115} INFO - [2022-11-21 23:43:23,127] {dagbag.py:508} INFO - Filling up the DagBag from /home/airflow/.local/lib/python3.7/site-packages/airflow/example_dags/example_branch_operator.py
[2022-11-21 23:43:23,149] {processor.py:651} INFO - DAG(s) dict_keys(['example_branch_operator']) retrieved from /home/airflow/.local/lib/python3.7/site-packages/airflow/example_dags/example_branch_operator.py
[2022-11-21 23:43:23,206] {logging_mixin.py:115} INFO - [2022-11-21 23:43:23,206] {dag.py:2420} INFO - Sync 1 DAGs
[2022-11-21 23:43:23,579] {logging_mixin.py:115} INFO - [2022-11-21 23:43:23,578] {dag.py:2972} INFO - Setting next_dagrun for example_branch_operator to 2022-11-20T00:00:00+00:00, run_after=2022-11-21T00:00:00+00:00
[2022-11-21 23:43:23,601] {processor.py:161} INFO - Processing /home/airflow/.local/lib/python3.7/site-packages/airflow/example_dags/example_branch_operator.py took 0.481 seconds
[2022-11-21 23:43:54,028] {processor.py:153} INFO - Started process (PID=610) to work on /home/airflow/.local/lib/python3.7/site-packages/airflow/example_dags/example_branch_operator.py
[2022-11-21 23:43:54,029] {processor.py:641} INFO - Processing file /home/airflow/.local/lib/python3.7/site-packages/airflow/example_dags/example_branch_operator.py for tasks to queue
[2022-11-21 23:43:54,030] {logging_mixin.py:115} INFO - [2022-11-21 23:43:54,030] {dagbag.py:508} INFO - Filling up the DagBag from /home/airflow/.local/lib/python3.7/site-packages/airflow/example_dags/example_branch_operator.py
[2022-11-21 23:43:54,060] {processor.py:651} INFO - DAG(s) dict_keys(['example_branch_operator']) retrieved from /home/airflow/.local/lib/python3.7/site-packages/airflow/example_dags/example_branch_operator.py
[2022-11-21 23:43:54,178] {logging_mixin.py:115} INFO - [2022-11-21 23:43:54,178] {dag.py:2420} INFO - Sync 1 DAGs
[2022-11-21 23:43:54,519] {logging_mixin.py:115} INFO - [2022-11-21 23:43:54,519] {dag.py:2972} INFO - Setting next_dagrun for example_branch_operator to 2022-11-20T00:00:00+00:00, run_after=2022-11-21T00:00:00+00:00
[2022-11-21 23:43:54,575] {processor.py:161} INFO - Processing /home/airflow/.local/lib/python3.7/site-packages/airflow/example_dags/example_branch_operator.py took 0.553 seconds
[2022-11-21 23:44:25,468] {processor.py:153} INFO - Started process (PID=664) to work on /home/airflow/.local/lib/python3.7/site-packages/airflow/example_dags/example_branch_operator.py
[2022-11-21 23:44:25,469] {processor.py:641} INFO - Processing file /home/airflow/.local/lib/python3.7/site-packages/airflow/example_dags/example_branch_operator.py for tasks to queue
[2022-11-21 23:44:25,470] {logging_mixin.py:115} INFO - [2022-11-21 23:44:25,469] {dagbag.py:508} INFO - Filling up the DagBag from /home/airflow/.local/lib/python3.7/site-packages/airflow/example_dags/example_branch_operator.py
[2022-11-21 23:44:25,492] {processor.py:651} INFO - DAG(s) dict_keys(['example_branch_operator']) retrieved from /home/airflow/.local/lib/python3.7/site-packages/airflow/example_dags/example_branch_operator.py
[2022-11-21 23:44:25,538] {logging_mixin.py:115} INFO - [2022-11-21 23:44:25,538] {dag.py:2420} INFO - Sync 1 DAGs
[2022-11-21 23:44:25,779] {logging_mixin.py:115} INFO - [2022-11-21 23:44:25,779] {dag.py:2972} INFO - Setting next_dagrun for example_branch_operator to 2022-11-20T00:00:00+00:00, run_after=2022-11-21T00:00:00+00:00
[2022-11-21 23:44:25,806] {processor.py:161} INFO - Processing /home/airflow/.local/lib/python3.7/site-packages/airflow/example_dags/example_branch_operator.py took 0.344 seconds
[2022-11-21 23:44:56,793] {processor.py:153} INFO - Started process (PID=724) to work on /home/airflow/.local/lib/python3.7/site-packages/airflow/example_dags/example_branch_operator.py
[2022-11-21 23:44:56,794] {processor.py:641} INFO - Processing file /home/airflow/.local/lib/python3.7/site-packages/airflow/example_dags/example_branch_operator.py for tasks to queue
[2022-11-21 23:44:56,795] {logging_mixin.py:115} INFO - [2022-11-21 23:44:56,795] {dagbag.py:508} INFO - Filling up the DagBag from /home/airflow/.local/lib/python3.7/site-packages/airflow/example_dags/example_branch_operator.py
[2022-11-21 23:44:56,819] {processor.py:651} INFO - DAG(s) dict_keys(['example_branch_operator']) retrieved from /home/airflow/.local/lib/python3.7/site-packages/airflow/example_dags/example_branch_operator.py
[2022-11-21 23:44:56,896] {logging_mixin.py:115} INFO - [2022-11-21 23:44:56,895] {dag.py:2420} INFO - Sync 1 DAGs
[2022-11-21 23:44:57,137] {logging_mixin.py:115} INFO - [2022-11-21 23:44:57,136] {dag.py:2972} INFO - Setting next_dagrun for example_branch_operator to 2022-11-20T00:00:00+00:00, run_after=2022-11-21T00:00:00+00:00
[2022-11-21 23:44:57,162] {processor.py:161} INFO - Processing /home/airflow/.local/lib/python3.7/site-packages/airflow/example_dags/example_branch_operator.py took 0.376 seconds
[2022-11-21 23:45:28,177] {processor.py:153} INFO - Started process (PID=780) to work on /home/airflow/.local/lib/python3.7/site-packages/airflow/example_dags/example_branch_operator.py
[2022-11-21 23:45:28,178] {processor.py:641} INFO - Processing file /home/airflow/.local/lib/python3.7/site-packages/airflow/example_dags/example_branch_operator.py for tasks to queue
[2022-11-21 23:45:28,179] {logging_mixin.py:115} INFO - [2022-11-21 23:45:28,178] {dagbag.py:508} INFO - Filling up the DagBag from /home/airflow/.local/lib/python3.7/site-packages/airflow/example_dags/example_branch_operator.py
[2022-11-21 23:45:28,196] {processor.py:651} INFO - DAG(s) dict_keys(['example_branch_operator']) retrieved from /home/airflow/.local/lib/python3.7/site-packages/airflow/example_dags/example_branch_operator.py
[2022-11-21 23:45:28,283] {logging_mixin.py:115} INFO - [2022-11-21 23:45:28,283] {dag.py:2420} INFO - Sync 1 DAGs
[2022-11-21 23:45:28,663] {logging_mixin.py:115} INFO - [2022-11-21 23:45:28,663] {dag.py:2972} INFO - Setting next_dagrun for example_branch_operator to 2022-11-20T00:00:00+00:00, run_after=2022-11-21T00:00:00+00:00
[2022-11-21 23:45:28,688] {processor.py:161} INFO - Processing /home/airflow/.local/lib/python3.7/site-packages/airflow/example_dags/example_branch_operator.py took 0.517 seconds
[2022-11-21 23:45:59,109] {processor.py:153} INFO - Started process (PID=834) to work on /home/airflow/.local/lib/python3.7/site-packages/airflow/example_dags/example_branch_operator.py
[2022-11-21 23:45:59,110] {processor.py:641} INFO - Processing file /home/airflow/.local/lib/python3.7/site-packages/airflow/example_dags/example_branch_operator.py for tasks to queue
[2022-11-21 23:45:59,111] {logging_mixin.py:115} INFO - [2022-11-21 23:45:59,111] {dagbag.py:508} INFO - Filling up the DagBag from /home/airflow/.local/lib/python3.7/site-packages/airflow/example_dags/example_branch_operator.py
[2022-11-21 23:45:59,130] {processor.py:651} INFO - DAG(s) dict_keys(['example_branch_operator']) retrieved from /home/airflow/.local/lib/python3.7/site-packages/airflow/example_dags/example_branch_operator.py
[2022-11-21 23:45:59,182] {logging_mixin.py:115} INFO - [2022-11-21 23:45:59,182] {dag.py:2420} INFO - Sync 1 DAGs
[2022-11-21 23:45:59,461] {logging_mixin.py:115} INFO - [2022-11-21 23:45:59,461] {dag.py:2972} INFO - Setting next_dagrun for example_branch_operator to 2022-11-20T00:00:00+00:00, run_after=2022-11-21T00:00:00+00:00
[2022-11-21 23:45:59,482] {processor.py:161} INFO - Processing /home/airflow/.local/lib/python3.7/site-packages/airflow/example_dags/example_branch_operator.py took 0.377 seconds
[2022-11-21 23:46:30,091] {processor.py:153} INFO - Started process (PID=894) to work on /home/airflow/.local/lib/python3.7/site-packages/airflow/example_dags/example_branch_operator.py
[2022-11-21 23:46:30,095] {processor.py:641} INFO - Processing file /home/airflow/.local/lib/python3.7/site-packages/airflow/example_dags/example_branch_operator.py for tasks to queue
[2022-11-21 23:46:30,096] {logging_mixin.py:115} INFO - [2022-11-21 23:46:30,096] {dagbag.py:508} INFO - Filling up the DagBag from /home/airflow/.local/lib/python3.7/site-packages/airflow/example_dags/example_branch_operator.py
[2022-11-21 23:46:30,129] {processor.py:651} INFO - DAG(s) dict_keys(['example_branch_operator']) retrieved from /home/airflow/.local/lib/python3.7/site-packages/airflow/example_dags/example_branch_operator.py
[2022-11-21 23:46:30,238] {logging_mixin.py:115} INFO - [2022-11-21 23:46:30,237] {dag.py:2420} INFO - Sync 1 DAGs
[2022-11-21 23:46:30,727] {logging_mixin.py:115} INFO - [2022-11-21 23:46:30,727] {dag.py:2972} INFO - Setting next_dagrun for example_branch_operator to 2022-11-20T00:00:00+00:00, run_after=2022-11-21T00:00:00+00:00
[2022-11-21 23:46:30,769] {processor.py:161} INFO - Processing /home/airflow/.local/lib/python3.7/site-packages/airflow/example_dags/example_branch_operator.py took 0.685 seconds
[2022-11-21 23:47:01,053] {processor.py:153} INFO - Started process (PID=950) to work on /home/airflow/.local/lib/python3.7/site-packages/airflow/example_dags/example_branch_operator.py
[2022-11-21 23:47:01,054] {processor.py:641} INFO - Processing file /home/airflow/.local/lib/python3.7/site-packages/airflow/example_dags/example_branch_operator.py for tasks to queue
[2022-11-21 23:47:01,055] {logging_mixin.py:115} INFO - [2022-11-21 23:47:01,054] {dagbag.py:508} INFO - Filling up the DagBag from /home/airflow/.local/lib/python3.7/site-packages/airflow/example_dags/example_branch_operator.py
[2022-11-21 23:47:01,081] {processor.py:651} INFO - DAG(s) dict_keys(['example_branch_operator']) retrieved from /home/airflow/.local/lib/python3.7/site-packages/airflow/example_dags/example_branch_operator.py
[2022-11-21 23:47:01,132] {logging_mixin.py:115} INFO - [2022-11-21 23:47:01,132] {dag.py:2420} INFO - Sync 1 DAGs
[2022-11-21 23:47:01,434] {logging_mixin.py:115} INFO - [2022-11-21 23:47:01,434] {dag.py:2972} INFO - Setting next_dagrun for example_branch_operator to 2022-11-20T00:00:00+00:00, run_after=2022-11-21T00:00:00+00:00
[2022-11-21 23:47:01,464] {processor.py:161} INFO - Processing /home/airflow/.local/lib/python3.7/site-packages/airflow/example_dags/example_branch_operator.py took 0.417 seconds
[2022-11-21 23:47:31,618] {processor.py:153} INFO - Started process (PID=1004) to work on /home/airflow/.local/lib/python3.7/site-packages/airflow/example_dags/example_branch_operator.py
[2022-11-21 23:47:31,619] {processor.py:641} INFO - Processing file /home/airflow/.local/lib/python3.7/site-packages/airflow/example_dags/example_branch_operator.py for tasks to queue
[2022-11-21 23:47:31,620] {logging_mixin.py:115} INFO - [2022-11-21 23:47:31,620] {dagbag.py:508} INFO - Filling up the DagBag from /home/airflow/.local/lib/python3.7/site-packages/airflow/example_dags/example_branch_operator.py
[2022-11-21 23:47:31,639] {processor.py:651} INFO - DAG(s) dict_keys(['example_branch_operator']) retrieved from /home/airflow/.local/lib/python3.7/site-packages/airflow/example_dags/example_branch_operator.py
[2022-11-21 23:47:31,689] {logging_mixin.py:115} INFO - [2022-11-21 23:47:31,689] {dag.py:2420} INFO - Sync 1 DAGs
[2022-11-21 23:47:31,972] {logging_mixin.py:115} INFO - [2022-11-21 23:47:31,972] {dag.py:2972} INFO - Setting next_dagrun for example_branch_operator to 2022-11-20T00:00:00+00:00, run_after=2022-11-21T00:00:00+00:00
[2022-11-21 23:47:31,997] {processor.py:161} INFO - Processing /home/airflow/.local/lib/python3.7/site-packages/airflow/example_dags/example_branch_operator.py took 0.384 seconds
[2022-11-21 23:48:02,239] {processor.py:153} INFO - Started process (PID=1057) to work on /home/airflow/.local/lib/python3.7/site-packages/airflow/example_dags/example_branch_operator.py
[2022-11-21 23:48:02,240] {processor.py:641} INFO - Processing file /home/airflow/.local/lib/python3.7/site-packages/airflow/example_dags/example_branch_operator.py for tasks to queue
[2022-11-21 23:48:02,241] {logging_mixin.py:115} INFO - [2022-11-21 23:48:02,241] {dagbag.py:508} INFO - Filling up the DagBag from /home/airflow/.local/lib/python3.7/site-packages/airflow/example_dags/example_branch_operator.py
[2022-11-21 23:48:02,259] {processor.py:651} INFO - DAG(s) dict_keys(['example_branch_operator']) retrieved from /home/airflow/.local/lib/python3.7/site-packages/airflow/example_dags/example_branch_operator.py
[2022-11-21 23:48:02,306] {logging_mixin.py:115} INFO - [2022-11-21 23:48:02,306] {dag.py:2420} INFO - Sync 1 DAGs
[2022-11-21 23:48:02,504] {logging_mixin.py:115} INFO - [2022-11-21 23:48:02,503] {dag.py:2972} INFO - Setting next_dagrun for example_branch_operator to 2022-11-20T00:00:00+00:00, run_after=2022-11-21T00:00:00+00:00
[2022-11-21 23:48:02,537] {processor.py:161} INFO - Processing /home/airflow/.local/lib/python3.7/site-packages/airflow/example_dags/example_branch_operator.py took 0.301 seconds
[2022-11-21 23:48:33,073] {processor.py:153} INFO - Started process (PID=1120) to work on /home/airflow/.local/lib/python3.7/site-packages/airflow/example_dags/example_branch_operator.py
[2022-11-21 23:48:33,074] {processor.py:641} INFO - Processing file /home/airflow/.local/lib/python3.7/site-packages/airflow/example_dags/example_branch_operator.py for tasks to queue
[2022-11-21 23:48:33,076] {logging_mixin.py:115} INFO - [2022-11-21 23:48:33,076] {dagbag.py:508} INFO - Filling up the DagBag from /home/airflow/.local/lib/python3.7/site-packages/airflow/example_dags/example_branch_operator.py
[2022-11-21 23:48:33,117] {processor.py:651} INFO - DAG(s) dict_keys(['example_branch_operator']) retrieved from /home/airflow/.local/lib/python3.7/site-packages/airflow/example_dags/example_branch_operator.py
[2022-11-21 23:48:33,200] {logging_mixin.py:115} INFO - [2022-11-21 23:48:33,200] {dag.py:2420} INFO - Sync 1 DAGs
[2022-11-21 23:48:33,453] {logging_mixin.py:115} INFO - [2022-11-21 23:48:33,453] {dag.py:2972} INFO - Setting next_dagrun for example_branch_operator to 2022-11-20T00:00:00+00:00, run_after=2022-11-21T00:00:00+00:00
[2022-11-21 23:48:33,474] {processor.py:161} INFO - Processing /home/airflow/.local/lib/python3.7/site-packages/airflow/example_dags/example_branch_operator.py took 0.412 seconds
[2022-11-21 23:49:04,423] {processor.py:153} INFO - Started process (PID=1174) to work on /home/airflow/.local/lib/python3.7/site-packages/airflow/example_dags/example_branch_operator.py
[2022-11-21 23:49:04,424] {processor.py:641} INFO - Processing file /home/airflow/.local/lib/python3.7/site-packages/airflow/example_dags/example_branch_operator.py for tasks to queue
[2022-11-21 23:49:04,426] {logging_mixin.py:115} INFO - [2022-11-21 23:49:04,425] {dagbag.py:508} INFO - Filling up the DagBag from /home/airflow/.local/lib/python3.7/site-packages/airflow/example_dags/example_branch_operator.py
[2022-11-21 23:49:04,466] {processor.py:651} INFO - DAG(s) dict_keys(['example_branch_operator']) retrieved from /home/airflow/.local/lib/python3.7/site-packages/airflow/example_dags/example_branch_operator.py
[2022-11-21 23:49:04,744] {logging_mixin.py:115} INFO - [2022-11-21 23:49:04,744] {dag.py:2420} INFO - Sync 1 DAGs
[2022-11-21 23:49:04,793] {logging_mixin.py:115} INFO - [2022-11-21 23:49:04,793] {dag.py:2972} INFO - Setting next_dagrun for example_branch_operator to 2022-11-20T00:00:00+00:00, run_after=2022-11-21T00:00:00+00:00
[2022-11-21 23:49:04,821] {processor.py:161} INFO - Processing /home/airflow/.local/lib/python3.7/site-packages/airflow/example_dags/example_branch_operator.py took 0.406 seconds
[2022-11-21 23:49:35,437] {processor.py:153} INFO - Started process (PID=1228) to work on /home/airflow/.local/lib/python3.7/site-packages/airflow/example_dags/example_branch_operator.py
[2022-11-21 23:49:35,438] {processor.py:641} INFO - Processing file /home/airflow/.local/lib/python3.7/site-packages/airflow/example_dags/example_branch_operator.py for tasks to queue
[2022-11-21 23:49:35,439] {logging_mixin.py:115} INFO - [2022-11-21 23:49:35,439] {dagbag.py:508} INFO - Filling up the DagBag from /home/airflow/.local/lib/python3.7/site-packages/airflow/example_dags/example_branch_operator.py
[2022-11-21 23:49:35,475] {processor.py:651} INFO - DAG(s) dict_keys(['example_branch_operator']) retrieved from /home/airflow/.local/lib/python3.7/site-packages/airflow/example_dags/example_branch_operator.py
[2022-11-21 23:49:35,753] {logging_mixin.py:115} INFO - [2022-11-21 23:49:35,753] {dag.py:2420} INFO - Sync 1 DAGs
[2022-11-21 23:49:35,798] {logging_mixin.py:115} INFO - [2022-11-21 23:49:35,798] {dag.py:2972} INFO - Setting next_dagrun for example_branch_operator to 2022-11-20T00:00:00+00:00, run_after=2022-11-21T00:00:00+00:00
[2022-11-21 23:49:35,824] {processor.py:161} INFO - Processing /home/airflow/.local/lib/python3.7/site-packages/airflow/example_dags/example_branch_operator.py took 0.394 seconds
[2022-11-21 23:50:06,224] {processor.py:153} INFO - Started process (PID=1291) to work on /home/airflow/.local/lib/python3.7/site-packages/airflow/example_dags/example_branch_operator.py
[2022-11-21 23:50:06,225] {processor.py:641} INFO - Processing file /home/airflow/.local/lib/python3.7/site-packages/airflow/example_dags/example_branch_operator.py for tasks to queue
[2022-11-21 23:50:06,226] {logging_mixin.py:115} INFO - [2022-11-21 23:50:06,225] {dagbag.py:508} INFO - Filling up the DagBag from /home/airflow/.local/lib/python3.7/site-packages/airflow/example_dags/example_branch_operator.py
[2022-11-21 23:50:06,253] {processor.py:651} INFO - DAG(s) dict_keys(['example_branch_operator']) retrieved from /home/airflow/.local/lib/python3.7/site-packages/airflow/example_dags/example_branch_operator.py
[2022-11-21 23:50:06,519] {logging_mixin.py:115} INFO - [2022-11-21 23:50:06,519] {dag.py:2420} INFO - Sync 1 DAGs
[2022-11-21 23:50:06,559] {logging_mixin.py:115} INFO - [2022-11-21 23:50:06,559] {dag.py:2972} INFO - Setting next_dagrun for example_branch_operator to 2022-11-20T00:00:00+00:00, run_after=2022-11-21T00:00:00+00:00
[2022-11-21 23:50:06,586] {processor.py:161} INFO - Processing /home/airflow/.local/lib/python3.7/site-packages/airflow/example_dags/example_branch_operator.py took 0.368 seconds
[2022-11-21 23:50:36,873] {processor.py:153} INFO - Started process (PID=1344) to work on /home/airflow/.local/lib/python3.7/site-packages/airflow/example_dags/example_branch_operator.py
[2022-11-21 23:50:36,874] {processor.py:641} INFO - Processing file /home/airflow/.local/lib/python3.7/site-packages/airflow/example_dags/example_branch_operator.py for tasks to queue
[2022-11-21 23:50:36,875] {logging_mixin.py:115} INFO - [2022-11-21 23:50:36,875] {dagbag.py:508} INFO - Filling up the DagBag from /home/airflow/.local/lib/python3.7/site-packages/airflow/example_dags/example_branch_operator.py
[2022-11-21 23:50:36,922] {processor.py:651} INFO - DAG(s) dict_keys(['example_branch_operator']) retrieved from /home/airflow/.local/lib/python3.7/site-packages/airflow/example_dags/example_branch_operator.py
[2022-11-21 23:50:37,375] {logging_mixin.py:115} INFO - [2022-11-21 23:50:37,375] {dag.py:2420} INFO - Sync 1 DAGs
[2022-11-21 23:50:37,477] {logging_mixin.py:115} INFO - [2022-11-21 23:50:37,477] {dag.py:2972} INFO - Setting next_dagrun for example_branch_operator to 2022-11-20T00:00:00+00:00, run_after=2022-11-21T00:00:00+00:00
[2022-11-21 23:50:37,515] {processor.py:161} INFO - Processing /home/airflow/.local/lib/python3.7/site-packages/airflow/example_dags/example_branch_operator.py took 0.649 seconds
[2022-11-21 23:51:07,733] {processor.py:153} INFO - Started process (PID=1398) to work on /home/airflow/.local/lib/python3.7/site-packages/airflow/example_dags/example_branch_operator.py
[2022-11-21 23:51:07,734] {processor.py:641} INFO - Processing file /home/airflow/.local/lib/python3.7/site-packages/airflow/example_dags/example_branch_operator.py for tasks to queue
[2022-11-21 23:51:07,735] {logging_mixin.py:115} INFO - [2022-11-21 23:51:07,735] {dagbag.py:508} INFO - Filling up the DagBag from /home/airflow/.local/lib/python3.7/site-packages/airflow/example_dags/example_branch_operator.py
[2022-11-21 23:51:07,770] {processor.py:651} INFO - DAG(s) dict_keys(['example_branch_operator']) retrieved from /home/airflow/.local/lib/python3.7/site-packages/airflow/example_dags/example_branch_operator.py
[2022-11-21 23:51:08,044] {logging_mixin.py:115} INFO - [2022-11-21 23:51:08,044] {dag.py:2420} INFO - Sync 1 DAGs
[2022-11-21 23:51:08,084] {logging_mixin.py:115} INFO - [2022-11-21 23:51:08,084] {dag.py:2972} INFO - Setting next_dagrun for example_branch_operator to 2022-11-20T00:00:00+00:00, run_after=2022-11-21T00:00:00+00:00
[2022-11-21 23:51:08,109] {processor.py:161} INFO - Processing /home/airflow/.local/lib/python3.7/site-packages/airflow/example_dags/example_branch_operator.py took 0.383 seconds
