[2022-12-01 22:47:56,398] {processor.py:153} INFO - Started process (PID=942) to work on /home/airflow/.local/lib/python3.7/site-packages/airflow/example_dags/example_latest_only_with_trigger.py
[2022-12-01 22:47:56,404] {processor.py:641} INFO - Processing file /home/airflow/.local/lib/python3.7/site-packages/airflow/example_dags/example_latest_only_with_trigger.py for tasks to queue
[2022-12-01 22:47:56,408] {logging_mixin.py:115} INFO - [2022-12-01 22:47:56,407] {dagbag.py:508} INFO - Filling up the DagBag from /home/airflow/.local/lib/python3.7/site-packages/airflow/example_dags/example_latest_only_with_trigger.py
[2022-12-01 22:47:56,446] {processor.py:651} INFO - DAG(s) dict_keys(['latest_only_with_trigger']) retrieved from /home/airflow/.local/lib/python3.7/site-packages/airflow/example_dags/example_latest_only_with_trigger.py
[2022-12-01 22:47:56,572] {logging_mixin.py:115} INFO - [2022-12-01 22:47:56,571] {dag.py:2420} INFO - Sync 1 DAGs
[2022-12-01 22:47:57,051] {logging_mixin.py:115} INFO - [2022-12-01 22:47:57,051] {dag.py:2972} INFO - Setting next_dagrun for latest_only_with_trigger to 2022-12-01T18:47:57.050828+00:00, run_after=2022-12-01T22:47:57.050828+00:00
[2022-12-01 22:47:57,091] {processor.py:161} INFO - Processing /home/airflow/.local/lib/python3.7/site-packages/airflow/example_dags/example_latest_only_with_trigger.py took 0.729 seconds
[2022-12-01 22:48:28,059] {processor.py:153} INFO - Started process (PID=995) to work on /home/airflow/.local/lib/python3.7/site-packages/airflow/example_dags/example_latest_only_with_trigger.py
[2022-12-01 22:48:28,060] {processor.py:641} INFO - Processing file /home/airflow/.local/lib/python3.7/site-packages/airflow/example_dags/example_latest_only_with_trigger.py for tasks to queue
[2022-12-01 22:48:28,062] {logging_mixin.py:115} INFO - [2022-12-01 22:48:28,062] {dagbag.py:508} INFO - Filling up the DagBag from /home/airflow/.local/lib/python3.7/site-packages/airflow/example_dags/example_latest_only_with_trigger.py
[2022-12-01 22:48:28,081] {processor.py:651} INFO - DAG(s) dict_keys(['latest_only_with_trigger']) retrieved from /home/airflow/.local/lib/python3.7/site-packages/airflow/example_dags/example_latest_only_with_trigger.py
[2022-12-01 22:48:28,157] {logging_mixin.py:115} INFO - [2022-12-01 22:48:28,156] {dag.py:2420} INFO - Sync 1 DAGs
[2022-12-01 22:48:28,555] {logging_mixin.py:115} INFO - [2022-12-01 22:48:28,554] {dag.py:2972} INFO - Setting next_dagrun for latest_only_with_trigger to 2022-12-01T18:48:28.554353+00:00, run_after=2022-12-01T22:48:28.554353+00:00
[2022-12-01 22:48:28,590] {processor.py:161} INFO - Processing /home/airflow/.local/lib/python3.7/site-packages/airflow/example_dags/example_latest_only_with_trigger.py took 0.538 seconds
[2022-12-01 22:48:59,363] {processor.py:153} INFO - Started process (PID=1056) to work on /home/airflow/.local/lib/python3.7/site-packages/airflow/example_dags/example_latest_only_with_trigger.py
[2022-12-01 22:48:59,365] {processor.py:641} INFO - Processing file /home/airflow/.local/lib/python3.7/site-packages/airflow/example_dags/example_latest_only_with_trigger.py for tasks to queue
[2022-12-01 22:48:59,366] {logging_mixin.py:115} INFO - [2022-12-01 22:48:59,366] {dagbag.py:508} INFO - Filling up the DagBag from /home/airflow/.local/lib/python3.7/site-packages/airflow/example_dags/example_latest_only_with_trigger.py
[2022-12-01 22:48:59,381] {processor.py:651} INFO - DAG(s) dict_keys(['latest_only_with_trigger']) retrieved from /home/airflow/.local/lib/python3.7/site-packages/airflow/example_dags/example_latest_only_with_trigger.py
[2022-12-01 22:48:59,453] {logging_mixin.py:115} INFO - [2022-12-01 22:48:59,453] {dag.py:2420} INFO - Sync 1 DAGs
[2022-12-01 22:48:59,767] {logging_mixin.py:115} INFO - [2022-12-01 22:48:59,766] {dag.py:2972} INFO - Setting next_dagrun for latest_only_with_trigger to 2022-12-01T18:48:59.766512+00:00, run_after=2022-12-01T22:48:59.766512+00:00
[2022-12-01 22:48:59,796] {processor.py:161} INFO - Processing /home/airflow/.local/lib/python3.7/site-packages/airflow/example_dags/example_latest_only_with_trigger.py took 0.440 seconds
[2022-12-01 22:49:30,507] {processor.py:153} INFO - Started process (PID=1109) to work on /home/airflow/.local/lib/python3.7/site-packages/airflow/example_dags/example_latest_only_with_trigger.py
[2022-12-01 22:49:30,508] {processor.py:641} INFO - Processing file /home/airflow/.local/lib/python3.7/site-packages/airflow/example_dags/example_latest_only_with_trigger.py for tasks to queue
[2022-12-01 22:49:30,509] {logging_mixin.py:115} INFO - [2022-12-01 22:49:30,508] {dagbag.py:508} INFO - Filling up the DagBag from /home/airflow/.local/lib/python3.7/site-packages/airflow/example_dags/example_latest_only_with_trigger.py
[2022-12-01 22:49:30,518] {processor.py:651} INFO - DAG(s) dict_keys(['latest_only_with_trigger']) retrieved from /home/airflow/.local/lib/python3.7/site-packages/airflow/example_dags/example_latest_only_with_trigger.py
[2022-12-01 22:49:30,587] {logging_mixin.py:115} INFO - [2022-12-01 22:49:30,586] {dag.py:2420} INFO - Sync 1 DAGs
[2022-12-01 22:49:30,910] {logging_mixin.py:115} INFO - [2022-12-01 22:49:30,909] {dag.py:2972} INFO - Setting next_dagrun for latest_only_with_trigger to 2022-12-01T18:49:30.909446+00:00, run_after=2022-12-01T22:49:30.909446+00:00
[2022-12-01 22:49:30,937] {processor.py:161} INFO - Processing /home/airflow/.local/lib/python3.7/site-packages/airflow/example_dags/example_latest_only_with_trigger.py took 0.434 seconds
[2022-12-01 22:50:01,437] {processor.py:153} INFO - Started process (PID=1164) to work on /home/airflow/.local/lib/python3.7/site-packages/airflow/example_dags/example_latest_only_with_trigger.py
[2022-12-01 22:50:01,439] {processor.py:641} INFO - Processing file /home/airflow/.local/lib/python3.7/site-packages/airflow/example_dags/example_latest_only_with_trigger.py for tasks to queue
[2022-12-01 22:50:01,440] {logging_mixin.py:115} INFO - [2022-12-01 22:50:01,440] {dagbag.py:508} INFO - Filling up the DagBag from /home/airflow/.local/lib/python3.7/site-packages/airflow/example_dags/example_latest_only_with_trigger.py
[2022-12-01 22:50:01,451] {processor.py:651} INFO - DAG(s) dict_keys(['latest_only_with_trigger']) retrieved from /home/airflow/.local/lib/python3.7/site-packages/airflow/example_dags/example_latest_only_with_trigger.py
[2022-12-01 22:50:01,530] {logging_mixin.py:115} INFO - [2022-12-01 22:50:01,530] {dag.py:2420} INFO - Sync 1 DAGs
[2022-12-01 22:50:01,813] {logging_mixin.py:115} INFO - [2022-12-01 22:50:01,813] {dag.py:2972} INFO - Setting next_dagrun for latest_only_with_trigger to 2022-12-01T18:50:01.812738+00:00, run_after=2022-12-01T22:50:01.812738+00:00
[2022-12-01 22:50:01,843] {processor.py:161} INFO - Processing /home/airflow/.local/lib/python3.7/site-packages/airflow/example_dags/example_latest_only_with_trigger.py took 0.412 seconds
[2022-12-01 22:50:32,218] {processor.py:153} INFO - Started process (PID=1227) to work on /home/airflow/.local/lib/python3.7/site-packages/airflow/example_dags/example_latest_only_with_trigger.py
[2022-12-01 22:50:32,220] {processor.py:641} INFO - Processing file /home/airflow/.local/lib/python3.7/site-packages/airflow/example_dags/example_latest_only_with_trigger.py for tasks to queue
[2022-12-01 22:50:32,221] {logging_mixin.py:115} INFO - [2022-12-01 22:50:32,221] {dagbag.py:508} INFO - Filling up the DagBag from /home/airflow/.local/lib/python3.7/site-packages/airflow/example_dags/example_latest_only_with_trigger.py
[2022-12-01 22:50:32,233] {processor.py:651} INFO - DAG(s) dict_keys(['latest_only_with_trigger']) retrieved from /home/airflow/.local/lib/python3.7/site-packages/airflow/example_dags/example_latest_only_with_trigger.py
[2022-12-01 22:50:32,283] {logging_mixin.py:115} INFO - [2022-12-01 22:50:32,283] {dag.py:2420} INFO - Sync 1 DAGs
[2022-12-01 22:50:32,570] {logging_mixin.py:115} INFO - [2022-12-01 22:50:32,570] {dag.py:2972} INFO - Setting next_dagrun for latest_only_with_trigger to 2022-12-01T18:50:32.570109+00:00, run_after=2022-12-01T22:50:32.570109+00:00
[2022-12-01 22:50:32,593] {processor.py:161} INFO - Processing /home/airflow/.local/lib/python3.7/site-packages/airflow/example_dags/example_latest_only_with_trigger.py took 0.380 seconds
[2022-12-01 22:51:03,783] {processor.py:153} INFO - Started process (PID=1281) to work on /home/airflow/.local/lib/python3.7/site-packages/airflow/example_dags/example_latest_only_with_trigger.py
[2022-12-01 22:51:03,784] {processor.py:641} INFO - Processing file /home/airflow/.local/lib/python3.7/site-packages/airflow/example_dags/example_latest_only_with_trigger.py for tasks to queue
[2022-12-01 22:51:03,785] {logging_mixin.py:115} INFO - [2022-12-01 22:51:03,785] {dagbag.py:508} INFO - Filling up the DagBag from /home/airflow/.local/lib/python3.7/site-packages/airflow/example_dags/example_latest_only_with_trigger.py
[2022-12-01 22:51:03,794] {processor.py:651} INFO - DAG(s) dict_keys(['latest_only_with_trigger']) retrieved from /home/airflow/.local/lib/python3.7/site-packages/airflow/example_dags/example_latest_only_with_trigger.py
[2022-12-01 22:51:03,840] {logging_mixin.py:115} INFO - [2022-12-01 22:51:03,840] {dag.py:2420} INFO - Sync 1 DAGs
[2022-12-01 22:51:04,106] {logging_mixin.py:115} INFO - [2022-12-01 22:51:04,106] {dag.py:2972} INFO - Setting next_dagrun for latest_only_with_trigger to 2022-12-01T18:51:04.105888+00:00, run_after=2022-12-01T22:51:04.105888+00:00
[2022-12-01 22:51:04,131] {processor.py:161} INFO - Processing /home/airflow/.local/lib/python3.7/site-packages/airflow/example_dags/example_latest_only_with_trigger.py took 0.353 seconds
[2022-12-01 22:51:34,604] {processor.py:153} INFO - Started process (PID=1344) to work on /home/airflow/.local/lib/python3.7/site-packages/airflow/example_dags/example_latest_only_with_trigger.py
[2022-12-01 22:51:34,605] {processor.py:641} INFO - Processing file /home/airflow/.local/lib/python3.7/site-packages/airflow/example_dags/example_latest_only_with_trigger.py for tasks to queue
[2022-12-01 22:51:34,606] {logging_mixin.py:115} INFO - [2022-12-01 22:51:34,606] {dagbag.py:508} INFO - Filling up the DagBag from /home/airflow/.local/lib/python3.7/site-packages/airflow/example_dags/example_latest_only_with_trigger.py
[2022-12-01 22:51:34,616] {processor.py:651} INFO - DAG(s) dict_keys(['latest_only_with_trigger']) retrieved from /home/airflow/.local/lib/python3.7/site-packages/airflow/example_dags/example_latest_only_with_trigger.py
[2022-12-01 22:51:34,669] {logging_mixin.py:115} INFO - [2022-12-01 22:51:34,669] {dag.py:2420} INFO - Sync 1 DAGs
[2022-12-01 22:51:34,943] {logging_mixin.py:115} INFO - [2022-12-01 22:51:34,943] {dag.py:2972} INFO - Setting next_dagrun for latest_only_with_trigger to 2022-12-01T18:51:34.942708+00:00, run_after=2022-12-01T22:51:34.942708+00:00
[2022-12-01 22:51:34,966] {processor.py:161} INFO - Processing /home/airflow/.local/lib/python3.7/site-packages/airflow/example_dags/example_latest_only_with_trigger.py took 0.368 seconds
[2022-12-01 22:52:05,294] {processor.py:153} INFO - Started process (PID=1399) to work on /home/airflow/.local/lib/python3.7/site-packages/airflow/example_dags/example_latest_only_with_trigger.py
[2022-12-01 22:52:05,296] {processor.py:641} INFO - Processing file /home/airflow/.local/lib/python3.7/site-packages/airflow/example_dags/example_latest_only_with_trigger.py for tasks to queue
[2022-12-01 22:52:05,296] {logging_mixin.py:115} INFO - [2022-12-01 22:52:05,296] {dagbag.py:508} INFO - Filling up the DagBag from /home/airflow/.local/lib/python3.7/site-packages/airflow/example_dags/example_latest_only_with_trigger.py
[2022-12-01 22:52:05,305] {processor.py:651} INFO - DAG(s) dict_keys(['latest_only_with_trigger']) retrieved from /home/airflow/.local/lib/python3.7/site-packages/airflow/example_dags/example_latest_only_with_trigger.py
[2022-12-01 22:52:05,359] {logging_mixin.py:115} INFO - [2022-12-01 22:52:05,359] {dag.py:2420} INFO - Sync 1 DAGs
[2022-12-01 22:52:05,647] {logging_mixin.py:115} INFO - [2022-12-01 22:52:05,647] {dag.py:2972} INFO - Setting next_dagrun for latest_only_with_trigger to 2022-12-01T18:52:05.647028+00:00, run_after=2022-12-01T22:52:05.647028+00:00
[2022-12-01 22:52:05,675] {processor.py:161} INFO - Processing /home/airflow/.local/lib/python3.7/site-packages/airflow/example_dags/example_latest_only_with_trigger.py took 0.385 seconds
[2022-12-01 22:52:36,999] {processor.py:153} INFO - Started process (PID=1464) to work on /home/airflow/.local/lib/python3.7/site-packages/airflow/example_dags/example_latest_only_with_trigger.py
[2022-12-01 22:52:37,000] {processor.py:641} INFO - Processing file /home/airflow/.local/lib/python3.7/site-packages/airflow/example_dags/example_latest_only_with_trigger.py for tasks to queue
[2022-12-01 22:52:37,001] {logging_mixin.py:115} INFO - [2022-12-01 22:52:37,001] {dagbag.py:508} INFO - Filling up the DagBag from /home/airflow/.local/lib/python3.7/site-packages/airflow/example_dags/example_latest_only_with_trigger.py
[2022-12-01 22:52:37,010] {processor.py:651} INFO - DAG(s) dict_keys(['latest_only_with_trigger']) retrieved from /home/airflow/.local/lib/python3.7/site-packages/airflow/example_dags/example_latest_only_with_trigger.py
[2022-12-01 22:52:37,058] {logging_mixin.py:115} INFO - [2022-12-01 22:52:37,058] {dag.py:2420} INFO - Sync 1 DAGs
[2022-12-01 22:52:37,367] {logging_mixin.py:115} INFO - [2022-12-01 22:52:37,366] {dag.py:2972} INFO - Setting next_dagrun for latest_only_with_trigger to 2022-12-01T18:52:37.366492+00:00, run_after=2022-12-01T22:52:37.366492+00:00
[2022-12-01 22:52:37,412] {processor.py:161} INFO - Processing /home/airflow/.local/lib/python3.7/site-packages/airflow/example_dags/example_latest_only_with_trigger.py took 0.419 seconds
[2022-12-01 22:53:08,333] {processor.py:153} INFO - Started process (PID=1518) to work on /home/airflow/.local/lib/python3.7/site-packages/airflow/example_dags/example_latest_only_with_trigger.py
[2022-12-01 22:53:08,337] {processor.py:641} INFO - Processing file /home/airflow/.local/lib/python3.7/site-packages/airflow/example_dags/example_latest_only_with_trigger.py for tasks to queue
[2022-12-01 22:53:08,338] {logging_mixin.py:115} INFO - [2022-12-01 22:53:08,338] {dagbag.py:508} INFO - Filling up the DagBag from /home/airflow/.local/lib/python3.7/site-packages/airflow/example_dags/example_latest_only_with_trigger.py
[2022-12-01 22:53:08,348] {processor.py:651} INFO - DAG(s) dict_keys(['latest_only_with_trigger']) retrieved from /home/airflow/.local/lib/python3.7/site-packages/airflow/example_dags/example_latest_only_with_trigger.py
[2022-12-01 22:53:08,689] {logging_mixin.py:115} INFO - [2022-12-01 22:53:08,688] {dag.py:2420} INFO - Sync 1 DAGs
[2022-12-01 22:53:08,752] {logging_mixin.py:115} INFO - [2022-12-01 22:53:08,752] {dag.py:2972} INFO - Setting next_dagrun for latest_only_with_trigger to 2022-12-01T18:53:08.751834+00:00, run_after=2022-12-01T22:53:08.751834+00:00
[2022-12-01 22:53:08,787] {processor.py:161} INFO - Processing /home/airflow/.local/lib/python3.7/site-packages/airflow/example_dags/example_latest_only_with_trigger.py took 0.462 seconds
[2022-12-01 22:53:39,604] {processor.py:153} INFO - Started process (PID=1581) to work on /home/airflow/.local/lib/python3.7/site-packages/airflow/example_dags/example_latest_only_with_trigger.py
[2022-12-01 22:53:39,605] {processor.py:641} INFO - Processing file /home/airflow/.local/lib/python3.7/site-packages/airflow/example_dags/example_latest_only_with_trigger.py for tasks to queue
[2022-12-01 22:53:39,606] {logging_mixin.py:115} INFO - [2022-12-01 22:53:39,606] {dagbag.py:508} INFO - Filling up the DagBag from /home/airflow/.local/lib/python3.7/site-packages/airflow/example_dags/example_latest_only_with_trigger.py
[2022-12-01 22:53:39,615] {processor.py:651} INFO - DAG(s) dict_keys(['latest_only_with_trigger']) retrieved from /home/airflow/.local/lib/python3.7/site-packages/airflow/example_dags/example_latest_only_with_trigger.py
[2022-12-01 22:53:39,899] {logging_mixin.py:115} INFO - [2022-12-01 22:53:39,899] {dag.py:2420} INFO - Sync 1 DAGs
[2022-12-01 22:53:39,949] {logging_mixin.py:115} INFO - [2022-12-01 22:53:39,949] {dag.py:2972} INFO - Setting next_dagrun for latest_only_with_trigger to 2022-12-01T18:53:39.949245+00:00, run_after=2022-12-01T22:53:39.949245+00:00
[2022-12-01 22:53:39,977] {processor.py:161} INFO - Processing /home/airflow/.local/lib/python3.7/site-packages/airflow/example_dags/example_latest_only_with_trigger.py took 0.377 seconds
[2022-12-01 22:54:10,773] {processor.py:153} INFO - Started process (PID=1635) to work on /home/airflow/.local/lib/python3.7/site-packages/airflow/example_dags/example_latest_only_with_trigger.py
[2022-12-01 22:54:10,783] {processor.py:641} INFO - Processing file /home/airflow/.local/lib/python3.7/site-packages/airflow/example_dags/example_latest_only_with_trigger.py for tasks to queue
[2022-12-01 22:54:10,784] {logging_mixin.py:115} INFO - [2022-12-01 22:54:10,784] {dagbag.py:508} INFO - Filling up the DagBag from /home/airflow/.local/lib/python3.7/site-packages/airflow/example_dags/example_latest_only_with_trigger.py
[2022-12-01 22:54:10,794] {processor.py:651} INFO - DAG(s) dict_keys(['latest_only_with_trigger']) retrieved from /home/airflow/.local/lib/python3.7/site-packages/airflow/example_dags/example_latest_only_with_trigger.py
[2022-12-01 22:54:11,101] {logging_mixin.py:115} INFO - [2022-12-01 22:54:11,101] {dag.py:2420} INFO - Sync 1 DAGs
[2022-12-01 22:54:11,143] {logging_mixin.py:115} INFO - [2022-12-01 22:54:11,142] {dag.py:2972} INFO - Setting next_dagrun for latest_only_with_trigger to 2022-12-01T18:54:11.142589+00:00, run_after=2022-12-01T22:54:11.142589+00:00
[2022-12-01 22:54:11,171] {processor.py:161} INFO - Processing /home/airflow/.local/lib/python3.7/site-packages/airflow/example_dags/example_latest_only_with_trigger.py took 0.406 seconds
[2022-12-01 22:54:41,607] {processor.py:153} INFO - Started process (PID=1688) to work on /home/airflow/.local/lib/python3.7/site-packages/airflow/example_dags/example_latest_only_with_trigger.py
[2022-12-01 22:54:41,608] {processor.py:641} INFO - Processing file /home/airflow/.local/lib/python3.7/site-packages/airflow/example_dags/example_latest_only_with_trigger.py for tasks to queue
[2022-12-01 22:54:41,610] {logging_mixin.py:115} INFO - [2022-12-01 22:54:41,609] {dagbag.py:508} INFO - Filling up the DagBag from /home/airflow/.local/lib/python3.7/site-packages/airflow/example_dags/example_latest_only_with_trigger.py
[2022-12-01 22:54:41,624] {processor.py:651} INFO - DAG(s) dict_keys(['latest_only_with_trigger']) retrieved from /home/airflow/.local/lib/python3.7/site-packages/airflow/example_dags/example_latest_only_with_trigger.py
[2022-12-01 22:54:41,923] {logging_mixin.py:115} INFO - [2022-12-01 22:54:41,922] {dag.py:2420} INFO - Sync 1 DAGs
[2022-12-01 22:54:41,969] {logging_mixin.py:115} INFO - [2022-12-01 22:54:41,969] {dag.py:2972} INFO - Setting next_dagrun for latest_only_with_trigger to 2022-12-01T18:54:41.968624+00:00, run_after=2022-12-01T22:54:41.968624+00:00
[2022-12-01 22:54:42,004] {processor.py:161} INFO - Processing /home/airflow/.local/lib/python3.7/site-packages/airflow/example_dags/example_latest_only_with_trigger.py took 0.404 seconds
[2022-12-01 22:55:12,504] {processor.py:153} INFO - Started process (PID=1751) to work on /home/airflow/.local/lib/python3.7/site-packages/airflow/example_dags/example_latest_only_with_trigger.py
[2022-12-01 22:55:12,505] {processor.py:641} INFO - Processing file /home/airflow/.local/lib/python3.7/site-packages/airflow/example_dags/example_latest_only_with_trigger.py for tasks to queue
[2022-12-01 22:55:12,506] {logging_mixin.py:115} INFO - [2022-12-01 22:55:12,506] {dagbag.py:508} INFO - Filling up the DagBag from /home/airflow/.local/lib/python3.7/site-packages/airflow/example_dags/example_latest_only_with_trigger.py
[2022-12-01 22:55:12,519] {processor.py:651} INFO - DAG(s) dict_keys(['latest_only_with_trigger']) retrieved from /home/airflow/.local/lib/python3.7/site-packages/airflow/example_dags/example_latest_only_with_trigger.py
[2022-12-01 22:55:12,801] {logging_mixin.py:115} INFO - [2022-12-01 22:55:12,800] {dag.py:2420} INFO - Sync 1 DAGs
[2022-12-01 22:55:12,843] {logging_mixin.py:115} INFO - [2022-12-01 22:55:12,843] {dag.py:2972} INFO - Setting next_dagrun for latest_only_with_trigger to 2022-12-01T18:55:12.842759+00:00, run_after=2022-12-01T22:55:12.842759+00:00
[2022-12-01 22:55:12,874] {processor.py:161} INFO - Processing /home/airflow/.local/lib/python3.7/site-packages/airflow/example_dags/example_latest_only_with_trigger.py took 0.377 seconds
[2022-12-01 22:55:43,365] {processor.py:153} INFO - Started process (PID=1805) to work on /home/airflow/.local/lib/python3.7/site-packages/airflow/example_dags/example_latest_only_with_trigger.py
[2022-12-01 22:55:43,366] {processor.py:641} INFO - Processing file /home/airflow/.local/lib/python3.7/site-packages/airflow/example_dags/example_latest_only_with_trigger.py for tasks to queue
[2022-12-01 22:55:43,367] {logging_mixin.py:115} INFO - [2022-12-01 22:55:43,367] {dagbag.py:508} INFO - Filling up the DagBag from /home/airflow/.local/lib/python3.7/site-packages/airflow/example_dags/example_latest_only_with_trigger.py
[2022-12-01 22:55:43,378] {processor.py:651} INFO - DAG(s) dict_keys(['latest_only_with_trigger']) retrieved from /home/airflow/.local/lib/python3.7/site-packages/airflow/example_dags/example_latest_only_with_trigger.py
[2022-12-01 22:55:43,652] {logging_mixin.py:115} INFO - [2022-12-01 22:55:43,652] {dag.py:2420} INFO - Sync 1 DAGs
[2022-12-01 22:55:43,689] {logging_mixin.py:115} INFO - [2022-12-01 22:55:43,689] {dag.py:2972} INFO - Setting next_dagrun for latest_only_with_trigger to 2022-12-01T18:55:43.688791+00:00, run_after=2022-12-01T22:55:43.688791+00:00
[2022-12-01 22:55:43,715] {processor.py:161} INFO - Processing /home/airflow/.local/lib/python3.7/site-packages/airflow/example_dags/example_latest_only_with_trigger.py took 0.356 seconds
[2022-12-01 22:56:14,168] {processor.py:153} INFO - Started process (PID=1869) to work on /home/airflow/.local/lib/python3.7/site-packages/airflow/example_dags/example_latest_only_with_trigger.py
[2022-12-01 22:56:14,169] {processor.py:641} INFO - Processing file /home/airflow/.local/lib/python3.7/site-packages/airflow/example_dags/example_latest_only_with_trigger.py for tasks to queue
[2022-12-01 22:56:14,171] {logging_mixin.py:115} INFO - [2022-12-01 22:56:14,170] {dagbag.py:508} INFO - Filling up the DagBag from /home/airflow/.local/lib/python3.7/site-packages/airflow/example_dags/example_latest_only_with_trigger.py
[2022-12-01 22:56:14,184] {processor.py:651} INFO - DAG(s) dict_keys(['latest_only_with_trigger']) retrieved from /home/airflow/.local/lib/python3.7/site-packages/airflow/example_dags/example_latest_only_with_trigger.py
[2022-12-01 22:56:14,477] {logging_mixin.py:115} INFO - [2022-12-01 22:56:14,477] {dag.py:2420} INFO - Sync 1 DAGs
[2022-12-01 22:56:14,519] {logging_mixin.py:115} INFO - [2022-12-01 22:56:14,518] {dag.py:2972} INFO - Setting next_dagrun for latest_only_with_trigger to 2022-12-01T18:56:14.518500+00:00, run_after=2022-12-01T22:56:14.518500+00:00
[2022-12-01 22:56:14,544] {processor.py:161} INFO - Processing /home/airflow/.local/lib/python3.7/site-packages/airflow/example_dags/example_latest_only_with_trigger.py took 0.383 seconds
[2022-12-01 22:56:45,241] {processor.py:153} INFO - Started process (PID=1923) to work on /home/airflow/.local/lib/python3.7/site-packages/airflow/example_dags/example_latest_only_with_trigger.py
[2022-12-01 22:56:45,242] {processor.py:641} INFO - Processing file /home/airflow/.local/lib/python3.7/site-packages/airflow/example_dags/example_latest_only_with_trigger.py for tasks to queue
[2022-12-01 22:56:45,243] {logging_mixin.py:115} INFO - [2022-12-01 22:56:45,243] {dagbag.py:508} INFO - Filling up the DagBag from /home/airflow/.local/lib/python3.7/site-packages/airflow/example_dags/example_latest_only_with_trigger.py
[2022-12-01 22:56:45,257] {processor.py:651} INFO - DAG(s) dict_keys(['latest_only_with_trigger']) retrieved from /home/airflow/.local/lib/python3.7/site-packages/airflow/example_dags/example_latest_only_with_trigger.py
[2022-12-01 22:56:45,688] {logging_mixin.py:115} INFO - [2022-12-01 22:56:45,688] {dag.py:2420} INFO - Sync 1 DAGs
[2022-12-01 22:56:45,746] {logging_mixin.py:115} INFO - [2022-12-01 22:56:45,745] {dag.py:2972} INFO - Setting next_dagrun for latest_only_with_trigger to 2022-12-01T18:56:45.745355+00:00, run_after=2022-12-01T22:56:45.745355+00:00
[2022-12-01 22:56:45,783] {processor.py:161} INFO - Processing /home/airflow/.local/lib/python3.7/site-packages/airflow/example_dags/example_latest_only_with_trigger.py took 0.549 seconds
[2022-12-01 22:57:16,389] {processor.py:153} INFO - Started process (PID=1977) to work on /home/airflow/.local/lib/python3.7/site-packages/airflow/example_dags/example_latest_only_with_trigger.py
[2022-12-01 22:57:16,391] {processor.py:641} INFO - Processing file /home/airflow/.local/lib/python3.7/site-packages/airflow/example_dags/example_latest_only_with_trigger.py for tasks to queue
[2022-12-01 22:57:16,392] {logging_mixin.py:115} INFO - [2022-12-01 22:57:16,392] {dagbag.py:508} INFO - Filling up the DagBag from /home/airflow/.local/lib/python3.7/site-packages/airflow/example_dags/example_latest_only_with_trigger.py
[2022-12-01 22:57:16,410] {processor.py:651} INFO - DAG(s) dict_keys(['latest_only_with_trigger']) retrieved from /home/airflow/.local/lib/python3.7/site-packages/airflow/example_dags/example_latest_only_with_trigger.py
[2022-12-01 22:57:16,845] {logging_mixin.py:115} INFO - [2022-12-01 22:57:16,844] {dag.py:2420} INFO - Sync 1 DAGs
[2022-12-01 22:57:16,896] {logging_mixin.py:115} INFO - [2022-12-01 22:57:16,896] {dag.py:2972} INFO - Setting next_dagrun for latest_only_with_trigger to 2022-12-01T18:57:16.895693+00:00, run_after=2022-12-01T22:57:16.895693+00:00
[2022-12-01 22:57:16,931] {processor.py:161} INFO - Processing /home/airflow/.local/lib/python3.7/site-packages/airflow/example_dags/example_latest_only_with_trigger.py took 0.552 seconds
[2022-12-01 22:57:47,074] {processor.py:153} INFO - Started process (PID=2038) to work on /home/airflow/.local/lib/python3.7/site-packages/airflow/example_dags/example_latest_only_with_trigger.py
[2022-12-01 22:57:47,076] {processor.py:641} INFO - Processing file /home/airflow/.local/lib/python3.7/site-packages/airflow/example_dags/example_latest_only_with_trigger.py for tasks to queue
[2022-12-01 22:57:47,078] {logging_mixin.py:115} INFO - [2022-12-01 22:57:47,078] {dagbag.py:508} INFO - Filling up the DagBag from /home/airflow/.local/lib/python3.7/site-packages/airflow/example_dags/example_latest_only_with_trigger.py
[2022-12-01 22:57:47,097] {processor.py:651} INFO - DAG(s) dict_keys(['latest_only_with_trigger']) retrieved from /home/airflow/.local/lib/python3.7/site-packages/airflow/example_dags/example_latest_only_with_trigger.py
[2022-12-01 22:57:47,379] {logging_mixin.py:115} INFO - [2022-12-01 22:57:47,378] {dag.py:2420} INFO - Sync 1 DAGs
[2022-12-01 22:57:47,424] {logging_mixin.py:115} INFO - [2022-12-01 22:57:47,424] {dag.py:2972} INFO - Setting next_dagrun for latest_only_with_trigger to 2022-12-01T18:57:47.423571+00:00, run_after=2022-12-01T22:57:47.423571+00:00
[2022-12-01 22:57:47,461] {processor.py:161} INFO - Processing /home/airflow/.local/lib/python3.7/site-packages/airflow/example_dags/example_latest_only_with_trigger.py took 0.393 seconds
[2022-12-01 22:58:18,486] {processor.py:153} INFO - Started process (PID=2093) to work on /home/airflow/.local/lib/python3.7/site-packages/airflow/example_dags/example_latest_only_with_trigger.py
[2022-12-01 22:58:18,526] {processor.py:641} INFO - Processing file /home/airflow/.local/lib/python3.7/site-packages/airflow/example_dags/example_latest_only_with_trigger.py for tasks to queue
[2022-12-01 22:58:18,527] {logging_mixin.py:115} INFO - [2022-12-01 22:58:18,527] {dagbag.py:508} INFO - Filling up the DagBag from /home/airflow/.local/lib/python3.7/site-packages/airflow/example_dags/example_latest_only_with_trigger.py
[2022-12-01 22:58:18,545] {processor.py:651} INFO - DAG(s) dict_keys(['latest_only_with_trigger']) retrieved from /home/airflow/.local/lib/python3.7/site-packages/airflow/example_dags/example_latest_only_with_trigger.py
[2022-12-01 22:58:18,861] {logging_mixin.py:115} INFO - [2022-12-01 22:58:18,860] {dag.py:2420} INFO - Sync 1 DAGs
[2022-12-01 22:58:18,903] {logging_mixin.py:115} INFO - [2022-12-01 22:58:18,902] {dag.py:2972} INFO - Setting next_dagrun for latest_only_with_trigger to 2022-12-01T18:58:18.902334+00:00, run_after=2022-12-01T22:58:18.902334+00:00
[2022-12-01 22:58:18,931] {processor.py:161} INFO - Processing /home/airflow/.local/lib/python3.7/site-packages/airflow/example_dags/example_latest_only_with_trigger.py took 0.453 seconds
[2022-12-01 22:58:49,414] {processor.py:153} INFO - Started process (PID=2146) to work on /home/airflow/.local/lib/python3.7/site-packages/airflow/example_dags/example_latest_only_with_trigger.py
[2022-12-01 22:58:49,415] {processor.py:641} INFO - Processing file /home/airflow/.local/lib/python3.7/site-packages/airflow/example_dags/example_latest_only_with_trigger.py for tasks to queue
[2022-12-01 22:58:49,416] {logging_mixin.py:115} INFO - [2022-12-01 22:58:49,416] {dagbag.py:508} INFO - Filling up the DagBag from /home/airflow/.local/lib/python3.7/site-packages/airflow/example_dags/example_latest_only_with_trigger.py
[2022-12-01 22:58:49,438] {processor.py:651} INFO - DAG(s) dict_keys(['latest_only_with_trigger']) retrieved from /home/airflow/.local/lib/python3.7/site-packages/airflow/example_dags/example_latest_only_with_trigger.py
[2022-12-01 22:58:49,814] {logging_mixin.py:115} INFO - [2022-12-01 22:58:49,813] {dag.py:2420} INFO - Sync 1 DAGs
[2022-12-01 22:58:49,872] {logging_mixin.py:115} INFO - [2022-12-01 22:58:49,871] {dag.py:2972} INFO - Setting next_dagrun for latest_only_with_trigger to 2022-12-01T18:58:49.870927+00:00, run_after=2022-12-01T22:58:49.870927+00:00
[2022-12-01 22:58:49,903] {processor.py:161} INFO - Processing /home/airflow/.local/lib/python3.7/site-packages/airflow/example_dags/example_latest_only_with_trigger.py took 0.497 seconds
[2022-12-01 22:59:20,355] {processor.py:153} INFO - Started process (PID=2209) to work on /home/airflow/.local/lib/python3.7/site-packages/airflow/example_dags/example_latest_only_with_trigger.py
[2022-12-01 22:59:20,356] {processor.py:641} INFO - Processing file /home/airflow/.local/lib/python3.7/site-packages/airflow/example_dags/example_latest_only_with_trigger.py for tasks to queue
[2022-12-01 22:59:20,357] {logging_mixin.py:115} INFO - [2022-12-01 22:59:20,357] {dagbag.py:508} INFO - Filling up the DagBag from /home/airflow/.local/lib/python3.7/site-packages/airflow/example_dags/example_latest_only_with_trigger.py
[2022-12-01 22:59:20,379] {processor.py:651} INFO - DAG(s) dict_keys(['latest_only_with_trigger']) retrieved from /home/airflow/.local/lib/python3.7/site-packages/airflow/example_dags/example_latest_only_with_trigger.py
[2022-12-01 22:59:20,733] {logging_mixin.py:115} INFO - [2022-12-01 22:59:20,733] {dag.py:2420} INFO - Sync 1 DAGs
[2022-12-01 22:59:20,783] {logging_mixin.py:115} INFO - [2022-12-01 22:59:20,782] {dag.py:2972} INFO - Setting next_dagrun for latest_only_with_trigger to 2022-12-01T18:59:20.782492+00:00, run_after=2022-12-01T22:59:20.782492+00:00
[2022-12-01 22:59:20,816] {processor.py:161} INFO - Processing /home/airflow/.local/lib/python3.7/site-packages/airflow/example_dags/example_latest_only_with_trigger.py took 0.467 seconds
[2022-12-01 22:59:51,054] {processor.py:153} INFO - Started process (PID=2262) to work on /home/airflow/.local/lib/python3.7/site-packages/airflow/example_dags/example_latest_only_with_trigger.py
[2022-12-01 22:59:51,055] {processor.py:641} INFO - Processing file /home/airflow/.local/lib/python3.7/site-packages/airflow/example_dags/example_latest_only_with_trigger.py for tasks to queue
[2022-12-01 22:59:51,056] {logging_mixin.py:115} INFO - [2022-12-01 22:59:51,056] {dagbag.py:508} INFO - Filling up the DagBag from /home/airflow/.local/lib/python3.7/site-packages/airflow/example_dags/example_latest_only_with_trigger.py
[2022-12-01 22:59:51,070] {processor.py:651} INFO - DAG(s) dict_keys(['latest_only_with_trigger']) retrieved from /home/airflow/.local/lib/python3.7/site-packages/airflow/example_dags/example_latest_only_with_trigger.py
[2022-12-01 22:59:51,342] {logging_mixin.py:115} INFO - [2022-12-01 22:59:51,342] {dag.py:2420} INFO - Sync 1 DAGs
[2022-12-01 22:59:51,381] {logging_mixin.py:115} INFO - [2022-12-01 22:59:51,381] {dag.py:2972} INFO - Setting next_dagrun for latest_only_with_trigger to 2022-12-01T18:59:51.381045+00:00, run_after=2022-12-01T22:59:51.381045+00:00
[2022-12-01 22:59:51,408] {processor.py:161} INFO - Processing /home/airflow/.local/lib/python3.7/site-packages/airflow/example_dags/example_latest_only_with_trigger.py took 0.358 seconds
[2022-12-01 23:00:21,594] {processor.py:153} INFO - Started process (PID=2315) to work on /home/airflow/.local/lib/python3.7/site-packages/airflow/example_dags/example_latest_only_with_trigger.py
[2022-12-01 23:00:21,598] {processor.py:641} INFO - Processing file /home/airflow/.local/lib/python3.7/site-packages/airflow/example_dags/example_latest_only_with_trigger.py for tasks to queue
[2022-12-01 23:00:21,600] {logging_mixin.py:115} INFO - [2022-12-01 23:00:21,599] {dagbag.py:508} INFO - Filling up the DagBag from /home/airflow/.local/lib/python3.7/site-packages/airflow/example_dags/example_latest_only_with_trigger.py
[2022-12-01 23:00:21,621] {processor.py:651} INFO - DAG(s) dict_keys(['latest_only_with_trigger']) retrieved from /home/airflow/.local/lib/python3.7/site-packages/airflow/example_dags/example_latest_only_with_trigger.py
[2022-12-01 23:00:21,910] {logging_mixin.py:115} INFO - [2022-12-01 23:00:21,910] {dag.py:2420} INFO - Sync 1 DAGs
[2022-12-01 23:00:21,954] {logging_mixin.py:115} INFO - [2022-12-01 23:00:21,954] {dag.py:2972} INFO - Setting next_dagrun for latest_only_with_trigger to 2022-12-01T19:00:21.954372+00:00, run_after=2022-12-01T23:00:21.954372+00:00
[2022-12-01 23:00:21,978] {processor.py:161} INFO - Processing /home/airflow/.local/lib/python3.7/site-packages/airflow/example_dags/example_latest_only_with_trigger.py took 0.390 seconds
[2022-12-01 23:00:52,122] {processor.py:153} INFO - Started process (PID=2378) to work on /home/airflow/.local/lib/python3.7/site-packages/airflow/example_dags/example_latest_only_with_trigger.py
[2022-12-01 23:00:52,124] {processor.py:641} INFO - Processing file /home/airflow/.local/lib/python3.7/site-packages/airflow/example_dags/example_latest_only_with_trigger.py for tasks to queue
[2022-12-01 23:00:52,125] {logging_mixin.py:115} INFO - [2022-12-01 23:00:52,124] {dagbag.py:508} INFO - Filling up the DagBag from /home/airflow/.local/lib/python3.7/site-packages/airflow/example_dags/example_latest_only_with_trigger.py
[2022-12-01 23:00:52,139] {processor.py:651} INFO - DAG(s) dict_keys(['latest_only_with_trigger']) retrieved from /home/airflow/.local/lib/python3.7/site-packages/airflow/example_dags/example_latest_only_with_trigger.py
[2022-12-01 23:00:52,389] {logging_mixin.py:115} INFO - [2022-12-01 23:00:52,388] {dag.py:2420} INFO - Sync 1 DAGs
[2022-12-01 23:00:52,458] {logging_mixin.py:115} INFO - [2022-12-01 23:00:52,458] {dag.py:2972} INFO - Setting next_dagrun for latest_only_with_trigger to 2022-12-01T19:00:52.458117+00:00, run_after=2022-12-01T23:00:52.458117+00:00
[2022-12-01 23:00:52,488] {processor.py:161} INFO - Processing /home/airflow/.local/lib/python3.7/site-packages/airflow/example_dags/example_latest_only_with_trigger.py took 0.371 seconds
[2022-12-01 23:01:22,966] {processor.py:153} INFO - Started process (PID=2433) to work on /home/airflow/.local/lib/python3.7/site-packages/airflow/example_dags/example_latest_only_with_trigger.py
[2022-12-01 23:01:22,970] {processor.py:641} INFO - Processing file /home/airflow/.local/lib/python3.7/site-packages/airflow/example_dags/example_latest_only_with_trigger.py for tasks to queue
[2022-12-01 23:01:22,971] {logging_mixin.py:115} INFO - [2022-12-01 23:01:22,971] {dagbag.py:508} INFO - Filling up the DagBag from /home/airflow/.local/lib/python3.7/site-packages/airflow/example_dags/example_latest_only_with_trigger.py
[2022-12-01 23:01:22,985] {processor.py:651} INFO - DAG(s) dict_keys(['latest_only_with_trigger']) retrieved from /home/airflow/.local/lib/python3.7/site-packages/airflow/example_dags/example_latest_only_with_trigger.py
[2022-12-01 23:01:23,232] {logging_mixin.py:115} INFO - [2022-12-01 23:01:23,232] {dag.py:2420} INFO - Sync 1 DAGs
[2022-12-01 23:01:23,270] {logging_mixin.py:115} INFO - [2022-12-01 23:01:23,269] {dag.py:2972} INFO - Setting next_dagrun for latest_only_with_trigger to 2022-12-01T19:01:23.269556+00:00, run_after=2022-12-01T23:01:23.269556+00:00
[2022-12-01 23:01:23,297] {processor.py:161} INFO - Processing /home/airflow/.local/lib/python3.7/site-packages/airflow/example_dags/example_latest_only_with_trigger.py took 0.337 seconds
[2022-12-01 23:01:53,613] {processor.py:153} INFO - Started process (PID=2487) to work on /home/airflow/.local/lib/python3.7/site-packages/airflow/example_dags/example_latest_only_with_trigger.py
[2022-12-01 23:01:53,614] {processor.py:641} INFO - Processing file /home/airflow/.local/lib/python3.7/site-packages/airflow/example_dags/example_latest_only_with_trigger.py for tasks to queue
[2022-12-01 23:01:53,615] {logging_mixin.py:115} INFO - [2022-12-01 23:01:53,615] {dagbag.py:508} INFO - Filling up the DagBag from /home/airflow/.local/lib/python3.7/site-packages/airflow/example_dags/example_latest_only_with_trigger.py
[2022-12-01 23:01:53,627] {processor.py:651} INFO - DAG(s) dict_keys(['latest_only_with_trigger']) retrieved from /home/airflow/.local/lib/python3.7/site-packages/airflow/example_dags/example_latest_only_with_trigger.py
[2022-12-01 23:01:53,870] {logging_mixin.py:115} INFO - [2022-12-01 23:01:53,869] {dag.py:2420} INFO - Sync 1 DAGs
[2022-12-01 23:01:53,906] {logging_mixin.py:115} INFO - [2022-12-01 23:01:53,906] {dag.py:2972} INFO - Setting next_dagrun for latest_only_with_trigger to 2022-12-01T19:01:53.906237+00:00, run_after=2022-12-01T23:01:53.906237+00:00
[2022-12-01 23:01:53,932] {processor.py:161} INFO - Processing /home/airflow/.local/lib/python3.7/site-packages/airflow/example_dags/example_latest_only_with_trigger.py took 0.324 seconds
[2022-12-01 23:02:24,635] {processor.py:153} INFO - Started process (PID=2550) to work on /home/airflow/.local/lib/python3.7/site-packages/airflow/example_dags/example_latest_only_with_trigger.py
[2022-12-01 23:02:24,636] {processor.py:641} INFO - Processing file /home/airflow/.local/lib/python3.7/site-packages/airflow/example_dags/example_latest_only_with_trigger.py for tasks to queue
[2022-12-01 23:02:24,637] {logging_mixin.py:115} INFO - [2022-12-01 23:02:24,637] {dagbag.py:508} INFO - Filling up the DagBag from /home/airflow/.local/lib/python3.7/site-packages/airflow/example_dags/example_latest_only_with_trigger.py
[2022-12-01 23:02:24,651] {processor.py:651} INFO - DAG(s) dict_keys(['latest_only_with_trigger']) retrieved from /home/airflow/.local/lib/python3.7/site-packages/airflow/example_dags/example_latest_only_with_trigger.py
[2022-12-01 23:02:24,934] {logging_mixin.py:115} INFO - [2022-12-01 23:02:24,934] {dag.py:2420} INFO - Sync 1 DAGs
[2022-12-01 23:02:24,972] {logging_mixin.py:115} INFO - [2022-12-01 23:02:24,972] {dag.py:2972} INFO - Setting next_dagrun for latest_only_with_trigger to 2022-12-01T19:02:24.972074+00:00, run_after=2022-12-01T23:02:24.972074+00:00
[2022-12-01 23:02:24,997] {processor.py:161} INFO - Processing /home/airflow/.local/lib/python3.7/site-packages/airflow/example_dags/example_latest_only_with_trigger.py took 0.367 seconds
[2022-12-01 23:02:55,070] {processor.py:153} INFO - Started process (PID=2603) to work on /home/airflow/.local/lib/python3.7/site-packages/airflow/example_dags/example_latest_only_with_trigger.py
[2022-12-01 23:02:55,071] {processor.py:641} INFO - Processing file /home/airflow/.local/lib/python3.7/site-packages/airflow/example_dags/example_latest_only_with_trigger.py for tasks to queue
[2022-12-01 23:02:55,072] {logging_mixin.py:115} INFO - [2022-12-01 23:02:55,072] {dagbag.py:508} INFO - Filling up the DagBag from /home/airflow/.local/lib/python3.7/site-packages/airflow/example_dags/example_latest_only_with_trigger.py
[2022-12-01 23:02:55,090] {processor.py:651} INFO - DAG(s) dict_keys(['latest_only_with_trigger']) retrieved from /home/airflow/.local/lib/python3.7/site-packages/airflow/example_dags/example_latest_only_with_trigger.py
[2022-12-01 23:02:55,406] {logging_mixin.py:115} INFO - [2022-12-01 23:02:55,406] {dag.py:2420} INFO - Sync 1 DAGs
[2022-12-01 23:02:55,449] {logging_mixin.py:115} INFO - [2022-12-01 23:02:55,449] {dag.py:2972} INFO - Setting next_dagrun for latest_only_with_trigger to 2022-12-01T19:02:55.449324+00:00, run_after=2022-12-01T23:02:55.449324+00:00
[2022-12-01 23:02:55,476] {processor.py:161} INFO - Processing /home/airflow/.local/lib/python3.7/site-packages/airflow/example_dags/example_latest_only_with_trigger.py took 0.411 seconds
[2022-12-01 23:03:26,707] {processor.py:153} INFO - Started process (PID=2666) to work on /home/airflow/.local/lib/python3.7/site-packages/airflow/example_dags/example_latest_only_with_trigger.py
[2022-12-01 23:03:26,708] {processor.py:641} INFO - Processing file /home/airflow/.local/lib/python3.7/site-packages/airflow/example_dags/example_latest_only_with_trigger.py for tasks to queue
[2022-12-01 23:03:26,710] {logging_mixin.py:115} INFO - [2022-12-01 23:03:26,709] {dagbag.py:508} INFO - Filling up the DagBag from /home/airflow/.local/lib/python3.7/site-packages/airflow/example_dags/example_latest_only_with_trigger.py
[2022-12-01 23:03:26,730] {processor.py:651} INFO - DAG(s) dict_keys(['latest_only_with_trigger']) retrieved from /home/airflow/.local/lib/python3.7/site-packages/airflow/example_dags/example_latest_only_with_trigger.py
[2022-12-01 23:03:27,175] {logging_mixin.py:115} INFO - [2022-12-01 23:03:27,175] {dag.py:2420} INFO - Sync 1 DAGs
[2022-12-01 23:03:27,239] {logging_mixin.py:115} INFO - [2022-12-01 23:03:27,238] {dag.py:2972} INFO - Setting next_dagrun for latest_only_with_trigger to 2022-12-01T19:03:27.238135+00:00, run_after=2022-12-01T23:03:27.238135+00:00
[2022-12-01 23:03:27,300] {processor.py:161} INFO - Processing /home/airflow/.local/lib/python3.7/site-packages/airflow/example_dags/example_latest_only_with_trigger.py took 0.602 seconds
[2022-12-01 23:03:57,951] {processor.py:153} INFO - Started process (PID=2721) to work on /home/airflow/.local/lib/python3.7/site-packages/airflow/example_dags/example_latest_only_with_trigger.py
[2022-12-01 23:03:57,952] {processor.py:641} INFO - Processing file /home/airflow/.local/lib/python3.7/site-packages/airflow/example_dags/example_latest_only_with_trigger.py for tasks to queue
[2022-12-01 23:03:57,953] {logging_mixin.py:115} INFO - [2022-12-01 23:03:57,953] {dagbag.py:508} INFO - Filling up the DagBag from /home/airflow/.local/lib/python3.7/site-packages/airflow/example_dags/example_latest_only_with_trigger.py
[2022-12-01 23:03:57,962] {processor.py:651} INFO - DAG(s) dict_keys(['latest_only_with_trigger']) retrieved from /home/airflow/.local/lib/python3.7/site-packages/airflow/example_dags/example_latest_only_with_trigger.py
[2022-12-01 23:03:58,264] {logging_mixin.py:115} INFO - [2022-12-01 23:03:58,264] {dag.py:2420} INFO - Sync 1 DAGs
[2022-12-01 23:03:58,313] {logging_mixin.py:115} INFO - [2022-12-01 23:03:58,312] {dag.py:2972} INFO - Setting next_dagrun for latest_only_with_trigger to 2022-12-01T19:03:58.312513+00:00, run_after=2022-12-01T23:03:58.312513+00:00
[2022-12-01 23:03:58,335] {processor.py:161} INFO - Processing /home/airflow/.local/lib/python3.7/site-packages/airflow/example_dags/example_latest_only_with_trigger.py took 0.388 seconds
[2022-12-01 23:04:28,585] {processor.py:153} INFO - Started process (PID=2775) to work on /home/airflow/.local/lib/python3.7/site-packages/airflow/example_dags/example_latest_only_with_trigger.py
[2022-12-01 23:04:28,586] {processor.py:641} INFO - Processing file /home/airflow/.local/lib/python3.7/site-packages/airflow/example_dags/example_latest_only_with_trigger.py for tasks to queue
[2022-12-01 23:04:28,587] {logging_mixin.py:115} INFO - [2022-12-01 23:04:28,587] {dagbag.py:508} INFO - Filling up the DagBag from /home/airflow/.local/lib/python3.7/site-packages/airflow/example_dags/example_latest_only_with_trigger.py
[2022-12-01 23:04:28,595] {processor.py:651} INFO - DAG(s) dict_keys(['latest_only_with_trigger']) retrieved from /home/airflow/.local/lib/python3.7/site-packages/airflow/example_dags/example_latest_only_with_trigger.py
[2022-12-01 23:04:28,861] {logging_mixin.py:115} INFO - [2022-12-01 23:04:28,860] {dag.py:2420} INFO - Sync 1 DAGs
[2022-12-01 23:04:28,901] {logging_mixin.py:115} INFO - [2022-12-01 23:04:28,901] {dag.py:2972} INFO - Setting next_dagrun for latest_only_with_trigger to 2022-12-01T19:04:28.900792+00:00, run_after=2022-12-01T23:04:28.900792+00:00
[2022-12-01 23:04:28,925] {processor.py:161} INFO - Processing /home/airflow/.local/lib/python3.7/site-packages/airflow/example_dags/example_latest_only_with_trigger.py took 0.345 seconds
[2022-12-01 23:04:59,653] {processor.py:153} INFO - Started process (PID=2836) to work on /home/airflow/.local/lib/python3.7/site-packages/airflow/example_dags/example_latest_only_with_trigger.py
[2022-12-01 23:04:59,655] {processor.py:641} INFO - Processing file /home/airflow/.local/lib/python3.7/site-packages/airflow/example_dags/example_latest_only_with_trigger.py for tasks to queue
[2022-12-01 23:04:59,656] {logging_mixin.py:115} INFO - [2022-12-01 23:04:59,656] {dagbag.py:508} INFO - Filling up the DagBag from /home/airflow/.local/lib/python3.7/site-packages/airflow/example_dags/example_latest_only_with_trigger.py
[2022-12-01 23:04:59,668] {processor.py:651} INFO - DAG(s) dict_keys(['latest_only_with_trigger']) retrieved from /home/airflow/.local/lib/python3.7/site-packages/airflow/example_dags/example_latest_only_with_trigger.py
[2022-12-01 23:05:00,039] {logging_mixin.py:115} INFO - [2022-12-01 23:05:00,039] {dag.py:2420} INFO - Sync 1 DAGs
[2022-12-01 23:05:00,098] {logging_mixin.py:115} INFO - [2022-12-01 23:05:00,098] {dag.py:2972} INFO - Setting next_dagrun for latest_only_with_trigger to 2022-12-01T19:05:00.097752+00:00, run_after=2022-12-01T23:05:00.097752+00:00
[2022-12-01 23:05:00,130] {processor.py:161} INFO - Processing /home/airflow/.local/lib/python3.7/site-packages/airflow/example_dags/example_latest_only_with_trigger.py took 0.483 seconds
[2022-12-01 23:05:31,030] {processor.py:153} INFO - Started process (PID=2890) to work on /home/airflow/.local/lib/python3.7/site-packages/airflow/example_dags/example_latest_only_with_trigger.py
[2022-12-01 23:05:31,031] {processor.py:641} INFO - Processing file /home/airflow/.local/lib/python3.7/site-packages/airflow/example_dags/example_latest_only_with_trigger.py for tasks to queue
[2022-12-01 23:05:31,032] {logging_mixin.py:115} INFO - [2022-12-01 23:05:31,032] {dagbag.py:508} INFO - Filling up the DagBag from /home/airflow/.local/lib/python3.7/site-packages/airflow/example_dags/example_latest_only_with_trigger.py
[2022-12-01 23:05:31,043] {processor.py:651} INFO - DAG(s) dict_keys(['latest_only_with_trigger']) retrieved from /home/airflow/.local/lib/python3.7/site-packages/airflow/example_dags/example_latest_only_with_trigger.py
[2022-12-01 23:05:31,319] {logging_mixin.py:115} INFO - [2022-12-01 23:05:31,319] {dag.py:2420} INFO - Sync 1 DAGs
[2022-12-01 23:05:31,358] {logging_mixin.py:115} INFO - [2022-12-01 23:05:31,358] {dag.py:2972} INFO - Setting next_dagrun for latest_only_with_trigger to 2022-12-01T19:05:31.358225+00:00, run_after=2022-12-01T23:05:31.358225+00:00
[2022-12-01 23:05:31,382] {processor.py:161} INFO - Processing /home/airflow/.local/lib/python3.7/site-packages/airflow/example_dags/example_latest_only_with_trigger.py took 0.357 seconds
[2022-12-01 23:06:02,427] {processor.py:153} INFO - Started process (PID=2944) to work on /home/airflow/.local/lib/python3.7/site-packages/airflow/example_dags/example_latest_only_with_trigger.py
[2022-12-01 23:06:02,428] {processor.py:641} INFO - Processing file /home/airflow/.local/lib/python3.7/site-packages/airflow/example_dags/example_latest_only_with_trigger.py for tasks to queue
[2022-12-01 23:06:02,429] {logging_mixin.py:115} INFO - [2022-12-01 23:06:02,429] {dagbag.py:508} INFO - Filling up the DagBag from /home/airflow/.local/lib/python3.7/site-packages/airflow/example_dags/example_latest_only_with_trigger.py
[2022-12-01 23:06:02,442] {processor.py:651} INFO - DAG(s) dict_keys(['latest_only_with_trigger']) retrieved from /home/airflow/.local/lib/python3.7/site-packages/airflow/example_dags/example_latest_only_with_trigger.py
[2022-12-01 23:06:02,759] {logging_mixin.py:115} INFO - [2022-12-01 23:06:02,759] {dag.py:2420} INFO - Sync 1 DAGs
[2022-12-01 23:06:02,805] {logging_mixin.py:115} INFO - [2022-12-01 23:06:02,805] {dag.py:2972} INFO - Setting next_dagrun for latest_only_with_trigger to 2022-12-01T19:06:02.804872+00:00, run_after=2022-12-01T23:06:02.804872+00:00
[2022-12-01 23:06:02,833] {processor.py:161} INFO - Processing /home/airflow/.local/lib/python3.7/site-packages/airflow/example_dags/example_latest_only_with_trigger.py took 0.412 seconds
[2022-12-01 23:06:33,466] {processor.py:153} INFO - Started process (PID=3008) to work on /home/airflow/.local/lib/python3.7/site-packages/airflow/example_dags/example_latest_only_with_trigger.py
[2022-12-01 23:06:33,467] {processor.py:641} INFO - Processing file /home/airflow/.local/lib/python3.7/site-packages/airflow/example_dags/example_latest_only_with_trigger.py for tasks to queue
[2022-12-01 23:06:33,468] {logging_mixin.py:115} INFO - [2022-12-01 23:06:33,468] {dagbag.py:508} INFO - Filling up the DagBag from /home/airflow/.local/lib/python3.7/site-packages/airflow/example_dags/example_latest_only_with_trigger.py
[2022-12-01 23:06:33,478] {processor.py:651} INFO - DAG(s) dict_keys(['latest_only_with_trigger']) retrieved from /home/airflow/.local/lib/python3.7/site-packages/airflow/example_dags/example_latest_only_with_trigger.py
[2022-12-01 23:06:33,830] {logging_mixin.py:115} INFO - [2022-12-01 23:06:33,830] {dag.py:2420} INFO - Sync 1 DAGs
[2022-12-01 23:06:33,884] {logging_mixin.py:115} INFO - [2022-12-01 23:06:33,884] {dag.py:2972} INFO - Setting next_dagrun for latest_only_with_trigger to 2022-12-01T19:06:33.883851+00:00, run_after=2022-12-01T23:06:33.883851+00:00
[2022-12-01 23:06:33,908] {processor.py:161} INFO - Processing /home/airflow/.local/lib/python3.7/site-packages/airflow/example_dags/example_latest_only_with_trigger.py took 0.448 seconds
