[2022-09-26 02:13:39,654] {processor.py:153} INFO - Started process (PID=4239) to work on /home/airflow/.local/lib/python3.7/site-packages/airflow/example_dags/example_task_group_decorator.py
[2022-09-26 02:13:39,656] {processor.py:641} INFO - Processing file /home/airflow/.local/lib/python3.7/site-packages/airflow/example_dags/example_task_group_decorator.py for tasks to queue
[2022-09-26 02:13:39,657] {logging_mixin.py:115} INFO - [2022-09-26 02:13:39,657] {dagbag.py:508} INFO - Filling up the DagBag from /home/airflow/.local/lib/python3.7/site-packages/airflow/example_dags/example_task_group_decorator.py
[2022-09-26 02:13:39,731] {processor.py:651} INFO - DAG(s) dict_keys(['example_task_group_decorator']) retrieved from /home/airflow/.local/lib/python3.7/site-packages/airflow/example_dags/example_task_group_decorator.py
[2022-09-26 02:13:40,028] {logging_mixin.py:115} INFO - [2022-09-26 02:13:40,028] {dag.py:2420} INFO - Sync 1 DAGs
[2022-09-26 02:13:40,183] {logging_mixin.py:115} INFO - [2022-09-26 02:13:40,182] {dag.py:2972} INFO - Setting next_dagrun for example_task_group_decorator to 2022-09-25T02:13:40.181552+00:00, run_after=2022-09-26T02:13:40.181552+00:00
[2022-09-26 02:13:40,251] {processor.py:161} INFO - Processing /home/airflow/.local/lib/python3.7/site-packages/airflow/example_dags/example_task_group_decorator.py took 0.604 seconds
[2022-09-26 02:14:10,461] {processor.py:153} INFO - Started process (PID=4293) to work on /home/airflow/.local/lib/python3.7/site-packages/airflow/example_dags/example_task_group_decorator.py
[2022-09-26 02:14:10,462] {processor.py:641} INFO - Processing file /home/airflow/.local/lib/python3.7/site-packages/airflow/example_dags/example_task_group_decorator.py for tasks to queue
[2022-09-26 02:14:10,463] {logging_mixin.py:115} INFO - [2022-09-26 02:14:10,463] {dagbag.py:508} INFO - Filling up the DagBag from /home/airflow/.local/lib/python3.7/site-packages/airflow/example_dags/example_task_group_decorator.py
[2022-09-26 02:14:10,522] {processor.py:651} INFO - DAG(s) dict_keys(['example_task_group_decorator']) retrieved from /home/airflow/.local/lib/python3.7/site-packages/airflow/example_dags/example_task_group_decorator.py
[2022-09-26 02:14:10,663] {logging_mixin.py:115} INFO - [2022-09-26 02:14:10,663] {dag.py:2420} INFO - Sync 1 DAGs
[2022-09-26 02:14:10,702] {logging_mixin.py:115} INFO - [2022-09-26 02:14:10,702] {dag.py:2972} INFO - Setting next_dagrun for example_task_group_decorator to 2022-09-25T02:14:10.701817+00:00, run_after=2022-09-26T02:14:10.701817+00:00
[2022-09-26 02:14:10,734] {processor.py:161} INFO - Processing /home/airflow/.local/lib/python3.7/site-packages/airflow/example_dags/example_task_group_decorator.py took 0.279 seconds
[2022-09-26 02:14:42,259] {processor.py:153} INFO - Started process (PID=4346) to work on /home/airflow/.local/lib/python3.7/site-packages/airflow/example_dags/example_task_group_decorator.py
[2022-09-26 02:14:42,260] {processor.py:641} INFO - Processing file /home/airflow/.local/lib/python3.7/site-packages/airflow/example_dags/example_task_group_decorator.py for tasks to queue
[2022-09-26 02:14:42,261] {logging_mixin.py:115} INFO - [2022-09-26 02:14:42,261] {dagbag.py:508} INFO - Filling up the DagBag from /home/airflow/.local/lib/python3.7/site-packages/airflow/example_dags/example_task_group_decorator.py
[2022-09-26 02:14:42,310] {processor.py:651} INFO - DAG(s) dict_keys(['example_task_group_decorator']) retrieved from /home/airflow/.local/lib/python3.7/site-packages/airflow/example_dags/example_task_group_decorator.py
[2022-09-26 02:14:42,477] {logging_mixin.py:115} INFO - [2022-09-26 02:14:42,477] {dag.py:2420} INFO - Sync 1 DAGs
[2022-09-26 02:14:42,519] {logging_mixin.py:115} INFO - [2022-09-26 02:14:42,519] {dag.py:2972} INFO - Setting next_dagrun for example_task_group_decorator to 2022-09-25T02:14:42.519168+00:00, run_after=2022-09-26T02:14:42.519168+00:00
[2022-09-26 02:14:42,548] {processor.py:161} INFO - Processing /home/airflow/.local/lib/python3.7/site-packages/airflow/example_dags/example_task_group_decorator.py took 0.294 seconds
[2022-09-26 02:15:14,370] {processor.py:153} INFO - Started process (PID=4407) to work on /home/airflow/.local/lib/python3.7/site-packages/airflow/example_dags/example_task_group_decorator.py
[2022-09-26 02:15:14,372] {processor.py:641} INFO - Processing file /home/airflow/.local/lib/python3.7/site-packages/airflow/example_dags/example_task_group_decorator.py for tasks to queue
[2022-09-26 02:15:14,373] {logging_mixin.py:115} INFO - [2022-09-26 02:15:14,373] {dagbag.py:508} INFO - Filling up the DagBag from /home/airflow/.local/lib/python3.7/site-packages/airflow/example_dags/example_task_group_decorator.py
[2022-09-26 02:15:14,447] {processor.py:651} INFO - DAG(s) dict_keys(['example_task_group_decorator']) retrieved from /home/airflow/.local/lib/python3.7/site-packages/airflow/example_dags/example_task_group_decorator.py
[2022-09-26 02:15:14,631] {logging_mixin.py:115} INFO - [2022-09-26 02:15:14,630] {dag.py:2420} INFO - Sync 1 DAGs
[2022-09-26 02:15:14,678] {logging_mixin.py:115} INFO - [2022-09-26 02:15:14,678] {dag.py:2972} INFO - Setting next_dagrun for example_task_group_decorator to 2022-09-25T02:15:14.677857+00:00, run_after=2022-09-26T02:15:14.677857+00:00
[2022-09-26 02:15:14,719] {processor.py:161} INFO - Processing /home/airflow/.local/lib/python3.7/site-packages/airflow/example_dags/example_task_group_decorator.py took 0.358 seconds
[2022-09-26 02:15:46,467] {processor.py:153} INFO - Started process (PID=4460) to work on /home/airflow/.local/lib/python3.7/site-packages/airflow/example_dags/example_task_group_decorator.py
[2022-09-26 02:15:46,468] {processor.py:641} INFO - Processing file /home/airflow/.local/lib/python3.7/site-packages/airflow/example_dags/example_task_group_decorator.py for tasks to queue
[2022-09-26 02:15:46,470] {logging_mixin.py:115} INFO - [2022-09-26 02:15:46,469] {dagbag.py:508} INFO - Filling up the DagBag from /home/airflow/.local/lib/python3.7/site-packages/airflow/example_dags/example_task_group_decorator.py
[2022-09-26 02:15:46,531] {processor.py:651} INFO - DAG(s) dict_keys(['example_task_group_decorator']) retrieved from /home/airflow/.local/lib/python3.7/site-packages/airflow/example_dags/example_task_group_decorator.py
[2022-09-26 02:15:46,711] {logging_mixin.py:115} INFO - [2022-09-26 02:15:46,711] {dag.py:2420} INFO - Sync 1 DAGs
[2022-09-26 02:15:46,763] {logging_mixin.py:115} INFO - [2022-09-26 02:15:46,762] {dag.py:2972} INFO - Setting next_dagrun for example_task_group_decorator to 2022-09-25T02:15:46.762298+00:00, run_after=2022-09-26T02:15:46.762298+00:00
[2022-09-26 02:15:46,800] {processor.py:161} INFO - Processing /home/airflow/.local/lib/python3.7/site-packages/airflow/example_dags/example_task_group_decorator.py took 0.340 seconds
[2022-09-26 02:16:19,722] {processor.py:153} INFO - Started process (PID=4512) to work on /home/airflow/.local/lib/python3.7/site-packages/airflow/example_dags/example_task_group_decorator.py
[2022-09-26 02:16:19,724] {processor.py:641} INFO - Processing file /home/airflow/.local/lib/python3.7/site-packages/airflow/example_dags/example_task_group_decorator.py for tasks to queue
[2022-09-26 02:16:19,725] {logging_mixin.py:115} INFO - [2022-09-26 02:16:19,725] {dagbag.py:508} INFO - Filling up the DagBag from /home/airflow/.local/lib/python3.7/site-packages/airflow/example_dags/example_task_group_decorator.py
[2022-09-26 02:16:19,792] {processor.py:651} INFO - DAG(s) dict_keys(['example_task_group_decorator']) retrieved from /home/airflow/.local/lib/python3.7/site-packages/airflow/example_dags/example_task_group_decorator.py
[2022-09-26 02:16:20,020] {logging_mixin.py:115} INFO - [2022-09-26 02:16:20,019] {dag.py:2420} INFO - Sync 1 DAGs
[2022-09-26 02:16:20,099] {logging_mixin.py:115} INFO - [2022-09-26 02:16:20,099] {dag.py:2972} INFO - Setting next_dagrun for example_task_group_decorator to 2022-09-25T02:16:20.098583+00:00, run_after=2022-09-26T02:16:20.098583+00:00
[2022-09-26 02:16:20,146] {processor.py:161} INFO - Processing /home/airflow/.local/lib/python3.7/site-packages/airflow/example_dags/example_task_group_decorator.py took 0.432 seconds
[2022-09-26 02:16:51,228] {processor.py:153} INFO - Started process (PID=4565) to work on /home/airflow/.local/lib/python3.7/site-packages/airflow/example_dags/example_task_group_decorator.py
[2022-09-26 02:16:51,229] {processor.py:641} INFO - Processing file /home/airflow/.local/lib/python3.7/site-packages/airflow/example_dags/example_task_group_decorator.py for tasks to queue
[2022-09-26 02:16:51,231] {logging_mixin.py:115} INFO - [2022-09-26 02:16:51,230] {dagbag.py:508} INFO - Filling up the DagBag from /home/airflow/.local/lib/python3.7/site-packages/airflow/example_dags/example_task_group_decorator.py
[2022-09-26 02:16:51,289] {processor.py:651} INFO - DAG(s) dict_keys(['example_task_group_decorator']) retrieved from /home/airflow/.local/lib/python3.7/site-packages/airflow/example_dags/example_task_group_decorator.py
[2022-09-26 02:16:51,456] {logging_mixin.py:115} INFO - [2022-09-26 02:16:51,456] {dag.py:2420} INFO - Sync 1 DAGs
[2022-09-26 02:16:51,509] {logging_mixin.py:115} INFO - [2022-09-26 02:16:51,509] {dag.py:2972} INFO - Setting next_dagrun for example_task_group_decorator to 2022-09-25T02:16:51.508482+00:00, run_after=2022-09-26T02:16:51.508482+00:00
[2022-09-26 02:16:51,543] {processor.py:161} INFO - Processing /home/airflow/.local/lib/python3.7/site-packages/airflow/example_dags/example_task_group_decorator.py took 0.322 seconds
[2022-09-26 02:17:23,549] {processor.py:153} INFO - Started process (PID=4618) to work on /home/airflow/.local/lib/python3.7/site-packages/airflow/example_dags/example_task_group_decorator.py
[2022-09-26 02:17:23,550] {processor.py:641} INFO - Processing file /home/airflow/.local/lib/python3.7/site-packages/airflow/example_dags/example_task_group_decorator.py for tasks to queue
[2022-09-26 02:17:23,551] {logging_mixin.py:115} INFO - [2022-09-26 02:17:23,551] {dagbag.py:508} INFO - Filling up the DagBag from /home/airflow/.local/lib/python3.7/site-packages/airflow/example_dags/example_task_group_decorator.py
[2022-09-26 02:17:23,619] {processor.py:651} INFO - DAG(s) dict_keys(['example_task_group_decorator']) retrieved from /home/airflow/.local/lib/python3.7/site-packages/airflow/example_dags/example_task_group_decorator.py
[2022-09-26 02:17:23,793] {logging_mixin.py:115} INFO - [2022-09-26 02:17:23,793] {dag.py:2420} INFO - Sync 1 DAGs
[2022-09-26 02:17:23,838] {logging_mixin.py:115} INFO - [2022-09-26 02:17:23,838] {dag.py:2972} INFO - Setting next_dagrun for example_task_group_decorator to 2022-09-25T02:17:23.838159+00:00, run_after=2022-09-26T02:17:23.838159+00:00
[2022-09-26 02:17:23,878] {processor.py:161} INFO - Processing /home/airflow/.local/lib/python3.7/site-packages/airflow/example_dags/example_task_group_decorator.py took 0.339 seconds
[2022-09-26 02:17:55,419] {processor.py:153} INFO - Started process (PID=4680) to work on /home/airflow/.local/lib/python3.7/site-packages/airflow/example_dags/example_task_group_decorator.py
[2022-09-26 02:17:55,421] {processor.py:641} INFO - Processing file /home/airflow/.local/lib/python3.7/site-packages/airflow/example_dags/example_task_group_decorator.py for tasks to queue
[2022-09-26 02:17:55,422] {logging_mixin.py:115} INFO - [2022-09-26 02:17:55,422] {dagbag.py:508} INFO - Filling up the DagBag from /home/airflow/.local/lib/python3.7/site-packages/airflow/example_dags/example_task_group_decorator.py
[2022-09-26 02:17:55,493] {processor.py:651} INFO - DAG(s) dict_keys(['example_task_group_decorator']) retrieved from /home/airflow/.local/lib/python3.7/site-packages/airflow/example_dags/example_task_group_decorator.py
[2022-09-26 02:17:55,671] {logging_mixin.py:115} INFO - [2022-09-26 02:17:55,671] {dag.py:2420} INFO - Sync 1 DAGs
[2022-09-26 02:17:55,718] {logging_mixin.py:115} INFO - [2022-09-26 02:17:55,717] {dag.py:2972} INFO - Setting next_dagrun for example_task_group_decorator to 2022-09-25T02:17:55.717548+00:00, run_after=2022-09-26T02:17:55.717548+00:00
[2022-09-26 02:17:55,750] {processor.py:161} INFO - Processing /home/airflow/.local/lib/python3.7/site-packages/airflow/example_dags/example_task_group_decorator.py took 0.336 seconds
[2022-09-26 02:18:27,688] {processor.py:153} INFO - Started process (PID=4733) to work on /home/airflow/.local/lib/python3.7/site-packages/airflow/example_dags/example_task_group_decorator.py
[2022-09-26 02:18:27,689] {processor.py:641} INFO - Processing file /home/airflow/.local/lib/python3.7/site-packages/airflow/example_dags/example_task_group_decorator.py for tasks to queue
[2022-09-26 02:18:27,691] {logging_mixin.py:115} INFO - [2022-09-26 02:18:27,690] {dagbag.py:508} INFO - Filling up the DagBag from /home/airflow/.local/lib/python3.7/site-packages/airflow/example_dags/example_task_group_decorator.py
[2022-09-26 02:18:27,758] {processor.py:651} INFO - DAG(s) dict_keys(['example_task_group_decorator']) retrieved from /home/airflow/.local/lib/python3.7/site-packages/airflow/example_dags/example_task_group_decorator.py
[2022-09-26 02:18:27,933] {logging_mixin.py:115} INFO - [2022-09-26 02:18:27,933] {dag.py:2420} INFO - Sync 1 DAGs
[2022-09-26 02:18:27,994] {logging_mixin.py:115} INFO - [2022-09-26 02:18:27,993] {dag.py:2972} INFO - Setting next_dagrun for example_task_group_decorator to 2022-09-25T02:18:27.993241+00:00, run_after=2022-09-26T02:18:27.993241+00:00
[2022-09-26 02:18:28,033] {processor.py:161} INFO - Processing /home/airflow/.local/lib/python3.7/site-packages/airflow/example_dags/example_task_group_decorator.py took 0.355 seconds
[2022-09-26 02:19:29,199] {processor.py:153} INFO - Started process (PID=4786) to work on /home/airflow/.local/lib/python3.7/site-packages/airflow/example_dags/example_task_group_decorator.py
[2022-09-26 02:19:29,200] {processor.py:641} INFO - Processing file /home/airflow/.local/lib/python3.7/site-packages/airflow/example_dags/example_task_group_decorator.py for tasks to queue
[2022-09-26 02:19:29,201] {logging_mixin.py:115} INFO - [2022-09-26 02:19:29,201] {dagbag.py:508} INFO - Filling up the DagBag from /home/airflow/.local/lib/python3.7/site-packages/airflow/example_dags/example_task_group_decorator.py
[2022-09-26 02:19:29,287] {processor.py:651} INFO - DAG(s) dict_keys(['example_task_group_decorator']) retrieved from /home/airflow/.local/lib/python3.7/site-packages/airflow/example_dags/example_task_group_decorator.py
[2022-09-26 02:19:29,474] {logging_mixin.py:115} INFO - [2022-09-26 02:19:29,473] {dag.py:2420} INFO - Sync 1 DAGs
[2022-09-26 02:19:29,533] {logging_mixin.py:115} INFO - [2022-09-26 02:19:29,533] {dag.py:2972} INFO - Setting next_dagrun for example_task_group_decorator to 2022-09-25T02:19:29.532379+00:00, run_after=2022-09-26T02:19:29.532379+00:00
[2022-09-26 02:19:29,579] {processor.py:161} INFO - Processing /home/airflow/.local/lib/python3.7/site-packages/airflow/example_dags/example_task_group_decorator.py took 0.388 seconds
[2022-09-26 02:19:59,688] {processor.py:153} INFO - Started process (PID=4841) to work on /home/airflow/.local/lib/python3.7/site-packages/airflow/example_dags/example_task_group_decorator.py
[2022-09-26 02:19:59,689] {processor.py:641} INFO - Processing file /home/airflow/.local/lib/python3.7/site-packages/airflow/example_dags/example_task_group_decorator.py for tasks to queue
[2022-09-26 02:19:59,690] {logging_mixin.py:115} INFO - [2022-09-26 02:19:59,690] {dagbag.py:508} INFO - Filling up the DagBag from /home/airflow/.local/lib/python3.7/site-packages/airflow/example_dags/example_task_group_decorator.py
[2022-09-26 02:19:59,767] {processor.py:651} INFO - DAG(s) dict_keys(['example_task_group_decorator']) retrieved from /home/airflow/.local/lib/python3.7/site-packages/airflow/example_dags/example_task_group_decorator.py
[2022-09-26 02:19:59,926] {logging_mixin.py:115} INFO - [2022-09-26 02:19:59,926] {dag.py:2420} INFO - Sync 1 DAGs
[2022-09-26 02:19:59,974] {logging_mixin.py:115} INFO - [2022-09-26 02:19:59,973] {dag.py:2972} INFO - Setting next_dagrun for example_task_group_decorator to 2022-09-25T02:19:59.973588+00:00, run_after=2022-09-26T02:19:59.973588+00:00
[2022-09-26 02:20:00,013] {processor.py:161} INFO - Processing /home/airflow/.local/lib/python3.7/site-packages/airflow/example_dags/example_task_group_decorator.py took 0.330 seconds
[2022-09-26 02:20:30,151] {processor.py:153} INFO - Started process (PID=4892) to work on /home/airflow/.local/lib/python3.7/site-packages/airflow/example_dags/example_task_group_decorator.py
[2022-09-26 02:20:30,152] {processor.py:641} INFO - Processing file /home/airflow/.local/lib/python3.7/site-packages/airflow/example_dags/example_task_group_decorator.py for tasks to queue
[2022-09-26 02:20:30,154] {logging_mixin.py:115} INFO - [2022-09-26 02:20:30,153] {dagbag.py:508} INFO - Filling up the DagBag from /home/airflow/.local/lib/python3.7/site-packages/airflow/example_dags/example_task_group_decorator.py
[2022-09-26 02:20:30,204] {processor.py:651} INFO - DAG(s) dict_keys(['example_task_group_decorator']) retrieved from /home/airflow/.local/lib/python3.7/site-packages/airflow/example_dags/example_task_group_decorator.py
[2022-09-26 02:20:30,357] {logging_mixin.py:115} INFO - [2022-09-26 02:20:30,356] {dag.py:2420} INFO - Sync 1 DAGs
[2022-09-26 02:20:30,414] {logging_mixin.py:115} INFO - [2022-09-26 02:20:30,414] {dag.py:2972} INFO - Setting next_dagrun for example_task_group_decorator to 2022-09-25T02:20:30.414052+00:00, run_after=2022-09-26T02:20:30.414052+00:00
[2022-09-26 02:20:30,454] {processor.py:161} INFO - Processing /home/airflow/.local/lib/python3.7/site-packages/airflow/example_dags/example_task_group_decorator.py took 0.308 seconds
[2022-09-26 02:21:04,056] {processor.py:153} INFO - Started process (PID=4938) to work on /home/airflow/.local/lib/python3.7/site-packages/airflow/example_dags/example_task_group_decorator.py
[2022-09-26 02:21:04,063] {processor.py:641} INFO - Processing file /home/airflow/.local/lib/python3.7/site-packages/airflow/example_dags/example_task_group_decorator.py for tasks to queue
[2022-09-26 02:21:04,073] {logging_mixin.py:115} INFO - [2022-09-26 02:21:04,072] {dagbag.py:508} INFO - Filling up the DagBag from /home/airflow/.local/lib/python3.7/site-packages/airflow/example_dags/example_task_group_decorator.py
[2022-09-26 02:21:04,558] {processor.py:651} INFO - DAG(s) dict_keys(['example_task_group_decorator']) retrieved from /home/airflow/.local/lib/python3.7/site-packages/airflow/example_dags/example_task_group_decorator.py
[2022-09-26 02:21:06,125] {logging_mixin.py:115} INFO - [2022-09-26 02:21:06,124] {dag.py:2420} INFO - Sync 1 DAGs
[2022-09-26 02:21:06,495] {logging_mixin.py:115} INFO - [2022-09-26 02:21:06,494] {dag.py:2972} INFO - Setting next_dagrun for example_task_group_decorator to 2022-09-25T02:21:06.492494+00:00, run_after=2022-09-26T02:21:06.492494+00:00
[2022-09-26 02:21:06,670] {processor.py:161} INFO - Processing /home/airflow/.local/lib/python3.7/site-packages/airflow/example_dags/example_task_group_decorator.py took 2.651 seconds
[2022-09-26 02:21:37,142] {processor.py:153} INFO - Started process (PID=4991) to work on /home/airflow/.local/lib/python3.7/site-packages/airflow/example_dags/example_task_group_decorator.py
[2022-09-26 02:21:37,145] {processor.py:641} INFO - Processing file /home/airflow/.local/lib/python3.7/site-packages/airflow/example_dags/example_task_group_decorator.py for tasks to queue
[2022-09-26 02:21:37,149] {logging_mixin.py:115} INFO - [2022-09-26 02:21:37,148] {dagbag.py:508} INFO - Filling up the DagBag from /home/airflow/.local/lib/python3.7/site-packages/airflow/example_dags/example_task_group_decorator.py
[2022-09-26 02:21:37,417] {processor.py:651} INFO - DAG(s) dict_keys(['example_task_group_decorator']) retrieved from /home/airflow/.local/lib/python3.7/site-packages/airflow/example_dags/example_task_group_decorator.py
[2022-09-26 02:21:38,523] {logging_mixin.py:115} INFO - [2022-09-26 02:21:38,522] {dag.py:2420} INFO - Sync 1 DAGs
[2022-09-26 02:21:38,734] {logging_mixin.py:115} INFO - [2022-09-26 02:21:38,733] {dag.py:2972} INFO - Setting next_dagrun for example_task_group_decorator to 2022-09-25T02:21:38.731615+00:00, run_after=2022-09-26T02:21:38.731615+00:00
[2022-09-26 02:21:38,892] {processor.py:161} INFO - Processing /home/airflow/.local/lib/python3.7/site-packages/airflow/example_dags/example_task_group_decorator.py took 1.770 seconds
[2022-09-26 02:22:09,066] {processor.py:153} INFO - Started process (PID=5042) to work on /home/airflow/.local/lib/python3.7/site-packages/airflow/example_dags/example_task_group_decorator.py
[2022-09-26 02:22:09,072] {processor.py:641} INFO - Processing file /home/airflow/.local/lib/python3.7/site-packages/airflow/example_dags/example_task_group_decorator.py for tasks to queue
[2022-09-26 02:22:09,077] {logging_mixin.py:115} INFO - [2022-09-26 02:22:09,076] {dagbag.py:508} INFO - Filling up the DagBag from /home/airflow/.local/lib/python3.7/site-packages/airflow/example_dags/example_task_group_decorator.py
[2022-09-26 02:22:09,323] {processor.py:651} INFO - DAG(s) dict_keys(['example_task_group_decorator']) retrieved from /home/airflow/.local/lib/python3.7/site-packages/airflow/example_dags/example_task_group_decorator.py
[2022-09-26 02:22:10,088] {logging_mixin.py:115} INFO - [2022-09-26 02:22:10,087] {dag.py:2420} INFO - Sync 1 DAGs
[2022-09-26 02:22:10,425] {logging_mixin.py:115} INFO - [2022-09-26 02:22:10,424] {dag.py:2972} INFO - Setting next_dagrun for example_task_group_decorator to 2022-09-25T02:22:10.422021+00:00, run_after=2022-09-26T02:22:10.422021+00:00
[2022-09-26 02:22:10,584] {processor.py:161} INFO - Processing /home/airflow/.local/lib/python3.7/site-packages/airflow/example_dags/example_task_group_decorator.py took 1.538 seconds
[2022-09-26 02:22:40,723] {processor.py:153} INFO - Started process (PID=5087) to work on /home/airflow/.local/lib/python3.7/site-packages/airflow/example_dags/example_task_group_decorator.py
[2022-09-26 02:22:40,729] {processor.py:641} INFO - Processing file /home/airflow/.local/lib/python3.7/site-packages/airflow/example_dags/example_task_group_decorator.py for tasks to queue
[2022-09-26 02:22:40,732] {logging_mixin.py:115} INFO - [2022-09-26 02:22:40,732] {dagbag.py:508} INFO - Filling up the DagBag from /home/airflow/.local/lib/python3.7/site-packages/airflow/example_dags/example_task_group_decorator.py
[2022-09-26 02:22:40,969] {processor.py:651} INFO - DAG(s) dict_keys(['example_task_group_decorator']) retrieved from /home/airflow/.local/lib/python3.7/site-packages/airflow/example_dags/example_task_group_decorator.py
[2022-09-26 02:22:41,664] {logging_mixin.py:115} INFO - [2022-09-26 02:22:41,663] {dag.py:2420} INFO - Sync 1 DAGs
[2022-09-26 02:22:41,876] {logging_mixin.py:115} INFO - [2022-09-26 02:22:41,875] {dag.py:2972} INFO - Setting next_dagrun for example_task_group_decorator to 2022-09-25T02:22:41.874209+00:00, run_after=2022-09-26T02:22:41.874209+00:00
[2022-09-26 02:22:41,990] {processor.py:161} INFO - Processing /home/airflow/.local/lib/python3.7/site-packages/airflow/example_dags/example_task_group_decorator.py took 1.285 seconds
[2022-09-26 02:23:12,376] {processor.py:153} INFO - Started process (PID=5131) to work on /home/airflow/.local/lib/python3.7/site-packages/airflow/example_dags/example_task_group_decorator.py
[2022-09-26 02:23:12,382] {processor.py:641} INFO - Processing file /home/airflow/.local/lib/python3.7/site-packages/airflow/example_dags/example_task_group_decorator.py for tasks to queue
[2022-09-26 02:23:12,387] {logging_mixin.py:115} INFO - [2022-09-26 02:23:12,386] {dagbag.py:508} INFO - Filling up the DagBag from /home/airflow/.local/lib/python3.7/site-packages/airflow/example_dags/example_task_group_decorator.py
[2022-09-26 02:23:12,663] {processor.py:651} INFO - DAG(s) dict_keys(['example_task_group_decorator']) retrieved from /home/airflow/.local/lib/python3.7/site-packages/airflow/example_dags/example_task_group_decorator.py
[2022-09-26 02:23:12,951] {logging_mixin.py:115} INFO - [2022-09-26 02:23:12,951] {dag.py:2420} INFO - Sync 1 DAGs
[2022-09-26 02:23:13,153] {logging_mixin.py:115} INFO - [2022-09-26 02:23:13,152] {dag.py:2972} INFO - Setting next_dagrun for example_task_group_decorator to 2022-09-25T02:23:13.150956+00:00, run_after=2022-09-26T02:23:13.150956+00:00
[2022-09-26 02:23:13,256] {processor.py:161} INFO - Processing /home/airflow/.local/lib/python3.7/site-packages/airflow/example_dags/example_task_group_decorator.py took 0.909 seconds
[2022-09-26 02:23:43,939] {processor.py:153} INFO - Started process (PID=5183) to work on /home/airflow/.local/lib/python3.7/site-packages/airflow/example_dags/example_task_group_decorator.py
[2022-09-26 02:23:43,943] {processor.py:641} INFO - Processing file /home/airflow/.local/lib/python3.7/site-packages/airflow/example_dags/example_task_group_decorator.py for tasks to queue
[2022-09-26 02:23:43,948] {logging_mixin.py:115} INFO - [2022-09-26 02:23:43,947] {dagbag.py:508} INFO - Filling up the DagBag from /home/airflow/.local/lib/python3.7/site-packages/airflow/example_dags/example_task_group_decorator.py
[2022-09-26 02:23:44,224] {processor.py:651} INFO - DAG(s) dict_keys(['example_task_group_decorator']) retrieved from /home/airflow/.local/lib/python3.7/site-packages/airflow/example_dags/example_task_group_decorator.py
[2022-09-26 02:23:45,125] {logging_mixin.py:115} INFO - [2022-09-26 02:23:45,124] {dag.py:2420} INFO - Sync 1 DAGs
[2022-09-26 02:23:45,374] {logging_mixin.py:115} INFO - [2022-09-26 02:23:45,373] {dag.py:2972} INFO - Setting next_dagrun for example_task_group_decorator to 2022-09-25T02:23:45.371328+00:00, run_after=2022-09-26T02:23:45.371328+00:00
[2022-09-26 02:23:45,517] {processor.py:161} INFO - Processing /home/airflow/.local/lib/python3.7/site-packages/airflow/example_dags/example_task_group_decorator.py took 1.606 seconds
[2022-09-26 02:24:15,662] {processor.py:153} INFO - Started process (PID=5228) to work on /home/airflow/.local/lib/python3.7/site-packages/airflow/example_dags/example_task_group_decorator.py
[2022-09-26 02:24:15,665] {processor.py:641} INFO - Processing file /home/airflow/.local/lib/python3.7/site-packages/airflow/example_dags/example_task_group_decorator.py for tasks to queue
[2022-09-26 02:24:15,670] {logging_mixin.py:115} INFO - [2022-09-26 02:24:15,669] {dagbag.py:508} INFO - Filling up the DagBag from /home/airflow/.local/lib/python3.7/site-packages/airflow/example_dags/example_task_group_decorator.py
[2022-09-26 02:24:15,964] {processor.py:651} INFO - DAG(s) dict_keys(['example_task_group_decorator']) retrieved from /home/airflow/.local/lib/python3.7/site-packages/airflow/example_dags/example_task_group_decorator.py
[2022-09-26 02:24:16,624] {logging_mixin.py:115} INFO - [2022-09-26 02:24:16,623] {dag.py:2420} INFO - Sync 1 DAGs
[2022-09-26 02:24:16,823] {logging_mixin.py:115} INFO - [2022-09-26 02:24:16,822] {dag.py:2972} INFO - Setting next_dagrun for example_task_group_decorator to 2022-09-25T02:24:16.821252+00:00, run_after=2022-09-26T02:24:16.821252+00:00
[2022-09-26 02:24:17,005] {processor.py:161} INFO - Processing /home/airflow/.local/lib/python3.7/site-packages/airflow/example_dags/example_task_group_decorator.py took 1.364 seconds
[2022-09-26 02:24:47,414] {processor.py:153} INFO - Started process (PID=5281) to work on /home/airflow/.local/lib/python3.7/site-packages/airflow/example_dags/example_task_group_decorator.py
[2022-09-26 02:24:47,420] {processor.py:641} INFO - Processing file /home/airflow/.local/lib/python3.7/site-packages/airflow/example_dags/example_task_group_decorator.py for tasks to queue
[2022-09-26 02:24:47,424] {logging_mixin.py:115} INFO - [2022-09-26 02:24:47,423] {dagbag.py:508} INFO - Filling up the DagBag from /home/airflow/.local/lib/python3.7/site-packages/airflow/example_dags/example_task_group_decorator.py
[2022-09-26 02:24:47,741] {processor.py:651} INFO - DAG(s) dict_keys(['example_task_group_decorator']) retrieved from /home/airflow/.local/lib/python3.7/site-packages/airflow/example_dags/example_task_group_decorator.py
[2022-09-26 02:24:48,575] {logging_mixin.py:115} INFO - [2022-09-26 02:24:48,574] {dag.py:2420} INFO - Sync 1 DAGs
[2022-09-26 02:24:48,770] {logging_mixin.py:115} INFO - [2022-09-26 02:24:48,769] {dag.py:2972} INFO - Setting next_dagrun for example_task_group_decorator to 2022-09-25T02:24:48.767470+00:00, run_after=2022-09-26T02:24:48.767470+00:00
[2022-09-26 02:24:48,909] {processor.py:161} INFO - Processing /home/airflow/.local/lib/python3.7/site-packages/airflow/example_dags/example_task_group_decorator.py took 1.518 seconds
[2022-09-26 02:25:19,113] {processor.py:153} INFO - Started process (PID=5332) to work on /home/airflow/.local/lib/python3.7/site-packages/airflow/example_dags/example_task_group_decorator.py
[2022-09-26 02:25:19,116] {processor.py:641} INFO - Processing file /home/airflow/.local/lib/python3.7/site-packages/airflow/example_dags/example_task_group_decorator.py for tasks to queue
[2022-09-26 02:25:19,119] {logging_mixin.py:115} INFO - [2022-09-26 02:25:19,118] {dagbag.py:508} INFO - Filling up the DagBag from /home/airflow/.local/lib/python3.7/site-packages/airflow/example_dags/example_task_group_decorator.py
[2022-09-26 02:25:19,346] {processor.py:651} INFO - DAG(s) dict_keys(['example_task_group_decorator']) retrieved from /home/airflow/.local/lib/python3.7/site-packages/airflow/example_dags/example_task_group_decorator.py
[2022-09-26 02:25:20,022] {logging_mixin.py:115} INFO - [2022-09-26 02:25:20,022] {dag.py:2420} INFO - Sync 1 DAGs
[2022-09-26 02:25:20,293] {logging_mixin.py:115} INFO - [2022-09-26 02:25:20,292] {dag.py:2972} INFO - Setting next_dagrun for example_task_group_decorator to 2022-09-25T02:25:20.290509+00:00, run_after=2022-09-26T02:25:20.290509+00:00
[2022-09-26 02:25:20,438] {processor.py:161} INFO - Processing /home/airflow/.local/lib/python3.7/site-packages/airflow/example_dags/example_task_group_decorator.py took 1.344 seconds
[2022-09-26 02:25:50,989] {processor.py:153} INFO - Started process (PID=5379) to work on /home/airflow/.local/lib/python3.7/site-packages/airflow/example_dags/example_task_group_decorator.py
[2022-09-26 02:25:50,996] {processor.py:641} INFO - Processing file /home/airflow/.local/lib/python3.7/site-packages/airflow/example_dags/example_task_group_decorator.py for tasks to queue
[2022-09-26 02:25:51,000] {logging_mixin.py:115} INFO - [2022-09-26 02:25:50,999] {dagbag.py:508} INFO - Filling up the DagBag from /home/airflow/.local/lib/python3.7/site-packages/airflow/example_dags/example_task_group_decorator.py
[2022-09-26 02:25:51,344] {processor.py:651} INFO - DAG(s) dict_keys(['example_task_group_decorator']) retrieved from /home/airflow/.local/lib/python3.7/site-packages/airflow/example_dags/example_task_group_decorator.py
[2022-09-26 02:25:52,092] {logging_mixin.py:115} INFO - [2022-09-26 02:25:52,091] {dag.py:2420} INFO - Sync 1 DAGs
[2022-09-26 02:25:52,289] {logging_mixin.py:115} INFO - [2022-09-26 02:25:52,288] {dag.py:2972} INFO - Setting next_dagrun for example_task_group_decorator to 2022-09-25T02:25:52.285979+00:00, run_after=2022-09-26T02:25:52.285979+00:00
[2022-09-26 02:25:52,438] {processor.py:161} INFO - Processing /home/airflow/.local/lib/python3.7/site-packages/airflow/example_dags/example_task_group_decorator.py took 1.475 seconds
[2022-09-26 02:26:22,583] {processor.py:153} INFO - Started process (PID=5430) to work on /home/airflow/.local/lib/python3.7/site-packages/airflow/example_dags/example_task_group_decorator.py
[2022-09-26 02:26:22,590] {processor.py:641} INFO - Processing file /home/airflow/.local/lib/python3.7/site-packages/airflow/example_dags/example_task_group_decorator.py for tasks to queue
[2022-09-26 02:26:22,595] {logging_mixin.py:115} INFO - [2022-09-26 02:26:22,594] {dagbag.py:508} INFO - Filling up the DagBag from /home/airflow/.local/lib/python3.7/site-packages/airflow/example_dags/example_task_group_decorator.py
[2022-09-26 02:26:22,924] {processor.py:651} INFO - DAG(s) dict_keys(['example_task_group_decorator']) retrieved from /home/airflow/.local/lib/python3.7/site-packages/airflow/example_dags/example_task_group_decorator.py
[2022-09-26 02:26:23,607] {logging_mixin.py:115} INFO - [2022-09-26 02:26:23,606] {dag.py:2420} INFO - Sync 1 DAGs
[2022-09-26 02:26:23,816] {logging_mixin.py:115} INFO - [2022-09-26 02:26:23,816] {dag.py:2972} INFO - Setting next_dagrun for example_task_group_decorator to 2022-09-25T02:26:23.814321+00:00, run_after=2022-09-26T02:26:23.814321+00:00
[2022-09-26 02:26:23,942] {processor.py:161} INFO - Processing /home/airflow/.local/lib/python3.7/site-packages/airflow/example_dags/example_task_group_decorator.py took 1.385 seconds
[2022-09-26 02:26:54,344] {processor.py:153} INFO - Started process (PID=5476) to work on /home/airflow/.local/lib/python3.7/site-packages/airflow/example_dags/example_task_group_decorator.py
[2022-09-26 02:26:54,391] {processor.py:641} INFO - Processing file /home/airflow/.local/lib/python3.7/site-packages/airflow/example_dags/example_task_group_decorator.py for tasks to queue
[2022-09-26 02:26:54,395] {logging_mixin.py:115} INFO - [2022-09-26 02:26:54,394] {dagbag.py:508} INFO - Filling up the DagBag from /home/airflow/.local/lib/python3.7/site-packages/airflow/example_dags/example_task_group_decorator.py
[2022-09-26 02:26:54,664] {processor.py:651} INFO - DAG(s) dict_keys(['example_task_group_decorator']) retrieved from /home/airflow/.local/lib/python3.7/site-packages/airflow/example_dags/example_task_group_decorator.py
[2022-09-26 02:26:55,469] {logging_mixin.py:115} INFO - [2022-09-26 02:26:55,468] {dag.py:2420} INFO - Sync 1 DAGs
[2022-09-26 02:26:55,751] {logging_mixin.py:115} INFO - [2022-09-26 02:26:55,751] {dag.py:2972} INFO - Setting next_dagrun for example_task_group_decorator to 2022-09-25T02:26:55.748687+00:00, run_after=2022-09-26T02:26:55.748687+00:00
[2022-09-26 02:26:55,984] {processor.py:161} INFO - Processing /home/airflow/.local/lib/python3.7/site-packages/airflow/example_dags/example_task_group_decorator.py took 1.658 seconds
[2022-09-26 02:27:26,366] {processor.py:153} INFO - Started process (PID=5520) to work on /home/airflow/.local/lib/python3.7/site-packages/airflow/example_dags/example_task_group_decorator.py
[2022-09-26 02:27:26,371] {processor.py:641} INFO - Processing file /home/airflow/.local/lib/python3.7/site-packages/airflow/example_dags/example_task_group_decorator.py for tasks to queue
[2022-09-26 02:27:26,374] {logging_mixin.py:115} INFO - [2022-09-26 02:27:26,374] {dagbag.py:508} INFO - Filling up the DagBag from /home/airflow/.local/lib/python3.7/site-packages/airflow/example_dags/example_task_group_decorator.py
[2022-09-26 02:27:26,583] {processor.py:651} INFO - DAG(s) dict_keys(['example_task_group_decorator']) retrieved from /home/airflow/.local/lib/python3.7/site-packages/airflow/example_dags/example_task_group_decorator.py
[2022-09-26 02:27:27,337] {logging_mixin.py:115} INFO - [2022-09-26 02:27:27,336] {dag.py:2420} INFO - Sync 1 DAGs
[2022-09-26 02:27:27,573] {logging_mixin.py:115} INFO - [2022-09-26 02:27:27,572] {dag.py:2972} INFO - Setting next_dagrun for example_task_group_decorator to 2022-09-25T02:27:27.570208+00:00, run_after=2022-09-26T02:27:27.570208+00:00
[2022-09-26 02:27:27,708] {processor.py:161} INFO - Processing /home/airflow/.local/lib/python3.7/site-packages/airflow/example_dags/example_task_group_decorator.py took 1.360 seconds
[2022-09-26 02:27:58,277] {processor.py:153} INFO - Started process (PID=5572) to work on /home/airflow/.local/lib/python3.7/site-packages/airflow/example_dags/example_task_group_decorator.py
[2022-09-26 02:27:58,283] {processor.py:641} INFO - Processing file /home/airflow/.local/lib/python3.7/site-packages/airflow/example_dags/example_task_group_decorator.py for tasks to queue
[2022-09-26 02:27:58,286] {logging_mixin.py:115} INFO - [2022-09-26 02:27:58,286] {dagbag.py:508} INFO - Filling up the DagBag from /home/airflow/.local/lib/python3.7/site-packages/airflow/example_dags/example_task_group_decorator.py
[2022-09-26 02:27:58,543] {processor.py:651} INFO - DAG(s) dict_keys(['example_task_group_decorator']) retrieved from /home/airflow/.local/lib/python3.7/site-packages/airflow/example_dags/example_task_group_decorator.py
[2022-09-26 02:27:59,252] {logging_mixin.py:115} INFO - [2022-09-26 02:27:59,251] {dag.py:2420} INFO - Sync 1 DAGs
[2022-09-26 02:27:59,486] {logging_mixin.py:115} INFO - [2022-09-26 02:27:59,485] {dag.py:2972} INFO - Setting next_dagrun for example_task_group_decorator to 2022-09-25T02:27:59.484091+00:00, run_after=2022-09-26T02:27:59.484091+00:00
[2022-09-26 02:27:59,627] {processor.py:161} INFO - Processing /home/airflow/.local/lib/python3.7/site-packages/airflow/example_dags/example_task_group_decorator.py took 1.367 seconds
[2022-09-26 02:28:29,776] {processor.py:153} INFO - Started process (PID=5616) to work on /home/airflow/.local/lib/python3.7/site-packages/airflow/example_dags/example_task_group_decorator.py
[2022-09-26 02:28:29,782] {processor.py:641} INFO - Processing file /home/airflow/.local/lib/python3.7/site-packages/airflow/example_dags/example_task_group_decorator.py for tasks to queue
[2022-09-26 02:28:29,785] {logging_mixin.py:115} INFO - [2022-09-26 02:28:29,784] {dagbag.py:508} INFO - Filling up the DagBag from /home/airflow/.local/lib/python3.7/site-packages/airflow/example_dags/example_task_group_decorator.py
[2022-09-26 02:28:29,988] {processor.py:651} INFO - DAG(s) dict_keys(['example_task_group_decorator']) retrieved from /home/airflow/.local/lib/python3.7/site-packages/airflow/example_dags/example_task_group_decorator.py
[2022-09-26 02:28:30,582] {logging_mixin.py:115} INFO - [2022-09-26 02:28:30,582] {dag.py:2420} INFO - Sync 1 DAGs
[2022-09-26 02:28:30,789] {logging_mixin.py:115} INFO - [2022-09-26 02:28:30,788] {dag.py:2972} INFO - Setting next_dagrun for example_task_group_decorator to 2022-09-25T02:28:30.786087+00:00, run_after=2022-09-26T02:28:30.786087+00:00
[2022-09-26 02:28:30,942] {processor.py:161} INFO - Processing /home/airflow/.local/lib/python3.7/site-packages/airflow/example_dags/example_task_group_decorator.py took 1.183 seconds
[2022-09-26 02:29:01,315] {processor.py:153} INFO - Started process (PID=5669) to work on /home/airflow/.local/lib/python3.7/site-packages/airflow/example_dags/example_task_group_decorator.py
[2022-09-26 02:29:01,321] {processor.py:641} INFO - Processing file /home/airflow/.local/lib/python3.7/site-packages/airflow/example_dags/example_task_group_decorator.py for tasks to queue
[2022-09-26 02:29:01,325] {logging_mixin.py:115} INFO - [2022-09-26 02:29:01,325] {dagbag.py:508} INFO - Filling up the DagBag from /home/airflow/.local/lib/python3.7/site-packages/airflow/example_dags/example_task_group_decorator.py
[2022-09-26 02:29:01,645] {processor.py:651} INFO - DAG(s) dict_keys(['example_task_group_decorator']) retrieved from /home/airflow/.local/lib/python3.7/site-packages/airflow/example_dags/example_task_group_decorator.py
[2022-09-26 02:29:02,503] {logging_mixin.py:115} INFO - [2022-09-26 02:29:02,502] {dag.py:2420} INFO - Sync 1 DAGs
[2022-09-26 02:29:02,749] {logging_mixin.py:115} INFO - [2022-09-26 02:29:02,748] {dag.py:2972} INFO - Setting next_dagrun for example_task_group_decorator to 2022-09-25T02:29:02.746419+00:00, run_after=2022-09-26T02:29:02.746419+00:00
[2022-09-26 02:29:02,897] {processor.py:161} INFO - Processing /home/airflow/.local/lib/python3.7/site-packages/airflow/example_dags/example_task_group_decorator.py took 1.606 seconds
[2022-09-26 02:29:33,089] {processor.py:153} INFO - Started process (PID=5714) to work on /home/airflow/.local/lib/python3.7/site-packages/airflow/example_dags/example_task_group_decorator.py
[2022-09-26 02:29:33,092] {processor.py:641} INFO - Processing file /home/airflow/.local/lib/python3.7/site-packages/airflow/example_dags/example_task_group_decorator.py for tasks to queue
[2022-09-26 02:29:33,095] {logging_mixin.py:115} INFO - [2022-09-26 02:29:33,095] {dagbag.py:508} INFO - Filling up the DagBag from /home/airflow/.local/lib/python3.7/site-packages/airflow/example_dags/example_task_group_decorator.py
[2022-09-26 02:29:33,400] {processor.py:651} INFO - DAG(s) dict_keys(['example_task_group_decorator']) retrieved from /home/airflow/.local/lib/python3.7/site-packages/airflow/example_dags/example_task_group_decorator.py
[2022-09-26 02:29:34,064] {logging_mixin.py:115} INFO - [2022-09-26 02:29:34,063] {dag.py:2420} INFO - Sync 1 DAGs
[2022-09-26 02:29:34,238] {logging_mixin.py:115} INFO - [2022-09-26 02:29:34,238] {dag.py:2972} INFO - Setting next_dagrun for example_task_group_decorator to 2022-09-25T02:29:34.236549+00:00, run_after=2022-09-26T02:29:34.236549+00:00
[2022-09-26 02:29:34,345] {processor.py:161} INFO - Processing /home/airflow/.local/lib/python3.7/site-packages/airflow/example_dags/example_task_group_decorator.py took 1.275 seconds
[2022-09-26 02:30:05,128] {processor.py:153} INFO - Started process (PID=5766) to work on /home/airflow/.local/lib/python3.7/site-packages/airflow/example_dags/example_task_group_decorator.py
[2022-09-26 02:30:05,135] {processor.py:641} INFO - Processing file /home/airflow/.local/lib/python3.7/site-packages/airflow/example_dags/example_task_group_decorator.py for tasks to queue
[2022-09-26 02:30:05,139] {logging_mixin.py:115} INFO - [2022-09-26 02:30:05,138] {dagbag.py:508} INFO - Filling up the DagBag from /home/airflow/.local/lib/python3.7/site-packages/airflow/example_dags/example_task_group_decorator.py
[2022-09-26 02:30:05,379] {processor.py:651} INFO - DAG(s) dict_keys(['example_task_group_decorator']) retrieved from /home/airflow/.local/lib/python3.7/site-packages/airflow/example_dags/example_task_group_decorator.py
[2022-09-26 02:30:06,230] {logging_mixin.py:115} INFO - [2022-09-26 02:30:06,229] {dag.py:2420} INFO - Sync 1 DAGs
[2022-09-26 02:30:06,401] {logging_mixin.py:115} INFO - [2022-09-26 02:30:06,400] {dag.py:2972} INFO - Setting next_dagrun for example_task_group_decorator to 2022-09-25T02:30:06.398834+00:00, run_after=2022-09-26T02:30:06.398834+00:00
[2022-09-26 02:30:06,509] {processor.py:161} INFO - Processing /home/airflow/.local/lib/python3.7/site-packages/airflow/example_dags/example_task_group_decorator.py took 1.401 seconds
[2022-09-26 02:30:37,047] {processor.py:153} INFO - Started process (PID=5809) to work on /home/airflow/.local/lib/python3.7/site-packages/airflow/example_dags/example_task_group_decorator.py
[2022-09-26 02:30:37,050] {processor.py:641} INFO - Processing file /home/airflow/.local/lib/python3.7/site-packages/airflow/example_dags/example_task_group_decorator.py for tasks to queue
[2022-09-26 02:30:37,053] {logging_mixin.py:115} INFO - [2022-09-26 02:30:37,053] {dagbag.py:508} INFO - Filling up the DagBag from /home/airflow/.local/lib/python3.7/site-packages/airflow/example_dags/example_task_group_decorator.py
[2022-09-26 02:30:37,302] {processor.py:651} INFO - DAG(s) dict_keys(['example_task_group_decorator']) retrieved from /home/airflow/.local/lib/python3.7/site-packages/airflow/example_dags/example_task_group_decorator.py
[2022-09-26 02:30:37,892] {logging_mixin.py:115} INFO - [2022-09-26 02:30:37,892] {dag.py:2420} INFO - Sync 1 DAGs
[2022-09-26 02:30:38,074] {logging_mixin.py:115} INFO - [2022-09-26 02:30:38,073] {dag.py:2972} INFO - Setting next_dagrun for example_task_group_decorator to 2022-09-25T02:30:38.072280+00:00, run_after=2022-09-26T02:30:38.072280+00:00
[2022-09-26 02:30:38,183] {processor.py:161} INFO - Processing /home/airflow/.local/lib/python3.7/site-packages/airflow/example_dags/example_task_group_decorator.py took 1.157 seconds
[2022-09-26 02:31:09,257] {processor.py:153} INFO - Started process (PID=5863) to work on /home/airflow/.local/lib/python3.7/site-packages/airflow/example_dags/example_task_group_decorator.py
[2022-09-26 02:31:09,263] {processor.py:641} INFO - Processing file /home/airflow/.local/lib/python3.7/site-packages/airflow/example_dags/example_task_group_decorator.py for tasks to queue
[2022-09-26 02:31:09,266] {logging_mixin.py:115} INFO - [2022-09-26 02:31:09,265] {dagbag.py:508} INFO - Filling up the DagBag from /home/airflow/.local/lib/python3.7/site-packages/airflow/example_dags/example_task_group_decorator.py
[2022-09-26 02:31:09,493] {processor.py:651} INFO - DAG(s) dict_keys(['example_task_group_decorator']) retrieved from /home/airflow/.local/lib/python3.7/site-packages/airflow/example_dags/example_task_group_decorator.py
[2022-09-26 02:31:10,104] {logging_mixin.py:115} INFO - [2022-09-26 02:31:10,103] {dag.py:2420} INFO - Sync 1 DAGs
[2022-09-26 02:31:10,319] {logging_mixin.py:115} INFO - [2022-09-26 02:31:10,318] {dag.py:2972} INFO - Setting next_dagrun for example_task_group_decorator to 2022-09-25T02:31:10.315892+00:00, run_after=2022-09-26T02:31:10.315892+00:00
[2022-09-26 02:31:10,461] {processor.py:161} INFO - Processing /home/airflow/.local/lib/python3.7/site-packages/airflow/example_dags/example_task_group_decorator.py took 1.231 seconds
[2022-09-26 02:31:41,177] {processor.py:153} INFO - Started process (PID=5914) to work on /home/airflow/.local/lib/python3.7/site-packages/airflow/example_dags/example_task_group_decorator.py
[2022-09-26 02:31:41,183] {processor.py:641} INFO - Processing file /home/airflow/.local/lib/python3.7/site-packages/airflow/example_dags/example_task_group_decorator.py for tasks to queue
[2022-09-26 02:31:41,187] {logging_mixin.py:115} INFO - [2022-09-26 02:31:41,187] {dagbag.py:508} INFO - Filling up the DagBag from /home/airflow/.local/lib/python3.7/site-packages/airflow/example_dags/example_task_group_decorator.py
[2022-09-26 02:31:41,506] {processor.py:651} INFO - DAG(s) dict_keys(['example_task_group_decorator']) retrieved from /home/airflow/.local/lib/python3.7/site-packages/airflow/example_dags/example_task_group_decorator.py
[2022-09-26 02:31:42,392] {logging_mixin.py:115} INFO - [2022-09-26 02:31:42,391] {dag.py:2420} INFO - Sync 1 DAGs
[2022-09-26 02:31:42,591] {logging_mixin.py:115} INFO - [2022-09-26 02:31:42,590] {dag.py:2972} INFO - Setting next_dagrun for example_task_group_decorator to 2022-09-25T02:31:42.588416+00:00, run_after=2022-09-26T02:31:42.588416+00:00
[2022-09-26 02:31:42,706] {processor.py:161} INFO - Processing /home/airflow/.local/lib/python3.7/site-packages/airflow/example_dags/example_task_group_decorator.py took 1.558 seconds
[2022-09-26 02:32:12,886] {processor.py:153} INFO - Started process (PID=5959) to work on /home/airflow/.local/lib/python3.7/site-packages/airflow/example_dags/example_task_group_decorator.py
[2022-09-26 02:32:12,893] {processor.py:641} INFO - Processing file /home/airflow/.local/lib/python3.7/site-packages/airflow/example_dags/example_task_group_decorator.py for tasks to queue
[2022-09-26 02:32:12,897] {logging_mixin.py:115} INFO - [2022-09-26 02:32:12,896] {dagbag.py:508} INFO - Filling up the DagBag from /home/airflow/.local/lib/python3.7/site-packages/airflow/example_dags/example_task_group_decorator.py
[2022-09-26 02:32:13,175] {processor.py:651} INFO - DAG(s) dict_keys(['example_task_group_decorator']) retrieved from /home/airflow/.local/lib/python3.7/site-packages/airflow/example_dags/example_task_group_decorator.py
[2022-09-26 02:32:13,811] {logging_mixin.py:115} INFO - [2022-09-26 02:32:13,810] {dag.py:2420} INFO - Sync 1 DAGs
[2022-09-26 02:32:13,975] {logging_mixin.py:115} INFO - [2022-09-26 02:32:13,975] {dag.py:2972} INFO - Setting next_dagrun for example_task_group_decorator to 2022-09-25T02:32:13.973418+00:00, run_after=2022-09-26T02:32:13.973418+00:00
[2022-09-26 02:32:14,083] {processor.py:161} INFO - Processing /home/airflow/.local/lib/python3.7/site-packages/airflow/example_dags/example_task_group_decorator.py took 1.224 seconds
[2022-09-26 02:32:44,577] {processor.py:153} INFO - Started process (PID=6012) to work on /home/airflow/.local/lib/python3.7/site-packages/airflow/example_dags/example_task_group_decorator.py
[2022-09-26 02:32:44,580] {processor.py:641} INFO - Processing file /home/airflow/.local/lib/python3.7/site-packages/airflow/example_dags/example_task_group_decorator.py for tasks to queue
[2022-09-26 02:32:44,584] {logging_mixin.py:115} INFO - [2022-09-26 02:32:44,583] {dagbag.py:508} INFO - Filling up the DagBag from /home/airflow/.local/lib/python3.7/site-packages/airflow/example_dags/example_task_group_decorator.py
[2022-09-26 02:32:44,830] {processor.py:651} INFO - DAG(s) dict_keys(['example_task_group_decorator']) retrieved from /home/airflow/.local/lib/python3.7/site-packages/airflow/example_dags/example_task_group_decorator.py
[2022-09-26 02:32:45,405] {logging_mixin.py:115} INFO - [2022-09-26 02:32:45,405] {dag.py:2420} INFO - Sync 1 DAGs
[2022-09-26 02:32:45,585] {logging_mixin.py:115} INFO - [2022-09-26 02:32:45,585] {dag.py:2972} INFO - Setting next_dagrun for example_task_group_decorator to 2022-09-25T02:32:45.583546+00:00, run_after=2022-09-26T02:32:45.583546+00:00
[2022-09-26 02:32:45,703] {processor.py:161} INFO - Processing /home/airflow/.local/lib/python3.7/site-packages/airflow/example_dags/example_task_group_decorator.py took 1.151 seconds
[2022-09-26 02:33:15,967] {processor.py:153} INFO - Started process (PID=6055) to work on /home/airflow/.local/lib/python3.7/site-packages/airflow/example_dags/example_task_group_decorator.py
[2022-09-26 02:33:15,971] {processor.py:641} INFO - Processing file /home/airflow/.local/lib/python3.7/site-packages/airflow/example_dags/example_task_group_decorator.py for tasks to queue
[2022-09-26 02:33:15,974] {logging_mixin.py:115} INFO - [2022-09-26 02:33:15,974] {dagbag.py:508} INFO - Filling up the DagBag from /home/airflow/.local/lib/python3.7/site-packages/airflow/example_dags/example_task_group_decorator.py
[2022-09-26 02:33:16,210] {processor.py:651} INFO - DAG(s) dict_keys(['example_task_group_decorator']) retrieved from /home/airflow/.local/lib/python3.7/site-packages/airflow/example_dags/example_task_group_decorator.py
[2022-09-26 02:33:16,933] {logging_mixin.py:115} INFO - [2022-09-26 02:33:16,933] {dag.py:2420} INFO - Sync 1 DAGs
[2022-09-26 02:33:17,118] {logging_mixin.py:115} INFO - [2022-09-26 02:33:17,117] {dag.py:2972} INFO - Setting next_dagrun for example_task_group_decorator to 2022-09-25T02:33:17.116125+00:00, run_after=2022-09-26T02:33:17.116125+00:00
[2022-09-26 02:33:17,238] {processor.py:161} INFO - Processing /home/airflow/.local/lib/python3.7/site-packages/airflow/example_dags/example_task_group_decorator.py took 1.290 seconds
[2022-09-26 02:33:48,045] {processor.py:153} INFO - Started process (PID=6109) to work on /home/airflow/.local/lib/python3.7/site-packages/airflow/example_dags/example_task_group_decorator.py
[2022-09-26 02:33:48,051] {processor.py:641} INFO - Processing file /home/airflow/.local/lib/python3.7/site-packages/airflow/example_dags/example_task_group_decorator.py for tasks to queue
[2022-09-26 02:33:48,055] {logging_mixin.py:115} INFO - [2022-09-26 02:33:48,055] {dagbag.py:508} INFO - Filling up the DagBag from /home/airflow/.local/lib/python3.7/site-packages/airflow/example_dags/example_task_group_decorator.py
[2022-09-26 02:33:48,360] {processor.py:651} INFO - DAG(s) dict_keys(['example_task_group_decorator']) retrieved from /home/airflow/.local/lib/python3.7/site-packages/airflow/example_dags/example_task_group_decorator.py
[2022-09-26 02:33:49,000] {logging_mixin.py:115} INFO - [2022-09-26 02:33:48,999] {dag.py:2420} INFO - Sync 1 DAGs
[2022-09-26 02:33:49,244] {logging_mixin.py:115} INFO - [2022-09-26 02:33:49,243] {dag.py:2972} INFO - Setting next_dagrun for example_task_group_decorator to 2022-09-25T02:33:49.241858+00:00, run_after=2022-09-26T02:33:49.241858+00:00
[2022-09-26 02:33:49,388] {processor.py:161} INFO - Processing /home/airflow/.local/lib/python3.7/site-packages/airflow/example_dags/example_task_group_decorator.py took 1.369 seconds
[2022-09-26 02:34:19,581] {processor.py:153} INFO - Started process (PID=6153) to work on /home/airflow/.local/lib/python3.7/site-packages/airflow/example_dags/example_task_group_decorator.py
[2022-09-26 02:34:19,584] {processor.py:641} INFO - Processing file /home/airflow/.local/lib/python3.7/site-packages/airflow/example_dags/example_task_group_decorator.py for tasks to queue
[2022-09-26 02:34:19,588] {logging_mixin.py:115} INFO - [2022-09-26 02:34:19,588] {dagbag.py:508} INFO - Filling up the DagBag from /home/airflow/.local/lib/python3.7/site-packages/airflow/example_dags/example_task_group_decorator.py
[2022-09-26 02:34:19,949] {processor.py:651} INFO - DAG(s) dict_keys(['example_task_group_decorator']) retrieved from /home/airflow/.local/lib/python3.7/site-packages/airflow/example_dags/example_task_group_decorator.py
[2022-09-26 02:34:20,785] {logging_mixin.py:115} INFO - [2022-09-26 02:34:20,784] {dag.py:2420} INFO - Sync 1 DAGs
[2022-09-26 02:34:20,963] {logging_mixin.py:115} INFO - [2022-09-26 02:34:20,962] {dag.py:2972} INFO - Setting next_dagrun for example_task_group_decorator to 2022-09-25T02:34:20.960722+00:00, run_after=2022-09-26T02:34:20.960722+00:00
[2022-09-26 02:34:21,083] {processor.py:161} INFO - Processing /home/airflow/.local/lib/python3.7/site-packages/airflow/example_dags/example_task_group_decorator.py took 1.525 seconds
[2022-09-26 02:34:51,329] {processor.py:153} INFO - Started process (PID=6205) to work on /home/airflow/.local/lib/python3.7/site-packages/airflow/example_dags/example_task_group_decorator.py
[2022-09-26 02:34:51,342] {processor.py:641} INFO - Processing file /home/airflow/.local/lib/python3.7/site-packages/airflow/example_dags/example_task_group_decorator.py for tasks to queue
[2022-09-26 02:34:51,347] {logging_mixin.py:115} INFO - [2022-09-26 02:34:51,346] {dagbag.py:508} INFO - Filling up the DagBag from /home/airflow/.local/lib/python3.7/site-packages/airflow/example_dags/example_task_group_decorator.py
[2022-09-26 02:34:51,595] {processor.py:651} INFO - DAG(s) dict_keys(['example_task_group_decorator']) retrieved from /home/airflow/.local/lib/python3.7/site-packages/airflow/example_dags/example_task_group_decorator.py
[2022-09-26 02:34:52,507] {logging_mixin.py:115} INFO - [2022-09-26 02:34:52,506] {dag.py:2420} INFO - Sync 1 DAGs
[2022-09-26 02:34:52,689] {logging_mixin.py:115} INFO - [2022-09-26 02:34:52,689] {dag.py:2972} INFO - Setting next_dagrun for example_task_group_decorator to 2022-09-25T02:34:52.687438+00:00, run_after=2022-09-26T02:34:52.687438+00:00
[2022-09-26 02:34:52,797] {processor.py:161} INFO - Processing /home/airflow/.local/lib/python3.7/site-packages/airflow/example_dags/example_task_group_decorator.py took 1.508 seconds
[2022-09-26 02:35:22,954] {processor.py:153} INFO - Started process (PID=6251) to work on /home/airflow/.local/lib/python3.7/site-packages/airflow/example_dags/example_task_group_decorator.py
[2022-09-26 02:35:22,959] {processor.py:641} INFO - Processing file /home/airflow/.local/lib/python3.7/site-packages/airflow/example_dags/example_task_group_decorator.py for tasks to queue
[2022-09-26 02:35:22,963] {logging_mixin.py:115} INFO - [2022-09-26 02:35:22,962] {dagbag.py:508} INFO - Filling up the DagBag from /home/airflow/.local/lib/python3.7/site-packages/airflow/example_dags/example_task_group_decorator.py
[2022-09-26 02:35:23,187] {processor.py:651} INFO - DAG(s) dict_keys(['example_task_group_decorator']) retrieved from /home/airflow/.local/lib/python3.7/site-packages/airflow/example_dags/example_task_group_decorator.py
[2022-09-26 02:35:23,931] {logging_mixin.py:115} INFO - [2022-09-26 02:35:23,930] {dag.py:2420} INFO - Sync 1 DAGs
[2022-09-26 02:35:24,308] {logging_mixin.py:115} INFO - [2022-09-26 02:35:24,306] {dag.py:2972} INFO - Setting next_dagrun for example_task_group_decorator to 2022-09-25T02:35:24.304324+00:00, run_after=2022-09-26T02:35:24.304324+00:00
[2022-09-26 02:35:24,451] {processor.py:161} INFO - Processing /home/airflow/.local/lib/python3.7/site-packages/airflow/example_dags/example_task_group_decorator.py took 1.523 seconds
[2022-09-26 02:35:55,407] {processor.py:153} INFO - Started process (PID=6301) to work on /home/airflow/.local/lib/python3.7/site-packages/airflow/example_dags/example_task_group_decorator.py
[2022-09-26 02:35:55,411] {processor.py:641} INFO - Processing file /home/airflow/.local/lib/python3.7/site-packages/airflow/example_dags/example_task_group_decorator.py for tasks to queue
[2022-09-26 02:35:55,415] {logging_mixin.py:115} INFO - [2022-09-26 02:35:55,414] {dagbag.py:508} INFO - Filling up the DagBag from /home/airflow/.local/lib/python3.7/site-packages/airflow/example_dags/example_task_group_decorator.py
[2022-09-26 02:35:55,645] {processor.py:651} INFO - DAG(s) dict_keys(['example_task_group_decorator']) retrieved from /home/airflow/.local/lib/python3.7/site-packages/airflow/example_dags/example_task_group_decorator.py
[2022-09-26 02:35:56,453] {logging_mixin.py:115} INFO - [2022-09-26 02:35:56,452] {dag.py:2420} INFO - Sync 1 DAGs
[2022-09-26 02:35:56,704] {logging_mixin.py:115} INFO - [2022-09-26 02:35:56,703] {dag.py:2972} INFO - Setting next_dagrun for example_task_group_decorator to 2022-09-25T02:35:56.701250+00:00, run_after=2022-09-26T02:35:56.701250+00:00
[2022-09-26 02:35:56,828] {processor.py:161} INFO - Processing /home/airflow/.local/lib/python3.7/site-packages/airflow/example_dags/example_task_group_decorator.py took 1.439 seconds
