[2022-09-26 02:13:43,668] {processor.py:153} INFO - Started process (PID=4261) to work on /home/airflow/.local/lib/python3.7/site-packages/airflow/example_dags/tutorial_taskflow_api_etl.py
[2022-09-26 02:13:43,669] {processor.py:641} INFO - Processing file /home/airflow/.local/lib/python3.7/site-packages/airflow/example_dags/tutorial_taskflow_api_etl.py for tasks to queue
[2022-09-26 02:13:43,670] {logging_mixin.py:115} INFO - [2022-09-26 02:13:43,669] {dagbag.py:508} INFO - Filling up the DagBag from /home/airflow/.local/lib/python3.7/site-packages/airflow/example_dags/tutorial_taskflow_api_etl.py
[2022-09-26 02:13:43,705] {processor.py:651} INFO - DAG(s) dict_keys(['tutorial_taskflow_api_etl']) retrieved from /home/airflow/.local/lib/python3.7/site-packages/airflow/example_dags/tutorial_taskflow_api_etl.py
[2022-09-26 02:13:43,969] {logging_mixin.py:115} INFO - [2022-09-26 02:13:43,968] {dag.py:2420} INFO - Sync 1 DAGs
[2022-09-26 02:13:44,041] {logging_mixin.py:115} INFO - [2022-09-26 02:13:44,041] {dag.py:2972} INFO - Setting next_dagrun for tutorial_taskflow_api_etl to None, run_after=None
[2022-09-26 02:13:44,070] {processor.py:161} INFO - Processing /home/airflow/.local/lib/python3.7/site-packages/airflow/example_dags/tutorial_taskflow_api_etl.py took 0.409 seconds
[2022-09-26 02:14:14,256] {processor.py:153} INFO - Started process (PID=4315) to work on /home/airflow/.local/lib/python3.7/site-packages/airflow/example_dags/tutorial_taskflow_api_etl.py
[2022-09-26 02:14:14,257] {processor.py:641} INFO - Processing file /home/airflow/.local/lib/python3.7/site-packages/airflow/example_dags/tutorial_taskflow_api_etl.py for tasks to queue
[2022-09-26 02:14:14,259] {logging_mixin.py:115} INFO - [2022-09-26 02:14:14,258] {dagbag.py:508} INFO - Filling up the DagBag from /home/airflow/.local/lib/python3.7/site-packages/airflow/example_dags/tutorial_taskflow_api_etl.py
[2022-09-26 02:14:14,292] {processor.py:651} INFO - DAG(s) dict_keys(['tutorial_taskflow_api_etl']) retrieved from /home/airflow/.local/lib/python3.7/site-packages/airflow/example_dags/tutorial_taskflow_api_etl.py
[2022-09-26 02:14:14,348] {logging_mixin.py:115} INFO - [2022-09-26 02:14:14,348] {dag.py:2420} INFO - Sync 1 DAGs
[2022-09-26 02:14:14,407] {logging_mixin.py:115} INFO - [2022-09-26 02:14:14,407] {dag.py:2972} INFO - Setting next_dagrun for tutorial_taskflow_api_etl to None, run_after=None
[2022-09-26 02:14:14,432] {processor.py:161} INFO - Processing /home/airflow/.local/lib/python3.7/site-packages/airflow/example_dags/tutorial_taskflow_api_etl.py took 0.184 seconds
[2022-09-26 02:14:45,314] {processor.py:153} INFO - Started process (PID=4375) to work on /home/airflow/.local/lib/python3.7/site-packages/airflow/example_dags/tutorial_taskflow_api_etl.py
[2022-09-26 02:14:45,316] {processor.py:641} INFO - Processing file /home/airflow/.local/lib/python3.7/site-packages/airflow/example_dags/tutorial_taskflow_api_etl.py for tasks to queue
[2022-09-26 02:14:45,318] {logging_mixin.py:115} INFO - [2022-09-26 02:14:45,318] {dagbag.py:508} INFO - Filling up the DagBag from /home/airflow/.local/lib/python3.7/site-packages/airflow/example_dags/tutorial_taskflow_api_etl.py
[2022-09-26 02:14:45,409] {processor.py:651} INFO - DAG(s) dict_keys(['tutorial_taskflow_api_etl']) retrieved from /home/airflow/.local/lib/python3.7/site-packages/airflow/example_dags/tutorial_taskflow_api_etl.py
[2022-09-26 02:14:45,530] {logging_mixin.py:115} INFO - [2022-09-26 02:14:45,530] {dag.py:2420} INFO - Sync 1 DAGs
[2022-09-26 02:14:45,662] {logging_mixin.py:115} INFO - [2022-09-26 02:14:45,662] {dag.py:2972} INFO - Setting next_dagrun for tutorial_taskflow_api_etl to None, run_after=None
[2022-09-26 02:14:45,693] {processor.py:161} INFO - Processing /home/airflow/.local/lib/python3.7/site-packages/airflow/example_dags/tutorial_taskflow_api_etl.py took 0.391 seconds
[2022-09-26 02:15:17,142] {processor.py:153} INFO - Started process (PID=4429) to work on /home/airflow/.local/lib/python3.7/site-packages/airflow/example_dags/tutorial_taskflow_api_etl.py
[2022-09-26 02:15:17,143] {processor.py:641} INFO - Processing file /home/airflow/.local/lib/python3.7/site-packages/airflow/example_dags/tutorial_taskflow_api_etl.py for tasks to queue
[2022-09-26 02:15:17,144] {logging_mixin.py:115} INFO - [2022-09-26 02:15:17,144] {dagbag.py:508} INFO - Filling up the DagBag from /home/airflow/.local/lib/python3.7/site-packages/airflow/example_dags/tutorial_taskflow_api_etl.py
[2022-09-26 02:15:17,178] {processor.py:651} INFO - DAG(s) dict_keys(['tutorial_taskflow_api_etl']) retrieved from /home/airflow/.local/lib/python3.7/site-packages/airflow/example_dags/tutorial_taskflow_api_etl.py
[2022-09-26 02:15:17,226] {logging_mixin.py:115} INFO - [2022-09-26 02:15:17,225] {dag.py:2420} INFO - Sync 1 DAGs
[2022-09-26 02:15:17,285] {logging_mixin.py:115} INFO - [2022-09-26 02:15:17,285] {dag.py:2972} INFO - Setting next_dagrun for tutorial_taskflow_api_etl to None, run_after=None
[2022-09-26 02:15:17,323] {processor.py:161} INFO - Processing /home/airflow/.local/lib/python3.7/site-packages/airflow/example_dags/tutorial_taskflow_api_etl.py took 0.188 seconds
[2022-09-26 02:15:49,499] {processor.py:153} INFO - Started process (PID=4482) to work on /home/airflow/.local/lib/python3.7/site-packages/airflow/example_dags/tutorial_taskflow_api_etl.py
[2022-09-26 02:15:49,500] {processor.py:641} INFO - Processing file /home/airflow/.local/lib/python3.7/site-packages/airflow/example_dags/tutorial_taskflow_api_etl.py for tasks to queue
[2022-09-26 02:15:49,502] {logging_mixin.py:115} INFO - [2022-09-26 02:15:49,501] {dagbag.py:508} INFO - Filling up the DagBag from /home/airflow/.local/lib/python3.7/site-packages/airflow/example_dags/tutorial_taskflow_api_etl.py
[2022-09-26 02:15:49,537] {processor.py:651} INFO - DAG(s) dict_keys(['tutorial_taskflow_api_etl']) retrieved from /home/airflow/.local/lib/python3.7/site-packages/airflow/example_dags/tutorial_taskflow_api_etl.py
[2022-09-26 02:15:49,683] {logging_mixin.py:115} INFO - [2022-09-26 02:15:49,683] {dag.py:2420} INFO - Sync 1 DAGs
[2022-09-26 02:15:49,731] {logging_mixin.py:115} INFO - [2022-09-26 02:15:49,731] {dag.py:2972} INFO - Setting next_dagrun for tutorial_taskflow_api_etl to None, run_after=None
[2022-09-26 02:15:49,763] {processor.py:161} INFO - Processing /home/airflow/.local/lib/python3.7/site-packages/airflow/example_dags/tutorial_taskflow_api_etl.py took 0.269 seconds
[2022-09-26 02:16:22,484] {processor.py:153} INFO - Started process (PID=4534) to work on /home/airflow/.local/lib/python3.7/site-packages/airflow/example_dags/tutorial_taskflow_api_etl.py
[2022-09-26 02:16:22,485] {processor.py:641} INFO - Processing file /home/airflow/.local/lib/python3.7/site-packages/airflow/example_dags/tutorial_taskflow_api_etl.py for tasks to queue
[2022-09-26 02:16:22,486] {logging_mixin.py:115} INFO - [2022-09-26 02:16:22,486] {dagbag.py:508} INFO - Filling up the DagBag from /home/airflow/.local/lib/python3.7/site-packages/airflow/example_dags/tutorial_taskflow_api_etl.py
[2022-09-26 02:16:22,521] {processor.py:651} INFO - DAG(s) dict_keys(['tutorial_taskflow_api_etl']) retrieved from /home/airflow/.local/lib/python3.7/site-packages/airflow/example_dags/tutorial_taskflow_api_etl.py
[2022-09-26 02:16:22,658] {logging_mixin.py:115} INFO - [2022-09-26 02:16:22,658] {dag.py:2420} INFO - Sync 1 DAGs
[2022-09-26 02:16:22,704] {logging_mixin.py:115} INFO - [2022-09-26 02:16:22,703] {dag.py:2972} INFO - Setting next_dagrun for tutorial_taskflow_api_etl to None, run_after=None
[2022-09-26 02:16:22,733] {processor.py:161} INFO - Processing /home/airflow/.local/lib/python3.7/site-packages/airflow/example_dags/tutorial_taskflow_api_etl.py took 0.254 seconds
[2022-09-26 02:16:53,739] {processor.py:153} INFO - Started process (PID=4587) to work on /home/airflow/.local/lib/python3.7/site-packages/airflow/example_dags/tutorial_taskflow_api_etl.py
[2022-09-26 02:16:53,741] {processor.py:641} INFO - Processing file /home/airflow/.local/lib/python3.7/site-packages/airflow/example_dags/tutorial_taskflow_api_etl.py for tasks to queue
[2022-09-26 02:16:53,742] {logging_mixin.py:115} INFO - [2022-09-26 02:16:53,742] {dagbag.py:508} INFO - Filling up the DagBag from /home/airflow/.local/lib/python3.7/site-packages/airflow/example_dags/tutorial_taskflow_api_etl.py
[2022-09-26 02:16:53,781] {processor.py:651} INFO - DAG(s) dict_keys(['tutorial_taskflow_api_etl']) retrieved from /home/airflow/.local/lib/python3.7/site-packages/airflow/example_dags/tutorial_taskflow_api_etl.py
[2022-09-26 02:16:53,925] {logging_mixin.py:115} INFO - [2022-09-26 02:16:53,924] {dag.py:2420} INFO - Sync 1 DAGs
[2022-09-26 02:16:53,968] {logging_mixin.py:115} INFO - [2022-09-26 02:16:53,967] {dag.py:2972} INFO - Setting next_dagrun for tutorial_taskflow_api_etl to None, run_after=None
[2022-09-26 02:16:53,999] {processor.py:161} INFO - Processing /home/airflow/.local/lib/python3.7/site-packages/airflow/example_dags/tutorial_taskflow_api_etl.py took 0.266 seconds
[2022-09-26 02:17:25,915] {processor.py:153} INFO - Started process (PID=4648) to work on /home/airflow/.local/lib/python3.7/site-packages/airflow/example_dags/tutorial_taskflow_api_etl.py
[2022-09-26 02:17:25,917] {processor.py:641} INFO - Processing file /home/airflow/.local/lib/python3.7/site-packages/airflow/example_dags/tutorial_taskflow_api_etl.py for tasks to queue
[2022-09-26 02:17:25,918] {logging_mixin.py:115} INFO - [2022-09-26 02:17:25,918] {dagbag.py:508} INFO - Filling up the DagBag from /home/airflow/.local/lib/python3.7/site-packages/airflow/example_dags/tutorial_taskflow_api_etl.py
[2022-09-26 02:17:25,949] {processor.py:651} INFO - DAG(s) dict_keys(['tutorial_taskflow_api_etl']) retrieved from /home/airflow/.local/lib/python3.7/site-packages/airflow/example_dags/tutorial_taskflow_api_etl.py
[2022-09-26 02:17:26,120] {logging_mixin.py:115} INFO - [2022-09-26 02:17:26,120] {dag.py:2420} INFO - Sync 1 DAGs
[2022-09-26 02:17:26,174] {logging_mixin.py:115} INFO - [2022-09-26 02:17:26,174] {dag.py:2972} INFO - Setting next_dagrun for tutorial_taskflow_api_etl to None, run_after=None
[2022-09-26 02:17:26,205] {processor.py:161} INFO - Processing /home/airflow/.local/lib/python3.7/site-packages/airflow/example_dags/tutorial_taskflow_api_etl.py took 0.296 seconds
[2022-09-26 02:17:58,261] {processor.py:153} INFO - Started process (PID=4702) to work on /home/airflow/.local/lib/python3.7/site-packages/airflow/example_dags/tutorial_taskflow_api_etl.py
[2022-09-26 02:17:58,263] {processor.py:641} INFO - Processing file /home/airflow/.local/lib/python3.7/site-packages/airflow/example_dags/tutorial_taskflow_api_etl.py for tasks to queue
[2022-09-26 02:17:58,266] {logging_mixin.py:115} INFO - [2022-09-26 02:17:58,265] {dagbag.py:508} INFO - Filling up the DagBag from /home/airflow/.local/lib/python3.7/site-packages/airflow/example_dags/tutorial_taskflow_api_etl.py
[2022-09-26 02:17:58,305] {processor.py:651} INFO - DAG(s) dict_keys(['tutorial_taskflow_api_etl']) retrieved from /home/airflow/.local/lib/python3.7/site-packages/airflow/example_dags/tutorial_taskflow_api_etl.py
[2022-09-26 02:17:58,436] {logging_mixin.py:115} INFO - [2022-09-26 02:17:58,435] {dag.py:2420} INFO - Sync 1 DAGs
[2022-09-26 02:17:58,474] {logging_mixin.py:115} INFO - [2022-09-26 02:17:58,473] {dag.py:2972} INFO - Setting next_dagrun for tutorial_taskflow_api_etl to None, run_after=None
[2022-09-26 02:17:58,503] {processor.py:161} INFO - Processing /home/airflow/.local/lib/python3.7/site-packages/airflow/example_dags/tutorial_taskflow_api_etl.py took 0.251 seconds
[2022-09-26 02:18:30,156] {processor.py:153} INFO - Started process (PID=4755) to work on /home/airflow/.local/lib/python3.7/site-packages/airflow/example_dags/tutorial_taskflow_api_etl.py
[2022-09-26 02:18:30,158] {processor.py:641} INFO - Processing file /home/airflow/.local/lib/python3.7/site-packages/airflow/example_dags/tutorial_taskflow_api_etl.py for tasks to queue
[2022-09-26 02:18:30,159] {logging_mixin.py:115} INFO - [2022-09-26 02:18:30,159] {dagbag.py:508} INFO - Filling up the DagBag from /home/airflow/.local/lib/python3.7/site-packages/airflow/example_dags/tutorial_taskflow_api_etl.py
[2022-09-26 02:18:30,190] {processor.py:651} INFO - DAG(s) dict_keys(['tutorial_taskflow_api_etl']) retrieved from /home/airflow/.local/lib/python3.7/site-packages/airflow/example_dags/tutorial_taskflow_api_etl.py
[2022-09-26 02:18:30,346] {logging_mixin.py:115} INFO - [2022-09-26 02:18:30,346] {dag.py:2420} INFO - Sync 1 DAGs
[2022-09-26 02:18:30,389] {logging_mixin.py:115} INFO - [2022-09-26 02:18:30,389] {dag.py:2972} INFO - Setting next_dagrun for tutorial_taskflow_api_etl to None, run_after=None
[2022-09-26 02:18:30,421] {processor.py:161} INFO - Processing /home/airflow/.local/lib/python3.7/site-packages/airflow/example_dags/tutorial_taskflow_api_etl.py took 0.271 seconds
[2022-09-26 02:19:32,225] {processor.py:153} INFO - Started process (PID=4808) to work on /home/airflow/.local/lib/python3.7/site-packages/airflow/example_dags/tutorial_taskflow_api_etl.py
[2022-09-26 02:19:32,226] {processor.py:641} INFO - Processing file /home/airflow/.local/lib/python3.7/site-packages/airflow/example_dags/tutorial_taskflow_api_etl.py for tasks to queue
[2022-09-26 02:19:32,227] {logging_mixin.py:115} INFO - [2022-09-26 02:19:32,227] {dagbag.py:508} INFO - Filling up the DagBag from /home/airflow/.local/lib/python3.7/site-packages/airflow/example_dags/tutorial_taskflow_api_etl.py
[2022-09-26 02:19:32,285] {processor.py:651} INFO - DAG(s) dict_keys(['tutorial_taskflow_api_etl']) retrieved from /home/airflow/.local/lib/python3.7/site-packages/airflow/example_dags/tutorial_taskflow_api_etl.py
[2022-09-26 02:19:32,493] {logging_mixin.py:115} INFO - [2022-09-26 02:19:32,493] {dag.py:2420} INFO - Sync 1 DAGs
[2022-09-26 02:19:32,553] {logging_mixin.py:115} INFO - [2022-09-26 02:19:32,553] {dag.py:2972} INFO - Setting next_dagrun for tutorial_taskflow_api_etl to None, run_after=None
[2022-09-26 02:19:32,601] {processor.py:161} INFO - Processing /home/airflow/.local/lib/python3.7/site-packages/airflow/example_dags/tutorial_taskflow_api_etl.py took 0.384 seconds
[2022-09-26 02:20:02,959] {processor.py:153} INFO - Started process (PID=4862) to work on /home/airflow/.local/lib/python3.7/site-packages/airflow/example_dags/tutorial_taskflow_api_etl.py
[2022-09-26 02:20:02,960] {processor.py:641} INFO - Processing file /home/airflow/.local/lib/python3.7/site-packages/airflow/example_dags/tutorial_taskflow_api_etl.py for tasks to queue
[2022-09-26 02:20:02,961] {logging_mixin.py:115} INFO - [2022-09-26 02:20:02,961] {dagbag.py:508} INFO - Filling up the DagBag from /home/airflow/.local/lib/python3.7/site-packages/airflow/example_dags/tutorial_taskflow_api_etl.py
[2022-09-26 02:20:03,000] {processor.py:651} INFO - DAG(s) dict_keys(['tutorial_taskflow_api_etl']) retrieved from /home/airflow/.local/lib/python3.7/site-packages/airflow/example_dags/tutorial_taskflow_api_etl.py
[2022-09-26 02:20:03,142] {logging_mixin.py:115} INFO - [2022-09-26 02:20:03,142] {dag.py:2420} INFO - Sync 1 DAGs
[2022-09-26 02:20:03,183] {logging_mixin.py:115} INFO - [2022-09-26 02:20:03,183] {dag.py:2972} INFO - Setting next_dagrun for tutorial_taskflow_api_etl to None, run_after=None
[2022-09-26 02:20:03,216] {processor.py:161} INFO - Processing /home/airflow/.local/lib/python3.7/site-packages/airflow/example_dags/tutorial_taskflow_api_etl.py took 0.263 seconds
[2022-09-26 02:20:33,818] {processor.py:153} INFO - Started process (PID=4916) to work on /home/airflow/.local/lib/python3.7/site-packages/airflow/example_dags/tutorial_taskflow_api_etl.py
[2022-09-26 02:20:33,820] {processor.py:641} INFO - Processing file /home/airflow/.local/lib/python3.7/site-packages/airflow/example_dags/tutorial_taskflow_api_etl.py for tasks to queue
[2022-09-26 02:20:33,821] {logging_mixin.py:115} INFO - [2022-09-26 02:20:33,821] {dagbag.py:508} INFO - Filling up the DagBag from /home/airflow/.local/lib/python3.7/site-packages/airflow/example_dags/tutorial_taskflow_api_etl.py
[2022-09-26 02:20:33,856] {processor.py:651} INFO - DAG(s) dict_keys(['tutorial_taskflow_api_etl']) retrieved from /home/airflow/.local/lib/python3.7/site-packages/airflow/example_dags/tutorial_taskflow_api_etl.py
[2022-09-26 02:20:33,911] {logging_mixin.py:115} INFO - [2022-09-26 02:20:33,910] {dag.py:2420} INFO - Sync 1 DAGs
[2022-09-26 02:20:33,969] {logging_mixin.py:115} INFO - [2022-09-26 02:20:33,969] {dag.py:2972} INFO - Setting next_dagrun for tutorial_taskflow_api_etl to None, run_after=None
[2022-09-26 02:20:33,996] {processor.py:161} INFO - Processing /home/airflow/.local/lib/python3.7/site-packages/airflow/example_dags/tutorial_taskflow_api_etl.py took 0.183 seconds
[2022-09-26 02:21:17,055] {processor.py:153} INFO - Started process (PID=4969) to work on /home/airflow/.local/lib/python3.7/site-packages/airflow/example_dags/tutorial_taskflow_api_etl.py
[2022-09-26 02:21:17,061] {processor.py:641} INFO - Processing file /home/airflow/.local/lib/python3.7/site-packages/airflow/example_dags/tutorial_taskflow_api_etl.py for tasks to queue
[2022-09-26 02:21:17,064] {logging_mixin.py:115} INFO - [2022-09-26 02:21:17,064] {dagbag.py:508} INFO - Filling up the DagBag from /home/airflow/.local/lib/python3.7/site-packages/airflow/example_dags/tutorial_taskflow_api_etl.py
[2022-09-26 02:21:17,264] {processor.py:651} INFO - DAG(s) dict_keys(['tutorial_taskflow_api_etl']) retrieved from /home/airflow/.local/lib/python3.7/site-packages/airflow/example_dags/tutorial_taskflow_api_etl.py
[2022-09-26 02:21:23,239] {logging_mixin.py:115} INFO - [2022-09-26 02:21:23,238] {dag.py:2420} INFO - Sync 1 DAGs
[2022-09-26 02:21:23,632] {logging_mixin.py:115} INFO - [2022-09-26 02:21:23,631] {dag.py:2972} INFO - Setting next_dagrun for tutorial_taskflow_api_etl to None, run_after=None
[2022-09-26 02:21:23,918] {processor.py:161} INFO - Processing /home/airflow/.local/lib/python3.7/site-packages/airflow/example_dags/tutorial_taskflow_api_etl.py took 4.730 seconds
[2022-09-26 02:21:54,707] {processor.py:153} INFO - Started process (PID=5021) to work on /home/airflow/.local/lib/python3.7/site-packages/airflow/example_dags/tutorial_taskflow_api_etl.py
[2022-09-26 02:21:54,716] {processor.py:641} INFO - Processing file /home/airflow/.local/lib/python3.7/site-packages/airflow/example_dags/tutorial_taskflow_api_etl.py for tasks to queue
[2022-09-26 02:21:54,735] {logging_mixin.py:115} INFO - [2022-09-26 02:21:54,720] {dagbag.py:508} INFO - Filling up the DagBag from /home/airflow/.local/lib/python3.7/site-packages/airflow/example_dags/tutorial_taskflow_api_etl.py
[2022-09-26 02:21:55,426] {processor.py:651} INFO - DAG(s) dict_keys(['tutorial_taskflow_api_etl']) retrieved from /home/airflow/.local/lib/python3.7/site-packages/airflow/example_dags/tutorial_taskflow_api_etl.py
[2022-09-26 02:21:56,268] {logging_mixin.py:115} INFO - [2022-09-26 02:21:56,267] {dag.py:2420} INFO - Sync 1 DAGs
[2022-09-26 02:21:56,501] {logging_mixin.py:115} INFO - [2022-09-26 02:21:56,500] {dag.py:2972} INFO - Setting next_dagrun for tutorial_taskflow_api_etl to None, run_after=None
[2022-09-26 02:21:56,607] {processor.py:161} INFO - Processing /home/airflow/.local/lib/python3.7/site-packages/airflow/example_dags/tutorial_taskflow_api_etl.py took 1.955 seconds
[2022-09-26 02:22:26,853] {processor.py:153} INFO - Started process (PID=5065) to work on /home/airflow/.local/lib/python3.7/site-packages/airflow/example_dags/tutorial_taskflow_api_etl.py
[2022-09-26 02:22:26,861] {processor.py:641} INFO - Processing file /home/airflow/.local/lib/python3.7/site-packages/airflow/example_dags/tutorial_taskflow_api_etl.py for tasks to queue
[2022-09-26 02:22:26,866] {logging_mixin.py:115} INFO - [2022-09-26 02:22:26,865] {dagbag.py:508} INFO - Filling up the DagBag from /home/airflow/.local/lib/python3.7/site-packages/airflow/example_dags/tutorial_taskflow_api_etl.py
[2022-09-26 02:22:27,300] {processor.py:651} INFO - DAG(s) dict_keys(['tutorial_taskflow_api_etl']) retrieved from /home/airflow/.local/lib/python3.7/site-packages/airflow/example_dags/tutorial_taskflow_api_etl.py
[2022-09-26 02:22:27,752] {logging_mixin.py:115} INFO - [2022-09-26 02:22:27,751] {dag.py:2420} INFO - Sync 1 DAGs
[2022-09-26 02:22:28,082] {logging_mixin.py:115} INFO - [2022-09-26 02:22:28,082] {dag.py:2972} INFO - Setting next_dagrun for tutorial_taskflow_api_etl to None, run_after=None
[2022-09-26 02:22:28,200] {processor.py:161} INFO - Processing /home/airflow/.local/lib/python3.7/site-packages/airflow/example_dags/tutorial_taskflow_api_etl.py took 1.378 seconds
[2022-09-26 02:22:59,881] {processor.py:153} INFO - Started process (PID=5117) to work on /home/airflow/.local/lib/python3.7/site-packages/airflow/example_dags/tutorial_taskflow_api_etl.py
[2022-09-26 02:22:59,895] {processor.py:641} INFO - Processing file /home/airflow/.local/lib/python3.7/site-packages/airflow/example_dags/tutorial_taskflow_api_etl.py for tasks to queue
[2022-09-26 02:22:59,900] {logging_mixin.py:115} INFO - [2022-09-26 02:22:59,899] {dagbag.py:508} INFO - Filling up the DagBag from /home/airflow/.local/lib/python3.7/site-packages/airflow/example_dags/tutorial_taskflow_api_etl.py
[2022-09-26 02:23:00,647] {processor.py:651} INFO - DAG(s) dict_keys(['tutorial_taskflow_api_etl']) retrieved from /home/airflow/.local/lib/python3.7/site-packages/airflow/example_dags/tutorial_taskflow_api_etl.py
[2022-09-26 02:23:01,652] {logging_mixin.py:115} INFO - [2022-09-26 02:23:01,651] {dag.py:2420} INFO - Sync 1 DAGs
[2022-09-26 02:23:01,889] {logging_mixin.py:115} INFO - [2022-09-26 02:23:01,889] {dag.py:2972} INFO - Setting next_dagrun for tutorial_taskflow_api_etl to None, run_after=None
[2022-09-26 02:23:02,035] {processor.py:161} INFO - Processing /home/airflow/.local/lib/python3.7/site-packages/airflow/example_dags/tutorial_taskflow_api_etl.py took 2.245 seconds
[2022-09-26 02:23:32,830] {processor.py:153} INFO - Started process (PID=5161) to work on /home/airflow/.local/lib/python3.7/site-packages/airflow/example_dags/tutorial_taskflow_api_etl.py
[2022-09-26 02:23:32,836] {processor.py:641} INFO - Processing file /home/airflow/.local/lib/python3.7/site-packages/airflow/example_dags/tutorial_taskflow_api_etl.py for tasks to queue
[2022-09-26 02:23:32,840] {logging_mixin.py:115} INFO - [2022-09-26 02:23:32,839] {dagbag.py:508} INFO - Filling up the DagBag from /home/airflow/.local/lib/python3.7/site-packages/airflow/example_dags/tutorial_taskflow_api_etl.py
[2022-09-26 02:23:32,985] {processor.py:651} INFO - DAG(s) dict_keys(['tutorial_taskflow_api_etl']) retrieved from /home/airflow/.local/lib/python3.7/site-packages/airflow/example_dags/tutorial_taskflow_api_etl.py
[2022-09-26 02:23:33,548] {logging_mixin.py:115} INFO - [2022-09-26 02:23:33,547] {dag.py:2420} INFO - Sync 1 DAGs
[2022-09-26 02:23:33,769] {logging_mixin.py:115} INFO - [2022-09-26 02:23:33,769] {dag.py:2972} INFO - Setting next_dagrun for tutorial_taskflow_api_etl to None, run_after=None
[2022-09-26 02:23:33,944] {processor.py:161} INFO - Processing /home/airflow/.local/lib/python3.7/site-packages/airflow/example_dags/tutorial_taskflow_api_etl.py took 1.132 seconds
[2022-09-26 02:24:04,780] {processor.py:153} INFO - Started process (PID=5213) to work on /home/airflow/.local/lib/python3.7/site-packages/airflow/example_dags/tutorial_taskflow_api_etl.py
[2022-09-26 02:24:04,797] {processor.py:641} INFO - Processing file /home/airflow/.local/lib/python3.7/site-packages/airflow/example_dags/tutorial_taskflow_api_etl.py for tasks to queue
[2022-09-26 02:24:04,804] {logging_mixin.py:115} INFO - [2022-09-26 02:24:04,803] {dagbag.py:508} INFO - Filling up the DagBag from /home/airflow/.local/lib/python3.7/site-packages/airflow/example_dags/tutorial_taskflow_api_etl.py
[2022-09-26 02:24:04,984] {processor.py:651} INFO - DAG(s) dict_keys(['tutorial_taskflow_api_etl']) retrieved from /home/airflow/.local/lib/python3.7/site-packages/airflow/example_dags/tutorial_taskflow_api_etl.py
[2022-09-26 02:24:05,692] {logging_mixin.py:115} INFO - [2022-09-26 02:24:05,691] {dag.py:2420} INFO - Sync 1 DAGs
[2022-09-26 02:24:05,905] {logging_mixin.py:115} INFO - [2022-09-26 02:24:05,904] {dag.py:2972} INFO - Setting next_dagrun for tutorial_taskflow_api_etl to None, run_after=None
[2022-09-26 02:24:06,049] {processor.py:161} INFO - Processing /home/airflow/.local/lib/python3.7/site-packages/airflow/example_dags/tutorial_taskflow_api_etl.py took 1.304 seconds
[2022-09-26 02:24:36,523] {processor.py:153} INFO - Started process (PID=5257) to work on /home/airflow/.local/lib/python3.7/site-packages/airflow/example_dags/tutorial_taskflow_api_etl.py
[2022-09-26 02:24:36,527] {processor.py:641} INFO - Processing file /home/airflow/.local/lib/python3.7/site-packages/airflow/example_dags/tutorial_taskflow_api_etl.py for tasks to queue
[2022-09-26 02:24:36,532] {logging_mixin.py:115} INFO - [2022-09-26 02:24:36,531] {dagbag.py:508} INFO - Filling up the DagBag from /home/airflow/.local/lib/python3.7/site-packages/airflow/example_dags/tutorial_taskflow_api_etl.py
[2022-09-26 02:24:36,699] {processor.py:651} INFO - DAG(s) dict_keys(['tutorial_taskflow_api_etl']) retrieved from /home/airflow/.local/lib/python3.7/site-packages/airflow/example_dags/tutorial_taskflow_api_etl.py
[2022-09-26 02:24:36,870] {logging_mixin.py:115} INFO - [2022-09-26 02:24:36,870] {dag.py:2420} INFO - Sync 1 DAGs
[2022-09-26 02:24:37,111] {logging_mixin.py:115} INFO - [2022-09-26 02:24:37,103] {dag.py:2972} INFO - Setting next_dagrun for tutorial_taskflow_api_etl to None, run_after=None
[2022-09-26 02:24:37,231] {processor.py:161} INFO - Processing /home/airflow/.local/lib/python3.7/site-packages/airflow/example_dags/tutorial_taskflow_api_etl.py took 0.734 seconds
[2022-09-26 02:25:07,801] {processor.py:153} INFO - Started process (PID=5310) to work on /home/airflow/.local/lib/python3.7/site-packages/airflow/example_dags/tutorial_taskflow_api_etl.py
[2022-09-26 02:25:07,820] {processor.py:641} INFO - Processing file /home/airflow/.local/lib/python3.7/site-packages/airflow/example_dags/tutorial_taskflow_api_etl.py for tasks to queue
[2022-09-26 02:25:07,842] {logging_mixin.py:115} INFO - [2022-09-26 02:25:07,841] {dagbag.py:508} INFO - Filling up the DagBag from /home/airflow/.local/lib/python3.7/site-packages/airflow/example_dags/tutorial_taskflow_api_etl.py
[2022-09-26 02:25:08,444] {processor.py:651} INFO - DAG(s) dict_keys(['tutorial_taskflow_api_etl']) retrieved from /home/airflow/.local/lib/python3.7/site-packages/airflow/example_dags/tutorial_taskflow_api_etl.py
[2022-09-26 02:25:08,748] {logging_mixin.py:115} INFO - [2022-09-26 02:25:08,747] {dag.py:2420} INFO - Sync 1 DAGs
[2022-09-26 02:25:08,960] {logging_mixin.py:115} INFO - [2022-09-26 02:25:08,959] {dag.py:2972} INFO - Setting next_dagrun for tutorial_taskflow_api_etl to None, run_after=None
[2022-09-26 02:25:09,058] {processor.py:161} INFO - Processing /home/airflow/.local/lib/python3.7/site-packages/airflow/example_dags/tutorial_taskflow_api_etl.py took 1.351 seconds
[2022-09-26 02:25:39,503] {processor.py:153} INFO - Started process (PID=5354) to work on /home/airflow/.local/lib/python3.7/site-packages/airflow/example_dags/tutorial_taskflow_api_etl.py
[2022-09-26 02:25:39,506] {processor.py:641} INFO - Processing file /home/airflow/.local/lib/python3.7/site-packages/airflow/example_dags/tutorial_taskflow_api_etl.py for tasks to queue
[2022-09-26 02:25:39,512] {logging_mixin.py:115} INFO - [2022-09-26 02:25:39,511] {dagbag.py:508} INFO - Filling up the DagBag from /home/airflow/.local/lib/python3.7/site-packages/airflow/example_dags/tutorial_taskflow_api_etl.py
[2022-09-26 02:25:39,741] {processor.py:651} INFO - DAG(s) dict_keys(['tutorial_taskflow_api_etl']) retrieved from /home/airflow/.local/lib/python3.7/site-packages/airflow/example_dags/tutorial_taskflow_api_etl.py
[2022-09-26 02:25:40,812] {logging_mixin.py:115} INFO - [2022-09-26 02:25:40,811] {dag.py:2420} INFO - Sync 1 DAGs
[2022-09-26 02:25:40,998] {logging_mixin.py:115} INFO - [2022-09-26 02:25:40,998] {dag.py:2972} INFO - Setting next_dagrun for tutorial_taskflow_api_etl to None, run_after=None
[2022-09-26 02:25:41,110] {processor.py:161} INFO - Processing /home/airflow/.local/lib/python3.7/site-packages/airflow/example_dags/tutorial_taskflow_api_etl.py took 1.647 seconds
[2022-09-26 02:26:12,038] {processor.py:153} INFO - Started process (PID=5408) to work on /home/airflow/.local/lib/python3.7/site-packages/airflow/example_dags/tutorial_taskflow_api_etl.py
[2022-09-26 02:26:12,049] {processor.py:641} INFO - Processing file /home/airflow/.local/lib/python3.7/site-packages/airflow/example_dags/tutorial_taskflow_api_etl.py for tasks to queue
[2022-09-26 02:26:12,056] {logging_mixin.py:115} INFO - [2022-09-26 02:26:12,055] {dagbag.py:508} INFO - Filling up the DagBag from /home/airflow/.local/lib/python3.7/site-packages/airflow/example_dags/tutorial_taskflow_api_etl.py
[2022-09-26 02:26:12,479] {processor.py:651} INFO - DAG(s) dict_keys(['tutorial_taskflow_api_etl']) retrieved from /home/airflow/.local/lib/python3.7/site-packages/airflow/example_dags/tutorial_taskflow_api_etl.py
[2022-09-26 02:26:13,279] {logging_mixin.py:115} INFO - [2022-09-26 02:26:13,278] {dag.py:2420} INFO - Sync 1 DAGs
[2022-09-26 02:26:13,464] {logging_mixin.py:115} INFO - [2022-09-26 02:26:13,464] {dag.py:2972} INFO - Setting next_dagrun for tutorial_taskflow_api_etl to None, run_after=None
[2022-09-26 02:26:13,570] {processor.py:161} INFO - Processing /home/airflow/.local/lib/python3.7/site-packages/airflow/example_dags/tutorial_taskflow_api_etl.py took 1.685 seconds
[2022-09-26 02:26:44,500] {processor.py:153} INFO - Started process (PID=5459) to work on /home/airflow/.local/lib/python3.7/site-packages/airflow/example_dags/tutorial_taskflow_api_etl.py
[2022-09-26 02:26:44,521] {processor.py:641} INFO - Processing file /home/airflow/.local/lib/python3.7/site-packages/airflow/example_dags/tutorial_taskflow_api_etl.py for tasks to queue
[2022-09-26 02:26:44,525] {logging_mixin.py:115} INFO - [2022-09-26 02:26:44,524] {dagbag.py:508} INFO - Filling up the DagBag from /home/airflow/.local/lib/python3.7/site-packages/airflow/example_dags/tutorial_taskflow_api_etl.py
[2022-09-26 02:26:44,691] {processor.py:651} INFO - DAG(s) dict_keys(['tutorial_taskflow_api_etl']) retrieved from /home/airflow/.local/lib/python3.7/site-packages/airflow/example_dags/tutorial_taskflow_api_etl.py
[2022-09-26 02:26:44,965] {logging_mixin.py:115} INFO - [2022-09-26 02:26:44,964] {dag.py:2420} INFO - Sync 1 DAGs
[2022-09-26 02:26:45,221] {logging_mixin.py:115} INFO - [2022-09-26 02:26:45,221] {dag.py:2972} INFO - Setting next_dagrun for tutorial_taskflow_api_etl to None, run_after=None
[2022-09-26 02:26:45,338] {processor.py:161} INFO - Processing /home/airflow/.local/lib/python3.7/site-packages/airflow/example_dags/tutorial_taskflow_api_etl.py took 0.884 seconds
[2022-09-26 02:27:18,023] {processor.py:153} INFO - Started process (PID=5506) to work on /home/airflow/.local/lib/python3.7/site-packages/airflow/example_dags/tutorial_taskflow_api_etl.py
[2022-09-26 02:27:18,026] {processor.py:641} INFO - Processing file /home/airflow/.local/lib/python3.7/site-packages/airflow/example_dags/tutorial_taskflow_api_etl.py for tasks to queue
[2022-09-26 02:27:18,029] {logging_mixin.py:115} INFO - [2022-09-26 02:27:18,029] {dagbag.py:508} INFO - Filling up the DagBag from /home/airflow/.local/lib/python3.7/site-packages/airflow/example_dags/tutorial_taskflow_api_etl.py
[2022-09-26 02:27:18,156] {processor.py:651} INFO - DAG(s) dict_keys(['tutorial_taskflow_api_etl']) retrieved from /home/airflow/.local/lib/python3.7/site-packages/airflow/example_dags/tutorial_taskflow_api_etl.py
[2022-09-26 02:27:18,832] {logging_mixin.py:115} INFO - [2022-09-26 02:27:18,831] {dag.py:2420} INFO - Sync 1 DAGs
[2022-09-26 02:27:19,126] {logging_mixin.py:115} INFO - [2022-09-26 02:27:19,126] {dag.py:2972} INFO - Setting next_dagrun for tutorial_taskflow_api_etl to None, run_after=None
[2022-09-26 02:27:19,357] {processor.py:161} INFO - Processing /home/airflow/.local/lib/python3.7/site-packages/airflow/example_dags/tutorial_taskflow_api_etl.py took 1.353 seconds
[2022-09-26 02:27:49,942] {processor.py:153} INFO - Started process (PID=5556) to work on /home/airflow/.local/lib/python3.7/site-packages/airflow/example_dags/tutorial_taskflow_api_etl.py
[2022-09-26 02:27:49,945] {processor.py:641} INFO - Processing file /home/airflow/.local/lib/python3.7/site-packages/airflow/example_dags/tutorial_taskflow_api_etl.py for tasks to queue
[2022-09-26 02:27:49,949] {logging_mixin.py:115} INFO - [2022-09-26 02:27:49,948] {dagbag.py:508} INFO - Filling up the DagBag from /home/airflow/.local/lib/python3.7/site-packages/airflow/example_dags/tutorial_taskflow_api_etl.py
[2022-09-26 02:27:50,069] {processor.py:651} INFO - DAG(s) dict_keys(['tutorial_taskflow_api_etl']) retrieved from /home/airflow/.local/lib/python3.7/site-packages/airflow/example_dags/tutorial_taskflow_api_etl.py
[2022-09-26 02:27:50,243] {logging_mixin.py:115} INFO - [2022-09-26 02:27:50,243] {dag.py:2420} INFO - Sync 1 DAGs
[2022-09-26 02:27:50,436] {logging_mixin.py:115} INFO - [2022-09-26 02:27:50,435] {dag.py:2972} INFO - Setting next_dagrun for tutorial_taskflow_api_etl to None, run_after=None
[2022-09-26 02:27:50,526] {processor.py:161} INFO - Processing /home/airflow/.local/lib/python3.7/site-packages/airflow/example_dags/tutorial_taskflow_api_etl.py took 0.603 seconds
[2022-09-26 02:28:21,980] {processor.py:153} INFO - Started process (PID=5602) to work on /home/airflow/.local/lib/python3.7/site-packages/airflow/example_dags/tutorial_taskflow_api_etl.py
[2022-09-26 02:28:21,987] {processor.py:641} INFO - Processing file /home/airflow/.local/lib/python3.7/site-packages/airflow/example_dags/tutorial_taskflow_api_etl.py for tasks to queue
[2022-09-26 02:28:21,994] {logging_mixin.py:115} INFO - [2022-09-26 02:28:21,993] {dagbag.py:508} INFO - Filling up the DagBag from /home/airflow/.local/lib/python3.7/site-packages/airflow/example_dags/tutorial_taskflow_api_etl.py
[2022-09-26 02:28:22,160] {processor.py:651} INFO - DAG(s) dict_keys(['tutorial_taskflow_api_etl']) retrieved from /home/airflow/.local/lib/python3.7/site-packages/airflow/example_dags/tutorial_taskflow_api_etl.py
[2022-09-26 02:28:22,813] {logging_mixin.py:115} INFO - [2022-09-26 02:28:22,812] {dag.py:2420} INFO - Sync 1 DAGs
[2022-09-26 02:28:23,037] {logging_mixin.py:115} INFO - [2022-09-26 02:28:23,036] {dag.py:2972} INFO - Setting next_dagrun for tutorial_taskflow_api_etl to None, run_after=None
[2022-09-26 02:28:23,167] {processor.py:161} INFO - Processing /home/airflow/.local/lib/python3.7/site-packages/airflow/example_dags/tutorial_taskflow_api_etl.py took 1.217 seconds
[2022-09-26 02:28:53,952] {processor.py:153} INFO - Started process (PID=5654) to work on /home/airflow/.local/lib/python3.7/site-packages/airflow/example_dags/tutorial_taskflow_api_etl.py
[2022-09-26 02:28:53,958] {processor.py:641} INFO - Processing file /home/airflow/.local/lib/python3.7/site-packages/airflow/example_dags/tutorial_taskflow_api_etl.py for tasks to queue
[2022-09-26 02:28:53,962] {logging_mixin.py:115} INFO - [2022-09-26 02:28:53,961] {dagbag.py:508} INFO - Filling up the DagBag from /home/airflow/.local/lib/python3.7/site-packages/airflow/example_dags/tutorial_taskflow_api_etl.py
[2022-09-26 02:28:54,130] {processor.py:651} INFO - DAG(s) dict_keys(['tutorial_taskflow_api_etl']) retrieved from /home/airflow/.local/lib/python3.7/site-packages/airflow/example_dags/tutorial_taskflow_api_etl.py
[2022-09-26 02:28:54,925] {logging_mixin.py:115} INFO - [2022-09-26 02:28:54,924] {dag.py:2420} INFO - Sync 1 DAGs
[2022-09-26 02:28:55,160] {logging_mixin.py:115} INFO - [2022-09-26 02:28:55,159] {dag.py:2972} INFO - Setting next_dagrun for tutorial_taskflow_api_etl to None, run_after=None
[2022-09-26 02:28:55,295] {processor.py:161} INFO - Processing /home/airflow/.local/lib/python3.7/site-packages/airflow/example_dags/tutorial_taskflow_api_etl.py took 1.365 seconds
[2022-09-26 02:29:27,292] {processor.py:153} INFO - Started process (PID=5701) to work on /home/airflow/.local/lib/python3.7/site-packages/airflow/example_dags/tutorial_taskflow_api_etl.py
[2022-09-26 02:29:27,298] {processor.py:641} INFO - Processing file /home/airflow/.local/lib/python3.7/site-packages/airflow/example_dags/tutorial_taskflow_api_etl.py for tasks to queue
[2022-09-26 02:29:27,303] {logging_mixin.py:115} INFO - [2022-09-26 02:29:27,302] {dagbag.py:508} INFO - Filling up the DagBag from /home/airflow/.local/lib/python3.7/site-packages/airflow/example_dags/tutorial_taskflow_api_etl.py
[2022-09-26 02:29:27,474] {processor.py:651} INFO - DAG(s) dict_keys(['tutorial_taskflow_api_etl']) retrieved from /home/airflow/.local/lib/python3.7/site-packages/airflow/example_dags/tutorial_taskflow_api_etl.py
[2022-09-26 02:29:28,249] {logging_mixin.py:115} INFO - [2022-09-26 02:29:28,248] {dag.py:2420} INFO - Sync 1 DAGs
[2022-09-26 02:29:28,516] {logging_mixin.py:115} INFO - [2022-09-26 02:29:28,515] {dag.py:2972} INFO - Setting next_dagrun for tutorial_taskflow_api_etl to None, run_after=None
[2022-09-26 02:29:28,623] {processor.py:161} INFO - Processing /home/airflow/.local/lib/python3.7/site-packages/airflow/example_dags/tutorial_taskflow_api_etl.py took 1.358 seconds
[2022-09-26 02:29:59,941] {processor.py:153} INFO - Started process (PID=5753) to work on /home/airflow/.local/lib/python3.7/site-packages/airflow/example_dags/tutorial_taskflow_api_etl.py
[2022-09-26 02:29:59,947] {processor.py:641} INFO - Processing file /home/airflow/.local/lib/python3.7/site-packages/airflow/example_dags/tutorial_taskflow_api_etl.py for tasks to queue
[2022-09-26 02:29:59,952] {logging_mixin.py:115} INFO - [2022-09-26 02:29:59,951] {dagbag.py:508} INFO - Filling up the DagBag from /home/airflow/.local/lib/python3.7/site-packages/airflow/example_dags/tutorial_taskflow_api_etl.py
[2022-09-26 02:30:00,120] {processor.py:651} INFO - DAG(s) dict_keys(['tutorial_taskflow_api_etl']) retrieved from /home/airflow/.local/lib/python3.7/site-packages/airflow/example_dags/tutorial_taskflow_api_etl.py
[2022-09-26 02:30:00,390] {logging_mixin.py:115} INFO - [2022-09-26 02:30:00,389] {dag.py:2420} INFO - Sync 1 DAGs
[2022-09-26 02:30:00,665] {logging_mixin.py:115} INFO - [2022-09-26 02:30:00,664] {dag.py:2972} INFO - Setting next_dagrun for tutorial_taskflow_api_etl to None, run_after=None
[2022-09-26 02:30:00,774] {processor.py:161} INFO - Processing /home/airflow/.local/lib/python3.7/site-packages/airflow/example_dags/tutorial_taskflow_api_etl.py took 0.855 seconds
[2022-09-26 02:30:32,296] {processor.py:153} INFO - Started process (PID=5800) to work on /home/airflow/.local/lib/python3.7/site-packages/airflow/example_dags/tutorial_taskflow_api_etl.py
[2022-09-26 02:30:32,302] {processor.py:641} INFO - Processing file /home/airflow/.local/lib/python3.7/site-packages/airflow/example_dags/tutorial_taskflow_api_etl.py for tasks to queue
[2022-09-26 02:30:32,306] {logging_mixin.py:115} INFO - [2022-09-26 02:30:32,306] {dagbag.py:508} INFO - Filling up the DagBag from /home/airflow/.local/lib/python3.7/site-packages/airflow/example_dags/tutorial_taskflow_api_etl.py
[2022-09-26 02:30:32,473] {processor.py:651} INFO - DAG(s) dict_keys(['tutorial_taskflow_api_etl']) retrieved from /home/airflow/.local/lib/python3.7/site-packages/airflow/example_dags/tutorial_taskflow_api_etl.py
[2022-09-26 02:30:33,165] {logging_mixin.py:115} INFO - [2022-09-26 02:30:33,164] {dag.py:2420} INFO - Sync 1 DAGs
[2022-09-26 02:30:33,419] {logging_mixin.py:115} INFO - [2022-09-26 02:30:33,418] {dag.py:2972} INFO - Setting next_dagrun for tutorial_taskflow_api_etl to None, run_after=None
[2022-09-26 02:30:33,549] {processor.py:161} INFO - Processing /home/airflow/.local/lib/python3.7/site-packages/airflow/example_dags/tutorial_taskflow_api_etl.py took 1.280 seconds
[2022-09-26 02:31:03,910] {processor.py:153} INFO - Started process (PID=5852) to work on /home/airflow/.local/lib/python3.7/site-packages/airflow/example_dags/tutorial_taskflow_api_etl.py
[2022-09-26 02:31:03,916] {processor.py:641} INFO - Processing file /home/airflow/.local/lib/python3.7/site-packages/airflow/example_dags/tutorial_taskflow_api_etl.py for tasks to queue
[2022-09-26 02:31:03,920] {logging_mixin.py:115} INFO - [2022-09-26 02:31:03,919] {dagbag.py:508} INFO - Filling up the DagBag from /home/airflow/.local/lib/python3.7/site-packages/airflow/example_dags/tutorial_taskflow_api_etl.py
[2022-09-26 02:31:04,066] {processor.py:651} INFO - DAG(s) dict_keys(['tutorial_taskflow_api_etl']) retrieved from /home/airflow/.local/lib/python3.7/site-packages/airflow/example_dags/tutorial_taskflow_api_etl.py
[2022-09-26 02:31:04,861] {logging_mixin.py:115} INFO - [2022-09-26 02:31:04,860] {dag.py:2420} INFO - Sync 1 DAGs
[2022-09-26 02:31:05,159] {logging_mixin.py:115} INFO - [2022-09-26 02:31:05,158] {dag.py:2972} INFO - Setting next_dagrun for tutorial_taskflow_api_etl to None, run_after=None
[2022-09-26 02:31:05,343] {processor.py:161} INFO - Processing /home/airflow/.local/lib/python3.7/site-packages/airflow/example_dags/tutorial_taskflow_api_etl.py took 1.455 seconds
[2022-09-26 02:31:35,502] {processor.py:153} INFO - Started process (PID=5896) to work on /home/airflow/.local/lib/python3.7/site-packages/airflow/example_dags/tutorial_taskflow_api_etl.py
[2022-09-26 02:31:35,507] {processor.py:641} INFO - Processing file /home/airflow/.local/lib/python3.7/site-packages/airflow/example_dags/tutorial_taskflow_api_etl.py for tasks to queue
[2022-09-26 02:31:35,510] {logging_mixin.py:115} INFO - [2022-09-26 02:31:35,510] {dagbag.py:508} INFO - Filling up the DagBag from /home/airflow/.local/lib/python3.7/site-packages/airflow/example_dags/tutorial_taskflow_api_etl.py
[2022-09-26 02:31:35,623] {processor.py:651} INFO - DAG(s) dict_keys(['tutorial_taskflow_api_etl']) retrieved from /home/airflow/.local/lib/python3.7/site-packages/airflow/example_dags/tutorial_taskflow_api_etl.py
[2022-09-26 02:31:36,161] {logging_mixin.py:115} INFO - [2022-09-26 02:31:36,160] {dag.py:2420} INFO - Sync 1 DAGs
[2022-09-26 02:31:36,343] {logging_mixin.py:115} INFO - [2022-09-26 02:31:36,342] {dag.py:2972} INFO - Setting next_dagrun for tutorial_taskflow_api_etl to None, run_after=None
[2022-09-26 02:31:36,445] {processor.py:161} INFO - Processing /home/airflow/.local/lib/python3.7/site-packages/airflow/example_dags/tutorial_taskflow_api_etl.py took 0.960 seconds
[2022-09-26 02:32:06,689] {processor.py:153} INFO - Started process (PID=5948) to work on /home/airflow/.local/lib/python3.7/site-packages/airflow/example_dags/tutorial_taskflow_api_etl.py
[2022-09-26 02:32:06,695] {processor.py:641} INFO - Processing file /home/airflow/.local/lib/python3.7/site-packages/airflow/example_dags/tutorial_taskflow_api_etl.py for tasks to queue
[2022-09-26 02:32:06,699] {logging_mixin.py:115} INFO - [2022-09-26 02:32:06,698] {dagbag.py:508} INFO - Filling up the DagBag from /home/airflow/.local/lib/python3.7/site-packages/airflow/example_dags/tutorial_taskflow_api_etl.py
[2022-09-26 02:32:06,846] {processor.py:651} INFO - DAG(s) dict_keys(['tutorial_taskflow_api_etl']) retrieved from /home/airflow/.local/lib/python3.7/site-packages/airflow/example_dags/tutorial_taskflow_api_etl.py
[2022-09-26 02:32:07,502] {logging_mixin.py:115} INFO - [2022-09-26 02:32:07,501] {dag.py:2420} INFO - Sync 1 DAGs
[2022-09-26 02:32:07,686] {logging_mixin.py:115} INFO - [2022-09-26 02:32:07,685] {dag.py:2972} INFO - Setting next_dagrun for tutorial_taskflow_api_etl to None, run_after=None
[2022-09-26 02:32:07,793] {processor.py:161} INFO - Processing /home/airflow/.local/lib/python3.7/site-packages/airflow/example_dags/tutorial_taskflow_api_etl.py took 1.122 seconds
[2022-09-26 02:32:38,084] {processor.py:153} INFO - Started process (PID=5992) to work on /home/airflow/.local/lib/python3.7/site-packages/airflow/example_dags/tutorial_taskflow_api_etl.py
[2022-09-26 02:32:38,090] {processor.py:641} INFO - Processing file /home/airflow/.local/lib/python3.7/site-packages/airflow/example_dags/tutorial_taskflow_api_etl.py for tasks to queue
[2022-09-26 02:32:38,094] {logging_mixin.py:115} INFO - [2022-09-26 02:32:38,093] {dagbag.py:508} INFO - Filling up the DagBag from /home/airflow/.local/lib/python3.7/site-packages/airflow/example_dags/tutorial_taskflow_api_etl.py
[2022-09-26 02:32:38,214] {processor.py:651} INFO - DAG(s) dict_keys(['tutorial_taskflow_api_etl']) retrieved from /home/airflow/.local/lib/python3.7/site-packages/airflow/example_dags/tutorial_taskflow_api_etl.py
[2022-09-26 02:32:38,369] {logging_mixin.py:115} INFO - [2022-09-26 02:32:38,368] {dag.py:2420} INFO - Sync 1 DAGs
[2022-09-26 02:32:38,542] {logging_mixin.py:115} INFO - [2022-09-26 02:32:38,541] {dag.py:2972} INFO - Setting next_dagrun for tutorial_taskflow_api_etl to None, run_after=None
[2022-09-26 02:32:38,624] {processor.py:161} INFO - Processing /home/airflow/.local/lib/python3.7/site-packages/airflow/example_dags/tutorial_taskflow_api_etl.py took 0.559 seconds
[2022-09-26 02:33:09,229] {processor.py:153} INFO - Started process (PID=6043) to work on /home/airflow/.local/lib/python3.7/site-packages/airflow/example_dags/tutorial_taskflow_api_etl.py
[2022-09-26 02:33:09,233] {processor.py:641} INFO - Processing file /home/airflow/.local/lib/python3.7/site-packages/airflow/example_dags/tutorial_taskflow_api_etl.py for tasks to queue
[2022-09-26 02:33:09,238] {logging_mixin.py:115} INFO - [2022-09-26 02:33:09,237] {dagbag.py:508} INFO - Filling up the DagBag from /home/airflow/.local/lib/python3.7/site-packages/airflow/example_dags/tutorial_taskflow_api_etl.py
[2022-09-26 02:33:09,367] {processor.py:651} INFO - DAG(s) dict_keys(['tutorial_taskflow_api_etl']) retrieved from /home/airflow/.local/lib/python3.7/site-packages/airflow/example_dags/tutorial_taskflow_api_etl.py
[2022-09-26 02:33:10,155] {logging_mixin.py:115} INFO - [2022-09-26 02:33:10,154] {dag.py:2420} INFO - Sync 1 DAGs
[2022-09-26 02:33:10,391] {logging_mixin.py:115} INFO - [2022-09-26 02:33:10,390] {dag.py:2972} INFO - Setting next_dagrun for tutorial_taskflow_api_etl to None, run_after=None
[2022-09-26 02:33:10,529] {processor.py:161} INFO - Processing /home/airflow/.local/lib/python3.7/site-packages/airflow/example_dags/tutorial_taskflow_api_etl.py took 1.325 seconds
[2022-09-26 02:33:40,763] {processor.py:153} INFO - Started process (PID=6088) to work on /home/airflow/.local/lib/python3.7/site-packages/airflow/example_dags/tutorial_taskflow_api_etl.py
[2022-09-26 02:33:40,769] {processor.py:641} INFO - Processing file /home/airflow/.local/lib/python3.7/site-packages/airflow/example_dags/tutorial_taskflow_api_etl.py for tasks to queue
[2022-09-26 02:33:40,772] {logging_mixin.py:115} INFO - [2022-09-26 02:33:40,772] {dagbag.py:508} INFO - Filling up the DagBag from /home/airflow/.local/lib/python3.7/site-packages/airflow/example_dags/tutorial_taskflow_api_etl.py
[2022-09-26 02:33:40,890] {processor.py:651} INFO - DAG(s) dict_keys(['tutorial_taskflow_api_etl']) retrieved from /home/airflow/.local/lib/python3.7/site-packages/airflow/example_dags/tutorial_taskflow_api_etl.py
[2022-09-26 02:33:41,464] {logging_mixin.py:115} INFO - [2022-09-26 02:33:41,463] {dag.py:2420} INFO - Sync 1 DAGs
[2022-09-26 02:33:41,633] {logging_mixin.py:115} INFO - [2022-09-26 02:33:41,632] {dag.py:2972} INFO - Setting next_dagrun for tutorial_taskflow_api_etl to None, run_after=None
[2022-09-26 02:33:41,733] {processor.py:161} INFO - Processing /home/airflow/.local/lib/python3.7/site-packages/airflow/example_dags/tutorial_taskflow_api_etl.py took 0.988 seconds
[2022-09-26 02:34:12,433] {processor.py:153} INFO - Started process (PID=6141) to work on /home/airflow/.local/lib/python3.7/site-packages/airflow/example_dags/tutorial_taskflow_api_etl.py
[2022-09-26 02:34:12,439] {processor.py:641} INFO - Processing file /home/airflow/.local/lib/python3.7/site-packages/airflow/example_dags/tutorial_taskflow_api_etl.py for tasks to queue
[2022-09-26 02:34:12,443] {logging_mixin.py:115} INFO - [2022-09-26 02:34:12,442] {dagbag.py:508} INFO - Filling up the DagBag from /home/airflow/.local/lib/python3.7/site-packages/airflow/example_dags/tutorial_taskflow_api_etl.py
[2022-09-26 02:34:12,585] {processor.py:651} INFO - DAG(s) dict_keys(['tutorial_taskflow_api_etl']) retrieved from /home/airflow/.local/lib/python3.7/site-packages/airflow/example_dags/tutorial_taskflow_api_etl.py
[2022-09-26 02:34:13,347] {logging_mixin.py:115} INFO - [2022-09-26 02:34:13,346] {dag.py:2420} INFO - Sync 1 DAGs
[2022-09-26 02:34:13,576] {logging_mixin.py:115} INFO - [2022-09-26 02:34:13,576] {dag.py:2972} INFO - Setting next_dagrun for tutorial_taskflow_api_etl to None, run_after=None
[2022-09-26 02:34:13,689] {processor.py:161} INFO - Processing /home/airflow/.local/lib/python3.7/site-packages/airflow/example_dags/tutorial_taskflow_api_etl.py took 1.274 seconds
[2022-09-26 02:34:43,838] {processor.py:153} INFO - Started process (PID=6187) to work on /home/airflow/.local/lib/python3.7/site-packages/airflow/example_dags/tutorial_taskflow_api_etl.py
[2022-09-26 02:34:43,854] {processor.py:641} INFO - Processing file /home/airflow/.local/lib/python3.7/site-packages/airflow/example_dags/tutorial_taskflow_api_etl.py for tasks to queue
[2022-09-26 02:34:43,859] {logging_mixin.py:115} INFO - [2022-09-26 02:34:43,858] {dagbag.py:508} INFO - Filling up the DagBag from /home/airflow/.local/lib/python3.7/site-packages/airflow/example_dags/tutorial_taskflow_api_etl.py
[2022-09-26 02:34:44,044] {processor.py:651} INFO - DAG(s) dict_keys(['tutorial_taskflow_api_etl']) retrieved from /home/airflow/.local/lib/python3.7/site-packages/airflow/example_dags/tutorial_taskflow_api_etl.py
[2022-09-26 02:34:44,831] {logging_mixin.py:115} INFO - [2022-09-26 02:34:44,830] {dag.py:2420} INFO - Sync 1 DAGs
[2022-09-26 02:34:45,017] {logging_mixin.py:115} INFO - [2022-09-26 02:34:45,017] {dag.py:2972} INFO - Setting next_dagrun for tutorial_taskflow_api_etl to None, run_after=None
[2022-09-26 02:34:45,122] {processor.py:161} INFO - Processing /home/airflow/.local/lib/python3.7/site-packages/airflow/example_dags/tutorial_taskflow_api_etl.py took 1.310 seconds
[2022-09-26 02:35:15,823] {processor.py:153} INFO - Started process (PID=6240) to work on /home/airflow/.local/lib/python3.7/site-packages/airflow/example_dags/tutorial_taskflow_api_etl.py
[2022-09-26 02:35:15,841] {processor.py:641} INFO - Processing file /home/airflow/.local/lib/python3.7/site-packages/airflow/example_dags/tutorial_taskflow_api_etl.py for tasks to queue
[2022-09-26 02:35:15,847] {logging_mixin.py:115} INFO - [2022-09-26 02:35:15,847] {dagbag.py:508} INFO - Filling up the DagBag from /home/airflow/.local/lib/python3.7/site-packages/airflow/example_dags/tutorial_taskflow_api_etl.py
[2022-09-26 02:35:16,103] {processor.py:651} INFO - DAG(s) dict_keys(['tutorial_taskflow_api_etl']) retrieved from /home/airflow/.local/lib/python3.7/site-packages/airflow/example_dags/tutorial_taskflow_api_etl.py
[2022-09-26 02:35:17,034] {logging_mixin.py:115} INFO - [2022-09-26 02:35:17,033] {dag.py:2420} INFO - Sync 1 DAGs
[2022-09-26 02:35:17,293] {logging_mixin.py:115} INFO - [2022-09-26 02:35:17,292] {dag.py:2972} INFO - Setting next_dagrun for tutorial_taskflow_api_etl to None, run_after=None
[2022-09-26 02:35:17,427] {processor.py:161} INFO - Processing /home/airflow/.local/lib/python3.7/site-packages/airflow/example_dags/tutorial_taskflow_api_etl.py took 1.633 seconds
[2022-09-26 02:35:48,051] {processor.py:153} INFO - Started process (PID=6286) to work on /home/airflow/.local/lib/python3.7/site-packages/airflow/example_dags/tutorial_taskflow_api_etl.py
[2022-09-26 02:35:48,055] {processor.py:641} INFO - Processing file /home/airflow/.local/lib/python3.7/site-packages/airflow/example_dags/tutorial_taskflow_api_etl.py for tasks to queue
[2022-09-26 02:35:48,059] {logging_mixin.py:115} INFO - [2022-09-26 02:35:48,058] {dagbag.py:508} INFO - Filling up the DagBag from /home/airflow/.local/lib/python3.7/site-packages/airflow/example_dags/tutorial_taskflow_api_etl.py
[2022-09-26 02:35:48,234] {processor.py:651} INFO - DAG(s) dict_keys(['tutorial_taskflow_api_etl']) retrieved from /home/airflow/.local/lib/python3.7/site-packages/airflow/example_dags/tutorial_taskflow_api_etl.py
[2022-09-26 02:35:49,009] {logging_mixin.py:115} INFO - [2022-09-26 02:35:49,008] {dag.py:2420} INFO - Sync 1 DAGs
[2022-09-26 02:35:49,241] {logging_mixin.py:115} INFO - [2022-09-26 02:35:49,240] {dag.py:2972} INFO - Setting next_dagrun for tutorial_taskflow_api_etl to None, run_after=None
[2022-09-26 02:35:49,430] {processor.py:161} INFO - Processing /home/airflow/.local/lib/python3.7/site-packages/airflow/example_dags/tutorial_taskflow_api_etl.py took 1.405 seconds
