[2022-11-27 16:54:02,674] {processor.py:153} INFO - Started process (PID=5353) to work on /home/airflow/.local/lib/python3.7/site-packages/airflow/example_dags/example_trigger_controller_dag.py
[2022-11-27 16:54:02,675] {processor.py:641} INFO - Processing file /home/airflow/.local/lib/python3.7/site-packages/airflow/example_dags/example_trigger_controller_dag.py for tasks to queue
[2022-11-27 16:54:02,676] {logging_mixin.py:115} INFO - [2022-11-27 16:54:02,676] {dagbag.py:508} INFO - Filling up the DagBag from /home/airflow/.local/lib/python3.7/site-packages/airflow/example_dags/example_trigger_controller_dag.py
[2022-11-27 16:54:02,682] {processor.py:651} INFO - DAG(s) dict_keys(['example_trigger_controller_dag']) retrieved from /home/airflow/.local/lib/python3.7/site-packages/airflow/example_dags/example_trigger_controller_dag.py
[2022-11-27 16:54:02,764] {logging_mixin.py:115} INFO - [2022-11-27 16:54:02,764] {dag.py:2420} INFO - Sync 1 DAGs
[2022-11-27 16:54:02,837] {logging_mixin.py:115} INFO - [2022-11-27 16:54:02,837] {dag.py:2972} INFO - Setting next_dagrun for example_trigger_controller_dag to 2021-01-01T00:00:00+00:00, run_after=2021-01-01T00:00:00+00:00
[2022-11-27 16:54:02,891] {processor.py:161} INFO - Processing /home/airflow/.local/lib/python3.7/site-packages/airflow/example_dags/example_trigger_controller_dag.py took 0.231 seconds
[2022-11-27 18:12:56,432] {processor.py:153} INFO - Started process (PID=5389) to work on /home/airflow/.local/lib/python3.7/site-packages/airflow/example_dags/example_trigger_controller_dag.py
[2022-11-27 18:12:56,433] {processor.py:641} INFO - Processing file /home/airflow/.local/lib/python3.7/site-packages/airflow/example_dags/example_trigger_controller_dag.py for tasks to queue
[2022-11-27 18:12:56,433] {logging_mixin.py:115} INFO - [2022-11-27 18:12:56,433] {dagbag.py:508} INFO - Filling up the DagBag from /home/airflow/.local/lib/python3.7/site-packages/airflow/example_dags/example_trigger_controller_dag.py
[2022-11-27 18:12:56,438] {processor.py:651} INFO - DAG(s) dict_keys(['example_trigger_controller_dag']) retrieved from /home/airflow/.local/lib/python3.7/site-packages/airflow/example_dags/example_trigger_controller_dag.py
[2022-11-27 18:12:56,476] {logging_mixin.py:115} INFO - [2022-11-27 18:12:56,476] {dag.py:2420} INFO - Sync 1 DAGs
[2022-11-27 18:12:56,521] {logging_mixin.py:115} INFO - [2022-11-27 18:12:56,521] {dag.py:2972} INFO - Setting next_dagrun for example_trigger_controller_dag to 2021-01-01T00:00:00+00:00, run_after=2021-01-01T00:00:00+00:00
[2022-11-27 18:12:56,542] {processor.py:161} INFO - Processing /home/airflow/.local/lib/python3.7/site-packages/airflow/example_dags/example_trigger_controller_dag.py took 0.115 seconds
[2022-11-27 18:13:26,780] {processor.py:153} INFO - Started process (PID=5452) to work on /home/airflow/.local/lib/python3.7/site-packages/airflow/example_dags/example_trigger_controller_dag.py
[2022-11-27 18:13:26,780] {processor.py:641} INFO - Processing file /home/airflow/.local/lib/python3.7/site-packages/airflow/example_dags/example_trigger_controller_dag.py for tasks to queue
[2022-11-27 18:13:26,781] {logging_mixin.py:115} INFO - [2022-11-27 18:13:26,781] {dagbag.py:508} INFO - Filling up the DagBag from /home/airflow/.local/lib/python3.7/site-packages/airflow/example_dags/example_trigger_controller_dag.py
[2022-11-27 18:13:26,783] {processor.py:651} INFO - DAG(s) dict_keys(['example_trigger_controller_dag']) retrieved from /home/airflow/.local/lib/python3.7/site-packages/airflow/example_dags/example_trigger_controller_dag.py
[2022-11-27 18:13:26,821] {logging_mixin.py:115} INFO - [2022-11-27 18:13:26,821] {dag.py:2420} INFO - Sync 1 DAGs
[2022-11-27 18:13:26,860] {logging_mixin.py:115} INFO - [2022-11-27 18:13:26,859] {dag.py:2972} INFO - Setting next_dagrun for example_trigger_controller_dag to 2021-01-01T00:00:00+00:00, run_after=2021-01-01T00:00:00+00:00
[2022-11-27 18:13:26,877] {processor.py:161} INFO - Processing /home/airflow/.local/lib/python3.7/site-packages/airflow/example_dags/example_trigger_controller_dag.py took 0.101 seconds
[2022-11-27 18:13:56,949] {processor.py:153} INFO - Started process (PID=5506) to work on /home/airflow/.local/lib/python3.7/site-packages/airflow/example_dags/example_trigger_controller_dag.py
[2022-11-27 18:13:56,950] {processor.py:641} INFO - Processing file /home/airflow/.local/lib/python3.7/site-packages/airflow/example_dags/example_trigger_controller_dag.py for tasks to queue
[2022-11-27 18:13:56,950] {logging_mixin.py:115} INFO - [2022-11-27 18:13:56,950] {dagbag.py:508} INFO - Filling up the DagBag from /home/airflow/.local/lib/python3.7/site-packages/airflow/example_dags/example_trigger_controller_dag.py
[2022-11-27 18:13:56,954] {processor.py:651} INFO - DAG(s) dict_keys(['example_trigger_controller_dag']) retrieved from /home/airflow/.local/lib/python3.7/site-packages/airflow/example_dags/example_trigger_controller_dag.py
[2022-11-27 18:13:56,989] {logging_mixin.py:115} INFO - [2022-11-27 18:13:56,989] {dag.py:2420} INFO - Sync 1 DAGs
[2022-11-27 18:13:57,022] {logging_mixin.py:115} INFO - [2022-11-27 18:13:57,022] {dag.py:2972} INFO - Setting next_dagrun for example_trigger_controller_dag to 2021-01-01T00:00:00+00:00, run_after=2021-01-01T00:00:00+00:00
[2022-11-27 18:13:57,039] {processor.py:161} INFO - Processing /home/airflow/.local/lib/python3.7/site-packages/airflow/example_dags/example_trigger_controller_dag.py took 0.093 seconds
[2022-11-27 18:14:27,247] {processor.py:153} INFO - Started process (PID=5568) to work on /home/airflow/.local/lib/python3.7/site-packages/airflow/example_dags/example_trigger_controller_dag.py
[2022-11-27 18:14:27,248] {processor.py:641} INFO - Processing file /home/airflow/.local/lib/python3.7/site-packages/airflow/example_dags/example_trigger_controller_dag.py for tasks to queue
[2022-11-27 18:14:27,248] {logging_mixin.py:115} INFO - [2022-11-27 18:14:27,248] {dagbag.py:508} INFO - Filling up the DagBag from /home/airflow/.local/lib/python3.7/site-packages/airflow/example_dags/example_trigger_controller_dag.py
[2022-11-27 18:14:27,251] {processor.py:651} INFO - DAG(s) dict_keys(['example_trigger_controller_dag']) retrieved from /home/airflow/.local/lib/python3.7/site-packages/airflow/example_dags/example_trigger_controller_dag.py
[2022-11-27 18:14:27,284] {logging_mixin.py:115} INFO - [2022-11-27 18:14:27,284] {dag.py:2420} INFO - Sync 1 DAGs
[2022-11-27 18:14:27,317] {logging_mixin.py:115} INFO - [2022-11-27 18:14:27,316] {dag.py:2972} INFO - Setting next_dagrun for example_trigger_controller_dag to 2021-01-01T00:00:00+00:00, run_after=2021-01-01T00:00:00+00:00
[2022-11-27 18:14:27,335] {processor.py:161} INFO - Processing /home/airflow/.local/lib/python3.7/site-packages/airflow/example_dags/example_trigger_controller_dag.py took 0.091 seconds
[2022-11-27 18:14:57,518] {processor.py:153} INFO - Started process (PID=5621) to work on /home/airflow/.local/lib/python3.7/site-packages/airflow/example_dags/example_trigger_controller_dag.py
[2022-11-27 18:14:57,518] {processor.py:641} INFO - Processing file /home/airflow/.local/lib/python3.7/site-packages/airflow/example_dags/example_trigger_controller_dag.py for tasks to queue
[2022-11-27 18:14:57,519] {logging_mixin.py:115} INFO - [2022-11-27 18:14:57,519] {dagbag.py:508} INFO - Filling up the DagBag from /home/airflow/.local/lib/python3.7/site-packages/airflow/example_dags/example_trigger_controller_dag.py
[2022-11-27 18:14:57,523] {processor.py:651} INFO - DAG(s) dict_keys(['example_trigger_controller_dag']) retrieved from /home/airflow/.local/lib/python3.7/site-packages/airflow/example_dags/example_trigger_controller_dag.py
[2022-11-27 18:14:57,553] {logging_mixin.py:115} INFO - [2022-11-27 18:14:57,553] {dag.py:2420} INFO - Sync 1 DAGs
[2022-11-27 18:14:57,581] {logging_mixin.py:115} INFO - [2022-11-27 18:14:57,581] {dag.py:2972} INFO - Setting next_dagrun for example_trigger_controller_dag to 2021-01-01T00:00:00+00:00, run_after=2021-01-01T00:00:00+00:00
[2022-11-27 18:14:57,599] {processor.py:161} INFO - Processing /home/airflow/.local/lib/python3.7/site-packages/airflow/example_dags/example_trigger_controller_dag.py took 0.086 seconds
[2022-11-27 18:15:28,383] {processor.py:153} INFO - Started process (PID=5684) to work on /home/airflow/.local/lib/python3.7/site-packages/airflow/example_dags/example_trigger_controller_dag.py
[2022-11-27 18:15:28,383] {processor.py:641} INFO - Processing file /home/airflow/.local/lib/python3.7/site-packages/airflow/example_dags/example_trigger_controller_dag.py for tasks to queue
[2022-11-27 18:15:28,384] {logging_mixin.py:115} INFO - [2022-11-27 18:15:28,384] {dagbag.py:508} INFO - Filling up the DagBag from /home/airflow/.local/lib/python3.7/site-packages/airflow/example_dags/example_trigger_controller_dag.py
[2022-11-27 18:15:28,387] {processor.py:651} INFO - DAG(s) dict_keys(['example_trigger_controller_dag']) retrieved from /home/airflow/.local/lib/python3.7/site-packages/airflow/example_dags/example_trigger_controller_dag.py
[2022-11-27 18:15:28,424] {logging_mixin.py:115} INFO - [2022-11-27 18:15:28,424] {dag.py:2420} INFO - Sync 1 DAGs
[2022-11-27 18:15:28,453] {logging_mixin.py:115} INFO - [2022-11-27 18:15:28,452] {dag.py:2972} INFO - Setting next_dagrun for example_trigger_controller_dag to 2021-01-01T00:00:00+00:00, run_after=2021-01-01T00:00:00+00:00
[2022-11-27 18:15:28,470] {processor.py:161} INFO - Processing /home/airflow/.local/lib/python3.7/site-packages/airflow/example_dags/example_trigger_controller_dag.py took 0.091 seconds
[2022-11-27 18:15:59,313] {processor.py:153} INFO - Started process (PID=5748) to work on /home/airflow/.local/lib/python3.7/site-packages/airflow/example_dags/example_trigger_controller_dag.py
[2022-11-27 18:15:59,314] {processor.py:641} INFO - Processing file /home/airflow/.local/lib/python3.7/site-packages/airflow/example_dags/example_trigger_controller_dag.py for tasks to queue
[2022-11-27 18:15:59,314] {logging_mixin.py:115} INFO - [2022-11-27 18:15:59,314] {dagbag.py:508} INFO - Filling up the DagBag from /home/airflow/.local/lib/python3.7/site-packages/airflow/example_dags/example_trigger_controller_dag.py
[2022-11-27 18:15:59,317] {processor.py:651} INFO - DAG(s) dict_keys(['example_trigger_controller_dag']) retrieved from /home/airflow/.local/lib/python3.7/site-packages/airflow/example_dags/example_trigger_controller_dag.py
[2022-11-27 18:15:59,353] {logging_mixin.py:115} INFO - [2022-11-27 18:15:59,353] {dag.py:2420} INFO - Sync 1 DAGs
[2022-11-27 18:15:59,394] {logging_mixin.py:115} INFO - [2022-11-27 18:15:59,394] {dag.py:2972} INFO - Setting next_dagrun for example_trigger_controller_dag to 2021-01-01T00:00:00+00:00, run_after=2021-01-01T00:00:00+00:00
[2022-11-27 18:15:59,419] {processor.py:161} INFO - Processing /home/airflow/.local/lib/python3.7/site-packages/airflow/example_dags/example_trigger_controller_dag.py took 0.109 seconds
[2022-11-27 18:16:30,213] {processor.py:153} INFO - Started process (PID=5801) to work on /home/airflow/.local/lib/python3.7/site-packages/airflow/example_dags/example_trigger_controller_dag.py
[2022-11-27 18:16:30,214] {processor.py:641} INFO - Processing file /home/airflow/.local/lib/python3.7/site-packages/airflow/example_dags/example_trigger_controller_dag.py for tasks to queue
[2022-11-27 18:16:30,214] {logging_mixin.py:115} INFO - [2022-11-27 18:16:30,214] {dagbag.py:508} INFO - Filling up the DagBag from /home/airflow/.local/lib/python3.7/site-packages/airflow/example_dags/example_trigger_controller_dag.py
[2022-11-27 18:16:30,218] {processor.py:651} INFO - DAG(s) dict_keys(['example_trigger_controller_dag']) retrieved from /home/airflow/.local/lib/python3.7/site-packages/airflow/example_dags/example_trigger_controller_dag.py
[2022-11-27 18:16:30,253] {logging_mixin.py:115} INFO - [2022-11-27 18:16:30,253] {dag.py:2420} INFO - Sync 1 DAGs
[2022-11-27 18:16:30,286] {logging_mixin.py:115} INFO - [2022-11-27 18:16:30,286] {dag.py:2972} INFO - Setting next_dagrun for example_trigger_controller_dag to 2021-01-01T00:00:00+00:00, run_after=2021-01-01T00:00:00+00:00
[2022-11-27 18:16:30,303] {processor.py:161} INFO - Processing /home/airflow/.local/lib/python3.7/site-packages/airflow/example_dags/example_trigger_controller_dag.py took 0.093 seconds
[2022-11-27 18:17:01,012] {processor.py:153} INFO - Started process (PID=5865) to work on /home/airflow/.local/lib/python3.7/site-packages/airflow/example_dags/example_trigger_controller_dag.py
[2022-11-27 18:17:01,013] {processor.py:641} INFO - Processing file /home/airflow/.local/lib/python3.7/site-packages/airflow/example_dags/example_trigger_controller_dag.py for tasks to queue
[2022-11-27 18:17:01,013] {logging_mixin.py:115} INFO - [2022-11-27 18:17:01,013] {dagbag.py:508} INFO - Filling up the DagBag from /home/airflow/.local/lib/python3.7/site-packages/airflow/example_dags/example_trigger_controller_dag.py
[2022-11-27 18:17:01,017] {processor.py:651} INFO - DAG(s) dict_keys(['example_trigger_controller_dag']) retrieved from /home/airflow/.local/lib/python3.7/site-packages/airflow/example_dags/example_trigger_controller_dag.py
[2022-11-27 18:17:01,050] {logging_mixin.py:115} INFO - [2022-11-27 18:17:01,049] {dag.py:2420} INFO - Sync 1 DAGs
[2022-11-27 18:17:01,087] {logging_mixin.py:115} INFO - [2022-11-27 18:17:01,087] {dag.py:2972} INFO - Setting next_dagrun for example_trigger_controller_dag to 2021-01-01T00:00:00+00:00, run_after=2021-01-01T00:00:00+00:00
[2022-11-27 18:17:01,105] {processor.py:161} INFO - Processing /home/airflow/.local/lib/python3.7/site-packages/airflow/example_dags/example_trigger_controller_dag.py took 0.098 seconds
[2022-11-27 18:17:31,531] {processor.py:153} INFO - Started process (PID=5918) to work on /home/airflow/.local/lib/python3.7/site-packages/airflow/example_dags/example_trigger_controller_dag.py
[2022-11-27 18:17:31,532] {processor.py:641} INFO - Processing file /home/airflow/.local/lib/python3.7/site-packages/airflow/example_dags/example_trigger_controller_dag.py for tasks to queue
[2022-11-27 18:17:31,532] {logging_mixin.py:115} INFO - [2022-11-27 18:17:31,532] {dagbag.py:508} INFO - Filling up the DagBag from /home/airflow/.local/lib/python3.7/site-packages/airflow/example_dags/example_trigger_controller_dag.py
[2022-11-27 18:17:31,535] {processor.py:651} INFO - DAG(s) dict_keys(['example_trigger_controller_dag']) retrieved from /home/airflow/.local/lib/python3.7/site-packages/airflow/example_dags/example_trigger_controller_dag.py
[2022-11-27 18:17:31,563] {logging_mixin.py:115} INFO - [2022-11-27 18:17:31,563] {dag.py:2420} INFO - Sync 1 DAGs
[2022-11-27 18:17:31,590] {logging_mixin.py:115} INFO - [2022-11-27 18:17:31,590] {dag.py:2972} INFO - Setting next_dagrun for example_trigger_controller_dag to 2021-01-01T00:00:00+00:00, run_after=2021-01-01T00:00:00+00:00
[2022-11-27 18:17:31,606] {processor.py:161} INFO - Processing /home/airflow/.local/lib/python3.7/site-packages/airflow/example_dags/example_trigger_controller_dag.py took 0.078 seconds
[2022-11-27 18:18:02,354] {processor.py:153} INFO - Started process (PID=5981) to work on /home/airflow/.local/lib/python3.7/site-packages/airflow/example_dags/example_trigger_controller_dag.py
[2022-11-27 18:18:02,355] {processor.py:641} INFO - Processing file /home/airflow/.local/lib/python3.7/site-packages/airflow/example_dags/example_trigger_controller_dag.py for tasks to queue
[2022-11-27 18:18:02,355] {logging_mixin.py:115} INFO - [2022-11-27 18:18:02,355] {dagbag.py:508} INFO - Filling up the DagBag from /home/airflow/.local/lib/python3.7/site-packages/airflow/example_dags/example_trigger_controller_dag.py
[2022-11-27 18:18:02,359] {processor.py:651} INFO - DAG(s) dict_keys(['example_trigger_controller_dag']) retrieved from /home/airflow/.local/lib/python3.7/site-packages/airflow/example_dags/example_trigger_controller_dag.py
[2022-11-27 18:18:02,390] {logging_mixin.py:115} INFO - [2022-11-27 18:18:02,389] {dag.py:2420} INFO - Sync 1 DAGs
[2022-11-27 18:18:02,420] {logging_mixin.py:115} INFO - [2022-11-27 18:18:02,420] {dag.py:2972} INFO - Setting next_dagrun for example_trigger_controller_dag to 2021-01-01T00:00:00+00:00, run_after=2021-01-01T00:00:00+00:00
[2022-11-27 18:18:02,438] {processor.py:161} INFO - Processing /home/airflow/.local/lib/python3.7/site-packages/airflow/example_dags/example_trigger_controller_dag.py took 0.087 seconds
[2022-11-27 18:18:33,169] {processor.py:153} INFO - Started process (PID=6042) to work on /home/airflow/.local/lib/python3.7/site-packages/airflow/example_dags/example_trigger_controller_dag.py
[2022-11-27 18:18:33,170] {processor.py:641} INFO - Processing file /home/airflow/.local/lib/python3.7/site-packages/airflow/example_dags/example_trigger_controller_dag.py for tasks to queue
[2022-11-27 18:18:33,170] {logging_mixin.py:115} INFO - [2022-11-27 18:18:33,170] {dagbag.py:508} INFO - Filling up the DagBag from /home/airflow/.local/lib/python3.7/site-packages/airflow/example_dags/example_trigger_controller_dag.py
[2022-11-27 18:18:33,174] {processor.py:651} INFO - DAG(s) dict_keys(['example_trigger_controller_dag']) retrieved from /home/airflow/.local/lib/python3.7/site-packages/airflow/example_dags/example_trigger_controller_dag.py
[2022-11-27 18:18:33,210] {logging_mixin.py:115} INFO - [2022-11-27 18:18:33,210] {dag.py:2420} INFO - Sync 1 DAGs
[2022-11-27 18:18:33,240] {logging_mixin.py:115} INFO - [2022-11-27 18:18:33,240] {dag.py:2972} INFO - Setting next_dagrun for example_trigger_controller_dag to 2021-01-01T00:00:00+00:00, run_after=2021-01-01T00:00:00+00:00
[2022-11-27 18:18:33,266] {processor.py:161} INFO - Processing /home/airflow/.local/lib/python3.7/site-packages/airflow/example_dags/example_trigger_controller_dag.py took 0.100 seconds
[2022-11-27 18:19:03,840] {processor.py:153} INFO - Started process (PID=6098) to work on /home/airflow/.local/lib/python3.7/site-packages/airflow/example_dags/example_trigger_controller_dag.py
[2022-11-27 18:19:03,841] {processor.py:641} INFO - Processing file /home/airflow/.local/lib/python3.7/site-packages/airflow/example_dags/example_trigger_controller_dag.py for tasks to queue
[2022-11-27 18:19:03,841] {logging_mixin.py:115} INFO - [2022-11-27 18:19:03,841] {dagbag.py:508} INFO - Filling up the DagBag from /home/airflow/.local/lib/python3.7/site-packages/airflow/example_dags/example_trigger_controller_dag.py
[2022-11-27 18:19:03,845] {processor.py:651} INFO - DAG(s) dict_keys(['example_trigger_controller_dag']) retrieved from /home/airflow/.local/lib/python3.7/site-packages/airflow/example_dags/example_trigger_controller_dag.py
[2022-11-27 18:19:03,877] {logging_mixin.py:115} INFO - [2022-11-27 18:19:03,877] {dag.py:2420} INFO - Sync 1 DAGs
[2022-11-27 18:19:03,908] {logging_mixin.py:115} INFO - [2022-11-27 18:19:03,908] {dag.py:2972} INFO - Setting next_dagrun for example_trigger_controller_dag to 2021-01-01T00:00:00+00:00, run_after=2021-01-01T00:00:00+00:00
[2022-11-27 18:19:03,926] {processor.py:161} INFO - Processing /home/airflow/.local/lib/python3.7/site-packages/airflow/example_dags/example_trigger_controller_dag.py took 0.088 seconds
[2022-11-27 18:19:34,514] {processor.py:153} INFO - Started process (PID=6160) to work on /home/airflow/.local/lib/python3.7/site-packages/airflow/example_dags/example_trigger_controller_dag.py
[2022-11-27 18:19:34,515] {processor.py:641} INFO - Processing file /home/airflow/.local/lib/python3.7/site-packages/airflow/example_dags/example_trigger_controller_dag.py for tasks to queue
[2022-11-27 18:19:34,516] {logging_mixin.py:115} INFO - [2022-11-27 18:19:34,515] {dagbag.py:508} INFO - Filling up the DagBag from /home/airflow/.local/lib/python3.7/site-packages/airflow/example_dags/example_trigger_controller_dag.py
[2022-11-27 18:19:34,518] {processor.py:651} INFO - DAG(s) dict_keys(['example_trigger_controller_dag']) retrieved from /home/airflow/.local/lib/python3.7/site-packages/airflow/example_dags/example_trigger_controller_dag.py
[2022-11-27 18:19:34,549] {logging_mixin.py:115} INFO - [2022-11-27 18:19:34,549] {dag.py:2420} INFO - Sync 1 DAGs
[2022-11-27 18:19:34,581] {logging_mixin.py:115} INFO - [2022-11-27 18:19:34,581] {dag.py:2972} INFO - Setting next_dagrun for example_trigger_controller_dag to 2021-01-01T00:00:00+00:00, run_after=2021-01-01T00:00:00+00:00
[2022-11-27 18:19:34,599] {processor.py:161} INFO - Processing /home/airflow/.local/lib/python3.7/site-packages/airflow/example_dags/example_trigger_controller_dag.py took 0.088 seconds
[2022-11-27 18:20:06,059] {processor.py:153} INFO - Started process (PID=6215) to work on /home/airflow/.local/lib/python3.7/site-packages/airflow/example_dags/example_trigger_controller_dag.py
[2022-11-27 18:20:06,060] {processor.py:641} INFO - Processing file /home/airflow/.local/lib/python3.7/site-packages/airflow/example_dags/example_trigger_controller_dag.py for tasks to queue
[2022-11-27 18:20:06,061] {logging_mixin.py:115} INFO - [2022-11-27 18:20:06,060] {dagbag.py:508} INFO - Filling up the DagBag from /home/airflow/.local/lib/python3.7/site-packages/airflow/example_dags/example_trigger_controller_dag.py
[2022-11-27 18:20:06,067] {processor.py:651} INFO - DAG(s) dict_keys(['example_trigger_controller_dag']) retrieved from /home/airflow/.local/lib/python3.7/site-packages/airflow/example_dags/example_trigger_controller_dag.py
[2022-11-27 18:20:06,125] {logging_mixin.py:115} INFO - [2022-11-27 18:20:06,125] {dag.py:2420} INFO - Sync 1 DAGs
[2022-11-27 18:20:06,176] {logging_mixin.py:115} INFO - [2022-11-27 18:20:06,175] {dag.py:2972} INFO - Setting next_dagrun for example_trigger_controller_dag to 2021-01-01T00:00:00+00:00, run_after=2021-01-01T00:00:00+00:00
[2022-11-27 18:20:06,204] {processor.py:161} INFO - Processing /home/airflow/.local/lib/python3.7/site-packages/airflow/example_dags/example_trigger_controller_dag.py took 0.152 seconds
[2022-11-27 18:20:37,444] {processor.py:153} INFO - Started process (PID=6276) to work on /home/airflow/.local/lib/python3.7/site-packages/airflow/example_dags/example_trigger_controller_dag.py
[2022-11-27 18:20:37,446] {processor.py:641} INFO - Processing file /home/airflow/.local/lib/python3.7/site-packages/airflow/example_dags/example_trigger_controller_dag.py for tasks to queue
[2022-11-27 18:20:37,447] {logging_mixin.py:115} INFO - [2022-11-27 18:20:37,447] {dagbag.py:508} INFO - Filling up the DagBag from /home/airflow/.local/lib/python3.7/site-packages/airflow/example_dags/example_trigger_controller_dag.py
[2022-11-27 18:20:37,454] {processor.py:651} INFO - DAG(s) dict_keys(['example_trigger_controller_dag']) retrieved from /home/airflow/.local/lib/python3.7/site-packages/airflow/example_dags/example_trigger_controller_dag.py
[2022-11-27 18:20:37,519] {logging_mixin.py:115} INFO - [2022-11-27 18:20:37,518] {dag.py:2420} INFO - Sync 1 DAGs
[2022-11-27 18:20:37,589] {logging_mixin.py:115} INFO - [2022-11-27 18:20:37,589] {dag.py:2972} INFO - Setting next_dagrun for example_trigger_controller_dag to 2021-01-01T00:00:00+00:00, run_after=2021-01-01T00:00:00+00:00
[2022-11-27 18:20:37,624] {processor.py:161} INFO - Processing /home/airflow/.local/lib/python3.7/site-packages/airflow/example_dags/example_trigger_controller_dag.py took 0.186 seconds
[2022-11-27 18:21:08,114] {processor.py:153} INFO - Started process (PID=6330) to work on /home/airflow/.local/lib/python3.7/site-packages/airflow/example_dags/example_trigger_controller_dag.py
[2022-11-27 18:21:08,115] {processor.py:641} INFO - Processing file /home/airflow/.local/lib/python3.7/site-packages/airflow/example_dags/example_trigger_controller_dag.py for tasks to queue
[2022-11-27 18:21:08,116] {logging_mixin.py:115} INFO - [2022-11-27 18:21:08,116] {dagbag.py:508} INFO - Filling up the DagBag from /home/airflow/.local/lib/python3.7/site-packages/airflow/example_dags/example_trigger_controller_dag.py
[2022-11-27 18:21:08,122] {processor.py:651} INFO - DAG(s) dict_keys(['example_trigger_controller_dag']) retrieved from /home/airflow/.local/lib/python3.7/site-packages/airflow/example_dags/example_trigger_controller_dag.py
[2022-11-27 18:21:08,176] {logging_mixin.py:115} INFO - [2022-11-27 18:21:08,176] {dag.py:2420} INFO - Sync 1 DAGs
[2022-11-27 18:21:08,226] {logging_mixin.py:115} INFO - [2022-11-27 18:21:08,226] {dag.py:2972} INFO - Setting next_dagrun for example_trigger_controller_dag to 2021-01-01T00:00:00+00:00, run_after=2021-01-01T00:00:00+00:00
[2022-11-27 18:21:08,255] {processor.py:161} INFO - Processing /home/airflow/.local/lib/python3.7/site-packages/airflow/example_dags/example_trigger_controller_dag.py took 0.148 seconds
[2022-11-27 18:21:38,477] {processor.py:153} INFO - Started process (PID=6385) to work on /home/airflow/.local/lib/python3.7/site-packages/airflow/example_dags/example_trigger_controller_dag.py
[2022-11-27 18:21:38,479] {processor.py:641} INFO - Processing file /home/airflow/.local/lib/python3.7/site-packages/airflow/example_dags/example_trigger_controller_dag.py for tasks to queue
[2022-11-27 18:21:38,481] {logging_mixin.py:115} INFO - [2022-11-27 18:21:38,481] {dagbag.py:508} INFO - Filling up the DagBag from /home/airflow/.local/lib/python3.7/site-packages/airflow/example_dags/example_trigger_controller_dag.py
[2022-11-27 18:21:38,486] {processor.py:651} INFO - DAG(s) dict_keys(['example_trigger_controller_dag']) retrieved from /home/airflow/.local/lib/python3.7/site-packages/airflow/example_dags/example_trigger_controller_dag.py
[2022-11-27 18:21:38,539] {logging_mixin.py:115} INFO - [2022-11-27 18:21:38,539] {dag.py:2420} INFO - Sync 1 DAGs
[2022-11-27 18:21:38,586] {logging_mixin.py:115} INFO - [2022-11-27 18:21:38,586] {dag.py:2972} INFO - Setting next_dagrun for example_trigger_controller_dag to 2021-01-01T00:00:00+00:00, run_after=2021-01-01T00:00:00+00:00
[2022-11-27 18:21:38,613] {processor.py:161} INFO - Processing /home/airflow/.local/lib/python3.7/site-packages/airflow/example_dags/example_trigger_controller_dag.py took 0.141 seconds
[2022-11-27 18:22:09,044] {processor.py:153} INFO - Started process (PID=6439) to work on /home/airflow/.local/lib/python3.7/site-packages/airflow/example_dags/example_trigger_controller_dag.py
[2022-11-27 18:22:09,045] {processor.py:641} INFO - Processing file /home/airflow/.local/lib/python3.7/site-packages/airflow/example_dags/example_trigger_controller_dag.py for tasks to queue
[2022-11-27 18:22:09,048] {logging_mixin.py:115} INFO - [2022-11-27 18:22:09,048] {dagbag.py:508} INFO - Filling up the DagBag from /home/airflow/.local/lib/python3.7/site-packages/airflow/example_dags/example_trigger_controller_dag.py
[2022-11-27 18:22:09,055] {processor.py:651} INFO - DAG(s) dict_keys(['example_trigger_controller_dag']) retrieved from /home/airflow/.local/lib/python3.7/site-packages/airflow/example_dags/example_trigger_controller_dag.py
[2022-11-27 18:22:09,104] {logging_mixin.py:115} INFO - [2022-11-27 18:22:09,104] {dag.py:2420} INFO - Sync 1 DAGs
[2022-11-27 18:22:09,160] {logging_mixin.py:115} INFO - [2022-11-27 18:22:09,160] {dag.py:2972} INFO - Setting next_dagrun for example_trigger_controller_dag to 2021-01-01T00:00:00+00:00, run_after=2021-01-01T00:00:00+00:00
[2022-11-27 18:22:09,192] {processor.py:161} INFO - Processing /home/airflow/.local/lib/python3.7/site-packages/airflow/example_dags/example_trigger_controller_dag.py took 0.154 seconds
[2022-11-27 18:22:39,963] {processor.py:153} INFO - Started process (PID=6503) to work on /home/airflow/.local/lib/python3.7/site-packages/airflow/example_dags/example_trigger_controller_dag.py
[2022-11-27 18:22:39,964] {processor.py:641} INFO - Processing file /home/airflow/.local/lib/python3.7/site-packages/airflow/example_dags/example_trigger_controller_dag.py for tasks to queue
[2022-11-27 18:22:39,966] {logging_mixin.py:115} INFO - [2022-11-27 18:22:39,965] {dagbag.py:508} INFO - Filling up the DagBag from /home/airflow/.local/lib/python3.7/site-packages/airflow/example_dags/example_trigger_controller_dag.py
[2022-11-27 18:22:39,971] {processor.py:651} INFO - DAG(s) dict_keys(['example_trigger_controller_dag']) retrieved from /home/airflow/.local/lib/python3.7/site-packages/airflow/example_dags/example_trigger_controller_dag.py
[2022-11-27 18:22:40,025] {logging_mixin.py:115} INFO - [2022-11-27 18:22:40,025] {dag.py:2420} INFO - Sync 1 DAGs
[2022-11-27 18:22:40,073] {logging_mixin.py:115} INFO - [2022-11-27 18:22:40,073] {dag.py:2972} INFO - Setting next_dagrun for example_trigger_controller_dag to 2021-01-01T00:00:00+00:00, run_after=2021-01-01T00:00:00+00:00
[2022-11-27 18:22:40,101] {processor.py:161} INFO - Processing /home/airflow/.local/lib/python3.7/site-packages/airflow/example_dags/example_trigger_controller_dag.py took 0.143 seconds
[2022-11-27 18:23:10,832] {processor.py:153} INFO - Started process (PID=6557) to work on /home/airflow/.local/lib/python3.7/site-packages/airflow/example_dags/example_trigger_controller_dag.py
[2022-11-27 18:23:10,833] {processor.py:641} INFO - Processing file /home/airflow/.local/lib/python3.7/site-packages/airflow/example_dags/example_trigger_controller_dag.py for tasks to queue
[2022-11-27 18:23:10,834] {logging_mixin.py:115} INFO - [2022-11-27 18:23:10,834] {dagbag.py:508} INFO - Filling up the DagBag from /home/airflow/.local/lib/python3.7/site-packages/airflow/example_dags/example_trigger_controller_dag.py
[2022-11-27 18:23:10,840] {processor.py:651} INFO - DAG(s) dict_keys(['example_trigger_controller_dag']) retrieved from /home/airflow/.local/lib/python3.7/site-packages/airflow/example_dags/example_trigger_controller_dag.py
[2022-11-27 18:23:10,902] {logging_mixin.py:115} INFO - [2022-11-27 18:23:10,902] {dag.py:2420} INFO - Sync 1 DAGs
[2022-11-27 18:23:10,954] {logging_mixin.py:115} INFO - [2022-11-27 18:23:10,954] {dag.py:2972} INFO - Setting next_dagrun for example_trigger_controller_dag to 2021-01-01T00:00:00+00:00, run_after=2021-01-01T00:00:00+00:00
[2022-11-27 18:23:10,988] {processor.py:161} INFO - Processing /home/airflow/.local/lib/python3.7/site-packages/airflow/example_dags/example_trigger_controller_dag.py took 0.162 seconds
[2022-11-27 18:23:41,919] {processor.py:153} INFO - Started process (PID=6611) to work on /home/airflow/.local/lib/python3.7/site-packages/airflow/example_dags/example_trigger_controller_dag.py
[2022-11-27 18:23:41,920] {processor.py:641} INFO - Processing file /home/airflow/.local/lib/python3.7/site-packages/airflow/example_dags/example_trigger_controller_dag.py for tasks to queue
[2022-11-27 18:23:41,921] {logging_mixin.py:115} INFO - [2022-11-27 18:23:41,921] {dagbag.py:508} INFO - Filling up the DagBag from /home/airflow/.local/lib/python3.7/site-packages/airflow/example_dags/example_trigger_controller_dag.py
[2022-11-27 18:23:41,926] {processor.py:651} INFO - DAG(s) dict_keys(['example_trigger_controller_dag']) retrieved from /home/airflow/.local/lib/python3.7/site-packages/airflow/example_dags/example_trigger_controller_dag.py
[2022-11-27 18:23:41,978] {logging_mixin.py:115} INFO - [2022-11-27 18:23:41,978] {dag.py:2420} INFO - Sync 1 DAGs
[2022-11-27 18:23:42,026] {logging_mixin.py:115} INFO - [2022-11-27 18:23:42,026] {dag.py:2972} INFO - Setting next_dagrun for example_trigger_controller_dag to 2021-01-01T00:00:00+00:00, run_after=2021-01-01T00:00:00+00:00
[2022-11-27 18:23:42,055] {processor.py:161} INFO - Processing /home/airflow/.local/lib/python3.7/site-packages/airflow/example_dags/example_trigger_controller_dag.py took 0.144 seconds
[2022-11-27 18:24:12,862] {processor.py:153} INFO - Started process (PID=6671) to work on /home/airflow/.local/lib/python3.7/site-packages/airflow/example_dags/example_trigger_controller_dag.py
[2022-11-27 18:24:12,863] {processor.py:641} INFO - Processing file /home/airflow/.local/lib/python3.7/site-packages/airflow/example_dags/example_trigger_controller_dag.py for tasks to queue
[2022-11-27 18:24:12,864] {logging_mixin.py:115} INFO - [2022-11-27 18:24:12,864] {dagbag.py:508} INFO - Filling up the DagBag from /home/airflow/.local/lib/python3.7/site-packages/airflow/example_dags/example_trigger_controller_dag.py
[2022-11-27 18:24:12,873] {processor.py:651} INFO - DAG(s) dict_keys(['example_trigger_controller_dag']) retrieved from /home/airflow/.local/lib/python3.7/site-packages/airflow/example_dags/example_trigger_controller_dag.py
[2022-11-27 18:24:12,940] {logging_mixin.py:115} INFO - [2022-11-27 18:24:12,939] {dag.py:2420} INFO - Sync 1 DAGs
[2022-11-27 18:24:13,024] {logging_mixin.py:115} INFO - [2022-11-27 18:24:13,023] {dag.py:2972} INFO - Setting next_dagrun for example_trigger_controller_dag to 2021-01-01T00:00:00+00:00, run_after=2021-01-01T00:00:00+00:00
[2022-11-27 18:24:13,054] {processor.py:161} INFO - Processing /home/airflow/.local/lib/python3.7/site-packages/airflow/example_dags/example_trigger_controller_dag.py took 0.198 seconds
[2022-11-27 18:24:43,528] {processor.py:153} INFO - Started process (PID=6726) to work on /home/airflow/.local/lib/python3.7/site-packages/airflow/example_dags/example_trigger_controller_dag.py
[2022-11-27 18:24:43,529] {processor.py:641} INFO - Processing file /home/airflow/.local/lib/python3.7/site-packages/airflow/example_dags/example_trigger_controller_dag.py for tasks to queue
[2022-11-27 18:24:43,530] {logging_mixin.py:115} INFO - [2022-11-27 18:24:43,530] {dagbag.py:508} INFO - Filling up the DagBag from /home/airflow/.local/lib/python3.7/site-packages/airflow/example_dags/example_trigger_controller_dag.py
[2022-11-27 18:24:43,539] {processor.py:651} INFO - DAG(s) dict_keys(['example_trigger_controller_dag']) retrieved from /home/airflow/.local/lib/python3.7/site-packages/airflow/example_dags/example_trigger_controller_dag.py
[2022-11-27 18:24:43,608] {logging_mixin.py:115} INFO - [2022-11-27 18:24:43,608] {dag.py:2420} INFO - Sync 1 DAGs
[2022-11-27 18:24:43,685] {logging_mixin.py:115} INFO - [2022-11-27 18:24:43,685] {dag.py:2972} INFO - Setting next_dagrun for example_trigger_controller_dag to 2021-01-01T00:00:00+00:00, run_after=2021-01-01T00:00:00+00:00
[2022-11-27 18:24:43,724] {processor.py:161} INFO - Processing /home/airflow/.local/lib/python3.7/site-packages/airflow/example_dags/example_trigger_controller_dag.py took 0.201 seconds
[2022-11-27 18:25:14,658] {processor.py:153} INFO - Started process (PID=6780) to work on /home/airflow/.local/lib/python3.7/site-packages/airflow/example_dags/example_trigger_controller_dag.py
[2022-11-27 18:25:14,660] {processor.py:641} INFO - Processing file /home/airflow/.local/lib/python3.7/site-packages/airflow/example_dags/example_trigger_controller_dag.py for tasks to queue
[2022-11-27 18:25:14,661] {logging_mixin.py:115} INFO - [2022-11-27 18:25:14,661] {dagbag.py:508} INFO - Filling up the DagBag from /home/airflow/.local/lib/python3.7/site-packages/airflow/example_dags/example_trigger_controller_dag.py
[2022-11-27 18:25:14,668] {processor.py:651} INFO - DAG(s) dict_keys(['example_trigger_controller_dag']) retrieved from /home/airflow/.local/lib/python3.7/site-packages/airflow/example_dags/example_trigger_controller_dag.py
[2022-11-27 18:25:14,738] {logging_mixin.py:115} INFO - [2022-11-27 18:25:14,738] {dag.py:2420} INFO - Sync 1 DAGs
[2022-11-27 18:25:14,799] {logging_mixin.py:115} INFO - [2022-11-27 18:25:14,798] {dag.py:2972} INFO - Setting next_dagrun for example_trigger_controller_dag to 2021-01-01T00:00:00+00:00, run_after=2021-01-01T00:00:00+00:00
[2022-11-27 18:25:14,837] {processor.py:161} INFO - Processing /home/airflow/.local/lib/python3.7/site-packages/airflow/example_dags/example_trigger_controller_dag.py took 0.184 seconds
[2022-11-27 18:25:45,435] {processor.py:153} INFO - Started process (PID=6845) to work on /home/airflow/.local/lib/python3.7/site-packages/airflow/example_dags/example_trigger_controller_dag.py
[2022-11-27 18:25:45,437] {processor.py:641} INFO - Processing file /home/airflow/.local/lib/python3.7/site-packages/airflow/example_dags/example_trigger_controller_dag.py for tasks to queue
[2022-11-27 18:25:45,438] {logging_mixin.py:115} INFO - [2022-11-27 18:25:45,438] {dagbag.py:508} INFO - Filling up the DagBag from /home/airflow/.local/lib/python3.7/site-packages/airflow/example_dags/example_trigger_controller_dag.py
[2022-11-27 18:25:45,443] {processor.py:651} INFO - DAG(s) dict_keys(['example_trigger_controller_dag']) retrieved from /home/airflow/.local/lib/python3.7/site-packages/airflow/example_dags/example_trigger_controller_dag.py
[2022-11-27 18:25:45,496] {logging_mixin.py:115} INFO - [2022-11-27 18:25:45,495] {dag.py:2420} INFO - Sync 1 DAGs
[2022-11-27 18:25:45,555] {logging_mixin.py:115} INFO - [2022-11-27 18:25:45,555] {dag.py:2972} INFO - Setting next_dagrun for example_trigger_controller_dag to 2021-01-01T00:00:00+00:00, run_after=2021-01-01T00:00:00+00:00
[2022-11-27 18:25:45,581] {processor.py:161} INFO - Processing /home/airflow/.local/lib/python3.7/site-packages/airflow/example_dags/example_trigger_controller_dag.py took 0.152 seconds
[2022-11-27 18:26:16,092] {processor.py:153} INFO - Started process (PID=6899) to work on /home/airflow/.local/lib/python3.7/site-packages/airflow/example_dags/example_trigger_controller_dag.py
[2022-11-27 18:26:16,094] {processor.py:641} INFO - Processing file /home/airflow/.local/lib/python3.7/site-packages/airflow/example_dags/example_trigger_controller_dag.py for tasks to queue
[2022-11-27 18:26:16,095] {logging_mixin.py:115} INFO - [2022-11-27 18:26:16,094] {dagbag.py:508} INFO - Filling up the DagBag from /home/airflow/.local/lib/python3.7/site-packages/airflow/example_dags/example_trigger_controller_dag.py
[2022-11-27 18:26:16,100] {processor.py:651} INFO - DAG(s) dict_keys(['example_trigger_controller_dag']) retrieved from /home/airflow/.local/lib/python3.7/site-packages/airflow/example_dags/example_trigger_controller_dag.py
[2022-11-27 18:26:16,151] {logging_mixin.py:115} INFO - [2022-11-27 18:26:16,151] {dag.py:2420} INFO - Sync 1 DAGs
[2022-11-27 18:26:16,199] {logging_mixin.py:115} INFO - [2022-11-27 18:26:16,199] {dag.py:2972} INFO - Setting next_dagrun for example_trigger_controller_dag to 2021-01-01T00:00:00+00:00, run_after=2021-01-01T00:00:00+00:00
[2022-11-27 18:26:16,226] {processor.py:161} INFO - Processing /home/airflow/.local/lib/python3.7/site-packages/airflow/example_dags/example_trigger_controller_dag.py took 0.139 seconds
[2022-11-27 18:26:46,681] {processor.py:153} INFO - Started process (PID=6953) to work on /home/airflow/.local/lib/python3.7/site-packages/airflow/example_dags/example_trigger_controller_dag.py
[2022-11-27 18:26:46,682] {processor.py:641} INFO - Processing file /home/airflow/.local/lib/python3.7/site-packages/airflow/example_dags/example_trigger_controller_dag.py for tasks to queue
[2022-11-27 18:26:46,682] {logging_mixin.py:115} INFO - [2022-11-27 18:26:46,682] {dagbag.py:508} INFO - Filling up the DagBag from /home/airflow/.local/lib/python3.7/site-packages/airflow/example_dags/example_trigger_controller_dag.py
[2022-11-27 18:26:46,687] {processor.py:651} INFO - DAG(s) dict_keys(['example_trigger_controller_dag']) retrieved from /home/airflow/.local/lib/python3.7/site-packages/airflow/example_dags/example_trigger_controller_dag.py
[2022-11-27 18:26:46,717] {logging_mixin.py:115} INFO - [2022-11-27 18:26:46,717] {dag.py:2420} INFO - Sync 1 DAGs
[2022-11-27 18:26:46,748] {logging_mixin.py:115} INFO - [2022-11-27 18:26:46,748] {dag.py:2972} INFO - Setting next_dagrun for example_trigger_controller_dag to 2021-01-01T00:00:00+00:00, run_after=2021-01-01T00:00:00+00:00
[2022-11-27 18:26:46,765] {processor.py:161} INFO - Processing /home/airflow/.local/lib/python3.7/site-packages/airflow/example_dags/example_trigger_controller_dag.py took 0.087 seconds
[2022-11-27 18:27:17,319] {processor.py:153} INFO - Started process (PID=7017) to work on /home/airflow/.local/lib/python3.7/site-packages/airflow/example_dags/example_trigger_controller_dag.py
[2022-11-27 18:27:17,320] {processor.py:641} INFO - Processing file /home/airflow/.local/lib/python3.7/site-packages/airflow/example_dags/example_trigger_controller_dag.py for tasks to queue
[2022-11-27 18:27:17,321] {logging_mixin.py:115} INFO - [2022-11-27 18:27:17,321] {dagbag.py:508} INFO - Filling up the DagBag from /home/airflow/.local/lib/python3.7/site-packages/airflow/example_dags/example_trigger_controller_dag.py
[2022-11-27 18:27:17,324] {processor.py:651} INFO - DAG(s) dict_keys(['example_trigger_controller_dag']) retrieved from /home/airflow/.local/lib/python3.7/site-packages/airflow/example_dags/example_trigger_controller_dag.py
[2022-11-27 18:27:17,355] {logging_mixin.py:115} INFO - [2022-11-27 18:27:17,355] {dag.py:2420} INFO - Sync 1 DAGs
[2022-11-27 18:27:17,381] {logging_mixin.py:115} INFO - [2022-11-27 18:27:17,381] {dag.py:2972} INFO - Setting next_dagrun for example_trigger_controller_dag to 2021-01-01T00:00:00+00:00, run_after=2021-01-01T00:00:00+00:00
[2022-11-27 18:27:17,400] {processor.py:161} INFO - Processing /home/airflow/.local/lib/python3.7/site-packages/airflow/example_dags/example_trigger_controller_dag.py took 0.085 seconds
[2022-11-27 18:27:47,791] {processor.py:153} INFO - Started process (PID=7071) to work on /home/airflow/.local/lib/python3.7/site-packages/airflow/example_dags/example_trigger_controller_dag.py
[2022-11-27 18:27:47,792] {processor.py:641} INFO - Processing file /home/airflow/.local/lib/python3.7/site-packages/airflow/example_dags/example_trigger_controller_dag.py for tasks to queue
[2022-11-27 18:27:47,792] {logging_mixin.py:115} INFO - [2022-11-27 18:27:47,792] {dagbag.py:508} INFO - Filling up the DagBag from /home/airflow/.local/lib/python3.7/site-packages/airflow/example_dags/example_trigger_controller_dag.py
[2022-11-27 18:27:47,795] {processor.py:651} INFO - DAG(s) dict_keys(['example_trigger_controller_dag']) retrieved from /home/airflow/.local/lib/python3.7/site-packages/airflow/example_dags/example_trigger_controller_dag.py
[2022-11-27 18:27:47,828] {logging_mixin.py:115} INFO - [2022-11-27 18:27:47,828] {dag.py:2420} INFO - Sync 1 DAGs
[2022-11-27 18:27:47,856] {logging_mixin.py:115} INFO - [2022-11-27 18:27:47,856] {dag.py:2972} INFO - Setting next_dagrun for example_trigger_controller_dag to 2021-01-01T00:00:00+00:00, run_after=2021-01-01T00:00:00+00:00
[2022-11-27 18:27:47,872] {processor.py:161} INFO - Processing /home/airflow/.local/lib/python3.7/site-packages/airflow/example_dags/example_trigger_controller_dag.py took 0.083 seconds
[2022-11-27 18:28:18,639] {processor.py:153} INFO - Started process (PID=7134) to work on /home/airflow/.local/lib/python3.7/site-packages/airflow/example_dags/example_trigger_controller_dag.py
[2022-11-27 18:28:18,639] {processor.py:641} INFO - Processing file /home/airflow/.local/lib/python3.7/site-packages/airflow/example_dags/example_trigger_controller_dag.py for tasks to queue
[2022-11-27 18:28:18,640] {logging_mixin.py:115} INFO - [2022-11-27 18:28:18,640] {dagbag.py:508} INFO - Filling up the DagBag from /home/airflow/.local/lib/python3.7/site-packages/airflow/example_dags/example_trigger_controller_dag.py
[2022-11-27 18:28:18,642] {processor.py:651} INFO - DAG(s) dict_keys(['example_trigger_controller_dag']) retrieved from /home/airflow/.local/lib/python3.7/site-packages/airflow/example_dags/example_trigger_controller_dag.py
[2022-11-27 18:28:18,675] {logging_mixin.py:115} INFO - [2022-11-27 18:28:18,675] {dag.py:2420} INFO - Sync 1 DAGs
[2022-11-27 18:28:18,706] {logging_mixin.py:115} INFO - [2022-11-27 18:28:18,706] {dag.py:2972} INFO - Setting next_dagrun for example_trigger_controller_dag to 2021-01-01T00:00:00+00:00, run_after=2021-01-01T00:00:00+00:00
[2022-11-27 18:28:18,720] {processor.py:161} INFO - Processing /home/airflow/.local/lib/python3.7/site-packages/airflow/example_dags/example_trigger_controller_dag.py took 0.086 seconds
[2022-11-27 18:28:49,317] {processor.py:153} INFO - Started process (PID=7197) to work on /home/airflow/.local/lib/python3.7/site-packages/airflow/example_dags/example_trigger_controller_dag.py
[2022-11-27 18:28:49,318] {processor.py:641} INFO - Processing file /home/airflow/.local/lib/python3.7/site-packages/airflow/example_dags/example_trigger_controller_dag.py for tasks to queue
[2022-11-27 18:28:49,319] {logging_mixin.py:115} INFO - [2022-11-27 18:28:49,319] {dagbag.py:508} INFO - Filling up the DagBag from /home/airflow/.local/lib/python3.7/site-packages/airflow/example_dags/example_trigger_controller_dag.py
[2022-11-27 18:28:49,322] {processor.py:651} INFO - DAG(s) dict_keys(['example_trigger_controller_dag']) retrieved from /home/airflow/.local/lib/python3.7/site-packages/airflow/example_dags/example_trigger_controller_dag.py
[2022-11-27 18:28:49,352] {logging_mixin.py:115} INFO - [2022-11-27 18:28:49,352] {dag.py:2420} INFO - Sync 1 DAGs
[2022-11-27 18:28:49,378] {logging_mixin.py:115} INFO - [2022-11-27 18:28:49,378] {dag.py:2972} INFO - Setting next_dagrun for example_trigger_controller_dag to 2021-01-01T00:00:00+00:00, run_after=2021-01-01T00:00:00+00:00
[2022-11-27 18:28:49,391] {processor.py:161} INFO - Processing /home/airflow/.local/lib/python3.7/site-packages/airflow/example_dags/example_trigger_controller_dag.py took 0.077 seconds
[2022-11-27 18:29:19,649] {processor.py:153} INFO - Started process (PID=7251) to work on /home/airflow/.local/lib/python3.7/site-packages/airflow/example_dags/example_trigger_controller_dag.py
[2022-11-27 18:29:19,649] {processor.py:641} INFO - Processing file /home/airflow/.local/lib/python3.7/site-packages/airflow/example_dags/example_trigger_controller_dag.py for tasks to queue
[2022-11-27 18:29:19,650] {logging_mixin.py:115} INFO - [2022-11-27 18:29:19,650] {dagbag.py:508} INFO - Filling up the DagBag from /home/airflow/.local/lib/python3.7/site-packages/airflow/example_dags/example_trigger_controller_dag.py
[2022-11-27 18:29:19,653] {processor.py:651} INFO - DAG(s) dict_keys(['example_trigger_controller_dag']) retrieved from /home/airflow/.local/lib/python3.7/site-packages/airflow/example_dags/example_trigger_controller_dag.py
[2022-11-27 18:29:19,685] {logging_mixin.py:115} INFO - [2022-11-27 18:29:19,685] {dag.py:2420} INFO - Sync 1 DAGs
[2022-11-27 18:29:19,715] {logging_mixin.py:115} INFO - [2022-11-27 18:29:19,715] {dag.py:2972} INFO - Setting next_dagrun for example_trigger_controller_dag to 2021-01-01T00:00:00+00:00, run_after=2021-01-01T00:00:00+00:00
[2022-11-27 18:29:19,731] {processor.py:161} INFO - Processing /home/airflow/.local/lib/python3.7/site-packages/airflow/example_dags/example_trigger_controller_dag.py took 0.086 seconds
[2022-11-27 18:29:50,295] {processor.py:153} INFO - Started process (PID=7313) to work on /home/airflow/.local/lib/python3.7/site-packages/airflow/example_dags/example_trigger_controller_dag.py
[2022-11-27 18:29:50,296] {processor.py:641} INFO - Processing file /home/airflow/.local/lib/python3.7/site-packages/airflow/example_dags/example_trigger_controller_dag.py for tasks to queue
[2022-11-27 18:29:50,297] {logging_mixin.py:115} INFO - [2022-11-27 18:29:50,297] {dagbag.py:508} INFO - Filling up the DagBag from /home/airflow/.local/lib/python3.7/site-packages/airflow/example_dags/example_trigger_controller_dag.py
[2022-11-27 18:29:50,300] {processor.py:651} INFO - DAG(s) dict_keys(['example_trigger_controller_dag']) retrieved from /home/airflow/.local/lib/python3.7/site-packages/airflow/example_dags/example_trigger_controller_dag.py
[2022-11-27 18:29:50,331] {logging_mixin.py:115} INFO - [2022-11-27 18:29:50,330] {dag.py:2420} INFO - Sync 1 DAGs
[2022-11-27 18:29:50,362] {logging_mixin.py:115} INFO - [2022-11-27 18:29:50,361] {dag.py:2972} INFO - Setting next_dagrun for example_trigger_controller_dag to 2021-01-01T00:00:00+00:00, run_after=2021-01-01T00:00:00+00:00
[2022-11-27 18:29:50,379] {processor.py:161} INFO - Processing /home/airflow/.local/lib/python3.7/site-packages/airflow/example_dags/example_trigger_controller_dag.py took 0.088 seconds
[2022-11-27 18:30:21,022] {processor.py:153} INFO - Started process (PID=7376) to work on /home/airflow/.local/lib/python3.7/site-packages/airflow/example_dags/example_trigger_controller_dag.py
[2022-11-27 18:30:21,023] {processor.py:641} INFO - Processing file /home/airflow/.local/lib/python3.7/site-packages/airflow/example_dags/example_trigger_controller_dag.py for tasks to queue
[2022-11-27 18:30:21,023] {logging_mixin.py:115} INFO - [2022-11-27 18:30:21,023] {dagbag.py:508} INFO - Filling up the DagBag from /home/airflow/.local/lib/python3.7/site-packages/airflow/example_dags/example_trigger_controller_dag.py
[2022-11-27 18:30:21,026] {processor.py:651} INFO - DAG(s) dict_keys(['example_trigger_controller_dag']) retrieved from /home/airflow/.local/lib/python3.7/site-packages/airflow/example_dags/example_trigger_controller_dag.py
[2022-11-27 18:30:21,057] {logging_mixin.py:115} INFO - [2022-11-27 18:30:21,057] {dag.py:2420} INFO - Sync 1 DAGs
[2022-11-27 18:30:21,087] {logging_mixin.py:115} INFO - [2022-11-27 18:30:21,087] {dag.py:2972} INFO - Setting next_dagrun for example_trigger_controller_dag to 2021-01-01T00:00:00+00:00, run_after=2021-01-01T00:00:00+00:00
[2022-11-27 18:30:21,104] {processor.py:161} INFO - Processing /home/airflow/.local/lib/python3.7/site-packages/airflow/example_dags/example_trigger_controller_dag.py took 0.086 seconds
[2022-11-27 18:30:51,584] {processor.py:153} INFO - Started process (PID=7430) to work on /home/airflow/.local/lib/python3.7/site-packages/airflow/example_dags/example_trigger_controller_dag.py
[2022-11-27 18:30:51,585] {processor.py:641} INFO - Processing file /home/airflow/.local/lib/python3.7/site-packages/airflow/example_dags/example_trigger_controller_dag.py for tasks to queue
[2022-11-27 18:30:51,585] {logging_mixin.py:115} INFO - [2022-11-27 18:30:51,585] {dagbag.py:508} INFO - Filling up the DagBag from /home/airflow/.local/lib/python3.7/site-packages/airflow/example_dags/example_trigger_controller_dag.py
[2022-11-27 18:30:51,588] {processor.py:651} INFO - DAG(s) dict_keys(['example_trigger_controller_dag']) retrieved from /home/airflow/.local/lib/python3.7/site-packages/airflow/example_dags/example_trigger_controller_dag.py
[2022-11-27 18:30:51,614] {logging_mixin.py:115} INFO - [2022-11-27 18:30:51,614] {dag.py:2420} INFO - Sync 1 DAGs
[2022-11-27 18:30:51,641] {logging_mixin.py:115} INFO - [2022-11-27 18:30:51,640] {dag.py:2972} INFO - Setting next_dagrun for example_trigger_controller_dag to 2021-01-01T00:00:00+00:00, run_after=2021-01-01T00:00:00+00:00
[2022-11-27 18:30:51,654] {processor.py:161} INFO - Processing /home/airflow/.local/lib/python3.7/site-packages/airflow/example_dags/example_trigger_controller_dag.py took 0.073 seconds
[2022-11-27 18:31:21,963] {processor.py:153} INFO - Started process (PID=7493) to work on /home/airflow/.local/lib/python3.7/site-packages/airflow/example_dags/example_trigger_controller_dag.py
[2022-11-27 18:31:21,963] {processor.py:641} INFO - Processing file /home/airflow/.local/lib/python3.7/site-packages/airflow/example_dags/example_trigger_controller_dag.py for tasks to queue
[2022-11-27 18:31:21,964] {logging_mixin.py:115} INFO - [2022-11-27 18:31:21,964] {dagbag.py:508} INFO - Filling up the DagBag from /home/airflow/.local/lib/python3.7/site-packages/airflow/example_dags/example_trigger_controller_dag.py
[2022-11-27 18:31:21,967] {processor.py:651} INFO - DAG(s) dict_keys(['example_trigger_controller_dag']) retrieved from /home/airflow/.local/lib/python3.7/site-packages/airflow/example_dags/example_trigger_controller_dag.py
[2022-11-27 18:31:21,990] {logging_mixin.py:115} INFO - [2022-11-27 18:31:21,990] {dag.py:2420} INFO - Sync 1 DAGs
[2022-11-27 18:31:22,015] {logging_mixin.py:115} INFO - [2022-11-27 18:31:22,015] {dag.py:2972} INFO - Setting next_dagrun for example_trigger_controller_dag to 2021-01-01T00:00:00+00:00, run_after=2021-01-01T00:00:00+00:00
[2022-11-27 18:31:22,028] {processor.py:161} INFO - Processing /home/airflow/.local/lib/python3.7/site-packages/airflow/example_dags/example_trigger_controller_dag.py took 0.068 seconds
[2022-11-27 18:31:52,280] {processor.py:153} INFO - Started process (PID=7547) to work on /home/airflow/.local/lib/python3.7/site-packages/airflow/example_dags/example_trigger_controller_dag.py
[2022-11-27 18:31:52,281] {processor.py:641} INFO - Processing file /home/airflow/.local/lib/python3.7/site-packages/airflow/example_dags/example_trigger_controller_dag.py for tasks to queue
[2022-11-27 18:31:52,281] {logging_mixin.py:115} INFO - [2022-11-27 18:31:52,281] {dagbag.py:508} INFO - Filling up the DagBag from /home/airflow/.local/lib/python3.7/site-packages/airflow/example_dags/example_trigger_controller_dag.py
[2022-11-27 18:31:52,284] {processor.py:651} INFO - DAG(s) dict_keys(['example_trigger_controller_dag']) retrieved from /home/airflow/.local/lib/python3.7/site-packages/airflow/example_dags/example_trigger_controller_dag.py
[2022-11-27 18:31:52,311] {logging_mixin.py:115} INFO - [2022-11-27 18:31:52,311] {dag.py:2420} INFO - Sync 1 DAGs
[2022-11-27 18:31:52,338] {logging_mixin.py:115} INFO - [2022-11-27 18:31:52,338] {dag.py:2972} INFO - Setting next_dagrun for example_trigger_controller_dag to 2021-01-01T00:00:00+00:00, run_after=2021-01-01T00:00:00+00:00
[2022-11-27 18:31:52,351] {processor.py:161} INFO - Processing /home/airflow/.local/lib/python3.7/site-packages/airflow/example_dags/example_trigger_controller_dag.py took 0.074 seconds
[2022-11-27 18:32:22,572] {processor.py:153} INFO - Started process (PID=7610) to work on /home/airflow/.local/lib/python3.7/site-packages/airflow/example_dags/example_trigger_controller_dag.py
[2022-11-27 18:32:22,574] {processor.py:641} INFO - Processing file /home/airflow/.local/lib/python3.7/site-packages/airflow/example_dags/example_trigger_controller_dag.py for tasks to queue
[2022-11-27 18:32:22,575] {logging_mixin.py:115} INFO - [2022-11-27 18:32:22,575] {dagbag.py:508} INFO - Filling up the DagBag from /home/airflow/.local/lib/python3.7/site-packages/airflow/example_dags/example_trigger_controller_dag.py
[2022-11-27 18:32:22,580] {processor.py:651} INFO - DAG(s) dict_keys(['example_trigger_controller_dag']) retrieved from /home/airflow/.local/lib/python3.7/site-packages/airflow/example_dags/example_trigger_controller_dag.py
[2022-11-27 18:32:22,613] {logging_mixin.py:115} INFO - [2022-11-27 18:32:22,613] {dag.py:2420} INFO - Sync 1 DAGs
[2022-11-27 18:32:22,643] {logging_mixin.py:115} INFO - [2022-11-27 18:32:22,642] {dag.py:2972} INFO - Setting next_dagrun for example_trigger_controller_dag to 2021-01-01T00:00:00+00:00, run_after=2021-01-01T00:00:00+00:00
[2022-11-27 18:32:22,659] {processor.py:161} INFO - Processing /home/airflow/.local/lib/python3.7/site-packages/airflow/example_dags/example_trigger_controller_dag.py took 0.094 seconds
[2022-11-27 18:32:52,889] {processor.py:153} INFO - Started process (PID=7673) to work on /home/airflow/.local/lib/python3.7/site-packages/airflow/example_dags/example_trigger_controller_dag.py
[2022-11-27 18:32:52,890] {processor.py:641} INFO - Processing file /home/airflow/.local/lib/python3.7/site-packages/airflow/example_dags/example_trigger_controller_dag.py for tasks to queue
[2022-11-27 18:32:52,891] {logging_mixin.py:115} INFO - [2022-11-27 18:32:52,890] {dagbag.py:508} INFO - Filling up the DagBag from /home/airflow/.local/lib/python3.7/site-packages/airflow/example_dags/example_trigger_controller_dag.py
[2022-11-27 18:32:52,895] {processor.py:651} INFO - DAG(s) dict_keys(['example_trigger_controller_dag']) retrieved from /home/airflow/.local/lib/python3.7/site-packages/airflow/example_dags/example_trigger_controller_dag.py
[2022-11-27 18:32:52,925] {logging_mixin.py:115} INFO - [2022-11-27 18:32:52,925] {dag.py:2420} INFO - Sync 1 DAGs
[2022-11-27 18:32:52,949] {logging_mixin.py:115} INFO - [2022-11-27 18:32:52,949] {dag.py:2972} INFO - Setting next_dagrun for example_trigger_controller_dag to 2021-01-01T00:00:00+00:00, run_after=2021-01-01T00:00:00+00:00
[2022-11-27 18:32:52,961] {processor.py:161} INFO - Processing /home/airflow/.local/lib/python3.7/site-packages/airflow/example_dags/example_trigger_controller_dag.py took 0.077 seconds
