[2022-11-27 16:54:06,326] {processor.py:153} INFO - Started process (PID=5372) to work on /home/airflow/.local/lib/python3.7/site-packages/airflow/example_dags/example_branch_operator_decorator.py
[2022-11-27 16:54:06,326] {processor.py:641} INFO - Processing file /home/airflow/.local/lib/python3.7/site-packages/airflow/example_dags/example_branch_operator_decorator.py for tasks to queue
[2022-11-27 16:54:06,327] {logging_mixin.py:115} INFO - [2022-11-27 16:54:06,327] {dagbag.py:508} INFO - Filling up the DagBag from /home/airflow/.local/lib/python3.7/site-packages/airflow/example_dags/example_branch_operator_decorator.py
[2022-11-27 16:54:06,375] {processor.py:651} INFO - DAG(s) dict_keys(['example_branch_python_operator_decorator']) retrieved from /home/airflow/.local/lib/python3.7/site-packages/airflow/example_dags/example_branch_operator_decorator.py
[2022-11-27 16:54:06,425] {logging_mixin.py:115} INFO - [2022-11-27 16:54:06,425] {dag.py:2420} INFO - Sync 1 DAGs
[2022-11-27 16:54:06,505] {logging_mixin.py:115} INFO - [2022-11-27 16:54:06,505] {dag.py:2972} INFO - Setting next_dagrun for example_branch_python_operator_decorator to 2022-11-26T00:00:00+00:00, run_after=2022-11-27T00:00:00+00:00
[2022-11-27 16:54:06,552] {processor.py:161} INFO - Processing /home/airflow/.local/lib/python3.7/site-packages/airflow/example_dags/example_branch_operator_decorator.py took 0.233 seconds
[2022-11-27 18:12:58,098] {processor.py:153} INFO - Started process (PID=5408) to work on /home/airflow/.local/lib/python3.7/site-packages/airflow/example_dags/example_branch_operator_decorator.py
[2022-11-27 18:12:58,098] {processor.py:641} INFO - Processing file /home/airflow/.local/lib/python3.7/site-packages/airflow/example_dags/example_branch_operator_decorator.py for tasks to queue
[2022-11-27 18:12:58,099] {logging_mixin.py:115} INFO - [2022-11-27 18:12:58,099] {dagbag.py:508} INFO - Filling up the DagBag from /home/airflow/.local/lib/python3.7/site-packages/airflow/example_dags/example_branch_operator_decorator.py
[2022-11-27 18:12:58,133] {processor.py:651} INFO - DAG(s) dict_keys(['example_branch_python_operator_decorator']) retrieved from /home/airflow/.local/lib/python3.7/site-packages/airflow/example_dags/example_branch_operator_decorator.py
[2022-11-27 18:12:58,183] {logging_mixin.py:115} INFO - [2022-11-27 18:12:58,183] {dag.py:2420} INFO - Sync 1 DAGs
[2022-11-27 18:12:58,231] {logging_mixin.py:115} INFO - [2022-11-27 18:12:58,231] {dag.py:2972} INFO - Setting next_dagrun for example_branch_python_operator_decorator to 2022-11-26T00:00:00+00:00, run_after=2022-11-27T00:00:00+00:00
[2022-11-27 18:12:58,261] {processor.py:161} INFO - Processing /home/airflow/.local/lib/python3.7/site-packages/airflow/example_dags/example_branch_operator_decorator.py took 0.167 seconds
[2022-11-27 18:13:28,475] {processor.py:153} INFO - Started process (PID=5471) to work on /home/airflow/.local/lib/python3.7/site-packages/airflow/example_dags/example_branch_operator_decorator.py
[2022-11-27 18:13:28,475] {processor.py:641} INFO - Processing file /home/airflow/.local/lib/python3.7/site-packages/airflow/example_dags/example_branch_operator_decorator.py for tasks to queue
[2022-11-27 18:13:28,476] {logging_mixin.py:115} INFO - [2022-11-27 18:13:28,476] {dagbag.py:508} INFO - Filling up the DagBag from /home/airflow/.local/lib/python3.7/site-packages/airflow/example_dags/example_branch_operator_decorator.py
[2022-11-27 18:13:28,502] {processor.py:651} INFO - DAG(s) dict_keys(['example_branch_python_operator_decorator']) retrieved from /home/airflow/.local/lib/python3.7/site-packages/airflow/example_dags/example_branch_operator_decorator.py
[2022-11-27 18:13:28,533] {logging_mixin.py:115} INFO - [2022-11-27 18:13:28,533] {dag.py:2420} INFO - Sync 1 DAGs
[2022-11-27 18:13:28,568] {logging_mixin.py:115} INFO - [2022-11-27 18:13:28,568] {dag.py:2972} INFO - Setting next_dagrun for example_branch_python_operator_decorator to 2022-11-26T00:00:00+00:00, run_after=2022-11-27T00:00:00+00:00
[2022-11-27 18:13:28,583] {processor.py:161} INFO - Processing /home/airflow/.local/lib/python3.7/site-packages/airflow/example_dags/example_branch_operator_decorator.py took 0.112 seconds
[2022-11-27 18:13:58,712] {processor.py:153} INFO - Started process (PID=5525) to work on /home/airflow/.local/lib/python3.7/site-packages/airflow/example_dags/example_branch_operator_decorator.py
[2022-11-27 18:13:58,712] {processor.py:641} INFO - Processing file /home/airflow/.local/lib/python3.7/site-packages/airflow/example_dags/example_branch_operator_decorator.py for tasks to queue
[2022-11-27 18:13:58,713] {logging_mixin.py:115} INFO - [2022-11-27 18:13:58,713] {dagbag.py:508} INFO - Filling up the DagBag from /home/airflow/.local/lib/python3.7/site-packages/airflow/example_dags/example_branch_operator_decorator.py
[2022-11-27 18:13:58,740] {processor.py:651} INFO - DAG(s) dict_keys(['example_branch_python_operator_decorator']) retrieved from /home/airflow/.local/lib/python3.7/site-packages/airflow/example_dags/example_branch_operator_decorator.py
[2022-11-27 18:13:58,776] {logging_mixin.py:115} INFO - [2022-11-27 18:13:58,776] {dag.py:2420} INFO - Sync 1 DAGs
[2022-11-27 18:13:58,813] {logging_mixin.py:115} INFO - [2022-11-27 18:13:58,813] {dag.py:2972} INFO - Setting next_dagrun for example_branch_python_operator_decorator to 2022-11-26T00:00:00+00:00, run_after=2022-11-27T00:00:00+00:00
[2022-11-27 18:13:58,830] {processor.py:161} INFO - Processing /home/airflow/.local/lib/python3.7/site-packages/airflow/example_dags/example_branch_operator_decorator.py took 0.122 seconds
[2022-11-27 18:14:29,082] {processor.py:153} INFO - Started process (PID=5589) to work on /home/airflow/.local/lib/python3.7/site-packages/airflow/example_dags/example_branch_operator_decorator.py
[2022-11-27 18:14:29,083] {processor.py:641} INFO - Processing file /home/airflow/.local/lib/python3.7/site-packages/airflow/example_dags/example_branch_operator_decorator.py for tasks to queue
[2022-11-27 18:14:29,083] {logging_mixin.py:115} INFO - [2022-11-27 18:14:29,083] {dagbag.py:508} INFO - Filling up the DagBag from /home/airflow/.local/lib/python3.7/site-packages/airflow/example_dags/example_branch_operator_decorator.py
[2022-11-27 18:14:29,111] {processor.py:651} INFO - DAG(s) dict_keys(['example_branch_python_operator_decorator']) retrieved from /home/airflow/.local/lib/python3.7/site-packages/airflow/example_dags/example_branch_operator_decorator.py
[2022-11-27 18:14:29,150] {logging_mixin.py:115} INFO - [2022-11-27 18:14:29,150] {dag.py:2420} INFO - Sync 1 DAGs
[2022-11-27 18:14:29,198] {logging_mixin.py:115} INFO - [2022-11-27 18:14:29,198] {dag.py:2972} INFO - Setting next_dagrun for example_branch_python_operator_decorator to 2022-11-26T00:00:00+00:00, run_after=2022-11-27T00:00:00+00:00
[2022-11-27 18:14:29,220] {processor.py:161} INFO - Processing /home/airflow/.local/lib/python3.7/site-packages/airflow/example_dags/example_branch_operator_decorator.py took 0.141 seconds
[2022-11-27 18:14:59,981] {processor.py:153} INFO - Started process (PID=5649) to work on /home/airflow/.local/lib/python3.7/site-packages/airflow/example_dags/example_branch_operator_decorator.py
[2022-11-27 18:14:59,982] {processor.py:641} INFO - Processing file /home/airflow/.local/lib/python3.7/site-packages/airflow/example_dags/example_branch_operator_decorator.py for tasks to queue
[2022-11-27 18:14:59,983] {logging_mixin.py:115} INFO - [2022-11-27 18:14:59,983] {dagbag.py:508} INFO - Filling up the DagBag from /home/airflow/.local/lib/python3.7/site-packages/airflow/example_dags/example_branch_operator_decorator.py
[2022-11-27 18:15:00,007] {processor.py:651} INFO - DAG(s) dict_keys(['example_branch_python_operator_decorator']) retrieved from /home/airflow/.local/lib/python3.7/site-packages/airflow/example_dags/example_branch_operator_decorator.py
[2022-11-27 18:15:00,040] {logging_mixin.py:115} INFO - [2022-11-27 18:15:00,040] {dag.py:2420} INFO - Sync 1 DAGs
[2022-11-27 18:15:00,074] {logging_mixin.py:115} INFO - [2022-11-27 18:15:00,073] {dag.py:2972} INFO - Setting next_dagrun for example_branch_python_operator_decorator to 2022-11-26T00:00:00+00:00, run_after=2022-11-27T00:00:00+00:00
[2022-11-27 18:15:00,090] {processor.py:161} INFO - Processing /home/airflow/.local/lib/python3.7/site-packages/airflow/example_dags/example_branch_operator_decorator.py took 0.112 seconds
[2022-11-27 18:15:30,730] {processor.py:153} INFO - Started process (PID=5703) to work on /home/airflow/.local/lib/python3.7/site-packages/airflow/example_dags/example_branch_operator_decorator.py
[2022-11-27 18:15:30,730] {processor.py:641} INFO - Processing file /home/airflow/.local/lib/python3.7/site-packages/airflow/example_dags/example_branch_operator_decorator.py for tasks to queue
[2022-11-27 18:15:30,731] {logging_mixin.py:115} INFO - [2022-11-27 18:15:30,731] {dagbag.py:508} INFO - Filling up the DagBag from /home/airflow/.local/lib/python3.7/site-packages/airflow/example_dags/example_branch_operator_decorator.py
[2022-11-27 18:15:30,756] {processor.py:651} INFO - DAG(s) dict_keys(['example_branch_python_operator_decorator']) retrieved from /home/airflow/.local/lib/python3.7/site-packages/airflow/example_dags/example_branch_operator_decorator.py
[2022-11-27 18:15:30,786] {logging_mixin.py:115} INFO - [2022-11-27 18:15:30,786] {dag.py:2420} INFO - Sync 1 DAGs
[2022-11-27 18:15:30,820] {logging_mixin.py:115} INFO - [2022-11-27 18:15:30,820] {dag.py:2972} INFO - Setting next_dagrun for example_branch_python_operator_decorator to 2022-11-26T00:00:00+00:00, run_after=2022-11-27T00:00:00+00:00
[2022-11-27 18:15:30,833] {processor.py:161} INFO - Processing /home/airflow/.local/lib/python3.7/site-packages/airflow/example_dags/example_branch_operator_decorator.py took 0.107 seconds
[2022-11-27 18:16:01,705] {processor.py:153} INFO - Started process (PID=5767) to work on /home/airflow/.local/lib/python3.7/site-packages/airflow/example_dags/example_branch_operator_decorator.py
[2022-11-27 18:16:01,706] {processor.py:641} INFO - Processing file /home/airflow/.local/lib/python3.7/site-packages/airflow/example_dags/example_branch_operator_decorator.py for tasks to queue
[2022-11-27 18:16:01,707] {logging_mixin.py:115} INFO - [2022-11-27 18:16:01,707] {dagbag.py:508} INFO - Filling up the DagBag from /home/airflow/.local/lib/python3.7/site-packages/airflow/example_dags/example_branch_operator_decorator.py
[2022-11-27 18:16:01,729] {processor.py:651} INFO - DAG(s) dict_keys(['example_branch_python_operator_decorator']) retrieved from /home/airflow/.local/lib/python3.7/site-packages/airflow/example_dags/example_branch_operator_decorator.py
[2022-11-27 18:16:01,761] {logging_mixin.py:115} INFO - [2022-11-27 18:16:01,761] {dag.py:2420} INFO - Sync 1 DAGs
[2022-11-27 18:16:01,789] {logging_mixin.py:115} INFO - [2022-11-27 18:16:01,789] {dag.py:2972} INFO - Setting next_dagrun for example_branch_python_operator_decorator to 2022-11-26T00:00:00+00:00, run_after=2022-11-27T00:00:00+00:00
[2022-11-27 18:16:01,802] {processor.py:161} INFO - Processing /home/airflow/.local/lib/python3.7/site-packages/airflow/example_dags/example_branch_operator_decorator.py took 0.100 seconds
[2022-11-27 18:16:32,498] {processor.py:153} INFO - Started process (PID=5820) to work on /home/airflow/.local/lib/python3.7/site-packages/airflow/example_dags/example_branch_operator_decorator.py
[2022-11-27 18:16:32,499] {processor.py:641} INFO - Processing file /home/airflow/.local/lib/python3.7/site-packages/airflow/example_dags/example_branch_operator_decorator.py for tasks to queue
[2022-11-27 18:16:32,499] {logging_mixin.py:115} INFO - [2022-11-27 18:16:32,499] {dagbag.py:508} INFO - Filling up the DagBag from /home/airflow/.local/lib/python3.7/site-packages/airflow/example_dags/example_branch_operator_decorator.py
[2022-11-27 18:16:32,521] {processor.py:651} INFO - DAG(s) dict_keys(['example_branch_python_operator_decorator']) retrieved from /home/airflow/.local/lib/python3.7/site-packages/airflow/example_dags/example_branch_operator_decorator.py
[2022-11-27 18:16:32,556] {logging_mixin.py:115} INFO - [2022-11-27 18:16:32,555] {dag.py:2420} INFO - Sync 1 DAGs
[2022-11-27 18:16:32,589] {logging_mixin.py:115} INFO - [2022-11-27 18:16:32,589] {dag.py:2972} INFO - Setting next_dagrun for example_branch_python_operator_decorator to 2022-11-26T00:00:00+00:00, run_after=2022-11-27T00:00:00+00:00
[2022-11-27 18:16:32,605] {processor.py:161} INFO - Processing /home/airflow/.local/lib/python3.7/site-packages/airflow/example_dags/example_branch_operator_decorator.py took 0.110 seconds
[2022-11-27 18:17:03,248] {processor.py:153} INFO - Started process (PID=5884) to work on /home/airflow/.local/lib/python3.7/site-packages/airflow/example_dags/example_branch_operator_decorator.py
[2022-11-27 18:17:03,248] {processor.py:641} INFO - Processing file /home/airflow/.local/lib/python3.7/site-packages/airflow/example_dags/example_branch_operator_decorator.py for tasks to queue
[2022-11-27 18:17:03,248] {logging_mixin.py:115} INFO - [2022-11-27 18:17:03,248] {dagbag.py:508} INFO - Filling up the DagBag from /home/airflow/.local/lib/python3.7/site-packages/airflow/example_dags/example_branch_operator_decorator.py
[2022-11-27 18:17:03,270] {processor.py:651} INFO - DAG(s) dict_keys(['example_branch_python_operator_decorator']) retrieved from /home/airflow/.local/lib/python3.7/site-packages/airflow/example_dags/example_branch_operator_decorator.py
[2022-11-27 18:17:03,303] {logging_mixin.py:115} INFO - [2022-11-27 18:17:03,302] {dag.py:2420} INFO - Sync 1 DAGs
[2022-11-27 18:17:03,339] {logging_mixin.py:115} INFO - [2022-11-27 18:17:03,339] {dag.py:2972} INFO - Setting next_dagrun for example_branch_python_operator_decorator to 2022-11-26T00:00:00+00:00, run_after=2022-11-27T00:00:00+00:00
[2022-11-27 18:17:03,356] {processor.py:161} INFO - Processing /home/airflow/.local/lib/python3.7/site-packages/airflow/example_dags/example_branch_operator_decorator.py took 0.111 seconds
[2022-11-27 18:17:33,955] {processor.py:153} INFO - Started process (PID=5944) to work on /home/airflow/.local/lib/python3.7/site-packages/airflow/example_dags/example_branch_operator_decorator.py
[2022-11-27 18:17:33,956] {processor.py:641} INFO - Processing file /home/airflow/.local/lib/python3.7/site-packages/airflow/example_dags/example_branch_operator_decorator.py for tasks to queue
[2022-11-27 18:17:33,957] {logging_mixin.py:115} INFO - [2022-11-27 18:17:33,956] {dagbag.py:508} INFO - Filling up the DagBag from /home/airflow/.local/lib/python3.7/site-packages/airflow/example_dags/example_branch_operator_decorator.py
[2022-11-27 18:17:33,987] {processor.py:651} INFO - DAG(s) dict_keys(['example_branch_python_operator_decorator']) retrieved from /home/airflow/.local/lib/python3.7/site-packages/airflow/example_dags/example_branch_operator_decorator.py
[2022-11-27 18:17:34,026] {logging_mixin.py:115} INFO - [2022-11-27 18:17:34,026] {dag.py:2420} INFO - Sync 1 DAGs
[2022-11-27 18:17:34,065] {logging_mixin.py:115} INFO - [2022-11-27 18:17:34,065] {dag.py:2972} INFO - Setting next_dagrun for example_branch_python_operator_decorator to 2022-11-26T00:00:00+00:00, run_after=2022-11-27T00:00:00+00:00
[2022-11-27 18:17:34,082] {processor.py:161} INFO - Processing /home/airflow/.local/lib/python3.7/site-packages/airflow/example_dags/example_branch_operator_decorator.py took 0.130 seconds
[2022-11-27 18:18:04,612] {processor.py:153} INFO - Started process (PID=6001) to work on /home/airflow/.local/lib/python3.7/site-packages/airflow/example_dags/example_branch_operator_decorator.py
[2022-11-27 18:18:04,612] {processor.py:641} INFO - Processing file /home/airflow/.local/lib/python3.7/site-packages/airflow/example_dags/example_branch_operator_decorator.py for tasks to queue
[2022-11-27 18:18:04,613] {logging_mixin.py:115} INFO - [2022-11-27 18:18:04,613] {dagbag.py:508} INFO - Filling up the DagBag from /home/airflow/.local/lib/python3.7/site-packages/airflow/example_dags/example_branch_operator_decorator.py
[2022-11-27 18:18:04,643] {processor.py:651} INFO - DAG(s) dict_keys(['example_branch_python_operator_decorator']) retrieved from /home/airflow/.local/lib/python3.7/site-packages/airflow/example_dags/example_branch_operator_decorator.py
[2022-11-27 18:18:04,697] {logging_mixin.py:115} INFO - [2022-11-27 18:18:04,696] {dag.py:2420} INFO - Sync 1 DAGs
[2022-11-27 18:18:04,733] {logging_mixin.py:115} INFO - [2022-11-27 18:18:04,733] {dag.py:2972} INFO - Setting next_dagrun for example_branch_python_operator_decorator to 2022-11-26T00:00:00+00:00, run_after=2022-11-27T00:00:00+00:00
[2022-11-27 18:18:04,748] {processor.py:161} INFO - Processing /home/airflow/.local/lib/python3.7/site-packages/airflow/example_dags/example_branch_operator_decorator.py took 0.139 seconds
[2022-11-27 18:18:35,566] {processor.py:153} INFO - Started process (PID=6063) to work on /home/airflow/.local/lib/python3.7/site-packages/airflow/example_dags/example_branch_operator_decorator.py
[2022-11-27 18:18:35,566] {processor.py:641} INFO - Processing file /home/airflow/.local/lib/python3.7/site-packages/airflow/example_dags/example_branch_operator_decorator.py for tasks to queue
[2022-11-27 18:18:35,567] {logging_mixin.py:115} INFO - [2022-11-27 18:18:35,567] {dagbag.py:508} INFO - Filling up the DagBag from /home/airflow/.local/lib/python3.7/site-packages/airflow/example_dags/example_branch_operator_decorator.py
[2022-11-27 18:18:35,593] {processor.py:651} INFO - DAG(s) dict_keys(['example_branch_python_operator_decorator']) retrieved from /home/airflow/.local/lib/python3.7/site-packages/airflow/example_dags/example_branch_operator_decorator.py
[2022-11-27 18:18:35,625] {logging_mixin.py:115} INFO - [2022-11-27 18:18:35,625] {dag.py:2420} INFO - Sync 1 DAGs
[2022-11-27 18:18:35,658] {logging_mixin.py:115} INFO - [2022-11-27 18:18:35,657] {dag.py:2972} INFO - Setting next_dagrun for example_branch_python_operator_decorator to 2022-11-26T00:00:00+00:00, run_after=2022-11-27T00:00:00+00:00
[2022-11-27 18:18:35,674] {processor.py:161} INFO - Processing /home/airflow/.local/lib/python3.7/site-packages/airflow/example_dags/example_branch_operator_decorator.py took 0.115 seconds
[2022-11-27 18:19:06,008] {processor.py:153} INFO - Started process (PID=6117) to work on /home/airflow/.local/lib/python3.7/site-packages/airflow/example_dags/example_branch_operator_decorator.py
[2022-11-27 18:19:06,009] {processor.py:641} INFO - Processing file /home/airflow/.local/lib/python3.7/site-packages/airflow/example_dags/example_branch_operator_decorator.py for tasks to queue
[2022-11-27 18:19:06,009] {logging_mixin.py:115} INFO - [2022-11-27 18:19:06,009] {dagbag.py:508} INFO - Filling up the DagBag from /home/airflow/.local/lib/python3.7/site-packages/airflow/example_dags/example_branch_operator_decorator.py
[2022-11-27 18:19:06,034] {processor.py:651} INFO - DAG(s) dict_keys(['example_branch_python_operator_decorator']) retrieved from /home/airflow/.local/lib/python3.7/site-packages/airflow/example_dags/example_branch_operator_decorator.py
[2022-11-27 18:19:06,067] {logging_mixin.py:115} INFO - [2022-11-27 18:19:06,067] {dag.py:2420} INFO - Sync 1 DAGs
[2022-11-27 18:19:06,102] {logging_mixin.py:115} INFO - [2022-11-27 18:19:06,102] {dag.py:2972} INFO - Setting next_dagrun for example_branch_python_operator_decorator to 2022-11-26T00:00:00+00:00, run_after=2022-11-27T00:00:00+00:00
[2022-11-27 18:19:06,119] {processor.py:161} INFO - Processing /home/airflow/.local/lib/python3.7/site-packages/airflow/example_dags/example_branch_operator_decorator.py took 0.115 seconds
[2022-11-27 18:19:36,864] {processor.py:153} INFO - Started process (PID=6179) to work on /home/airflow/.local/lib/python3.7/site-packages/airflow/example_dags/example_branch_operator_decorator.py
[2022-11-27 18:19:36,865] {processor.py:641} INFO - Processing file /home/airflow/.local/lib/python3.7/site-packages/airflow/example_dags/example_branch_operator_decorator.py for tasks to queue
[2022-11-27 18:19:36,866] {logging_mixin.py:115} INFO - [2022-11-27 18:19:36,866] {dagbag.py:508} INFO - Filling up the DagBag from /home/airflow/.local/lib/python3.7/site-packages/airflow/example_dags/example_branch_operator_decorator.py
[2022-11-27 18:19:36,911] {processor.py:651} INFO - DAG(s) dict_keys(['example_branch_python_operator_decorator']) retrieved from /home/airflow/.local/lib/python3.7/site-packages/airflow/example_dags/example_branch_operator_decorator.py
[2022-11-27 18:19:36,956] {logging_mixin.py:115} INFO - [2022-11-27 18:19:36,955] {dag.py:2420} INFO - Sync 1 DAGs
[2022-11-27 18:19:36,999] {logging_mixin.py:115} INFO - [2022-11-27 18:19:36,999] {dag.py:2972} INFO - Setting next_dagrun for example_branch_python_operator_decorator to 2022-11-26T00:00:00+00:00, run_after=2022-11-27T00:00:00+00:00
[2022-11-27 18:19:37,015] {processor.py:161} INFO - Processing /home/airflow/.local/lib/python3.7/site-packages/airflow/example_dags/example_branch_operator_decorator.py took 0.154 seconds
[2022-11-27 18:20:08,565] {processor.py:153} INFO - Started process (PID=6235) to work on /home/airflow/.local/lib/python3.7/site-packages/airflow/example_dags/example_branch_operator_decorator.py
[2022-11-27 18:20:08,566] {processor.py:641} INFO - Processing file /home/airflow/.local/lib/python3.7/site-packages/airflow/example_dags/example_branch_operator_decorator.py for tasks to queue
[2022-11-27 18:20:08,568] {logging_mixin.py:115} INFO - [2022-11-27 18:20:08,567] {dagbag.py:508} INFO - Filling up the DagBag from /home/airflow/.local/lib/python3.7/site-packages/airflow/example_dags/example_branch_operator_decorator.py
[2022-11-27 18:20:08,606] {processor.py:651} INFO - DAG(s) dict_keys(['example_branch_python_operator_decorator']) retrieved from /home/airflow/.local/lib/python3.7/site-packages/airflow/example_dags/example_branch_operator_decorator.py
[2022-11-27 18:20:08,665] {logging_mixin.py:115} INFO - [2022-11-27 18:20:08,664] {dag.py:2420} INFO - Sync 1 DAGs
[2022-11-27 18:20:08,718] {logging_mixin.py:115} INFO - [2022-11-27 18:20:08,717] {dag.py:2972} INFO - Setting next_dagrun for example_branch_python_operator_decorator to 2022-11-26T00:00:00+00:00, run_after=2022-11-27T00:00:00+00:00
[2022-11-27 18:20:08,742] {processor.py:161} INFO - Processing /home/airflow/.local/lib/python3.7/site-packages/airflow/example_dags/example_branch_operator_decorator.py took 0.184 seconds
[2022-11-27 18:20:39,699] {processor.py:153} INFO - Started process (PID=6296) to work on /home/airflow/.local/lib/python3.7/site-packages/airflow/example_dags/example_branch_operator_decorator.py
[2022-11-27 18:20:39,700] {processor.py:641} INFO - Processing file /home/airflow/.local/lib/python3.7/site-packages/airflow/example_dags/example_branch_operator_decorator.py for tasks to queue
[2022-11-27 18:20:39,701] {logging_mixin.py:115} INFO - [2022-11-27 18:20:39,701] {dagbag.py:508} INFO - Filling up the DagBag from /home/airflow/.local/lib/python3.7/site-packages/airflow/example_dags/example_branch_operator_decorator.py
[2022-11-27 18:20:39,739] {processor.py:651} INFO - DAG(s) dict_keys(['example_branch_python_operator_decorator']) retrieved from /home/airflow/.local/lib/python3.7/site-packages/airflow/example_dags/example_branch_operator_decorator.py
[2022-11-27 18:20:39,791] {logging_mixin.py:115} INFO - [2022-11-27 18:20:39,790] {dag.py:2420} INFO - Sync 1 DAGs
[2022-11-27 18:20:39,839] {logging_mixin.py:115} INFO - [2022-11-27 18:20:39,839] {dag.py:2972} INFO - Setting next_dagrun for example_branch_python_operator_decorator to 2022-11-26T00:00:00+00:00, run_after=2022-11-27T00:00:00+00:00
[2022-11-27 18:20:39,857] {processor.py:161} INFO - Processing /home/airflow/.local/lib/python3.7/site-packages/airflow/example_dags/example_branch_operator_decorator.py took 0.164 seconds
[2022-11-27 18:21:10,177] {processor.py:153} INFO - Started process (PID=6350) to work on /home/airflow/.local/lib/python3.7/site-packages/airflow/example_dags/example_branch_operator_decorator.py
[2022-11-27 18:21:10,178] {processor.py:641} INFO - Processing file /home/airflow/.local/lib/python3.7/site-packages/airflow/example_dags/example_branch_operator_decorator.py for tasks to queue
[2022-11-27 18:21:10,179] {logging_mixin.py:115} INFO - [2022-11-27 18:21:10,179] {dagbag.py:508} INFO - Filling up the DagBag from /home/airflow/.local/lib/python3.7/site-packages/airflow/example_dags/example_branch_operator_decorator.py
[2022-11-27 18:21:10,225] {processor.py:651} INFO - DAG(s) dict_keys(['example_branch_python_operator_decorator']) retrieved from /home/airflow/.local/lib/python3.7/site-packages/airflow/example_dags/example_branch_operator_decorator.py
[2022-11-27 18:21:10,287] {logging_mixin.py:115} INFO - [2022-11-27 18:21:10,286] {dag.py:2420} INFO - Sync 1 DAGs
[2022-11-27 18:21:10,339] {logging_mixin.py:115} INFO - [2022-11-27 18:21:10,339] {dag.py:2972} INFO - Setting next_dagrun for example_branch_python_operator_decorator to 2022-11-26T00:00:00+00:00, run_after=2022-11-27T00:00:00+00:00
[2022-11-27 18:21:10,367] {processor.py:161} INFO - Processing /home/airflow/.local/lib/python3.7/site-packages/airflow/example_dags/example_branch_operator_decorator.py took 0.195 seconds
[2022-11-27 18:21:40,653] {processor.py:153} INFO - Started process (PID=6405) to work on /home/airflow/.local/lib/python3.7/site-packages/airflow/example_dags/example_branch_operator_decorator.py
[2022-11-27 18:21:40,654] {processor.py:641} INFO - Processing file /home/airflow/.local/lib/python3.7/site-packages/airflow/example_dags/example_branch_operator_decorator.py for tasks to queue
[2022-11-27 18:21:40,655] {logging_mixin.py:115} INFO - [2022-11-27 18:21:40,655] {dagbag.py:508} INFO - Filling up the DagBag from /home/airflow/.local/lib/python3.7/site-packages/airflow/example_dags/example_branch_operator_decorator.py
[2022-11-27 18:21:40,701] {processor.py:651} INFO - DAG(s) dict_keys(['example_branch_python_operator_decorator']) retrieved from /home/airflow/.local/lib/python3.7/site-packages/airflow/example_dags/example_branch_operator_decorator.py
[2022-11-27 18:21:40,762] {logging_mixin.py:115} INFO - [2022-11-27 18:21:40,762] {dag.py:2420} INFO - Sync 1 DAGs
[2022-11-27 18:21:40,815] {logging_mixin.py:115} INFO - [2022-11-27 18:21:40,815] {dag.py:2972} INFO - Setting next_dagrun for example_branch_python_operator_decorator to 2022-11-26T00:00:00+00:00, run_after=2022-11-27T00:00:00+00:00
[2022-11-27 18:21:40,842] {processor.py:161} INFO - Processing /home/airflow/.local/lib/python3.7/site-packages/airflow/example_dags/example_branch_operator_decorator.py took 0.195 seconds
[2022-11-27 18:22:11,484] {processor.py:153} INFO - Started process (PID=6465) to work on /home/airflow/.local/lib/python3.7/site-packages/airflow/example_dags/example_branch_operator_decorator.py
[2022-11-27 18:22:11,487] {processor.py:641} INFO - Processing file /home/airflow/.local/lib/python3.7/site-packages/airflow/example_dags/example_branch_operator_decorator.py for tasks to queue
[2022-11-27 18:22:11,488] {logging_mixin.py:115} INFO - [2022-11-27 18:22:11,488] {dagbag.py:508} INFO - Filling up the DagBag from /home/airflow/.local/lib/python3.7/site-packages/airflow/example_dags/example_branch_operator_decorator.py
[2022-11-27 18:22:11,532] {processor.py:651} INFO - DAG(s) dict_keys(['example_branch_python_operator_decorator']) retrieved from /home/airflow/.local/lib/python3.7/site-packages/airflow/example_dags/example_branch_operator_decorator.py
[2022-11-27 18:22:11,605] {logging_mixin.py:115} INFO - [2022-11-27 18:22:11,605] {dag.py:2420} INFO - Sync 1 DAGs
[2022-11-27 18:22:11,679] {logging_mixin.py:115} INFO - [2022-11-27 18:22:11,678] {dag.py:2972} INFO - Setting next_dagrun for example_branch_python_operator_decorator to 2022-11-26T00:00:00+00:00, run_after=2022-11-27T00:00:00+00:00
[2022-11-27 18:22:11,709] {processor.py:161} INFO - Processing /home/airflow/.local/lib/python3.7/site-packages/airflow/example_dags/example_branch_operator_decorator.py took 0.234 seconds
[2022-11-27 18:22:42,390] {processor.py:153} INFO - Started process (PID=6522) to work on /home/airflow/.local/lib/python3.7/site-packages/airflow/example_dags/example_branch_operator_decorator.py
[2022-11-27 18:22:42,391] {processor.py:641} INFO - Processing file /home/airflow/.local/lib/python3.7/site-packages/airflow/example_dags/example_branch_operator_decorator.py for tasks to queue
[2022-11-27 18:22:42,391] {logging_mixin.py:115} INFO - [2022-11-27 18:22:42,391] {dagbag.py:508} INFO - Filling up the DagBag from /home/airflow/.local/lib/python3.7/site-packages/airflow/example_dags/example_branch_operator_decorator.py
[2022-11-27 18:22:42,426] {processor.py:651} INFO - DAG(s) dict_keys(['example_branch_python_operator_decorator']) retrieved from /home/airflow/.local/lib/python3.7/site-packages/airflow/example_dags/example_branch_operator_decorator.py
[2022-11-27 18:22:42,465] {logging_mixin.py:115} INFO - [2022-11-27 18:22:42,465] {dag.py:2420} INFO - Sync 1 DAGs
[2022-11-27 18:22:42,507] {logging_mixin.py:115} INFO - [2022-11-27 18:22:42,506] {dag.py:2972} INFO - Setting next_dagrun for example_branch_python_operator_decorator to 2022-11-26T00:00:00+00:00, run_after=2022-11-27T00:00:00+00:00
[2022-11-27 18:22:42,526] {processor.py:161} INFO - Processing /home/airflow/.local/lib/python3.7/site-packages/airflow/example_dags/example_branch_operator_decorator.py took 0.139 seconds
[2022-11-27 18:23:13,417] {processor.py:153} INFO - Started process (PID=6576) to work on /home/airflow/.local/lib/python3.7/site-packages/airflow/example_dags/example_branch_operator_decorator.py
[2022-11-27 18:23:13,418] {processor.py:641} INFO - Processing file /home/airflow/.local/lib/python3.7/site-packages/airflow/example_dags/example_branch_operator_decorator.py for tasks to queue
[2022-11-27 18:23:13,419] {logging_mixin.py:115} INFO - [2022-11-27 18:23:13,419] {dagbag.py:508} INFO - Filling up the DagBag from /home/airflow/.local/lib/python3.7/site-packages/airflow/example_dags/example_branch_operator_decorator.py
[2022-11-27 18:23:13,459] {processor.py:651} INFO - DAG(s) dict_keys(['example_branch_python_operator_decorator']) retrieved from /home/airflow/.local/lib/python3.7/site-packages/airflow/example_dags/example_branch_operator_decorator.py
[2022-11-27 18:23:13,510] {logging_mixin.py:115} INFO - [2022-11-27 18:23:13,510] {dag.py:2420} INFO - Sync 1 DAGs
[2022-11-27 18:23:13,561] {logging_mixin.py:115} INFO - [2022-11-27 18:23:13,561] {dag.py:2972} INFO - Setting next_dagrun for example_branch_python_operator_decorator to 2022-11-26T00:00:00+00:00, run_after=2022-11-27T00:00:00+00:00
[2022-11-27 18:23:13,589] {processor.py:161} INFO - Processing /home/airflow/.local/lib/python3.7/site-packages/airflow/example_dags/example_branch_operator_decorator.py took 0.178 seconds
[2022-11-27 18:23:44,437] {processor.py:153} INFO - Started process (PID=6636) to work on /home/airflow/.local/lib/python3.7/site-packages/airflow/example_dags/example_branch_operator_decorator.py
[2022-11-27 18:23:44,438] {processor.py:641} INFO - Processing file /home/airflow/.local/lib/python3.7/site-packages/airflow/example_dags/example_branch_operator_decorator.py for tasks to queue
[2022-11-27 18:23:44,440] {logging_mixin.py:115} INFO - [2022-11-27 18:23:44,439] {dagbag.py:508} INFO - Filling up the DagBag from /home/airflow/.local/lib/python3.7/site-packages/airflow/example_dags/example_branch_operator_decorator.py
[2022-11-27 18:23:44,490] {processor.py:651} INFO - DAG(s) dict_keys(['example_branch_python_operator_decorator']) retrieved from /home/airflow/.local/lib/python3.7/site-packages/airflow/example_dags/example_branch_operator_decorator.py
[2022-11-27 18:23:44,551] {logging_mixin.py:115} INFO - [2022-11-27 18:23:44,551] {dag.py:2420} INFO - Sync 1 DAGs
[2022-11-27 18:23:44,624] {logging_mixin.py:115} INFO - [2022-11-27 18:23:44,623] {dag.py:2972} INFO - Setting next_dagrun for example_branch_python_operator_decorator to 2022-11-26T00:00:00+00:00, run_after=2022-11-27T00:00:00+00:00
[2022-11-27 18:23:44,657] {processor.py:161} INFO - Processing /home/airflow/.local/lib/python3.7/site-packages/airflow/example_dags/example_branch_operator_decorator.py took 0.228 seconds
[2022-11-27 18:24:15,295] {processor.py:153} INFO - Started process (PID=6690) to work on /home/airflow/.local/lib/python3.7/site-packages/airflow/example_dags/example_branch_operator_decorator.py
[2022-11-27 18:24:15,296] {processor.py:641} INFO - Processing file /home/airflow/.local/lib/python3.7/site-packages/airflow/example_dags/example_branch_operator_decorator.py for tasks to queue
[2022-11-27 18:24:15,297] {logging_mixin.py:115} INFO - [2022-11-27 18:24:15,297] {dagbag.py:508} INFO - Filling up the DagBag from /home/airflow/.local/lib/python3.7/site-packages/airflow/example_dags/example_branch_operator_decorator.py
[2022-11-27 18:24:15,343] {processor.py:651} INFO - DAG(s) dict_keys(['example_branch_python_operator_decorator']) retrieved from /home/airflow/.local/lib/python3.7/site-packages/airflow/example_dags/example_branch_operator_decorator.py
[2022-11-27 18:24:15,393] {logging_mixin.py:115} INFO - [2022-11-27 18:24:15,393] {dag.py:2420} INFO - Sync 1 DAGs
[2022-11-27 18:24:15,457] {logging_mixin.py:115} INFO - [2022-11-27 18:24:15,457] {dag.py:2972} INFO - Setting next_dagrun for example_branch_python_operator_decorator to 2022-11-26T00:00:00+00:00, run_after=2022-11-27T00:00:00+00:00
[2022-11-27 18:24:15,494] {processor.py:161} INFO - Processing /home/airflow/.local/lib/python3.7/site-packages/airflow/example_dags/example_branch_operator_decorator.py took 0.205 seconds
[2022-11-27 18:24:46,099] {processor.py:153} INFO - Started process (PID=6745) to work on /home/airflow/.local/lib/python3.7/site-packages/airflow/example_dags/example_branch_operator_decorator.py
[2022-11-27 18:24:46,100] {processor.py:641} INFO - Processing file /home/airflow/.local/lib/python3.7/site-packages/airflow/example_dags/example_branch_operator_decorator.py for tasks to queue
[2022-11-27 18:24:46,101] {logging_mixin.py:115} INFO - [2022-11-27 18:24:46,101] {dagbag.py:508} INFO - Filling up the DagBag from /home/airflow/.local/lib/python3.7/site-packages/airflow/example_dags/example_branch_operator_decorator.py
[2022-11-27 18:24:46,146] {processor.py:651} INFO - DAG(s) dict_keys(['example_branch_python_operator_decorator']) retrieved from /home/airflow/.local/lib/python3.7/site-packages/airflow/example_dags/example_branch_operator_decorator.py
[2022-11-27 18:24:46,210] {logging_mixin.py:115} INFO - [2022-11-27 18:24:46,209] {dag.py:2420} INFO - Sync 1 DAGs
[2022-11-27 18:24:46,283] {logging_mixin.py:115} INFO - [2022-11-27 18:24:46,283] {dag.py:2972} INFO - Setting next_dagrun for example_branch_python_operator_decorator to 2022-11-26T00:00:00+00:00, run_after=2022-11-27T00:00:00+00:00
[2022-11-27 18:24:46,314] {processor.py:161} INFO - Processing /home/airflow/.local/lib/python3.7/site-packages/airflow/example_dags/example_branch_operator_decorator.py took 0.221 seconds
[2022-11-27 18:25:16,964] {processor.py:153} INFO - Started process (PID=6807) to work on /home/airflow/.local/lib/python3.7/site-packages/airflow/example_dags/example_branch_operator_decorator.py
[2022-11-27 18:25:16,965] {processor.py:641} INFO - Processing file /home/airflow/.local/lib/python3.7/site-packages/airflow/example_dags/example_branch_operator_decorator.py for tasks to queue
[2022-11-27 18:25:16,965] {logging_mixin.py:115} INFO - [2022-11-27 18:25:16,965] {dagbag.py:508} INFO - Filling up the DagBag from /home/airflow/.local/lib/python3.7/site-packages/airflow/example_dags/example_branch_operator_decorator.py
[2022-11-27 18:25:16,998] {processor.py:651} INFO - DAG(s) dict_keys(['example_branch_python_operator_decorator']) retrieved from /home/airflow/.local/lib/python3.7/site-packages/airflow/example_dags/example_branch_operator_decorator.py
[2022-11-27 18:25:17,049] {logging_mixin.py:115} INFO - [2022-11-27 18:25:17,049] {dag.py:2420} INFO - Sync 1 DAGs
[2022-11-27 18:25:17,101] {logging_mixin.py:115} INFO - [2022-11-27 18:25:17,101] {dag.py:2972} INFO - Setting next_dagrun for example_branch_python_operator_decorator to 2022-11-26T00:00:00+00:00, run_after=2022-11-27T00:00:00+00:00
[2022-11-27 18:25:17,124] {processor.py:161} INFO - Processing /home/airflow/.local/lib/python3.7/site-packages/airflow/example_dags/example_branch_operator_decorator.py took 0.164 seconds
[2022-11-27 18:25:47,776] {processor.py:153} INFO - Started process (PID=6864) to work on /home/airflow/.local/lib/python3.7/site-packages/airflow/example_dags/example_branch_operator_decorator.py
[2022-11-27 18:25:47,778] {processor.py:641} INFO - Processing file /home/airflow/.local/lib/python3.7/site-packages/airflow/example_dags/example_branch_operator_decorator.py for tasks to queue
[2022-11-27 18:25:47,778] {logging_mixin.py:115} INFO - [2022-11-27 18:25:47,778] {dagbag.py:508} INFO - Filling up the DagBag from /home/airflow/.local/lib/python3.7/site-packages/airflow/example_dags/example_branch_operator_decorator.py
[2022-11-27 18:25:47,816] {processor.py:651} INFO - DAG(s) dict_keys(['example_branch_python_operator_decorator']) retrieved from /home/airflow/.local/lib/python3.7/site-packages/airflow/example_dags/example_branch_operator_decorator.py
[2022-11-27 18:25:47,880] {logging_mixin.py:115} INFO - [2022-11-27 18:25:47,880] {dag.py:2420} INFO - Sync 1 DAGs
[2022-11-27 18:25:47,922] {logging_mixin.py:115} INFO - [2022-11-27 18:25:47,922] {dag.py:2972} INFO - Setting next_dagrun for example_branch_python_operator_decorator to 2022-11-26T00:00:00+00:00, run_after=2022-11-27T00:00:00+00:00
[2022-11-27 18:25:47,941] {processor.py:161} INFO - Processing /home/airflow/.local/lib/python3.7/site-packages/airflow/example_dags/example_branch_operator_decorator.py took 0.176 seconds
[2022-11-27 18:26:18,254] {processor.py:153} INFO - Started process (PID=6918) to work on /home/airflow/.local/lib/python3.7/site-packages/airflow/example_dags/example_branch_operator_decorator.py
[2022-11-27 18:26:18,255] {processor.py:641} INFO - Processing file /home/airflow/.local/lib/python3.7/site-packages/airflow/example_dags/example_branch_operator_decorator.py for tasks to queue
[2022-11-27 18:26:18,257] {logging_mixin.py:115} INFO - [2022-11-27 18:26:18,256] {dagbag.py:508} INFO - Filling up the DagBag from /home/airflow/.local/lib/python3.7/site-packages/airflow/example_dags/example_branch_operator_decorator.py
[2022-11-27 18:26:18,298] {processor.py:651} INFO - DAG(s) dict_keys(['example_branch_python_operator_decorator']) retrieved from /home/airflow/.local/lib/python3.7/site-packages/airflow/example_dags/example_branch_operator_decorator.py
[2022-11-27 18:26:18,354] {logging_mixin.py:115} INFO - [2022-11-27 18:26:18,353] {dag.py:2420} INFO - Sync 1 DAGs
[2022-11-27 18:26:18,415] {logging_mixin.py:115} INFO - [2022-11-27 18:26:18,415] {dag.py:2972} INFO - Setting next_dagrun for example_branch_python_operator_decorator to 2022-11-26T00:00:00+00:00, run_after=2022-11-27T00:00:00+00:00
[2022-11-27 18:26:18,441] {processor.py:161} INFO - Processing /home/airflow/.local/lib/python3.7/site-packages/airflow/example_dags/example_branch_operator_decorator.py took 0.193 seconds
[2022-11-27 18:26:48,971] {processor.py:153} INFO - Started process (PID=6981) to work on /home/airflow/.local/lib/python3.7/site-packages/airflow/example_dags/example_branch_operator_decorator.py
[2022-11-27 18:26:48,972] {processor.py:641} INFO - Processing file /home/airflow/.local/lib/python3.7/site-packages/airflow/example_dags/example_branch_operator_decorator.py for tasks to queue
[2022-11-27 18:26:48,972] {logging_mixin.py:115} INFO - [2022-11-27 18:26:48,972] {dagbag.py:508} INFO - Filling up the DagBag from /home/airflow/.local/lib/python3.7/site-packages/airflow/example_dags/example_branch_operator_decorator.py
[2022-11-27 18:26:48,995] {processor.py:651} INFO - DAG(s) dict_keys(['example_branch_python_operator_decorator']) retrieved from /home/airflow/.local/lib/python3.7/site-packages/airflow/example_dags/example_branch_operator_decorator.py
[2022-11-27 18:26:49,030] {logging_mixin.py:115} INFO - [2022-11-27 18:26:49,029] {dag.py:2420} INFO - Sync 1 DAGs
[2022-11-27 18:26:49,067] {logging_mixin.py:115} INFO - [2022-11-27 18:26:49,066] {dag.py:2972} INFO - Setting next_dagrun for example_branch_python_operator_decorator to 2022-11-26T00:00:00+00:00, run_after=2022-11-27T00:00:00+00:00
[2022-11-27 18:26:49,085] {processor.py:161} INFO - Processing /home/airflow/.local/lib/python3.7/site-packages/airflow/example_dags/example_branch_operator_decorator.py took 0.118 seconds
[2022-11-27 18:27:19,519] {processor.py:153} INFO - Started process (PID=7036) to work on /home/airflow/.local/lib/python3.7/site-packages/airflow/example_dags/example_branch_operator_decorator.py
[2022-11-27 18:27:19,520] {processor.py:641} INFO - Processing file /home/airflow/.local/lib/python3.7/site-packages/airflow/example_dags/example_branch_operator_decorator.py for tasks to queue
[2022-11-27 18:27:19,521] {logging_mixin.py:115} INFO - [2022-11-27 18:27:19,521] {dagbag.py:508} INFO - Filling up the DagBag from /home/airflow/.local/lib/python3.7/site-packages/airflow/example_dags/example_branch_operator_decorator.py
[2022-11-27 18:27:19,547] {processor.py:651} INFO - DAG(s) dict_keys(['example_branch_python_operator_decorator']) retrieved from /home/airflow/.local/lib/python3.7/site-packages/airflow/example_dags/example_branch_operator_decorator.py
[2022-11-27 18:27:19,581] {logging_mixin.py:115} INFO - [2022-11-27 18:27:19,581] {dag.py:2420} INFO - Sync 1 DAGs
[2022-11-27 18:27:19,616] {logging_mixin.py:115} INFO - [2022-11-27 18:27:19,616] {dag.py:2972} INFO - Setting next_dagrun for example_branch_python_operator_decorator to 2022-11-26T00:00:00+00:00, run_after=2022-11-27T00:00:00+00:00
[2022-11-27 18:27:19,632] {processor.py:161} INFO - Processing /home/airflow/.local/lib/python3.7/site-packages/airflow/example_dags/example_branch_operator_decorator.py took 0.117 seconds
[2022-11-27 18:27:50,082] {processor.py:153} INFO - Started process (PID=7099) to work on /home/airflow/.local/lib/python3.7/site-packages/airflow/example_dags/example_branch_operator_decorator.py
[2022-11-27 18:27:50,083] {processor.py:641} INFO - Processing file /home/airflow/.local/lib/python3.7/site-packages/airflow/example_dags/example_branch_operator_decorator.py for tasks to queue
[2022-11-27 18:27:50,083] {logging_mixin.py:115} INFO - [2022-11-27 18:27:50,083] {dagbag.py:508} INFO - Filling up the DagBag from /home/airflow/.local/lib/python3.7/site-packages/airflow/example_dags/example_branch_operator_decorator.py
[2022-11-27 18:27:50,109] {processor.py:651} INFO - DAG(s) dict_keys(['example_branch_python_operator_decorator']) retrieved from /home/airflow/.local/lib/python3.7/site-packages/airflow/example_dags/example_branch_operator_decorator.py
[2022-11-27 18:27:50,142] {logging_mixin.py:115} INFO - [2022-11-27 18:27:50,142] {dag.py:2420} INFO - Sync 1 DAGs
[2022-11-27 18:27:50,180] {logging_mixin.py:115} INFO - [2022-11-27 18:27:50,180] {dag.py:2972} INFO - Setting next_dagrun for example_branch_python_operator_decorator to 2022-11-26T00:00:00+00:00, run_after=2022-11-27T00:00:00+00:00
[2022-11-27 18:27:50,198] {processor.py:161} INFO - Processing /home/airflow/.local/lib/python3.7/site-packages/airflow/example_dags/example_branch_operator_decorator.py took 0.119 seconds
[2022-11-27 18:28:20,994] {processor.py:153} INFO - Started process (PID=7153) to work on /home/airflow/.local/lib/python3.7/site-packages/airflow/example_dags/example_branch_operator_decorator.py
[2022-11-27 18:28:20,995] {processor.py:641} INFO - Processing file /home/airflow/.local/lib/python3.7/site-packages/airflow/example_dags/example_branch_operator_decorator.py for tasks to queue
[2022-11-27 18:28:20,996] {logging_mixin.py:115} INFO - [2022-11-27 18:28:20,996] {dagbag.py:508} INFO - Filling up the DagBag from /home/airflow/.local/lib/python3.7/site-packages/airflow/example_dags/example_branch_operator_decorator.py
[2022-11-27 18:28:21,025] {processor.py:651} INFO - DAG(s) dict_keys(['example_branch_python_operator_decorator']) retrieved from /home/airflow/.local/lib/python3.7/site-packages/airflow/example_dags/example_branch_operator_decorator.py
[2022-11-27 18:28:21,060] {logging_mixin.py:115} INFO - [2022-11-27 18:28:21,059] {dag.py:2420} INFO - Sync 1 DAGs
[2022-11-27 18:28:21,098] {logging_mixin.py:115} INFO - [2022-11-27 18:28:21,097] {dag.py:2972} INFO - Setting next_dagrun for example_branch_python_operator_decorator to 2022-11-26T00:00:00+00:00, run_after=2022-11-27T00:00:00+00:00
[2022-11-27 18:28:21,119] {processor.py:161} INFO - Processing /home/airflow/.local/lib/python3.7/site-packages/airflow/example_dags/example_branch_operator_decorator.py took 0.128 seconds
[2022-11-27 18:28:51,418] {processor.py:153} INFO - Started process (PID=7216) to work on /home/airflow/.local/lib/python3.7/site-packages/airflow/example_dags/example_branch_operator_decorator.py
[2022-11-27 18:28:51,419] {processor.py:641} INFO - Processing file /home/airflow/.local/lib/python3.7/site-packages/airflow/example_dags/example_branch_operator_decorator.py for tasks to queue
[2022-11-27 18:28:51,419] {logging_mixin.py:115} INFO - [2022-11-27 18:28:51,419] {dagbag.py:508} INFO - Filling up the DagBag from /home/airflow/.local/lib/python3.7/site-packages/airflow/example_dags/example_branch_operator_decorator.py
[2022-11-27 18:28:51,437] {processor.py:651} INFO - DAG(s) dict_keys(['example_branch_python_operator_decorator']) retrieved from /home/airflow/.local/lib/python3.7/site-packages/airflow/example_dags/example_branch_operator_decorator.py
[2022-11-27 18:28:51,467] {logging_mixin.py:115} INFO - [2022-11-27 18:28:51,467] {dag.py:2420} INFO - Sync 1 DAGs
[2022-11-27 18:28:51,495] {logging_mixin.py:115} INFO - [2022-11-27 18:28:51,495] {dag.py:2972} INFO - Setting next_dagrun for example_branch_python_operator_decorator to 2022-11-26T00:00:00+00:00, run_after=2022-11-27T00:00:00+00:00
[2022-11-27 18:28:51,508] {processor.py:161} INFO - Processing /home/airflow/.local/lib/python3.7/site-packages/airflow/example_dags/example_branch_operator_decorator.py took 0.092 seconds
[2022-11-27 18:29:21,868] {processor.py:153} INFO - Started process (PID=7270) to work on /home/airflow/.local/lib/python3.7/site-packages/airflow/example_dags/example_branch_operator_decorator.py
[2022-11-27 18:29:21,868] {processor.py:641} INFO - Processing file /home/airflow/.local/lib/python3.7/site-packages/airflow/example_dags/example_branch_operator_decorator.py for tasks to queue
[2022-11-27 18:29:21,869] {logging_mixin.py:115} INFO - [2022-11-27 18:29:21,869] {dagbag.py:508} INFO - Filling up the DagBag from /home/airflow/.local/lib/python3.7/site-packages/airflow/example_dags/example_branch_operator_decorator.py
[2022-11-27 18:29:21,892] {processor.py:651} INFO - DAG(s) dict_keys(['example_branch_python_operator_decorator']) retrieved from /home/airflow/.local/lib/python3.7/site-packages/airflow/example_dags/example_branch_operator_decorator.py
[2022-11-27 18:29:21,921] {logging_mixin.py:115} INFO - [2022-11-27 18:29:21,921] {dag.py:2420} INFO - Sync 1 DAGs
[2022-11-27 18:29:21,955] {logging_mixin.py:115} INFO - [2022-11-27 18:29:21,955] {dag.py:2972} INFO - Setting next_dagrun for example_branch_python_operator_decorator to 2022-11-26T00:00:00+00:00, run_after=2022-11-27T00:00:00+00:00
[2022-11-27 18:29:21,974] {processor.py:161} INFO - Processing /home/airflow/.local/lib/python3.7/site-packages/airflow/example_dags/example_branch_operator_decorator.py took 0.111 seconds
[2022-11-27 18:29:52,543] {processor.py:153} INFO - Started process (PID=7332) to work on /home/airflow/.local/lib/python3.7/site-packages/airflow/example_dags/example_branch_operator_decorator.py
[2022-11-27 18:29:52,544] {processor.py:641} INFO - Processing file /home/airflow/.local/lib/python3.7/site-packages/airflow/example_dags/example_branch_operator_decorator.py for tasks to queue
[2022-11-27 18:29:52,544] {logging_mixin.py:115} INFO - [2022-11-27 18:29:52,544] {dagbag.py:508} INFO - Filling up the DagBag from /home/airflow/.local/lib/python3.7/site-packages/airflow/example_dags/example_branch_operator_decorator.py
[2022-11-27 18:29:52,573] {processor.py:651} INFO - DAG(s) dict_keys(['example_branch_python_operator_decorator']) retrieved from /home/airflow/.local/lib/python3.7/site-packages/airflow/example_dags/example_branch_operator_decorator.py
[2022-11-27 18:29:52,632] {logging_mixin.py:115} INFO - [2022-11-27 18:29:52,631] {dag.py:2420} INFO - Sync 1 DAGs
[2022-11-27 18:29:52,668] {logging_mixin.py:115} INFO - [2022-11-27 18:29:52,667] {dag.py:2972} INFO - Setting next_dagrun for example_branch_python_operator_decorator to 2022-11-26T00:00:00+00:00, run_after=2022-11-27T00:00:00+00:00
[2022-11-27 18:29:52,688] {processor.py:161} INFO - Processing /home/airflow/.local/lib/python3.7/site-packages/airflow/example_dags/example_branch_operator_decorator.py took 0.149 seconds
[2022-11-27 18:30:23,236] {processor.py:153} INFO - Started process (PID=7395) to work on /home/airflow/.local/lib/python3.7/site-packages/airflow/example_dags/example_branch_operator_decorator.py
[2022-11-27 18:30:23,237] {processor.py:641} INFO - Processing file /home/airflow/.local/lib/python3.7/site-packages/airflow/example_dags/example_branch_operator_decorator.py for tasks to queue
[2022-11-27 18:30:23,238] {logging_mixin.py:115} INFO - [2022-11-27 18:30:23,238] {dagbag.py:508} INFO - Filling up the DagBag from /home/airflow/.local/lib/python3.7/site-packages/airflow/example_dags/example_branch_operator_decorator.py
[2022-11-27 18:30:23,274] {processor.py:651} INFO - DAG(s) dict_keys(['example_branch_python_operator_decorator']) retrieved from /home/airflow/.local/lib/python3.7/site-packages/airflow/example_dags/example_branch_operator_decorator.py
[2022-11-27 18:30:23,302] {logging_mixin.py:115} INFO - [2022-11-27 18:30:23,302] {dag.py:2420} INFO - Sync 1 DAGs
[2022-11-27 18:30:23,329] {logging_mixin.py:115} INFO - [2022-11-27 18:30:23,329] {dag.py:2972} INFO - Setting next_dagrun for example_branch_python_operator_decorator to 2022-11-26T00:00:00+00:00, run_after=2022-11-27T00:00:00+00:00
[2022-11-27 18:30:23,343] {processor.py:161} INFO - Processing /home/airflow/.local/lib/python3.7/site-packages/airflow/example_dags/example_branch_operator_decorator.py took 0.112 seconds
[2022-11-27 18:30:53,796] {processor.py:153} INFO - Started process (PID=7449) to work on /home/airflow/.local/lib/python3.7/site-packages/airflow/example_dags/example_branch_operator_decorator.py
[2022-11-27 18:30:53,796] {processor.py:641} INFO - Processing file /home/airflow/.local/lib/python3.7/site-packages/airflow/example_dags/example_branch_operator_decorator.py for tasks to queue
[2022-11-27 18:30:53,797] {logging_mixin.py:115} INFO - [2022-11-27 18:30:53,797] {dagbag.py:508} INFO - Filling up the DagBag from /home/airflow/.local/lib/python3.7/site-packages/airflow/example_dags/example_branch_operator_decorator.py
[2022-11-27 18:30:53,814] {processor.py:651} INFO - DAG(s) dict_keys(['example_branch_python_operator_decorator']) retrieved from /home/airflow/.local/lib/python3.7/site-packages/airflow/example_dags/example_branch_operator_decorator.py
[2022-11-27 18:30:53,844] {logging_mixin.py:115} INFO - [2022-11-27 18:30:53,844] {dag.py:2420} INFO - Sync 1 DAGs
[2022-11-27 18:30:53,875] {logging_mixin.py:115} INFO - [2022-11-27 18:30:53,875] {dag.py:2972} INFO - Setting next_dagrun for example_branch_python_operator_decorator to 2022-11-26T00:00:00+00:00, run_after=2022-11-27T00:00:00+00:00
[2022-11-27 18:30:53,889] {processor.py:161} INFO - Processing /home/airflow/.local/lib/python3.7/site-packages/airflow/example_dags/example_branch_operator_decorator.py took 0.096 seconds
[2022-11-27 18:31:24,101] {processor.py:153} INFO - Started process (PID=7512) to work on /home/airflow/.local/lib/python3.7/site-packages/airflow/example_dags/example_branch_operator_decorator.py
[2022-11-27 18:31:24,101] {processor.py:641} INFO - Processing file /home/airflow/.local/lib/python3.7/site-packages/airflow/example_dags/example_branch_operator_decorator.py for tasks to queue
[2022-11-27 18:31:24,102] {logging_mixin.py:115} INFO - [2022-11-27 18:31:24,102] {dagbag.py:508} INFO - Filling up the DagBag from /home/airflow/.local/lib/python3.7/site-packages/airflow/example_dags/example_branch_operator_decorator.py
[2022-11-27 18:31:24,123] {processor.py:651} INFO - DAG(s) dict_keys(['example_branch_python_operator_decorator']) retrieved from /home/airflow/.local/lib/python3.7/site-packages/airflow/example_dags/example_branch_operator_decorator.py
[2022-11-27 18:31:24,156] {logging_mixin.py:115} INFO - [2022-11-27 18:31:24,156] {dag.py:2420} INFO - Sync 1 DAGs
[2022-11-27 18:31:24,186] {logging_mixin.py:115} INFO - [2022-11-27 18:31:24,185] {dag.py:2972} INFO - Setting next_dagrun for example_branch_python_operator_decorator to 2022-11-26T00:00:00+00:00, run_after=2022-11-27T00:00:00+00:00
[2022-11-27 18:31:24,201] {processor.py:161} INFO - Processing /home/airflow/.local/lib/python3.7/site-packages/airflow/example_dags/example_branch_operator_decorator.py took 0.104 seconds
[2022-11-27 18:31:54,383] {processor.py:153} INFO - Started process (PID=7575) to work on /home/airflow/.local/lib/python3.7/site-packages/airflow/example_dags/example_branch_operator_decorator.py
[2022-11-27 18:31:54,384] {processor.py:641} INFO - Processing file /home/airflow/.local/lib/python3.7/site-packages/airflow/example_dags/example_branch_operator_decorator.py for tasks to queue
[2022-11-27 18:31:54,385] {logging_mixin.py:115} INFO - [2022-11-27 18:31:54,385] {dagbag.py:508} INFO - Filling up the DagBag from /home/airflow/.local/lib/python3.7/site-packages/airflow/example_dags/example_branch_operator_decorator.py
[2022-11-27 18:31:54,425] {processor.py:651} INFO - DAG(s) dict_keys(['example_branch_python_operator_decorator']) retrieved from /home/airflow/.local/lib/python3.7/site-packages/airflow/example_dags/example_branch_operator_decorator.py
[2022-11-27 18:31:54,455] {logging_mixin.py:115} INFO - [2022-11-27 18:31:54,455] {dag.py:2420} INFO - Sync 1 DAGs
[2022-11-27 18:31:54,480] {logging_mixin.py:115} INFO - [2022-11-27 18:31:54,480] {dag.py:2972} INFO - Setting next_dagrun for example_branch_python_operator_decorator to 2022-11-26T00:00:00+00:00, run_after=2022-11-27T00:00:00+00:00
[2022-11-27 18:31:54,494] {processor.py:161} INFO - Processing /home/airflow/.local/lib/python3.7/site-packages/airflow/example_dags/example_branch_operator_decorator.py took 0.115 seconds
[2022-11-27 18:32:24,655] {processor.py:153} INFO - Started process (PID=7629) to work on /home/airflow/.local/lib/python3.7/site-packages/airflow/example_dags/example_branch_operator_decorator.py
[2022-11-27 18:32:24,655] {processor.py:641} INFO - Processing file /home/airflow/.local/lib/python3.7/site-packages/airflow/example_dags/example_branch_operator_decorator.py for tasks to queue
[2022-11-27 18:32:24,656] {logging_mixin.py:115} INFO - [2022-11-27 18:32:24,656] {dagbag.py:508} INFO - Filling up the DagBag from /home/airflow/.local/lib/python3.7/site-packages/airflow/example_dags/example_branch_operator_decorator.py
[2022-11-27 18:32:24,676] {processor.py:651} INFO - DAG(s) dict_keys(['example_branch_python_operator_decorator']) retrieved from /home/airflow/.local/lib/python3.7/site-packages/airflow/example_dags/example_branch_operator_decorator.py
[2022-11-27 18:32:24,712] {logging_mixin.py:115} INFO - [2022-11-27 18:32:24,712] {dag.py:2420} INFO - Sync 1 DAGs
[2022-11-27 18:32:24,756] {logging_mixin.py:115} INFO - [2022-11-27 18:32:24,755] {dag.py:2972} INFO - Setting next_dagrun for example_branch_python_operator_decorator to 2022-11-26T00:00:00+00:00, run_after=2022-11-27T00:00:00+00:00
[2022-11-27 18:32:24,777] {processor.py:161} INFO - Processing /home/airflow/.local/lib/python3.7/site-packages/airflow/example_dags/example_branch_operator_decorator.py took 0.125 seconds
[2022-11-27 18:32:55,102] {processor.py:153} INFO - Started process (PID=7693) to work on /home/airflow/.local/lib/python3.7/site-packages/airflow/example_dags/example_branch_operator_decorator.py
[2022-11-27 18:32:55,103] {processor.py:641} INFO - Processing file /home/airflow/.local/lib/python3.7/site-packages/airflow/example_dags/example_branch_operator_decorator.py for tasks to queue
[2022-11-27 18:32:55,103] {logging_mixin.py:115} INFO - [2022-11-27 18:32:55,103] {dagbag.py:508} INFO - Filling up the DagBag from /home/airflow/.local/lib/python3.7/site-packages/airflow/example_dags/example_branch_operator_decorator.py
[2022-11-27 18:32:55,121] {processor.py:651} INFO - DAG(s) dict_keys(['example_branch_python_operator_decorator']) retrieved from /home/airflow/.local/lib/python3.7/site-packages/airflow/example_dags/example_branch_operator_decorator.py
[2022-11-27 18:32:55,150] {logging_mixin.py:115} INFO - [2022-11-27 18:32:55,150] {dag.py:2420} INFO - Sync 1 DAGs
[2022-11-27 18:32:55,176] {logging_mixin.py:115} INFO - [2022-11-27 18:32:55,176] {dag.py:2972} INFO - Setting next_dagrun for example_branch_python_operator_decorator to 2022-11-26T00:00:00+00:00, run_after=2022-11-27T00:00:00+00:00
[2022-11-27 18:32:55,189] {processor.py:161} INFO - Processing /home/airflow/.local/lib/python3.7/site-packages/airflow/example_dags/example_branch_operator_decorator.py took 0.090 seconds
