[2022-11-27 16:54:05,750] {processor.py:153} INFO - Started process (PID=5368) to work on /home/airflow/.local/lib/python3.7/site-packages/airflow/example_dags/example_bash_operator.py
[2022-11-27 16:54:05,751] {processor.py:641} INFO - Processing file /home/airflow/.local/lib/python3.7/site-packages/airflow/example_dags/example_bash_operator.py for tasks to queue
[2022-11-27 16:54:05,752] {logging_mixin.py:115} INFO - [2022-11-27 16:54:05,752] {dagbag.py:508} INFO - Filling up the DagBag from /home/airflow/.local/lib/python3.7/site-packages/airflow/example_dags/example_bash_operator.py
[2022-11-27 16:54:05,791] {processor.py:651} INFO - DAG(s) dict_keys(['example_bash_operator']) retrieved from /home/airflow/.local/lib/python3.7/site-packages/airflow/example_dags/example_bash_operator.py
[2022-11-27 16:54:05,855] {logging_mixin.py:115} INFO - [2022-11-27 16:54:05,855] {dag.py:2420} INFO - Sync 1 DAGs
[2022-11-27 16:54:05,918] {logging_mixin.py:115} INFO - [2022-11-27 16:54:05,918] {dag.py:2972} INFO - Setting next_dagrun for example_bash_operator to 2022-11-26T00:00:00+00:00, run_after=2022-11-27T00:00:00+00:00
[2022-11-27 16:54:05,949] {processor.py:161} INFO - Processing /home/airflow/.local/lib/python3.7/site-packages/airflow/example_dags/example_bash_operator.py took 0.204 seconds
[2022-11-27 18:12:57,722] {processor.py:153} INFO - Started process (PID=5404) to work on /home/airflow/.local/lib/python3.7/site-packages/airflow/example_dags/example_bash_operator.py
[2022-11-27 18:12:57,723] {processor.py:641} INFO - Processing file /home/airflow/.local/lib/python3.7/site-packages/airflow/example_dags/example_bash_operator.py for tasks to queue
[2022-11-27 18:12:57,724] {logging_mixin.py:115} INFO - [2022-11-27 18:12:57,724] {dagbag.py:508} INFO - Filling up the DagBag from /home/airflow/.local/lib/python3.7/site-packages/airflow/example_dags/example_bash_operator.py
[2022-11-27 18:12:57,743] {processor.py:651} INFO - DAG(s) dict_keys(['example_bash_operator']) retrieved from /home/airflow/.local/lib/python3.7/site-packages/airflow/example_dags/example_bash_operator.py
[2022-11-27 18:12:57,779] {logging_mixin.py:115} INFO - [2022-11-27 18:12:57,779] {dag.py:2420} INFO - Sync 1 DAGs
[2022-11-27 18:12:57,815] {logging_mixin.py:115} INFO - [2022-11-27 18:12:57,815] {dag.py:2972} INFO - Setting next_dagrun for example_bash_operator to 2022-11-26T00:00:00+00:00, run_after=2022-11-27T00:00:00+00:00
[2022-11-27 18:12:57,836] {processor.py:161} INFO - Processing /home/airflow/.local/lib/python3.7/site-packages/airflow/example_dags/example_bash_operator.py took 0.118 seconds
[2022-11-27 18:13:28,030] {processor.py:153} INFO - Started process (PID=5467) to work on /home/airflow/.local/lib/python3.7/site-packages/airflow/example_dags/example_bash_operator.py
[2022-11-27 18:13:28,031] {processor.py:641} INFO - Processing file /home/airflow/.local/lib/python3.7/site-packages/airflow/example_dags/example_bash_operator.py for tasks to queue
[2022-11-27 18:13:28,032] {logging_mixin.py:115} INFO - [2022-11-27 18:13:28,032] {dagbag.py:508} INFO - Filling up the DagBag from /home/airflow/.local/lib/python3.7/site-packages/airflow/example_dags/example_bash_operator.py
[2022-11-27 18:13:28,051] {processor.py:651} INFO - DAG(s) dict_keys(['example_bash_operator']) retrieved from /home/airflow/.local/lib/python3.7/site-packages/airflow/example_dags/example_bash_operator.py
[2022-11-27 18:13:28,088] {logging_mixin.py:115} INFO - [2022-11-27 18:13:28,088] {dag.py:2420} INFO - Sync 1 DAGs
[2022-11-27 18:13:28,127] {logging_mixin.py:115} INFO - [2022-11-27 18:13:28,126] {dag.py:2972} INFO - Setting next_dagrun for example_bash_operator to 2022-11-26T00:00:00+00:00, run_after=2022-11-27T00:00:00+00:00
[2022-11-27 18:13:28,147] {processor.py:161} INFO - Processing /home/airflow/.local/lib/python3.7/site-packages/airflow/example_dags/example_bash_operator.py took 0.121 seconds
[2022-11-27 18:13:58,373] {processor.py:153} INFO - Started process (PID=5521) to work on /home/airflow/.local/lib/python3.7/site-packages/airflow/example_dags/example_bash_operator.py
[2022-11-27 18:13:58,374] {processor.py:641} INFO - Processing file /home/airflow/.local/lib/python3.7/site-packages/airflow/example_dags/example_bash_operator.py for tasks to queue
[2022-11-27 18:13:58,374] {logging_mixin.py:115} INFO - [2022-11-27 18:13:58,374] {dagbag.py:508} INFO - Filling up the DagBag from /home/airflow/.local/lib/python3.7/site-packages/airflow/example_dags/example_bash_operator.py
[2022-11-27 18:13:58,385] {processor.py:651} INFO - DAG(s) dict_keys(['example_bash_operator']) retrieved from /home/airflow/.local/lib/python3.7/site-packages/airflow/example_dags/example_bash_operator.py
[2022-11-27 18:13:58,418] {logging_mixin.py:115} INFO - [2022-11-27 18:13:58,418] {dag.py:2420} INFO - Sync 1 DAGs
[2022-11-27 18:13:58,457] {logging_mixin.py:115} INFO - [2022-11-27 18:13:58,457] {dag.py:2972} INFO - Setting next_dagrun for example_bash_operator to 2022-11-26T00:00:00+00:00, run_after=2022-11-27T00:00:00+00:00
[2022-11-27 18:13:58,471] {processor.py:161} INFO - Processing /home/airflow/.local/lib/python3.7/site-packages/airflow/example_dags/example_bash_operator.py took 0.100 seconds
[2022-11-27 18:14:28,684] {processor.py:153} INFO - Started process (PID=5583) to work on /home/airflow/.local/lib/python3.7/site-packages/airflow/example_dags/example_bash_operator.py
[2022-11-27 18:14:28,685] {processor.py:641} INFO - Processing file /home/airflow/.local/lib/python3.7/site-packages/airflow/example_dags/example_bash_operator.py for tasks to queue
[2022-11-27 18:14:28,686] {logging_mixin.py:115} INFO - [2022-11-27 18:14:28,686] {dagbag.py:508} INFO - Filling up the DagBag from /home/airflow/.local/lib/python3.7/site-packages/airflow/example_dags/example_bash_operator.py
[2022-11-27 18:14:28,711] {processor.py:651} INFO - DAG(s) dict_keys(['example_bash_operator']) retrieved from /home/airflow/.local/lib/python3.7/site-packages/airflow/example_dags/example_bash_operator.py
[2022-11-27 18:14:28,747] {logging_mixin.py:115} INFO - [2022-11-27 18:14:28,747] {dag.py:2420} INFO - Sync 1 DAGs
[2022-11-27 18:14:28,790] {logging_mixin.py:115} INFO - [2022-11-27 18:14:28,789] {dag.py:2972} INFO - Setting next_dagrun for example_bash_operator to 2022-11-26T00:00:00+00:00, run_after=2022-11-27T00:00:00+00:00
[2022-11-27 18:14:28,808] {processor.py:161} INFO - Processing /home/airflow/.local/lib/python3.7/site-packages/airflow/example_dags/example_bash_operator.py took 0.127 seconds
[2022-11-27 18:14:59,634] {processor.py:153} INFO - Started process (PID=5643) to work on /home/airflow/.local/lib/python3.7/site-packages/airflow/example_dags/example_bash_operator.py
[2022-11-27 18:14:59,635] {processor.py:641} INFO - Processing file /home/airflow/.local/lib/python3.7/site-packages/airflow/example_dags/example_bash_operator.py for tasks to queue
[2022-11-27 18:14:59,635] {logging_mixin.py:115} INFO - [2022-11-27 18:14:59,635] {dagbag.py:508} INFO - Filling up the DagBag from /home/airflow/.local/lib/python3.7/site-packages/airflow/example_dags/example_bash_operator.py
[2022-11-27 18:14:59,651] {processor.py:651} INFO - DAG(s) dict_keys(['example_bash_operator']) retrieved from /home/airflow/.local/lib/python3.7/site-packages/airflow/example_dags/example_bash_operator.py
[2022-11-27 18:14:59,693] {logging_mixin.py:115} INFO - [2022-11-27 18:14:59,693] {dag.py:2420} INFO - Sync 1 DAGs
[2022-11-27 18:14:59,737] {logging_mixin.py:115} INFO - [2022-11-27 18:14:59,736] {dag.py:2972} INFO - Setting next_dagrun for example_bash_operator to 2022-11-26T00:00:00+00:00, run_after=2022-11-27T00:00:00+00:00
[2022-11-27 18:14:59,755] {processor.py:161} INFO - Processing /home/airflow/.local/lib/python3.7/site-packages/airflow/example_dags/example_bash_operator.py took 0.124 seconds
[2022-11-27 18:15:30,476] {processor.py:153} INFO - Started process (PID=5699) to work on /home/airflow/.local/lib/python3.7/site-packages/airflow/example_dags/example_bash_operator.py
[2022-11-27 18:15:30,478] {processor.py:641} INFO - Processing file /home/airflow/.local/lib/python3.7/site-packages/airflow/example_dags/example_bash_operator.py for tasks to queue
[2022-11-27 18:15:30,479] {logging_mixin.py:115} INFO - [2022-11-27 18:15:30,479] {dagbag.py:508} INFO - Filling up the DagBag from /home/airflow/.local/lib/python3.7/site-packages/airflow/example_dags/example_bash_operator.py
[2022-11-27 18:15:30,495] {processor.py:651} INFO - DAG(s) dict_keys(['example_bash_operator']) retrieved from /home/airflow/.local/lib/python3.7/site-packages/airflow/example_dags/example_bash_operator.py
[2022-11-27 18:15:30,530] {logging_mixin.py:115} INFO - [2022-11-27 18:15:30,530] {dag.py:2420} INFO - Sync 1 DAGs
[2022-11-27 18:15:30,564] {logging_mixin.py:115} INFO - [2022-11-27 18:15:30,564] {dag.py:2972} INFO - Setting next_dagrun for example_bash_operator to 2022-11-26T00:00:00+00:00, run_after=2022-11-27T00:00:00+00:00
[2022-11-27 18:15:30,580] {processor.py:161} INFO - Processing /home/airflow/.local/lib/python3.7/site-packages/airflow/example_dags/example_bash_operator.py took 0.110 seconds
[2022-11-27 18:16:01,475] {processor.py:153} INFO - Started process (PID=5763) to work on /home/airflow/.local/lib/python3.7/site-packages/airflow/example_dags/example_bash_operator.py
[2022-11-27 18:16:01,475] {processor.py:641} INFO - Processing file /home/airflow/.local/lib/python3.7/site-packages/airflow/example_dags/example_bash_operator.py for tasks to queue
[2022-11-27 18:16:01,476] {logging_mixin.py:115} INFO - [2022-11-27 18:16:01,476] {dagbag.py:508} INFO - Filling up the DagBag from /home/airflow/.local/lib/python3.7/site-packages/airflow/example_dags/example_bash_operator.py
[2022-11-27 18:16:01,488] {processor.py:651} INFO - DAG(s) dict_keys(['example_bash_operator']) retrieved from /home/airflow/.local/lib/python3.7/site-packages/airflow/example_dags/example_bash_operator.py
[2022-11-27 18:16:01,521] {logging_mixin.py:115} INFO - [2022-11-27 18:16:01,521] {dag.py:2420} INFO - Sync 1 DAGs
[2022-11-27 18:16:01,555] {logging_mixin.py:115} INFO - [2022-11-27 18:16:01,555] {dag.py:2972} INFO - Setting next_dagrun for example_bash_operator to 2022-11-26T00:00:00+00:00, run_after=2022-11-27T00:00:00+00:00
[2022-11-27 18:16:01,571] {processor.py:161} INFO - Processing /home/airflow/.local/lib/python3.7/site-packages/airflow/example_dags/example_bash_operator.py took 0.100 seconds
[2022-11-27 18:16:32,207] {processor.py:153} INFO - Started process (PID=5816) to work on /home/airflow/.local/lib/python3.7/site-packages/airflow/example_dags/example_bash_operator.py
[2022-11-27 18:16:32,209] {processor.py:641} INFO - Processing file /home/airflow/.local/lib/python3.7/site-packages/airflow/example_dags/example_bash_operator.py for tasks to queue
[2022-11-27 18:16:32,209] {logging_mixin.py:115} INFO - [2022-11-27 18:16:32,209] {dagbag.py:508} INFO - Filling up the DagBag from /home/airflow/.local/lib/python3.7/site-packages/airflow/example_dags/example_bash_operator.py
[2022-11-27 18:16:32,221] {processor.py:651} INFO - DAG(s) dict_keys(['example_bash_operator']) retrieved from /home/airflow/.local/lib/python3.7/site-packages/airflow/example_dags/example_bash_operator.py
[2022-11-27 18:16:32,249] {logging_mixin.py:115} INFO - [2022-11-27 18:16:32,249] {dag.py:2420} INFO - Sync 1 DAGs
[2022-11-27 18:16:32,279] {logging_mixin.py:115} INFO - [2022-11-27 18:16:32,279] {dag.py:2972} INFO - Setting next_dagrun for example_bash_operator to 2022-11-26T00:00:00+00:00, run_after=2022-11-27T00:00:00+00:00
[2022-11-27 18:16:32,293] {processor.py:161} INFO - Processing /home/airflow/.local/lib/python3.7/site-packages/airflow/example_dags/example_bash_operator.py took 0.089 seconds
[2022-11-27 18:17:03,021] {processor.py:153} INFO - Started process (PID=5880) to work on /home/airflow/.local/lib/python3.7/site-packages/airflow/example_dags/example_bash_operator.py
[2022-11-27 18:17:03,022] {processor.py:641} INFO - Processing file /home/airflow/.local/lib/python3.7/site-packages/airflow/example_dags/example_bash_operator.py for tasks to queue
[2022-11-27 18:17:03,022] {logging_mixin.py:115} INFO - [2022-11-27 18:17:03,022] {dagbag.py:508} INFO - Filling up the DagBag from /home/airflow/.local/lib/python3.7/site-packages/airflow/example_dags/example_bash_operator.py
[2022-11-27 18:17:03,036] {processor.py:651} INFO - DAG(s) dict_keys(['example_bash_operator']) retrieved from /home/airflow/.local/lib/python3.7/site-packages/airflow/example_dags/example_bash_operator.py
[2022-11-27 18:17:03,068] {logging_mixin.py:115} INFO - [2022-11-27 18:17:03,068] {dag.py:2420} INFO - Sync 1 DAGs
[2022-11-27 18:17:03,100] {logging_mixin.py:115} INFO - [2022-11-27 18:17:03,100] {dag.py:2972} INFO - Setting next_dagrun for example_bash_operator to 2022-11-26T00:00:00+00:00, run_after=2022-11-27T00:00:00+00:00
[2022-11-27 18:17:03,116] {processor.py:161} INFO - Processing /home/airflow/.local/lib/python3.7/site-packages/airflow/example_dags/example_bash_operator.py took 0.098 seconds
[2022-11-27 18:17:33,633] {processor.py:153} INFO - Started process (PID=5933) to work on /home/airflow/.local/lib/python3.7/site-packages/airflow/example_dags/example_bash_operator.py
[2022-11-27 18:17:33,633] {processor.py:641} INFO - Processing file /home/airflow/.local/lib/python3.7/site-packages/airflow/example_dags/example_bash_operator.py for tasks to queue
[2022-11-27 18:17:33,634] {logging_mixin.py:115} INFO - [2022-11-27 18:17:33,634] {dagbag.py:508} INFO - Filling up the DagBag from /home/airflow/.local/lib/python3.7/site-packages/airflow/example_dags/example_bash_operator.py
[2022-11-27 18:17:33,650] {processor.py:651} INFO - DAG(s) dict_keys(['example_bash_operator']) retrieved from /home/airflow/.local/lib/python3.7/site-packages/airflow/example_dags/example_bash_operator.py
[2022-11-27 18:17:33,682] {logging_mixin.py:115} INFO - [2022-11-27 18:17:33,682] {dag.py:2420} INFO - Sync 1 DAGs
[2022-11-27 18:17:33,719] {logging_mixin.py:115} INFO - [2022-11-27 18:17:33,718] {dag.py:2972} INFO - Setting next_dagrun for example_bash_operator to 2022-11-26T00:00:00+00:00, run_after=2022-11-27T00:00:00+00:00
[2022-11-27 18:17:33,746] {processor.py:161} INFO - Processing /home/airflow/.local/lib/python3.7/site-packages/airflow/example_dags/example_bash_operator.py took 0.117 seconds
[2022-11-27 18:18:04,283] {processor.py:153} INFO - Started process (PID=5996) to work on /home/airflow/.local/lib/python3.7/site-packages/airflow/example_dags/example_bash_operator.py
[2022-11-27 18:18:04,284] {processor.py:641} INFO - Processing file /home/airflow/.local/lib/python3.7/site-packages/airflow/example_dags/example_bash_operator.py for tasks to queue
[2022-11-27 18:18:04,284] {logging_mixin.py:115} INFO - [2022-11-27 18:18:04,284] {dagbag.py:508} INFO - Filling up the DagBag from /home/airflow/.local/lib/python3.7/site-packages/airflow/example_dags/example_bash_operator.py
[2022-11-27 18:18:04,298] {processor.py:651} INFO - DAG(s) dict_keys(['example_bash_operator']) retrieved from /home/airflow/.local/lib/python3.7/site-packages/airflow/example_dags/example_bash_operator.py
[2022-11-27 18:18:04,328] {logging_mixin.py:115} INFO - [2022-11-27 18:18:04,328] {dag.py:2420} INFO - Sync 1 DAGs
[2022-11-27 18:18:04,360] {logging_mixin.py:115} INFO - [2022-11-27 18:18:04,360] {dag.py:2972} INFO - Setting next_dagrun for example_bash_operator to 2022-11-26T00:00:00+00:00, run_after=2022-11-27T00:00:00+00:00
[2022-11-27 18:18:04,375] {processor.py:161} INFO - Processing /home/airflow/.local/lib/python3.7/site-packages/airflow/example_dags/example_bash_operator.py took 0.094 seconds
[2022-11-27 18:18:35,237] {processor.py:153} INFO - Started process (PID=6059) to work on /home/airflow/.local/lib/python3.7/site-packages/airflow/example_dags/example_bash_operator.py
[2022-11-27 18:18:35,237] {processor.py:641} INFO - Processing file /home/airflow/.local/lib/python3.7/site-packages/airflow/example_dags/example_bash_operator.py for tasks to queue
[2022-11-27 18:18:35,238] {logging_mixin.py:115} INFO - [2022-11-27 18:18:35,238] {dagbag.py:508} INFO - Filling up the DagBag from /home/airflow/.local/lib/python3.7/site-packages/airflow/example_dags/example_bash_operator.py
[2022-11-27 18:18:35,250] {processor.py:651} INFO - DAG(s) dict_keys(['example_bash_operator']) retrieved from /home/airflow/.local/lib/python3.7/site-packages/airflow/example_dags/example_bash_operator.py
[2022-11-27 18:18:35,285] {logging_mixin.py:115} INFO - [2022-11-27 18:18:35,285] {dag.py:2420} INFO - Sync 1 DAGs
[2022-11-27 18:18:35,316] {logging_mixin.py:115} INFO - [2022-11-27 18:18:35,316] {dag.py:2972} INFO - Setting next_dagrun for example_bash_operator to 2022-11-26T00:00:00+00:00, run_after=2022-11-27T00:00:00+00:00
[2022-11-27 18:18:35,332] {processor.py:161} INFO - Processing /home/airflow/.local/lib/python3.7/site-packages/airflow/example_dags/example_bash_operator.py took 0.098 seconds
[2022-11-27 18:19:05,756] {processor.py:153} INFO - Started process (PID=6113) to work on /home/airflow/.local/lib/python3.7/site-packages/airflow/example_dags/example_bash_operator.py
[2022-11-27 18:19:05,757] {processor.py:641} INFO - Processing file /home/airflow/.local/lib/python3.7/site-packages/airflow/example_dags/example_bash_operator.py for tasks to queue
[2022-11-27 18:19:05,757] {logging_mixin.py:115} INFO - [2022-11-27 18:19:05,757] {dagbag.py:508} INFO - Filling up the DagBag from /home/airflow/.local/lib/python3.7/site-packages/airflow/example_dags/example_bash_operator.py
[2022-11-27 18:19:05,771] {processor.py:651} INFO - DAG(s) dict_keys(['example_bash_operator']) retrieved from /home/airflow/.local/lib/python3.7/site-packages/airflow/example_dags/example_bash_operator.py
[2022-11-27 18:19:05,806] {logging_mixin.py:115} INFO - [2022-11-27 18:19:05,806] {dag.py:2420} INFO - Sync 1 DAGs
[2022-11-27 18:19:05,840] {logging_mixin.py:115} INFO - [2022-11-27 18:19:05,840] {dag.py:2972} INFO - Setting next_dagrun for example_bash_operator to 2022-11-26T00:00:00+00:00, run_after=2022-11-27T00:00:00+00:00
[2022-11-27 18:19:05,858] {processor.py:161} INFO - Processing /home/airflow/.local/lib/python3.7/site-packages/airflow/example_dags/example_bash_operator.py took 0.104 seconds
[2022-11-27 18:19:36,500] {processor.py:153} INFO - Started process (PID=6175) to work on /home/airflow/.local/lib/python3.7/site-packages/airflow/example_dags/example_bash_operator.py
[2022-11-27 18:19:36,501] {processor.py:641} INFO - Processing file /home/airflow/.local/lib/python3.7/site-packages/airflow/example_dags/example_bash_operator.py for tasks to queue
[2022-11-27 18:19:36,501] {logging_mixin.py:115} INFO - [2022-11-27 18:19:36,501] {dagbag.py:508} INFO - Filling up the DagBag from /home/airflow/.local/lib/python3.7/site-packages/airflow/example_dags/example_bash_operator.py
[2022-11-27 18:19:36,514] {processor.py:651} INFO - DAG(s) dict_keys(['example_bash_operator']) retrieved from /home/airflow/.local/lib/python3.7/site-packages/airflow/example_dags/example_bash_operator.py
[2022-11-27 18:19:36,545] {logging_mixin.py:115} INFO - [2022-11-27 18:19:36,545] {dag.py:2420} INFO - Sync 1 DAGs
[2022-11-27 18:19:36,590] {logging_mixin.py:115} INFO - [2022-11-27 18:19:36,590] {dag.py:2972} INFO - Setting next_dagrun for example_bash_operator to 2022-11-26T00:00:00+00:00, run_after=2022-11-27T00:00:00+00:00
[2022-11-27 18:19:36,613] {processor.py:161} INFO - Processing /home/airflow/.local/lib/python3.7/site-packages/airflow/example_dags/example_bash_operator.py took 0.116 seconds
[2022-11-27 18:20:07,863] {processor.py:153} INFO - Started process (PID=6230) to work on /home/airflow/.local/lib/python3.7/site-packages/airflow/example_dags/example_bash_operator.py
[2022-11-27 18:20:07,865] {processor.py:641} INFO - Processing file /home/airflow/.local/lib/python3.7/site-packages/airflow/example_dags/example_bash_operator.py for tasks to queue
[2022-11-27 18:20:07,866] {logging_mixin.py:115} INFO - [2022-11-27 18:20:07,866] {dagbag.py:508} INFO - Filling up the DagBag from /home/airflow/.local/lib/python3.7/site-packages/airflow/example_dags/example_bash_operator.py
[2022-11-27 18:20:07,898] {processor.py:651} INFO - DAG(s) dict_keys(['example_bash_operator']) retrieved from /home/airflow/.local/lib/python3.7/site-packages/airflow/example_dags/example_bash_operator.py
[2022-11-27 18:20:07,972] {logging_mixin.py:115} INFO - [2022-11-27 18:20:07,972] {dag.py:2420} INFO - Sync 1 DAGs
[2022-11-27 18:20:08,040] {logging_mixin.py:115} INFO - [2022-11-27 18:20:08,039] {dag.py:2972} INFO - Setting next_dagrun for example_bash_operator to 2022-11-26T00:00:00+00:00, run_after=2022-11-27T00:00:00+00:00
[2022-11-27 18:20:08,092] {processor.py:161} INFO - Processing /home/airflow/.local/lib/python3.7/site-packages/airflow/example_dags/example_bash_operator.py took 0.238 seconds
[2022-11-27 18:20:39,314] {processor.py:153} INFO - Started process (PID=6291) to work on /home/airflow/.local/lib/python3.7/site-packages/airflow/example_dags/example_bash_operator.py
[2022-11-27 18:20:39,314] {processor.py:641} INFO - Processing file /home/airflow/.local/lib/python3.7/site-packages/airflow/example_dags/example_bash_operator.py for tasks to queue
[2022-11-27 18:20:39,315] {logging_mixin.py:115} INFO - [2022-11-27 18:20:39,315] {dagbag.py:508} INFO - Filling up the DagBag from /home/airflow/.local/lib/python3.7/site-packages/airflow/example_dags/example_bash_operator.py
[2022-11-27 18:20:39,333] {processor.py:651} INFO - DAG(s) dict_keys(['example_bash_operator']) retrieved from /home/airflow/.local/lib/python3.7/site-packages/airflow/example_dags/example_bash_operator.py
[2022-11-27 18:20:39,370] {logging_mixin.py:115} INFO - [2022-11-27 18:20:39,370] {dag.py:2420} INFO - Sync 1 DAGs
[2022-11-27 18:20:39,411] {logging_mixin.py:115} INFO - [2022-11-27 18:20:39,410] {dag.py:2972} INFO - Setting next_dagrun for example_bash_operator to 2022-11-26T00:00:00+00:00, run_after=2022-11-27T00:00:00+00:00
[2022-11-27 18:20:39,430] {processor.py:161} INFO - Processing /home/airflow/.local/lib/python3.7/site-packages/airflow/example_dags/example_bash_operator.py took 0.121 seconds
[2022-11-27 18:21:09,665] {processor.py:153} INFO - Started process (PID=6345) to work on /home/airflow/.local/lib/python3.7/site-packages/airflow/example_dags/example_bash_operator.py
[2022-11-27 18:21:09,667] {processor.py:641} INFO - Processing file /home/airflow/.local/lib/python3.7/site-packages/airflow/example_dags/example_bash_operator.py for tasks to queue
[2022-11-27 18:21:09,668] {logging_mixin.py:115} INFO - [2022-11-27 18:21:09,668] {dagbag.py:508} INFO - Filling up the DagBag from /home/airflow/.local/lib/python3.7/site-packages/airflow/example_dags/example_bash_operator.py
[2022-11-27 18:21:09,697] {processor.py:651} INFO - DAG(s) dict_keys(['example_bash_operator']) retrieved from /home/airflow/.local/lib/python3.7/site-packages/airflow/example_dags/example_bash_operator.py
[2022-11-27 18:21:09,752] {logging_mixin.py:115} INFO - [2022-11-27 18:21:09,751] {dag.py:2420} INFO - Sync 1 DAGs
[2022-11-27 18:21:09,806] {logging_mixin.py:115} INFO - [2022-11-27 18:21:09,806] {dag.py:2972} INFO - Setting next_dagrun for example_bash_operator to 2022-11-26T00:00:00+00:00, run_after=2022-11-27T00:00:00+00:00
[2022-11-27 18:21:09,833] {processor.py:161} INFO - Processing /home/airflow/.local/lib/python3.7/site-packages/airflow/example_dags/example_bash_operator.py took 0.174 seconds
[2022-11-27 18:21:40,170] {processor.py:153} INFO - Started process (PID=6400) to work on /home/airflow/.local/lib/python3.7/site-packages/airflow/example_dags/example_bash_operator.py
[2022-11-27 18:21:40,171] {processor.py:641} INFO - Processing file /home/airflow/.local/lib/python3.7/site-packages/airflow/example_dags/example_bash_operator.py for tasks to queue
[2022-11-27 18:21:40,172] {logging_mixin.py:115} INFO - [2022-11-27 18:21:40,172] {dagbag.py:508} INFO - Filling up the DagBag from /home/airflow/.local/lib/python3.7/site-packages/airflow/example_dags/example_bash_operator.py
[2022-11-27 18:21:40,195] {processor.py:651} INFO - DAG(s) dict_keys(['example_bash_operator']) retrieved from /home/airflow/.local/lib/python3.7/site-packages/airflow/example_dags/example_bash_operator.py
[2022-11-27 18:21:40,244] {logging_mixin.py:115} INFO - [2022-11-27 18:21:40,244] {dag.py:2420} INFO - Sync 1 DAGs
[2022-11-27 18:21:40,294] {logging_mixin.py:115} INFO - [2022-11-27 18:21:40,294] {dag.py:2972} INFO - Setting next_dagrun for example_bash_operator to 2022-11-26T00:00:00+00:00, run_after=2022-11-27T00:00:00+00:00
[2022-11-27 18:21:40,318] {processor.py:161} INFO - Processing /home/airflow/.local/lib/python3.7/site-packages/airflow/example_dags/example_bash_operator.py took 0.154 seconds
[2022-11-27 18:22:10,896] {processor.py:153} INFO - Started process (PID=6454) to work on /home/airflow/.local/lib/python3.7/site-packages/airflow/example_dags/example_bash_operator.py
[2022-11-27 18:22:10,898] {processor.py:641} INFO - Processing file /home/airflow/.local/lib/python3.7/site-packages/airflow/example_dags/example_bash_operator.py for tasks to queue
[2022-11-27 18:22:10,900] {logging_mixin.py:115} INFO - [2022-11-27 18:22:10,900] {dagbag.py:508} INFO - Filling up the DagBag from /home/airflow/.local/lib/python3.7/site-packages/airflow/example_dags/example_bash_operator.py
[2022-11-27 18:22:10,926] {processor.py:651} INFO - DAG(s) dict_keys(['example_bash_operator']) retrieved from /home/airflow/.local/lib/python3.7/site-packages/airflow/example_dags/example_bash_operator.py
[2022-11-27 18:22:10,986] {logging_mixin.py:115} INFO - [2022-11-27 18:22:10,986] {dag.py:2420} INFO - Sync 1 DAGs
[2022-11-27 18:22:11,050] {logging_mixin.py:115} INFO - [2022-11-27 18:22:11,050] {dag.py:2972} INFO - Setting next_dagrun for example_bash_operator to 2022-11-26T00:00:00+00:00, run_after=2022-11-27T00:00:00+00:00
[2022-11-27 18:22:11,091] {processor.py:161} INFO - Processing /home/airflow/.local/lib/python3.7/site-packages/airflow/example_dags/example_bash_operator.py took 0.201 seconds
[2022-11-27 18:22:42,049] {processor.py:153} INFO - Started process (PID=6518) to work on /home/airflow/.local/lib/python3.7/site-packages/airflow/example_dags/example_bash_operator.py
[2022-11-27 18:22:42,051] {processor.py:641} INFO - Processing file /home/airflow/.local/lib/python3.7/site-packages/airflow/example_dags/example_bash_operator.py for tasks to queue
[2022-11-27 18:22:42,052] {logging_mixin.py:115} INFO - [2022-11-27 18:22:42,051] {dagbag.py:508} INFO - Filling up the DagBag from /home/airflow/.local/lib/python3.7/site-packages/airflow/example_dags/example_bash_operator.py
[2022-11-27 18:22:42,073] {processor.py:651} INFO - DAG(s) dict_keys(['example_bash_operator']) retrieved from /home/airflow/.local/lib/python3.7/site-packages/airflow/example_dags/example_bash_operator.py
[2022-11-27 18:22:42,127] {logging_mixin.py:115} INFO - [2022-11-27 18:22:42,127] {dag.py:2420} INFO - Sync 1 DAGs
[2022-11-27 18:22:42,182] {logging_mixin.py:115} INFO - [2022-11-27 18:22:42,180] {dag.py:2972} INFO - Setting next_dagrun for example_bash_operator to 2022-11-26T00:00:00+00:00, run_after=2022-11-27T00:00:00+00:00
[2022-11-27 18:22:42,208] {processor.py:161} INFO - Processing /home/airflow/.local/lib/python3.7/site-packages/airflow/example_dags/example_bash_operator.py took 0.166 seconds
[2022-11-27 18:23:12,919] {processor.py:153} INFO - Started process (PID=6572) to work on /home/airflow/.local/lib/python3.7/site-packages/airflow/example_dags/example_bash_operator.py
[2022-11-27 18:23:12,920] {processor.py:641} INFO - Processing file /home/airflow/.local/lib/python3.7/site-packages/airflow/example_dags/example_bash_operator.py for tasks to queue
[2022-11-27 18:23:12,920] {logging_mixin.py:115} INFO - [2022-11-27 18:23:12,920] {dagbag.py:508} INFO - Filling up the DagBag from /home/airflow/.local/lib/python3.7/site-packages/airflow/example_dags/example_bash_operator.py
[2022-11-27 18:23:12,941] {processor.py:651} INFO - DAG(s) dict_keys(['example_bash_operator']) retrieved from /home/airflow/.local/lib/python3.7/site-packages/airflow/example_dags/example_bash_operator.py
[2022-11-27 18:23:12,990] {logging_mixin.py:115} INFO - [2022-11-27 18:23:12,990] {dag.py:2420} INFO - Sync 1 DAGs
[2022-11-27 18:23:13,034] {logging_mixin.py:115} INFO - [2022-11-27 18:23:13,034] {dag.py:2972} INFO - Setting next_dagrun for example_bash_operator to 2022-11-26T00:00:00+00:00, run_after=2022-11-27T00:00:00+00:00
[2022-11-27 18:23:13,058] {processor.py:161} INFO - Processing /home/airflow/.local/lib/python3.7/site-packages/airflow/example_dags/example_bash_operator.py took 0.145 seconds
[2022-11-27 18:23:43,887] {processor.py:153} INFO - Started process (PID=6626) to work on /home/airflow/.local/lib/python3.7/site-packages/airflow/example_dags/example_bash_operator.py
[2022-11-27 18:23:43,888] {processor.py:641} INFO - Processing file /home/airflow/.local/lib/python3.7/site-packages/airflow/example_dags/example_bash_operator.py for tasks to queue
[2022-11-27 18:23:43,890] {logging_mixin.py:115} INFO - [2022-11-27 18:23:43,889] {dagbag.py:508} INFO - Filling up the DagBag from /home/airflow/.local/lib/python3.7/site-packages/airflow/example_dags/example_bash_operator.py
[2022-11-27 18:23:43,919] {processor.py:651} INFO - DAG(s) dict_keys(['example_bash_operator']) retrieved from /home/airflow/.local/lib/python3.7/site-packages/airflow/example_dags/example_bash_operator.py
[2022-11-27 18:23:43,965] {logging_mixin.py:115} INFO - [2022-11-27 18:23:43,965] {dag.py:2420} INFO - Sync 1 DAGs
[2022-11-27 18:23:44,023] {logging_mixin.py:115} INFO - [2022-11-27 18:23:44,023] {dag.py:2972} INFO - Setting next_dagrun for example_bash_operator to 2022-11-26T00:00:00+00:00, run_after=2022-11-27T00:00:00+00:00
[2022-11-27 18:23:44,051] {processor.py:161} INFO - Processing /home/airflow/.local/lib/python3.7/site-packages/airflow/example_dags/example_bash_operator.py took 0.172 seconds
[2022-11-27 18:24:14,784] {processor.py:153} INFO - Started process (PID=6686) to work on /home/airflow/.local/lib/python3.7/site-packages/airflow/example_dags/example_bash_operator.py
[2022-11-27 18:24:14,785] {processor.py:641} INFO - Processing file /home/airflow/.local/lib/python3.7/site-packages/airflow/example_dags/example_bash_operator.py for tasks to queue
[2022-11-27 18:24:14,787] {logging_mixin.py:115} INFO - [2022-11-27 18:24:14,786] {dagbag.py:508} INFO - Filling up the DagBag from /home/airflow/.local/lib/python3.7/site-packages/airflow/example_dags/example_bash_operator.py
[2022-11-27 18:24:14,812] {processor.py:651} INFO - DAG(s) dict_keys(['example_bash_operator']) retrieved from /home/airflow/.local/lib/python3.7/site-packages/airflow/example_dags/example_bash_operator.py
[2022-11-27 18:24:14,861] {logging_mixin.py:115} INFO - [2022-11-27 18:24:14,861] {dag.py:2420} INFO - Sync 1 DAGs
[2022-11-27 18:24:14,914] {logging_mixin.py:115} INFO - [2022-11-27 18:24:14,914] {dag.py:2972} INFO - Setting next_dagrun for example_bash_operator to 2022-11-26T00:00:00+00:00, run_after=2022-11-27T00:00:00+00:00
[2022-11-27 18:24:14,949] {processor.py:161} INFO - Processing /home/airflow/.local/lib/python3.7/site-packages/airflow/example_dags/example_bash_operator.py took 0.171 seconds
[2022-11-27 18:24:45,528] {processor.py:153} INFO - Started process (PID=6741) to work on /home/airflow/.local/lib/python3.7/site-packages/airflow/example_dags/example_bash_operator.py
[2022-11-27 18:24:45,530] {processor.py:641} INFO - Processing file /home/airflow/.local/lib/python3.7/site-packages/airflow/example_dags/example_bash_operator.py for tasks to queue
[2022-11-27 18:24:45,530] {logging_mixin.py:115} INFO - [2022-11-27 18:24:45,530] {dagbag.py:508} INFO - Filling up the DagBag from /home/airflow/.local/lib/python3.7/site-packages/airflow/example_dags/example_bash_operator.py
[2022-11-27 18:24:45,555] {processor.py:651} INFO - DAG(s) dict_keys(['example_bash_operator']) retrieved from /home/airflow/.local/lib/python3.7/site-packages/airflow/example_dags/example_bash_operator.py
[2022-11-27 18:24:45,607] {logging_mixin.py:115} INFO - [2022-11-27 18:24:45,607] {dag.py:2420} INFO - Sync 1 DAGs
[2022-11-27 18:24:45,668] {logging_mixin.py:115} INFO - [2022-11-27 18:24:45,668] {dag.py:2972} INFO - Setting next_dagrun for example_bash_operator to 2022-11-26T00:00:00+00:00, run_after=2022-11-27T00:00:00+00:00
[2022-11-27 18:24:45,698] {processor.py:161} INFO - Processing /home/airflow/.local/lib/python3.7/site-packages/airflow/example_dags/example_bash_operator.py took 0.175 seconds
[2022-11-27 18:25:16,550] {processor.py:153} INFO - Started process (PID=6795) to work on /home/airflow/.local/lib/python3.7/site-packages/airflow/example_dags/example_bash_operator.py
[2022-11-27 18:25:16,551] {processor.py:641} INFO - Processing file /home/airflow/.local/lib/python3.7/site-packages/airflow/example_dags/example_bash_operator.py for tasks to queue
[2022-11-27 18:25:16,552] {logging_mixin.py:115} INFO - [2022-11-27 18:25:16,552] {dagbag.py:508} INFO - Filling up the DagBag from /home/airflow/.local/lib/python3.7/site-packages/airflow/example_dags/example_bash_operator.py
[2022-11-27 18:25:16,577] {processor.py:651} INFO - DAG(s) dict_keys(['example_bash_operator']) retrieved from /home/airflow/.local/lib/python3.7/site-packages/airflow/example_dags/example_bash_operator.py
[2022-11-27 18:25:16,626] {logging_mixin.py:115} INFO - [2022-11-27 18:25:16,626] {dag.py:2420} INFO - Sync 1 DAGs
[2022-11-27 18:25:16,683] {logging_mixin.py:115} INFO - [2022-11-27 18:25:16,683] {dag.py:2972} INFO - Setting next_dagrun for example_bash_operator to 2022-11-26T00:00:00+00:00, run_after=2022-11-27T00:00:00+00:00
[2022-11-27 18:25:16,702] {processor.py:161} INFO - Processing /home/airflow/.local/lib/python3.7/site-packages/airflow/example_dags/example_bash_operator.py took 0.156 seconds
[2022-11-27 18:25:47,364] {processor.py:153} INFO - Started process (PID=6860) to work on /home/airflow/.local/lib/python3.7/site-packages/airflow/example_dags/example_bash_operator.py
[2022-11-27 18:25:47,365] {processor.py:641} INFO - Processing file /home/airflow/.local/lib/python3.7/site-packages/airflow/example_dags/example_bash_operator.py for tasks to queue
[2022-11-27 18:25:47,366] {logging_mixin.py:115} INFO - [2022-11-27 18:25:47,366] {dagbag.py:508} INFO - Filling up the DagBag from /home/airflow/.local/lib/python3.7/site-packages/airflow/example_dags/example_bash_operator.py
[2022-11-27 18:25:47,390] {processor.py:651} INFO - DAG(s) dict_keys(['example_bash_operator']) retrieved from /home/airflow/.local/lib/python3.7/site-packages/airflow/example_dags/example_bash_operator.py
[2022-11-27 18:25:47,441] {logging_mixin.py:115} INFO - [2022-11-27 18:25:47,441] {dag.py:2420} INFO - Sync 1 DAGs
[2022-11-27 18:25:47,492] {logging_mixin.py:115} INFO - [2022-11-27 18:25:47,492] {dag.py:2972} INFO - Setting next_dagrun for example_bash_operator to 2022-11-26T00:00:00+00:00, run_after=2022-11-27T00:00:00+00:00
[2022-11-27 18:25:47,518] {processor.py:161} INFO - Processing /home/airflow/.local/lib/python3.7/site-packages/airflow/example_dags/example_bash_operator.py took 0.159 seconds
[2022-11-27 18:26:17,833] {processor.py:153} INFO - Started process (PID=6914) to work on /home/airflow/.local/lib/python3.7/site-packages/airflow/example_dags/example_bash_operator.py
[2022-11-27 18:26:17,835] {processor.py:641} INFO - Processing file /home/airflow/.local/lib/python3.7/site-packages/airflow/example_dags/example_bash_operator.py for tasks to queue
[2022-11-27 18:26:17,838] {logging_mixin.py:115} INFO - [2022-11-27 18:26:17,837] {dagbag.py:508} INFO - Filling up the DagBag from /home/airflow/.local/lib/python3.7/site-packages/airflow/example_dags/example_bash_operator.py
[2022-11-27 18:26:17,860] {processor.py:651} INFO - DAG(s) dict_keys(['example_bash_operator']) retrieved from /home/airflow/.local/lib/python3.7/site-packages/airflow/example_dags/example_bash_operator.py
[2022-11-27 18:26:17,911] {logging_mixin.py:115} INFO - [2022-11-27 18:26:17,911] {dag.py:2420} INFO - Sync 1 DAGs
[2022-11-27 18:26:17,955] {logging_mixin.py:115} INFO - [2022-11-27 18:26:17,955] {dag.py:2972} INFO - Setting next_dagrun for example_bash_operator to 2022-11-26T00:00:00+00:00, run_after=2022-11-27T00:00:00+00:00
[2022-11-27 18:26:17,980] {processor.py:161} INFO - Processing /home/airflow/.local/lib/python3.7/site-packages/airflow/example_dags/example_bash_operator.py took 0.151 seconds
[2022-11-27 18:26:48,688] {processor.py:153} INFO - Started process (PID=6977) to work on /home/airflow/.local/lib/python3.7/site-packages/airflow/example_dags/example_bash_operator.py
[2022-11-27 18:26:48,689] {processor.py:641} INFO - Processing file /home/airflow/.local/lib/python3.7/site-packages/airflow/example_dags/example_bash_operator.py for tasks to queue
[2022-11-27 18:26:48,689] {logging_mixin.py:115} INFO - [2022-11-27 18:26:48,689] {dagbag.py:508} INFO - Filling up the DagBag from /home/airflow/.local/lib/python3.7/site-packages/airflow/example_dags/example_bash_operator.py
[2022-11-27 18:26:48,706] {processor.py:651} INFO - DAG(s) dict_keys(['example_bash_operator']) retrieved from /home/airflow/.local/lib/python3.7/site-packages/airflow/example_dags/example_bash_operator.py
[2022-11-27 18:26:48,741] {logging_mixin.py:115} INFO - [2022-11-27 18:26:48,741] {dag.py:2420} INFO - Sync 1 DAGs
[2022-11-27 18:26:48,786] {logging_mixin.py:115} INFO - [2022-11-27 18:26:48,785] {dag.py:2972} INFO - Setting next_dagrun for example_bash_operator to 2022-11-26T00:00:00+00:00, run_after=2022-11-27T00:00:00+00:00
[2022-11-27 18:26:48,804] {processor.py:161} INFO - Processing /home/airflow/.local/lib/python3.7/site-packages/airflow/example_dags/example_bash_operator.py took 0.121 seconds
[2022-11-27 18:27:19,262] {processor.py:153} INFO - Started process (PID=7032) to work on /home/airflow/.local/lib/python3.7/site-packages/airflow/example_dags/example_bash_operator.py
[2022-11-27 18:27:19,263] {processor.py:641} INFO - Processing file /home/airflow/.local/lib/python3.7/site-packages/airflow/example_dags/example_bash_operator.py for tasks to queue
[2022-11-27 18:27:19,263] {logging_mixin.py:115} INFO - [2022-11-27 18:27:19,263] {dagbag.py:508} INFO - Filling up the DagBag from /home/airflow/.local/lib/python3.7/site-packages/airflow/example_dags/example_bash_operator.py
[2022-11-27 18:27:19,276] {processor.py:651} INFO - DAG(s) dict_keys(['example_bash_operator']) retrieved from /home/airflow/.local/lib/python3.7/site-packages/airflow/example_dags/example_bash_operator.py
[2022-11-27 18:27:19,307] {logging_mixin.py:115} INFO - [2022-11-27 18:27:19,307] {dag.py:2420} INFO - Sync 1 DAGs
[2022-11-27 18:27:19,338] {logging_mixin.py:115} INFO - [2022-11-27 18:27:19,337] {dag.py:2972} INFO - Setting next_dagrun for example_bash_operator to 2022-11-26T00:00:00+00:00, run_after=2022-11-27T00:00:00+00:00
[2022-11-27 18:27:19,355] {processor.py:161} INFO - Processing /home/airflow/.local/lib/python3.7/site-packages/airflow/example_dags/example_bash_operator.py took 0.096 seconds
[2022-11-27 18:27:49,823] {processor.py:153} INFO - Started process (PID=7095) to work on /home/airflow/.local/lib/python3.7/site-packages/airflow/example_dags/example_bash_operator.py
[2022-11-27 18:27:49,824] {processor.py:641} INFO - Processing file /home/airflow/.local/lib/python3.7/site-packages/airflow/example_dags/example_bash_operator.py for tasks to queue
[2022-11-27 18:27:49,824] {logging_mixin.py:115} INFO - [2022-11-27 18:27:49,824] {dagbag.py:508} INFO - Filling up the DagBag from /home/airflow/.local/lib/python3.7/site-packages/airflow/example_dags/example_bash_operator.py
[2022-11-27 18:27:49,838] {processor.py:651} INFO - DAG(s) dict_keys(['example_bash_operator']) retrieved from /home/airflow/.local/lib/python3.7/site-packages/airflow/example_dags/example_bash_operator.py
[2022-11-27 18:27:49,876] {logging_mixin.py:115} INFO - [2022-11-27 18:27:49,876] {dag.py:2420} INFO - Sync 1 DAGs
[2022-11-27 18:27:49,911] {logging_mixin.py:115} INFO - [2022-11-27 18:27:49,911] {dag.py:2972} INFO - Setting next_dagrun for example_bash_operator to 2022-11-26T00:00:00+00:00, run_after=2022-11-27T00:00:00+00:00
[2022-11-27 18:27:49,928] {processor.py:161} INFO - Processing /home/airflow/.local/lib/python3.7/site-packages/airflow/example_dags/example_bash_operator.py took 0.110 seconds
[2022-11-27 18:28:20,689] {processor.py:153} INFO - Started process (PID=7149) to work on /home/airflow/.local/lib/python3.7/site-packages/airflow/example_dags/example_bash_operator.py
[2022-11-27 18:28:20,689] {processor.py:641} INFO - Processing file /home/airflow/.local/lib/python3.7/site-packages/airflow/example_dags/example_bash_operator.py for tasks to queue
[2022-11-27 18:28:20,690] {logging_mixin.py:115} INFO - [2022-11-27 18:28:20,690] {dagbag.py:508} INFO - Filling up the DagBag from /home/airflow/.local/lib/python3.7/site-packages/airflow/example_dags/example_bash_operator.py
[2022-11-27 18:28:20,702] {processor.py:651} INFO - DAG(s) dict_keys(['example_bash_operator']) retrieved from /home/airflow/.local/lib/python3.7/site-packages/airflow/example_dags/example_bash_operator.py
[2022-11-27 18:28:20,734] {logging_mixin.py:115} INFO - [2022-11-27 18:28:20,734] {dag.py:2420} INFO - Sync 1 DAGs
[2022-11-27 18:28:20,763] {logging_mixin.py:115} INFO - [2022-11-27 18:28:20,763] {dag.py:2972} INFO - Setting next_dagrun for example_bash_operator to 2022-11-26T00:00:00+00:00, run_after=2022-11-27T00:00:00+00:00
[2022-11-27 18:28:20,780] {processor.py:161} INFO - Processing /home/airflow/.local/lib/python3.7/site-packages/airflow/example_dags/example_bash_operator.py took 0.094 seconds
[2022-11-27 18:28:51,166] {processor.py:153} INFO - Started process (PID=7212) to work on /home/airflow/.local/lib/python3.7/site-packages/airflow/example_dags/example_bash_operator.py
[2022-11-27 18:28:51,167] {processor.py:641} INFO - Processing file /home/airflow/.local/lib/python3.7/site-packages/airflow/example_dags/example_bash_operator.py for tasks to queue
[2022-11-27 18:28:51,168] {logging_mixin.py:115} INFO - [2022-11-27 18:28:51,168] {dagbag.py:508} INFO - Filling up the DagBag from /home/airflow/.local/lib/python3.7/site-packages/airflow/example_dags/example_bash_operator.py
[2022-11-27 18:28:51,188] {processor.py:651} INFO - DAG(s) dict_keys(['example_bash_operator']) retrieved from /home/airflow/.local/lib/python3.7/site-packages/airflow/example_dags/example_bash_operator.py
[2022-11-27 18:28:51,215] {logging_mixin.py:115} INFO - [2022-11-27 18:28:51,215] {dag.py:2420} INFO - Sync 1 DAGs
[2022-11-27 18:28:51,243] {logging_mixin.py:115} INFO - [2022-11-27 18:28:51,243] {dag.py:2972} INFO - Setting next_dagrun for example_bash_operator to 2022-11-26T00:00:00+00:00, run_after=2022-11-27T00:00:00+00:00
[2022-11-27 18:28:51,256] {processor.py:161} INFO - Processing /home/airflow/.local/lib/python3.7/site-packages/airflow/example_dags/example_bash_operator.py took 0.095 seconds
[2022-11-27 18:29:21,636] {processor.py:153} INFO - Started process (PID=7266) to work on /home/airflow/.local/lib/python3.7/site-packages/airflow/example_dags/example_bash_operator.py
[2022-11-27 18:29:21,637] {processor.py:641} INFO - Processing file /home/airflow/.local/lib/python3.7/site-packages/airflow/example_dags/example_bash_operator.py for tasks to queue
[2022-11-27 18:29:21,638] {logging_mixin.py:115} INFO - [2022-11-27 18:29:21,637] {dagbag.py:508} INFO - Filling up the DagBag from /home/airflow/.local/lib/python3.7/site-packages/airflow/example_dags/example_bash_operator.py
[2022-11-27 18:29:21,653] {processor.py:651} INFO - DAG(s) dict_keys(['example_bash_operator']) retrieved from /home/airflow/.local/lib/python3.7/site-packages/airflow/example_dags/example_bash_operator.py
[2022-11-27 18:29:21,682] {logging_mixin.py:115} INFO - [2022-11-27 18:29:21,682] {dag.py:2420} INFO - Sync 1 DAGs
[2022-11-27 18:29:21,711] {logging_mixin.py:115} INFO - [2022-11-27 18:29:21,711] {dag.py:2972} INFO - Setting next_dagrun for example_bash_operator to 2022-11-26T00:00:00+00:00, run_after=2022-11-27T00:00:00+00:00
[2022-11-27 18:29:21,725] {processor.py:161} INFO - Processing /home/airflow/.local/lib/python3.7/site-packages/airflow/example_dags/example_bash_operator.py took 0.091 seconds
[2022-11-27 18:29:52,285] {processor.py:153} INFO - Started process (PID=7328) to work on /home/airflow/.local/lib/python3.7/site-packages/airflow/example_dags/example_bash_operator.py
[2022-11-27 18:29:52,286] {processor.py:641} INFO - Processing file /home/airflow/.local/lib/python3.7/site-packages/airflow/example_dags/example_bash_operator.py for tasks to queue
[2022-11-27 18:29:52,287] {logging_mixin.py:115} INFO - [2022-11-27 18:29:52,287] {dagbag.py:508} INFO - Filling up the DagBag from /home/airflow/.local/lib/python3.7/site-packages/airflow/example_dags/example_bash_operator.py
[2022-11-27 18:29:52,312] {processor.py:651} INFO - DAG(s) dict_keys(['example_bash_operator']) retrieved from /home/airflow/.local/lib/python3.7/site-packages/airflow/example_dags/example_bash_operator.py
[2022-11-27 18:29:52,348] {logging_mixin.py:115} INFO - [2022-11-27 18:29:52,348] {dag.py:2420} INFO - Sync 1 DAGs
[2022-11-27 18:29:52,379] {logging_mixin.py:115} INFO - [2022-11-27 18:29:52,379] {dag.py:2972} INFO - Setting next_dagrun for example_bash_operator to 2022-11-26T00:00:00+00:00, run_after=2022-11-27T00:00:00+00:00
[2022-11-27 18:29:52,394] {processor.py:161} INFO - Processing /home/airflow/.local/lib/python3.7/site-packages/airflow/example_dags/example_bash_operator.py took 0.114 seconds
[2022-11-27 18:30:22,937] {processor.py:153} INFO - Started process (PID=7391) to work on /home/airflow/.local/lib/python3.7/site-packages/airflow/example_dags/example_bash_operator.py
[2022-11-27 18:30:22,937] {processor.py:641} INFO - Processing file /home/airflow/.local/lib/python3.7/site-packages/airflow/example_dags/example_bash_operator.py for tasks to queue
[2022-11-27 18:30:22,938] {logging_mixin.py:115} INFO - [2022-11-27 18:30:22,937] {dagbag.py:508} INFO - Filling up the DagBag from /home/airflow/.local/lib/python3.7/site-packages/airflow/example_dags/example_bash_operator.py
[2022-11-27 18:30:22,948] {processor.py:651} INFO - DAG(s) dict_keys(['example_bash_operator']) retrieved from /home/airflow/.local/lib/python3.7/site-packages/airflow/example_dags/example_bash_operator.py
[2022-11-27 18:30:22,992] {logging_mixin.py:115} INFO - [2022-11-27 18:30:22,992] {dag.py:2420} INFO - Sync 1 DAGs
[2022-11-27 18:30:23,016] {logging_mixin.py:115} INFO - [2022-11-27 18:30:23,016] {dag.py:2972} INFO - Setting next_dagrun for example_bash_operator to 2022-11-26T00:00:00+00:00, run_after=2022-11-27T00:00:00+00:00
[2022-11-27 18:30:23,028] {processor.py:161} INFO - Processing /home/airflow/.local/lib/python3.7/site-packages/airflow/example_dags/example_bash_operator.py took 0.094 seconds
[2022-11-27 18:30:53,563] {processor.py:153} INFO - Started process (PID=7445) to work on /home/airflow/.local/lib/python3.7/site-packages/airflow/example_dags/example_bash_operator.py
[2022-11-27 18:30:53,563] {processor.py:641} INFO - Processing file /home/airflow/.local/lib/python3.7/site-packages/airflow/example_dags/example_bash_operator.py for tasks to queue
[2022-11-27 18:30:53,564] {logging_mixin.py:115} INFO - [2022-11-27 18:30:53,564] {dagbag.py:508} INFO - Filling up the DagBag from /home/airflow/.local/lib/python3.7/site-packages/airflow/example_dags/example_bash_operator.py
[2022-11-27 18:30:53,575] {processor.py:651} INFO - DAG(s) dict_keys(['example_bash_operator']) retrieved from /home/airflow/.local/lib/python3.7/site-packages/airflow/example_dags/example_bash_operator.py
[2022-11-27 18:30:53,600] {logging_mixin.py:115} INFO - [2022-11-27 18:30:53,600] {dag.py:2420} INFO - Sync 1 DAGs
[2022-11-27 18:30:53,624] {logging_mixin.py:115} INFO - [2022-11-27 18:30:53,624] {dag.py:2972} INFO - Setting next_dagrun for example_bash_operator to 2022-11-26T00:00:00+00:00, run_after=2022-11-27T00:00:00+00:00
[2022-11-27 18:30:53,635] {processor.py:161} INFO - Processing /home/airflow/.local/lib/python3.7/site-packages/airflow/example_dags/example_bash_operator.py took 0.076 seconds
[2022-11-27 18:31:23,886] {processor.py:153} INFO - Started process (PID=7508) to work on /home/airflow/.local/lib/python3.7/site-packages/airflow/example_dags/example_bash_operator.py
[2022-11-27 18:31:23,886] {processor.py:641} INFO - Processing file /home/airflow/.local/lib/python3.7/site-packages/airflow/example_dags/example_bash_operator.py for tasks to queue
[2022-11-27 18:31:23,887] {logging_mixin.py:115} INFO - [2022-11-27 18:31:23,887] {dagbag.py:508} INFO - Filling up the DagBag from /home/airflow/.local/lib/python3.7/site-packages/airflow/example_dags/example_bash_operator.py
[2022-11-27 18:31:23,900] {processor.py:651} INFO - DAG(s) dict_keys(['example_bash_operator']) retrieved from /home/airflow/.local/lib/python3.7/site-packages/airflow/example_dags/example_bash_operator.py
[2022-11-27 18:31:23,929] {logging_mixin.py:115} INFO - [2022-11-27 18:31:23,929] {dag.py:2420} INFO - Sync 1 DAGs
[2022-11-27 18:31:23,960] {logging_mixin.py:115} INFO - [2022-11-27 18:31:23,960] {dag.py:2972} INFO - Setting next_dagrun for example_bash_operator to 2022-11-26T00:00:00+00:00, run_after=2022-11-27T00:00:00+00:00
[2022-11-27 18:31:23,974] {processor.py:161} INFO - Processing /home/airflow/.local/lib/python3.7/site-packages/airflow/example_dags/example_bash_operator.py took 0.092 seconds
[2022-11-27 18:31:54,142] {processor.py:153} INFO - Started process (PID=7571) to work on /home/airflow/.local/lib/python3.7/site-packages/airflow/example_dags/example_bash_operator.py
[2022-11-27 18:31:54,142] {processor.py:641} INFO - Processing file /home/airflow/.local/lib/python3.7/site-packages/airflow/example_dags/example_bash_operator.py for tasks to queue
[2022-11-27 18:31:54,143] {logging_mixin.py:115} INFO - [2022-11-27 18:31:54,143] {dagbag.py:508} INFO - Filling up the DagBag from /home/airflow/.local/lib/python3.7/site-packages/airflow/example_dags/example_bash_operator.py
[2022-11-27 18:31:54,154] {processor.py:651} INFO - DAG(s) dict_keys(['example_bash_operator']) retrieved from /home/airflow/.local/lib/python3.7/site-packages/airflow/example_dags/example_bash_operator.py
[2022-11-27 18:31:54,198] {logging_mixin.py:115} INFO - [2022-11-27 18:31:54,198] {dag.py:2420} INFO - Sync 1 DAGs
[2022-11-27 18:31:54,227] {logging_mixin.py:115} INFO - [2022-11-27 18:31:54,227] {dag.py:2972} INFO - Setting next_dagrun for example_bash_operator to 2022-11-26T00:00:00+00:00, run_after=2022-11-27T00:00:00+00:00
[2022-11-27 18:31:54,243] {processor.py:161} INFO - Processing /home/airflow/.local/lib/python3.7/site-packages/airflow/example_dags/example_bash_operator.py took 0.104 seconds
[2022-11-27 18:32:24,421] {processor.py:153} INFO - Started process (PID=7625) to work on /home/airflow/.local/lib/python3.7/site-packages/airflow/example_dags/example_bash_operator.py
[2022-11-27 18:32:24,422] {processor.py:641} INFO - Processing file /home/airflow/.local/lib/python3.7/site-packages/airflow/example_dags/example_bash_operator.py for tasks to queue
[2022-11-27 18:32:24,422] {logging_mixin.py:115} INFO - [2022-11-27 18:32:24,422] {dagbag.py:508} INFO - Filling up the DagBag from /home/airflow/.local/lib/python3.7/site-packages/airflow/example_dags/example_bash_operator.py
[2022-11-27 18:32:24,434] {processor.py:651} INFO - DAG(s) dict_keys(['example_bash_operator']) retrieved from /home/airflow/.local/lib/python3.7/site-packages/airflow/example_dags/example_bash_operator.py
[2022-11-27 18:32:24,465] {logging_mixin.py:115} INFO - [2022-11-27 18:32:24,465] {dag.py:2420} INFO - Sync 1 DAGs
[2022-11-27 18:32:24,500] {logging_mixin.py:115} INFO - [2022-11-27 18:32:24,500] {dag.py:2972} INFO - Setting next_dagrun for example_bash_operator to 2022-11-26T00:00:00+00:00, run_after=2022-11-27T00:00:00+00:00
[2022-11-27 18:32:24,517] {processor.py:161} INFO - Processing /home/airflow/.local/lib/python3.7/site-packages/airflow/example_dags/example_bash_operator.py took 0.099 seconds
[2022-11-27 18:32:54,758] {processor.py:153} INFO - Started process (PID=7688) to work on /home/airflow/.local/lib/python3.7/site-packages/airflow/example_dags/example_bash_operator.py
[2022-11-27 18:32:54,759] {processor.py:641} INFO - Processing file /home/airflow/.local/lib/python3.7/site-packages/airflow/example_dags/example_bash_operator.py for tasks to queue
[2022-11-27 18:32:54,760] {logging_mixin.py:115} INFO - [2022-11-27 18:32:54,760] {dagbag.py:508} INFO - Filling up the DagBag from /home/airflow/.local/lib/python3.7/site-packages/airflow/example_dags/example_bash_operator.py
[2022-11-27 18:32:54,785] {processor.py:651} INFO - DAG(s) dict_keys(['example_bash_operator']) retrieved from /home/airflow/.local/lib/python3.7/site-packages/airflow/example_dags/example_bash_operator.py
[2022-11-27 18:32:54,815] {logging_mixin.py:115} INFO - [2022-11-27 18:32:54,815] {dag.py:2420} INFO - Sync 1 DAGs
[2022-11-27 18:32:54,841] {logging_mixin.py:115} INFO - [2022-11-27 18:32:54,841] {dag.py:2972} INFO - Setting next_dagrun for example_bash_operator to 2022-11-26T00:00:00+00:00, run_after=2022-11-27T00:00:00+00:00
[2022-11-27 18:32:54,854] {processor.py:161} INFO - Processing /home/airflow/.local/lib/python3.7/site-packages/airflow/example_dags/example_bash_operator.py took 0.101 seconds
