[2022-11-27 16:54:04,500] {processor.py:153} INFO - Started process (PID=5362) to work on /home/airflow/.local/lib/python3.7/site-packages/airflow/example_dags/example_subdag_operator.py
[2022-11-27 16:54:04,501] {processor.py:641} INFO - Processing file /home/airflow/.local/lib/python3.7/site-packages/airflow/example_dags/example_subdag_operator.py for tasks to queue
[2022-11-27 16:54:04,502] {logging_mixin.py:115} INFO - [2022-11-27 16:54:04,502] {dagbag.py:508} INFO - Filling up the DagBag from /home/airflow/.local/lib/python3.7/site-packages/airflow/example_dags/example_subdag_operator.py
[2022-11-27 16:54:04,596] {processor.py:651} INFO - DAG(s) dict_keys(['example_subdag_operator.section-1', 'example_subdag_operator.section-2', 'example_subdag_operator']) retrieved from /home/airflow/.local/lib/python3.7/site-packages/airflow/example_dags/example_subdag_operator.py
[2022-11-27 16:54:05,155] {logging_mixin.py:115} INFO - [2022-11-27 16:54:05,154] {dag.py:2420} INFO - Sync 3 DAGs
[2022-11-27 16:54:05,274] {logging_mixin.py:115} INFO - [2022-11-27 16:54:05,273] {dag.py:2972} INFO - Setting next_dagrun for example_subdag_operator to 2022-01-01T00:00:00+00:00, run_after=2022-01-01T00:00:00+00:00
[2022-11-27 16:54:05,275] {logging_mixin.py:115} INFO - [2022-11-27 16:54:05,274] {dag.py:2972} INFO - Setting next_dagrun for example_subdag_operator.section-1 to None, run_after=None
[2022-11-27 16:54:05,275] {logging_mixin.py:115} INFO - [2022-11-27 16:54:05,275] {dag.py:2972} INFO - Setting next_dagrun for example_subdag_operator.section-2 to None, run_after=None
[2022-11-27 16:54:05,320] {logging_mixin.py:115} INFO - [2022-11-27 16:54:05,320] {dag.py:2420} INFO - Sync 2 DAGs
[2022-11-27 16:54:05,350] {logging_mixin.py:115} INFO - [2022-11-27 16:54:05,349] {dag.py:2972} INFO - Setting next_dagrun for example_subdag_operator.section-1 to None, run_after=None
[2022-11-27 16:54:05,351] {logging_mixin.py:115} INFO - [2022-11-27 16:54:05,350] {dag.py:2972} INFO - Setting next_dagrun for example_subdag_operator.section-2 to None, run_after=None
[2022-11-27 16:54:05,382] {processor.py:161} INFO - Processing /home/airflow/.local/lib/python3.7/site-packages/airflow/example_dags/example_subdag_operator.py took 0.913 seconds
[2022-11-27 18:12:57,226] {processor.py:153} INFO - Started process (PID=5398) to work on /home/airflow/.local/lib/python3.7/site-packages/airflow/example_dags/example_subdag_operator.py
[2022-11-27 18:12:57,227] {processor.py:641} INFO - Processing file /home/airflow/.local/lib/python3.7/site-packages/airflow/example_dags/example_subdag_operator.py for tasks to queue
[2022-11-27 18:12:57,228] {logging_mixin.py:115} INFO - [2022-11-27 18:12:57,228] {dagbag.py:508} INFO - Filling up the DagBag from /home/airflow/.local/lib/python3.7/site-packages/airflow/example_dags/example_subdag_operator.py
[2022-11-27 18:12:57,268] {processor.py:651} INFO - DAG(s) dict_keys(['example_subdag_operator.section-1', 'example_subdag_operator.section-2', 'example_subdag_operator']) retrieved from /home/airflow/.local/lib/python3.7/site-packages/airflow/example_dags/example_subdag_operator.py
[2022-11-27 18:12:57,477] {logging_mixin.py:115} INFO - [2022-11-27 18:12:57,477] {dag.py:2420} INFO - Sync 3 DAGs
[2022-11-27 18:12:57,516] {logging_mixin.py:115} INFO - [2022-11-27 18:12:57,516] {dag.py:2972} INFO - Setting next_dagrun for example_subdag_operator to 2022-01-01T00:00:00+00:00, run_after=2022-01-01T00:00:00+00:00
[2022-11-27 18:12:57,516] {logging_mixin.py:115} INFO - [2022-11-27 18:12:57,516] {dag.py:2972} INFO - Setting next_dagrun for example_subdag_operator.section-1 to None, run_after=None
[2022-11-27 18:12:57,517] {logging_mixin.py:115} INFO - [2022-11-27 18:12:57,517] {dag.py:2972} INFO - Setting next_dagrun for example_subdag_operator.section-2 to None, run_after=None
[2022-11-27 18:12:57,529] {logging_mixin.py:115} INFO - [2022-11-27 18:12:57,529] {dag.py:2420} INFO - Sync 2 DAGs
[2022-11-27 18:12:57,539] {logging_mixin.py:115} INFO - [2022-11-27 18:12:57,539] {dag.py:2972} INFO - Setting next_dagrun for example_subdag_operator.section-1 to None, run_after=None
[2022-11-27 18:12:57,539] {logging_mixin.py:115} INFO - [2022-11-27 18:12:57,539] {dag.py:2972} INFO - Setting next_dagrun for example_subdag_operator.section-2 to None, run_after=None
[2022-11-27 18:12:57,551] {processor.py:161} INFO - Processing /home/airflow/.local/lib/python3.7/site-packages/airflow/example_dags/example_subdag_operator.py took 0.329 seconds
[2022-11-27 18:13:27,603] {processor.py:153} INFO - Started process (PID=5462) to work on /home/airflow/.local/lib/python3.7/site-packages/airflow/example_dags/example_subdag_operator.py
[2022-11-27 18:13:27,604] {processor.py:641} INFO - Processing file /home/airflow/.local/lib/python3.7/site-packages/airflow/example_dags/example_subdag_operator.py for tasks to queue
[2022-11-27 18:13:27,606] {logging_mixin.py:115} INFO - [2022-11-27 18:13:27,605] {dagbag.py:508} INFO - Filling up the DagBag from /home/airflow/.local/lib/python3.7/site-packages/airflow/example_dags/example_subdag_operator.py
[2022-11-27 18:13:27,644] {processor.py:651} INFO - DAG(s) dict_keys(['example_subdag_operator.section-1', 'example_subdag_operator.section-2', 'example_subdag_operator']) retrieved from /home/airflow/.local/lib/python3.7/site-packages/airflow/example_dags/example_subdag_operator.py
[2022-11-27 18:13:27,843] {logging_mixin.py:115} INFO - [2022-11-27 18:13:27,843] {dag.py:2420} INFO - Sync 3 DAGs
[2022-11-27 18:13:27,885] {logging_mixin.py:115} INFO - [2022-11-27 18:13:27,885] {dag.py:2972} INFO - Setting next_dagrun for example_subdag_operator to 2022-01-01T00:00:00+00:00, run_after=2022-01-01T00:00:00+00:00
[2022-11-27 18:13:27,885] {logging_mixin.py:115} INFO - [2022-11-27 18:13:27,885] {dag.py:2972} INFO - Setting next_dagrun for example_subdag_operator.section-1 to None, run_after=None
[2022-11-27 18:13:27,885] {logging_mixin.py:115} INFO - [2022-11-27 18:13:27,885] {dag.py:2972} INFO - Setting next_dagrun for example_subdag_operator.section-2 to None, run_after=None
[2022-11-27 18:13:27,899] {logging_mixin.py:115} INFO - [2022-11-27 18:13:27,899] {dag.py:2420} INFO - Sync 2 DAGs
[2022-11-27 18:13:27,914] {logging_mixin.py:115} INFO - [2022-11-27 18:13:27,914] {dag.py:2972} INFO - Setting next_dagrun for example_subdag_operator.section-1 to None, run_after=None
[2022-11-27 18:13:27,915] {logging_mixin.py:115} INFO - [2022-11-27 18:13:27,915] {dag.py:2972} INFO - Setting next_dagrun for example_subdag_operator.section-2 to None, run_after=None
[2022-11-27 18:13:27,928] {processor.py:161} INFO - Processing /home/airflow/.local/lib/python3.7/site-packages/airflow/example_dags/example_subdag_operator.py took 0.329 seconds
[2022-11-27 18:13:58,028] {processor.py:153} INFO - Started process (PID=5518) to work on /home/airflow/.local/lib/python3.7/site-packages/airflow/example_dags/example_subdag_operator.py
[2022-11-27 18:13:58,028] {processor.py:641} INFO - Processing file /home/airflow/.local/lib/python3.7/site-packages/airflow/example_dags/example_subdag_operator.py for tasks to queue
[2022-11-27 18:13:58,029] {logging_mixin.py:115} INFO - [2022-11-27 18:13:58,029] {dagbag.py:508} INFO - Filling up the DagBag from /home/airflow/.local/lib/python3.7/site-packages/airflow/example_dags/example_subdag_operator.py
[2022-11-27 18:13:58,059] {processor.py:651} INFO - DAG(s) dict_keys(['example_subdag_operator.section-1', 'example_subdag_operator.section-2', 'example_subdag_operator']) retrieved from /home/airflow/.local/lib/python3.7/site-packages/airflow/example_dags/example_subdag_operator.py
[2022-11-27 18:13:58,191] {logging_mixin.py:115} INFO - [2022-11-27 18:13:58,191] {dag.py:2420} INFO - Sync 3 DAGs
[2022-11-27 18:13:58,217] {logging_mixin.py:115} INFO - [2022-11-27 18:13:58,217] {dag.py:2972} INFO - Setting next_dagrun for example_subdag_operator to 2022-01-01T00:00:00+00:00, run_after=2022-01-01T00:00:00+00:00
[2022-11-27 18:13:58,217] {logging_mixin.py:115} INFO - [2022-11-27 18:13:58,217] {dag.py:2972} INFO - Setting next_dagrun for example_subdag_operator.section-1 to None, run_after=None
[2022-11-27 18:13:58,218] {logging_mixin.py:115} INFO - [2022-11-27 18:13:58,218] {dag.py:2972} INFO - Setting next_dagrun for example_subdag_operator.section-2 to None, run_after=None
[2022-11-27 18:13:58,229] {logging_mixin.py:115} INFO - [2022-11-27 18:13:58,229] {dag.py:2420} INFO - Sync 2 DAGs
[2022-11-27 18:13:58,236] {logging_mixin.py:115} INFO - [2022-11-27 18:13:58,236] {dag.py:2972} INFO - Setting next_dagrun for example_subdag_operator.section-1 to None, run_after=None
[2022-11-27 18:13:58,236] {logging_mixin.py:115} INFO - [2022-11-27 18:13:58,236] {dag.py:2972} INFO - Setting next_dagrun for example_subdag_operator.section-2 to None, run_after=None
[2022-11-27 18:13:58,248] {processor.py:161} INFO - Processing /home/airflow/.local/lib/python3.7/site-packages/airflow/example_dags/example_subdag_operator.py took 0.223 seconds
[2022-11-27 18:14:28,302] {processor.py:153} INFO - Started process (PID=5580) to work on /home/airflow/.local/lib/python3.7/site-packages/airflow/example_dags/example_subdag_operator.py
[2022-11-27 18:14:28,302] {processor.py:641} INFO - Processing file /home/airflow/.local/lib/python3.7/site-packages/airflow/example_dags/example_subdag_operator.py for tasks to queue
[2022-11-27 18:14:28,303] {logging_mixin.py:115} INFO - [2022-11-27 18:14:28,303] {dagbag.py:508} INFO - Filling up the DagBag from /home/airflow/.local/lib/python3.7/site-packages/airflow/example_dags/example_subdag_operator.py
[2022-11-27 18:14:28,335] {processor.py:651} INFO - DAG(s) dict_keys(['example_subdag_operator.section-1', 'example_subdag_operator.section-2', 'example_subdag_operator']) retrieved from /home/airflow/.local/lib/python3.7/site-packages/airflow/example_dags/example_subdag_operator.py
[2022-11-27 18:14:28,470] {logging_mixin.py:115} INFO - [2022-11-27 18:14:28,470] {dag.py:2420} INFO - Sync 3 DAGs
[2022-11-27 18:14:28,500] {logging_mixin.py:115} INFO - [2022-11-27 18:14:28,500] {dag.py:2972} INFO - Setting next_dagrun for example_subdag_operator to 2022-01-01T00:00:00+00:00, run_after=2022-01-01T00:00:00+00:00
[2022-11-27 18:14:28,500] {logging_mixin.py:115} INFO - [2022-11-27 18:14:28,500] {dag.py:2972} INFO - Setting next_dagrun for example_subdag_operator.section-1 to None, run_after=None
[2022-11-27 18:14:28,501] {logging_mixin.py:115} INFO - [2022-11-27 18:14:28,501] {dag.py:2972} INFO - Setting next_dagrun for example_subdag_operator.section-2 to None, run_after=None
[2022-11-27 18:14:28,510] {logging_mixin.py:115} INFO - [2022-11-27 18:14:28,510] {dag.py:2420} INFO - Sync 2 DAGs
[2022-11-27 18:14:28,517] {logging_mixin.py:115} INFO - [2022-11-27 18:14:28,517] {dag.py:2972} INFO - Setting next_dagrun for example_subdag_operator.section-1 to None, run_after=None
[2022-11-27 18:14:28,518] {logging_mixin.py:115} INFO - [2022-11-27 18:14:28,518] {dag.py:2972} INFO - Setting next_dagrun for example_subdag_operator.section-2 to None, run_after=None
[2022-11-27 18:14:28,533] {processor.py:161} INFO - Processing /home/airflow/.local/lib/python3.7/site-packages/airflow/example_dags/example_subdag_operator.py took 0.234 seconds
[2022-11-27 18:14:59,361] {processor.py:153} INFO - Started process (PID=5640) to work on /home/airflow/.local/lib/python3.7/site-packages/airflow/example_dags/example_subdag_operator.py
[2022-11-27 18:14:59,365] {processor.py:641} INFO - Processing file /home/airflow/.local/lib/python3.7/site-packages/airflow/example_dags/example_subdag_operator.py for tasks to queue
[2022-11-27 18:14:59,366] {logging_mixin.py:115} INFO - [2022-11-27 18:14:59,365] {dagbag.py:508} INFO - Filling up the DagBag from /home/airflow/.local/lib/python3.7/site-packages/airflow/example_dags/example_subdag_operator.py
[2022-11-27 18:14:59,402] {processor.py:651} INFO - DAG(s) dict_keys(['example_subdag_operator.section-1', 'example_subdag_operator.section-2', 'example_subdag_operator']) retrieved from /home/airflow/.local/lib/python3.7/site-packages/airflow/example_dags/example_subdag_operator.py
[2022-11-27 18:14:59,579] {logging_mixin.py:115} INFO - [2022-11-27 18:14:59,578] {dag.py:2420} INFO - Sync 3 DAGs
[2022-11-27 18:14:59,612] {logging_mixin.py:115} INFO - [2022-11-27 18:14:59,612] {dag.py:2972} INFO - Setting next_dagrun for example_subdag_operator to 2022-01-01T00:00:00+00:00, run_after=2022-01-01T00:00:00+00:00
[2022-11-27 18:14:59,613] {logging_mixin.py:115} INFO - [2022-11-27 18:14:59,613] {dag.py:2972} INFO - Setting next_dagrun for example_subdag_operator.section-1 to None, run_after=None
[2022-11-27 18:14:59,613] {logging_mixin.py:115} INFO - [2022-11-27 18:14:59,613] {dag.py:2972} INFO - Setting next_dagrun for example_subdag_operator.section-2 to None, run_after=None
[2022-11-27 18:14:59,627] {logging_mixin.py:115} INFO - [2022-11-27 18:14:59,627] {dag.py:2420} INFO - Sync 2 DAGs
[2022-11-27 18:14:59,636] {logging_mixin.py:115} INFO - [2022-11-27 18:14:59,636] {dag.py:2972} INFO - Setting next_dagrun for example_subdag_operator.section-1 to None, run_after=None
[2022-11-27 18:14:59,636] {logging_mixin.py:115} INFO - [2022-11-27 18:14:59,636] {dag.py:2972} INFO - Setting next_dagrun for example_subdag_operator.section-2 to None, run_after=None
[2022-11-27 18:14:59,648] {processor.py:161} INFO - Processing /home/airflow/.local/lib/python3.7/site-packages/airflow/example_dags/example_subdag_operator.py took 0.294 seconds
[2022-11-27 18:15:30,194] {processor.py:153} INFO - Started process (PID=5696) to work on /home/airflow/.local/lib/python3.7/site-packages/airflow/example_dags/example_subdag_operator.py
[2022-11-27 18:15:30,195] {processor.py:641} INFO - Processing file /home/airflow/.local/lib/python3.7/site-packages/airflow/example_dags/example_subdag_operator.py for tasks to queue
[2022-11-27 18:15:30,195] {logging_mixin.py:115} INFO - [2022-11-27 18:15:30,195] {dagbag.py:508} INFO - Filling up the DagBag from /home/airflow/.local/lib/python3.7/site-packages/airflow/example_dags/example_subdag_operator.py
[2022-11-27 18:15:30,231] {processor.py:651} INFO - DAG(s) dict_keys(['example_subdag_operator.section-1', 'example_subdag_operator.section-2', 'example_subdag_operator']) retrieved from /home/airflow/.local/lib/python3.7/site-packages/airflow/example_dags/example_subdag_operator.py
[2022-11-27 18:15:30,383] {logging_mixin.py:115} INFO - [2022-11-27 18:15:30,383] {dag.py:2420} INFO - Sync 3 DAGs
[2022-11-27 18:15:30,416] {logging_mixin.py:115} INFO - [2022-11-27 18:15:30,415] {dag.py:2972} INFO - Setting next_dagrun for example_subdag_operator to 2022-01-01T00:00:00+00:00, run_after=2022-01-01T00:00:00+00:00
[2022-11-27 18:15:30,416] {logging_mixin.py:115} INFO - [2022-11-27 18:15:30,416] {dag.py:2972} INFO - Setting next_dagrun for example_subdag_operator.section-1 to None, run_after=None
[2022-11-27 18:15:30,417] {logging_mixin.py:115} INFO - [2022-11-27 18:15:30,417] {dag.py:2972} INFO - Setting next_dagrun for example_subdag_operator.section-2 to None, run_after=None
[2022-11-27 18:15:30,432] {logging_mixin.py:115} INFO - [2022-11-27 18:15:30,431] {dag.py:2420} INFO - Sync 2 DAGs
[2022-11-27 18:15:30,442] {logging_mixin.py:115} INFO - [2022-11-27 18:15:30,442] {dag.py:2972} INFO - Setting next_dagrun for example_subdag_operator.section-1 to None, run_after=None
[2022-11-27 18:15:30,442] {logging_mixin.py:115} INFO - [2022-11-27 18:15:30,442] {dag.py:2972} INFO - Setting next_dagrun for example_subdag_operator.section-2 to None, run_after=None
[2022-11-27 18:15:30,453] {processor.py:161} INFO - Processing /home/airflow/.local/lib/python3.7/site-packages/airflow/example_dags/example_subdag_operator.py took 0.263 seconds
[2022-11-27 18:16:01,259] {processor.py:153} INFO - Started process (PID=5760) to work on /home/airflow/.local/lib/python3.7/site-packages/airflow/example_dags/example_subdag_operator.py
[2022-11-27 18:16:01,262] {processor.py:641} INFO - Processing file /home/airflow/.local/lib/python3.7/site-packages/airflow/example_dags/example_subdag_operator.py for tasks to queue
[2022-11-27 18:16:01,263] {logging_mixin.py:115} INFO - [2022-11-27 18:16:01,263] {dagbag.py:508} INFO - Filling up the DagBag from /home/airflow/.local/lib/python3.7/site-packages/airflow/example_dags/example_subdag_operator.py
[2022-11-27 18:16:01,299] {processor.py:651} INFO - DAG(s) dict_keys(['example_subdag_operator.section-1', 'example_subdag_operator.section-2', 'example_subdag_operator']) retrieved from /home/airflow/.local/lib/python3.7/site-packages/airflow/example_dags/example_subdag_operator.py
[2022-11-27 18:16:01,446] {logging_mixin.py:115} INFO - [2022-11-27 18:16:01,446] {dag.py:2420} INFO - Sync 3 DAGs
[2022-11-27 18:16:01,474] {logging_mixin.py:115} INFO - [2022-11-27 18:16:01,474] {dag.py:2972} INFO - Setting next_dagrun for example_subdag_operator to 2022-01-01T00:00:00+00:00, run_after=2022-01-01T00:00:00+00:00
[2022-11-27 18:16:01,475] {logging_mixin.py:115} INFO - [2022-11-27 18:16:01,475] {dag.py:2972} INFO - Setting next_dagrun for example_subdag_operator.section-1 to None, run_after=None
[2022-11-27 18:16:01,475] {logging_mixin.py:115} INFO - [2022-11-27 18:16:01,475] {dag.py:2972} INFO - Setting next_dagrun for example_subdag_operator.section-2 to None, run_after=None
[2022-11-27 18:16:01,483] {logging_mixin.py:115} INFO - [2022-11-27 18:16:01,483] {dag.py:2420} INFO - Sync 2 DAGs
[2022-11-27 18:16:01,491] {logging_mixin.py:115} INFO - [2022-11-27 18:16:01,491] {dag.py:2972} INFO - Setting next_dagrun for example_subdag_operator.section-1 to None, run_after=None
[2022-11-27 18:16:01,492] {logging_mixin.py:115} INFO - [2022-11-27 18:16:01,492] {dag.py:2972} INFO - Setting next_dagrun for example_subdag_operator.section-2 to None, run_after=None
[2022-11-27 18:16:01,500] {processor.py:161} INFO - Processing /home/airflow/.local/lib/python3.7/site-packages/airflow/example_dags/example_subdag_operator.py took 0.246 seconds
[2022-11-27 18:16:31,943] {processor.py:153} INFO - Started process (PID=5813) to work on /home/airflow/.local/lib/python3.7/site-packages/airflow/example_dags/example_subdag_operator.py
[2022-11-27 18:16:31,946] {processor.py:641} INFO - Processing file /home/airflow/.local/lib/python3.7/site-packages/airflow/example_dags/example_subdag_operator.py for tasks to queue
[2022-11-27 18:16:31,947] {logging_mixin.py:115} INFO - [2022-11-27 18:16:31,947] {dagbag.py:508} INFO - Filling up the DagBag from /home/airflow/.local/lib/python3.7/site-packages/airflow/example_dags/example_subdag_operator.py
[2022-11-27 18:16:31,982] {processor.py:651} INFO - DAG(s) dict_keys(['example_subdag_operator.section-1', 'example_subdag_operator.section-2', 'example_subdag_operator']) retrieved from /home/airflow/.local/lib/python3.7/site-packages/airflow/example_dags/example_subdag_operator.py
[2022-11-27 18:16:32,129] {logging_mixin.py:115} INFO - [2022-11-27 18:16:32,129] {dag.py:2420} INFO - Sync 3 DAGs
[2022-11-27 18:16:32,162] {logging_mixin.py:115} INFO - [2022-11-27 18:16:32,162] {dag.py:2972} INFO - Setting next_dagrun for example_subdag_operator to 2022-01-01T00:00:00+00:00, run_after=2022-01-01T00:00:00+00:00
[2022-11-27 18:16:32,163] {logging_mixin.py:115} INFO - [2022-11-27 18:16:32,163] {dag.py:2972} INFO - Setting next_dagrun for example_subdag_operator.section-1 to None, run_after=None
[2022-11-27 18:16:32,163] {logging_mixin.py:115} INFO - [2022-11-27 18:16:32,163] {dag.py:2972} INFO - Setting next_dagrun for example_subdag_operator.section-2 to None, run_after=None
[2022-11-27 18:16:32,172] {logging_mixin.py:115} INFO - [2022-11-27 18:16:32,172] {dag.py:2420} INFO - Sync 2 DAGs
[2022-11-27 18:16:32,180] {logging_mixin.py:115} INFO - [2022-11-27 18:16:32,180] {dag.py:2972} INFO - Setting next_dagrun for example_subdag_operator.section-1 to None, run_after=None
[2022-11-27 18:16:32,181] {logging_mixin.py:115} INFO - [2022-11-27 18:16:32,181] {dag.py:2972} INFO - Setting next_dagrun for example_subdag_operator.section-2 to None, run_after=None
[2022-11-27 18:16:32,191] {processor.py:161} INFO - Processing /home/airflow/.local/lib/python3.7/site-packages/airflow/example_dags/example_subdag_operator.py took 0.255 seconds
[2022-11-27 18:17:02,756] {processor.py:153} INFO - Started process (PID=5877) to work on /home/airflow/.local/lib/python3.7/site-packages/airflow/example_dags/example_subdag_operator.py
[2022-11-27 18:17:02,760] {processor.py:641} INFO - Processing file /home/airflow/.local/lib/python3.7/site-packages/airflow/example_dags/example_subdag_operator.py for tasks to queue
[2022-11-27 18:17:02,761] {logging_mixin.py:115} INFO - [2022-11-27 18:17:02,761] {dagbag.py:508} INFO - Filling up the DagBag from /home/airflow/.local/lib/python3.7/site-packages/airflow/example_dags/example_subdag_operator.py
[2022-11-27 18:17:02,815] {processor.py:651} INFO - DAG(s) dict_keys(['example_subdag_operator.section-1', 'example_subdag_operator.section-2', 'example_subdag_operator']) retrieved from /home/airflow/.local/lib/python3.7/site-packages/airflow/example_dags/example_subdag_operator.py
[2022-11-27 18:17:02,968] {logging_mixin.py:115} INFO - [2022-11-27 18:17:02,968] {dag.py:2420} INFO - Sync 3 DAGs
[2022-11-27 18:17:03,001] {logging_mixin.py:115} INFO - [2022-11-27 18:17:03,001] {dag.py:2972} INFO - Setting next_dagrun for example_subdag_operator to 2022-01-01T00:00:00+00:00, run_after=2022-01-01T00:00:00+00:00
[2022-11-27 18:17:03,001] {logging_mixin.py:115} INFO - [2022-11-27 18:17:03,001] {dag.py:2972} INFO - Setting next_dagrun for example_subdag_operator.section-1 to None, run_after=None
[2022-11-27 18:17:03,002] {logging_mixin.py:115} INFO - [2022-11-27 18:17:03,002] {dag.py:2972} INFO - Setting next_dagrun for example_subdag_operator.section-2 to None, run_after=None
[2022-11-27 18:17:03,015] {logging_mixin.py:115} INFO - [2022-11-27 18:17:03,015] {dag.py:2420} INFO - Sync 2 DAGs
[2022-11-27 18:17:03,023] {logging_mixin.py:115} INFO - [2022-11-27 18:17:03,023] {dag.py:2972} INFO - Setting next_dagrun for example_subdag_operator.section-1 to None, run_after=None
[2022-11-27 18:17:03,024] {logging_mixin.py:115} INFO - [2022-11-27 18:17:03,024] {dag.py:2972} INFO - Setting next_dagrun for example_subdag_operator.section-2 to None, run_after=None
[2022-11-27 18:17:03,034] {processor.py:161} INFO - Processing /home/airflow/.local/lib/python3.7/site-packages/airflow/example_dags/example_subdag_operator.py took 0.283 seconds
[2022-11-27 18:17:33,390] {processor.py:153} INFO - Started process (PID=5930) to work on /home/airflow/.local/lib/python3.7/site-packages/airflow/example_dags/example_subdag_operator.py
[2022-11-27 18:17:33,393] {processor.py:641} INFO - Processing file /home/airflow/.local/lib/python3.7/site-packages/airflow/example_dags/example_subdag_operator.py for tasks to queue
[2022-11-27 18:17:33,394] {logging_mixin.py:115} INFO - [2022-11-27 18:17:33,394] {dagbag.py:508} INFO - Filling up the DagBag from /home/airflow/.local/lib/python3.7/site-packages/airflow/example_dags/example_subdag_operator.py
[2022-11-27 18:17:33,431] {processor.py:651} INFO - DAG(s) dict_keys(['example_subdag_operator.section-1', 'example_subdag_operator.section-2', 'example_subdag_operator']) retrieved from /home/airflow/.local/lib/python3.7/site-packages/airflow/example_dags/example_subdag_operator.py
[2022-11-27 18:17:33,589] {logging_mixin.py:115} INFO - [2022-11-27 18:17:33,589] {dag.py:2420} INFO - Sync 3 DAGs
[2022-11-27 18:17:33,621] {logging_mixin.py:115} INFO - [2022-11-27 18:17:33,621] {dag.py:2972} INFO - Setting next_dagrun for example_subdag_operator to 2022-01-01T00:00:00+00:00, run_after=2022-01-01T00:00:00+00:00
[2022-11-27 18:17:33,621] {logging_mixin.py:115} INFO - [2022-11-27 18:17:33,621] {dag.py:2972} INFO - Setting next_dagrun for example_subdag_operator.section-1 to None, run_after=None
[2022-11-27 18:17:33,621] {logging_mixin.py:115} INFO - [2022-11-27 18:17:33,621] {dag.py:2972} INFO - Setting next_dagrun for example_subdag_operator.section-2 to None, run_after=None
[2022-11-27 18:17:33,634] {logging_mixin.py:115} INFO - [2022-11-27 18:17:33,634] {dag.py:2420} INFO - Sync 2 DAGs
[2022-11-27 18:17:33,646] {logging_mixin.py:115} INFO - [2022-11-27 18:17:33,645] {dag.py:2972} INFO - Setting next_dagrun for example_subdag_operator.section-1 to None, run_after=None
[2022-11-27 18:17:33,646] {logging_mixin.py:115} INFO - [2022-11-27 18:17:33,646] {dag.py:2972} INFO - Setting next_dagrun for example_subdag_operator.section-2 to None, run_after=None
[2022-11-27 18:17:33,658] {processor.py:161} INFO - Processing /home/airflow/.local/lib/python3.7/site-packages/airflow/example_dags/example_subdag_operator.py took 0.271 seconds
[2022-11-27 18:18:04,055] {processor.py:153} INFO - Started process (PID=5993) to work on /home/airflow/.local/lib/python3.7/site-packages/airflow/example_dags/example_subdag_operator.py
[2022-11-27 18:18:04,059] {processor.py:641} INFO - Processing file /home/airflow/.local/lib/python3.7/site-packages/airflow/example_dags/example_subdag_operator.py for tasks to queue
[2022-11-27 18:18:04,061] {logging_mixin.py:115} INFO - [2022-11-27 18:18:04,061] {dagbag.py:508} INFO - Filling up the DagBag from /home/airflow/.local/lib/python3.7/site-packages/airflow/example_dags/example_subdag_operator.py
[2022-11-27 18:18:04,091] {processor.py:651} INFO - DAG(s) dict_keys(['example_subdag_operator.section-1', 'example_subdag_operator.section-2', 'example_subdag_operator']) retrieved from /home/airflow/.local/lib/python3.7/site-packages/airflow/example_dags/example_subdag_operator.py
[2022-11-27 18:18:04,232] {logging_mixin.py:115} INFO - [2022-11-27 18:18:04,232] {dag.py:2420} INFO - Sync 3 DAGs
[2022-11-27 18:18:04,261] {logging_mixin.py:115} INFO - [2022-11-27 18:18:04,261] {dag.py:2972} INFO - Setting next_dagrun for example_subdag_operator to 2022-01-01T00:00:00+00:00, run_after=2022-01-01T00:00:00+00:00
[2022-11-27 18:18:04,262] {logging_mixin.py:115} INFO - [2022-11-27 18:18:04,262] {dag.py:2972} INFO - Setting next_dagrun for example_subdag_operator.section-1 to None, run_after=None
[2022-11-27 18:18:04,262] {logging_mixin.py:115} INFO - [2022-11-27 18:18:04,262] {dag.py:2972} INFO - Setting next_dagrun for example_subdag_operator.section-2 to None, run_after=None
[2022-11-27 18:18:04,269] {logging_mixin.py:115} INFO - [2022-11-27 18:18:04,269] {dag.py:2420} INFO - Sync 2 DAGs
[2022-11-27 18:18:04,278] {logging_mixin.py:115} INFO - [2022-11-27 18:18:04,278] {dag.py:2972} INFO - Setting next_dagrun for example_subdag_operator.section-1 to None, run_after=None
[2022-11-27 18:18:04,278] {logging_mixin.py:115} INFO - [2022-11-27 18:18:04,278] {dag.py:2972} INFO - Setting next_dagrun for example_subdag_operator.section-2 to None, run_after=None
[2022-11-27 18:18:04,288] {processor.py:161} INFO - Processing /home/airflow/.local/lib/python3.7/site-packages/airflow/example_dags/example_subdag_operator.py took 0.236 seconds
[2022-11-27 18:18:35,007] {processor.py:153} INFO - Started process (PID=6056) to work on /home/airflow/.local/lib/python3.7/site-packages/airflow/example_dags/example_subdag_operator.py
[2022-11-27 18:18:35,008] {processor.py:641} INFO - Processing file /home/airflow/.local/lib/python3.7/site-packages/airflow/example_dags/example_subdag_operator.py for tasks to queue
[2022-11-27 18:18:35,009] {logging_mixin.py:115} INFO - [2022-11-27 18:18:35,009] {dagbag.py:508} INFO - Filling up the DagBag from /home/airflow/.local/lib/python3.7/site-packages/airflow/example_dags/example_subdag_operator.py
[2022-11-27 18:18:35,042] {processor.py:651} INFO - DAG(s) dict_keys(['example_subdag_operator.section-1', 'example_subdag_operator.section-2', 'example_subdag_operator']) retrieved from /home/airflow/.local/lib/python3.7/site-packages/airflow/example_dags/example_subdag_operator.py
[2022-11-27 18:18:35,183] {logging_mixin.py:115} INFO - [2022-11-27 18:18:35,183] {dag.py:2420} INFO - Sync 3 DAGs
[2022-11-27 18:18:35,213] {logging_mixin.py:115} INFO - [2022-11-27 18:18:35,213] {dag.py:2972} INFO - Setting next_dagrun for example_subdag_operator to 2022-01-01T00:00:00+00:00, run_after=2022-01-01T00:00:00+00:00
[2022-11-27 18:18:35,214] {logging_mixin.py:115} INFO - [2022-11-27 18:18:35,214] {dag.py:2972} INFO - Setting next_dagrun for example_subdag_operator.section-1 to None, run_after=None
[2022-11-27 18:18:35,214] {logging_mixin.py:115} INFO - [2022-11-27 18:18:35,214] {dag.py:2972} INFO - Setting next_dagrun for example_subdag_operator.section-2 to None, run_after=None
[2022-11-27 18:18:35,223] {logging_mixin.py:115} INFO - [2022-11-27 18:18:35,223] {dag.py:2420} INFO - Sync 2 DAGs
[2022-11-27 18:18:35,234] {logging_mixin.py:115} INFO - [2022-11-27 18:18:35,234] {dag.py:2972} INFO - Setting next_dagrun for example_subdag_operator.section-1 to None, run_after=None
[2022-11-27 18:18:35,234] {logging_mixin.py:115} INFO - [2022-11-27 18:18:35,234] {dag.py:2972} INFO - Setting next_dagrun for example_subdag_operator.section-2 to None, run_after=None
[2022-11-27 18:18:35,243] {processor.py:161} INFO - Processing /home/airflow/.local/lib/python3.7/site-packages/airflow/example_dags/example_subdag_operator.py took 0.240 seconds
[2022-11-27 18:19:05,531] {processor.py:153} INFO - Started process (PID=6110) to work on /home/airflow/.local/lib/python3.7/site-packages/airflow/example_dags/example_subdag_operator.py
[2022-11-27 18:19:05,535] {processor.py:641} INFO - Processing file /home/airflow/.local/lib/python3.7/site-packages/airflow/example_dags/example_subdag_operator.py for tasks to queue
[2022-11-27 18:19:05,536] {logging_mixin.py:115} INFO - [2022-11-27 18:19:05,535] {dagbag.py:508} INFO - Filling up the DagBag from /home/airflow/.local/lib/python3.7/site-packages/airflow/example_dags/example_subdag_operator.py
[2022-11-27 18:19:05,572] {processor.py:651} INFO - DAG(s) dict_keys(['example_subdag_operator.section-1', 'example_subdag_operator.section-2', 'example_subdag_operator']) retrieved from /home/airflow/.local/lib/python3.7/site-packages/airflow/example_dags/example_subdag_operator.py
[2022-11-27 18:19:05,724] {logging_mixin.py:115} INFO - [2022-11-27 18:19:05,724] {dag.py:2420} INFO - Sync 3 DAGs
[2022-11-27 18:19:05,755] {logging_mixin.py:115} INFO - [2022-11-27 18:19:05,755] {dag.py:2972} INFO - Setting next_dagrun for example_subdag_operator to 2022-01-01T00:00:00+00:00, run_after=2022-01-01T00:00:00+00:00
[2022-11-27 18:19:05,755] {logging_mixin.py:115} INFO - [2022-11-27 18:19:05,755] {dag.py:2972} INFO - Setting next_dagrun for example_subdag_operator.section-1 to None, run_after=None
[2022-11-27 18:19:05,756] {logging_mixin.py:115} INFO - [2022-11-27 18:19:05,756] {dag.py:2972} INFO - Setting next_dagrun for example_subdag_operator.section-2 to None, run_after=None
[2022-11-27 18:19:05,766] {logging_mixin.py:115} INFO - [2022-11-27 18:19:05,766] {dag.py:2420} INFO - Sync 2 DAGs
[2022-11-27 18:19:05,773] {logging_mixin.py:115} INFO - [2022-11-27 18:19:05,773] {dag.py:2972} INFO - Setting next_dagrun for example_subdag_operator.section-1 to None, run_after=None
[2022-11-27 18:19:05,774] {logging_mixin.py:115} INFO - [2022-11-27 18:19:05,773] {dag.py:2972} INFO - Setting next_dagrun for example_subdag_operator.section-2 to None, run_after=None
[2022-11-27 18:19:05,785] {processor.py:161} INFO - Processing /home/airflow/.local/lib/python3.7/site-packages/airflow/example_dags/example_subdag_operator.py took 0.259 seconds
[2022-11-27 18:19:36,254] {processor.py:153} INFO - Started process (PID=6172) to work on /home/airflow/.local/lib/python3.7/site-packages/airflow/example_dags/example_subdag_operator.py
[2022-11-27 18:19:36,257] {processor.py:641} INFO - Processing file /home/airflow/.local/lib/python3.7/site-packages/airflow/example_dags/example_subdag_operator.py for tasks to queue
[2022-11-27 18:19:36,258] {logging_mixin.py:115} INFO - [2022-11-27 18:19:36,258] {dagbag.py:508} INFO - Filling up the DagBag from /home/airflow/.local/lib/python3.7/site-packages/airflow/example_dags/example_subdag_operator.py
[2022-11-27 18:19:36,291] {processor.py:651} INFO - DAG(s) dict_keys(['example_subdag_operator.section-1', 'example_subdag_operator.section-2', 'example_subdag_operator']) retrieved from /home/airflow/.local/lib/python3.7/site-packages/airflow/example_dags/example_subdag_operator.py
[2022-11-27 18:19:36,453] {logging_mixin.py:115} INFO - [2022-11-27 18:19:36,453] {dag.py:2420} INFO - Sync 3 DAGs
[2022-11-27 18:19:36,485] {logging_mixin.py:115} INFO - [2022-11-27 18:19:36,485] {dag.py:2972} INFO - Setting next_dagrun for example_subdag_operator to 2022-01-01T00:00:00+00:00, run_after=2022-01-01T00:00:00+00:00
[2022-11-27 18:19:36,486] {logging_mixin.py:115} INFO - [2022-11-27 18:19:36,485] {dag.py:2972} INFO - Setting next_dagrun for example_subdag_operator.section-1 to None, run_after=None
[2022-11-27 18:19:36,486] {logging_mixin.py:115} INFO - [2022-11-27 18:19:36,486] {dag.py:2972} INFO - Setting next_dagrun for example_subdag_operator.section-2 to None, run_after=None
[2022-11-27 18:19:36,496] {logging_mixin.py:115} INFO - [2022-11-27 18:19:36,496] {dag.py:2420} INFO - Sync 2 DAGs
[2022-11-27 18:19:36,504] {logging_mixin.py:115} INFO - [2022-11-27 18:19:36,504] {dag.py:2972} INFO - Setting next_dagrun for example_subdag_operator.section-1 to None, run_after=None
[2022-11-27 18:19:36,504] {logging_mixin.py:115} INFO - [2022-11-27 18:19:36,504] {dag.py:2972} INFO - Setting next_dagrun for example_subdag_operator.section-2 to None, run_after=None
[2022-11-27 18:19:36,514] {processor.py:161} INFO - Processing /home/airflow/.local/lib/python3.7/site-packages/airflow/example_dags/example_subdag_operator.py took 0.264 seconds
[2022-11-27 18:20:07,017] {processor.py:153} INFO - Started process (PID=6224) to work on /home/airflow/.local/lib/python3.7/site-packages/airflow/example_dags/example_subdag_operator.py
[2022-11-27 18:20:07,019] {processor.py:641} INFO - Processing file /home/airflow/.local/lib/python3.7/site-packages/airflow/example_dags/example_subdag_operator.py for tasks to queue
[2022-11-27 18:20:07,020] {logging_mixin.py:115} INFO - [2022-11-27 18:20:07,020] {dagbag.py:508} INFO - Filling up the DagBag from /home/airflow/.local/lib/python3.7/site-packages/airflow/example_dags/example_subdag_operator.py
[2022-11-27 18:20:07,081] {processor.py:651} INFO - DAG(s) dict_keys(['example_subdag_operator.section-1', 'example_subdag_operator.section-2', 'example_subdag_operator']) retrieved from /home/airflow/.local/lib/python3.7/site-packages/airflow/example_dags/example_subdag_operator.py
[2022-11-27 18:20:07,356] {logging_mixin.py:115} INFO - [2022-11-27 18:20:07,356] {dag.py:2420} INFO - Sync 3 DAGs
[2022-11-27 18:20:07,421] {logging_mixin.py:115} INFO - [2022-11-27 18:20:07,421] {dag.py:2972} INFO - Setting next_dagrun for example_subdag_operator to 2022-01-01T00:00:00+00:00, run_after=2022-01-01T00:00:00+00:00
[2022-11-27 18:20:07,422] {logging_mixin.py:115} INFO - [2022-11-27 18:20:07,422] {dag.py:2972} INFO - Setting next_dagrun for example_subdag_operator.section-1 to None, run_after=None
[2022-11-27 18:20:07,423] {logging_mixin.py:115} INFO - [2022-11-27 18:20:07,422] {dag.py:2972} INFO - Setting next_dagrun for example_subdag_operator.section-2 to None, run_after=None
[2022-11-27 18:20:07,444] {logging_mixin.py:115} INFO - [2022-11-27 18:20:07,444] {dag.py:2420} INFO - Sync 2 DAGs
[2022-11-27 18:20:07,464] {logging_mixin.py:115} INFO - [2022-11-27 18:20:07,463] {dag.py:2972} INFO - Setting next_dagrun for example_subdag_operator.section-1 to None, run_after=None
[2022-11-27 18:20:07,465] {logging_mixin.py:115} INFO - [2022-11-27 18:20:07,464] {dag.py:2972} INFO - Setting next_dagrun for example_subdag_operator.section-2 to None, run_after=None
[2022-11-27 18:20:07,488] {processor.py:161} INFO - Processing /home/airflow/.local/lib/python3.7/site-packages/airflow/example_dags/example_subdag_operator.py took 0.480 seconds
[2022-11-27 18:20:38,775] {processor.py:153} INFO - Started process (PID=6285) to work on /home/airflow/.local/lib/python3.7/site-packages/airflow/example_dags/example_subdag_operator.py
[2022-11-27 18:20:38,776] {processor.py:641} INFO - Processing file /home/airflow/.local/lib/python3.7/site-packages/airflow/example_dags/example_subdag_operator.py for tasks to queue
[2022-11-27 18:20:38,777] {logging_mixin.py:115} INFO - [2022-11-27 18:20:38,777] {dagbag.py:508} INFO - Filling up the DagBag from /home/airflow/.local/lib/python3.7/site-packages/airflow/example_dags/example_subdag_operator.py
[2022-11-27 18:20:38,845] {processor.py:651} INFO - DAG(s) dict_keys(['example_subdag_operator.section-1', 'example_subdag_operator.section-2', 'example_subdag_operator']) retrieved from /home/airflow/.local/lib/python3.7/site-packages/airflow/example_dags/example_subdag_operator.py
[2022-11-27 18:20:39,072] {logging_mixin.py:115} INFO - [2022-11-27 18:20:39,072] {dag.py:2420} INFO - Sync 3 DAGs
[2022-11-27 18:20:39,113] {logging_mixin.py:115} INFO - [2022-11-27 18:20:39,113] {dag.py:2972} INFO - Setting next_dagrun for example_subdag_operator to 2022-01-01T00:00:00+00:00, run_after=2022-01-01T00:00:00+00:00
[2022-11-27 18:20:39,114] {logging_mixin.py:115} INFO - [2022-11-27 18:20:39,114] {dag.py:2972} INFO - Setting next_dagrun for example_subdag_operator.section-1 to None, run_after=None
[2022-11-27 18:20:39,114] {logging_mixin.py:115} INFO - [2022-11-27 18:20:39,114] {dag.py:2972} INFO - Setting next_dagrun for example_subdag_operator.section-2 to None, run_after=None
[2022-11-27 18:20:39,125] {logging_mixin.py:115} INFO - [2022-11-27 18:20:39,125] {dag.py:2420} INFO - Sync 2 DAGs
[2022-11-27 18:20:39,138] {logging_mixin.py:115} INFO - [2022-11-27 18:20:39,138] {dag.py:2972} INFO - Setting next_dagrun for example_subdag_operator.section-1 to None, run_after=None
[2022-11-27 18:20:39,138] {logging_mixin.py:115} INFO - [2022-11-27 18:20:39,138] {dag.py:2972} INFO - Setting next_dagrun for example_subdag_operator.section-2 to None, run_after=None
[2022-11-27 18:20:39,150] {processor.py:161} INFO - Processing /home/airflow/.local/lib/python3.7/site-packages/airflow/example_dags/example_subdag_operator.py took 0.381 seconds
[2022-11-27 18:21:09,207] {processor.py:153} INFO - Started process (PID=6340) to work on /home/airflow/.local/lib/python3.7/site-packages/airflow/example_dags/example_subdag_operator.py
[2022-11-27 18:21:09,208] {processor.py:641} INFO - Processing file /home/airflow/.local/lib/python3.7/site-packages/airflow/example_dags/example_subdag_operator.py for tasks to queue
[2022-11-27 18:21:09,209] {logging_mixin.py:115} INFO - [2022-11-27 18:21:09,209] {dagbag.py:508} INFO - Filling up the DagBag from /home/airflow/.local/lib/python3.7/site-packages/airflow/example_dags/example_subdag_operator.py
[2022-11-27 18:21:09,255] {processor.py:651} INFO - DAG(s) dict_keys(['example_subdag_operator.section-1', 'example_subdag_operator.section-2', 'example_subdag_operator']) retrieved from /home/airflow/.local/lib/python3.7/site-packages/airflow/example_dags/example_subdag_operator.py
[2022-11-27 18:21:09,451] {logging_mixin.py:115} INFO - [2022-11-27 18:21:09,451] {dag.py:2420} INFO - Sync 3 DAGs
[2022-11-27 18:21:09,499] {logging_mixin.py:115} INFO - [2022-11-27 18:21:09,498] {dag.py:2972} INFO - Setting next_dagrun for example_subdag_operator to 2022-01-01T00:00:00+00:00, run_after=2022-01-01T00:00:00+00:00
[2022-11-27 18:21:09,499] {logging_mixin.py:115} INFO - [2022-11-27 18:21:09,499] {dag.py:2972} INFO - Setting next_dagrun for example_subdag_operator.section-1 to None, run_after=None
[2022-11-27 18:21:09,500] {logging_mixin.py:115} INFO - [2022-11-27 18:21:09,500] {dag.py:2972} INFO - Setting next_dagrun for example_subdag_operator.section-2 to None, run_after=None
[2022-11-27 18:21:09,516] {logging_mixin.py:115} INFO - [2022-11-27 18:21:09,516] {dag.py:2420} INFO - Sync 2 DAGs
[2022-11-27 18:21:09,528] {logging_mixin.py:115} INFO - [2022-11-27 18:21:09,528] {dag.py:2972} INFO - Setting next_dagrun for example_subdag_operator.section-1 to None, run_after=None
[2022-11-27 18:21:09,529] {logging_mixin.py:115} INFO - [2022-11-27 18:21:09,529] {dag.py:2972} INFO - Setting next_dagrun for example_subdag_operator.section-2 to None, run_after=None
[2022-11-27 18:21:09,546] {processor.py:161} INFO - Processing /home/airflow/.local/lib/python3.7/site-packages/airflow/example_dags/example_subdag_operator.py took 0.345 seconds
[2022-11-27 18:21:39,725] {processor.py:153} INFO - Started process (PID=6397) to work on /home/airflow/.local/lib/python3.7/site-packages/airflow/example_dags/example_subdag_operator.py
[2022-11-27 18:21:39,726] {processor.py:641} INFO - Processing file /home/airflow/.local/lib/python3.7/site-packages/airflow/example_dags/example_subdag_operator.py for tasks to queue
[2022-11-27 18:21:39,727] {logging_mixin.py:115} INFO - [2022-11-27 18:21:39,727] {dagbag.py:508} INFO - Filling up the DagBag from /home/airflow/.local/lib/python3.7/site-packages/airflow/example_dags/example_subdag_operator.py
[2022-11-27 18:21:39,785] {processor.py:651} INFO - DAG(s) dict_keys(['example_subdag_operator.section-1', 'example_subdag_operator.section-2', 'example_subdag_operator']) retrieved from /home/airflow/.local/lib/python3.7/site-packages/airflow/example_dags/example_subdag_operator.py
[2022-11-27 18:21:40,030] {logging_mixin.py:115} INFO - [2022-11-27 18:21:40,030] {dag.py:2420} INFO - Sync 3 DAGs
[2022-11-27 18:21:40,075] {logging_mixin.py:115} INFO - [2022-11-27 18:21:40,075] {dag.py:2972} INFO - Setting next_dagrun for example_subdag_operator to 2022-01-01T00:00:00+00:00, run_after=2022-01-01T00:00:00+00:00
[2022-11-27 18:21:40,076] {logging_mixin.py:115} INFO - [2022-11-27 18:21:40,076] {dag.py:2972} INFO - Setting next_dagrun for example_subdag_operator.section-1 to None, run_after=None
[2022-11-27 18:21:40,076] {logging_mixin.py:115} INFO - [2022-11-27 18:21:40,076] {dag.py:2972} INFO - Setting next_dagrun for example_subdag_operator.section-2 to None, run_after=None
[2022-11-27 18:21:40,095] {logging_mixin.py:115} INFO - [2022-11-27 18:21:40,094] {dag.py:2420} INFO - Sync 2 DAGs
[2022-11-27 18:21:40,111] {logging_mixin.py:115} INFO - [2022-11-27 18:21:40,111] {dag.py:2972} INFO - Setting next_dagrun for example_subdag_operator.section-1 to None, run_after=None
[2022-11-27 18:21:40,112] {logging_mixin.py:115} INFO - [2022-11-27 18:21:40,112] {dag.py:2972} INFO - Setting next_dagrun for example_subdag_operator.section-2 to None, run_after=None
[2022-11-27 18:21:40,134] {processor.py:161} INFO - Processing /home/airflow/.local/lib/python3.7/site-packages/airflow/example_dags/example_subdag_operator.py took 0.414 seconds
[2022-11-27 18:22:10,421] {processor.py:153} INFO - Started process (PID=6451) to work on /home/airflow/.local/lib/python3.7/site-packages/airflow/example_dags/example_subdag_operator.py
[2022-11-27 18:22:10,422] {processor.py:641} INFO - Processing file /home/airflow/.local/lib/python3.7/site-packages/airflow/example_dags/example_subdag_operator.py for tasks to queue
[2022-11-27 18:22:10,423] {logging_mixin.py:115} INFO - [2022-11-27 18:22:10,423] {dagbag.py:508} INFO - Filling up the DagBag from /home/airflow/.local/lib/python3.7/site-packages/airflow/example_dags/example_subdag_operator.py
[2022-11-27 18:22:10,475] {processor.py:651} INFO - DAG(s) dict_keys(['example_subdag_operator.section-1', 'example_subdag_operator.section-2', 'example_subdag_operator']) retrieved from /home/airflow/.local/lib/python3.7/site-packages/airflow/example_dags/example_subdag_operator.py
[2022-11-27 18:22:10,740] {logging_mixin.py:115} INFO - [2022-11-27 18:22:10,740] {dag.py:2420} INFO - Sync 3 DAGs
[2022-11-27 18:22:10,792] {logging_mixin.py:115} INFO - [2022-11-27 18:22:10,792] {dag.py:2972} INFO - Setting next_dagrun for example_subdag_operator to 2022-01-01T00:00:00+00:00, run_after=2022-01-01T00:00:00+00:00
[2022-11-27 18:22:10,792] {logging_mixin.py:115} INFO - [2022-11-27 18:22:10,792] {dag.py:2972} INFO - Setting next_dagrun for example_subdag_operator.section-1 to None, run_after=None
[2022-11-27 18:22:10,793] {logging_mixin.py:115} INFO - [2022-11-27 18:22:10,793] {dag.py:2972} INFO - Setting next_dagrun for example_subdag_operator.section-2 to None, run_after=None
[2022-11-27 18:22:10,809] {logging_mixin.py:115} INFO - [2022-11-27 18:22:10,808] {dag.py:2420} INFO - Sync 2 DAGs
[2022-11-27 18:22:10,829] {logging_mixin.py:115} INFO - [2022-11-27 18:22:10,828] {dag.py:2972} INFO - Setting next_dagrun for example_subdag_operator.section-1 to None, run_after=None
[2022-11-27 18:22:10,829] {logging_mixin.py:115} INFO - [2022-11-27 18:22:10,829] {dag.py:2972} INFO - Setting next_dagrun for example_subdag_operator.section-2 to None, run_after=None
[2022-11-27 18:22:10,851] {processor.py:161} INFO - Processing /home/airflow/.local/lib/python3.7/site-packages/airflow/example_dags/example_subdag_operator.py took 0.439 seconds
[2022-11-27 18:22:41,105] {processor.py:153} INFO - Started process (PID=6512) to work on /home/airflow/.local/lib/python3.7/site-packages/airflow/example_dags/example_subdag_operator.py
[2022-11-27 18:22:41,107] {processor.py:641} INFO - Processing file /home/airflow/.local/lib/python3.7/site-packages/airflow/example_dags/example_subdag_operator.py for tasks to queue
[2022-11-27 18:22:41,108] {logging_mixin.py:115} INFO - [2022-11-27 18:22:41,108] {dagbag.py:508} INFO - Filling up the DagBag from /home/airflow/.local/lib/python3.7/site-packages/airflow/example_dags/example_subdag_operator.py
[2022-11-27 18:22:41,175] {processor.py:651} INFO - DAG(s) dict_keys(['example_subdag_operator.section-1', 'example_subdag_operator.section-2', 'example_subdag_operator']) retrieved from /home/airflow/.local/lib/python3.7/site-packages/airflow/example_dags/example_subdag_operator.py
[2022-11-27 18:22:41,475] {logging_mixin.py:115} INFO - [2022-11-27 18:22:41,475] {dag.py:2420} INFO - Sync 3 DAGs
[2022-11-27 18:22:41,544] {logging_mixin.py:115} INFO - [2022-11-27 18:22:41,543] {dag.py:2972} INFO - Setting next_dagrun for example_subdag_operator to 2022-01-01T00:00:00+00:00, run_after=2022-01-01T00:00:00+00:00
[2022-11-27 18:22:41,544] {logging_mixin.py:115} INFO - [2022-11-27 18:22:41,544] {dag.py:2972} INFO - Setting next_dagrun for example_subdag_operator.section-1 to None, run_after=None
[2022-11-27 18:22:41,545] {logging_mixin.py:115} INFO - [2022-11-27 18:22:41,544] {dag.py:2972} INFO - Setting next_dagrun for example_subdag_operator.section-2 to None, run_after=None
[2022-11-27 18:22:41,563] {logging_mixin.py:115} INFO - [2022-11-27 18:22:41,562] {dag.py:2420} INFO - Sync 2 DAGs
[2022-11-27 18:22:41,583] {logging_mixin.py:115} INFO - [2022-11-27 18:22:41,583] {dag.py:2972} INFO - Setting next_dagrun for example_subdag_operator.section-1 to None, run_after=None
[2022-11-27 18:22:41,584] {logging_mixin.py:115} INFO - [2022-11-27 18:22:41,584] {dag.py:2972} INFO - Setting next_dagrun for example_subdag_operator.section-2 to None, run_after=None
[2022-11-27 18:22:41,608] {processor.py:161} INFO - Processing /home/airflow/.local/lib/python3.7/site-packages/airflow/example_dags/example_subdag_operator.py took 0.509 seconds
[2022-11-27 18:23:12,017] {processor.py:153} INFO - Started process (PID=6566) to work on /home/airflow/.local/lib/python3.7/site-packages/airflow/example_dags/example_subdag_operator.py
[2022-11-27 18:23:12,019] {processor.py:641} INFO - Processing file /home/airflow/.local/lib/python3.7/site-packages/airflow/example_dags/example_subdag_operator.py for tasks to queue
[2022-11-27 18:23:12,021] {logging_mixin.py:115} INFO - [2022-11-27 18:23:12,021] {dagbag.py:508} INFO - Filling up the DagBag from /home/airflow/.local/lib/python3.7/site-packages/airflow/example_dags/example_subdag_operator.py
[2022-11-27 18:23:12,111] {processor.py:651} INFO - DAG(s) dict_keys(['example_subdag_operator.section-1', 'example_subdag_operator.section-2', 'example_subdag_operator']) retrieved from /home/airflow/.local/lib/python3.7/site-packages/airflow/example_dags/example_subdag_operator.py
[2022-11-27 18:23:12,444] {logging_mixin.py:115} INFO - [2022-11-27 18:23:12,444] {dag.py:2420} INFO - Sync 3 DAGs
[2022-11-27 18:23:12,491] {logging_mixin.py:115} INFO - [2022-11-27 18:23:12,491] {dag.py:2972} INFO - Setting next_dagrun for example_subdag_operator to 2022-01-01T00:00:00+00:00, run_after=2022-01-01T00:00:00+00:00
[2022-11-27 18:23:12,492] {logging_mixin.py:115} INFO - [2022-11-27 18:23:12,491] {dag.py:2972} INFO - Setting next_dagrun for example_subdag_operator.section-1 to None, run_after=None
[2022-11-27 18:23:12,492] {logging_mixin.py:115} INFO - [2022-11-27 18:23:12,492] {dag.py:2972} INFO - Setting next_dagrun for example_subdag_operator.section-2 to None, run_after=None
[2022-11-27 18:23:12,505] {logging_mixin.py:115} INFO - [2022-11-27 18:23:12,504] {dag.py:2420} INFO - Sync 2 DAGs
[2022-11-27 18:23:12,518] {logging_mixin.py:115} INFO - [2022-11-27 18:23:12,518] {dag.py:2972} INFO - Setting next_dagrun for example_subdag_operator.section-1 to None, run_after=None
[2022-11-27 18:23:12,519] {logging_mixin.py:115} INFO - [2022-11-27 18:23:12,519] {dag.py:2972} INFO - Setting next_dagrun for example_subdag_operator.section-2 to None, run_after=None
[2022-11-27 18:23:12,532] {processor.py:161} INFO - Processing /home/airflow/.local/lib/python3.7/site-packages/airflow/example_dags/example_subdag_operator.py took 0.523 seconds
[2022-11-27 18:23:43,114] {processor.py:153} INFO - Started process (PID=6620) to work on /home/airflow/.local/lib/python3.7/site-packages/airflow/example_dags/example_subdag_operator.py
[2022-11-27 18:23:43,115] {processor.py:641} INFO - Processing file /home/airflow/.local/lib/python3.7/site-packages/airflow/example_dags/example_subdag_operator.py for tasks to queue
[2022-11-27 18:23:43,116] {logging_mixin.py:115} INFO - [2022-11-27 18:23:43,116] {dagbag.py:508} INFO - Filling up the DagBag from /home/airflow/.local/lib/python3.7/site-packages/airflow/example_dags/example_subdag_operator.py
[2022-11-27 18:23:43,175] {processor.py:651} INFO - DAG(s) dict_keys(['example_subdag_operator.section-1', 'example_subdag_operator.section-2', 'example_subdag_operator']) retrieved from /home/airflow/.local/lib/python3.7/site-packages/airflow/example_dags/example_subdag_operator.py
[2022-11-27 18:23:43,456] {logging_mixin.py:115} INFO - [2022-11-27 18:23:43,456] {dag.py:2420} INFO - Sync 3 DAGs
[2022-11-27 18:23:43,513] {logging_mixin.py:115} INFO - [2022-11-27 18:23:43,512] {dag.py:2972} INFO - Setting next_dagrun for example_subdag_operator to 2022-01-01T00:00:00+00:00, run_after=2022-01-01T00:00:00+00:00
[2022-11-27 18:23:43,513] {logging_mixin.py:115} INFO - [2022-11-27 18:23:43,513] {dag.py:2972} INFO - Setting next_dagrun for example_subdag_operator.section-1 to None, run_after=None
[2022-11-27 18:23:43,514] {logging_mixin.py:115} INFO - [2022-11-27 18:23:43,513] {dag.py:2972} INFO - Setting next_dagrun for example_subdag_operator.section-2 to None, run_after=None
[2022-11-27 18:23:43,530] {logging_mixin.py:115} INFO - [2022-11-27 18:23:43,530] {dag.py:2420} INFO - Sync 2 DAGs
[2022-11-27 18:23:43,548] {logging_mixin.py:115} INFO - [2022-11-27 18:23:43,547] {dag.py:2972} INFO - Setting next_dagrun for example_subdag_operator.section-1 to None, run_after=None
[2022-11-27 18:23:43,548] {logging_mixin.py:115} INFO - [2022-11-27 18:23:43,548] {dag.py:2972} INFO - Setting next_dagrun for example_subdag_operator.section-2 to None, run_after=None
[2022-11-27 18:23:43,572] {processor.py:161} INFO - Processing /home/airflow/.local/lib/python3.7/site-packages/airflow/example_dags/example_subdag_operator.py took 0.463 seconds
[2022-11-27 18:24:14,157] {processor.py:153} INFO - Started process (PID=6680) to work on /home/airflow/.local/lib/python3.7/site-packages/airflow/example_dags/example_subdag_operator.py
[2022-11-27 18:24:14,158] {processor.py:641} INFO - Processing file /home/airflow/.local/lib/python3.7/site-packages/airflow/example_dags/example_subdag_operator.py for tasks to queue
[2022-11-27 18:24:14,159] {logging_mixin.py:115} INFO - [2022-11-27 18:24:14,159] {dagbag.py:508} INFO - Filling up the DagBag from /home/airflow/.local/lib/python3.7/site-packages/airflow/example_dags/example_subdag_operator.py
[2022-11-27 18:24:14,214] {processor.py:651} INFO - DAG(s) dict_keys(['example_subdag_operator.section-1', 'example_subdag_operator.section-2', 'example_subdag_operator']) retrieved from /home/airflow/.local/lib/python3.7/site-packages/airflow/example_dags/example_subdag_operator.py
[2022-11-27 18:24:14,457] {logging_mixin.py:115} INFO - [2022-11-27 18:24:14,456] {dag.py:2420} INFO - Sync 3 DAGs
[2022-11-27 18:24:14,500] {logging_mixin.py:115} INFO - [2022-11-27 18:24:14,499] {dag.py:2972} INFO - Setting next_dagrun for example_subdag_operator to 2022-01-01T00:00:00+00:00, run_after=2022-01-01T00:00:00+00:00
[2022-11-27 18:24:14,501] {logging_mixin.py:115} INFO - [2022-11-27 18:24:14,500] {dag.py:2972} INFO - Setting next_dagrun for example_subdag_operator.section-1 to None, run_after=None
[2022-11-27 18:24:14,503] {logging_mixin.py:115} INFO - [2022-11-27 18:24:14,503] {dag.py:2972} INFO - Setting next_dagrun for example_subdag_operator.section-2 to None, run_after=None
[2022-11-27 18:24:14,522] {logging_mixin.py:115} INFO - [2022-11-27 18:24:14,521] {dag.py:2420} INFO - Sync 2 DAGs
[2022-11-27 18:24:14,536] {logging_mixin.py:115} INFO - [2022-11-27 18:24:14,534] {dag.py:2972} INFO - Setting next_dagrun for example_subdag_operator.section-1 to None, run_after=None
[2022-11-27 18:24:14,537] {logging_mixin.py:115} INFO - [2022-11-27 18:24:14,537] {dag.py:2972} INFO - Setting next_dagrun for example_subdag_operator.section-2 to None, run_after=None
[2022-11-27 18:24:14,557] {processor.py:161} INFO - Processing /home/airflow/.local/lib/python3.7/site-packages/airflow/example_dags/example_subdag_operator.py took 0.406 seconds
[2022-11-27 18:24:45,004] {processor.py:153} INFO - Started process (PID=6737) to work on /home/airflow/.local/lib/python3.7/site-packages/airflow/example_dags/example_subdag_operator.py
[2022-11-27 18:24:45,005] {processor.py:641} INFO - Processing file /home/airflow/.local/lib/python3.7/site-packages/airflow/example_dags/example_subdag_operator.py for tasks to queue
[2022-11-27 18:24:45,006] {logging_mixin.py:115} INFO - [2022-11-27 18:24:45,006] {dagbag.py:508} INFO - Filling up the DagBag from /home/airflow/.local/lib/python3.7/site-packages/airflow/example_dags/example_subdag_operator.py
[2022-11-27 18:24:45,067] {processor.py:651} INFO - DAG(s) dict_keys(['example_subdag_operator.section-1', 'example_subdag_operator.section-2', 'example_subdag_operator']) retrieved from /home/airflow/.local/lib/python3.7/site-packages/airflow/example_dags/example_subdag_operator.py
[2022-11-27 18:24:45,338] {logging_mixin.py:115} INFO - [2022-11-27 18:24:45,338] {dag.py:2420} INFO - Sync 3 DAGs
[2022-11-27 18:24:45,382] {logging_mixin.py:115} INFO - [2022-11-27 18:24:45,382] {dag.py:2972} INFO - Setting next_dagrun for example_subdag_operator to 2022-01-01T00:00:00+00:00, run_after=2022-01-01T00:00:00+00:00
[2022-11-27 18:24:45,384] {logging_mixin.py:115} INFO - [2022-11-27 18:24:45,383] {dag.py:2972} INFO - Setting next_dagrun for example_subdag_operator.section-1 to None, run_after=None
[2022-11-27 18:24:45,386] {logging_mixin.py:115} INFO - [2022-11-27 18:24:45,385] {dag.py:2972} INFO - Setting next_dagrun for example_subdag_operator.section-2 to None, run_after=None
[2022-11-27 18:24:45,402] {logging_mixin.py:115} INFO - [2022-11-27 18:24:45,401] {dag.py:2420} INFO - Sync 2 DAGs
[2022-11-27 18:24:45,415] {logging_mixin.py:115} INFO - [2022-11-27 18:24:45,415] {dag.py:2972} INFO - Setting next_dagrun for example_subdag_operator.section-1 to None, run_after=None
[2022-11-27 18:24:45,415] {logging_mixin.py:115} INFO - [2022-11-27 18:24:45,415] {dag.py:2972} INFO - Setting next_dagrun for example_subdag_operator.section-2 to None, run_after=None
[2022-11-27 18:24:45,434] {processor.py:161} INFO - Processing /home/airflow/.local/lib/python3.7/site-packages/airflow/example_dags/example_subdag_operator.py took 0.437 seconds
[2022-11-27 18:25:15,892] {processor.py:153} INFO - Started process (PID=6789) to work on /home/airflow/.local/lib/python3.7/site-packages/airflow/example_dags/example_subdag_operator.py
[2022-11-27 18:25:15,893] {processor.py:641} INFO - Processing file /home/airflow/.local/lib/python3.7/site-packages/airflow/example_dags/example_subdag_operator.py for tasks to queue
[2022-11-27 18:25:15,894] {logging_mixin.py:115} INFO - [2022-11-27 18:25:15,894] {dagbag.py:508} INFO - Filling up the DagBag from /home/airflow/.local/lib/python3.7/site-packages/airflow/example_dags/example_subdag_operator.py
[2022-11-27 18:25:15,978] {processor.py:651} INFO - DAG(s) dict_keys(['example_subdag_operator.section-1', 'example_subdag_operator.section-2', 'example_subdag_operator']) retrieved from /home/airflow/.local/lib/python3.7/site-packages/airflow/example_dags/example_subdag_operator.py
[2022-11-27 18:25:16,251] {logging_mixin.py:115} INFO - [2022-11-27 18:25:16,251] {dag.py:2420} INFO - Sync 3 DAGs
[2022-11-27 18:25:16,300] {logging_mixin.py:115} INFO - [2022-11-27 18:25:16,299] {dag.py:2972} INFO - Setting next_dagrun for example_subdag_operator to 2022-01-01T00:00:00+00:00, run_after=2022-01-01T00:00:00+00:00
[2022-11-27 18:25:16,301] {logging_mixin.py:115} INFO - [2022-11-27 18:25:16,301] {dag.py:2972} INFO - Setting next_dagrun for example_subdag_operator.section-1 to None, run_after=None
[2022-11-27 18:25:16,303] {logging_mixin.py:115} INFO - [2022-11-27 18:25:16,302] {dag.py:2972} INFO - Setting next_dagrun for example_subdag_operator.section-2 to None, run_after=None
[2022-11-27 18:25:16,318] {logging_mixin.py:115} INFO - [2022-11-27 18:25:16,318] {dag.py:2420} INFO - Sync 2 DAGs
[2022-11-27 18:25:16,332] {logging_mixin.py:115} INFO - [2022-11-27 18:25:16,332] {dag.py:2972} INFO - Setting next_dagrun for example_subdag_operator.section-1 to None, run_after=None
[2022-11-27 18:25:16,333] {logging_mixin.py:115} INFO - [2022-11-27 18:25:16,333] {dag.py:2972} INFO - Setting next_dagrun for example_subdag_operator.section-2 to None, run_after=None
[2022-11-27 18:25:16,351] {processor.py:161} INFO - Processing /home/airflow/.local/lib/python3.7/site-packages/airflow/example_dags/example_subdag_operator.py took 0.468 seconds
[2022-11-27 18:25:46,741] {processor.py:153} INFO - Started process (PID=6855) to work on /home/airflow/.local/lib/python3.7/site-packages/airflow/example_dags/example_subdag_operator.py
[2022-11-27 18:25:46,742] {processor.py:641} INFO - Processing file /home/airflow/.local/lib/python3.7/site-packages/airflow/example_dags/example_subdag_operator.py for tasks to queue
[2022-11-27 18:25:46,743] {logging_mixin.py:115} INFO - [2022-11-27 18:25:46,743] {dagbag.py:508} INFO - Filling up the DagBag from /home/airflow/.local/lib/python3.7/site-packages/airflow/example_dags/example_subdag_operator.py
[2022-11-27 18:25:46,794] {processor.py:651} INFO - DAG(s) dict_keys(['example_subdag_operator.section-1', 'example_subdag_operator.section-2', 'example_subdag_operator']) retrieved from /home/airflow/.local/lib/python3.7/site-packages/airflow/example_dags/example_subdag_operator.py
[2022-11-27 18:25:47,037] {logging_mixin.py:115} INFO - [2022-11-27 18:25:47,037] {dag.py:2420} INFO - Sync 3 DAGs
[2022-11-27 18:25:47,092] {logging_mixin.py:115} INFO - [2022-11-27 18:25:47,091] {dag.py:2972} INFO - Setting next_dagrun for example_subdag_operator to 2022-01-01T00:00:00+00:00, run_after=2022-01-01T00:00:00+00:00
[2022-11-27 18:25:47,093] {logging_mixin.py:115} INFO - [2022-11-27 18:25:47,093] {dag.py:2972} INFO - Setting next_dagrun for example_subdag_operator.section-1 to None, run_after=None
[2022-11-27 18:25:47,093] {logging_mixin.py:115} INFO - [2022-11-27 18:25:47,093] {dag.py:2972} INFO - Setting next_dagrun for example_subdag_operator.section-2 to None, run_after=None
[2022-11-27 18:25:47,112] {logging_mixin.py:115} INFO - [2022-11-27 18:25:47,112] {dag.py:2420} INFO - Sync 2 DAGs
[2022-11-27 18:25:47,126] {logging_mixin.py:115} INFO - [2022-11-27 18:25:47,126] {dag.py:2972} INFO - Setting next_dagrun for example_subdag_operator.section-1 to None, run_after=None
[2022-11-27 18:25:47,127] {logging_mixin.py:115} INFO - [2022-11-27 18:25:47,127] {dag.py:2972} INFO - Setting next_dagrun for example_subdag_operator.section-2 to None, run_after=None
[2022-11-27 18:25:47,146] {processor.py:161} INFO - Processing /home/airflow/.local/lib/python3.7/site-packages/airflow/example_dags/example_subdag_operator.py took 0.410 seconds
[2022-11-27 18:26:17,232] {processor.py:153} INFO - Started process (PID=6909) to work on /home/airflow/.local/lib/python3.7/site-packages/airflow/example_dags/example_subdag_operator.py
[2022-11-27 18:26:17,233] {processor.py:641} INFO - Processing file /home/airflow/.local/lib/python3.7/site-packages/airflow/example_dags/example_subdag_operator.py for tasks to queue
[2022-11-27 18:26:17,234] {logging_mixin.py:115} INFO - [2022-11-27 18:26:17,234] {dagbag.py:508} INFO - Filling up the DagBag from /home/airflow/.local/lib/python3.7/site-packages/airflow/example_dags/example_subdag_operator.py
[2022-11-27 18:26:17,293] {processor.py:651} INFO - DAG(s) dict_keys(['example_subdag_operator.section-1', 'example_subdag_operator.section-2', 'example_subdag_operator']) retrieved from /home/airflow/.local/lib/python3.7/site-packages/airflow/example_dags/example_subdag_operator.py
[2022-11-27 18:26:17,555] {logging_mixin.py:115} INFO - [2022-11-27 18:26:17,555] {dag.py:2420} INFO - Sync 3 DAGs
[2022-11-27 18:26:17,607] {logging_mixin.py:115} INFO - [2022-11-27 18:26:17,607] {dag.py:2972} INFO - Setting next_dagrun for example_subdag_operator to 2022-01-01T00:00:00+00:00, run_after=2022-01-01T00:00:00+00:00
[2022-11-27 18:26:17,608] {logging_mixin.py:115} INFO - [2022-11-27 18:26:17,607] {dag.py:2972} INFO - Setting next_dagrun for example_subdag_operator.section-1 to None, run_after=None
[2022-11-27 18:26:17,608] {logging_mixin.py:115} INFO - [2022-11-27 18:26:17,608] {dag.py:2972} INFO - Setting next_dagrun for example_subdag_operator.section-2 to None, run_after=None
[2022-11-27 18:26:17,624] {logging_mixin.py:115} INFO - [2022-11-27 18:26:17,624] {dag.py:2420} INFO - Sync 2 DAGs
[2022-11-27 18:26:17,642] {logging_mixin.py:115} INFO - [2022-11-27 18:26:17,642] {dag.py:2972} INFO - Setting next_dagrun for example_subdag_operator.section-1 to None, run_after=None
[2022-11-27 18:26:17,642] {logging_mixin.py:115} INFO - [2022-11-27 18:26:17,642] {dag.py:2972} INFO - Setting next_dagrun for example_subdag_operator.section-2 to None, run_after=None
[2022-11-27 18:26:17,660] {processor.py:161} INFO - Processing /home/airflow/.local/lib/python3.7/site-packages/airflow/example_dags/example_subdag_operator.py took 0.434 seconds
[2022-11-27 18:26:48,271] {processor.py:153} INFO - Started process (PID=6970) to work on /home/airflow/.local/lib/python3.7/site-packages/airflow/example_dags/example_subdag_operator.py
[2022-11-27 18:26:48,272] {processor.py:641} INFO - Processing file /home/airflow/.local/lib/python3.7/site-packages/airflow/example_dags/example_subdag_operator.py for tasks to queue
[2022-11-27 18:26:48,272] {logging_mixin.py:115} INFO - [2022-11-27 18:26:48,272] {dagbag.py:508} INFO - Filling up the DagBag from /home/airflow/.local/lib/python3.7/site-packages/airflow/example_dags/example_subdag_operator.py
[2022-11-27 18:26:48,305] {processor.py:651} INFO - DAG(s) dict_keys(['example_subdag_operator.section-1', 'example_subdag_operator.section-2', 'example_subdag_operator']) retrieved from /home/airflow/.local/lib/python3.7/site-packages/airflow/example_dags/example_subdag_operator.py
[2022-11-27 18:26:48,514] {logging_mixin.py:115} INFO - [2022-11-27 18:26:48,514] {dag.py:2420} INFO - Sync 3 DAGs
[2022-11-27 18:26:48,548] {logging_mixin.py:115} INFO - [2022-11-27 18:26:48,548] {dag.py:2972} INFO - Setting next_dagrun for example_subdag_operator to 2022-01-01T00:00:00+00:00, run_after=2022-01-01T00:00:00+00:00
[2022-11-27 18:26:48,548] {logging_mixin.py:115} INFO - [2022-11-27 18:26:48,548] {dag.py:2972} INFO - Setting next_dagrun for example_subdag_operator.section-1 to None, run_after=None
[2022-11-27 18:26:48,548] {logging_mixin.py:115} INFO - [2022-11-27 18:26:48,548] {dag.py:2972} INFO - Setting next_dagrun for example_subdag_operator.section-2 to None, run_after=None
[2022-11-27 18:26:48,565] {logging_mixin.py:115} INFO - [2022-11-27 18:26:48,565] {dag.py:2420} INFO - Sync 2 DAGs
[2022-11-27 18:26:48,575] {logging_mixin.py:115} INFO - [2022-11-27 18:26:48,575] {dag.py:2972} INFO - Setting next_dagrun for example_subdag_operator.section-1 to None, run_after=None
[2022-11-27 18:26:48,576] {logging_mixin.py:115} INFO - [2022-11-27 18:26:48,576] {dag.py:2972} INFO - Setting next_dagrun for example_subdag_operator.section-2 to None, run_after=None
[2022-11-27 18:26:48,588] {processor.py:161} INFO - Processing /home/airflow/.local/lib/python3.7/site-packages/airflow/example_dags/example_subdag_operator.py took 0.322 seconds
[2022-11-27 18:27:18,909] {processor.py:153} INFO - Started process (PID=7027) to work on /home/airflow/.local/lib/python3.7/site-packages/airflow/example_dags/example_subdag_operator.py
[2022-11-27 18:27:18,913] {processor.py:641} INFO - Processing file /home/airflow/.local/lib/python3.7/site-packages/airflow/example_dags/example_subdag_operator.py for tasks to queue
[2022-11-27 18:27:18,913] {logging_mixin.py:115} INFO - [2022-11-27 18:27:18,913] {dagbag.py:508} INFO - Filling up the DagBag from /home/airflow/.local/lib/python3.7/site-packages/airflow/example_dags/example_subdag_operator.py
[2022-11-27 18:27:18,945] {processor.py:651} INFO - DAG(s) dict_keys(['example_subdag_operator.section-1', 'example_subdag_operator.section-2', 'example_subdag_operator']) retrieved from /home/airflow/.local/lib/python3.7/site-packages/airflow/example_dags/example_subdag_operator.py
[2022-11-27 18:27:19,079] {logging_mixin.py:115} INFO - [2022-11-27 18:27:19,079] {dag.py:2420} INFO - Sync 3 DAGs
[2022-11-27 18:27:19,110] {logging_mixin.py:115} INFO - [2022-11-27 18:27:19,109] {dag.py:2972} INFO - Setting next_dagrun for example_subdag_operator to 2022-01-01T00:00:00+00:00, run_after=2022-01-01T00:00:00+00:00
[2022-11-27 18:27:19,110] {logging_mixin.py:115} INFO - [2022-11-27 18:27:19,110] {dag.py:2972} INFO - Setting next_dagrun for example_subdag_operator.section-1 to None, run_after=None
[2022-11-27 18:27:19,110] {logging_mixin.py:115} INFO - [2022-11-27 18:27:19,110] {dag.py:2972} INFO - Setting next_dagrun for example_subdag_operator.section-2 to None, run_after=None
[2022-11-27 18:27:19,120] {logging_mixin.py:115} INFO - [2022-11-27 18:27:19,120] {dag.py:2420} INFO - Sync 2 DAGs
[2022-11-27 18:27:19,128] {logging_mixin.py:115} INFO - [2022-11-27 18:27:19,128] {dag.py:2972} INFO - Setting next_dagrun for example_subdag_operator.section-1 to None, run_after=None
[2022-11-27 18:27:19,128] {logging_mixin.py:115} INFO - [2022-11-27 18:27:19,128] {dag.py:2972} INFO - Setting next_dagrun for example_subdag_operator.section-2 to None, run_after=None
[2022-11-27 18:27:19,138] {processor.py:161} INFO - Processing /home/airflow/.local/lib/python3.7/site-packages/airflow/example_dags/example_subdag_operator.py took 0.233 seconds
[2022-11-27 18:27:49,428] {processor.py:153} INFO - Started process (PID=7090) to work on /home/airflow/.local/lib/python3.7/site-packages/airflow/example_dags/example_subdag_operator.py
[2022-11-27 18:27:49,431] {processor.py:641} INFO - Processing file /home/airflow/.local/lib/python3.7/site-packages/airflow/example_dags/example_subdag_operator.py for tasks to queue
[2022-11-27 18:27:49,432] {logging_mixin.py:115} INFO - [2022-11-27 18:27:49,432] {dagbag.py:508} INFO - Filling up the DagBag from /home/airflow/.local/lib/python3.7/site-packages/airflow/example_dags/example_subdag_operator.py
[2022-11-27 18:27:49,466] {processor.py:651} INFO - DAG(s) dict_keys(['example_subdag_operator.section-1', 'example_subdag_operator.section-2', 'example_subdag_operator']) retrieved from /home/airflow/.local/lib/python3.7/site-packages/airflow/example_dags/example_subdag_operator.py
[2022-11-27 18:27:49,628] {logging_mixin.py:115} INFO - [2022-11-27 18:27:49,628] {dag.py:2420} INFO - Sync 3 DAGs
[2022-11-27 18:27:49,661] {logging_mixin.py:115} INFO - [2022-11-27 18:27:49,661] {dag.py:2972} INFO - Setting next_dagrun for example_subdag_operator to 2022-01-01T00:00:00+00:00, run_after=2022-01-01T00:00:00+00:00
[2022-11-27 18:27:49,662] {logging_mixin.py:115} INFO - [2022-11-27 18:27:49,662] {dag.py:2972} INFO - Setting next_dagrun for example_subdag_operator.section-1 to None, run_after=None
[2022-11-27 18:27:49,662] {logging_mixin.py:115} INFO - [2022-11-27 18:27:49,662] {dag.py:2972} INFO - Setting next_dagrun for example_subdag_operator.section-2 to None, run_after=None
[2022-11-27 18:27:49,672] {logging_mixin.py:115} INFO - [2022-11-27 18:27:49,672] {dag.py:2420} INFO - Sync 2 DAGs
[2022-11-27 18:27:49,680] {logging_mixin.py:115} INFO - [2022-11-27 18:27:49,680] {dag.py:2972} INFO - Setting next_dagrun for example_subdag_operator.section-1 to None, run_after=None
[2022-11-27 18:27:49,680] {logging_mixin.py:115} INFO - [2022-11-27 18:27:49,680] {dag.py:2972} INFO - Setting next_dagrun for example_subdag_operator.section-2 to None, run_after=None
[2022-11-27 18:27:49,693] {processor.py:161} INFO - Processing /home/airflow/.local/lib/python3.7/site-packages/airflow/example_dags/example_subdag_operator.py took 0.270 seconds
[2022-11-27 18:28:20,307] {processor.py:153} INFO - Started process (PID=7144) to work on /home/airflow/.local/lib/python3.7/site-packages/airflow/example_dags/example_subdag_operator.py
[2022-11-27 18:28:20,311] {processor.py:641} INFO - Processing file /home/airflow/.local/lib/python3.7/site-packages/airflow/example_dags/example_subdag_operator.py for tasks to queue
[2022-11-27 18:28:20,312] {logging_mixin.py:115} INFO - [2022-11-27 18:28:20,311] {dagbag.py:508} INFO - Filling up the DagBag from /home/airflow/.local/lib/python3.7/site-packages/airflow/example_dags/example_subdag_operator.py
[2022-11-27 18:28:20,344] {processor.py:651} INFO - DAG(s) dict_keys(['example_subdag_operator.section-1', 'example_subdag_operator.section-2', 'example_subdag_operator']) retrieved from /home/airflow/.local/lib/python3.7/site-packages/airflow/example_dags/example_subdag_operator.py
[2022-11-27 18:28:20,495] {logging_mixin.py:115} INFO - [2022-11-27 18:28:20,495] {dag.py:2420} INFO - Sync 3 DAGs
[2022-11-27 18:28:20,527] {logging_mixin.py:115} INFO - [2022-11-27 18:28:20,527] {dag.py:2972} INFO - Setting next_dagrun for example_subdag_operator to 2022-01-01T00:00:00+00:00, run_after=2022-01-01T00:00:00+00:00
[2022-11-27 18:28:20,528] {logging_mixin.py:115} INFO - [2022-11-27 18:28:20,527] {dag.py:2972} INFO - Setting next_dagrun for example_subdag_operator.section-1 to None, run_after=None
[2022-11-27 18:28:20,528] {logging_mixin.py:115} INFO - [2022-11-27 18:28:20,528] {dag.py:2972} INFO - Setting next_dagrun for example_subdag_operator.section-2 to None, run_after=None
[2022-11-27 18:28:20,539] {logging_mixin.py:115} INFO - [2022-11-27 18:28:20,539] {dag.py:2420} INFO - Sync 2 DAGs
[2022-11-27 18:28:20,548] {logging_mixin.py:115} INFO - [2022-11-27 18:28:20,548] {dag.py:2972} INFO - Setting next_dagrun for example_subdag_operator.section-1 to None, run_after=None
[2022-11-27 18:28:20,548] {logging_mixin.py:115} INFO - [2022-11-27 18:28:20,548] {dag.py:2972} INFO - Setting next_dagrun for example_subdag_operator.section-2 to None, run_after=None
[2022-11-27 18:28:20,561] {processor.py:161} INFO - Processing /home/airflow/.local/lib/python3.7/site-packages/airflow/example_dags/example_subdag_operator.py took 0.260 seconds
[2022-11-27 18:28:50,849] {processor.py:153} INFO - Started process (PID=7207) to work on /home/airflow/.local/lib/python3.7/site-packages/airflow/example_dags/example_subdag_operator.py
[2022-11-27 18:28:50,852] {processor.py:641} INFO - Processing file /home/airflow/.local/lib/python3.7/site-packages/airflow/example_dags/example_subdag_operator.py for tasks to queue
[2022-11-27 18:28:50,853] {logging_mixin.py:115} INFO - [2022-11-27 18:28:50,853] {dagbag.py:508} INFO - Filling up the DagBag from /home/airflow/.local/lib/python3.7/site-packages/airflow/example_dags/example_subdag_operator.py
[2022-11-27 18:28:50,891] {processor.py:651} INFO - DAG(s) dict_keys(['example_subdag_operator.section-1', 'example_subdag_operator.section-2', 'example_subdag_operator']) retrieved from /home/airflow/.local/lib/python3.7/site-packages/airflow/example_dags/example_subdag_operator.py
[2022-11-27 18:28:51,039] {logging_mixin.py:115} INFO - [2022-11-27 18:28:51,039] {dag.py:2420} INFO - Sync 3 DAGs
[2022-11-27 18:28:51,069] {logging_mixin.py:115} INFO - [2022-11-27 18:28:51,069] {dag.py:2972} INFO - Setting next_dagrun for example_subdag_operator to 2022-01-01T00:00:00+00:00, run_after=2022-01-01T00:00:00+00:00
[2022-11-27 18:28:51,070] {logging_mixin.py:115} INFO - [2022-11-27 18:28:51,070] {dag.py:2972} INFO - Setting next_dagrun for example_subdag_operator.section-1 to None, run_after=None
[2022-11-27 18:28:51,070] {logging_mixin.py:115} INFO - [2022-11-27 18:28:51,070] {dag.py:2972} INFO - Setting next_dagrun for example_subdag_operator.section-2 to None, run_after=None
[2022-11-27 18:28:51,080] {logging_mixin.py:115} INFO - [2022-11-27 18:28:51,080] {dag.py:2420} INFO - Sync 2 DAGs
[2022-11-27 18:28:51,087] {logging_mixin.py:115} INFO - [2022-11-27 18:28:51,087] {dag.py:2972} INFO - Setting next_dagrun for example_subdag_operator.section-1 to None, run_after=None
[2022-11-27 18:28:51,088] {logging_mixin.py:115} INFO - [2022-11-27 18:28:51,087] {dag.py:2972} INFO - Setting next_dagrun for example_subdag_operator.section-2 to None, run_after=None
[2022-11-27 18:28:51,096] {processor.py:161} INFO - Processing /home/airflow/.local/lib/python3.7/site-packages/airflow/example_dags/example_subdag_operator.py took 0.251 seconds
[2022-11-27 18:29:21,302] {processor.py:153} INFO - Started process (PID=7261) to work on /home/airflow/.local/lib/python3.7/site-packages/airflow/example_dags/example_subdag_operator.py
[2022-11-27 18:29:21,303] {processor.py:641} INFO - Processing file /home/airflow/.local/lib/python3.7/site-packages/airflow/example_dags/example_subdag_operator.py for tasks to queue
[2022-11-27 18:29:21,303] {logging_mixin.py:115} INFO - [2022-11-27 18:29:21,303] {dagbag.py:508} INFO - Filling up the DagBag from /home/airflow/.local/lib/python3.7/site-packages/airflow/example_dags/example_subdag_operator.py
[2022-11-27 18:29:21,340] {processor.py:651} INFO - DAG(s) dict_keys(['example_subdag_operator.section-1', 'example_subdag_operator.section-2', 'example_subdag_operator']) retrieved from /home/airflow/.local/lib/python3.7/site-packages/airflow/example_dags/example_subdag_operator.py
[2022-11-27 18:29:21,483] {logging_mixin.py:115} INFO - [2022-11-27 18:29:21,482] {dag.py:2420} INFO - Sync 3 DAGs
[2022-11-27 18:29:21,512] {logging_mixin.py:115} INFO - [2022-11-27 18:29:21,512] {dag.py:2972} INFO - Setting next_dagrun for example_subdag_operator to 2022-01-01T00:00:00+00:00, run_after=2022-01-01T00:00:00+00:00
[2022-11-27 18:29:21,512] {logging_mixin.py:115} INFO - [2022-11-27 18:29:21,512] {dag.py:2972} INFO - Setting next_dagrun for example_subdag_operator.section-1 to None, run_after=None
[2022-11-27 18:29:21,513] {logging_mixin.py:115} INFO - [2022-11-27 18:29:21,513] {dag.py:2972} INFO - Setting next_dagrun for example_subdag_operator.section-2 to None, run_after=None
[2022-11-27 18:29:21,521] {logging_mixin.py:115} INFO - [2022-11-27 18:29:21,521] {dag.py:2420} INFO - Sync 2 DAGs
[2022-11-27 18:29:21,529] {logging_mixin.py:115} INFO - [2022-11-27 18:29:21,529] {dag.py:2972} INFO - Setting next_dagrun for example_subdag_operator.section-1 to None, run_after=None
[2022-11-27 18:29:21,529] {logging_mixin.py:115} INFO - [2022-11-27 18:29:21,529] {dag.py:2972} INFO - Setting next_dagrun for example_subdag_operator.section-2 to None, run_after=None
[2022-11-27 18:29:21,540] {processor.py:161} INFO - Processing /home/airflow/.local/lib/python3.7/site-packages/airflow/example_dags/example_subdag_operator.py took 0.241 seconds
[2022-11-27 18:29:51,969] {processor.py:153} INFO - Started process (PID=7323) to work on /home/airflow/.local/lib/python3.7/site-packages/airflow/example_dags/example_subdag_operator.py
[2022-11-27 18:29:51,973] {processor.py:641} INFO - Processing file /home/airflow/.local/lib/python3.7/site-packages/airflow/example_dags/example_subdag_operator.py for tasks to queue
[2022-11-27 18:29:51,974] {logging_mixin.py:115} INFO - [2022-11-27 18:29:51,974] {dagbag.py:508} INFO - Filling up the DagBag from /home/airflow/.local/lib/python3.7/site-packages/airflow/example_dags/example_subdag_operator.py
[2022-11-27 18:29:52,021] {processor.py:651} INFO - DAG(s) dict_keys(['example_subdag_operator.section-1', 'example_subdag_operator.section-2', 'example_subdag_operator']) retrieved from /home/airflow/.local/lib/python3.7/site-packages/airflow/example_dags/example_subdag_operator.py
[2022-11-27 18:29:52,161] {logging_mixin.py:115} INFO - [2022-11-27 18:29:52,161] {dag.py:2420} INFO - Sync 3 DAGs
[2022-11-27 18:29:52,190] {logging_mixin.py:115} INFO - [2022-11-27 18:29:52,190] {dag.py:2972} INFO - Setting next_dagrun for example_subdag_operator to 2022-01-01T00:00:00+00:00, run_after=2022-01-01T00:00:00+00:00
[2022-11-27 18:29:52,191] {logging_mixin.py:115} INFO - [2022-11-27 18:29:52,191] {dag.py:2972} INFO - Setting next_dagrun for example_subdag_operator.section-1 to None, run_after=None
[2022-11-27 18:29:52,191] {logging_mixin.py:115} INFO - [2022-11-27 18:29:52,191] {dag.py:2972} INFO - Setting next_dagrun for example_subdag_operator.section-2 to None, run_after=None
[2022-11-27 18:29:52,200] {logging_mixin.py:115} INFO - [2022-11-27 18:29:52,200] {dag.py:2420} INFO - Sync 2 DAGs
[2022-11-27 18:29:52,210] {logging_mixin.py:115} INFO - [2022-11-27 18:29:52,210] {dag.py:2972} INFO - Setting next_dagrun for example_subdag_operator.section-1 to None, run_after=None
[2022-11-27 18:29:52,210] {logging_mixin.py:115} INFO - [2022-11-27 18:29:52,210] {dag.py:2972} INFO - Setting next_dagrun for example_subdag_operator.section-2 to None, run_after=None
[2022-11-27 18:29:52,220] {processor.py:161} INFO - Processing /home/airflow/.local/lib/python3.7/site-packages/airflow/example_dags/example_subdag_operator.py took 0.257 seconds
[2022-11-27 18:30:22,609] {processor.py:153} INFO - Started process (PID=7386) to work on /home/airflow/.local/lib/python3.7/site-packages/airflow/example_dags/example_subdag_operator.py
[2022-11-27 18:30:22,613] {processor.py:641} INFO - Processing file /home/airflow/.local/lib/python3.7/site-packages/airflow/example_dags/example_subdag_operator.py for tasks to queue
[2022-11-27 18:30:22,614] {logging_mixin.py:115} INFO - [2022-11-27 18:30:22,614] {dagbag.py:508} INFO - Filling up the DagBag from /home/airflow/.local/lib/python3.7/site-packages/airflow/example_dags/example_subdag_operator.py
[2022-11-27 18:30:22,658] {processor.py:651} INFO - DAG(s) dict_keys(['example_subdag_operator.section-1', 'example_subdag_operator.section-2', 'example_subdag_operator']) retrieved from /home/airflow/.local/lib/python3.7/site-packages/airflow/example_dags/example_subdag_operator.py
[2022-11-27 18:30:22,779] {logging_mixin.py:115} INFO - [2022-11-27 18:30:22,779] {dag.py:2420} INFO - Sync 3 DAGs
[2022-11-27 18:30:22,805] {logging_mixin.py:115} INFO - [2022-11-27 18:30:22,805] {dag.py:2972} INFO - Setting next_dagrun for example_subdag_operator to 2022-01-01T00:00:00+00:00, run_after=2022-01-01T00:00:00+00:00
[2022-11-27 18:30:22,806] {logging_mixin.py:115} INFO - [2022-11-27 18:30:22,805] {dag.py:2972} INFO - Setting next_dagrun for example_subdag_operator.section-1 to None, run_after=None
[2022-11-27 18:30:22,806] {logging_mixin.py:115} INFO - [2022-11-27 18:30:22,806] {dag.py:2972} INFO - Setting next_dagrun for example_subdag_operator.section-2 to None, run_after=None
[2022-11-27 18:30:22,814] {logging_mixin.py:115} INFO - [2022-11-27 18:30:22,814] {dag.py:2420} INFO - Sync 2 DAGs
[2022-11-27 18:30:22,822] {logging_mixin.py:115} INFO - [2022-11-27 18:30:22,822] {dag.py:2972} INFO - Setting next_dagrun for example_subdag_operator.section-1 to None, run_after=None
[2022-11-27 18:30:22,822] {logging_mixin.py:115} INFO - [2022-11-27 18:30:22,822] {dag.py:2972} INFO - Setting next_dagrun for example_subdag_operator.section-2 to None, run_after=None
[2022-11-27 18:30:22,831] {processor.py:161} INFO - Processing /home/airflow/.local/lib/python3.7/site-packages/airflow/example_dags/example_subdag_operator.py took 0.227 seconds
[2022-11-27 18:30:53,250] {processor.py:153} INFO - Started process (PID=7440) to work on /home/airflow/.local/lib/python3.7/site-packages/airflow/example_dags/example_subdag_operator.py
[2022-11-27 18:30:53,254] {processor.py:641} INFO - Processing file /home/airflow/.local/lib/python3.7/site-packages/airflow/example_dags/example_subdag_operator.py for tasks to queue
[2022-11-27 18:30:53,255] {logging_mixin.py:115} INFO - [2022-11-27 18:30:53,255] {dagbag.py:508} INFO - Filling up the DagBag from /home/airflow/.local/lib/python3.7/site-packages/airflow/example_dags/example_subdag_operator.py
[2022-11-27 18:30:53,304] {processor.py:651} INFO - DAG(s) dict_keys(['example_subdag_operator.section-1', 'example_subdag_operator.section-2', 'example_subdag_operator']) retrieved from /home/airflow/.local/lib/python3.7/site-packages/airflow/example_dags/example_subdag_operator.py
[2022-11-27 18:30:53,437] {logging_mixin.py:115} INFO - [2022-11-27 18:30:53,437] {dag.py:2420} INFO - Sync 3 DAGs
[2022-11-27 18:30:53,461] {logging_mixin.py:115} INFO - [2022-11-27 18:30:53,461] {dag.py:2972} INFO - Setting next_dagrun for example_subdag_operator to 2022-01-01T00:00:00+00:00, run_after=2022-01-01T00:00:00+00:00
[2022-11-27 18:30:53,461] {logging_mixin.py:115} INFO - [2022-11-27 18:30:53,461] {dag.py:2972} INFO - Setting next_dagrun for example_subdag_operator.section-1 to None, run_after=None
[2022-11-27 18:30:53,462] {logging_mixin.py:115} INFO - [2022-11-27 18:30:53,461] {dag.py:2972} INFO - Setting next_dagrun for example_subdag_operator.section-2 to None, run_after=None
[2022-11-27 18:30:53,480] {logging_mixin.py:115} INFO - [2022-11-27 18:30:53,480] {dag.py:2420} INFO - Sync 2 DAGs
[2022-11-27 18:30:53,487] {logging_mixin.py:115} INFO - [2022-11-27 18:30:53,487] {dag.py:2972} INFO - Setting next_dagrun for example_subdag_operator.section-1 to None, run_after=None
[2022-11-27 18:30:53,487] {logging_mixin.py:115} INFO - [2022-11-27 18:30:53,487] {dag.py:2972} INFO - Setting next_dagrun for example_subdag_operator.section-2 to None, run_after=None
[2022-11-27 18:30:53,495] {processor.py:161} INFO - Processing /home/airflow/.local/lib/python3.7/site-packages/airflow/example_dags/example_subdag_operator.py took 0.250 seconds
[2022-11-27 18:31:23,547] {processor.py:153} INFO - Started process (PID=7503) to work on /home/airflow/.local/lib/python3.7/site-packages/airflow/example_dags/example_subdag_operator.py
[2022-11-27 18:31:23,550] {processor.py:641} INFO - Processing file /home/airflow/.local/lib/python3.7/site-packages/airflow/example_dags/example_subdag_operator.py for tasks to queue
[2022-11-27 18:31:23,551] {logging_mixin.py:115} INFO - [2022-11-27 18:31:23,551] {dagbag.py:508} INFO - Filling up the DagBag from /home/airflow/.local/lib/python3.7/site-packages/airflow/example_dags/example_subdag_operator.py
[2022-11-27 18:31:23,585] {processor.py:651} INFO - DAG(s) dict_keys(['example_subdag_operator.section-1', 'example_subdag_operator.section-2', 'example_subdag_operator']) retrieved from /home/airflow/.local/lib/python3.7/site-packages/airflow/example_dags/example_subdag_operator.py
[2022-11-27 18:31:23,722] {logging_mixin.py:115} INFO - [2022-11-27 18:31:23,722] {dag.py:2420} INFO - Sync 3 DAGs
[2022-11-27 18:31:23,751] {logging_mixin.py:115} INFO - [2022-11-27 18:31:23,751] {dag.py:2972} INFO - Setting next_dagrun for example_subdag_operator to 2022-01-01T00:00:00+00:00, run_after=2022-01-01T00:00:00+00:00
[2022-11-27 18:31:23,752] {logging_mixin.py:115} INFO - [2022-11-27 18:31:23,751] {dag.py:2972} INFO - Setting next_dagrun for example_subdag_operator.section-1 to None, run_after=None
[2022-11-27 18:31:23,752] {logging_mixin.py:115} INFO - [2022-11-27 18:31:23,752] {dag.py:2972} INFO - Setting next_dagrun for example_subdag_operator.section-2 to None, run_after=None
[2022-11-27 18:31:23,760] {logging_mixin.py:115} INFO - [2022-11-27 18:31:23,760] {dag.py:2420} INFO - Sync 2 DAGs
[2022-11-27 18:31:23,768] {logging_mixin.py:115} INFO - [2022-11-27 18:31:23,768] {dag.py:2972} INFO - Setting next_dagrun for example_subdag_operator.section-1 to None, run_after=None
[2022-11-27 18:31:23,768] {logging_mixin.py:115} INFO - [2022-11-27 18:31:23,768] {dag.py:2972} INFO - Setting next_dagrun for example_subdag_operator.section-2 to None, run_after=None
[2022-11-27 18:31:23,779] {processor.py:161} INFO - Processing /home/airflow/.local/lib/python3.7/site-packages/airflow/example_dags/example_subdag_operator.py took 0.238 seconds
[2022-11-27 18:31:53,803] {processor.py:153} INFO - Started process (PID=7566) to work on /home/airflow/.local/lib/python3.7/site-packages/airflow/example_dags/example_subdag_operator.py
[2022-11-27 18:31:53,804] {processor.py:641} INFO - Processing file /home/airflow/.local/lib/python3.7/site-packages/airflow/example_dags/example_subdag_operator.py for tasks to queue
[2022-11-27 18:31:53,805] {logging_mixin.py:115} INFO - [2022-11-27 18:31:53,805] {dagbag.py:508} INFO - Filling up the DagBag from /home/airflow/.local/lib/python3.7/site-packages/airflow/example_dags/example_subdag_operator.py
[2022-11-27 18:31:53,845] {processor.py:651} INFO - DAG(s) dict_keys(['example_subdag_operator.section-1', 'example_subdag_operator.section-2', 'example_subdag_operator']) retrieved from /home/airflow/.local/lib/python3.7/site-packages/airflow/example_dags/example_subdag_operator.py
[2022-11-27 18:31:53,974] {logging_mixin.py:115} INFO - [2022-11-27 18:31:53,974] {dag.py:2420} INFO - Sync 3 DAGs
[2022-11-27 18:31:54,001] {logging_mixin.py:115} INFO - [2022-11-27 18:31:54,000] {dag.py:2972} INFO - Setting next_dagrun for example_subdag_operator to 2022-01-01T00:00:00+00:00, run_after=2022-01-01T00:00:00+00:00
[2022-11-27 18:31:54,001] {logging_mixin.py:115} INFO - [2022-11-27 18:31:54,001] {dag.py:2972} INFO - Setting next_dagrun for example_subdag_operator.section-1 to None, run_after=None
[2022-11-27 18:31:54,001] {logging_mixin.py:115} INFO - [2022-11-27 18:31:54,001] {dag.py:2972} INFO - Setting next_dagrun for example_subdag_operator.section-2 to None, run_after=None
[2022-11-27 18:31:54,010] {logging_mixin.py:115} INFO - [2022-11-27 18:31:54,009] {dag.py:2420} INFO - Sync 2 DAGs
[2022-11-27 18:31:54,018] {logging_mixin.py:115} INFO - [2022-11-27 18:31:54,017] {dag.py:2972} INFO - Setting next_dagrun for example_subdag_operator.section-1 to None, run_after=None
[2022-11-27 18:31:54,018] {logging_mixin.py:115} INFO - [2022-11-27 18:31:54,018] {dag.py:2972} INFO - Setting next_dagrun for example_subdag_operator.section-2 to None, run_after=None
[2022-11-27 18:31:54,029] {processor.py:161} INFO - Processing /home/airflow/.local/lib/python3.7/site-packages/airflow/example_dags/example_subdag_operator.py took 0.230 seconds
[2022-11-27 18:32:24,077] {processor.py:153} INFO - Started process (PID=7620) to work on /home/airflow/.local/lib/python3.7/site-packages/airflow/example_dags/example_subdag_operator.py
[2022-11-27 18:32:24,081] {processor.py:641} INFO - Processing file /home/airflow/.local/lib/python3.7/site-packages/airflow/example_dags/example_subdag_operator.py for tasks to queue
[2022-11-27 18:32:24,082] {logging_mixin.py:115} INFO - [2022-11-27 18:32:24,082] {dagbag.py:508} INFO - Filling up the DagBag from /home/airflow/.local/lib/python3.7/site-packages/airflow/example_dags/example_subdag_operator.py
[2022-11-27 18:32:24,127] {processor.py:651} INFO - DAG(s) dict_keys(['example_subdag_operator.section-1', 'example_subdag_operator.section-2', 'example_subdag_operator']) retrieved from /home/airflow/.local/lib/python3.7/site-packages/airflow/example_dags/example_subdag_operator.py
[2022-11-27 18:32:24,275] {logging_mixin.py:115} INFO - [2022-11-27 18:32:24,275] {dag.py:2420} INFO - Sync 3 DAGs
[2022-11-27 18:32:24,299] {logging_mixin.py:115} INFO - [2022-11-27 18:32:24,299] {dag.py:2972} INFO - Setting next_dagrun for example_subdag_operator to 2022-01-01T00:00:00+00:00, run_after=2022-01-01T00:00:00+00:00
[2022-11-27 18:32:24,300] {logging_mixin.py:115} INFO - [2022-11-27 18:32:24,300] {dag.py:2972} INFO - Setting next_dagrun for example_subdag_operator.section-1 to None, run_after=None
[2022-11-27 18:32:24,300] {logging_mixin.py:115} INFO - [2022-11-27 18:32:24,300] {dag.py:2972} INFO - Setting next_dagrun for example_subdag_operator.section-2 to None, run_after=None
[2022-11-27 18:32:24,308] {logging_mixin.py:115} INFO - [2022-11-27 18:32:24,308] {dag.py:2420} INFO - Sync 2 DAGs
[2022-11-27 18:32:24,315] {logging_mixin.py:115} INFO - [2022-11-27 18:32:24,315] {dag.py:2972} INFO - Setting next_dagrun for example_subdag_operator.section-1 to None, run_after=None
[2022-11-27 18:32:24,315] {logging_mixin.py:115} INFO - [2022-11-27 18:32:24,315] {dag.py:2972} INFO - Setting next_dagrun for example_subdag_operator.section-2 to None, run_after=None
[2022-11-27 18:32:24,326] {processor.py:161} INFO - Processing /home/airflow/.local/lib/python3.7/site-packages/airflow/example_dags/example_subdag_operator.py took 0.253 seconds
[2022-11-27 18:32:54,441] {processor.py:153} INFO - Started process (PID=7683) to work on /home/airflow/.local/lib/python3.7/site-packages/airflow/example_dags/example_subdag_operator.py
[2022-11-27 18:32:54,442] {processor.py:641} INFO - Processing file /home/airflow/.local/lib/python3.7/site-packages/airflow/example_dags/example_subdag_operator.py for tasks to queue
[2022-11-27 18:32:54,443] {logging_mixin.py:115} INFO - [2022-11-27 18:32:54,443] {dagbag.py:508} INFO - Filling up the DagBag from /home/airflow/.local/lib/python3.7/site-packages/airflow/example_dags/example_subdag_operator.py
[2022-11-27 18:32:54,484] {processor.py:651} INFO - DAG(s) dict_keys(['example_subdag_operator.section-1', 'example_subdag_operator.section-2', 'example_subdag_operator']) retrieved from /home/airflow/.local/lib/python3.7/site-packages/airflow/example_dags/example_subdag_operator.py
[2022-11-27 18:32:54,599] {logging_mixin.py:115} INFO - [2022-11-27 18:32:54,599] {dag.py:2420} INFO - Sync 3 DAGs
[2022-11-27 18:32:54,625] {logging_mixin.py:115} INFO - [2022-11-27 18:32:54,625] {dag.py:2972} INFO - Setting next_dagrun for example_subdag_operator to 2022-01-01T00:00:00+00:00, run_after=2022-01-01T00:00:00+00:00
[2022-11-27 18:32:54,625] {logging_mixin.py:115} INFO - [2022-11-27 18:32:54,625] {dag.py:2972} INFO - Setting next_dagrun for example_subdag_operator.section-1 to None, run_after=None
[2022-11-27 18:32:54,625] {logging_mixin.py:115} INFO - [2022-11-27 18:32:54,625] {dag.py:2972} INFO - Setting next_dagrun for example_subdag_operator.section-2 to None, run_after=None
[2022-11-27 18:32:54,634] {logging_mixin.py:115} INFO - [2022-11-27 18:32:54,634] {dag.py:2420} INFO - Sync 2 DAGs
[2022-11-27 18:32:54,642] {logging_mixin.py:115} INFO - [2022-11-27 18:32:54,642] {dag.py:2972} INFO - Setting next_dagrun for example_subdag_operator.section-1 to None, run_after=None
[2022-11-27 18:32:54,642] {logging_mixin.py:115} INFO - [2022-11-27 18:32:54,642] {dag.py:2972} INFO - Setting next_dagrun for example_subdag_operator.section-2 to None, run_after=None
[2022-11-27 18:32:54,652] {processor.py:161} INFO - Processing /home/airflow/.local/lib/python3.7/site-packages/airflow/example_dags/example_subdag_operator.py took 0.217 seconds
