[2022-11-27 16:54:05,977] {processor.py:153} INFO - Started process (PID=5369) to work on /home/airflow/.local/lib/python3.7/site-packages/airflow/example_dags/tutorial_taskflow_api_etl.py
[2022-11-27 16:54:05,978] {processor.py:641} INFO - Processing file /home/airflow/.local/lib/python3.7/site-packages/airflow/example_dags/tutorial_taskflow_api_etl.py for tasks to queue
[2022-11-27 16:54:05,979] {logging_mixin.py:115} INFO - [2022-11-27 16:54:05,979] {dagbag.py:508} INFO - Filling up the DagBag from /home/airflow/.local/lib/python3.7/site-packages/airflow/example_dags/tutorial_taskflow_api_etl.py
[2022-11-27 16:54:06,013] {processor.py:651} INFO - DAG(s) dict_keys(['tutorial_taskflow_api_etl']) retrieved from /home/airflow/.local/lib/python3.7/site-packages/airflow/example_dags/tutorial_taskflow_api_etl.py
[2022-11-27 16:54:06,183] {logging_mixin.py:115} INFO - [2022-11-27 16:54:06,183] {dag.py:2420} INFO - Sync 1 DAGs
[2022-11-27 16:54:06,230] {logging_mixin.py:115} INFO - [2022-11-27 16:54:06,229] {dag.py:2972} INFO - Setting next_dagrun for tutorial_taskflow_api_etl to None, run_after=None
[2022-11-27 16:54:06,263] {processor.py:161} INFO - Processing /home/airflow/.local/lib/python3.7/site-packages/airflow/example_dags/tutorial_taskflow_api_etl.py took 0.291 seconds
[2022-11-27 18:12:57,843] {processor.py:153} INFO - Started process (PID=5405) to work on /home/airflow/.local/lib/python3.7/site-packages/airflow/example_dags/tutorial_taskflow_api_etl.py
[2022-11-27 18:12:57,844] {processor.py:641} INFO - Processing file /home/airflow/.local/lib/python3.7/site-packages/airflow/example_dags/tutorial_taskflow_api_etl.py for tasks to queue
[2022-11-27 18:12:57,845] {logging_mixin.py:115} INFO - [2022-11-27 18:12:57,844] {dagbag.py:508} INFO - Filling up the DagBag from /home/airflow/.local/lib/python3.7/site-packages/airflow/example_dags/tutorial_taskflow_api_etl.py
[2022-11-27 18:12:57,871] {processor.py:651} INFO - DAG(s) dict_keys(['tutorial_taskflow_api_etl']) retrieved from /home/airflow/.local/lib/python3.7/site-packages/airflow/example_dags/tutorial_taskflow_api_etl.py
[2022-11-27 18:12:57,981] {logging_mixin.py:115} INFO - [2022-11-27 18:12:57,981] {dag.py:2420} INFO - Sync 1 DAGs
[2022-11-27 18:12:58,019] {logging_mixin.py:115} INFO - [2022-11-27 18:12:58,019] {dag.py:2972} INFO - Setting next_dagrun for tutorial_taskflow_api_etl to None, run_after=None
[2022-11-27 18:12:58,044] {processor.py:161} INFO - Processing /home/airflow/.local/lib/python3.7/site-packages/airflow/example_dags/tutorial_taskflow_api_etl.py took 0.206 seconds
[2022-11-27 18:13:28,092] {processor.py:153} INFO - Started process (PID=5468) to work on /home/airflow/.local/lib/python3.7/site-packages/airflow/example_dags/tutorial_taskflow_api_etl.py
[2022-11-27 18:13:28,093] {processor.py:641} INFO - Processing file /home/airflow/.local/lib/python3.7/site-packages/airflow/example_dags/tutorial_taskflow_api_etl.py for tasks to queue
[2022-11-27 18:13:28,093] {logging_mixin.py:115} INFO - [2022-11-27 18:13:28,093] {dagbag.py:508} INFO - Filling up the DagBag from /home/airflow/.local/lib/python3.7/site-packages/airflow/example_dags/tutorial_taskflow_api_etl.py
[2022-11-27 18:13:28,115] {processor.py:651} INFO - DAG(s) dict_keys(['tutorial_taskflow_api_etl']) retrieved from /home/airflow/.local/lib/python3.7/site-packages/airflow/example_dags/tutorial_taskflow_api_etl.py
[2022-11-27 18:13:28,170] {logging_mixin.py:115} INFO - [2022-11-27 18:13:28,169] {dag.py:2420} INFO - Sync 1 DAGs
[2022-11-27 18:13:28,280] {logging_mixin.py:115} INFO - [2022-11-27 18:13:28,280] {dag.py:2972} INFO - Setting next_dagrun for tutorial_taskflow_api_etl to None, run_after=None
[2022-11-27 18:13:28,300] {processor.py:161} INFO - Processing /home/airflow/.local/lib/python3.7/site-packages/airflow/example_dags/tutorial_taskflow_api_etl.py took 0.212 seconds
[2022-11-27 18:13:58,384] {processor.py:153} INFO - Started process (PID=5522) to work on /home/airflow/.local/lib/python3.7/site-packages/airflow/example_dags/tutorial_taskflow_api_etl.py
[2022-11-27 18:13:58,384] {processor.py:641} INFO - Processing file /home/airflow/.local/lib/python3.7/site-packages/airflow/example_dags/tutorial_taskflow_api_etl.py for tasks to queue
[2022-11-27 18:13:58,384] {logging_mixin.py:115} INFO - [2022-11-27 18:13:58,384] {dagbag.py:508} INFO - Filling up the DagBag from /home/airflow/.local/lib/python3.7/site-packages/airflow/example_dags/tutorial_taskflow_api_etl.py
[2022-11-27 18:13:58,405] {processor.py:651} INFO - DAG(s) dict_keys(['tutorial_taskflow_api_etl']) retrieved from /home/airflow/.local/lib/python3.7/site-packages/airflow/example_dags/tutorial_taskflow_api_etl.py
[2022-11-27 18:13:58,508] {logging_mixin.py:115} INFO - [2022-11-27 18:13:58,507] {dag.py:2420} INFO - Sync 1 DAGs
[2022-11-27 18:13:58,541] {logging_mixin.py:115} INFO - [2022-11-27 18:13:58,540] {dag.py:2972} INFO - Setting next_dagrun for tutorial_taskflow_api_etl to None, run_after=None
[2022-11-27 18:13:58,562] {processor.py:161} INFO - Processing /home/airflow/.local/lib/python3.7/site-packages/airflow/example_dags/tutorial_taskflow_api_etl.py took 0.181 seconds
[2022-11-27 18:14:28,703] {processor.py:153} INFO - Started process (PID=5584) to work on /home/airflow/.local/lib/python3.7/site-packages/airflow/example_dags/tutorial_taskflow_api_etl.py
[2022-11-27 18:14:28,704] {processor.py:641} INFO - Processing file /home/airflow/.local/lib/python3.7/site-packages/airflow/example_dags/tutorial_taskflow_api_etl.py for tasks to queue
[2022-11-27 18:14:28,705] {logging_mixin.py:115} INFO - [2022-11-27 18:14:28,704] {dagbag.py:508} INFO - Filling up the DagBag from /home/airflow/.local/lib/python3.7/site-packages/airflow/example_dags/tutorial_taskflow_api_etl.py
[2022-11-27 18:14:28,726] {processor.py:651} INFO - DAG(s) dict_keys(['tutorial_taskflow_api_etl']) retrieved from /home/airflow/.local/lib/python3.7/site-packages/airflow/example_dags/tutorial_taskflow_api_etl.py
[2022-11-27 18:14:28,835] {logging_mixin.py:115} INFO - [2022-11-27 18:14:28,834] {dag.py:2420} INFO - Sync 1 DAGs
[2022-11-27 18:14:28,870] {logging_mixin.py:115} INFO - [2022-11-27 18:14:28,870] {dag.py:2972} INFO - Setting next_dagrun for tutorial_taskflow_api_etl to None, run_after=None
[2022-11-27 18:14:28,891] {processor.py:161} INFO - Processing /home/airflow/.local/lib/python3.7/site-packages/airflow/example_dags/tutorial_taskflow_api_etl.py took 0.192 seconds
[2022-11-27 18:14:59,674] {processor.py:153} INFO - Started process (PID=5646) to work on /home/airflow/.local/lib/python3.7/site-packages/airflow/example_dags/tutorial_taskflow_api_etl.py
[2022-11-27 18:14:59,675] {processor.py:641} INFO - Processing file /home/airflow/.local/lib/python3.7/site-packages/airflow/example_dags/tutorial_taskflow_api_etl.py for tasks to queue
[2022-11-27 18:14:59,676] {logging_mixin.py:115} INFO - [2022-11-27 18:14:59,676] {dagbag.py:508} INFO - Filling up the DagBag from /home/airflow/.local/lib/python3.7/site-packages/airflow/example_dags/tutorial_taskflow_api_etl.py
[2022-11-27 18:14:59,704] {processor.py:651} INFO - DAG(s) dict_keys(['tutorial_taskflow_api_etl']) retrieved from /home/airflow/.local/lib/python3.7/site-packages/airflow/example_dags/tutorial_taskflow_api_etl.py
[2022-11-27 18:14:59,815] {logging_mixin.py:115} INFO - [2022-11-27 18:14:59,815] {dag.py:2420} INFO - Sync 1 DAGs
[2022-11-27 18:14:59,851] {logging_mixin.py:115} INFO - [2022-11-27 18:14:59,851] {dag.py:2972} INFO - Setting next_dagrun for tutorial_taskflow_api_etl to None, run_after=None
[2022-11-27 18:14:59,871] {processor.py:161} INFO - Processing /home/airflow/.local/lib/python3.7/site-packages/airflow/example_dags/tutorial_taskflow_api_etl.py took 0.202 seconds
[2022-11-27 18:15:30,490] {processor.py:153} INFO - Started process (PID=5700) to work on /home/airflow/.local/lib/python3.7/site-packages/airflow/example_dags/tutorial_taskflow_api_etl.py
[2022-11-27 18:15:30,491] {processor.py:641} INFO - Processing file /home/airflow/.local/lib/python3.7/site-packages/airflow/example_dags/tutorial_taskflow_api_etl.py for tasks to queue
[2022-11-27 18:15:30,492] {logging_mixin.py:115} INFO - [2022-11-27 18:15:30,491] {dagbag.py:508} INFO - Filling up the DagBag from /home/airflow/.local/lib/python3.7/site-packages/airflow/example_dags/tutorial_taskflow_api_etl.py
[2022-11-27 18:15:30,514] {processor.py:651} INFO - DAG(s) dict_keys(['tutorial_taskflow_api_etl']) retrieved from /home/airflow/.local/lib/python3.7/site-packages/airflow/example_dags/tutorial_taskflow_api_etl.py
[2022-11-27 18:15:30,609] {logging_mixin.py:115} INFO - [2022-11-27 18:15:30,608] {dag.py:2420} INFO - Sync 1 DAGs
[2022-11-27 18:15:30,636] {logging_mixin.py:115} INFO - [2022-11-27 18:15:30,636] {dag.py:2972} INFO - Setting next_dagrun for tutorial_taskflow_api_etl to None, run_after=None
[2022-11-27 18:15:30,653] {processor.py:161} INFO - Processing /home/airflow/.local/lib/python3.7/site-packages/airflow/example_dags/tutorial_taskflow_api_etl.py took 0.167 seconds
[2022-11-27 18:16:01,521] {processor.py:153} INFO - Started process (PID=5764) to work on /home/airflow/.local/lib/python3.7/site-packages/airflow/example_dags/tutorial_taskflow_api_etl.py
[2022-11-27 18:16:01,522] {processor.py:641} INFO - Processing file /home/airflow/.local/lib/python3.7/site-packages/airflow/example_dags/tutorial_taskflow_api_etl.py for tasks to queue
[2022-11-27 18:16:01,522] {logging_mixin.py:115} INFO - [2022-11-27 18:16:01,522] {dagbag.py:508} INFO - Filling up the DagBag from /home/airflow/.local/lib/python3.7/site-packages/airflow/example_dags/tutorial_taskflow_api_etl.py
[2022-11-27 18:16:01,541] {processor.py:651} INFO - DAG(s) dict_keys(['tutorial_taskflow_api_etl']) retrieved from /home/airflow/.local/lib/python3.7/site-packages/airflow/example_dags/tutorial_taskflow_api_etl.py
[2022-11-27 18:16:01,568] {logging_mixin.py:115} INFO - [2022-11-27 18:16:01,568] {dag.py:2420} INFO - Sync 1 DAGs
[2022-11-27 18:16:01,599] {logging_mixin.py:115} INFO - [2022-11-27 18:16:01,599] {dag.py:2972} INFO - Setting next_dagrun for tutorial_taskflow_api_etl to None, run_after=None
[2022-11-27 18:16:01,616] {processor.py:161} INFO - Processing /home/airflow/.local/lib/python3.7/site-packages/airflow/example_dags/tutorial_taskflow_api_etl.py took 0.097 seconds
[2022-11-27 18:16:32,311] {processor.py:153} INFO - Started process (PID=5817) to work on /home/airflow/.local/lib/python3.7/site-packages/airflow/example_dags/tutorial_taskflow_api_etl.py
[2022-11-27 18:16:32,312] {processor.py:641} INFO - Processing file /home/airflow/.local/lib/python3.7/site-packages/airflow/example_dags/tutorial_taskflow_api_etl.py for tasks to queue
[2022-11-27 18:16:32,312] {logging_mixin.py:115} INFO - [2022-11-27 18:16:32,312] {dagbag.py:508} INFO - Filling up the DagBag from /home/airflow/.local/lib/python3.7/site-packages/airflow/example_dags/tutorial_taskflow_api_etl.py
[2022-11-27 18:16:32,331] {processor.py:651} INFO - DAG(s) dict_keys(['tutorial_taskflow_api_etl']) retrieved from /home/airflow/.local/lib/python3.7/site-packages/airflow/example_dags/tutorial_taskflow_api_etl.py
[2022-11-27 18:16:32,428] {logging_mixin.py:115} INFO - [2022-11-27 18:16:32,428] {dag.py:2420} INFO - Sync 1 DAGs
[2022-11-27 18:16:32,457] {logging_mixin.py:115} INFO - [2022-11-27 18:16:32,457] {dag.py:2972} INFO - Setting next_dagrun for tutorial_taskflow_api_etl to None, run_after=None
[2022-11-27 18:16:32,476] {processor.py:161} INFO - Processing /home/airflow/.local/lib/python3.7/site-packages/airflow/example_dags/tutorial_taskflow_api_etl.py took 0.170 seconds
[2022-11-27 18:17:03,054] {processor.py:153} INFO - Started process (PID=5881) to work on /home/airflow/.local/lib/python3.7/site-packages/airflow/example_dags/tutorial_taskflow_api_etl.py
[2022-11-27 18:17:03,055] {processor.py:641} INFO - Processing file /home/airflow/.local/lib/python3.7/site-packages/airflow/example_dags/tutorial_taskflow_api_etl.py for tasks to queue
[2022-11-27 18:17:03,055] {logging_mixin.py:115} INFO - [2022-11-27 18:17:03,055] {dagbag.py:508} INFO - Filling up the DagBag from /home/airflow/.local/lib/python3.7/site-packages/airflow/example_dags/tutorial_taskflow_api_etl.py
[2022-11-27 18:17:03,071] {processor.py:651} INFO - DAG(s) dict_keys(['tutorial_taskflow_api_etl']) retrieved from /home/airflow/.local/lib/python3.7/site-packages/airflow/example_dags/tutorial_taskflow_api_etl.py
[2022-11-27 18:17:03,159] {logging_mixin.py:115} INFO - [2022-11-27 18:17:03,159] {dag.py:2420} INFO - Sync 1 DAGs
[2022-11-27 18:17:03,187] {logging_mixin.py:115} INFO - [2022-11-27 18:17:03,187] {dag.py:2972} INFO - Setting next_dagrun for tutorial_taskflow_api_etl to None, run_after=None
[2022-11-27 18:17:03,205] {processor.py:161} INFO - Processing /home/airflow/.local/lib/python3.7/site-packages/airflow/example_dags/tutorial_taskflow_api_etl.py took 0.154 seconds
[2022-11-27 18:17:33,680] {processor.py:153} INFO - Started process (PID=5934) to work on /home/airflow/.local/lib/python3.7/site-packages/airflow/example_dags/tutorial_taskflow_api_etl.py
[2022-11-27 18:17:33,681] {processor.py:641} INFO - Processing file /home/airflow/.local/lib/python3.7/site-packages/airflow/example_dags/tutorial_taskflow_api_etl.py for tasks to queue
[2022-11-27 18:17:33,682] {logging_mixin.py:115} INFO - [2022-11-27 18:17:33,682] {dagbag.py:508} INFO - Filling up the DagBag from /home/airflow/.local/lib/python3.7/site-packages/airflow/example_dags/tutorial_taskflow_api_etl.py
[2022-11-27 18:17:33,701] {processor.py:651} INFO - DAG(s) dict_keys(['tutorial_taskflow_api_etl']) retrieved from /home/airflow/.local/lib/python3.7/site-packages/airflow/example_dags/tutorial_taskflow_api_etl.py
[2022-11-27 18:17:33,735] {logging_mixin.py:115} INFO - [2022-11-27 18:17:33,735] {dag.py:2420} INFO - Sync 1 DAGs
[2022-11-27 18:17:33,770] {logging_mixin.py:115} INFO - [2022-11-27 18:17:33,770] {dag.py:2972} INFO - Setting next_dagrun for tutorial_taskflow_api_etl to None, run_after=None
[2022-11-27 18:17:33,789] {processor.py:161} INFO - Processing /home/airflow/.local/lib/python3.7/site-packages/airflow/example_dags/tutorial_taskflow_api_etl.py took 0.113 seconds
[2022-11-27 18:18:04,313] {processor.py:153} INFO - Started process (PID=5997) to work on /home/airflow/.local/lib/python3.7/site-packages/airflow/example_dags/tutorial_taskflow_api_etl.py
[2022-11-27 18:18:04,313] {processor.py:641} INFO - Processing file /home/airflow/.local/lib/python3.7/site-packages/airflow/example_dags/tutorial_taskflow_api_etl.py for tasks to queue
[2022-11-27 18:18:04,314] {logging_mixin.py:115} INFO - [2022-11-27 18:18:04,314] {dagbag.py:508} INFO - Filling up the DagBag from /home/airflow/.local/lib/python3.7/site-packages/airflow/example_dags/tutorial_taskflow_api_etl.py
[2022-11-27 18:18:04,332] {processor.py:651} INFO - DAG(s) dict_keys(['tutorial_taskflow_api_etl']) retrieved from /home/airflow/.local/lib/python3.7/site-packages/airflow/example_dags/tutorial_taskflow_api_etl.py
[2022-11-27 18:18:04,424] {logging_mixin.py:115} INFO - [2022-11-27 18:18:04,424] {dag.py:2420} INFO - Sync 1 DAGs
[2022-11-27 18:18:04,456] {logging_mixin.py:115} INFO - [2022-11-27 18:18:04,455] {dag.py:2972} INFO - Setting next_dagrun for tutorial_taskflow_api_etl to None, run_after=None
[2022-11-27 18:18:04,473] {processor.py:161} INFO - Processing /home/airflow/.local/lib/python3.7/site-packages/airflow/example_dags/tutorial_taskflow_api_etl.py took 0.165 seconds
[2022-11-27 18:18:35,265] {processor.py:153} INFO - Started process (PID=6060) to work on /home/airflow/.local/lib/python3.7/site-packages/airflow/example_dags/tutorial_taskflow_api_etl.py
[2022-11-27 18:18:35,266] {processor.py:641} INFO - Processing file /home/airflow/.local/lib/python3.7/site-packages/airflow/example_dags/tutorial_taskflow_api_etl.py for tasks to queue
[2022-11-27 18:18:35,267] {logging_mixin.py:115} INFO - [2022-11-27 18:18:35,267] {dagbag.py:508} INFO - Filling up the DagBag from /home/airflow/.local/lib/python3.7/site-packages/airflow/example_dags/tutorial_taskflow_api_etl.py
[2022-11-27 18:18:35,285] {processor.py:651} INFO - DAG(s) dict_keys(['tutorial_taskflow_api_etl']) retrieved from /home/airflow/.local/lib/python3.7/site-packages/airflow/example_dags/tutorial_taskflow_api_etl.py
[2022-11-27 18:18:35,378] {logging_mixin.py:115} INFO - [2022-11-27 18:18:35,378] {dag.py:2420} INFO - Sync 1 DAGs
[2022-11-27 18:18:35,406] {logging_mixin.py:115} INFO - [2022-11-27 18:18:35,406] {dag.py:2972} INFO - Setting next_dagrun for tutorial_taskflow_api_etl to None, run_after=None
[2022-11-27 18:18:35,425] {processor.py:161} INFO - Processing /home/airflow/.local/lib/python3.7/site-packages/airflow/example_dags/tutorial_taskflow_api_etl.py took 0.165 seconds
[2022-11-27 18:19:05,809] {processor.py:153} INFO - Started process (PID=6114) to work on /home/airflow/.local/lib/python3.7/site-packages/airflow/example_dags/tutorial_taskflow_api_etl.py
[2022-11-27 18:19:05,809] {processor.py:641} INFO - Processing file /home/airflow/.local/lib/python3.7/site-packages/airflow/example_dags/tutorial_taskflow_api_etl.py for tasks to queue
[2022-11-27 18:19:05,810] {logging_mixin.py:115} INFO - [2022-11-27 18:19:05,810] {dagbag.py:508} INFO - Filling up the DagBag from /home/airflow/.local/lib/python3.7/site-packages/airflow/example_dags/tutorial_taskflow_api_etl.py
[2022-11-27 18:19:05,830] {processor.py:651} INFO - DAG(s) dict_keys(['tutorial_taskflow_api_etl']) retrieved from /home/airflow/.local/lib/python3.7/site-packages/airflow/example_dags/tutorial_taskflow_api_etl.py
[2022-11-27 18:19:05,922] {logging_mixin.py:115} INFO - [2022-11-27 18:19:05,922] {dag.py:2420} INFO - Sync 1 DAGs
[2022-11-27 18:19:05,950] {logging_mixin.py:115} INFO - [2022-11-27 18:19:05,950] {dag.py:2972} INFO - Setting next_dagrun for tutorial_taskflow_api_etl to None, run_after=None
[2022-11-27 18:19:05,971] {processor.py:161} INFO - Processing /home/airflow/.local/lib/python3.7/site-packages/airflow/example_dags/tutorial_taskflow_api_etl.py took 0.165 seconds
[2022-11-27 18:19:36,538] {processor.py:153} INFO - Started process (PID=6176) to work on /home/airflow/.local/lib/python3.7/site-packages/airflow/example_dags/tutorial_taskflow_api_etl.py
[2022-11-27 18:19:36,539] {processor.py:641} INFO - Processing file /home/airflow/.local/lib/python3.7/site-packages/airflow/example_dags/tutorial_taskflow_api_etl.py for tasks to queue
[2022-11-27 18:19:36,539] {logging_mixin.py:115} INFO - [2022-11-27 18:19:36,539] {dagbag.py:508} INFO - Filling up the DagBag from /home/airflow/.local/lib/python3.7/site-packages/airflow/example_dags/tutorial_taskflow_api_etl.py
[2022-11-27 18:19:36,582] {processor.py:651} INFO - DAG(s) dict_keys(['tutorial_taskflow_api_etl']) retrieved from /home/airflow/.local/lib/python3.7/site-packages/airflow/example_dags/tutorial_taskflow_api_etl.py
[2022-11-27 18:19:36,702] {logging_mixin.py:115} INFO - [2022-11-27 18:19:36,702] {dag.py:2420} INFO - Sync 1 DAGs
[2022-11-27 18:19:36,736] {logging_mixin.py:115} INFO - [2022-11-27 18:19:36,736] {dag.py:2972} INFO - Setting next_dagrun for tutorial_taskflow_api_etl to None, run_after=None
[2022-11-27 18:19:36,757] {processor.py:161} INFO - Processing /home/airflow/.local/lib/python3.7/site-packages/airflow/example_dags/tutorial_taskflow_api_etl.py took 0.224 seconds
[2022-11-27 18:20:07,984] {processor.py:153} INFO - Started process (PID=6231) to work on /home/airflow/.local/lib/python3.7/site-packages/airflow/example_dags/tutorial_taskflow_api_etl.py
[2022-11-27 18:20:07,985] {processor.py:641} INFO - Processing file /home/airflow/.local/lib/python3.7/site-packages/airflow/example_dags/tutorial_taskflow_api_etl.py for tasks to queue
[2022-11-27 18:20:07,986] {logging_mixin.py:115} INFO - [2022-11-27 18:20:07,986] {dagbag.py:508} INFO - Filling up the DagBag from /home/airflow/.local/lib/python3.7/site-packages/airflow/example_dags/tutorial_taskflow_api_etl.py
[2022-11-27 18:20:08,021] {processor.py:651} INFO - DAG(s) dict_keys(['tutorial_taskflow_api_etl']) retrieved from /home/airflow/.local/lib/python3.7/site-packages/airflow/example_dags/tutorial_taskflow_api_etl.py
[2022-11-27 18:20:08,085] {logging_mixin.py:115} INFO - [2022-11-27 18:20:08,085] {dag.py:2420} INFO - Sync 1 DAGs
[2022-11-27 18:20:08,156] {logging_mixin.py:115} INFO - [2022-11-27 18:20:08,155] {dag.py:2972} INFO - Setting next_dagrun for tutorial_taskflow_api_etl to None, run_after=None
[2022-11-27 18:20:08,192] {processor.py:161} INFO - Processing /home/airflow/.local/lib/python3.7/site-packages/airflow/example_dags/tutorial_taskflow_api_etl.py took 0.218 seconds
[2022-11-27 18:20:39,403] {processor.py:153} INFO - Started process (PID=6292) to work on /home/airflow/.local/lib/python3.7/site-packages/airflow/example_dags/tutorial_taskflow_api_etl.py
[2022-11-27 18:20:39,403] {processor.py:641} INFO - Processing file /home/airflow/.local/lib/python3.7/site-packages/airflow/example_dags/tutorial_taskflow_api_etl.py for tasks to queue
[2022-11-27 18:20:39,404] {logging_mixin.py:115} INFO - [2022-11-27 18:20:39,404] {dagbag.py:508} INFO - Filling up the DagBag from /home/airflow/.local/lib/python3.7/site-packages/airflow/example_dags/tutorial_taskflow_api_etl.py
[2022-11-27 18:20:39,428] {processor.py:651} INFO - DAG(s) dict_keys(['tutorial_taskflow_api_etl']) retrieved from /home/airflow/.local/lib/python3.7/site-packages/airflow/example_dags/tutorial_taskflow_api_etl.py
[2022-11-27 18:20:39,557] {logging_mixin.py:115} INFO - [2022-11-27 18:20:39,557] {dag.py:2420} INFO - Sync 1 DAGs
[2022-11-27 18:20:39,598] {logging_mixin.py:115} INFO - [2022-11-27 18:20:39,597] {dag.py:2972} INFO - Setting next_dagrun for tutorial_taskflow_api_etl to None, run_after=None
[2022-11-27 18:20:39,621] {processor.py:161} INFO - Processing /home/airflow/.local/lib/python3.7/site-packages/airflow/example_dags/tutorial_taskflow_api_etl.py took 0.222 seconds
[2022-11-27 18:21:09,783] {processor.py:153} INFO - Started process (PID=6346) to work on /home/airflow/.local/lib/python3.7/site-packages/airflow/example_dags/tutorial_taskflow_api_etl.py
[2022-11-27 18:21:09,784] {processor.py:641} INFO - Processing file /home/airflow/.local/lib/python3.7/site-packages/airflow/example_dags/tutorial_taskflow_api_etl.py for tasks to queue
[2022-11-27 18:21:09,785] {logging_mixin.py:115} INFO - [2022-11-27 18:21:09,785] {dagbag.py:508} INFO - Filling up the DagBag from /home/airflow/.local/lib/python3.7/site-packages/airflow/example_dags/tutorial_taskflow_api_etl.py
[2022-11-27 18:21:09,816] {processor.py:651} INFO - DAG(s) dict_keys(['tutorial_taskflow_api_etl']) retrieved from /home/airflow/.local/lib/python3.7/site-packages/airflow/example_dags/tutorial_taskflow_api_etl.py
[2022-11-27 18:21:09,971] {logging_mixin.py:115} INFO - [2022-11-27 18:21:09,971] {dag.py:2420} INFO - Sync 1 DAGs
[2022-11-27 18:21:10,012] {logging_mixin.py:115} INFO - [2022-11-27 18:21:10,012] {dag.py:2972} INFO - Setting next_dagrun for tutorial_taskflow_api_etl to None, run_after=None
[2022-11-27 18:21:10,044] {processor.py:161} INFO - Processing /home/airflow/.local/lib/python3.7/site-packages/airflow/example_dags/tutorial_taskflow_api_etl.py took 0.267 seconds
[2022-11-27 18:21:40,348] {processor.py:153} INFO - Started process (PID=6401) to work on /home/airflow/.local/lib/python3.7/site-packages/airflow/example_dags/tutorial_taskflow_api_etl.py
[2022-11-27 18:21:40,351] {processor.py:641} INFO - Processing file /home/airflow/.local/lib/python3.7/site-packages/airflow/example_dags/tutorial_taskflow_api_etl.py for tasks to queue
[2022-11-27 18:21:40,352] {logging_mixin.py:115} INFO - [2022-11-27 18:21:40,352] {dagbag.py:508} INFO - Filling up the DagBag from /home/airflow/.local/lib/python3.7/site-packages/airflow/example_dags/tutorial_taskflow_api_etl.py
[2022-11-27 18:21:40,384] {processor.py:651} INFO - DAG(s) dict_keys(['tutorial_taskflow_api_etl']) retrieved from /home/airflow/.local/lib/python3.7/site-packages/airflow/example_dags/tutorial_taskflow_api_etl.py
[2022-11-27 18:21:40,526] {logging_mixin.py:115} INFO - [2022-11-27 18:21:40,526] {dag.py:2420} INFO - Sync 1 DAGs
[2022-11-27 18:21:40,577] {logging_mixin.py:115} INFO - [2022-11-27 18:21:40,577] {dag.py:2972} INFO - Setting next_dagrun for tutorial_taskflow_api_etl to None, run_after=None
[2022-11-27 18:21:40,607] {processor.py:161} INFO - Processing /home/airflow/.local/lib/python3.7/site-packages/airflow/example_dags/tutorial_taskflow_api_etl.py took 0.265 seconds
[2022-11-27 18:22:10,916] {processor.py:153} INFO - Started process (PID=6455) to work on /home/airflow/.local/lib/python3.7/site-packages/airflow/example_dags/tutorial_taskflow_api_etl.py
[2022-11-27 18:22:10,917] {processor.py:641} INFO - Processing file /home/airflow/.local/lib/python3.7/site-packages/airflow/example_dags/tutorial_taskflow_api_etl.py for tasks to queue
[2022-11-27 18:22:10,918] {logging_mixin.py:115} INFO - [2022-11-27 18:22:10,918] {dagbag.py:508} INFO - Filling up the DagBag from /home/airflow/.local/lib/python3.7/site-packages/airflow/example_dags/tutorial_taskflow_api_etl.py
[2022-11-27 18:22:10,953] {processor.py:651} INFO - DAG(s) dict_keys(['tutorial_taskflow_api_etl']) retrieved from /home/airflow/.local/lib/python3.7/site-packages/airflow/example_dags/tutorial_taskflow_api_etl.py
[2022-11-27 18:22:11,119] {logging_mixin.py:115} INFO - [2022-11-27 18:22:11,118] {dag.py:2420} INFO - Sync 1 DAGs
[2022-11-27 18:22:11,193] {logging_mixin.py:115} INFO - [2022-11-27 18:22:11,193] {dag.py:2972} INFO - Setting next_dagrun for tutorial_taskflow_api_etl to None, run_after=None
[2022-11-27 18:22:11,229] {processor.py:161} INFO - Processing /home/airflow/.local/lib/python3.7/site-packages/airflow/example_dags/tutorial_taskflow_api_etl.py took 0.320 seconds
[2022-11-27 18:22:42,140] {processor.py:153} INFO - Started process (PID=6519) to work on /home/airflow/.local/lib/python3.7/site-packages/airflow/example_dags/tutorial_taskflow_api_etl.py
[2022-11-27 18:22:42,141] {processor.py:641} INFO - Processing file /home/airflow/.local/lib/python3.7/site-packages/airflow/example_dags/tutorial_taskflow_api_etl.py for tasks to queue
[2022-11-27 18:22:42,142] {logging_mixin.py:115} INFO - [2022-11-27 18:22:42,142] {dagbag.py:508} INFO - Filling up the DagBag from /home/airflow/.local/lib/python3.7/site-packages/airflow/example_dags/tutorial_taskflow_api_etl.py
[2022-11-27 18:22:42,177] {processor.py:651} INFO - DAG(s) dict_keys(['tutorial_taskflow_api_etl']) retrieved from /home/airflow/.local/lib/python3.7/site-packages/airflow/example_dags/tutorial_taskflow_api_etl.py
[2022-11-27 18:22:42,225] {logging_mixin.py:115} INFO - [2022-11-27 18:22:42,225] {dag.py:2420} INFO - Sync 1 DAGs
[2022-11-27 18:22:42,263] {logging_mixin.py:115} INFO - [2022-11-27 18:22:42,263] {dag.py:2972} INFO - Setting next_dagrun for tutorial_taskflow_api_etl to None, run_after=None
[2022-11-27 18:22:42,280] {processor.py:161} INFO - Processing /home/airflow/.local/lib/python3.7/site-packages/airflow/example_dags/tutorial_taskflow_api_etl.py took 0.146 seconds
[2022-11-27 18:23:13,089] {processor.py:153} INFO - Started process (PID=6573) to work on /home/airflow/.local/lib/python3.7/site-packages/airflow/example_dags/tutorial_taskflow_api_etl.py
[2022-11-27 18:23:13,090] {processor.py:641} INFO - Processing file /home/airflow/.local/lib/python3.7/site-packages/airflow/example_dags/tutorial_taskflow_api_etl.py for tasks to queue
[2022-11-27 18:23:13,091] {logging_mixin.py:115} INFO - [2022-11-27 18:23:13,091] {dagbag.py:508} INFO - Filling up the DagBag from /home/airflow/.local/lib/python3.7/site-packages/airflow/example_dags/tutorial_taskflow_api_etl.py
[2022-11-27 18:23:13,122] {processor.py:651} INFO - DAG(s) dict_keys(['tutorial_taskflow_api_etl']) retrieved from /home/airflow/.local/lib/python3.7/site-packages/airflow/example_dags/tutorial_taskflow_api_etl.py
[2022-11-27 18:23:13,267] {logging_mixin.py:115} INFO - [2022-11-27 18:23:13,267] {dag.py:2420} INFO - Sync 1 DAGs
[2022-11-27 18:23:13,308] {logging_mixin.py:115} INFO - [2022-11-27 18:23:13,307] {dag.py:2972} INFO - Setting next_dagrun for tutorial_taskflow_api_etl to None, run_after=None
[2022-11-27 18:23:13,340] {processor.py:161} INFO - Processing /home/airflow/.local/lib/python3.7/site-packages/airflow/example_dags/tutorial_taskflow_api_etl.py took 0.255 seconds
[2022-11-27 18:23:44,024] {processor.py:153} INFO - Started process (PID=6627) to work on /home/airflow/.local/lib/python3.7/site-packages/airflow/example_dags/tutorial_taskflow_api_etl.py
[2022-11-27 18:23:44,026] {processor.py:641} INFO - Processing file /home/airflow/.local/lib/python3.7/site-packages/airflow/example_dags/tutorial_taskflow_api_etl.py for tasks to queue
[2022-11-27 18:23:44,027] {logging_mixin.py:115} INFO - [2022-11-27 18:23:44,027] {dagbag.py:508} INFO - Filling up the DagBag from /home/airflow/.local/lib/python3.7/site-packages/airflow/example_dags/tutorial_taskflow_api_etl.py
[2022-11-27 18:23:44,061] {processor.py:651} INFO - DAG(s) dict_keys(['tutorial_taskflow_api_etl']) retrieved from /home/airflow/.local/lib/python3.7/site-packages/airflow/example_dags/tutorial_taskflow_api_etl.py
[2022-11-27 18:23:44,210] {logging_mixin.py:115} INFO - [2022-11-27 18:23:44,209] {dag.py:2420} INFO - Sync 1 DAGs
[2022-11-27 18:23:44,265] {logging_mixin.py:115} INFO - [2022-11-27 18:23:44,265] {dag.py:2972} INFO - Setting next_dagrun for tutorial_taskflow_api_etl to None, run_after=None
[2022-11-27 18:23:44,310] {processor.py:161} INFO - Processing /home/airflow/.local/lib/python3.7/site-packages/airflow/example_dags/tutorial_taskflow_api_etl.py took 0.291 seconds
[2022-11-27 18:24:14,946] {processor.py:153} INFO - Started process (PID=6687) to work on /home/airflow/.local/lib/python3.7/site-packages/airflow/example_dags/tutorial_taskflow_api_etl.py
[2022-11-27 18:24:14,947] {processor.py:641} INFO - Processing file /home/airflow/.local/lib/python3.7/site-packages/airflow/example_dags/tutorial_taskflow_api_etl.py for tasks to queue
[2022-11-27 18:24:14,948] {logging_mixin.py:115} INFO - [2022-11-27 18:24:14,948] {dagbag.py:508} INFO - Filling up the DagBag from /home/airflow/.local/lib/python3.7/site-packages/airflow/example_dags/tutorial_taskflow_api_etl.py
[2022-11-27 18:24:14,979] {processor.py:651} INFO - DAG(s) dict_keys(['tutorial_taskflow_api_etl']) retrieved from /home/airflow/.local/lib/python3.7/site-packages/airflow/example_dags/tutorial_taskflow_api_etl.py
[2022-11-27 18:24:15,115] {logging_mixin.py:115} INFO - [2022-11-27 18:24:15,115] {dag.py:2420} INFO - Sync 1 DAGs
[2022-11-27 18:24:15,157] {logging_mixin.py:115} INFO - [2022-11-27 18:24:15,156] {dag.py:2972} INFO - Setting next_dagrun for tutorial_taskflow_api_etl to None, run_after=None
[2022-11-27 18:24:15,189] {processor.py:161} INFO - Processing /home/airflow/.local/lib/python3.7/site-packages/airflow/example_dags/tutorial_taskflow_api_etl.py took 0.253 seconds
[2022-11-27 18:24:45,689] {processor.py:153} INFO - Started process (PID=6742) to work on /home/airflow/.local/lib/python3.7/site-packages/airflow/example_dags/tutorial_taskflow_api_etl.py
[2022-11-27 18:24:45,690] {processor.py:641} INFO - Processing file /home/airflow/.local/lib/python3.7/site-packages/airflow/example_dags/tutorial_taskflow_api_etl.py for tasks to queue
[2022-11-27 18:24:45,691] {logging_mixin.py:115} INFO - [2022-11-27 18:24:45,691] {dagbag.py:508} INFO - Filling up the DagBag from /home/airflow/.local/lib/python3.7/site-packages/airflow/example_dags/tutorial_taskflow_api_etl.py
[2022-11-27 18:24:45,727] {processor.py:651} INFO - DAG(s) dict_keys(['tutorial_taskflow_api_etl']) retrieved from /home/airflow/.local/lib/python3.7/site-packages/airflow/example_dags/tutorial_taskflow_api_etl.py
[2022-11-27 18:24:45,780] {logging_mixin.py:115} INFO - [2022-11-27 18:24:45,780] {dag.py:2420} INFO - Sync 1 DAGs
[2022-11-27 18:24:45,838] {logging_mixin.py:115} INFO - [2022-11-27 18:24:45,837] {dag.py:2972} INFO - Setting next_dagrun for tutorial_taskflow_api_etl to None, run_after=None
[2022-11-27 18:24:45,869] {processor.py:161} INFO - Processing /home/airflow/.local/lib/python3.7/site-packages/airflow/example_dags/tutorial_taskflow_api_etl.py took 0.187 seconds
[2022-11-27 18:25:16,685] {processor.py:153} INFO - Started process (PID=6804) to work on /home/airflow/.local/lib/python3.7/site-packages/airflow/example_dags/tutorial_taskflow_api_etl.py
[2022-11-27 18:25:16,685] {processor.py:641} INFO - Processing file /home/airflow/.local/lib/python3.7/site-packages/airflow/example_dags/tutorial_taskflow_api_etl.py for tasks to queue
[2022-11-27 18:25:16,686] {logging_mixin.py:115} INFO - [2022-11-27 18:25:16,686] {dagbag.py:508} INFO - Filling up the DagBag from /home/airflow/.local/lib/python3.7/site-packages/airflow/example_dags/tutorial_taskflow_api_etl.py
[2022-11-27 18:25:16,712] {processor.py:651} INFO - DAG(s) dict_keys(['tutorial_taskflow_api_etl']) retrieved from /home/airflow/.local/lib/python3.7/site-packages/airflow/example_dags/tutorial_taskflow_api_etl.py
[2022-11-27 18:25:16,750] {logging_mixin.py:115} INFO - [2022-11-27 18:25:16,749] {dag.py:2420} INFO - Sync 1 DAGs
[2022-11-27 18:25:16,788] {logging_mixin.py:115} INFO - [2022-11-27 18:25:16,788] {dag.py:2972} INFO - Setting next_dagrun for tutorial_taskflow_api_etl to None, run_after=None
[2022-11-27 18:25:16,808] {processor.py:161} INFO - Processing /home/airflow/.local/lib/python3.7/site-packages/airflow/example_dags/tutorial_taskflow_api_etl.py took 0.128 seconds
[2022-11-27 18:25:47,432] {processor.py:153} INFO - Started process (PID=6861) to work on /home/airflow/.local/lib/python3.7/site-packages/airflow/example_dags/tutorial_taskflow_api_etl.py
[2022-11-27 18:25:47,432] {processor.py:641} INFO - Processing file /home/airflow/.local/lib/python3.7/site-packages/airflow/example_dags/tutorial_taskflow_api_etl.py for tasks to queue
[2022-11-27 18:25:47,433] {logging_mixin.py:115} INFO - [2022-11-27 18:25:47,433] {dagbag.py:508} INFO - Filling up the DagBag from /home/airflow/.local/lib/python3.7/site-packages/airflow/example_dags/tutorial_taskflow_api_etl.py
[2022-11-27 18:25:47,464] {processor.py:651} INFO - DAG(s) dict_keys(['tutorial_taskflow_api_etl']) retrieved from /home/airflow/.local/lib/python3.7/site-packages/airflow/example_dags/tutorial_taskflow_api_etl.py
[2022-11-27 18:25:47,510] {logging_mixin.py:115} INFO - [2022-11-27 18:25:47,510] {dag.py:2420} INFO - Sync 1 DAGs
[2022-11-27 18:25:47,563] {logging_mixin.py:115} INFO - [2022-11-27 18:25:47,562] {dag.py:2972} INFO - Setting next_dagrun for tutorial_taskflow_api_etl to None, run_after=None
[2022-11-27 18:25:47,589] {processor.py:161} INFO - Processing /home/airflow/.local/lib/python3.7/site-packages/airflow/example_dags/tutorial_taskflow_api_etl.py took 0.162 seconds
[2022-11-27 18:26:17,905] {processor.py:153} INFO - Started process (PID=6915) to work on /home/airflow/.local/lib/python3.7/site-packages/airflow/example_dags/tutorial_taskflow_api_etl.py
[2022-11-27 18:26:17,906] {processor.py:641} INFO - Processing file /home/airflow/.local/lib/python3.7/site-packages/airflow/example_dags/tutorial_taskflow_api_etl.py for tasks to queue
[2022-11-27 18:26:17,907] {logging_mixin.py:115} INFO - [2022-11-27 18:26:17,907] {dagbag.py:508} INFO - Filling up the DagBag from /home/airflow/.local/lib/python3.7/site-packages/airflow/example_dags/tutorial_taskflow_api_etl.py
[2022-11-27 18:26:17,934] {processor.py:651} INFO - DAG(s) dict_keys(['tutorial_taskflow_api_etl']) retrieved from /home/airflow/.local/lib/python3.7/site-packages/airflow/example_dags/tutorial_taskflow_api_etl.py
[2022-11-27 18:26:17,979] {logging_mixin.py:115} INFO - [2022-11-27 18:26:17,978] {dag.py:2420} INFO - Sync 1 DAGs
[2022-11-27 18:26:18,028] {logging_mixin.py:115} INFO - [2022-11-27 18:26:18,028] {dag.py:2972} INFO - Setting next_dagrun for tutorial_taskflow_api_etl to None, run_after=None
[2022-11-27 18:26:18,056] {processor.py:161} INFO - Processing /home/airflow/.local/lib/python3.7/site-packages/airflow/example_dags/tutorial_taskflow_api_etl.py took 0.158 seconds
[2022-11-27 18:26:48,747] {processor.py:153} INFO - Started process (PID=6978) to work on /home/airflow/.local/lib/python3.7/site-packages/airflow/example_dags/tutorial_taskflow_api_etl.py
[2022-11-27 18:26:48,748] {processor.py:641} INFO - Processing file /home/airflow/.local/lib/python3.7/site-packages/airflow/example_dags/tutorial_taskflow_api_etl.py for tasks to queue
[2022-11-27 18:26:48,749] {logging_mixin.py:115} INFO - [2022-11-27 18:26:48,748] {dagbag.py:508} INFO - Filling up the DagBag from /home/airflow/.local/lib/python3.7/site-packages/airflow/example_dags/tutorial_taskflow_api_etl.py
[2022-11-27 18:26:48,775] {processor.py:651} INFO - DAG(s) dict_keys(['tutorial_taskflow_api_etl']) retrieved from /home/airflow/.local/lib/python3.7/site-packages/airflow/example_dags/tutorial_taskflow_api_etl.py
[2022-11-27 18:26:48,810] {logging_mixin.py:115} INFO - [2022-11-27 18:26:48,810] {dag.py:2420} INFO - Sync 1 DAGs
[2022-11-27 18:26:48,853] {logging_mixin.py:115} INFO - [2022-11-27 18:26:48,853] {dag.py:2972} INFO - Setting next_dagrun for tutorial_taskflow_api_etl to None, run_after=None
[2022-11-27 18:26:48,873] {processor.py:161} INFO - Processing /home/airflow/.local/lib/python3.7/site-packages/airflow/example_dags/tutorial_taskflow_api_etl.py took 0.129 seconds
[2022-11-27 18:27:19,271] {processor.py:153} INFO - Started process (PID=7033) to work on /home/airflow/.local/lib/python3.7/site-packages/airflow/example_dags/tutorial_taskflow_api_etl.py
[2022-11-27 18:27:19,272] {processor.py:641} INFO - Processing file /home/airflow/.local/lib/python3.7/site-packages/airflow/example_dags/tutorial_taskflow_api_etl.py for tasks to queue
[2022-11-27 18:27:19,272] {logging_mixin.py:115} INFO - [2022-11-27 18:27:19,272] {dagbag.py:508} INFO - Filling up the DagBag from /home/airflow/.local/lib/python3.7/site-packages/airflow/example_dags/tutorial_taskflow_api_etl.py
[2022-11-27 18:27:19,291] {processor.py:651} INFO - DAG(s) dict_keys(['tutorial_taskflow_api_etl']) retrieved from /home/airflow/.local/lib/python3.7/site-packages/airflow/example_dags/tutorial_taskflow_api_etl.py
[2022-11-27 18:27:19,385] {logging_mixin.py:115} INFO - [2022-11-27 18:27:19,385] {dag.py:2420} INFO - Sync 1 DAGs
[2022-11-27 18:27:19,416] {logging_mixin.py:115} INFO - [2022-11-27 18:27:19,416] {dag.py:2972} INFO - Setting next_dagrun for tutorial_taskflow_api_etl to None, run_after=None
[2022-11-27 18:27:19,438] {processor.py:161} INFO - Processing /home/airflow/.local/lib/python3.7/site-packages/airflow/example_dags/tutorial_taskflow_api_etl.py took 0.170 seconds
[2022-11-27 18:27:49,872] {processor.py:153} INFO - Started process (PID=7096) to work on /home/airflow/.local/lib/python3.7/site-packages/airflow/example_dags/tutorial_taskflow_api_etl.py
[2022-11-27 18:27:49,873] {processor.py:641} INFO - Processing file /home/airflow/.local/lib/python3.7/site-packages/airflow/example_dags/tutorial_taskflow_api_etl.py for tasks to queue
[2022-11-27 18:27:49,873] {logging_mixin.py:115} INFO - [2022-11-27 18:27:49,873] {dagbag.py:508} INFO - Filling up the DagBag from /home/airflow/.local/lib/python3.7/site-packages/airflow/example_dags/tutorial_taskflow_api_etl.py
[2022-11-27 18:27:49,894] {processor.py:651} INFO - DAG(s) dict_keys(['tutorial_taskflow_api_etl']) retrieved from /home/airflow/.local/lib/python3.7/site-packages/airflow/example_dags/tutorial_taskflow_api_etl.py
[2022-11-27 18:27:49,993] {logging_mixin.py:115} INFO - [2022-11-27 18:27:49,993] {dag.py:2420} INFO - Sync 1 DAGs
[2022-11-27 18:27:50,023] {logging_mixin.py:115} INFO - [2022-11-27 18:27:50,022] {dag.py:2972} INFO - Setting next_dagrun for tutorial_taskflow_api_etl to None, run_after=None
[2022-11-27 18:27:50,041] {processor.py:161} INFO - Processing /home/airflow/.local/lib/python3.7/site-packages/airflow/example_dags/tutorial_taskflow_api_etl.py took 0.173 seconds
[2022-11-27 18:28:20,697] {processor.py:153} INFO - Started process (PID=7150) to work on /home/airflow/.local/lib/python3.7/site-packages/airflow/example_dags/tutorial_taskflow_api_etl.py
[2022-11-27 18:28:20,697] {processor.py:641} INFO - Processing file /home/airflow/.local/lib/python3.7/site-packages/airflow/example_dags/tutorial_taskflow_api_etl.py for tasks to queue
[2022-11-27 18:28:20,698] {logging_mixin.py:115} INFO - [2022-11-27 18:28:20,698] {dagbag.py:508} INFO - Filling up the DagBag from /home/airflow/.local/lib/python3.7/site-packages/airflow/example_dags/tutorial_taskflow_api_etl.py
[2022-11-27 18:28:20,716] {processor.py:651} INFO - DAG(s) dict_keys(['tutorial_taskflow_api_etl']) retrieved from /home/airflow/.local/lib/python3.7/site-packages/airflow/example_dags/tutorial_taskflow_api_etl.py
[2022-11-27 18:28:20,807] {logging_mixin.py:115} INFO - [2022-11-27 18:28:20,807] {dag.py:2420} INFO - Sync 1 DAGs
[2022-11-27 18:28:20,841] {logging_mixin.py:115} INFO - [2022-11-27 18:28:20,840] {dag.py:2972} INFO - Setting next_dagrun for tutorial_taskflow_api_etl to None, run_after=None
[2022-11-27 18:28:20,858] {processor.py:161} INFO - Processing /home/airflow/.local/lib/python3.7/site-packages/airflow/example_dags/tutorial_taskflow_api_etl.py took 0.164 seconds
[2022-11-27 18:28:51,203] {processor.py:153} INFO - Started process (PID=7213) to work on /home/airflow/.local/lib/python3.7/site-packages/airflow/example_dags/tutorial_taskflow_api_etl.py
[2022-11-27 18:28:51,204] {processor.py:641} INFO - Processing file /home/airflow/.local/lib/python3.7/site-packages/airflow/example_dags/tutorial_taskflow_api_etl.py for tasks to queue
[2022-11-27 18:28:51,204] {logging_mixin.py:115} INFO - [2022-11-27 18:28:51,204] {dagbag.py:508} INFO - Filling up the DagBag from /home/airflow/.local/lib/python3.7/site-packages/airflow/example_dags/tutorial_taskflow_api_etl.py
[2022-11-27 18:28:51,220] {processor.py:651} INFO - DAG(s) dict_keys(['tutorial_taskflow_api_etl']) retrieved from /home/airflow/.local/lib/python3.7/site-packages/airflow/example_dags/tutorial_taskflow_api_etl.py
[2022-11-27 18:28:51,247] {logging_mixin.py:115} INFO - [2022-11-27 18:28:51,247] {dag.py:2420} INFO - Sync 1 DAGs
[2022-11-27 18:28:51,274] {logging_mixin.py:115} INFO - [2022-11-27 18:28:51,274] {dag.py:2972} INFO - Setting next_dagrun for tutorial_taskflow_api_etl to None, run_after=None
[2022-11-27 18:28:51,290] {processor.py:161} INFO - Processing /home/airflow/.local/lib/python3.7/site-packages/airflow/example_dags/tutorial_taskflow_api_etl.py took 0.090 seconds
[2022-11-27 18:29:21,665] {processor.py:153} INFO - Started process (PID=7267) to work on /home/airflow/.local/lib/python3.7/site-packages/airflow/example_dags/tutorial_taskflow_api_etl.py
[2022-11-27 18:29:21,666] {processor.py:641} INFO - Processing file /home/airflow/.local/lib/python3.7/site-packages/airflow/example_dags/tutorial_taskflow_api_etl.py for tasks to queue
[2022-11-27 18:29:21,666] {logging_mixin.py:115} INFO - [2022-11-27 18:29:21,666] {dagbag.py:508} INFO - Filling up the DagBag from /home/airflow/.local/lib/python3.7/site-packages/airflow/example_dags/tutorial_taskflow_api_etl.py
[2022-11-27 18:29:21,683] {processor.py:651} INFO - DAG(s) dict_keys(['tutorial_taskflow_api_etl']) retrieved from /home/airflow/.local/lib/python3.7/site-packages/airflow/example_dags/tutorial_taskflow_api_etl.py
[2022-11-27 18:29:21,774] {logging_mixin.py:115} INFO - [2022-11-27 18:29:21,774] {dag.py:2420} INFO - Sync 1 DAGs
[2022-11-27 18:29:21,804] {logging_mixin.py:115} INFO - [2022-11-27 18:29:21,804] {dag.py:2972} INFO - Setting next_dagrun for tutorial_taskflow_api_etl to None, run_after=None
[2022-11-27 18:29:21,824] {processor.py:161} INFO - Processing /home/airflow/.local/lib/python3.7/site-packages/airflow/example_dags/tutorial_taskflow_api_etl.py took 0.162 seconds
[2022-11-27 18:29:52,349] {processor.py:153} INFO - Started process (PID=7329) to work on /home/airflow/.local/lib/python3.7/site-packages/airflow/example_dags/tutorial_taskflow_api_etl.py
[2022-11-27 18:29:52,350] {processor.py:641} INFO - Processing file /home/airflow/.local/lib/python3.7/site-packages/airflow/example_dags/tutorial_taskflow_api_etl.py for tasks to queue
[2022-11-27 18:29:52,351] {logging_mixin.py:115} INFO - [2022-11-27 18:29:52,350] {dagbag.py:508} INFO - Filling up the DagBag from /home/airflow/.local/lib/python3.7/site-packages/airflow/example_dags/tutorial_taskflow_api_etl.py
[2022-11-27 18:29:52,368] {processor.py:651} INFO - DAG(s) dict_keys(['tutorial_taskflow_api_etl']) retrieved from /home/airflow/.local/lib/python3.7/site-packages/airflow/example_dags/tutorial_taskflow_api_etl.py
[2022-11-27 18:29:52,460] {logging_mixin.py:115} INFO - [2022-11-27 18:29:52,460] {dag.py:2420} INFO - Sync 1 DAGs
[2022-11-27 18:29:52,486] {logging_mixin.py:115} INFO - [2022-11-27 18:29:52,486] {dag.py:2972} INFO - Setting next_dagrun for tutorial_taskflow_api_etl to None, run_after=None
[2022-11-27 18:29:52,502] {processor.py:161} INFO - Processing /home/airflow/.local/lib/python3.7/site-packages/airflow/example_dags/tutorial_taskflow_api_etl.py took 0.156 seconds
[2022-11-27 18:30:23,048] {processor.py:153} INFO - Started process (PID=7392) to work on /home/airflow/.local/lib/python3.7/site-packages/airflow/example_dags/tutorial_taskflow_api_etl.py
[2022-11-27 18:30:23,049] {processor.py:641} INFO - Processing file /home/airflow/.local/lib/python3.7/site-packages/airflow/example_dags/tutorial_taskflow_api_etl.py for tasks to queue
[2022-11-27 18:30:23,050] {logging_mixin.py:115} INFO - [2022-11-27 18:30:23,050] {dagbag.py:508} INFO - Filling up the DagBag from /home/airflow/.local/lib/python3.7/site-packages/airflow/example_dags/tutorial_taskflow_api_etl.py
[2022-11-27 18:30:23,086] {processor.py:651} INFO - DAG(s) dict_keys(['tutorial_taskflow_api_etl']) retrieved from /home/airflow/.local/lib/python3.7/site-packages/airflow/example_dags/tutorial_taskflow_api_etl.py
[2022-11-27 18:30:23,172] {logging_mixin.py:115} INFO - [2022-11-27 18:30:23,172] {dag.py:2420} INFO - Sync 1 DAGs
[2022-11-27 18:30:23,198] {logging_mixin.py:115} INFO - [2022-11-27 18:30:23,198] {dag.py:2972} INFO - Setting next_dagrun for tutorial_taskflow_api_etl to None, run_after=None
[2022-11-27 18:30:23,215] {processor.py:161} INFO - Processing /home/airflow/.local/lib/python3.7/site-packages/airflow/example_dags/tutorial_taskflow_api_etl.py took 0.173 seconds
[2022-11-27 18:30:53,628] {processor.py:153} INFO - Started process (PID=7446) to work on /home/airflow/.local/lib/python3.7/site-packages/airflow/example_dags/tutorial_taskflow_api_etl.py
[2022-11-27 18:30:53,629] {processor.py:641} INFO - Processing file /home/airflow/.local/lib/python3.7/site-packages/airflow/example_dags/tutorial_taskflow_api_etl.py for tasks to queue
[2022-11-27 18:30:53,630] {logging_mixin.py:115} INFO - [2022-11-27 18:30:53,630] {dagbag.py:508} INFO - Filling up the DagBag from /home/airflow/.local/lib/python3.7/site-packages/airflow/example_dags/tutorial_taskflow_api_etl.py
[2022-11-27 18:30:53,664] {processor.py:651} INFO - DAG(s) dict_keys(['tutorial_taskflow_api_etl']) retrieved from /home/airflow/.local/lib/python3.7/site-packages/airflow/example_dags/tutorial_taskflow_api_etl.py
[2022-11-27 18:30:53,742] {logging_mixin.py:115} INFO - [2022-11-27 18:30:53,742] {dag.py:2420} INFO - Sync 1 DAGs
[2022-11-27 18:30:53,764] {logging_mixin.py:115} INFO - [2022-11-27 18:30:53,764] {dag.py:2972} INFO - Setting next_dagrun for tutorial_taskflow_api_etl to None, run_after=None
[2022-11-27 18:30:53,779] {processor.py:161} INFO - Processing /home/airflow/.local/lib/python3.7/site-packages/airflow/example_dags/tutorial_taskflow_api_etl.py took 0.155 seconds
[2022-11-27 18:31:23,991] {processor.py:153} INFO - Started process (PID=7510) to work on /home/airflow/.local/lib/python3.7/site-packages/airflow/example_dags/tutorial_taskflow_api_etl.py
[2022-11-27 18:31:23,992] {processor.py:641} INFO - Processing file /home/airflow/.local/lib/python3.7/site-packages/airflow/example_dags/tutorial_taskflow_api_etl.py for tasks to queue
[2022-11-27 18:31:23,992] {logging_mixin.py:115} INFO - [2022-11-27 18:31:23,992] {dagbag.py:508} INFO - Filling up the DagBag from /home/airflow/.local/lib/python3.7/site-packages/airflow/example_dags/tutorial_taskflow_api_etl.py
[2022-11-27 18:31:24,008] {processor.py:651} INFO - DAG(s) dict_keys(['tutorial_taskflow_api_etl']) retrieved from /home/airflow/.local/lib/python3.7/site-packages/airflow/example_dags/tutorial_taskflow_api_etl.py
[2022-11-27 18:31:24,037] {logging_mixin.py:115} INFO - [2022-11-27 18:31:24,036] {dag.py:2420} INFO - Sync 1 DAGs
[2022-11-27 18:31:24,065] {logging_mixin.py:115} INFO - [2022-11-27 18:31:24,065] {dag.py:2972} INFO - Setting next_dagrun for tutorial_taskflow_api_etl to None, run_after=None
[2022-11-27 18:31:24,082] {processor.py:161} INFO - Processing /home/airflow/.local/lib/python3.7/site-packages/airflow/example_dags/tutorial_taskflow_api_etl.py took 0.093 seconds
[2022-11-27 18:31:54,266] {processor.py:153} INFO - Started process (PID=7573) to work on /home/airflow/.local/lib/python3.7/site-packages/airflow/example_dags/tutorial_taskflow_api_etl.py
[2022-11-27 18:31:54,266] {processor.py:641} INFO - Processing file /home/airflow/.local/lib/python3.7/site-packages/airflow/example_dags/tutorial_taskflow_api_etl.py for tasks to queue
[2022-11-27 18:31:54,267] {logging_mixin.py:115} INFO - [2022-11-27 18:31:54,267] {dagbag.py:508} INFO - Filling up the DagBag from /home/airflow/.local/lib/python3.7/site-packages/airflow/example_dags/tutorial_taskflow_api_etl.py
[2022-11-27 18:31:54,285] {processor.py:651} INFO - DAG(s) dict_keys(['tutorial_taskflow_api_etl']) retrieved from /home/airflow/.local/lib/python3.7/site-packages/airflow/example_dags/tutorial_taskflow_api_etl.py
[2022-11-27 18:31:54,315] {logging_mixin.py:115} INFO - [2022-11-27 18:31:54,315] {dag.py:2420} INFO - Sync 1 DAGs
[2022-11-27 18:31:54,345] {logging_mixin.py:115} INFO - [2022-11-27 18:31:54,345] {dag.py:2972} INFO - Setting next_dagrun for tutorial_taskflow_api_etl to None, run_after=None
[2022-11-27 18:31:54,361] {processor.py:161} INFO - Processing /home/airflow/.local/lib/python3.7/site-packages/airflow/example_dags/tutorial_taskflow_api_etl.py took 0.099 seconds
[2022-11-27 18:32:24,543] {processor.py:153} INFO - Started process (PID=7627) to work on /home/airflow/.local/lib/python3.7/site-packages/airflow/example_dags/tutorial_taskflow_api_etl.py
[2022-11-27 18:32:24,544] {processor.py:641} INFO - Processing file /home/airflow/.local/lib/python3.7/site-packages/airflow/example_dags/tutorial_taskflow_api_etl.py for tasks to queue
[2022-11-27 18:32:24,544] {logging_mixin.py:115} INFO - [2022-11-27 18:32:24,544] {dagbag.py:508} INFO - Filling up the DagBag from /home/airflow/.local/lib/python3.7/site-packages/airflow/example_dags/tutorial_taskflow_api_etl.py
[2022-11-27 18:32:24,565] {processor.py:651} INFO - DAG(s) dict_keys(['tutorial_taskflow_api_etl']) retrieved from /home/airflow/.local/lib/python3.7/site-packages/airflow/example_dags/tutorial_taskflow_api_etl.py
[2022-11-27 18:32:24,593] {logging_mixin.py:115} INFO - [2022-11-27 18:32:24,593] {dag.py:2420} INFO - Sync 1 DAGs
[2022-11-27 18:32:24,618] {logging_mixin.py:115} INFO - [2022-11-27 18:32:24,618] {dag.py:2972} INFO - Setting next_dagrun for tutorial_taskflow_api_etl to None, run_after=None
[2022-11-27 18:32:24,634] {processor.py:161} INFO - Processing /home/airflow/.local/lib/python3.7/site-packages/airflow/example_dags/tutorial_taskflow_api_etl.py took 0.098 seconds
[2022-11-27 18:32:54,866] {processor.py:153} INFO - Started process (PID=7689) to work on /home/airflow/.local/lib/python3.7/site-packages/airflow/example_dags/tutorial_taskflow_api_etl.py
[2022-11-27 18:32:54,867] {processor.py:641} INFO - Processing file /home/airflow/.local/lib/python3.7/site-packages/airflow/example_dags/tutorial_taskflow_api_etl.py for tasks to queue
[2022-11-27 18:32:54,867] {logging_mixin.py:115} INFO - [2022-11-27 18:32:54,867] {dagbag.py:508} INFO - Filling up the DagBag from /home/airflow/.local/lib/python3.7/site-packages/airflow/example_dags/tutorial_taskflow_api_etl.py
[2022-11-27 18:32:54,881] {processor.py:651} INFO - DAG(s) dict_keys(['tutorial_taskflow_api_etl']) retrieved from /home/airflow/.local/lib/python3.7/site-packages/airflow/example_dags/tutorial_taskflow_api_etl.py
[2022-11-27 18:32:54,904] {logging_mixin.py:115} INFO - [2022-11-27 18:32:54,904] {dag.py:2420} INFO - Sync 1 DAGs
[2022-11-27 18:32:54,926] {logging_mixin.py:115} INFO - [2022-11-27 18:32:54,926] {dag.py:2972} INFO - Setting next_dagrun for tutorial_taskflow_api_etl to None, run_after=None
[2022-11-27 18:32:54,939] {processor.py:161} INFO - Processing /home/airflow/.local/lib/python3.7/site-packages/airflow/example_dags/tutorial_taskflow_api_etl.py took 0.075 seconds
