[2022-12-20 10:30:34,212] {processor.py:153} INFO - Started process (PID=52) to work on /home/airflow/.local/lib/python3.7/site-packages/airflow/example_dags/example_complex.py
[2022-12-20 10:30:34,213] {processor.py:641} INFO - Processing file /home/airflow/.local/lib/python3.7/site-packages/airflow/example_dags/example_complex.py for tasks to queue
[2022-12-20 10:30:34,214] {logging_mixin.py:115} INFO - [2022-12-20 10:30:34,213] {dagbag.py:508} INFO - Filling up the DagBag from /home/airflow/.local/lib/python3.7/site-packages/airflow/example_dags/example_complex.py
[2022-12-20 10:30:34,238] {processor.py:651} INFO - DAG(s) dict_keys(['example_complex']) retrieved from /home/airflow/.local/lib/python3.7/site-packages/airflow/example_dags/example_complex.py
[2022-12-20 10:30:34,309] {logging_mixin.py:115} INFO - [2022-12-20 10:30:34,309] {dag.py:2420} INFO - Sync 1 DAGs
[2022-12-20 10:30:34,633] {logging_mixin.py:115} INFO - [2022-12-20 10:30:34,632] {dag.py:2972} INFO - Setting next_dagrun for example_complex to None, run_after=None
[2022-12-20 10:30:34,651] {processor.py:161} INFO - Processing /home/airflow/.local/lib/python3.7/site-packages/airflow/example_dags/example_complex.py took 0.446 seconds
[2022-12-20 13:30:54,105] {processor.py:153} INFO - Started process (PID=105) to work on /home/airflow/.local/lib/python3.7/site-packages/airflow/example_dags/example_complex.py
[2022-12-20 13:30:54,106] {processor.py:641} INFO - Processing file /home/airflow/.local/lib/python3.7/site-packages/airflow/example_dags/example_complex.py for tasks to queue
[2022-12-20 13:30:54,108] {logging_mixin.py:115} INFO - [2022-12-20 13:30:54,108] {dagbag.py:508} INFO - Filling up the DagBag from /home/airflow/.local/lib/python3.7/site-packages/airflow/example_dags/example_complex.py
[2022-12-20 13:30:54,147] {processor.py:651} INFO - DAG(s) dict_keys(['example_complex']) retrieved from /home/airflow/.local/lib/python3.7/site-packages/airflow/example_dags/example_complex.py
[2022-12-20 13:30:54,245] {logging_mixin.py:115} INFO - [2022-12-20 13:30:54,244] {dag.py:2420} INFO - Sync 1 DAGs
[2022-12-20 13:30:54,850] {logging_mixin.py:115} INFO - [2022-12-20 13:30:54,850] {dag.py:2972} INFO - Setting next_dagrun for example_complex to None, run_after=None
[2022-12-20 13:30:54,903] {processor.py:161} INFO - Processing /home/airflow/.local/lib/python3.7/site-packages/airflow/example_dags/example_complex.py took 0.805 seconds
[2022-12-20 13:31:25,108] {processor.py:153} INFO - Started process (PID=162) to work on /home/airflow/.local/lib/python3.7/site-packages/airflow/example_dags/example_complex.py
[2022-12-20 13:31:25,109] {processor.py:641} INFO - Processing file /home/airflow/.local/lib/python3.7/site-packages/airflow/example_dags/example_complex.py for tasks to queue
[2022-12-20 13:31:25,109] {logging_mixin.py:115} INFO - [2022-12-20 13:31:25,109] {dagbag.py:508} INFO - Filling up the DagBag from /home/airflow/.local/lib/python3.7/site-packages/airflow/example_dags/example_complex.py
[2022-12-20 13:31:25,131] {processor.py:651} INFO - DAG(s) dict_keys(['example_complex']) retrieved from /home/airflow/.local/lib/python3.7/site-packages/airflow/example_dags/example_complex.py
[2022-12-20 13:31:25,190] {logging_mixin.py:115} INFO - [2022-12-20 13:31:25,190] {dag.py:2420} INFO - Sync 1 DAGs
[2022-12-20 13:31:25,455] {logging_mixin.py:115} INFO - [2022-12-20 13:31:25,455] {dag.py:2972} INFO - Setting next_dagrun for example_complex to None, run_after=None
[2022-12-20 13:31:25,483] {processor.py:161} INFO - Processing /home/airflow/.local/lib/python3.7/site-packages/airflow/example_dags/example_complex.py took 0.380 seconds
[2022-12-20 13:31:55,911] {processor.py:153} INFO - Started process (PID=215) to work on /home/airflow/.local/lib/python3.7/site-packages/airflow/example_dags/example_complex.py
[2022-12-20 13:31:55,912] {processor.py:641} INFO - Processing file /home/airflow/.local/lib/python3.7/site-packages/airflow/example_dags/example_complex.py for tasks to queue
[2022-12-20 13:31:55,913] {logging_mixin.py:115} INFO - [2022-12-20 13:31:55,913] {dagbag.py:508} INFO - Filling up the DagBag from /home/airflow/.local/lib/python3.7/site-packages/airflow/example_dags/example_complex.py
[2022-12-20 13:31:55,934] {processor.py:651} INFO - DAG(s) dict_keys(['example_complex']) retrieved from /home/airflow/.local/lib/python3.7/site-packages/airflow/example_dags/example_complex.py
[2022-12-20 13:31:56,002] {logging_mixin.py:115} INFO - [2022-12-20 13:31:56,002] {dag.py:2420} INFO - Sync 1 DAGs
[2022-12-20 13:31:56,264] {logging_mixin.py:115} INFO - [2022-12-20 13:31:56,263] {dag.py:2972} INFO - Setting next_dagrun for example_complex to None, run_after=None
[2022-12-20 13:31:56,289] {processor.py:161} INFO - Processing /home/airflow/.local/lib/python3.7/site-packages/airflow/example_dags/example_complex.py took 0.382 seconds
[2022-12-20 13:32:27,136] {processor.py:153} INFO - Started process (PID=279) to work on /home/airflow/.local/lib/python3.7/site-packages/airflow/example_dags/example_complex.py
[2022-12-20 13:32:27,137] {processor.py:641} INFO - Processing file /home/airflow/.local/lib/python3.7/site-packages/airflow/example_dags/example_complex.py for tasks to queue
[2022-12-20 13:32:27,138] {logging_mixin.py:115} INFO - [2022-12-20 13:32:27,138] {dagbag.py:508} INFO - Filling up the DagBag from /home/airflow/.local/lib/python3.7/site-packages/airflow/example_dags/example_complex.py
[2022-12-20 13:32:27,164] {processor.py:651} INFO - DAG(s) dict_keys(['example_complex']) retrieved from /home/airflow/.local/lib/python3.7/site-packages/airflow/example_dags/example_complex.py
[2022-12-20 13:32:27,221] {logging_mixin.py:115} INFO - [2022-12-20 13:32:27,221] {dag.py:2420} INFO - Sync 1 DAGs
[2022-12-20 13:32:27,490] {logging_mixin.py:115} INFO - [2022-12-20 13:32:27,490] {dag.py:2972} INFO - Setting next_dagrun for example_complex to None, run_after=None
[2022-12-20 13:32:27,521] {processor.py:161} INFO - Processing /home/airflow/.local/lib/python3.7/site-packages/airflow/example_dags/example_complex.py took 0.390 seconds
[2022-12-20 13:32:57,662] {processor.py:153} INFO - Started process (PID=333) to work on /home/airflow/.local/lib/python3.7/site-packages/airflow/example_dags/example_complex.py
[2022-12-20 13:32:57,663] {processor.py:641} INFO - Processing file /home/airflow/.local/lib/python3.7/site-packages/airflow/example_dags/example_complex.py for tasks to queue
[2022-12-20 13:32:57,664] {logging_mixin.py:115} INFO - [2022-12-20 13:32:57,663] {dagbag.py:508} INFO - Filling up the DagBag from /home/airflow/.local/lib/python3.7/site-packages/airflow/example_dags/example_complex.py
[2022-12-20 13:32:57,688] {processor.py:651} INFO - DAG(s) dict_keys(['example_complex']) retrieved from /home/airflow/.local/lib/python3.7/site-packages/airflow/example_dags/example_complex.py
[2022-12-20 13:32:57,756] {logging_mixin.py:115} INFO - [2022-12-20 13:32:57,756] {dag.py:2420} INFO - Sync 1 DAGs
[2022-12-20 13:32:58,007] {logging_mixin.py:115} INFO - [2022-12-20 13:32:58,007] {dag.py:2972} INFO - Setting next_dagrun for example_complex to None, run_after=None
[2022-12-20 13:32:58,032] {processor.py:161} INFO - Processing /home/airflow/.local/lib/python3.7/site-packages/airflow/example_dags/example_complex.py took 0.375 seconds
[2022-12-20 13:33:28,384] {processor.py:153} INFO - Started process (PID=387) to work on /home/airflow/.local/lib/python3.7/site-packages/airflow/example_dags/example_complex.py
[2022-12-20 13:33:28,385] {processor.py:641} INFO - Processing file /home/airflow/.local/lib/python3.7/site-packages/airflow/example_dags/example_complex.py for tasks to queue
[2022-12-20 13:33:28,386] {logging_mixin.py:115} INFO - [2022-12-20 13:33:28,386] {dagbag.py:508} INFO - Filling up the DagBag from /home/airflow/.local/lib/python3.7/site-packages/airflow/example_dags/example_complex.py
[2022-12-20 13:33:28,408] {processor.py:651} INFO - DAG(s) dict_keys(['example_complex']) retrieved from /home/airflow/.local/lib/python3.7/site-packages/airflow/example_dags/example_complex.py
[2022-12-20 13:33:28,467] {logging_mixin.py:115} INFO - [2022-12-20 13:33:28,467] {dag.py:2420} INFO - Sync 1 DAGs
[2022-12-20 13:33:28,779] {logging_mixin.py:115} INFO - [2022-12-20 13:33:28,779] {dag.py:2972} INFO - Setting next_dagrun for example_complex to None, run_after=None
[2022-12-20 13:33:28,811] {processor.py:161} INFO - Processing /home/airflow/.local/lib/python3.7/site-packages/airflow/example_dags/example_complex.py took 0.432 seconds
[2022-12-20 13:33:59,015] {processor.py:153} INFO - Started process (PID=450) to work on /home/airflow/.local/lib/python3.7/site-packages/airflow/example_dags/example_complex.py
[2022-12-20 13:33:59,017] {processor.py:641} INFO - Processing file /home/airflow/.local/lib/python3.7/site-packages/airflow/example_dags/example_complex.py for tasks to queue
[2022-12-20 13:33:59,017] {logging_mixin.py:115} INFO - [2022-12-20 13:33:59,017] {dagbag.py:508} INFO - Filling up the DagBag from /home/airflow/.local/lib/python3.7/site-packages/airflow/example_dags/example_complex.py
[2022-12-20 13:33:59,038] {processor.py:651} INFO - DAG(s) dict_keys(['example_complex']) retrieved from /home/airflow/.local/lib/python3.7/site-packages/airflow/example_dags/example_complex.py
[2022-12-20 13:33:59,099] {logging_mixin.py:115} INFO - [2022-12-20 13:33:59,099] {dag.py:2420} INFO - Sync 1 DAGs
[2022-12-20 13:33:59,340] {logging_mixin.py:115} INFO - [2022-12-20 13:33:59,340] {dag.py:2972} INFO - Setting next_dagrun for example_complex to None, run_after=None
[2022-12-20 13:33:59,364] {processor.py:161} INFO - Processing /home/airflow/.local/lib/python3.7/site-packages/airflow/example_dags/example_complex.py took 0.353 seconds
[2022-12-20 13:34:29,728] {processor.py:153} INFO - Started process (PID=504) to work on /home/airflow/.local/lib/python3.7/site-packages/airflow/example_dags/example_complex.py
[2022-12-20 13:34:29,729] {processor.py:641} INFO - Processing file /home/airflow/.local/lib/python3.7/site-packages/airflow/example_dags/example_complex.py for tasks to queue
[2022-12-20 13:34:29,730] {logging_mixin.py:115} INFO - [2022-12-20 13:34:29,730] {dagbag.py:508} INFO - Filling up the DagBag from /home/airflow/.local/lib/python3.7/site-packages/airflow/example_dags/example_complex.py
[2022-12-20 13:34:29,762] {processor.py:651} INFO - DAG(s) dict_keys(['example_complex']) retrieved from /home/airflow/.local/lib/python3.7/site-packages/airflow/example_dags/example_complex.py
[2022-12-20 13:34:29,818] {logging_mixin.py:115} INFO - [2022-12-20 13:34:29,817] {dag.py:2420} INFO - Sync 1 DAGs
[2022-12-20 13:34:30,057] {logging_mixin.py:115} INFO - [2022-12-20 13:34:30,057] {dag.py:2972} INFO - Setting next_dagrun for example_complex to None, run_after=None
[2022-12-20 13:34:30,077] {processor.py:161} INFO - Processing /home/airflow/.local/lib/python3.7/site-packages/airflow/example_dags/example_complex.py took 0.355 seconds
[2022-12-20 13:36:53,622] {processor.py:153} INFO - Started process (PID=52) to work on /home/airflow/.local/lib/python3.7/site-packages/airflow/example_dags/example_complex.py
[2022-12-20 13:36:53,623] {processor.py:641} INFO - Processing file /home/airflow/.local/lib/python3.7/site-packages/airflow/example_dags/example_complex.py for tasks to queue
[2022-12-20 13:36:53,625] {logging_mixin.py:115} INFO - [2022-12-20 13:36:53,624] {dagbag.py:508} INFO - Filling up the DagBag from /home/airflow/.local/lib/python3.7/site-packages/airflow/example_dags/example_complex.py
[2022-12-20 13:36:53,657] {processor.py:651} INFO - DAG(s) dict_keys(['example_complex']) retrieved from /home/airflow/.local/lib/python3.7/site-packages/airflow/example_dags/example_complex.py
[2022-12-20 13:36:53,737] {logging_mixin.py:115} INFO - [2022-12-20 13:36:53,736] {dag.py:2420} INFO - Sync 1 DAGs
[2022-12-20 13:36:54,008] {logging_mixin.py:115} INFO - [2022-12-20 13:36:54,007] {dag.py:2972} INFO - Setting next_dagrun for example_complex to None, run_after=None
[2022-12-20 13:36:54,033] {processor.py:161} INFO - Processing /home/airflow/.local/lib/python3.7/site-packages/airflow/example_dags/example_complex.py took 0.417 seconds
[2022-12-20 13:37:25,108] {processor.py:153} INFO - Started process (PID=106) to work on /home/airflow/.local/lib/python3.7/site-packages/airflow/example_dags/example_complex.py
[2022-12-20 13:37:25,109] {processor.py:641} INFO - Processing file /home/airflow/.local/lib/python3.7/site-packages/airflow/example_dags/example_complex.py for tasks to queue
[2022-12-20 13:37:25,110] {logging_mixin.py:115} INFO - [2022-12-20 13:37:25,110] {dagbag.py:508} INFO - Filling up the DagBag from /home/airflow/.local/lib/python3.7/site-packages/airflow/example_dags/example_complex.py
[2022-12-20 13:37:25,144] {processor.py:651} INFO - DAG(s) dict_keys(['example_complex']) retrieved from /home/airflow/.local/lib/python3.7/site-packages/airflow/example_dags/example_complex.py
[2022-12-20 13:37:25,198] {logging_mixin.py:115} INFO - [2022-12-20 13:37:25,198] {dag.py:2420} INFO - Sync 1 DAGs
[2022-12-20 13:37:25,447] {logging_mixin.py:115} INFO - [2022-12-20 13:37:25,447] {dag.py:2972} INFO - Setting next_dagrun for example_complex to None, run_after=None
[2022-12-20 13:37:25,475] {processor.py:161} INFO - Processing /home/airflow/.local/lib/python3.7/site-packages/airflow/example_dags/example_complex.py took 0.373 seconds
[2022-12-20 13:37:55,885] {processor.py:153} INFO - Started process (PID=169) to work on /home/airflow/.local/lib/python3.7/site-packages/airflow/example_dags/example_complex.py
[2022-12-20 13:37:55,886] {processor.py:641} INFO - Processing file /home/airflow/.local/lib/python3.7/site-packages/airflow/example_dags/example_complex.py for tasks to queue
[2022-12-20 13:37:55,886] {logging_mixin.py:115} INFO - [2022-12-20 13:37:55,886] {dagbag.py:508} INFO - Filling up the DagBag from /home/airflow/.local/lib/python3.7/site-packages/airflow/example_dags/example_complex.py
[2022-12-20 13:37:55,922] {processor.py:651} INFO - DAG(s) dict_keys(['example_complex']) retrieved from /home/airflow/.local/lib/python3.7/site-packages/airflow/example_dags/example_complex.py
[2022-12-20 13:37:55,986] {logging_mixin.py:115} INFO - [2022-12-20 13:37:55,986] {dag.py:2420} INFO - Sync 1 DAGs
[2022-12-20 13:37:56,291] {logging_mixin.py:115} INFO - [2022-12-20 13:37:56,291] {dag.py:2972} INFO - Setting next_dagrun for example_complex to None, run_after=None
[2022-12-20 13:37:56,320] {processor.py:161} INFO - Processing /home/airflow/.local/lib/python3.7/site-packages/airflow/example_dags/example_complex.py took 0.440 seconds
[2022-12-20 13:38:27,047] {processor.py:153} INFO - Started process (PID=223) to work on /home/airflow/.local/lib/python3.7/site-packages/airflow/example_dags/example_complex.py
[2022-12-20 13:38:27,049] {processor.py:641} INFO - Processing file /home/airflow/.local/lib/python3.7/site-packages/airflow/example_dags/example_complex.py for tasks to queue
[2022-12-20 13:38:27,050] {logging_mixin.py:115} INFO - [2022-12-20 13:38:27,050] {dagbag.py:508} INFO - Filling up the DagBag from /home/airflow/.local/lib/python3.7/site-packages/airflow/example_dags/example_complex.py
[2022-12-20 13:38:27,079] {processor.py:651} INFO - DAG(s) dict_keys(['example_complex']) retrieved from /home/airflow/.local/lib/python3.7/site-packages/airflow/example_dags/example_complex.py
[2022-12-20 13:38:27,134] {logging_mixin.py:115} INFO - [2022-12-20 13:38:27,134] {dag.py:2420} INFO - Sync 1 DAGs
[2022-12-20 13:38:27,397] {logging_mixin.py:115} INFO - [2022-12-20 13:38:27,396] {dag.py:2972} INFO - Setting next_dagrun for example_complex to None, run_after=None
[2022-12-20 13:38:27,429] {processor.py:161} INFO - Processing /home/airflow/.local/lib/python3.7/site-packages/airflow/example_dags/example_complex.py took 0.387 seconds
[2022-12-20 13:38:58,268] {processor.py:153} INFO - Started process (PID=287) to work on /home/airflow/.local/lib/python3.7/site-packages/airflow/example_dags/example_complex.py
[2022-12-20 13:38:58,269] {processor.py:641} INFO - Processing file /home/airflow/.local/lib/python3.7/site-packages/airflow/example_dags/example_complex.py for tasks to queue
[2022-12-20 13:38:58,270] {logging_mixin.py:115} INFO - [2022-12-20 13:38:58,269] {dagbag.py:508} INFO - Filling up the DagBag from /home/airflow/.local/lib/python3.7/site-packages/airflow/example_dags/example_complex.py
[2022-12-20 13:38:58,291] {processor.py:651} INFO - DAG(s) dict_keys(['example_complex']) retrieved from /home/airflow/.local/lib/python3.7/site-packages/airflow/example_dags/example_complex.py
[2022-12-20 13:38:58,369] {logging_mixin.py:115} INFO - [2022-12-20 13:38:58,369] {dag.py:2420} INFO - Sync 1 DAGs
[2022-12-20 13:38:58,646] {logging_mixin.py:115} INFO - [2022-12-20 13:38:58,645] {dag.py:2972} INFO - Setting next_dagrun for example_complex to None, run_after=None
[2022-12-20 13:38:58,672] {processor.py:161} INFO - Processing /home/airflow/.local/lib/python3.7/site-packages/airflow/example_dags/example_complex.py took 0.409 seconds
[2022-12-20 13:39:29,476] {processor.py:153} INFO - Started process (PID=341) to work on /home/airflow/.local/lib/python3.7/site-packages/airflow/example_dags/example_complex.py
[2022-12-20 13:39:29,477] {processor.py:641} INFO - Processing file /home/airflow/.local/lib/python3.7/site-packages/airflow/example_dags/example_complex.py for tasks to queue
[2022-12-20 13:39:29,478] {logging_mixin.py:115} INFO - [2022-12-20 13:39:29,478] {dagbag.py:508} INFO - Filling up the DagBag from /home/airflow/.local/lib/python3.7/site-packages/airflow/example_dags/example_complex.py
[2022-12-20 13:39:29,515] {processor.py:651} INFO - DAG(s) dict_keys(['example_complex']) retrieved from /home/airflow/.local/lib/python3.7/site-packages/airflow/example_dags/example_complex.py
[2022-12-20 13:39:29,594] {logging_mixin.py:115} INFO - [2022-12-20 13:39:29,594] {dag.py:2420} INFO - Sync 1 DAGs
[2022-12-20 13:39:29,900] {logging_mixin.py:115} INFO - [2022-12-20 13:39:29,900] {dag.py:2972} INFO - Setting next_dagrun for example_complex to None, run_after=None
[2022-12-20 13:39:29,941] {processor.py:161} INFO - Processing /home/airflow/.local/lib/python3.7/site-packages/airflow/example_dags/example_complex.py took 0.471 seconds
[2022-12-20 13:40:00,042] {processor.py:153} INFO - Started process (PID=395) to work on /home/airflow/.local/lib/python3.7/site-packages/airflow/example_dags/example_complex.py
[2022-12-20 13:40:00,043] {processor.py:641} INFO - Processing file /home/airflow/.local/lib/python3.7/site-packages/airflow/example_dags/example_complex.py for tasks to queue
[2022-12-20 13:40:00,044] {logging_mixin.py:115} INFO - [2022-12-20 13:40:00,044] {dagbag.py:508} INFO - Filling up the DagBag from /home/airflow/.local/lib/python3.7/site-packages/airflow/example_dags/example_complex.py
[2022-12-20 13:40:00,083] {processor.py:651} INFO - DAG(s) dict_keys(['example_complex']) retrieved from /home/airflow/.local/lib/python3.7/site-packages/airflow/example_dags/example_complex.py
[2022-12-20 13:40:00,141] {logging_mixin.py:115} INFO - [2022-12-20 13:40:00,140] {dag.py:2420} INFO - Sync 1 DAGs
[2022-12-20 13:40:00,377] {logging_mixin.py:115} INFO - [2022-12-20 13:40:00,377] {dag.py:2972} INFO - Setting next_dagrun for example_complex to None, run_after=None
[2022-12-20 13:40:00,399] {processor.py:161} INFO - Processing /home/airflow/.local/lib/python3.7/site-packages/airflow/example_dags/example_complex.py took 0.363 seconds
[2022-12-20 13:40:30,870] {processor.py:153} INFO - Started process (PID=459) to work on /home/airflow/.local/lib/python3.7/site-packages/airflow/example_dags/example_complex.py
[2022-12-20 13:40:30,871] {processor.py:641} INFO - Processing file /home/airflow/.local/lib/python3.7/site-packages/airflow/example_dags/example_complex.py for tasks to queue
[2022-12-20 13:40:30,871] {logging_mixin.py:115} INFO - [2022-12-20 13:40:30,871] {dagbag.py:508} INFO - Filling up the DagBag from /home/airflow/.local/lib/python3.7/site-packages/airflow/example_dags/example_complex.py
[2022-12-20 13:40:30,891] {processor.py:651} INFO - DAG(s) dict_keys(['example_complex']) retrieved from /home/airflow/.local/lib/python3.7/site-packages/airflow/example_dags/example_complex.py
[2022-12-20 13:40:30,944] {logging_mixin.py:115} INFO - [2022-12-20 13:40:30,944] {dag.py:2420} INFO - Sync 1 DAGs
[2022-12-20 13:40:31,202] {logging_mixin.py:115} INFO - [2022-12-20 13:40:31,202] {dag.py:2972} INFO - Setting next_dagrun for example_complex to None, run_after=None
[2022-12-20 13:40:31,225] {processor.py:161} INFO - Processing /home/airflow/.local/lib/python3.7/site-packages/airflow/example_dags/example_complex.py took 0.359 seconds
[2022-12-20 13:41:01,374] {processor.py:153} INFO - Started process (PID=513) to work on /home/airflow/.local/lib/python3.7/site-packages/airflow/example_dags/example_complex.py
[2022-12-20 13:41:01,375] {processor.py:641} INFO - Processing file /home/airflow/.local/lib/python3.7/site-packages/airflow/example_dags/example_complex.py for tasks to queue
[2022-12-20 13:41:01,376] {logging_mixin.py:115} INFO - [2022-12-20 13:41:01,376] {dagbag.py:508} INFO - Filling up the DagBag from /home/airflow/.local/lib/python3.7/site-packages/airflow/example_dags/example_complex.py
[2022-12-20 13:41:01,396] {processor.py:651} INFO - DAG(s) dict_keys(['example_complex']) retrieved from /home/airflow/.local/lib/python3.7/site-packages/airflow/example_dags/example_complex.py
[2022-12-20 13:41:01,453] {logging_mixin.py:115} INFO - [2022-12-20 13:41:01,453] {dag.py:2420} INFO - Sync 1 DAGs
[2022-12-20 13:41:01,752] {logging_mixin.py:115} INFO - [2022-12-20 13:41:01,752] {dag.py:2972} INFO - Setting next_dagrun for example_complex to None, run_after=None
[2022-12-20 13:41:01,778] {processor.py:161} INFO - Processing /home/airflow/.local/lib/python3.7/site-packages/airflow/example_dags/example_complex.py took 0.408 seconds
[2022-12-20 13:41:32,025] {processor.py:153} INFO - Started process (PID=576) to work on /home/airflow/.local/lib/python3.7/site-packages/airflow/example_dags/example_complex.py
[2022-12-20 13:41:32,026] {processor.py:641} INFO - Processing file /home/airflow/.local/lib/python3.7/site-packages/airflow/example_dags/example_complex.py for tasks to queue
[2022-12-20 13:41:32,027] {logging_mixin.py:115} INFO - [2022-12-20 13:41:32,027] {dagbag.py:508} INFO - Filling up the DagBag from /home/airflow/.local/lib/python3.7/site-packages/airflow/example_dags/example_complex.py
[2022-12-20 13:41:32,049] {processor.py:651} INFO - DAG(s) dict_keys(['example_complex']) retrieved from /home/airflow/.local/lib/python3.7/site-packages/airflow/example_dags/example_complex.py
[2022-12-20 13:41:32,109] {logging_mixin.py:115} INFO - [2022-12-20 13:41:32,109] {dag.py:2420} INFO - Sync 1 DAGs
[2022-12-20 13:41:32,402] {logging_mixin.py:115} INFO - [2022-12-20 13:41:32,401] {dag.py:2972} INFO - Setting next_dagrun for example_complex to None, run_after=None
[2022-12-20 13:41:32,430] {processor.py:161} INFO - Processing /home/airflow/.local/lib/python3.7/site-packages/airflow/example_dags/example_complex.py took 0.410 seconds
[2022-12-20 13:42:03,241] {processor.py:153} INFO - Started process (PID=630) to work on /home/airflow/.local/lib/python3.7/site-packages/airflow/example_dags/example_complex.py
[2022-12-20 13:42:03,242] {processor.py:641} INFO - Processing file /home/airflow/.local/lib/python3.7/site-packages/airflow/example_dags/example_complex.py for tasks to queue
[2022-12-20 13:42:03,242] {logging_mixin.py:115} INFO - [2022-12-20 13:42:03,242] {dagbag.py:508} INFO - Filling up the DagBag from /home/airflow/.local/lib/python3.7/site-packages/airflow/example_dags/example_complex.py
[2022-12-20 13:42:03,265] {processor.py:651} INFO - DAG(s) dict_keys(['example_complex']) retrieved from /home/airflow/.local/lib/python3.7/site-packages/airflow/example_dags/example_complex.py
[2022-12-20 13:42:03,322] {logging_mixin.py:115} INFO - [2022-12-20 13:42:03,322] {dag.py:2420} INFO - Sync 1 DAGs
[2022-12-20 13:42:03,615] {logging_mixin.py:115} INFO - [2022-12-20 13:42:03,615] {dag.py:2972} INFO - Setting next_dagrun for example_complex to None, run_after=None
[2022-12-20 13:42:03,647] {processor.py:161} INFO - Processing /home/airflow/.local/lib/python3.7/site-packages/airflow/example_dags/example_complex.py took 0.411 seconds
[2022-12-20 13:42:34,078] {processor.py:153} INFO - Started process (PID=685) to work on /home/airflow/.local/lib/python3.7/site-packages/airflow/example_dags/example_complex.py
[2022-12-20 13:42:34,079] {processor.py:641} INFO - Processing file /home/airflow/.local/lib/python3.7/site-packages/airflow/example_dags/example_complex.py for tasks to queue
[2022-12-20 13:42:34,079] {logging_mixin.py:115} INFO - [2022-12-20 13:42:34,079] {dagbag.py:508} INFO - Filling up the DagBag from /home/airflow/.local/lib/python3.7/site-packages/airflow/example_dags/example_complex.py
[2022-12-20 13:42:34,099] {processor.py:651} INFO - DAG(s) dict_keys(['example_complex']) retrieved from /home/airflow/.local/lib/python3.7/site-packages/airflow/example_dags/example_complex.py
[2022-12-20 13:42:34,149] {logging_mixin.py:115} INFO - [2022-12-20 13:42:34,149] {dag.py:2420} INFO - Sync 1 DAGs
[2022-12-20 13:42:34,391] {logging_mixin.py:115} INFO - [2022-12-20 13:42:34,391] {dag.py:2972} INFO - Setting next_dagrun for example_complex to None, run_after=None
[2022-12-20 13:42:34,419] {processor.py:161} INFO - Processing /home/airflow/.local/lib/python3.7/site-packages/airflow/example_dags/example_complex.py took 0.345 seconds
[2022-12-20 13:43:04,963] {processor.py:153} INFO - Started process (PID=748) to work on /home/airflow/.local/lib/python3.7/site-packages/airflow/example_dags/example_complex.py
[2022-12-20 13:43:04,964] {processor.py:641} INFO - Processing file /home/airflow/.local/lib/python3.7/site-packages/airflow/example_dags/example_complex.py for tasks to queue
[2022-12-20 13:43:04,965] {logging_mixin.py:115} INFO - [2022-12-20 13:43:04,965] {dagbag.py:508} INFO - Filling up the DagBag from /home/airflow/.local/lib/python3.7/site-packages/airflow/example_dags/example_complex.py
[2022-12-20 13:43:04,985] {processor.py:651} INFO - DAG(s) dict_keys(['example_complex']) retrieved from /home/airflow/.local/lib/python3.7/site-packages/airflow/example_dags/example_complex.py
[2022-12-20 13:43:05,038] {logging_mixin.py:115} INFO - [2022-12-20 13:43:05,037] {dag.py:2420} INFO - Sync 1 DAGs
[2022-12-20 13:43:05,275] {logging_mixin.py:115} INFO - [2022-12-20 13:43:05,275] {dag.py:2972} INFO - Setting next_dagrun for example_complex to None, run_after=None
[2022-12-20 13:43:05,299] {processor.py:161} INFO - Processing /home/airflow/.local/lib/python3.7/site-packages/airflow/example_dags/example_complex.py took 0.339 seconds
[2022-12-20 13:43:35,599] {processor.py:153} INFO - Started process (PID=802) to work on /home/airflow/.local/lib/python3.7/site-packages/airflow/example_dags/example_complex.py
[2022-12-20 13:43:35,600] {processor.py:641} INFO - Processing file /home/airflow/.local/lib/python3.7/site-packages/airflow/example_dags/example_complex.py for tasks to queue
[2022-12-20 13:43:35,601] {logging_mixin.py:115} INFO - [2022-12-20 13:43:35,601] {dagbag.py:508} INFO - Filling up the DagBag from /home/airflow/.local/lib/python3.7/site-packages/airflow/example_dags/example_complex.py
[2022-12-20 13:43:35,625] {processor.py:651} INFO - DAG(s) dict_keys(['example_complex']) retrieved from /home/airflow/.local/lib/python3.7/site-packages/airflow/example_dags/example_complex.py
[2022-12-20 13:43:35,682] {logging_mixin.py:115} INFO - [2022-12-20 13:43:35,682] {dag.py:2420} INFO - Sync 1 DAGs
[2022-12-20 13:43:35,965] {logging_mixin.py:115} INFO - [2022-12-20 13:43:35,965] {dag.py:2972} INFO - Setting next_dagrun for example_complex to None, run_after=None
[2022-12-20 13:43:35,993] {processor.py:161} INFO - Processing /home/airflow/.local/lib/python3.7/site-packages/airflow/example_dags/example_complex.py took 0.400 seconds
[2022-12-20 13:44:06,414] {processor.py:153} INFO - Started process (PID=866) to work on /home/airflow/.local/lib/python3.7/site-packages/airflow/example_dags/example_complex.py
[2022-12-20 13:44:06,416] {processor.py:641} INFO - Processing file /home/airflow/.local/lib/python3.7/site-packages/airflow/example_dags/example_complex.py for tasks to queue
[2022-12-20 13:44:06,417] {logging_mixin.py:115} INFO - [2022-12-20 13:44:06,417] {dagbag.py:508} INFO - Filling up the DagBag from /home/airflow/.local/lib/python3.7/site-packages/airflow/example_dags/example_complex.py
[2022-12-20 13:44:06,451] {processor.py:651} INFO - DAG(s) dict_keys(['example_complex']) retrieved from /home/airflow/.local/lib/python3.7/site-packages/airflow/example_dags/example_complex.py
[2022-12-20 13:44:06,510] {logging_mixin.py:115} INFO - [2022-12-20 13:44:06,510] {dag.py:2420} INFO - Sync 1 DAGs
[2022-12-20 13:44:06,780] {logging_mixin.py:115} INFO - [2022-12-20 13:44:06,780] {dag.py:2972} INFO - Setting next_dagrun for example_complex to None, run_after=None
[2022-12-20 13:44:06,806] {processor.py:161} INFO - Processing /home/airflow/.local/lib/python3.7/site-packages/airflow/example_dags/example_complex.py took 0.399 seconds
[2022-12-20 13:44:37,356] {processor.py:153} INFO - Started process (PID=921) to work on /home/airflow/.local/lib/python3.7/site-packages/airflow/example_dags/example_complex.py
[2022-12-20 13:44:37,357] {processor.py:641} INFO - Processing file /home/airflow/.local/lib/python3.7/site-packages/airflow/example_dags/example_complex.py for tasks to queue
[2022-12-20 13:44:37,358] {logging_mixin.py:115} INFO - [2022-12-20 13:44:37,358] {dagbag.py:508} INFO - Filling up the DagBag from /home/airflow/.local/lib/python3.7/site-packages/airflow/example_dags/example_complex.py
[2022-12-20 13:44:37,378] {processor.py:651} INFO - DAG(s) dict_keys(['example_complex']) retrieved from /home/airflow/.local/lib/python3.7/site-packages/airflow/example_dags/example_complex.py
[2022-12-20 13:44:37,431] {logging_mixin.py:115} INFO - [2022-12-20 13:44:37,431] {dag.py:2420} INFO - Sync 1 DAGs
[2022-12-20 13:44:37,681] {logging_mixin.py:115} INFO - [2022-12-20 13:44:37,680] {dag.py:2972} INFO - Setting next_dagrun for example_complex to None, run_after=None
[2022-12-20 13:44:37,707] {processor.py:161} INFO - Processing /home/airflow/.local/lib/python3.7/site-packages/airflow/example_dags/example_complex.py took 0.355 seconds
[2022-12-20 13:45:08,380] {processor.py:153} INFO - Started process (PID=982) to work on /home/airflow/.local/lib/python3.7/site-packages/airflow/example_dags/example_complex.py
[2022-12-20 13:45:08,381] {processor.py:641} INFO - Processing file /home/airflow/.local/lib/python3.7/site-packages/airflow/example_dags/example_complex.py for tasks to queue
[2022-12-20 13:45:08,382] {logging_mixin.py:115} INFO - [2022-12-20 13:45:08,382] {dagbag.py:508} INFO - Filling up the DagBag from /home/airflow/.local/lib/python3.7/site-packages/airflow/example_dags/example_complex.py
[2022-12-20 13:45:08,403] {processor.py:651} INFO - DAG(s) dict_keys(['example_complex']) retrieved from /home/airflow/.local/lib/python3.7/site-packages/airflow/example_dags/example_complex.py
[2022-12-20 13:45:08,484] {logging_mixin.py:115} INFO - [2022-12-20 13:45:08,483] {dag.py:2420} INFO - Sync 1 DAGs
[2022-12-20 13:45:08,838] {logging_mixin.py:115} INFO - [2022-12-20 13:45:08,838] {dag.py:2972} INFO - Setting next_dagrun for example_complex to None, run_after=None
[2022-12-20 13:45:08,865] {processor.py:161} INFO - Processing /home/airflow/.local/lib/python3.7/site-packages/airflow/example_dags/example_complex.py took 0.490 seconds
[2022-12-20 13:45:40,104] {processor.py:153} INFO - Started process (PID=1038) to work on /home/airflow/.local/lib/python3.7/site-packages/airflow/example_dags/example_complex.py
[2022-12-20 13:45:40,105] {processor.py:641} INFO - Processing file /home/airflow/.local/lib/python3.7/site-packages/airflow/example_dags/example_complex.py for tasks to queue
[2022-12-20 13:45:40,105] {logging_mixin.py:115} INFO - [2022-12-20 13:45:40,105] {dagbag.py:508} INFO - Filling up the DagBag from /home/airflow/.local/lib/python3.7/site-packages/airflow/example_dags/example_complex.py
[2022-12-20 13:45:40,126] {processor.py:651} INFO - DAG(s) dict_keys(['example_complex']) retrieved from /home/airflow/.local/lib/python3.7/site-packages/airflow/example_dags/example_complex.py
[2022-12-20 13:45:40,182] {logging_mixin.py:115} INFO - [2022-12-20 13:45:40,182] {dag.py:2420} INFO - Sync 1 DAGs
[2022-12-20 13:45:40,429] {logging_mixin.py:115} INFO - [2022-12-20 13:45:40,429] {dag.py:2972} INFO - Setting next_dagrun for example_complex to None, run_after=None
[2022-12-20 13:45:40,456] {processor.py:161} INFO - Processing /home/airflow/.local/lib/python3.7/site-packages/airflow/example_dags/example_complex.py took 0.356 seconds
[2022-12-20 13:46:10,621] {processor.py:153} INFO - Started process (PID=1091) to work on /home/airflow/.local/lib/python3.7/site-packages/airflow/example_dags/example_complex.py
[2022-12-20 13:46:10,622] {processor.py:641} INFO - Processing file /home/airflow/.local/lib/python3.7/site-packages/airflow/example_dags/example_complex.py for tasks to queue
[2022-12-20 13:46:10,622] {logging_mixin.py:115} INFO - [2022-12-20 13:46:10,622] {dagbag.py:508} INFO - Filling up the DagBag from /home/airflow/.local/lib/python3.7/site-packages/airflow/example_dags/example_complex.py
[2022-12-20 13:46:10,645] {processor.py:651} INFO - DAG(s) dict_keys(['example_complex']) retrieved from /home/airflow/.local/lib/python3.7/site-packages/airflow/example_dags/example_complex.py
[2022-12-20 13:46:10,697] {logging_mixin.py:115} INFO - [2022-12-20 13:46:10,697] {dag.py:2420} INFO - Sync 1 DAGs
[2022-12-20 13:46:10,925] {logging_mixin.py:115} INFO - [2022-12-20 13:46:10,925] {dag.py:2972} INFO - Setting next_dagrun for example_complex to None, run_after=None
[2022-12-20 13:46:10,948] {processor.py:161} INFO - Processing /home/airflow/.local/lib/python3.7/site-packages/airflow/example_dags/example_complex.py took 0.333 seconds
[2022-12-20 13:46:42,215] {processor.py:153} INFO - Started process (PID=1154) to work on /home/airflow/.local/lib/python3.7/site-packages/airflow/example_dags/example_complex.py
[2022-12-20 13:46:42,216] {processor.py:641} INFO - Processing file /home/airflow/.local/lib/python3.7/site-packages/airflow/example_dags/example_complex.py for tasks to queue
[2022-12-20 13:46:42,217] {logging_mixin.py:115} INFO - [2022-12-20 13:46:42,216] {dagbag.py:508} INFO - Filling up the DagBag from /home/airflow/.local/lib/python3.7/site-packages/airflow/example_dags/example_complex.py
[2022-12-20 13:46:42,237] {processor.py:651} INFO - DAG(s) dict_keys(['example_complex']) retrieved from /home/airflow/.local/lib/python3.7/site-packages/airflow/example_dags/example_complex.py
[2022-12-20 13:46:42,305] {logging_mixin.py:115} INFO - [2022-12-20 13:46:42,305] {dag.py:2420} INFO - Sync 1 DAGs
[2022-12-20 13:46:42,540] {logging_mixin.py:115} INFO - [2022-12-20 13:46:42,539] {dag.py:2972} INFO - Setting next_dagrun for example_complex to None, run_after=None
[2022-12-20 13:46:42,562] {processor.py:161} INFO - Processing /home/airflow/.local/lib/python3.7/site-packages/airflow/example_dags/example_complex.py took 0.352 seconds
[2022-12-20 13:47:12,963] {processor.py:153} INFO - Started process (PID=1209) to work on /home/airflow/.local/lib/python3.7/site-packages/airflow/example_dags/example_complex.py
[2022-12-20 13:47:12,964] {processor.py:641} INFO - Processing file /home/airflow/.local/lib/python3.7/site-packages/airflow/example_dags/example_complex.py for tasks to queue
[2022-12-20 13:47:12,965] {logging_mixin.py:115} INFO - [2022-12-20 13:47:12,965] {dagbag.py:508} INFO - Filling up the DagBag from /home/airflow/.local/lib/python3.7/site-packages/airflow/example_dags/example_complex.py
[2022-12-20 13:47:13,001] {processor.py:651} INFO - DAG(s) dict_keys(['example_complex']) retrieved from /home/airflow/.local/lib/python3.7/site-packages/airflow/example_dags/example_complex.py
[2022-12-20 13:47:13,254] {logging_mixin.py:115} INFO - [2022-12-20 13:47:13,254] {dag.py:2420} INFO - Sync 1 DAGs
[2022-12-20 13:47:13,291] {logging_mixin.py:115} INFO - [2022-12-20 13:47:13,291] {dag.py:2972} INFO - Setting next_dagrun for example_complex to None, run_after=None
[2022-12-20 13:47:13,316] {processor.py:161} INFO - Processing /home/airflow/.local/lib/python3.7/site-packages/airflow/example_dags/example_complex.py took 0.360 seconds
[2022-12-20 13:47:43,843] {processor.py:153} INFO - Started process (PID=1273) to work on /home/airflow/.local/lib/python3.7/site-packages/airflow/example_dags/example_complex.py
[2022-12-20 13:47:43,845] {processor.py:641} INFO - Processing file /home/airflow/.local/lib/python3.7/site-packages/airflow/example_dags/example_complex.py for tasks to queue
[2022-12-20 13:47:43,846] {logging_mixin.py:115} INFO - [2022-12-20 13:47:43,846] {dagbag.py:508} INFO - Filling up the DagBag from /home/airflow/.local/lib/python3.7/site-packages/airflow/example_dags/example_complex.py
[2022-12-20 13:47:43,881] {processor.py:651} INFO - DAG(s) dict_keys(['example_complex']) retrieved from /home/airflow/.local/lib/python3.7/site-packages/airflow/example_dags/example_complex.py
[2022-12-20 13:47:44,170] {logging_mixin.py:115} INFO - [2022-12-20 13:47:44,170] {dag.py:2420} INFO - Sync 1 DAGs
[2022-12-20 13:47:44,211] {logging_mixin.py:115} INFO - [2022-12-20 13:47:44,211] {dag.py:2972} INFO - Setting next_dagrun for example_complex to None, run_after=None
[2022-12-20 13:47:44,240] {processor.py:161} INFO - Processing /home/airflow/.local/lib/python3.7/site-packages/airflow/example_dags/example_complex.py took 0.402 seconds
[2022-12-20 13:48:14,477] {processor.py:153} INFO - Started process (PID=1328) to work on /home/airflow/.local/lib/python3.7/site-packages/airflow/example_dags/example_complex.py
[2022-12-20 13:48:14,478] {processor.py:641} INFO - Processing file /home/airflow/.local/lib/python3.7/site-packages/airflow/example_dags/example_complex.py for tasks to queue
[2022-12-20 13:48:14,479] {logging_mixin.py:115} INFO - [2022-12-20 13:48:14,479] {dagbag.py:508} INFO - Filling up the DagBag from /home/airflow/.local/lib/python3.7/site-packages/airflow/example_dags/example_complex.py
[2022-12-20 13:48:14,515] {processor.py:651} INFO - DAG(s) dict_keys(['example_complex']) retrieved from /home/airflow/.local/lib/python3.7/site-packages/airflow/example_dags/example_complex.py
[2022-12-20 13:48:14,767] {logging_mixin.py:115} INFO - [2022-12-20 13:48:14,767] {dag.py:2420} INFO - Sync 1 DAGs
[2022-12-20 13:48:14,807] {logging_mixin.py:115} INFO - [2022-12-20 13:48:14,807] {dag.py:2972} INFO - Setting next_dagrun for example_complex to None, run_after=None
[2022-12-20 13:48:14,833] {processor.py:161} INFO - Processing /home/airflow/.local/lib/python3.7/site-packages/airflow/example_dags/example_complex.py took 0.363 seconds
[2022-12-20 13:48:45,291] {processor.py:153} INFO - Started process (PID=1382) to work on /home/airflow/.local/lib/python3.7/site-packages/airflow/example_dags/example_complex.py
[2022-12-20 13:48:45,292] {processor.py:641} INFO - Processing file /home/airflow/.local/lib/python3.7/site-packages/airflow/example_dags/example_complex.py for tasks to queue
[2022-12-20 13:48:45,294] {logging_mixin.py:115} INFO - [2022-12-20 13:48:45,293] {dagbag.py:508} INFO - Filling up the DagBag from /home/airflow/.local/lib/python3.7/site-packages/airflow/example_dags/example_complex.py
[2022-12-20 13:48:45,318] {processor.py:651} INFO - DAG(s) dict_keys(['example_complex']) retrieved from /home/airflow/.local/lib/python3.7/site-packages/airflow/example_dags/example_complex.py
[2022-12-20 13:48:45,576] {logging_mixin.py:115} INFO - [2022-12-20 13:48:45,575] {dag.py:2420} INFO - Sync 1 DAGs
[2022-12-20 13:48:45,615] {logging_mixin.py:115} INFO - [2022-12-20 13:48:45,615] {dag.py:2972} INFO - Setting next_dagrun for example_complex to None, run_after=None
[2022-12-20 13:48:45,640] {processor.py:161} INFO - Processing /home/airflow/.local/lib/python3.7/site-packages/airflow/example_dags/example_complex.py took 0.357 seconds
[2022-12-20 13:49:16,038] {processor.py:153} INFO - Started process (PID=1444) to work on /home/airflow/.local/lib/python3.7/site-packages/airflow/example_dags/example_complex.py
[2022-12-20 13:49:16,039] {processor.py:641} INFO - Processing file /home/airflow/.local/lib/python3.7/site-packages/airflow/example_dags/example_complex.py for tasks to queue
[2022-12-20 13:49:16,040] {logging_mixin.py:115} INFO - [2022-12-20 13:49:16,040] {dagbag.py:508} INFO - Filling up the DagBag from /home/airflow/.local/lib/python3.7/site-packages/airflow/example_dags/example_complex.py
[2022-12-20 13:49:16,068] {processor.py:651} INFO - DAG(s) dict_keys(['example_complex']) retrieved from /home/airflow/.local/lib/python3.7/site-packages/airflow/example_dags/example_complex.py
[2022-12-20 13:49:16,394] {logging_mixin.py:115} INFO - [2022-12-20 13:49:16,394] {dag.py:2420} INFO - Sync 1 DAGs
[2022-12-20 13:49:16,441] {logging_mixin.py:115} INFO - [2022-12-20 13:49:16,441] {dag.py:2972} INFO - Setting next_dagrun for example_complex to None, run_after=None
[2022-12-20 13:49:16,465] {processor.py:161} INFO - Processing /home/airflow/.local/lib/python3.7/site-packages/airflow/example_dags/example_complex.py took 0.432 seconds
[2022-12-20 13:49:46,605] {processor.py:153} INFO - Started process (PID=1499) to work on /home/airflow/.local/lib/python3.7/site-packages/airflow/example_dags/example_complex.py
[2022-12-20 13:49:46,606] {processor.py:641} INFO - Processing file /home/airflow/.local/lib/python3.7/site-packages/airflow/example_dags/example_complex.py for tasks to queue
[2022-12-20 13:49:46,607] {logging_mixin.py:115} INFO - [2022-12-20 13:49:46,607] {dagbag.py:508} INFO - Filling up the DagBag from /home/airflow/.local/lib/python3.7/site-packages/airflow/example_dags/example_complex.py
[2022-12-20 13:49:46,644] {processor.py:651} INFO - DAG(s) dict_keys(['example_complex']) retrieved from /home/airflow/.local/lib/python3.7/site-packages/airflow/example_dags/example_complex.py
[2022-12-20 13:49:46,915] {logging_mixin.py:115} INFO - [2022-12-20 13:49:46,915] {dag.py:2420} INFO - Sync 1 DAGs
[2022-12-20 13:49:46,954] {logging_mixin.py:115} INFO - [2022-12-20 13:49:46,954] {dag.py:2972} INFO - Setting next_dagrun for example_complex to None, run_after=None
[2022-12-20 13:49:46,977] {processor.py:161} INFO - Processing /home/airflow/.local/lib/python3.7/site-packages/airflow/example_dags/example_complex.py took 0.378 seconds
[2022-12-20 13:50:18,101] {processor.py:153} INFO - Started process (PID=1562) to work on /home/airflow/.local/lib/python3.7/site-packages/airflow/example_dags/example_complex.py
[2022-12-20 13:50:18,102] {processor.py:641} INFO - Processing file /home/airflow/.local/lib/python3.7/site-packages/airflow/example_dags/example_complex.py for tasks to queue
[2022-12-20 13:50:18,103] {logging_mixin.py:115} INFO - [2022-12-20 13:50:18,103] {dagbag.py:508} INFO - Filling up the DagBag from /home/airflow/.local/lib/python3.7/site-packages/airflow/example_dags/example_complex.py
[2022-12-20 13:50:18,128] {processor.py:651} INFO - DAG(s) dict_keys(['example_complex']) retrieved from /home/airflow/.local/lib/python3.7/site-packages/airflow/example_dags/example_complex.py
[2022-12-20 13:50:18,448] {logging_mixin.py:115} INFO - [2022-12-20 13:50:18,447] {dag.py:2420} INFO - Sync 1 DAGs
[2022-12-20 13:50:18,500] {logging_mixin.py:115} INFO - [2022-12-20 13:50:18,500] {dag.py:2972} INFO - Setting next_dagrun for example_complex to None, run_after=None
[2022-12-20 13:50:18,533] {processor.py:161} INFO - Processing /home/airflow/.local/lib/python3.7/site-packages/airflow/example_dags/example_complex.py took 0.437 seconds
[2022-12-20 13:50:49,011] {processor.py:153} INFO - Started process (PID=1616) to work on /home/airflow/.local/lib/python3.7/site-packages/airflow/example_dags/example_complex.py
[2022-12-20 13:50:49,012] {processor.py:641} INFO - Processing file /home/airflow/.local/lib/python3.7/site-packages/airflow/example_dags/example_complex.py for tasks to queue
[2022-12-20 13:50:49,013] {logging_mixin.py:115} INFO - [2022-12-20 13:50:49,012] {dagbag.py:508} INFO - Filling up the DagBag from /home/airflow/.local/lib/python3.7/site-packages/airflow/example_dags/example_complex.py
[2022-12-20 13:50:49,034] {processor.py:651} INFO - DAG(s) dict_keys(['example_complex']) retrieved from /home/airflow/.local/lib/python3.7/site-packages/airflow/example_dags/example_complex.py
[2022-12-20 13:50:49,321] {logging_mixin.py:115} INFO - [2022-12-20 13:50:49,321] {dag.py:2420} INFO - Sync 1 DAGs
[2022-12-20 13:50:49,362] {logging_mixin.py:115} INFO - [2022-12-20 13:50:49,362] {dag.py:2972} INFO - Setting next_dagrun for example_complex to None, run_after=None
[2022-12-20 13:50:49,390] {processor.py:161} INFO - Processing /home/airflow/.local/lib/python3.7/site-packages/airflow/example_dags/example_complex.py took 0.383 seconds
[2022-12-20 13:51:20,127] {processor.py:153} INFO - Started process (PID=1676) to work on /home/airflow/.local/lib/python3.7/site-packages/airflow/example_dags/example_complex.py
[2022-12-20 13:51:20,128] {processor.py:641} INFO - Processing file /home/airflow/.local/lib/python3.7/site-packages/airflow/example_dags/example_complex.py for tasks to queue
[2022-12-20 13:51:20,130] {logging_mixin.py:115} INFO - [2022-12-20 13:51:20,130] {dagbag.py:508} INFO - Filling up the DagBag from /home/airflow/.local/lib/python3.7/site-packages/airflow/example_dags/example_complex.py
[2022-12-20 13:51:20,174] {processor.py:651} INFO - DAG(s) dict_keys(['example_complex']) retrieved from /home/airflow/.local/lib/python3.7/site-packages/airflow/example_dags/example_complex.py
[2022-12-20 13:51:20,609] {logging_mixin.py:115} INFO - [2022-12-20 13:51:20,608] {dag.py:2420} INFO - Sync 1 DAGs
[2022-12-20 13:51:20,655] {logging_mixin.py:115} INFO - [2022-12-20 13:51:20,654] {dag.py:2972} INFO - Setting next_dagrun for example_complex to None, run_after=None
[2022-12-20 13:51:20,682] {processor.py:161} INFO - Processing /home/airflow/.local/lib/python3.7/site-packages/airflow/example_dags/example_complex.py took 0.562 seconds
