[2022-12-20 10:30:34,923] {processor.py:153} INFO - Started process (PID=55) to work on /home/airflow/.local/lib/python3.7/site-packages/airflow/example_dags/example_trigger_target_dag.py
[2022-12-20 10:30:34,924] {processor.py:641} INFO - Processing file /home/airflow/.local/lib/python3.7/site-packages/airflow/example_dags/example_trigger_target_dag.py for tasks to queue
[2022-12-20 10:30:34,924] {logging_mixin.py:115} INFO - [2022-12-20 10:30:34,924] {dagbag.py:508} INFO - Filling up the DagBag from /home/airflow/.local/lib/python3.7/site-packages/airflow/example_dags/example_trigger_target_dag.py
[2022-12-20 10:30:34,944] {processor.py:651} INFO - DAG(s) dict_keys(['example_trigger_target_dag']) retrieved from /home/airflow/.local/lib/python3.7/site-packages/airflow/example_dags/example_trigger_target_dag.py
[2022-12-20 10:30:35,139] {logging_mixin.py:115} INFO - [2022-12-20 10:30:35,139] {dag.py:2420} INFO - Sync 1 DAGs
[2022-12-20 10:30:35,172] {logging_mixin.py:115} INFO - [2022-12-20 10:30:35,172] {dag.py:2972} INFO - Setting next_dagrun for example_trigger_target_dag to None, run_after=None
[2022-12-20 10:30:35,191] {processor.py:161} INFO - Processing /home/airflow/.local/lib/python3.7/site-packages/airflow/example_dags/example_trigger_target_dag.py took 0.272 seconds
[2022-12-20 13:30:55,346] {processor.py:153} INFO - Started process (PID=110) to work on /home/airflow/.local/lib/python3.7/site-packages/airflow/example_dags/example_trigger_target_dag.py
[2022-12-20 13:30:55,351] {processor.py:641} INFO - Processing file /home/airflow/.local/lib/python3.7/site-packages/airflow/example_dags/example_trigger_target_dag.py for tasks to queue
[2022-12-20 13:30:55,353] {logging_mixin.py:115} INFO - [2022-12-20 13:30:55,352] {dagbag.py:508} INFO - Filling up the DagBag from /home/airflow/.local/lib/python3.7/site-packages/airflow/example_dags/example_trigger_target_dag.py
[2022-12-20 13:30:55,432] {processor.py:651} INFO - DAG(s) dict_keys(['example_trigger_target_dag']) retrieved from /home/airflow/.local/lib/python3.7/site-packages/airflow/example_dags/example_trigger_target_dag.py
[2022-12-20 13:30:55,994] {logging_mixin.py:115} INFO - [2022-12-20 13:30:55,994] {dag.py:2420} INFO - Sync 1 DAGs
[2022-12-20 13:30:56,043] {logging_mixin.py:115} INFO - [2022-12-20 13:30:56,042] {dag.py:2972} INFO - Setting next_dagrun for example_trigger_target_dag to None, run_after=None
[2022-12-20 13:30:56,099] {processor.py:161} INFO - Processing /home/airflow/.local/lib/python3.7/site-packages/airflow/example_dags/example_trigger_target_dag.py took 0.782 seconds
[2022-12-20 13:31:26,536] {processor.py:153} INFO - Started process (PID=165) to work on /home/airflow/.local/lib/python3.7/site-packages/airflow/example_dags/example_trigger_target_dag.py
[2022-12-20 13:31:26,537] {processor.py:641} INFO - Processing file /home/airflow/.local/lib/python3.7/site-packages/airflow/example_dags/example_trigger_target_dag.py for tasks to queue
[2022-12-20 13:31:26,538] {logging_mixin.py:115} INFO - [2022-12-20 13:31:26,538] {dagbag.py:508} INFO - Filling up the DagBag from /home/airflow/.local/lib/python3.7/site-packages/airflow/example_dags/example_trigger_target_dag.py
[2022-12-20 13:31:26,578] {processor.py:651} INFO - DAG(s) dict_keys(['example_trigger_target_dag']) retrieved from /home/airflow/.local/lib/python3.7/site-packages/airflow/example_dags/example_trigger_target_dag.py
[2022-12-20 13:31:26,827] {logging_mixin.py:115} INFO - [2022-12-20 13:31:26,826] {dag.py:2420} INFO - Sync 1 DAGs
[2022-12-20 13:31:26,863] {logging_mixin.py:115} INFO - [2022-12-20 13:31:26,863] {dag.py:2972} INFO - Setting next_dagrun for example_trigger_target_dag to None, run_after=None
[2022-12-20 13:31:26,888] {processor.py:161} INFO - Processing /home/airflow/.local/lib/python3.7/site-packages/airflow/example_dags/example_trigger_target_dag.py took 0.358 seconds
[2022-12-20 13:31:57,344] {processor.py:153} INFO - Started process (PID=218) to work on /home/airflow/.local/lib/python3.7/site-packages/airflow/example_dags/example_trigger_target_dag.py
[2022-12-20 13:31:57,345] {processor.py:641} INFO - Processing file /home/airflow/.local/lib/python3.7/site-packages/airflow/example_dags/example_trigger_target_dag.py for tasks to queue
[2022-12-20 13:31:57,346] {logging_mixin.py:115} INFO - [2022-12-20 13:31:57,346] {dagbag.py:508} INFO - Filling up the DagBag from /home/airflow/.local/lib/python3.7/site-packages/airflow/example_dags/example_trigger_target_dag.py
[2022-12-20 13:31:57,379] {processor.py:651} INFO - DAG(s) dict_keys(['example_trigger_target_dag']) retrieved from /home/airflow/.local/lib/python3.7/site-packages/airflow/example_dags/example_trigger_target_dag.py
[2022-12-20 13:31:57,625] {logging_mixin.py:115} INFO - [2022-12-20 13:31:57,625] {dag.py:2420} INFO - Sync 1 DAGs
[2022-12-20 13:31:57,661] {logging_mixin.py:115} INFO - [2022-12-20 13:31:57,661] {dag.py:2972} INFO - Setting next_dagrun for example_trigger_target_dag to None, run_after=None
[2022-12-20 13:31:57,686] {processor.py:161} INFO - Processing /home/airflow/.local/lib/python3.7/site-packages/airflow/example_dags/example_trigger_target_dag.py took 0.348 seconds
[2022-12-20 13:32:27,928] {processor.py:153} INFO - Started process (PID=282) to work on /home/airflow/.local/lib/python3.7/site-packages/airflow/example_dags/example_trigger_target_dag.py
[2022-12-20 13:32:27,929] {processor.py:641} INFO - Processing file /home/airflow/.local/lib/python3.7/site-packages/airflow/example_dags/example_trigger_target_dag.py for tasks to queue
[2022-12-20 13:32:27,930] {logging_mixin.py:115} INFO - [2022-12-20 13:32:27,930] {dagbag.py:508} INFO - Filling up the DagBag from /home/airflow/.local/lib/python3.7/site-packages/airflow/example_dags/example_trigger_target_dag.py
[2022-12-20 13:32:27,972] {processor.py:651} INFO - DAG(s) dict_keys(['example_trigger_target_dag']) retrieved from /home/airflow/.local/lib/python3.7/site-packages/airflow/example_dags/example_trigger_target_dag.py
[2022-12-20 13:32:28,249] {logging_mixin.py:115} INFO - [2022-12-20 13:32:28,249] {dag.py:2420} INFO - Sync 1 DAGs
[2022-12-20 13:32:28,285] {logging_mixin.py:115} INFO - [2022-12-20 13:32:28,284] {dag.py:2972} INFO - Setting next_dagrun for example_trigger_target_dag to None, run_after=None
[2022-12-20 13:32:28,309] {processor.py:161} INFO - Processing /home/airflow/.local/lib/python3.7/site-packages/airflow/example_dags/example_trigger_target_dag.py took 0.388 seconds
[2022-12-20 13:32:58,550] {processor.py:153} INFO - Started process (PID=336) to work on /home/airflow/.local/lib/python3.7/site-packages/airflow/example_dags/example_trigger_target_dag.py
[2022-12-20 13:32:58,551] {processor.py:641} INFO - Processing file /home/airflow/.local/lib/python3.7/site-packages/airflow/example_dags/example_trigger_target_dag.py for tasks to queue
[2022-12-20 13:32:58,552] {logging_mixin.py:115} INFO - [2022-12-20 13:32:58,552] {dagbag.py:508} INFO - Filling up the DagBag from /home/airflow/.local/lib/python3.7/site-packages/airflow/example_dags/example_trigger_target_dag.py
[2022-12-20 13:32:58,578] {processor.py:651} INFO - DAG(s) dict_keys(['example_trigger_target_dag']) retrieved from /home/airflow/.local/lib/python3.7/site-packages/airflow/example_dags/example_trigger_target_dag.py
[2022-12-20 13:32:58,827] {logging_mixin.py:115} INFO - [2022-12-20 13:32:58,827] {dag.py:2420} INFO - Sync 1 DAGs
[2022-12-20 13:32:58,863] {logging_mixin.py:115} INFO - [2022-12-20 13:32:58,863] {dag.py:2972} INFO - Setting next_dagrun for example_trigger_target_dag to None, run_after=None
[2022-12-20 13:32:58,887] {processor.py:161} INFO - Processing /home/airflow/.local/lib/python3.7/site-packages/airflow/example_dags/example_trigger_target_dag.py took 0.341 seconds
[2022-12-20 13:33:29,031] {processor.py:153} INFO - Started process (PID=396) to work on /home/airflow/.local/lib/python3.7/site-packages/airflow/example_dags/example_trigger_target_dag.py
[2022-12-20 13:33:29,032] {processor.py:641} INFO - Processing file /home/airflow/.local/lib/python3.7/site-packages/airflow/example_dags/example_trigger_target_dag.py for tasks to queue
[2022-12-20 13:33:29,033] {logging_mixin.py:115} INFO - [2022-12-20 13:33:29,033] {dagbag.py:508} INFO - Filling up the DagBag from /home/airflow/.local/lib/python3.7/site-packages/airflow/example_dags/example_trigger_target_dag.py
[2022-12-20 13:33:29,091] {processor.py:651} INFO - DAG(s) dict_keys(['example_trigger_target_dag']) retrieved from /home/airflow/.local/lib/python3.7/site-packages/airflow/example_dags/example_trigger_target_dag.py
[2022-12-20 13:33:29,416] {logging_mixin.py:115} INFO - [2022-12-20 13:33:29,416] {dag.py:2420} INFO - Sync 1 DAGs
[2022-12-20 13:33:29,458] {logging_mixin.py:115} INFO - [2022-12-20 13:33:29,457] {dag.py:2972} INFO - Setting next_dagrun for example_trigger_target_dag to None, run_after=None
[2022-12-20 13:33:29,484] {processor.py:161} INFO - Processing /home/airflow/.local/lib/python3.7/site-packages/airflow/example_dags/example_trigger_target_dag.py took 0.458 seconds
[2022-12-20 13:33:59,933] {processor.py:153} INFO - Started process (PID=453) to work on /home/airflow/.local/lib/python3.7/site-packages/airflow/example_dags/example_trigger_target_dag.py
[2022-12-20 13:33:59,934] {processor.py:641} INFO - Processing file /home/airflow/.local/lib/python3.7/site-packages/airflow/example_dags/example_trigger_target_dag.py for tasks to queue
[2022-12-20 13:33:59,935] {logging_mixin.py:115} INFO - [2022-12-20 13:33:59,935] {dagbag.py:508} INFO - Filling up the DagBag from /home/airflow/.local/lib/python3.7/site-packages/airflow/example_dags/example_trigger_target_dag.py
[2022-12-20 13:33:59,966] {processor.py:651} INFO - DAG(s) dict_keys(['example_trigger_target_dag']) retrieved from /home/airflow/.local/lib/python3.7/site-packages/airflow/example_dags/example_trigger_target_dag.py
[2022-12-20 13:34:00,221] {logging_mixin.py:115} INFO - [2022-12-20 13:34:00,221] {dag.py:2420} INFO - Sync 1 DAGs
[2022-12-20 13:34:00,258] {logging_mixin.py:115} INFO - [2022-12-20 13:34:00,258] {dag.py:2972} INFO - Setting next_dagrun for example_trigger_target_dag to None, run_after=None
[2022-12-20 13:34:00,283] {processor.py:161} INFO - Processing /home/airflow/.local/lib/python3.7/site-packages/airflow/example_dags/example_trigger_target_dag.py took 0.354 seconds
[2022-12-20 13:34:30,599] {processor.py:153} INFO - Started process (PID=507) to work on /home/airflow/.local/lib/python3.7/site-packages/airflow/example_dags/example_trigger_target_dag.py
[2022-12-20 13:34:30,600] {processor.py:641} INFO - Processing file /home/airflow/.local/lib/python3.7/site-packages/airflow/example_dags/example_trigger_target_dag.py for tasks to queue
[2022-12-20 13:34:30,601] {logging_mixin.py:115} INFO - [2022-12-20 13:34:30,601] {dagbag.py:508} INFO - Filling up the DagBag from /home/airflow/.local/lib/python3.7/site-packages/airflow/example_dags/example_trigger_target_dag.py
[2022-12-20 13:34:30,643] {processor.py:651} INFO - DAG(s) dict_keys(['example_trigger_target_dag']) retrieved from /home/airflow/.local/lib/python3.7/site-packages/airflow/example_dags/example_trigger_target_dag.py
[2022-12-20 13:34:30,907] {logging_mixin.py:115} INFO - [2022-12-20 13:34:30,907] {dag.py:2420} INFO - Sync 1 DAGs
[2022-12-20 13:34:30,947] {logging_mixin.py:115} INFO - [2022-12-20 13:34:30,947] {dag.py:2972} INFO - Setting next_dagrun for example_trigger_target_dag to None, run_after=None
[2022-12-20 13:34:30,969] {processor.py:161} INFO - Processing /home/airflow/.local/lib/python3.7/site-packages/airflow/example_dags/example_trigger_target_dag.py took 0.377 seconds
[2022-12-20 13:36:54,291] {processor.py:153} INFO - Started process (PID=55) to work on /home/airflow/.local/lib/python3.7/site-packages/airflow/example_dags/example_trigger_target_dag.py
[2022-12-20 13:36:54,292] {processor.py:641} INFO - Processing file /home/airflow/.local/lib/python3.7/site-packages/airflow/example_dags/example_trigger_target_dag.py for tasks to queue
[2022-12-20 13:36:54,293] {logging_mixin.py:115} INFO - [2022-12-20 13:36:54,293] {dagbag.py:508} INFO - Filling up the DagBag from /home/airflow/.local/lib/python3.7/site-packages/airflow/example_dags/example_trigger_target_dag.py
[2022-12-20 13:36:54,317] {processor.py:651} INFO - DAG(s) dict_keys(['example_trigger_target_dag']) retrieved from /home/airflow/.local/lib/python3.7/site-packages/airflow/example_dags/example_trigger_target_dag.py
[2022-12-20 13:36:54,520] {logging_mixin.py:115} INFO - [2022-12-20 13:36:54,520] {dag.py:2420} INFO - Sync 1 DAGs
[2022-12-20 13:36:54,559] {logging_mixin.py:115} INFO - [2022-12-20 13:36:54,559] {dag.py:2972} INFO - Setting next_dagrun for example_trigger_target_dag to None, run_after=None
[2022-12-20 13:36:54,577] {processor.py:161} INFO - Processing /home/airflow/.local/lib/python3.7/site-packages/airflow/example_dags/example_trigger_target_dag.py took 0.291 seconds
[2022-12-20 13:37:25,686] {processor.py:153} INFO - Started process (PID=109) to work on /home/airflow/.local/lib/python3.7/site-packages/airflow/example_dags/example_trigger_target_dag.py
[2022-12-20 13:37:25,687] {processor.py:641} INFO - Processing file /home/airflow/.local/lib/python3.7/site-packages/airflow/example_dags/example_trigger_target_dag.py for tasks to queue
[2022-12-20 13:37:25,688] {logging_mixin.py:115} INFO - [2022-12-20 13:37:25,688] {dagbag.py:508} INFO - Filling up the DagBag from /home/airflow/.local/lib/python3.7/site-packages/airflow/example_dags/example_trigger_target_dag.py
[2022-12-20 13:37:25,727] {processor.py:651} INFO - DAG(s) dict_keys(['example_trigger_target_dag']) retrieved from /home/airflow/.local/lib/python3.7/site-packages/airflow/example_dags/example_trigger_target_dag.py
[2022-12-20 13:37:25,960] {logging_mixin.py:115} INFO - [2022-12-20 13:37:25,960] {dag.py:2420} INFO - Sync 1 DAGs
[2022-12-20 13:37:26,000] {logging_mixin.py:115} INFO - [2022-12-20 13:37:26,000] {dag.py:2972} INFO - Setting next_dagrun for example_trigger_target_dag to None, run_after=None
[2022-12-20 13:37:26,026] {processor.py:161} INFO - Processing /home/airflow/.local/lib/python3.7/site-packages/airflow/example_dags/example_trigger_target_dag.py took 0.346 seconds
[2022-12-20 13:37:56,891] {processor.py:153} INFO - Started process (PID=172) to work on /home/airflow/.local/lib/python3.7/site-packages/airflow/example_dags/example_trigger_target_dag.py
[2022-12-20 13:37:56,892] {processor.py:641} INFO - Processing file /home/airflow/.local/lib/python3.7/site-packages/airflow/example_dags/example_trigger_target_dag.py for tasks to queue
[2022-12-20 13:37:56,893] {logging_mixin.py:115} INFO - [2022-12-20 13:37:56,893] {dagbag.py:508} INFO - Filling up the DagBag from /home/airflow/.local/lib/python3.7/site-packages/airflow/example_dags/example_trigger_target_dag.py
[2022-12-20 13:37:56,919] {processor.py:651} INFO - DAG(s) dict_keys(['example_trigger_target_dag']) retrieved from /home/airflow/.local/lib/python3.7/site-packages/airflow/example_dags/example_trigger_target_dag.py
[2022-12-20 13:37:57,156] {logging_mixin.py:115} INFO - [2022-12-20 13:37:57,156] {dag.py:2420} INFO - Sync 1 DAGs
[2022-12-20 13:37:57,194] {logging_mixin.py:115} INFO - [2022-12-20 13:37:57,194] {dag.py:2972} INFO - Setting next_dagrun for example_trigger_target_dag to None, run_after=None
[2022-12-20 13:37:57,220] {processor.py:161} INFO - Processing /home/airflow/.local/lib/python3.7/site-packages/airflow/example_dags/example_trigger_target_dag.py took 0.333 seconds
[2022-12-20 13:38:27,725] {processor.py:153} INFO - Started process (PID=226) to work on /home/airflow/.local/lib/python3.7/site-packages/airflow/example_dags/example_trigger_target_dag.py
[2022-12-20 13:38:27,726] {processor.py:641} INFO - Processing file /home/airflow/.local/lib/python3.7/site-packages/airflow/example_dags/example_trigger_target_dag.py for tasks to queue
[2022-12-20 13:38:27,727] {logging_mixin.py:115} INFO - [2022-12-20 13:38:27,727] {dagbag.py:508} INFO - Filling up the DagBag from /home/airflow/.local/lib/python3.7/site-packages/airflow/example_dags/example_trigger_target_dag.py
[2022-12-20 13:38:27,753] {processor.py:651} INFO - DAG(s) dict_keys(['example_trigger_target_dag']) retrieved from /home/airflow/.local/lib/python3.7/site-packages/airflow/example_dags/example_trigger_target_dag.py
[2022-12-20 13:38:28,025] {logging_mixin.py:115} INFO - [2022-12-20 13:38:28,025] {dag.py:2420} INFO - Sync 1 DAGs
[2022-12-20 13:38:28,066] {logging_mixin.py:115} INFO - [2022-12-20 13:38:28,066] {dag.py:2972} INFO - Setting next_dagrun for example_trigger_target_dag to None, run_after=None
[2022-12-20 13:38:28,094] {processor.py:161} INFO - Processing /home/airflow/.local/lib/python3.7/site-packages/airflow/example_dags/example_trigger_target_dag.py took 0.373 seconds
[2022-12-20 13:38:59,095] {processor.py:153} INFO - Started process (PID=290) to work on /home/airflow/.local/lib/python3.7/site-packages/airflow/example_dags/example_trigger_target_dag.py
[2022-12-20 13:38:59,095] {processor.py:641} INFO - Processing file /home/airflow/.local/lib/python3.7/site-packages/airflow/example_dags/example_trigger_target_dag.py for tasks to queue
[2022-12-20 13:38:59,096] {logging_mixin.py:115} INFO - [2022-12-20 13:38:59,096] {dagbag.py:508} INFO - Filling up the DagBag from /home/airflow/.local/lib/python3.7/site-packages/airflow/example_dags/example_trigger_target_dag.py
[2022-12-20 13:38:59,124] {processor.py:651} INFO - DAG(s) dict_keys(['example_trigger_target_dag']) retrieved from /home/airflow/.local/lib/python3.7/site-packages/airflow/example_dags/example_trigger_target_dag.py
[2022-12-20 13:38:59,378] {logging_mixin.py:115} INFO - [2022-12-20 13:38:59,378] {dag.py:2420} INFO - Sync 1 DAGs
[2022-12-20 13:38:59,430] {logging_mixin.py:115} INFO - [2022-12-20 13:38:59,429] {dag.py:2972} INFO - Setting next_dagrun for example_trigger_target_dag to None, run_after=None
[2022-12-20 13:38:59,463] {processor.py:161} INFO - Processing /home/airflow/.local/lib/python3.7/site-packages/airflow/example_dags/example_trigger_target_dag.py took 0.373 seconds
[2022-12-20 13:39:30,357] {processor.py:153} INFO - Started process (PID=344) to work on /home/airflow/.local/lib/python3.7/site-packages/airflow/example_dags/example_trigger_target_dag.py
[2022-12-20 13:39:30,358] {processor.py:641} INFO - Processing file /home/airflow/.local/lib/python3.7/site-packages/airflow/example_dags/example_trigger_target_dag.py for tasks to queue
[2022-12-20 13:39:30,360] {logging_mixin.py:115} INFO - [2022-12-20 13:39:30,359] {dagbag.py:508} INFO - Filling up the DagBag from /home/airflow/.local/lib/python3.7/site-packages/airflow/example_dags/example_trigger_target_dag.py
[2022-12-20 13:39:30,403] {processor.py:651} INFO - DAG(s) dict_keys(['example_trigger_target_dag']) retrieved from /home/airflow/.local/lib/python3.7/site-packages/airflow/example_dags/example_trigger_target_dag.py
[2022-12-20 13:39:30,674] {logging_mixin.py:115} INFO - [2022-12-20 13:39:30,674] {dag.py:2420} INFO - Sync 1 DAGs
[2022-12-20 13:39:30,726] {logging_mixin.py:115} INFO - [2022-12-20 13:39:30,726] {dag.py:2972} INFO - Setting next_dagrun for example_trigger_target_dag to None, run_after=None
[2022-12-20 13:39:30,753] {processor.py:161} INFO - Processing /home/airflow/.local/lib/python3.7/site-packages/airflow/example_dags/example_trigger_target_dag.py took 0.401 seconds
[2022-12-20 13:40:00,966] {processor.py:153} INFO - Started process (PID=398) to work on /home/airflow/.local/lib/python3.7/site-packages/airflow/example_dags/example_trigger_target_dag.py
[2022-12-20 13:40:00,967] {processor.py:641} INFO - Processing file /home/airflow/.local/lib/python3.7/site-packages/airflow/example_dags/example_trigger_target_dag.py for tasks to queue
[2022-12-20 13:40:00,968] {logging_mixin.py:115} INFO - [2022-12-20 13:40:00,968] {dagbag.py:508} INFO - Filling up the DagBag from /home/airflow/.local/lib/python3.7/site-packages/airflow/example_dags/example_trigger_target_dag.py
[2022-12-20 13:40:01,012] {processor.py:651} INFO - DAG(s) dict_keys(['example_trigger_target_dag']) retrieved from /home/airflow/.local/lib/python3.7/site-packages/airflow/example_dags/example_trigger_target_dag.py
[2022-12-20 13:40:01,311] {logging_mixin.py:115} INFO - [2022-12-20 13:40:01,311] {dag.py:2420} INFO - Sync 1 DAGs
[2022-12-20 13:40:01,354] {logging_mixin.py:115} INFO - [2022-12-20 13:40:01,354] {dag.py:2972} INFO - Setting next_dagrun for example_trigger_target_dag to None, run_after=None
[2022-12-20 13:40:01,378] {processor.py:161} INFO - Processing /home/airflow/.local/lib/python3.7/site-packages/airflow/example_dags/example_trigger_target_dag.py took 0.419 seconds
[2022-12-20 13:40:31,476] {processor.py:153} INFO - Started process (PID=461) to work on /home/airflow/.local/lib/python3.7/site-packages/airflow/example_dags/example_trigger_target_dag.py
[2022-12-20 13:40:31,477] {processor.py:641} INFO - Processing file /home/airflow/.local/lib/python3.7/site-packages/airflow/example_dags/example_trigger_target_dag.py for tasks to queue
[2022-12-20 13:40:31,477] {logging_mixin.py:115} INFO - [2022-12-20 13:40:31,477] {dagbag.py:508} INFO - Filling up the DagBag from /home/airflow/.local/lib/python3.7/site-packages/airflow/example_dags/example_trigger_target_dag.py
[2022-12-20 13:40:31,502] {processor.py:651} INFO - DAG(s) dict_keys(['example_trigger_target_dag']) retrieved from /home/airflow/.local/lib/python3.7/site-packages/airflow/example_dags/example_trigger_target_dag.py
[2022-12-20 13:40:31,753] {logging_mixin.py:115} INFO - [2022-12-20 13:40:31,753] {dag.py:2420} INFO - Sync 1 DAGs
[2022-12-20 13:40:31,793] {logging_mixin.py:115} INFO - [2022-12-20 13:40:31,792] {dag.py:2972} INFO - Setting next_dagrun for example_trigger_target_dag to None, run_after=None
[2022-12-20 13:40:31,817] {processor.py:161} INFO - Processing /home/airflow/.local/lib/python3.7/site-packages/airflow/example_dags/example_trigger_target_dag.py took 0.345 seconds
[2022-12-20 13:41:02,055] {processor.py:153} INFO - Started process (PID=515) to work on /home/airflow/.local/lib/python3.7/site-packages/airflow/example_dags/example_trigger_target_dag.py
[2022-12-20 13:41:02,056] {processor.py:641} INFO - Processing file /home/airflow/.local/lib/python3.7/site-packages/airflow/example_dags/example_trigger_target_dag.py for tasks to queue
[2022-12-20 13:41:02,057] {logging_mixin.py:115} INFO - [2022-12-20 13:41:02,057] {dagbag.py:508} INFO - Filling up the DagBag from /home/airflow/.local/lib/python3.7/site-packages/airflow/example_dags/example_trigger_target_dag.py
[2022-12-20 13:41:02,083] {processor.py:651} INFO - DAG(s) dict_keys(['example_trigger_target_dag']) retrieved from /home/airflow/.local/lib/python3.7/site-packages/airflow/example_dags/example_trigger_target_dag.py
[2022-12-20 13:41:02,329] {logging_mixin.py:115} INFO - [2022-12-20 13:41:02,329] {dag.py:2420} INFO - Sync 1 DAGs
[2022-12-20 13:41:02,366] {logging_mixin.py:115} INFO - [2022-12-20 13:41:02,365] {dag.py:2972} INFO - Setting next_dagrun for example_trigger_target_dag to None, run_after=None
[2022-12-20 13:41:02,391] {processor.py:161} INFO - Processing /home/airflow/.local/lib/python3.7/site-packages/airflow/example_dags/example_trigger_target_dag.py took 0.341 seconds
[2022-12-20 13:41:32,472] {processor.py:153} INFO - Started process (PID=578) to work on /home/airflow/.local/lib/python3.7/site-packages/airflow/example_dags/example_trigger_target_dag.py
[2022-12-20 13:41:32,474] {processor.py:641} INFO - Processing file /home/airflow/.local/lib/python3.7/site-packages/airflow/example_dags/example_trigger_target_dag.py for tasks to queue
[2022-12-20 13:41:32,475] {logging_mixin.py:115} INFO - [2022-12-20 13:41:32,475] {dagbag.py:508} INFO - Filling up the DagBag from /home/airflow/.local/lib/python3.7/site-packages/airflow/example_dags/example_trigger_target_dag.py
[2022-12-20 13:41:32,520] {processor.py:651} INFO - DAG(s) dict_keys(['example_trigger_target_dag']) retrieved from /home/airflow/.local/lib/python3.7/site-packages/airflow/example_dags/example_trigger_target_dag.py
[2022-12-20 13:41:32,800] {logging_mixin.py:115} INFO - [2022-12-20 13:41:32,800] {dag.py:2420} INFO - Sync 1 DAGs
[2022-12-20 13:41:32,848] {logging_mixin.py:115} INFO - [2022-12-20 13:41:32,847] {dag.py:2972} INFO - Setting next_dagrun for example_trigger_target_dag to None, run_after=None
[2022-12-20 13:41:32,879] {processor.py:161} INFO - Processing /home/airflow/.local/lib/python3.7/site-packages/airflow/example_dags/example_trigger_target_dag.py took 0.411 seconds
[2022-12-20 13:42:03,693] {processor.py:153} INFO - Started process (PID=632) to work on /home/airflow/.local/lib/python3.7/site-packages/airflow/example_dags/example_trigger_target_dag.py
[2022-12-20 13:42:03,694] {processor.py:641} INFO - Processing file /home/airflow/.local/lib/python3.7/site-packages/airflow/example_dags/example_trigger_target_dag.py for tasks to queue
[2022-12-20 13:42:03,696] {logging_mixin.py:115} INFO - [2022-12-20 13:42:03,696] {dagbag.py:508} INFO - Filling up the DagBag from /home/airflow/.local/lib/python3.7/site-packages/airflow/example_dags/example_trigger_target_dag.py
[2022-12-20 13:42:03,743] {processor.py:651} INFO - DAG(s) dict_keys(['example_trigger_target_dag']) retrieved from /home/airflow/.local/lib/python3.7/site-packages/airflow/example_dags/example_trigger_target_dag.py
[2022-12-20 13:42:04,059] {logging_mixin.py:115} INFO - [2022-12-20 13:42:04,059] {dag.py:2420} INFO - Sync 1 DAGs
[2022-12-20 13:42:04,110] {logging_mixin.py:115} INFO - [2022-12-20 13:42:04,110] {dag.py:2972} INFO - Setting next_dagrun for example_trigger_target_dag to None, run_after=None
[2022-12-20 13:42:04,137] {processor.py:161} INFO - Processing /home/airflow/.local/lib/python3.7/site-packages/airflow/example_dags/example_trigger_target_dag.py took 0.453 seconds
[2022-12-20 13:42:34,464] {processor.py:153} INFO - Started process (PID=687) to work on /home/airflow/.local/lib/python3.7/site-packages/airflow/example_dags/example_trigger_target_dag.py
[2022-12-20 13:42:34,465] {processor.py:641} INFO - Processing file /home/airflow/.local/lib/python3.7/site-packages/airflow/example_dags/example_trigger_target_dag.py for tasks to queue
[2022-12-20 13:42:34,466] {logging_mixin.py:115} INFO - [2022-12-20 13:42:34,466] {dagbag.py:508} INFO - Filling up the DagBag from /home/airflow/.local/lib/python3.7/site-packages/airflow/example_dags/example_trigger_target_dag.py
[2022-12-20 13:42:34,502] {processor.py:651} INFO - DAG(s) dict_keys(['example_trigger_target_dag']) retrieved from /home/airflow/.local/lib/python3.7/site-packages/airflow/example_dags/example_trigger_target_dag.py
[2022-12-20 13:42:34,772] {logging_mixin.py:115} INFO - [2022-12-20 13:42:34,772] {dag.py:2420} INFO - Sync 1 DAGs
[2022-12-20 13:42:34,813] {logging_mixin.py:115} INFO - [2022-12-20 13:42:34,813] {dag.py:2972} INFO - Setting next_dagrun for example_trigger_target_dag to None, run_after=None
[2022-12-20 13:42:34,843] {processor.py:161} INFO - Processing /home/airflow/.local/lib/python3.7/site-packages/airflow/example_dags/example_trigger_target_dag.py took 0.384 seconds
[2022-12-20 13:43:05,750] {processor.py:153} INFO - Started process (PID=751) to work on /home/airflow/.local/lib/python3.7/site-packages/airflow/example_dags/example_trigger_target_dag.py
[2022-12-20 13:43:05,751] {processor.py:641} INFO - Processing file /home/airflow/.local/lib/python3.7/site-packages/airflow/example_dags/example_trigger_target_dag.py for tasks to queue
[2022-12-20 13:43:05,752] {logging_mixin.py:115} INFO - [2022-12-20 13:43:05,751] {dagbag.py:508} INFO - Filling up the DagBag from /home/airflow/.local/lib/python3.7/site-packages/airflow/example_dags/example_trigger_target_dag.py
[2022-12-20 13:43:05,783] {processor.py:651} INFO - DAG(s) dict_keys(['example_trigger_target_dag']) retrieved from /home/airflow/.local/lib/python3.7/site-packages/airflow/example_dags/example_trigger_target_dag.py
[2022-12-20 13:43:06,080] {logging_mixin.py:115} INFO - [2022-12-20 13:43:06,079] {dag.py:2420} INFO - Sync 1 DAGs
[2022-12-20 13:43:06,131] {logging_mixin.py:115} INFO - [2022-12-20 13:43:06,131] {dag.py:2972} INFO - Setting next_dagrun for example_trigger_target_dag to None, run_after=None
[2022-12-20 13:43:06,157] {processor.py:161} INFO - Processing /home/airflow/.local/lib/python3.7/site-packages/airflow/example_dags/example_trigger_target_dag.py took 0.412 seconds
[2022-12-20 13:43:36,319] {processor.py:153} INFO - Started process (PID=805) to work on /home/airflow/.local/lib/python3.7/site-packages/airflow/example_dags/example_trigger_target_dag.py
[2022-12-20 13:43:36,320] {processor.py:641} INFO - Processing file /home/airflow/.local/lib/python3.7/site-packages/airflow/example_dags/example_trigger_target_dag.py for tasks to queue
[2022-12-20 13:43:36,322] {logging_mixin.py:115} INFO - [2022-12-20 13:43:36,321] {dagbag.py:508} INFO - Filling up the DagBag from /home/airflow/.local/lib/python3.7/site-packages/airflow/example_dags/example_trigger_target_dag.py
[2022-12-20 13:43:36,364] {processor.py:651} INFO - DAG(s) dict_keys(['example_trigger_target_dag']) retrieved from /home/airflow/.local/lib/python3.7/site-packages/airflow/example_dags/example_trigger_target_dag.py
[2022-12-20 13:43:36,619] {logging_mixin.py:115} INFO - [2022-12-20 13:43:36,619] {dag.py:2420} INFO - Sync 1 DAGs
[2022-12-20 13:43:36,664] {logging_mixin.py:115} INFO - [2022-12-20 13:43:36,664] {dag.py:2972} INFO - Setting next_dagrun for example_trigger_target_dag to None, run_after=None
[2022-12-20 13:43:36,689] {processor.py:161} INFO - Processing /home/airflow/.local/lib/python3.7/site-packages/airflow/example_dags/example_trigger_target_dag.py took 0.377 seconds
[2022-12-20 13:44:07,117] {processor.py:153} INFO - Started process (PID=869) to work on /home/airflow/.local/lib/python3.7/site-packages/airflow/example_dags/example_trigger_target_dag.py
[2022-12-20 13:44:07,118] {processor.py:641} INFO - Processing file /home/airflow/.local/lib/python3.7/site-packages/airflow/example_dags/example_trigger_target_dag.py for tasks to queue
[2022-12-20 13:44:07,119] {logging_mixin.py:115} INFO - [2022-12-20 13:44:07,118] {dagbag.py:508} INFO - Filling up the DagBag from /home/airflow/.local/lib/python3.7/site-packages/airflow/example_dags/example_trigger_target_dag.py
[2022-12-20 13:44:07,148] {processor.py:651} INFO - DAG(s) dict_keys(['example_trigger_target_dag']) retrieved from /home/airflow/.local/lib/python3.7/site-packages/airflow/example_dags/example_trigger_target_dag.py
[2022-12-20 13:44:07,402] {logging_mixin.py:115} INFO - [2022-12-20 13:44:07,402] {dag.py:2420} INFO - Sync 1 DAGs
[2022-12-20 13:44:07,453] {logging_mixin.py:115} INFO - [2022-12-20 13:44:07,452] {dag.py:2972} INFO - Setting next_dagrun for example_trigger_target_dag to None, run_after=None
[2022-12-20 13:44:07,484] {processor.py:161} INFO - Processing /home/airflow/.local/lib/python3.7/site-packages/airflow/example_dags/example_trigger_target_dag.py took 0.371 seconds
[2022-12-20 13:44:37,824] {processor.py:153} INFO - Started process (PID=924) to work on /home/airflow/.local/lib/python3.7/site-packages/airflow/example_dags/example_trigger_target_dag.py
[2022-12-20 13:44:37,825] {processor.py:641} INFO - Processing file /home/airflow/.local/lib/python3.7/site-packages/airflow/example_dags/example_trigger_target_dag.py for tasks to queue
[2022-12-20 13:44:37,826] {logging_mixin.py:115} INFO - [2022-12-20 13:44:37,826] {dagbag.py:508} INFO - Filling up the DagBag from /home/airflow/.local/lib/python3.7/site-packages/airflow/example_dags/example_trigger_target_dag.py
[2022-12-20 13:44:37,856] {processor.py:651} INFO - DAG(s) dict_keys(['example_trigger_target_dag']) retrieved from /home/airflow/.local/lib/python3.7/site-packages/airflow/example_dags/example_trigger_target_dag.py
[2022-12-20 13:44:38,094] {logging_mixin.py:115} INFO - [2022-12-20 13:44:38,094] {dag.py:2420} INFO - Sync 1 DAGs
[2022-12-20 13:44:38,137] {logging_mixin.py:115} INFO - [2022-12-20 13:44:38,137] {dag.py:2972} INFO - Setting next_dagrun for example_trigger_target_dag to None, run_after=None
[2022-12-20 13:44:38,160] {processor.py:161} INFO - Processing /home/airflow/.local/lib/python3.7/site-packages/airflow/example_dags/example_trigger_target_dag.py took 0.340 seconds
[2022-12-20 13:45:09,058] {processor.py:153} INFO - Started process (PID=987) to work on /home/airflow/.local/lib/python3.7/site-packages/airflow/example_dags/example_trigger_target_dag.py
[2022-12-20 13:45:09,060] {processor.py:641} INFO - Processing file /home/airflow/.local/lib/python3.7/site-packages/airflow/example_dags/example_trigger_target_dag.py for tasks to queue
[2022-12-20 13:45:09,062] {logging_mixin.py:115} INFO - [2022-12-20 13:45:09,061] {dagbag.py:508} INFO - Filling up the DagBag from /home/airflow/.local/lib/python3.7/site-packages/airflow/example_dags/example_trigger_target_dag.py
[2022-12-20 13:45:09,106] {processor.py:651} INFO - DAG(s) dict_keys(['example_trigger_target_dag']) retrieved from /home/airflow/.local/lib/python3.7/site-packages/airflow/example_dags/example_trigger_target_dag.py
[2022-12-20 13:45:09,498] {logging_mixin.py:115} INFO - [2022-12-20 13:45:09,498] {dag.py:2420} INFO - Sync 1 DAGs
[2022-12-20 13:45:09,631] {logging_mixin.py:115} INFO - [2022-12-20 13:45:09,631] {dag.py:2972} INFO - Setting next_dagrun for example_trigger_target_dag to None, run_after=None
[2022-12-20 13:45:09,701] {processor.py:161} INFO - Processing /home/airflow/.local/lib/python3.7/site-packages/airflow/example_dags/example_trigger_target_dag.py took 0.650 seconds
[2022-12-20 13:45:40,661] {processor.py:153} INFO - Started process (PID=1041) to work on /home/airflow/.local/lib/python3.7/site-packages/airflow/example_dags/example_trigger_target_dag.py
[2022-12-20 13:45:40,662] {processor.py:641} INFO - Processing file /home/airflow/.local/lib/python3.7/site-packages/airflow/example_dags/example_trigger_target_dag.py for tasks to queue
[2022-12-20 13:45:40,663] {logging_mixin.py:115} INFO - [2022-12-20 13:45:40,663] {dagbag.py:508} INFO - Filling up the DagBag from /home/airflow/.local/lib/python3.7/site-packages/airflow/example_dags/example_trigger_target_dag.py
[2022-12-20 13:45:40,698] {processor.py:651} INFO - DAG(s) dict_keys(['example_trigger_target_dag']) retrieved from /home/airflow/.local/lib/python3.7/site-packages/airflow/example_dags/example_trigger_target_dag.py
[2022-12-20 13:45:40,944] {logging_mixin.py:115} INFO - [2022-12-20 13:45:40,943] {dag.py:2420} INFO - Sync 1 DAGs
[2022-12-20 13:45:40,984] {logging_mixin.py:115} INFO - [2022-12-20 13:45:40,984] {dag.py:2972} INFO - Setting next_dagrun for example_trigger_target_dag to None, run_after=None
[2022-12-20 13:45:41,009] {processor.py:161} INFO - Processing /home/airflow/.local/lib/python3.7/site-packages/airflow/example_dags/example_trigger_target_dag.py took 0.354 seconds
[2022-12-20 13:46:11,433] {processor.py:153} INFO - Started process (PID=1094) to work on /home/airflow/.local/lib/python3.7/site-packages/airflow/example_dags/example_trigger_target_dag.py
[2022-12-20 13:46:11,434] {processor.py:641} INFO - Processing file /home/airflow/.local/lib/python3.7/site-packages/airflow/example_dags/example_trigger_target_dag.py for tasks to queue
[2022-12-20 13:46:11,434] {logging_mixin.py:115} INFO - [2022-12-20 13:46:11,434] {dagbag.py:508} INFO - Filling up the DagBag from /home/airflow/.local/lib/python3.7/site-packages/airflow/example_dags/example_trigger_target_dag.py
[2022-12-20 13:46:11,462] {processor.py:651} INFO - DAG(s) dict_keys(['example_trigger_target_dag']) retrieved from /home/airflow/.local/lib/python3.7/site-packages/airflow/example_dags/example_trigger_target_dag.py
[2022-12-20 13:46:11,747] {logging_mixin.py:115} INFO - [2022-12-20 13:46:11,747] {dag.py:2420} INFO - Sync 1 DAGs
[2022-12-20 13:46:11,785] {logging_mixin.py:115} INFO - [2022-12-20 13:46:11,785] {dag.py:2972} INFO - Setting next_dagrun for example_trigger_target_dag to None, run_after=None
[2022-12-20 13:46:11,811] {processor.py:161} INFO - Processing /home/airflow/.local/lib/python3.7/site-packages/airflow/example_dags/example_trigger_target_dag.py took 0.382 seconds
[2022-12-20 13:46:43,172] {processor.py:153} INFO - Started process (PID=1157) to work on /home/airflow/.local/lib/python3.7/site-packages/airflow/example_dags/example_trigger_target_dag.py
[2022-12-20 13:46:43,173] {processor.py:641} INFO - Processing file /home/airflow/.local/lib/python3.7/site-packages/airflow/example_dags/example_trigger_target_dag.py for tasks to queue
[2022-12-20 13:46:43,173] {logging_mixin.py:115} INFO - [2022-12-20 13:46:43,173] {dagbag.py:508} INFO - Filling up the DagBag from /home/airflow/.local/lib/python3.7/site-packages/airflow/example_dags/example_trigger_target_dag.py
[2022-12-20 13:46:43,202] {processor.py:651} INFO - DAG(s) dict_keys(['example_trigger_target_dag']) retrieved from /home/airflow/.local/lib/python3.7/site-packages/airflow/example_dags/example_trigger_target_dag.py
[2022-12-20 13:46:43,442] {logging_mixin.py:115} INFO - [2022-12-20 13:46:43,442] {dag.py:2420} INFO - Sync 1 DAGs
[2022-12-20 13:46:43,478] {logging_mixin.py:115} INFO - [2022-12-20 13:46:43,478] {dag.py:2972} INFO - Setting next_dagrun for example_trigger_target_dag to None, run_after=None
[2022-12-20 13:46:43,500] {processor.py:161} INFO - Processing /home/airflow/.local/lib/python3.7/site-packages/airflow/example_dags/example_trigger_target_dag.py took 0.332 seconds
[2022-12-20 13:47:13,860] {processor.py:153} INFO - Started process (PID=1212) to work on /home/airflow/.local/lib/python3.7/site-packages/airflow/example_dags/example_trigger_target_dag.py
[2022-12-20 13:47:13,861] {processor.py:641} INFO - Processing file /home/airflow/.local/lib/python3.7/site-packages/airflow/example_dags/example_trigger_target_dag.py for tasks to queue
[2022-12-20 13:47:13,862] {logging_mixin.py:115} INFO - [2022-12-20 13:47:13,862] {dagbag.py:508} INFO - Filling up the DagBag from /home/airflow/.local/lib/python3.7/site-packages/airflow/example_dags/example_trigger_target_dag.py
[2022-12-20 13:47:13,887] {processor.py:651} INFO - DAG(s) dict_keys(['example_trigger_target_dag']) retrieved from /home/airflow/.local/lib/python3.7/site-packages/airflow/example_dags/example_trigger_target_dag.py
[2022-12-20 13:47:14,118] {logging_mixin.py:115} INFO - [2022-12-20 13:47:14,118] {dag.py:2420} INFO - Sync 1 DAGs
[2022-12-20 13:47:14,155] {logging_mixin.py:115} INFO - [2022-12-20 13:47:14,155] {dag.py:2972} INFO - Setting next_dagrun for example_trigger_target_dag to None, run_after=None
[2022-12-20 13:47:14,175] {processor.py:161} INFO - Processing /home/airflow/.local/lib/python3.7/site-packages/airflow/example_dags/example_trigger_target_dag.py took 0.319 seconds
[2022-12-20 13:47:44,705] {processor.py:153} INFO - Started process (PID=1276) to work on /home/airflow/.local/lib/python3.7/site-packages/airflow/example_dags/example_trigger_target_dag.py
[2022-12-20 13:47:44,707] {processor.py:641} INFO - Processing file /home/airflow/.local/lib/python3.7/site-packages/airflow/example_dags/example_trigger_target_dag.py for tasks to queue
[2022-12-20 13:47:44,708] {logging_mixin.py:115} INFO - [2022-12-20 13:47:44,708] {dagbag.py:508} INFO - Filling up the DagBag from /home/airflow/.local/lib/python3.7/site-packages/airflow/example_dags/example_trigger_target_dag.py
[2022-12-20 13:47:44,746] {processor.py:651} INFO - DAG(s) dict_keys(['example_trigger_target_dag']) retrieved from /home/airflow/.local/lib/python3.7/site-packages/airflow/example_dags/example_trigger_target_dag.py
[2022-12-20 13:47:45,021] {logging_mixin.py:115} INFO - [2022-12-20 13:47:45,021] {dag.py:2420} INFO - Sync 1 DAGs
[2022-12-20 13:47:45,119] {logging_mixin.py:115} INFO - [2022-12-20 13:47:45,118] {dag.py:2972} INFO - Setting next_dagrun for example_trigger_target_dag to None, run_after=None
[2022-12-20 13:47:45,149] {processor.py:161} INFO - Processing /home/airflow/.local/lib/python3.7/site-packages/airflow/example_dags/example_trigger_target_dag.py took 0.450 seconds
[2022-12-20 13:48:15,374] {processor.py:153} INFO - Started process (PID=1331) to work on /home/airflow/.local/lib/python3.7/site-packages/airflow/example_dags/example_trigger_target_dag.py
[2022-12-20 13:48:15,375] {processor.py:641} INFO - Processing file /home/airflow/.local/lib/python3.7/site-packages/airflow/example_dags/example_trigger_target_dag.py for tasks to queue
[2022-12-20 13:48:15,376] {logging_mixin.py:115} INFO - [2022-12-20 13:48:15,376] {dagbag.py:508} INFO - Filling up the DagBag from /home/airflow/.local/lib/python3.7/site-packages/airflow/example_dags/example_trigger_target_dag.py
[2022-12-20 13:48:15,413] {processor.py:651} INFO - DAG(s) dict_keys(['example_trigger_target_dag']) retrieved from /home/airflow/.local/lib/python3.7/site-packages/airflow/example_dags/example_trigger_target_dag.py
[2022-12-20 13:48:15,639] {logging_mixin.py:115} INFO - [2022-12-20 13:48:15,639] {dag.py:2420} INFO - Sync 1 DAGs
[2022-12-20 13:48:15,676] {logging_mixin.py:115} INFO - [2022-12-20 13:48:15,676] {dag.py:2972} INFO - Setting next_dagrun for example_trigger_target_dag to None, run_after=None
[2022-12-20 13:48:15,699] {processor.py:161} INFO - Processing /home/airflow/.local/lib/python3.7/site-packages/airflow/example_dags/example_trigger_target_dag.py took 0.332 seconds
[2022-12-20 13:48:45,992] {processor.py:153} INFO - Started process (PID=1385) to work on /home/airflow/.local/lib/python3.7/site-packages/airflow/example_dags/example_trigger_target_dag.py
[2022-12-20 13:48:45,993] {processor.py:641} INFO - Processing file /home/airflow/.local/lib/python3.7/site-packages/airflow/example_dags/example_trigger_target_dag.py for tasks to queue
[2022-12-20 13:48:45,994] {logging_mixin.py:115} INFO - [2022-12-20 13:48:45,994] {dagbag.py:508} INFO - Filling up the DagBag from /home/airflow/.local/lib/python3.7/site-packages/airflow/example_dags/example_trigger_target_dag.py
[2022-12-20 13:48:46,021] {processor.py:651} INFO - DAG(s) dict_keys(['example_trigger_target_dag']) retrieved from /home/airflow/.local/lib/python3.7/site-packages/airflow/example_dags/example_trigger_target_dag.py
[2022-12-20 13:48:46,293] {logging_mixin.py:115} INFO - [2022-12-20 13:48:46,293] {dag.py:2420} INFO - Sync 1 DAGs
[2022-12-20 13:48:46,342] {logging_mixin.py:115} INFO - [2022-12-20 13:48:46,342] {dag.py:2972} INFO - Setting next_dagrun for example_trigger_target_dag to None, run_after=None
[2022-12-20 13:48:46,371] {processor.py:161} INFO - Processing /home/airflow/.local/lib/python3.7/site-packages/airflow/example_dags/example_trigger_target_dag.py took 0.382 seconds
[2022-12-20 13:49:16,547] {processor.py:153} INFO - Started process (PID=1447) to work on /home/airflow/.local/lib/python3.7/site-packages/airflow/example_dags/example_trigger_target_dag.py
[2022-12-20 13:49:16,548] {processor.py:641} INFO - Processing file /home/airflow/.local/lib/python3.7/site-packages/airflow/example_dags/example_trigger_target_dag.py for tasks to queue
[2022-12-20 13:49:16,549] {logging_mixin.py:115} INFO - [2022-12-20 13:49:16,549] {dagbag.py:508} INFO - Filling up the DagBag from /home/airflow/.local/lib/python3.7/site-packages/airflow/example_dags/example_trigger_target_dag.py
[2022-12-20 13:49:16,586] {processor.py:651} INFO - DAG(s) dict_keys(['example_trigger_target_dag']) retrieved from /home/airflow/.local/lib/python3.7/site-packages/airflow/example_dags/example_trigger_target_dag.py
[2022-12-20 13:49:16,858] {logging_mixin.py:115} INFO - [2022-12-20 13:49:16,858] {dag.py:2420} INFO - Sync 1 DAGs
[2022-12-20 13:49:16,898] {logging_mixin.py:115} INFO - [2022-12-20 13:49:16,898] {dag.py:2972} INFO - Setting next_dagrun for example_trigger_target_dag to None, run_after=None
[2022-12-20 13:49:16,925] {processor.py:161} INFO - Processing /home/airflow/.local/lib/python3.7/site-packages/airflow/example_dags/example_trigger_target_dag.py took 0.383 seconds
[2022-12-20 13:49:47,015] {processor.py:153} INFO - Started process (PID=1501) to work on /home/airflow/.local/lib/python3.7/site-packages/airflow/example_dags/example_trigger_target_dag.py
[2022-12-20 13:49:47,016] {processor.py:641} INFO - Processing file /home/airflow/.local/lib/python3.7/site-packages/airflow/example_dags/example_trigger_target_dag.py for tasks to queue
[2022-12-20 13:49:47,017] {logging_mixin.py:115} INFO - [2022-12-20 13:49:47,016] {dagbag.py:508} INFO - Filling up the DagBag from /home/airflow/.local/lib/python3.7/site-packages/airflow/example_dags/example_trigger_target_dag.py
[2022-12-20 13:49:47,045] {processor.py:651} INFO - DAG(s) dict_keys(['example_trigger_target_dag']) retrieved from /home/airflow/.local/lib/python3.7/site-packages/airflow/example_dags/example_trigger_target_dag.py
[2022-12-20 13:49:47,299] {logging_mixin.py:115} INFO - [2022-12-20 13:49:47,299] {dag.py:2420} INFO - Sync 1 DAGs
[2022-12-20 13:49:47,337] {logging_mixin.py:115} INFO - [2022-12-20 13:49:47,337] {dag.py:2972} INFO - Setting next_dagrun for example_trigger_target_dag to None, run_after=None
[2022-12-20 13:49:47,364] {processor.py:161} INFO - Processing /home/airflow/.local/lib/python3.7/site-packages/airflow/example_dags/example_trigger_target_dag.py took 0.354 seconds
[2022-12-20 13:50:18,838] {processor.py:153} INFO - Started process (PID=1565) to work on /home/airflow/.local/lib/python3.7/site-packages/airflow/example_dags/example_trigger_target_dag.py
[2022-12-20 13:50:18,838] {processor.py:641} INFO - Processing file /home/airflow/.local/lib/python3.7/site-packages/airflow/example_dags/example_trigger_target_dag.py for tasks to queue
[2022-12-20 13:50:18,839] {logging_mixin.py:115} INFO - [2022-12-20 13:50:18,839] {dagbag.py:508} INFO - Filling up the DagBag from /home/airflow/.local/lib/python3.7/site-packages/airflow/example_dags/example_trigger_target_dag.py
[2022-12-20 13:50:18,865] {processor.py:651} INFO - DAG(s) dict_keys(['example_trigger_target_dag']) retrieved from /home/airflow/.local/lib/python3.7/site-packages/airflow/example_dags/example_trigger_target_dag.py
[2022-12-20 13:50:19,102] {logging_mixin.py:115} INFO - [2022-12-20 13:50:19,102] {dag.py:2420} INFO - Sync 1 DAGs
[2022-12-20 13:50:19,144] {logging_mixin.py:115} INFO - [2022-12-20 13:50:19,144] {dag.py:2972} INFO - Setting next_dagrun for example_trigger_target_dag to None, run_after=None
[2022-12-20 13:50:19,169] {processor.py:161} INFO - Processing /home/airflow/.local/lib/python3.7/site-packages/airflow/example_dags/example_trigger_target_dag.py took 0.336 seconds
[2022-12-20 13:50:49,593] {processor.py:153} INFO - Started process (PID=1619) to work on /home/airflow/.local/lib/python3.7/site-packages/airflow/example_dags/example_trigger_target_dag.py
[2022-12-20 13:50:49,594] {processor.py:641} INFO - Processing file /home/airflow/.local/lib/python3.7/site-packages/airflow/example_dags/example_trigger_target_dag.py for tasks to queue
[2022-12-20 13:50:49,595] {logging_mixin.py:115} INFO - [2022-12-20 13:50:49,595] {dagbag.py:508} INFO - Filling up the DagBag from /home/airflow/.local/lib/python3.7/site-packages/airflow/example_dags/example_trigger_target_dag.py
[2022-12-20 13:50:49,628] {processor.py:651} INFO - DAG(s) dict_keys(['example_trigger_target_dag']) retrieved from /home/airflow/.local/lib/python3.7/site-packages/airflow/example_dags/example_trigger_target_dag.py
[2022-12-20 13:50:49,881] {logging_mixin.py:115} INFO - [2022-12-20 13:50:49,880] {dag.py:2420} INFO - Sync 1 DAGs
[2022-12-20 13:50:49,919] {logging_mixin.py:115} INFO - [2022-12-20 13:50:49,919] {dag.py:2972} INFO - Setting next_dagrun for example_trigger_target_dag to None, run_after=None
[2022-12-20 13:50:49,942] {processor.py:161} INFO - Processing /home/airflow/.local/lib/python3.7/site-packages/airflow/example_dags/example_trigger_target_dag.py took 0.354 seconds
[2022-12-20 13:51:21,199] {processor.py:153} INFO - Started process (PID=1681) to work on /home/airflow/.local/lib/python3.7/site-packages/airflow/example_dags/example_trigger_target_dag.py
[2022-12-20 13:51:21,200] {processor.py:641} INFO - Processing file /home/airflow/.local/lib/python3.7/site-packages/airflow/example_dags/example_trigger_target_dag.py for tasks to queue
[2022-12-20 13:51:21,201] {logging_mixin.py:115} INFO - [2022-12-20 13:51:21,201] {dagbag.py:508} INFO - Filling up the DagBag from /home/airflow/.local/lib/python3.7/site-packages/airflow/example_dags/example_trigger_target_dag.py
[2022-12-20 13:51:21,257] {processor.py:651} INFO - DAG(s) dict_keys(['example_trigger_target_dag']) retrieved from /home/airflow/.local/lib/python3.7/site-packages/airflow/example_dags/example_trigger_target_dag.py
[2022-12-20 13:51:21,648] {logging_mixin.py:115} INFO - [2022-12-20 13:51:21,648] {dag.py:2420} INFO - Sync 1 DAGs
[2022-12-20 13:51:21,692] {logging_mixin.py:115} INFO - [2022-12-20 13:51:21,692] {dag.py:2972} INFO - Setting next_dagrun for example_trigger_target_dag to None, run_after=None
[2022-12-20 13:51:21,716] {processor.py:161} INFO - Processing /home/airflow/.local/lib/python3.7/site-packages/airflow/example_dags/example_trigger_target_dag.py took 0.525 seconds
