[2022-12-20 10:30:36,206] {processor.py:153} INFO - Started process (PID=62) to work on /home/airflow/.local/lib/python3.7/site-packages/airflow/example_dags/example_kubernetes_executor.py
[2022-12-20 10:30:36,207] {processor.py:641} INFO - Processing file /home/airflow/.local/lib/python3.7/site-packages/airflow/example_dags/example_kubernetes_executor.py for tasks to queue
[2022-12-20 10:30:36,208] {logging_mixin.py:115} INFO - [2022-12-20 10:30:36,207] {dagbag.py:508} INFO - Filling up the DagBag from /home/airflow/.local/lib/python3.7/site-packages/airflow/example_dags/example_kubernetes_executor.py
[2022-12-20 10:30:36,266] {processor.py:651} INFO - DAG(s) dict_keys(['example_kubernetes_executor']) retrieved from /home/airflow/.local/lib/python3.7/site-packages/airflow/example_dags/example_kubernetes_executor.py
[2022-12-20 10:30:36,547] {logging_mixin.py:115} INFO - [2022-12-20 10:30:36,547] {dag.py:2420} INFO - Sync 1 DAGs
[2022-12-20 10:30:36,620] {logging_mixin.py:115} INFO - [2022-12-20 10:30:36,620] {dag.py:2972} INFO - Setting next_dagrun for example_kubernetes_executor to None, run_after=None
[2022-12-20 10:30:36,658] {processor.py:161} INFO - Processing /home/airflow/.local/lib/python3.7/site-packages/airflow/example_dags/example_kubernetes_executor.py took 0.457 seconds
[2022-12-20 13:30:57,922] {processor.py:153} INFO - Started process (PID=117) to work on /home/airflow/.local/lib/python3.7/site-packages/airflow/example_dags/example_kubernetes_executor.py
[2022-12-20 13:30:57,946] {processor.py:641} INFO - Processing file /home/airflow/.local/lib/python3.7/site-packages/airflow/example_dags/example_kubernetes_executor.py for tasks to queue
[2022-12-20 13:30:57,948] {logging_mixin.py:115} INFO - [2022-12-20 13:30:57,947] {dagbag.py:508} INFO - Filling up the DagBag from /home/airflow/.local/lib/python3.7/site-packages/airflow/example_dags/example_kubernetes_executor.py
[2022-12-20 13:30:58,354] {processor.py:651} INFO - DAG(s) dict_keys(['example_kubernetes_executor']) retrieved from /home/airflow/.local/lib/python3.7/site-packages/airflow/example_dags/example_kubernetes_executor.py
[2022-12-20 13:30:58,391] {logging_mixin.py:115} INFO - [2022-12-20 13:30:58,390] {dag.py:2420} INFO - Sync 1 DAGs
[2022-12-20 13:30:58,428] {logging_mixin.py:115} INFO - [2022-12-20 13:30:58,428] {dag.py:2972} INFO - Setting next_dagrun for example_kubernetes_executor to None, run_after=None
[2022-12-20 13:30:58,449] {processor.py:161} INFO - Processing /home/airflow/.local/lib/python3.7/site-packages/airflow/example_dags/example_kubernetes_executor.py took 0.536 seconds
[2022-12-20 13:31:28,800] {processor.py:153} INFO - Started process (PID=172) to work on /home/airflow/.local/lib/python3.7/site-packages/airflow/example_dags/example_kubernetes_executor.py
[2022-12-20 13:31:28,802] {processor.py:641} INFO - Processing file /home/airflow/.local/lib/python3.7/site-packages/airflow/example_dags/example_kubernetes_executor.py for tasks to queue
[2022-12-20 13:31:28,802] {logging_mixin.py:115} INFO - [2022-12-20 13:31:28,802] {dagbag.py:508} INFO - Filling up the DagBag from /home/airflow/.local/lib/python3.7/site-packages/airflow/example_dags/example_kubernetes_executor.py
[2022-12-20 13:31:28,847] {processor.py:651} INFO - DAG(s) dict_keys(['example_kubernetes_executor']) retrieved from /home/airflow/.local/lib/python3.7/site-packages/airflow/example_dags/example_kubernetes_executor.py
[2022-12-20 13:31:29,115] {logging_mixin.py:115} INFO - [2022-12-20 13:31:29,115] {dag.py:2420} INFO - Sync 1 DAGs
[2022-12-20 13:31:29,152] {logging_mixin.py:115} INFO - [2022-12-20 13:31:29,152] {dag.py:2972} INFO - Setting next_dagrun for example_kubernetes_executor to None, run_after=None
[2022-12-20 13:31:29,177] {processor.py:161} INFO - Processing /home/airflow/.local/lib/python3.7/site-packages/airflow/example_dags/example_kubernetes_executor.py took 0.382 seconds
[2022-12-20 13:31:59,309] {processor.py:153} INFO - Started process (PID=232) to work on /home/airflow/.local/lib/python3.7/site-packages/airflow/example_dags/example_kubernetes_executor.py
[2022-12-20 13:31:59,310] {processor.py:641} INFO - Processing file /home/airflow/.local/lib/python3.7/site-packages/airflow/example_dags/example_kubernetes_executor.py for tasks to queue
[2022-12-20 13:31:59,310] {logging_mixin.py:115} INFO - [2022-12-20 13:31:59,310] {dagbag.py:508} INFO - Filling up the DagBag from /home/airflow/.local/lib/python3.7/site-packages/airflow/example_dags/example_kubernetes_executor.py
[2022-12-20 13:31:59,363] {processor.py:651} INFO - DAG(s) dict_keys(['example_kubernetes_executor']) retrieved from /home/airflow/.local/lib/python3.7/site-packages/airflow/example_dags/example_kubernetes_executor.py
[2022-12-20 13:31:59,695] {logging_mixin.py:115} INFO - [2022-12-20 13:31:59,695] {dag.py:2420} INFO - Sync 1 DAGs
[2022-12-20 13:31:59,747] {logging_mixin.py:115} INFO - [2022-12-20 13:31:59,747] {dag.py:2972} INFO - Setting next_dagrun for example_kubernetes_executor to None, run_after=None
[2022-12-20 13:31:59,771] {processor.py:161} INFO - Processing /home/airflow/.local/lib/python3.7/site-packages/airflow/example_dags/example_kubernetes_executor.py took 0.467 seconds
[2022-12-20 13:32:30,017] {processor.py:153} INFO - Started process (PID=289) to work on /home/airflow/.local/lib/python3.7/site-packages/airflow/example_dags/example_kubernetes_executor.py
[2022-12-20 13:32:30,017] {processor.py:641} INFO - Processing file /home/airflow/.local/lib/python3.7/site-packages/airflow/example_dags/example_kubernetes_executor.py for tasks to queue
[2022-12-20 13:32:30,018] {logging_mixin.py:115} INFO - [2022-12-20 13:32:30,018] {dagbag.py:508} INFO - Filling up the DagBag from /home/airflow/.local/lib/python3.7/site-packages/airflow/example_dags/example_kubernetes_executor.py
[2022-12-20 13:32:30,063] {processor.py:651} INFO - DAG(s) dict_keys(['example_kubernetes_executor']) retrieved from /home/airflow/.local/lib/python3.7/site-packages/airflow/example_dags/example_kubernetes_executor.py
[2022-12-20 13:32:30,334] {logging_mixin.py:115} INFO - [2022-12-20 13:32:30,334] {dag.py:2420} INFO - Sync 1 DAGs
[2022-12-20 13:32:30,381] {logging_mixin.py:115} INFO - [2022-12-20 13:32:30,381] {dag.py:2972} INFO - Setting next_dagrun for example_kubernetes_executor to None, run_after=None
[2022-12-20 13:32:30,411] {processor.py:161} INFO - Processing /home/airflow/.local/lib/python3.7/site-packages/airflow/example_dags/example_kubernetes_executor.py took 0.399 seconds
[2022-12-20 13:33:00,495] {processor.py:153} INFO - Started process (PID=343) to work on /home/airflow/.local/lib/python3.7/site-packages/airflow/example_dags/example_kubernetes_executor.py
[2022-12-20 13:33:00,496] {processor.py:641} INFO - Processing file /home/airflow/.local/lib/python3.7/site-packages/airflow/example_dags/example_kubernetes_executor.py for tasks to queue
[2022-12-20 13:33:00,496] {logging_mixin.py:115} INFO - [2022-12-20 13:33:00,496] {dagbag.py:508} INFO - Filling up the DagBag from /home/airflow/.local/lib/python3.7/site-packages/airflow/example_dags/example_kubernetes_executor.py
[2022-12-20 13:33:00,536] {processor.py:651} INFO - DAG(s) dict_keys(['example_kubernetes_executor']) retrieved from /home/airflow/.local/lib/python3.7/site-packages/airflow/example_dags/example_kubernetes_executor.py
[2022-12-20 13:33:00,791] {logging_mixin.py:115} INFO - [2022-12-20 13:33:00,791] {dag.py:2420} INFO - Sync 1 DAGs
[2022-12-20 13:33:00,829] {logging_mixin.py:115} INFO - [2022-12-20 13:33:00,829] {dag.py:2972} INFO - Setting next_dagrun for example_kubernetes_executor to None, run_after=None
[2022-12-20 13:33:00,851] {processor.py:161} INFO - Processing /home/airflow/.local/lib/python3.7/site-packages/airflow/example_dags/example_kubernetes_executor.py took 0.361 seconds
[2022-12-20 13:33:31,363] {processor.py:153} INFO - Started process (PID=406) to work on /home/airflow/.local/lib/python3.7/site-packages/airflow/example_dags/example_kubernetes_executor.py
[2022-12-20 13:33:31,364] {processor.py:641} INFO - Processing file /home/airflow/.local/lib/python3.7/site-packages/airflow/example_dags/example_kubernetes_executor.py for tasks to queue
[2022-12-20 13:33:31,365] {logging_mixin.py:115} INFO - [2022-12-20 13:33:31,365] {dagbag.py:508} INFO - Filling up the DagBag from /home/airflow/.local/lib/python3.7/site-packages/airflow/example_dags/example_kubernetes_executor.py
[2022-12-20 13:33:31,415] {processor.py:651} INFO - DAG(s) dict_keys(['example_kubernetes_executor']) retrieved from /home/airflow/.local/lib/python3.7/site-packages/airflow/example_dags/example_kubernetes_executor.py
[2022-12-20 13:33:31,693] {logging_mixin.py:115} INFO - [2022-12-20 13:33:31,693] {dag.py:2420} INFO - Sync 1 DAGs
[2022-12-20 13:33:31,732] {logging_mixin.py:115} INFO - [2022-12-20 13:33:31,732] {dag.py:2972} INFO - Setting next_dagrun for example_kubernetes_executor to None, run_after=None
[2022-12-20 13:33:31,757] {processor.py:161} INFO - Processing /home/airflow/.local/lib/python3.7/site-packages/airflow/example_dags/example_kubernetes_executor.py took 0.399 seconds
[2022-12-20 13:34:02,075] {processor.py:153} INFO - Started process (PID=461) to work on /home/airflow/.local/lib/python3.7/site-packages/airflow/example_dags/example_kubernetes_executor.py
[2022-12-20 13:34:02,076] {processor.py:641} INFO - Processing file /home/airflow/.local/lib/python3.7/site-packages/airflow/example_dags/example_kubernetes_executor.py for tasks to queue
[2022-12-20 13:34:02,077] {logging_mixin.py:115} INFO - [2022-12-20 13:34:02,077] {dagbag.py:508} INFO - Filling up the DagBag from /home/airflow/.local/lib/python3.7/site-packages/airflow/example_dags/example_kubernetes_executor.py
[2022-12-20 13:34:02,117] {processor.py:651} INFO - DAG(s) dict_keys(['example_kubernetes_executor']) retrieved from /home/airflow/.local/lib/python3.7/site-packages/airflow/example_dags/example_kubernetes_executor.py
[2022-12-20 13:34:02,372] {logging_mixin.py:115} INFO - [2022-12-20 13:34:02,371] {dag.py:2420} INFO - Sync 1 DAGs
[2022-12-20 13:34:02,406] {logging_mixin.py:115} INFO - [2022-12-20 13:34:02,406] {dag.py:2972} INFO - Setting next_dagrun for example_kubernetes_executor to None, run_after=None
[2022-12-20 13:34:02,426] {processor.py:161} INFO - Processing /home/airflow/.local/lib/python3.7/site-packages/airflow/example_dags/example_kubernetes_executor.py took 0.355 seconds
[2022-12-20 13:34:32,837] {processor.py:153} INFO - Started process (PID=522) to work on /home/airflow/.local/lib/python3.7/site-packages/airflow/example_dags/example_kubernetes_executor.py
[2022-12-20 13:34:32,839] {processor.py:641} INFO - Processing file /home/airflow/.local/lib/python3.7/site-packages/airflow/example_dags/example_kubernetes_executor.py for tasks to queue
[2022-12-20 13:34:32,840] {logging_mixin.py:115} INFO - [2022-12-20 13:34:32,839] {dagbag.py:508} INFO - Filling up the DagBag from /home/airflow/.local/lib/python3.7/site-packages/airflow/example_dags/example_kubernetes_executor.py
[2022-12-20 13:34:32,894] {processor.py:651} INFO - DAG(s) dict_keys(['example_kubernetes_executor']) retrieved from /home/airflow/.local/lib/python3.7/site-packages/airflow/example_dags/example_kubernetes_executor.py
[2022-12-20 13:34:33,224] {logging_mixin.py:115} INFO - [2022-12-20 13:34:33,224] {dag.py:2420} INFO - Sync 1 DAGs
[2022-12-20 13:34:33,272] {logging_mixin.py:115} INFO - [2022-12-20 13:34:33,271] {dag.py:2972} INFO - Setting next_dagrun for example_kubernetes_executor to None, run_after=None
[2022-12-20 13:34:33,301] {processor.py:161} INFO - Processing /home/airflow/.local/lib/python3.7/site-packages/airflow/example_dags/example_kubernetes_executor.py took 0.468 seconds
[2022-12-20 13:36:55,564] {processor.py:153} INFO - Started process (PID=62) to work on /home/airflow/.local/lib/python3.7/site-packages/airflow/example_dags/example_kubernetes_executor.py
[2022-12-20 13:36:55,565] {processor.py:641} INFO - Processing file /home/airflow/.local/lib/python3.7/site-packages/airflow/example_dags/example_kubernetes_executor.py for tasks to queue
[2022-12-20 13:36:55,566] {logging_mixin.py:115} INFO - [2022-12-20 13:36:55,566] {dagbag.py:508} INFO - Filling up the DagBag from /home/airflow/.local/lib/python3.7/site-packages/airflow/example_dags/example_kubernetes_executor.py
[2022-12-20 13:36:55,624] {processor.py:651} INFO - DAG(s) dict_keys(['example_kubernetes_executor']) retrieved from /home/airflow/.local/lib/python3.7/site-packages/airflow/example_dags/example_kubernetes_executor.py
[2022-12-20 13:36:55,926] {logging_mixin.py:115} INFO - [2022-12-20 13:36:55,926] {dag.py:2420} INFO - Sync 1 DAGs
[2022-12-20 13:36:56,000] {logging_mixin.py:115} INFO - [2022-12-20 13:36:56,000] {dag.py:2972} INFO - Setting next_dagrun for example_kubernetes_executor to None, run_after=None
[2022-12-20 13:36:56,041] {processor.py:161} INFO - Processing /home/airflow/.local/lib/python3.7/site-packages/airflow/example_dags/example_kubernetes_executor.py took 0.482 seconds
[2022-12-20 13:37:27,532] {processor.py:153} INFO - Started process (PID=125) to work on /home/airflow/.local/lib/python3.7/site-packages/airflow/example_dags/example_kubernetes_executor.py
[2022-12-20 13:37:27,533] {processor.py:641} INFO - Processing file /home/airflow/.local/lib/python3.7/site-packages/airflow/example_dags/example_kubernetes_executor.py for tasks to queue
[2022-12-20 13:37:27,535] {logging_mixin.py:115} INFO - [2022-12-20 13:37:27,535] {dagbag.py:508} INFO - Filling up the DagBag from /home/airflow/.local/lib/python3.7/site-packages/airflow/example_dags/example_kubernetes_executor.py
[2022-12-20 13:37:27,620] {processor.py:651} INFO - DAG(s) dict_keys(['example_kubernetes_executor']) retrieved from /home/airflow/.local/lib/python3.7/site-packages/airflow/example_dags/example_kubernetes_executor.py
[2022-12-20 13:37:27,922] {logging_mixin.py:115} INFO - [2022-12-20 13:37:27,922] {dag.py:2420} INFO - Sync 1 DAGs
[2022-12-20 13:37:27,965] {logging_mixin.py:115} INFO - [2022-12-20 13:37:27,965] {dag.py:2972} INFO - Setting next_dagrun for example_kubernetes_executor to None, run_after=None
[2022-12-20 13:37:27,991] {processor.py:161} INFO - Processing /home/airflow/.local/lib/python3.7/site-packages/airflow/example_dags/example_kubernetes_executor.py took 0.466 seconds
[2022-12-20 13:37:58,566] {processor.py:153} INFO - Started process (PID=179) to work on /home/airflow/.local/lib/python3.7/site-packages/airflow/example_dags/example_kubernetes_executor.py
[2022-12-20 13:37:58,567] {processor.py:641} INFO - Processing file /home/airflow/.local/lib/python3.7/site-packages/airflow/example_dags/example_kubernetes_executor.py for tasks to queue
[2022-12-20 13:37:58,568] {logging_mixin.py:115} INFO - [2022-12-20 13:37:58,568] {dagbag.py:508} INFO - Filling up the DagBag from /home/airflow/.local/lib/python3.7/site-packages/airflow/example_dags/example_kubernetes_executor.py
[2022-12-20 13:37:58,622] {processor.py:651} INFO - DAG(s) dict_keys(['example_kubernetes_executor']) retrieved from /home/airflow/.local/lib/python3.7/site-packages/airflow/example_dags/example_kubernetes_executor.py
[2022-12-20 13:37:58,871] {logging_mixin.py:115} INFO - [2022-12-20 13:37:58,870] {dag.py:2420} INFO - Sync 1 DAGs
[2022-12-20 13:37:58,909] {logging_mixin.py:115} INFO - [2022-12-20 13:37:58,909] {dag.py:2972} INFO - Setting next_dagrun for example_kubernetes_executor to None, run_after=None
[2022-12-20 13:37:58,936] {processor.py:161} INFO - Processing /home/airflow/.local/lib/python3.7/site-packages/airflow/example_dags/example_kubernetes_executor.py took 0.377 seconds
[2022-12-20 13:38:29,098] {processor.py:153} INFO - Started process (PID=233) to work on /home/airflow/.local/lib/python3.7/site-packages/airflow/example_dags/example_kubernetes_executor.py
[2022-12-20 13:38:29,099] {processor.py:641} INFO - Processing file /home/airflow/.local/lib/python3.7/site-packages/airflow/example_dags/example_kubernetes_executor.py for tasks to queue
[2022-12-20 13:38:29,100] {logging_mixin.py:115} INFO - [2022-12-20 13:38:29,100] {dagbag.py:508} INFO - Filling up the DagBag from /home/airflow/.local/lib/python3.7/site-packages/airflow/example_dags/example_kubernetes_executor.py
[2022-12-20 13:38:29,142] {processor.py:651} INFO - DAG(s) dict_keys(['example_kubernetes_executor']) retrieved from /home/airflow/.local/lib/python3.7/site-packages/airflow/example_dags/example_kubernetes_executor.py
[2022-12-20 13:38:29,382] {logging_mixin.py:115} INFO - [2022-12-20 13:38:29,382] {dag.py:2420} INFO - Sync 1 DAGs
[2022-12-20 13:38:29,419] {logging_mixin.py:115} INFO - [2022-12-20 13:38:29,419] {dag.py:2972} INFO - Setting next_dagrun for example_kubernetes_executor to None, run_after=None
[2022-12-20 13:38:29,443] {processor.py:161} INFO - Processing /home/airflow/.local/lib/python3.7/site-packages/airflow/example_dags/example_kubernetes_executor.py took 0.349 seconds
[2022-12-20 13:39:00,730] {processor.py:153} INFO - Started process (PID=297) to work on /home/airflow/.local/lib/python3.7/site-packages/airflow/example_dags/example_kubernetes_executor.py
[2022-12-20 13:39:00,731] {processor.py:641} INFO - Processing file /home/airflow/.local/lib/python3.7/site-packages/airflow/example_dags/example_kubernetes_executor.py for tasks to queue
[2022-12-20 13:39:00,732] {logging_mixin.py:115} INFO - [2022-12-20 13:39:00,731] {dagbag.py:508} INFO - Filling up the DagBag from /home/airflow/.local/lib/python3.7/site-packages/airflow/example_dags/example_kubernetes_executor.py
[2022-12-20 13:39:00,777] {processor.py:651} INFO - DAG(s) dict_keys(['example_kubernetes_executor']) retrieved from /home/airflow/.local/lib/python3.7/site-packages/airflow/example_dags/example_kubernetes_executor.py
[2022-12-20 13:39:01,026] {logging_mixin.py:115} INFO - [2022-12-20 13:39:01,026] {dag.py:2420} INFO - Sync 1 DAGs
[2022-12-20 13:39:01,067] {logging_mixin.py:115} INFO - [2022-12-20 13:39:01,067] {dag.py:2972} INFO - Setting next_dagrun for example_kubernetes_executor to None, run_after=None
[2022-12-20 13:39:01,095] {processor.py:161} INFO - Processing /home/airflow/.local/lib/python3.7/site-packages/airflow/example_dags/example_kubernetes_executor.py took 0.370 seconds
[2022-12-20 13:39:31,942] {processor.py:153} INFO - Started process (PID=351) to work on /home/airflow/.local/lib/python3.7/site-packages/airflow/example_dags/example_kubernetes_executor.py
[2022-12-20 13:39:31,943] {processor.py:641} INFO - Processing file /home/airflow/.local/lib/python3.7/site-packages/airflow/example_dags/example_kubernetes_executor.py for tasks to queue
[2022-12-20 13:39:31,944] {logging_mixin.py:115} INFO - [2022-12-20 13:39:31,944] {dagbag.py:508} INFO - Filling up the DagBag from /home/airflow/.local/lib/python3.7/site-packages/airflow/example_dags/example_kubernetes_executor.py
[2022-12-20 13:39:32,002] {processor.py:651} INFO - DAG(s) dict_keys(['example_kubernetes_executor']) retrieved from /home/airflow/.local/lib/python3.7/site-packages/airflow/example_dags/example_kubernetes_executor.py
[2022-12-20 13:39:32,250] {logging_mixin.py:115} INFO - [2022-12-20 13:39:32,249] {dag.py:2420} INFO - Sync 1 DAGs
[2022-12-20 13:39:32,301] {logging_mixin.py:115} INFO - [2022-12-20 13:39:32,301] {dag.py:2972} INFO - Setting next_dagrun for example_kubernetes_executor to None, run_after=None
[2022-12-20 13:39:32,331] {processor.py:161} INFO - Processing /home/airflow/.local/lib/python3.7/site-packages/airflow/example_dags/example_kubernetes_executor.py took 0.394 seconds
[2022-12-20 13:40:02,827] {processor.py:153} INFO - Started process (PID=414) to work on /home/airflow/.local/lib/python3.7/site-packages/airflow/example_dags/example_kubernetes_executor.py
[2022-12-20 13:40:02,829] {processor.py:641} INFO - Processing file /home/airflow/.local/lib/python3.7/site-packages/airflow/example_dags/example_kubernetes_executor.py for tasks to queue
[2022-12-20 13:40:02,829] {logging_mixin.py:115} INFO - [2022-12-20 13:40:02,829] {dagbag.py:508} INFO - Filling up the DagBag from /home/airflow/.local/lib/python3.7/site-packages/airflow/example_dags/example_kubernetes_executor.py
[2022-12-20 13:40:02,875] {processor.py:651} INFO - DAG(s) dict_keys(['example_kubernetes_executor']) retrieved from /home/airflow/.local/lib/python3.7/site-packages/airflow/example_dags/example_kubernetes_executor.py
[2022-12-20 13:40:03,152] {logging_mixin.py:115} INFO - [2022-12-20 13:40:03,151] {dag.py:2420} INFO - Sync 1 DAGs
[2022-12-20 13:40:03,194] {logging_mixin.py:115} INFO - [2022-12-20 13:40:03,194] {dag.py:2972} INFO - Setting next_dagrun for example_kubernetes_executor to None, run_after=None
[2022-12-20 13:40:03,223] {processor.py:161} INFO - Processing /home/airflow/.local/lib/python3.7/site-packages/airflow/example_dags/example_kubernetes_executor.py took 0.400 seconds
[2022-12-20 13:40:33,583] {processor.py:153} INFO - Started process (PID=469) to work on /home/airflow/.local/lib/python3.7/site-packages/airflow/example_dags/example_kubernetes_executor.py
[2022-12-20 13:40:33,584] {processor.py:641} INFO - Processing file /home/airflow/.local/lib/python3.7/site-packages/airflow/example_dags/example_kubernetes_executor.py for tasks to queue
[2022-12-20 13:40:33,585] {logging_mixin.py:115} INFO - [2022-12-20 13:40:33,585] {dagbag.py:508} INFO - Filling up the DagBag from /home/airflow/.local/lib/python3.7/site-packages/airflow/example_dags/example_kubernetes_executor.py
[2022-12-20 13:40:33,632] {processor.py:651} INFO - DAG(s) dict_keys(['example_kubernetes_executor']) retrieved from /home/airflow/.local/lib/python3.7/site-packages/airflow/example_dags/example_kubernetes_executor.py
[2022-12-20 13:40:33,906] {logging_mixin.py:115} INFO - [2022-12-20 13:40:33,906] {dag.py:2420} INFO - Sync 1 DAGs
[2022-12-20 13:40:33,946] {logging_mixin.py:115} INFO - [2022-12-20 13:40:33,945] {dag.py:2972} INFO - Setting next_dagrun for example_kubernetes_executor to None, run_after=None
[2022-12-20 13:40:33,970] {processor.py:161} INFO - Processing /home/airflow/.local/lib/python3.7/site-packages/airflow/example_dags/example_kubernetes_executor.py took 0.394 seconds
[2022-12-20 13:41:04,111] {processor.py:153} INFO - Started process (PID=523) to work on /home/airflow/.local/lib/python3.7/site-packages/airflow/example_dags/example_kubernetes_executor.py
[2022-12-20 13:41:04,113] {processor.py:641} INFO - Processing file /home/airflow/.local/lib/python3.7/site-packages/airflow/example_dags/example_kubernetes_executor.py for tasks to queue
[2022-12-20 13:41:04,114] {logging_mixin.py:115} INFO - [2022-12-20 13:41:04,114] {dagbag.py:508} INFO - Filling up the DagBag from /home/airflow/.local/lib/python3.7/site-packages/airflow/example_dags/example_kubernetes_executor.py
[2022-12-20 13:41:04,178] {processor.py:651} INFO - DAG(s) dict_keys(['example_kubernetes_executor']) retrieved from /home/airflow/.local/lib/python3.7/site-packages/airflow/example_dags/example_kubernetes_executor.py
[2022-12-20 13:41:04,467] {logging_mixin.py:115} INFO - [2022-12-20 13:41:04,466] {dag.py:2420} INFO - Sync 1 DAGs
[2022-12-20 13:41:04,507] {logging_mixin.py:115} INFO - [2022-12-20 13:41:04,507] {dag.py:2972} INFO - Setting next_dagrun for example_kubernetes_executor to None, run_after=None
[2022-12-20 13:41:04,536] {processor.py:161} INFO - Processing /home/airflow/.local/lib/python3.7/site-packages/airflow/example_dags/example_kubernetes_executor.py took 0.432 seconds
[2022-12-20 13:41:34,754] {processor.py:153} INFO - Started process (PID=586) to work on /home/airflow/.local/lib/python3.7/site-packages/airflow/example_dags/example_kubernetes_executor.py
[2022-12-20 13:41:34,755] {processor.py:641} INFO - Processing file /home/airflow/.local/lib/python3.7/site-packages/airflow/example_dags/example_kubernetes_executor.py for tasks to queue
[2022-12-20 13:41:34,756] {logging_mixin.py:115} INFO - [2022-12-20 13:41:34,756] {dagbag.py:508} INFO - Filling up the DagBag from /home/airflow/.local/lib/python3.7/site-packages/airflow/example_dags/example_kubernetes_executor.py
[2022-12-20 13:41:34,796] {processor.py:651} INFO - DAG(s) dict_keys(['example_kubernetes_executor']) retrieved from /home/airflow/.local/lib/python3.7/site-packages/airflow/example_dags/example_kubernetes_executor.py
[2022-12-20 13:41:35,055] {logging_mixin.py:115} INFO - [2022-12-20 13:41:35,055] {dag.py:2420} INFO - Sync 1 DAGs
[2022-12-20 13:41:35,094] {logging_mixin.py:115} INFO - [2022-12-20 13:41:35,094] {dag.py:2972} INFO - Setting next_dagrun for example_kubernetes_executor to None, run_after=None
[2022-12-20 13:41:35,123] {processor.py:161} INFO - Processing /home/airflow/.local/lib/python3.7/site-packages/airflow/example_dags/example_kubernetes_executor.py took 0.373 seconds
[2022-12-20 13:42:06,051] {processor.py:153} INFO - Started process (PID=640) to work on /home/airflow/.local/lib/python3.7/site-packages/airflow/example_dags/example_kubernetes_executor.py
[2022-12-20 13:42:06,052] {processor.py:641} INFO - Processing file /home/airflow/.local/lib/python3.7/site-packages/airflow/example_dags/example_kubernetes_executor.py for tasks to queue
[2022-12-20 13:42:06,053] {logging_mixin.py:115} INFO - [2022-12-20 13:42:06,053] {dagbag.py:508} INFO - Filling up the DagBag from /home/airflow/.local/lib/python3.7/site-packages/airflow/example_dags/example_kubernetes_executor.py
[2022-12-20 13:42:06,318] {processor.py:651} INFO - DAG(s) dict_keys(['example_kubernetes_executor']) retrieved from /home/airflow/.local/lib/python3.7/site-packages/airflow/example_dags/example_kubernetes_executor.py
[2022-12-20 13:42:06,359] {logging_mixin.py:115} INFO - [2022-12-20 13:42:06,359] {dag.py:2420} INFO - Sync 1 DAGs
[2022-12-20 13:42:06,405] {logging_mixin.py:115} INFO - [2022-12-20 13:42:06,405] {dag.py:2972} INFO - Setting next_dagrun for example_kubernetes_executor to None, run_after=None
[2022-12-20 13:42:06,438] {processor.py:161} INFO - Processing /home/airflow/.local/lib/python3.7/site-packages/airflow/example_dags/example_kubernetes_executor.py took 0.393 seconds
[2022-12-20 13:42:36,734] {processor.py:153} INFO - Started process (PID=704) to work on /home/airflow/.local/lib/python3.7/site-packages/airflow/example_dags/example_kubernetes_executor.py
[2022-12-20 13:42:36,735] {processor.py:641} INFO - Processing file /home/airflow/.local/lib/python3.7/site-packages/airflow/example_dags/example_kubernetes_executor.py for tasks to queue
[2022-12-20 13:42:36,736] {logging_mixin.py:115} INFO - [2022-12-20 13:42:36,736] {dagbag.py:508} INFO - Filling up the DagBag from /home/airflow/.local/lib/python3.7/site-packages/airflow/example_dags/example_kubernetes_executor.py
[2022-12-20 13:42:37,078] {processor.py:651} INFO - DAG(s) dict_keys(['example_kubernetes_executor']) retrieved from /home/airflow/.local/lib/python3.7/site-packages/airflow/example_dags/example_kubernetes_executor.py
[2022-12-20 13:42:37,130] {logging_mixin.py:115} INFO - [2022-12-20 13:42:37,130] {dag.py:2420} INFO - Sync 1 DAGs
[2022-12-20 13:42:37,212] {logging_mixin.py:115} INFO - [2022-12-20 13:42:37,212] {dag.py:2972} INFO - Setting next_dagrun for example_kubernetes_executor to None, run_after=None
[2022-12-20 13:42:37,264] {processor.py:161} INFO - Processing /home/airflow/.local/lib/python3.7/site-packages/airflow/example_dags/example_kubernetes_executor.py took 0.535 seconds
[2022-12-20 13:43:07,539] {processor.py:153} INFO - Started process (PID=758) to work on /home/airflow/.local/lib/python3.7/site-packages/airflow/example_dags/example_kubernetes_executor.py
[2022-12-20 13:43:07,541] {processor.py:641} INFO - Processing file /home/airflow/.local/lib/python3.7/site-packages/airflow/example_dags/example_kubernetes_executor.py for tasks to queue
[2022-12-20 13:43:07,542] {logging_mixin.py:115} INFO - [2022-12-20 13:43:07,541] {dagbag.py:508} INFO - Filling up the DagBag from /home/airflow/.local/lib/python3.7/site-packages/airflow/example_dags/example_kubernetes_executor.py
[2022-12-20 13:43:07,594] {processor.py:651} INFO - DAG(s) dict_keys(['example_kubernetes_executor']) retrieved from /home/airflow/.local/lib/python3.7/site-packages/airflow/example_dags/example_kubernetes_executor.py
[2022-12-20 13:43:07,850] {logging_mixin.py:115} INFO - [2022-12-20 13:43:07,850] {dag.py:2420} INFO - Sync 1 DAGs
[2022-12-20 13:43:07,888] {logging_mixin.py:115} INFO - [2022-12-20 13:43:07,888] {dag.py:2972} INFO - Setting next_dagrun for example_kubernetes_executor to None, run_after=None
[2022-12-20 13:43:07,910] {processor.py:161} INFO - Processing /home/airflow/.local/lib/python3.7/site-packages/airflow/example_dags/example_kubernetes_executor.py took 0.377 seconds
[2022-12-20 13:43:38,005] {processor.py:153} INFO - Started process (PID=812) to work on /home/airflow/.local/lib/python3.7/site-packages/airflow/example_dags/example_kubernetes_executor.py
[2022-12-20 13:43:38,006] {processor.py:641} INFO - Processing file /home/airflow/.local/lib/python3.7/site-packages/airflow/example_dags/example_kubernetes_executor.py for tasks to queue
[2022-12-20 13:43:38,007] {logging_mixin.py:115} INFO - [2022-12-20 13:43:38,006] {dagbag.py:508} INFO - Filling up the DagBag from /home/airflow/.local/lib/python3.7/site-packages/airflow/example_dags/example_kubernetes_executor.py
[2022-12-20 13:43:38,303] {processor.py:651} INFO - DAG(s) dict_keys(['example_kubernetes_executor']) retrieved from /home/airflow/.local/lib/python3.7/site-packages/airflow/example_dags/example_kubernetes_executor.py
[2022-12-20 13:43:38,347] {logging_mixin.py:115} INFO - [2022-12-20 13:43:38,346] {dag.py:2420} INFO - Sync 1 DAGs
[2022-12-20 13:43:38,384] {logging_mixin.py:115} INFO - [2022-12-20 13:43:38,384] {dag.py:2972} INFO - Setting next_dagrun for example_kubernetes_executor to None, run_after=None
[2022-12-20 13:43:38,411] {processor.py:161} INFO - Processing /home/airflow/.local/lib/python3.7/site-packages/airflow/example_dags/example_kubernetes_executor.py took 0.412 seconds
[2022-12-20 13:44:08,635] {processor.py:153} INFO - Started process (PID=876) to work on /home/airflow/.local/lib/python3.7/site-packages/airflow/example_dags/example_kubernetes_executor.py
[2022-12-20 13:44:08,636] {processor.py:641} INFO - Processing file /home/airflow/.local/lib/python3.7/site-packages/airflow/example_dags/example_kubernetes_executor.py for tasks to queue
[2022-12-20 13:44:08,636] {logging_mixin.py:115} INFO - [2022-12-20 13:44:08,636] {dagbag.py:508} INFO - Filling up the DagBag from /home/airflow/.local/lib/python3.7/site-packages/airflow/example_dags/example_kubernetes_executor.py
[2022-12-20 13:44:08,905] {processor.py:651} INFO - DAG(s) dict_keys(['example_kubernetes_executor']) retrieved from /home/airflow/.local/lib/python3.7/site-packages/airflow/example_dags/example_kubernetes_executor.py
[2022-12-20 13:44:08,963] {logging_mixin.py:115} INFO - [2022-12-20 13:44:08,963] {dag.py:2420} INFO - Sync 1 DAGs
[2022-12-20 13:44:09,007] {logging_mixin.py:115} INFO - [2022-12-20 13:44:09,007] {dag.py:2972} INFO - Setting next_dagrun for example_kubernetes_executor to None, run_after=None
[2022-12-20 13:44:09,031] {processor.py:161} INFO - Processing /home/airflow/.local/lib/python3.7/site-packages/airflow/example_dags/example_kubernetes_executor.py took 0.401 seconds
[2022-12-20 13:44:39,366] {processor.py:153} INFO - Started process (PID=931) to work on /home/airflow/.local/lib/python3.7/site-packages/airflow/example_dags/example_kubernetes_executor.py
[2022-12-20 13:44:39,367] {processor.py:641} INFO - Processing file /home/airflow/.local/lib/python3.7/site-packages/airflow/example_dags/example_kubernetes_executor.py for tasks to queue
[2022-12-20 13:44:39,368] {logging_mixin.py:115} INFO - [2022-12-20 13:44:39,367] {dagbag.py:508} INFO - Filling up the DagBag from /home/airflow/.local/lib/python3.7/site-packages/airflow/example_dags/example_kubernetes_executor.py
[2022-12-20 13:44:39,695] {processor.py:651} INFO - DAG(s) dict_keys(['example_kubernetes_executor']) retrieved from /home/airflow/.local/lib/python3.7/site-packages/airflow/example_dags/example_kubernetes_executor.py
[2022-12-20 13:44:39,792] {logging_mixin.py:115} INFO - [2022-12-20 13:44:39,792] {dag.py:2420} INFO - Sync 1 DAGs
[2022-12-20 13:44:39,830] {logging_mixin.py:115} INFO - [2022-12-20 13:44:39,830] {dag.py:2972} INFO - Setting next_dagrun for example_kubernetes_executor to None, run_after=None
[2022-12-20 13:44:39,855] {processor.py:161} INFO - Processing /home/airflow/.local/lib/python3.7/site-packages/airflow/example_dags/example_kubernetes_executor.py took 0.494 seconds
[2022-12-20 13:45:11,032] {processor.py:153} INFO - Started process (PID=994) to work on /home/airflow/.local/lib/python3.7/site-packages/airflow/example_dags/example_kubernetes_executor.py
[2022-12-20 13:45:11,033] {processor.py:641} INFO - Processing file /home/airflow/.local/lib/python3.7/site-packages/airflow/example_dags/example_kubernetes_executor.py for tasks to queue
[2022-12-20 13:45:11,034] {logging_mixin.py:115} INFO - [2022-12-20 13:45:11,034] {dagbag.py:508} INFO - Filling up the DagBag from /home/airflow/.local/lib/python3.7/site-packages/airflow/example_dags/example_kubernetes_executor.py
[2022-12-20 13:45:11,291] {processor.py:651} INFO - DAG(s) dict_keys(['example_kubernetes_executor']) retrieved from /home/airflow/.local/lib/python3.7/site-packages/airflow/example_dags/example_kubernetes_executor.py
[2022-12-20 13:45:11,338] {logging_mixin.py:115} INFO - [2022-12-20 13:45:11,338] {dag.py:2420} INFO - Sync 1 DAGs
[2022-12-20 13:45:11,382] {logging_mixin.py:115} INFO - [2022-12-20 13:45:11,382] {dag.py:2972} INFO - Setting next_dagrun for example_kubernetes_executor to None, run_after=None
[2022-12-20 13:45:11,411] {processor.py:161} INFO - Processing /home/airflow/.local/lib/python3.7/site-packages/airflow/example_dags/example_kubernetes_executor.py took 0.384 seconds
[2022-12-20 13:45:42,068] {processor.py:153} INFO - Started process (PID=1048) to work on /home/airflow/.local/lib/python3.7/site-packages/airflow/example_dags/example_kubernetes_executor.py
[2022-12-20 13:45:42,069] {processor.py:641} INFO - Processing file /home/airflow/.local/lib/python3.7/site-packages/airflow/example_dags/example_kubernetes_executor.py for tasks to queue
[2022-12-20 13:45:42,070] {logging_mixin.py:115} INFO - [2022-12-20 13:45:42,070] {dagbag.py:508} INFO - Filling up the DagBag from /home/airflow/.local/lib/python3.7/site-packages/airflow/example_dags/example_kubernetes_executor.py
[2022-12-20 13:45:42,330] {processor.py:651} INFO - DAG(s) dict_keys(['example_kubernetes_executor']) retrieved from /home/airflow/.local/lib/python3.7/site-packages/airflow/example_dags/example_kubernetes_executor.py
[2022-12-20 13:45:42,370] {logging_mixin.py:115} INFO - [2022-12-20 13:45:42,370] {dag.py:2420} INFO - Sync 1 DAGs
[2022-12-20 13:45:42,408] {logging_mixin.py:115} INFO - [2022-12-20 13:45:42,408] {dag.py:2972} INFO - Setting next_dagrun for example_kubernetes_executor to None, run_after=None
[2022-12-20 13:45:42,431] {processor.py:161} INFO - Processing /home/airflow/.local/lib/python3.7/site-packages/airflow/example_dags/example_kubernetes_executor.py took 0.368 seconds
[2022-12-20 13:46:13,362] {processor.py:153} INFO - Started process (PID=1110) to work on /home/airflow/.local/lib/python3.7/site-packages/airflow/example_dags/example_kubernetes_executor.py
[2022-12-20 13:46:13,364] {processor.py:641} INFO - Processing file /home/airflow/.local/lib/python3.7/site-packages/airflow/example_dags/example_kubernetes_executor.py for tasks to queue
[2022-12-20 13:46:13,365] {logging_mixin.py:115} INFO - [2022-12-20 13:46:13,365] {dagbag.py:508} INFO - Filling up the DagBag from /home/airflow/.local/lib/python3.7/site-packages/airflow/example_dags/example_kubernetes_executor.py
[2022-12-20 13:46:13,750] {processor.py:651} INFO - DAG(s) dict_keys(['example_kubernetes_executor']) retrieved from /home/airflow/.local/lib/python3.7/site-packages/airflow/example_dags/example_kubernetes_executor.py
[2022-12-20 13:46:13,810] {logging_mixin.py:115} INFO - [2022-12-20 13:46:13,810] {dag.py:2420} INFO - Sync 1 DAGs
[2022-12-20 13:46:13,873] {logging_mixin.py:115} INFO - [2022-12-20 13:46:13,872] {dag.py:2972} INFO - Setting next_dagrun for example_kubernetes_executor to None, run_after=None
[2022-12-20 13:46:13,912] {processor.py:161} INFO - Processing /home/airflow/.local/lib/python3.7/site-packages/airflow/example_dags/example_kubernetes_executor.py took 0.556 seconds
[2022-12-20 13:46:44,735] {processor.py:153} INFO - Started process (PID=1164) to work on /home/airflow/.local/lib/python3.7/site-packages/airflow/example_dags/example_kubernetes_executor.py
[2022-12-20 13:46:44,736] {processor.py:641} INFO - Processing file /home/airflow/.local/lib/python3.7/site-packages/airflow/example_dags/example_kubernetes_executor.py for tasks to queue
[2022-12-20 13:46:44,737] {logging_mixin.py:115} INFO - [2022-12-20 13:46:44,737] {dagbag.py:508} INFO - Filling up the DagBag from /home/airflow/.local/lib/python3.7/site-packages/airflow/example_dags/example_kubernetes_executor.py
[2022-12-20 13:46:44,981] {processor.py:651} INFO - DAG(s) dict_keys(['example_kubernetes_executor']) retrieved from /home/airflow/.local/lib/python3.7/site-packages/airflow/example_dags/example_kubernetes_executor.py
[2022-12-20 13:46:45,022] {logging_mixin.py:115} INFO - [2022-12-20 13:46:45,022] {dag.py:2420} INFO - Sync 1 DAGs
[2022-12-20 13:46:45,062] {logging_mixin.py:115} INFO - [2022-12-20 13:46:45,062] {dag.py:2972} INFO - Setting next_dagrun for example_kubernetes_executor to None, run_after=None
[2022-12-20 13:46:45,086] {processor.py:161} INFO - Processing /home/airflow/.local/lib/python3.7/site-packages/airflow/example_dags/example_kubernetes_executor.py took 0.355 seconds
[2022-12-20 13:47:15,430] {processor.py:153} INFO - Started process (PID=1219) to work on /home/airflow/.local/lib/python3.7/site-packages/airflow/example_dags/example_kubernetes_executor.py
[2022-12-20 13:47:15,431] {processor.py:641} INFO - Processing file /home/airflow/.local/lib/python3.7/site-packages/airflow/example_dags/example_kubernetes_executor.py for tasks to queue
[2022-12-20 13:47:15,432] {logging_mixin.py:115} INFO - [2022-12-20 13:47:15,432] {dagbag.py:508} INFO - Filling up the DagBag from /home/airflow/.local/lib/python3.7/site-packages/airflow/example_dags/example_kubernetes_executor.py
[2022-12-20 13:47:15,673] {processor.py:651} INFO - DAG(s) dict_keys(['example_kubernetes_executor']) retrieved from /home/airflow/.local/lib/python3.7/site-packages/airflow/example_dags/example_kubernetes_executor.py
[2022-12-20 13:47:15,713] {logging_mixin.py:115} INFO - [2022-12-20 13:47:15,713] {dag.py:2420} INFO - Sync 1 DAGs
[2022-12-20 13:47:15,753] {logging_mixin.py:115} INFO - [2022-12-20 13:47:15,752] {dag.py:2972} INFO - Setting next_dagrun for example_kubernetes_executor to None, run_after=None
[2022-12-20 13:47:15,781] {processor.py:161} INFO - Processing /home/airflow/.local/lib/python3.7/site-packages/airflow/example_dags/example_kubernetes_executor.py took 0.354 seconds
[2022-12-20 13:47:46,382] {processor.py:153} INFO - Started process (PID=1283) to work on /home/airflow/.local/lib/python3.7/site-packages/airflow/example_dags/example_kubernetes_executor.py
[2022-12-20 13:47:46,384] {processor.py:641} INFO - Processing file /home/airflow/.local/lib/python3.7/site-packages/airflow/example_dags/example_kubernetes_executor.py for tasks to queue
[2022-12-20 13:47:46,385] {logging_mixin.py:115} INFO - [2022-12-20 13:47:46,385] {dagbag.py:508} INFO - Filling up the DagBag from /home/airflow/.local/lib/python3.7/site-packages/airflow/example_dags/example_kubernetes_executor.py
[2022-12-20 13:47:46,660] {processor.py:651} INFO - DAG(s) dict_keys(['example_kubernetes_executor']) retrieved from /home/airflow/.local/lib/python3.7/site-packages/airflow/example_dags/example_kubernetes_executor.py
[2022-12-20 13:47:46,698] {logging_mixin.py:115} INFO - [2022-12-20 13:47:46,698] {dag.py:2420} INFO - Sync 1 DAGs
[2022-12-20 13:47:46,738] {logging_mixin.py:115} INFO - [2022-12-20 13:47:46,738] {dag.py:2972} INFO - Setting next_dagrun for example_kubernetes_executor to None, run_after=None
[2022-12-20 13:47:46,763] {processor.py:161} INFO - Processing /home/airflow/.local/lib/python3.7/site-packages/airflow/example_dags/example_kubernetes_executor.py took 0.387 seconds
[2022-12-20 13:48:17,017] {processor.py:153} INFO - Started process (PID=1338) to work on /home/airflow/.local/lib/python3.7/site-packages/airflow/example_dags/example_kubernetes_executor.py
[2022-12-20 13:48:17,018] {processor.py:641} INFO - Processing file /home/airflow/.local/lib/python3.7/site-packages/airflow/example_dags/example_kubernetes_executor.py for tasks to queue
[2022-12-20 13:48:17,019] {logging_mixin.py:115} INFO - [2022-12-20 13:48:17,018] {dagbag.py:508} INFO - Filling up the DagBag from /home/airflow/.local/lib/python3.7/site-packages/airflow/example_dags/example_kubernetes_executor.py
[2022-12-20 13:48:17,261] {processor.py:651} INFO - DAG(s) dict_keys(['example_kubernetes_executor']) retrieved from /home/airflow/.local/lib/python3.7/site-packages/airflow/example_dags/example_kubernetes_executor.py
[2022-12-20 13:48:17,301] {logging_mixin.py:115} INFO - [2022-12-20 13:48:17,301] {dag.py:2420} INFO - Sync 1 DAGs
[2022-12-20 13:48:17,338] {logging_mixin.py:115} INFO - [2022-12-20 13:48:17,338] {dag.py:2972} INFO - Setting next_dagrun for example_kubernetes_executor to None, run_after=None
[2022-12-20 13:48:17,365] {processor.py:161} INFO - Processing /home/airflow/.local/lib/python3.7/site-packages/airflow/example_dags/example_kubernetes_executor.py took 0.353 seconds
[2022-12-20 13:48:47,766] {processor.py:153} INFO - Started process (PID=1400) to work on /home/airflow/.local/lib/python3.7/site-packages/airflow/example_dags/example_kubernetes_executor.py
[2022-12-20 13:48:47,767] {processor.py:641} INFO - Processing file /home/airflow/.local/lib/python3.7/site-packages/airflow/example_dags/example_kubernetes_executor.py for tasks to queue
[2022-12-20 13:48:47,768] {logging_mixin.py:115} INFO - [2022-12-20 13:48:47,768] {dagbag.py:508} INFO - Filling up the DagBag from /home/airflow/.local/lib/python3.7/site-packages/airflow/example_dags/example_kubernetes_executor.py
[2022-12-20 13:48:48,034] {processor.py:651} INFO - DAG(s) dict_keys(['example_kubernetes_executor']) retrieved from /home/airflow/.local/lib/python3.7/site-packages/airflow/example_dags/example_kubernetes_executor.py
[2022-12-20 13:48:48,079] {logging_mixin.py:115} INFO - [2022-12-20 13:48:48,079] {dag.py:2420} INFO - Sync 1 DAGs
[2022-12-20 13:48:48,124] {logging_mixin.py:115} INFO - [2022-12-20 13:48:48,124] {dag.py:2972} INFO - Setting next_dagrun for example_kubernetes_executor to None, run_after=None
[2022-12-20 13:48:48,150] {processor.py:161} INFO - Processing /home/airflow/.local/lib/python3.7/site-packages/airflow/example_dags/example_kubernetes_executor.py took 0.389 seconds
[2022-12-20 13:49:18,475] {processor.py:153} INFO - Started process (PID=1454) to work on /home/airflow/.local/lib/python3.7/site-packages/airflow/example_dags/example_kubernetes_executor.py
[2022-12-20 13:49:18,476] {processor.py:641} INFO - Processing file /home/airflow/.local/lib/python3.7/site-packages/airflow/example_dags/example_kubernetes_executor.py for tasks to queue
[2022-12-20 13:49:18,477] {logging_mixin.py:115} INFO - [2022-12-20 13:49:18,477] {dagbag.py:508} INFO - Filling up the DagBag from /home/airflow/.local/lib/python3.7/site-packages/airflow/example_dags/example_kubernetes_executor.py
[2022-12-20 13:49:18,748] {processor.py:651} INFO - DAG(s) dict_keys(['example_kubernetes_executor']) retrieved from /home/airflow/.local/lib/python3.7/site-packages/airflow/example_dags/example_kubernetes_executor.py
[2022-12-20 13:49:18,784] {logging_mixin.py:115} INFO - [2022-12-20 13:49:18,784] {dag.py:2420} INFO - Sync 1 DAGs
[2022-12-20 13:49:18,824] {logging_mixin.py:115} INFO - [2022-12-20 13:49:18,824] {dag.py:2972} INFO - Setting next_dagrun for example_kubernetes_executor to None, run_after=None
[2022-12-20 13:49:18,851] {processor.py:161} INFO - Processing /home/airflow/.local/lib/python3.7/site-packages/airflow/example_dags/example_kubernetes_executor.py took 0.383 seconds
[2022-12-20 13:49:49,629] {processor.py:153} INFO - Started process (PID=1509) to work on /home/airflow/.local/lib/python3.7/site-packages/airflow/example_dags/example_kubernetes_executor.py
[2022-12-20 13:49:49,630] {processor.py:641} INFO - Processing file /home/airflow/.local/lib/python3.7/site-packages/airflow/example_dags/example_kubernetes_executor.py for tasks to queue
[2022-12-20 13:49:49,630] {logging_mixin.py:115} INFO - [2022-12-20 13:49:49,630] {dagbag.py:508} INFO - Filling up the DagBag from /home/airflow/.local/lib/python3.7/site-packages/airflow/example_dags/example_kubernetes_executor.py
[2022-12-20 13:49:49,945] {processor.py:651} INFO - DAG(s) dict_keys(['example_kubernetes_executor']) retrieved from /home/airflow/.local/lib/python3.7/site-packages/airflow/example_dags/example_kubernetes_executor.py
[2022-12-20 13:49:50,000] {logging_mixin.py:115} INFO - [2022-12-20 13:49:50,000] {dag.py:2420} INFO - Sync 1 DAGs
[2022-12-20 13:49:50,053] {logging_mixin.py:115} INFO - [2022-12-20 13:49:50,053] {dag.py:2972} INFO - Setting next_dagrun for example_kubernetes_executor to None, run_after=None
[2022-12-20 13:49:50,081] {processor.py:161} INFO - Processing /home/airflow/.local/lib/python3.7/site-packages/airflow/example_dags/example_kubernetes_executor.py took 0.458 seconds
[2022-12-20 13:50:20,147] {processor.py:153} INFO - Started process (PID=1571) to work on /home/airflow/.local/lib/python3.7/site-packages/airflow/example_dags/example_kubernetes_executor.py
[2022-12-20 13:50:20,147] {processor.py:641} INFO - Processing file /home/airflow/.local/lib/python3.7/site-packages/airflow/example_dags/example_kubernetes_executor.py for tasks to queue
[2022-12-20 13:50:20,148] {logging_mixin.py:115} INFO - [2022-12-20 13:50:20,148] {dagbag.py:508} INFO - Filling up the DagBag from /home/airflow/.local/lib/python3.7/site-packages/airflow/example_dags/example_kubernetes_executor.py
[2022-12-20 13:50:20,377] {processor.py:651} INFO - DAG(s) dict_keys(['example_kubernetes_executor']) retrieved from /home/airflow/.local/lib/python3.7/site-packages/airflow/example_dags/example_kubernetes_executor.py
[2022-12-20 13:50:20,415] {logging_mixin.py:115} INFO - [2022-12-20 13:50:20,414] {dag.py:2420} INFO - Sync 1 DAGs
[2022-12-20 13:50:20,454] {logging_mixin.py:115} INFO - [2022-12-20 13:50:20,454] {dag.py:2972} INFO - Setting next_dagrun for example_kubernetes_executor to None, run_after=None
[2022-12-20 13:50:20,480] {processor.py:161} INFO - Processing /home/airflow/.local/lib/python3.7/site-packages/airflow/example_dags/example_kubernetes_executor.py took 0.338 seconds
[2022-12-20 13:50:50,785] {processor.py:153} INFO - Started process (PID=1625) to work on /home/airflow/.local/lib/python3.7/site-packages/airflow/example_dags/example_kubernetes_executor.py
[2022-12-20 13:50:50,786] {processor.py:641} INFO - Processing file /home/airflow/.local/lib/python3.7/site-packages/airflow/example_dags/example_kubernetes_executor.py for tasks to queue
[2022-12-20 13:50:50,787] {logging_mixin.py:115} INFO - [2022-12-20 13:50:50,787] {dagbag.py:508} INFO - Filling up the DagBag from /home/airflow/.local/lib/python3.7/site-packages/airflow/example_dags/example_kubernetes_executor.py
[2022-12-20 13:50:51,046] {processor.py:651} INFO - DAG(s) dict_keys(['example_kubernetes_executor']) retrieved from /home/airflow/.local/lib/python3.7/site-packages/airflow/example_dags/example_kubernetes_executor.py
[2022-12-20 13:50:51,086] {logging_mixin.py:115} INFO - [2022-12-20 13:50:51,086] {dag.py:2420} INFO - Sync 1 DAGs
[2022-12-20 13:50:51,126] {logging_mixin.py:115} INFO - [2022-12-20 13:50:51,126] {dag.py:2972} INFO - Setting next_dagrun for example_kubernetes_executor to None, run_after=None
[2022-12-20 13:50:51,151] {processor.py:161} INFO - Processing /home/airflow/.local/lib/python3.7/site-packages/airflow/example_dags/example_kubernetes_executor.py took 0.372 seconds
[2022-12-20 13:51:22,578] {processor.py:153} INFO - Started process (PID=1687) to work on /home/airflow/.local/lib/python3.7/site-packages/airflow/example_dags/example_kubernetes_executor.py
[2022-12-20 13:51:22,579] {processor.py:641} INFO - Processing file /home/airflow/.local/lib/python3.7/site-packages/airflow/example_dags/example_kubernetes_executor.py for tasks to queue
[2022-12-20 13:51:22,579] {logging_mixin.py:115} INFO - [2022-12-20 13:51:22,579] {dagbag.py:508} INFO - Filling up the DagBag from /home/airflow/.local/lib/python3.7/site-packages/airflow/example_dags/example_kubernetes_executor.py
[2022-12-20 13:51:22,823] {processor.py:651} INFO - DAG(s) dict_keys(['example_kubernetes_executor']) retrieved from /home/airflow/.local/lib/python3.7/site-packages/airflow/example_dags/example_kubernetes_executor.py
[2022-12-20 13:51:22,858] {logging_mixin.py:115} INFO - [2022-12-20 13:51:22,858] {dag.py:2420} INFO - Sync 1 DAGs
[2022-12-20 13:51:22,891] {logging_mixin.py:115} INFO - [2022-12-20 13:51:22,891] {dag.py:2972} INFO - Setting next_dagrun for example_kubernetes_executor to None, run_after=None
[2022-12-20 13:51:22,909] {processor.py:161} INFO - Processing /home/airflow/.local/lib/python3.7/site-packages/airflow/example_dags/example_kubernetes_executor.py took 0.337 seconds
