[2022-12-20 10:30:37,633] {processor.py:153} INFO - Started process (PID=67) to work on /home/airflow/.local/lib/python3.7/site-packages/airflow/example_dags/example_nested_branch_dag.py
[2022-12-20 10:30:37,634] {processor.py:641} INFO - Processing file /home/airflow/.local/lib/python3.7/site-packages/airflow/example_dags/example_nested_branch_dag.py for tasks to queue
[2022-12-20 10:30:37,635] {logging_mixin.py:115} INFO - [2022-12-20 10:30:37,634] {dagbag.py:508} INFO - Filling up the DagBag from /home/airflow/.local/lib/python3.7/site-packages/airflow/example_dags/example_nested_branch_dag.py
[2022-12-20 10:30:37,657] {processor.py:651} INFO - DAG(s) dict_keys(['example_nested_branch_dag']) retrieved from /home/airflow/.local/lib/python3.7/site-packages/airflow/example_dags/example_nested_branch_dag.py
[2022-12-20 10:30:37,713] {logging_mixin.py:115} INFO - [2022-12-20 10:30:37,713] {dag.py:2420} INFO - Sync 1 DAGs
[2022-12-20 10:30:37,945] {logging_mixin.py:115} INFO - [2022-12-20 10:30:37,944] {dag.py:2972} INFO - Setting next_dagrun for example_nested_branch_dag to 2022-12-19T00:00:00+00:00, run_after=2022-12-20T00:00:00+00:00
[2022-12-20 10:30:37,974] {processor.py:161} INFO - Processing /home/airflow/.local/lib/python3.7/site-packages/airflow/example_dags/example_nested_branch_dag.py took 0.346 seconds
[2022-12-20 13:30:59,004] {processor.py:153} INFO - Started process (PID=122) to work on /home/airflow/.local/lib/python3.7/site-packages/airflow/example_dags/example_nested_branch_dag.py
[2022-12-20 13:30:59,005] {processor.py:641} INFO - Processing file /home/airflow/.local/lib/python3.7/site-packages/airflow/example_dags/example_nested_branch_dag.py for tasks to queue
[2022-12-20 13:30:59,006] {logging_mixin.py:115} INFO - [2022-12-20 13:30:59,006] {dagbag.py:508} INFO - Filling up the DagBag from /home/airflow/.local/lib/python3.7/site-packages/airflow/example_dags/example_nested_branch_dag.py
[2022-12-20 13:30:59,027] {processor.py:651} INFO - DAG(s) dict_keys(['example_nested_branch_dag']) retrieved from /home/airflow/.local/lib/python3.7/site-packages/airflow/example_dags/example_nested_branch_dag.py
[2022-12-20 13:30:59,097] {logging_mixin.py:115} INFO - [2022-12-20 13:30:59,097] {dag.py:2420} INFO - Sync 1 DAGs
[2022-12-20 13:30:59,437] {logging_mixin.py:115} INFO - [2022-12-20 13:30:59,437] {dag.py:2972} INFO - Setting next_dagrun for example_nested_branch_dag to 2022-12-19T00:00:00+00:00, run_after=2022-12-20T00:00:00+00:00
[2022-12-20 13:30:59,462] {processor.py:161} INFO - Processing /home/airflow/.local/lib/python3.7/site-packages/airflow/example_dags/example_nested_branch_dag.py took 0.463 seconds
[2022-12-20 13:31:29,988] {processor.py:153} INFO - Started process (PID=177) to work on /home/airflow/.local/lib/python3.7/site-packages/airflow/example_dags/example_nested_branch_dag.py
[2022-12-20 13:31:29,989] {processor.py:641} INFO - Processing file /home/airflow/.local/lib/python3.7/site-packages/airflow/example_dags/example_nested_branch_dag.py for tasks to queue
[2022-12-20 13:31:29,990] {logging_mixin.py:115} INFO - [2022-12-20 13:31:29,990] {dagbag.py:508} INFO - Filling up the DagBag from /home/airflow/.local/lib/python3.7/site-packages/airflow/example_dags/example_nested_branch_dag.py
[2022-12-20 13:31:30,013] {processor.py:651} INFO - DAG(s) dict_keys(['example_nested_branch_dag']) retrieved from /home/airflow/.local/lib/python3.7/site-packages/airflow/example_dags/example_nested_branch_dag.py
[2022-12-20 13:31:30,060] {logging_mixin.py:115} INFO - [2022-12-20 13:31:30,060] {dag.py:2420} INFO - Sync 1 DAGs
[2022-12-20 13:31:30,288] {logging_mixin.py:115} INFO - [2022-12-20 13:31:30,288] {dag.py:2972} INFO - Setting next_dagrun for example_nested_branch_dag to 2022-12-19T00:00:00+00:00, run_after=2022-12-20T00:00:00+00:00
[2022-12-20 13:31:30,315] {processor.py:161} INFO - Processing /home/airflow/.local/lib/python3.7/site-packages/airflow/example_dags/example_nested_branch_dag.py took 0.333 seconds
[2022-12-20 13:32:00,643] {processor.py:153} INFO - Started process (PID=239) to work on /home/airflow/.local/lib/python3.7/site-packages/airflow/example_dags/example_nested_branch_dag.py
[2022-12-20 13:32:00,644] {processor.py:641} INFO - Processing file /home/airflow/.local/lib/python3.7/site-packages/airflow/example_dags/example_nested_branch_dag.py for tasks to queue
[2022-12-20 13:32:00,645] {logging_mixin.py:115} INFO - [2022-12-20 13:32:00,645] {dagbag.py:508} INFO - Filling up the DagBag from /home/airflow/.local/lib/python3.7/site-packages/airflow/example_dags/example_nested_branch_dag.py
[2022-12-20 13:32:00,664] {processor.py:651} INFO - DAG(s) dict_keys(['example_nested_branch_dag']) retrieved from /home/airflow/.local/lib/python3.7/site-packages/airflow/example_dags/example_nested_branch_dag.py
[2022-12-20 13:32:00,720] {logging_mixin.py:115} INFO - [2022-12-20 13:32:00,720] {dag.py:2420} INFO - Sync 1 DAGs
[2022-12-20 13:32:00,969] {logging_mixin.py:115} INFO - [2022-12-20 13:32:00,969] {dag.py:2972} INFO - Setting next_dagrun for example_nested_branch_dag to 2022-12-19T00:00:00+00:00, run_after=2022-12-20T00:00:00+00:00
[2022-12-20 13:32:00,994] {processor.py:161} INFO - Processing /home/airflow/.local/lib/python3.7/site-packages/airflow/example_dags/example_nested_branch_dag.py took 0.357 seconds
[2022-12-20 13:32:31,185] {processor.py:153} INFO - Started process (PID=294) to work on /home/airflow/.local/lib/python3.7/site-packages/airflow/example_dags/example_nested_branch_dag.py
[2022-12-20 13:32:31,186] {processor.py:641} INFO - Processing file /home/airflow/.local/lib/python3.7/site-packages/airflow/example_dags/example_nested_branch_dag.py for tasks to queue
[2022-12-20 13:32:31,187] {logging_mixin.py:115} INFO - [2022-12-20 13:32:31,187] {dagbag.py:508} INFO - Filling up the DagBag from /home/airflow/.local/lib/python3.7/site-packages/airflow/example_dags/example_nested_branch_dag.py
[2022-12-20 13:32:31,202] {processor.py:651} INFO - DAG(s) dict_keys(['example_nested_branch_dag']) retrieved from /home/airflow/.local/lib/python3.7/site-packages/airflow/example_dags/example_nested_branch_dag.py
[2022-12-20 13:32:31,247] {logging_mixin.py:115} INFO - [2022-12-20 13:32:31,247] {dag.py:2420} INFO - Sync 1 DAGs
[2022-12-20 13:32:31,479] {logging_mixin.py:115} INFO - [2022-12-20 13:32:31,479] {dag.py:2972} INFO - Setting next_dagrun for example_nested_branch_dag to 2022-12-19T00:00:00+00:00, run_after=2022-12-20T00:00:00+00:00
[2022-12-20 13:32:31,502] {processor.py:161} INFO - Processing /home/airflow/.local/lib/python3.7/site-packages/airflow/example_dags/example_nested_branch_dag.py took 0.320 seconds
[2022-12-20 13:33:01,619] {processor.py:153} INFO - Started process (PID=348) to work on /home/airflow/.local/lib/python3.7/site-packages/airflow/example_dags/example_nested_branch_dag.py
[2022-12-20 13:33:01,620] {processor.py:641} INFO - Processing file /home/airflow/.local/lib/python3.7/site-packages/airflow/example_dags/example_nested_branch_dag.py for tasks to queue
[2022-12-20 13:33:01,621] {logging_mixin.py:115} INFO - [2022-12-20 13:33:01,621] {dagbag.py:508} INFO - Filling up the DagBag from /home/airflow/.local/lib/python3.7/site-packages/airflow/example_dags/example_nested_branch_dag.py
[2022-12-20 13:33:01,636] {processor.py:651} INFO - DAG(s) dict_keys(['example_nested_branch_dag']) retrieved from /home/airflow/.local/lib/python3.7/site-packages/airflow/example_dags/example_nested_branch_dag.py
[2022-12-20 13:33:01,683] {logging_mixin.py:115} INFO - [2022-12-20 13:33:01,683] {dag.py:2420} INFO - Sync 1 DAGs
[2022-12-20 13:33:01,935] {logging_mixin.py:115} INFO - [2022-12-20 13:33:01,935] {dag.py:2972} INFO - Setting next_dagrun for example_nested_branch_dag to 2022-12-19T00:00:00+00:00, run_after=2022-12-20T00:00:00+00:00
[2022-12-20 13:33:01,961] {processor.py:161} INFO - Processing /home/airflow/.local/lib/python3.7/site-packages/airflow/example_dags/example_nested_branch_dag.py took 0.346 seconds
[2022-12-20 13:33:32,597] {processor.py:153} INFO - Started process (PID=411) to work on /home/airflow/.local/lib/python3.7/site-packages/airflow/example_dags/example_nested_branch_dag.py
[2022-12-20 13:33:32,598] {processor.py:641} INFO - Processing file /home/airflow/.local/lib/python3.7/site-packages/airflow/example_dags/example_nested_branch_dag.py for tasks to queue
[2022-12-20 13:33:32,599] {logging_mixin.py:115} INFO - [2022-12-20 13:33:32,599] {dagbag.py:508} INFO - Filling up the DagBag from /home/airflow/.local/lib/python3.7/site-packages/airflow/example_dags/example_nested_branch_dag.py
[2022-12-20 13:33:32,616] {processor.py:651} INFO - DAG(s) dict_keys(['example_nested_branch_dag']) retrieved from /home/airflow/.local/lib/python3.7/site-packages/airflow/example_dags/example_nested_branch_dag.py
[2022-12-20 13:33:32,662] {logging_mixin.py:115} INFO - [2022-12-20 13:33:32,662] {dag.py:2420} INFO - Sync 1 DAGs
[2022-12-20 13:33:32,911] {logging_mixin.py:115} INFO - [2022-12-20 13:33:32,911] {dag.py:2972} INFO - Setting next_dagrun for example_nested_branch_dag to 2022-12-19T00:00:00+00:00, run_after=2022-12-20T00:00:00+00:00
[2022-12-20 13:33:32,938] {processor.py:161} INFO - Processing /home/airflow/.local/lib/python3.7/site-packages/airflow/example_dags/example_nested_branch_dag.py took 0.346 seconds
[2022-12-20 13:34:03,200] {processor.py:153} INFO - Started process (PID=466) to work on /home/airflow/.local/lib/python3.7/site-packages/airflow/example_dags/example_nested_branch_dag.py
[2022-12-20 13:34:03,201] {processor.py:641} INFO - Processing file /home/airflow/.local/lib/python3.7/site-packages/airflow/example_dags/example_nested_branch_dag.py for tasks to queue
[2022-12-20 13:34:03,202] {logging_mixin.py:115} INFO - [2022-12-20 13:34:03,202] {dagbag.py:508} INFO - Filling up the DagBag from /home/airflow/.local/lib/python3.7/site-packages/airflow/example_dags/example_nested_branch_dag.py
[2022-12-20 13:34:03,228] {processor.py:651} INFO - DAG(s) dict_keys(['example_nested_branch_dag']) retrieved from /home/airflow/.local/lib/python3.7/site-packages/airflow/example_dags/example_nested_branch_dag.py
[2022-12-20 13:34:03,279] {logging_mixin.py:115} INFO - [2022-12-20 13:34:03,279] {dag.py:2420} INFO - Sync 1 DAGs
[2022-12-20 13:34:03,530] {logging_mixin.py:115} INFO - [2022-12-20 13:34:03,529] {dag.py:2972} INFO - Setting next_dagrun for example_nested_branch_dag to 2022-12-19T00:00:00+00:00, run_after=2022-12-20T00:00:00+00:00
[2022-12-20 13:34:03,553] {processor.py:161} INFO - Processing /home/airflow/.local/lib/python3.7/site-packages/airflow/example_dags/example_nested_branch_dag.py took 0.360 seconds
[2022-12-20 13:34:33,814] {processor.py:153} INFO - Started process (PID=529) to work on /home/airflow/.local/lib/python3.7/site-packages/airflow/example_dags/example_nested_branch_dag.py
[2022-12-20 13:34:33,815] {processor.py:641} INFO - Processing file /home/airflow/.local/lib/python3.7/site-packages/airflow/example_dags/example_nested_branch_dag.py for tasks to queue
[2022-12-20 13:34:33,816] {logging_mixin.py:115} INFO - [2022-12-20 13:34:33,815] {dagbag.py:508} INFO - Filling up the DagBag from /home/airflow/.local/lib/python3.7/site-packages/airflow/example_dags/example_nested_branch_dag.py
[2022-12-20 13:34:33,837] {processor.py:651} INFO - DAG(s) dict_keys(['example_nested_branch_dag']) retrieved from /home/airflow/.local/lib/python3.7/site-packages/airflow/example_dags/example_nested_branch_dag.py
[2022-12-20 13:34:33,902] {logging_mixin.py:115} INFO - [2022-12-20 13:34:33,902] {dag.py:2420} INFO - Sync 1 DAGs
[2022-12-20 13:34:34,170] {logging_mixin.py:115} INFO - [2022-12-20 13:34:34,169] {dag.py:2972} INFO - Setting next_dagrun for example_nested_branch_dag to 2022-12-19T00:00:00+00:00, run_after=2022-12-20T00:00:00+00:00
[2022-12-20 13:34:34,196] {processor.py:161} INFO - Processing /home/airflow/.local/lib/python3.7/site-packages/airflow/example_dags/example_nested_branch_dag.py took 0.387 seconds
[2022-12-20 13:36:57,096] {processor.py:153} INFO - Started process (PID=67) to work on /home/airflow/.local/lib/python3.7/site-packages/airflow/example_dags/example_nested_branch_dag.py
[2022-12-20 13:36:57,105] {processor.py:641} INFO - Processing file /home/airflow/.local/lib/python3.7/site-packages/airflow/example_dags/example_nested_branch_dag.py for tasks to queue
[2022-12-20 13:36:57,106] {logging_mixin.py:115} INFO - [2022-12-20 13:36:57,105] {dagbag.py:508} INFO - Filling up the DagBag from /home/airflow/.local/lib/python3.7/site-packages/airflow/example_dags/example_nested_branch_dag.py
[2022-12-20 13:36:57,139] {processor.py:651} INFO - DAG(s) dict_keys(['example_nested_branch_dag']) retrieved from /home/airflow/.local/lib/python3.7/site-packages/airflow/example_dags/example_nested_branch_dag.py
[2022-12-20 13:36:57,208] {logging_mixin.py:115} INFO - [2022-12-20 13:36:57,208] {dag.py:2420} INFO - Sync 1 DAGs
[2022-12-20 13:36:57,505] {logging_mixin.py:115} INFO - [2022-12-20 13:36:57,505] {dag.py:2972} INFO - Setting next_dagrun for example_nested_branch_dag to 2022-12-19T00:00:00+00:00, run_after=2022-12-20T00:00:00+00:00
[2022-12-20 13:36:57,529] {processor.py:161} INFO - Processing /home/airflow/.local/lib/python3.7/site-packages/airflow/example_dags/example_nested_branch_dag.py took 0.440 seconds
[2022-12-20 13:37:28,881] {processor.py:153} INFO - Started process (PID=130) to work on /home/airflow/.local/lib/python3.7/site-packages/airflow/example_dags/example_nested_branch_dag.py
[2022-12-20 13:37:28,882] {processor.py:641} INFO - Processing file /home/airflow/.local/lib/python3.7/site-packages/airflow/example_dags/example_nested_branch_dag.py for tasks to queue
[2022-12-20 13:37:28,883] {logging_mixin.py:115} INFO - [2022-12-20 13:37:28,883] {dagbag.py:508} INFO - Filling up the DagBag from /home/airflow/.local/lib/python3.7/site-packages/airflow/example_dags/example_nested_branch_dag.py
[2022-12-20 13:37:28,907] {processor.py:651} INFO - DAG(s) dict_keys(['example_nested_branch_dag']) retrieved from /home/airflow/.local/lib/python3.7/site-packages/airflow/example_dags/example_nested_branch_dag.py
[2022-12-20 13:37:28,982] {logging_mixin.py:115} INFO - [2022-12-20 13:37:28,982] {dag.py:2420} INFO - Sync 1 DAGs
[2022-12-20 13:37:29,353] {logging_mixin.py:115} INFO - [2022-12-20 13:37:29,353] {dag.py:2972} INFO - Setting next_dagrun for example_nested_branch_dag to 2022-12-19T00:00:00+00:00, run_after=2022-12-20T00:00:00+00:00
[2022-12-20 13:37:29,392] {processor.py:161} INFO - Processing /home/airflow/.local/lib/python3.7/site-packages/airflow/example_dags/example_nested_branch_dag.py took 0.517 seconds
[2022-12-20 13:37:59,499] {processor.py:153} INFO - Started process (PID=184) to work on /home/airflow/.local/lib/python3.7/site-packages/airflow/example_dags/example_nested_branch_dag.py
[2022-12-20 13:37:59,500] {processor.py:641} INFO - Processing file /home/airflow/.local/lib/python3.7/site-packages/airflow/example_dags/example_nested_branch_dag.py for tasks to queue
[2022-12-20 13:37:59,501] {logging_mixin.py:115} INFO - [2022-12-20 13:37:59,501] {dagbag.py:508} INFO - Filling up the DagBag from /home/airflow/.local/lib/python3.7/site-packages/airflow/example_dags/example_nested_branch_dag.py
[2022-12-20 13:37:59,517] {processor.py:651} INFO - DAG(s) dict_keys(['example_nested_branch_dag']) retrieved from /home/airflow/.local/lib/python3.7/site-packages/airflow/example_dags/example_nested_branch_dag.py
[2022-12-20 13:37:59,569] {logging_mixin.py:115} INFO - [2022-12-20 13:37:59,569] {dag.py:2420} INFO - Sync 1 DAGs
[2022-12-20 13:37:59,819] {logging_mixin.py:115} INFO - [2022-12-20 13:37:59,819] {dag.py:2972} INFO - Setting next_dagrun for example_nested_branch_dag to 2022-12-19T00:00:00+00:00, run_after=2022-12-20T00:00:00+00:00
[2022-12-20 13:37:59,848] {processor.py:161} INFO - Processing /home/airflow/.local/lib/python3.7/site-packages/airflow/example_dags/example_nested_branch_dag.py took 0.353 seconds
[2022-12-20 13:38:30,222] {processor.py:153} INFO - Started process (PID=238) to work on /home/airflow/.local/lib/python3.7/site-packages/airflow/example_dags/example_nested_branch_dag.py
[2022-12-20 13:38:30,223] {processor.py:641} INFO - Processing file /home/airflow/.local/lib/python3.7/site-packages/airflow/example_dags/example_nested_branch_dag.py for tasks to queue
[2022-12-20 13:38:30,224] {logging_mixin.py:115} INFO - [2022-12-20 13:38:30,224] {dagbag.py:508} INFO - Filling up the DagBag from /home/airflow/.local/lib/python3.7/site-packages/airflow/example_dags/example_nested_branch_dag.py
[2022-12-20 13:38:30,240] {processor.py:651} INFO - DAG(s) dict_keys(['example_nested_branch_dag']) retrieved from /home/airflow/.local/lib/python3.7/site-packages/airflow/example_dags/example_nested_branch_dag.py
[2022-12-20 13:38:30,293] {logging_mixin.py:115} INFO - [2022-12-20 13:38:30,293] {dag.py:2420} INFO - Sync 1 DAGs
[2022-12-20 13:38:30,543] {logging_mixin.py:115} INFO - [2022-12-20 13:38:30,543] {dag.py:2972} INFO - Setting next_dagrun for example_nested_branch_dag to 2022-12-19T00:00:00+00:00, run_after=2022-12-20T00:00:00+00:00
[2022-12-20 13:38:30,568] {processor.py:161} INFO - Processing /home/airflow/.local/lib/python3.7/site-packages/airflow/example_dags/example_nested_branch_dag.py took 0.353 seconds
[2022-12-20 13:39:01,945] {processor.py:153} INFO - Started process (PID=302) to work on /home/airflow/.local/lib/python3.7/site-packages/airflow/example_dags/example_nested_branch_dag.py
[2022-12-20 13:39:01,946] {processor.py:641} INFO - Processing file /home/airflow/.local/lib/python3.7/site-packages/airflow/example_dags/example_nested_branch_dag.py for tasks to queue
[2022-12-20 13:39:01,947] {logging_mixin.py:115} INFO - [2022-12-20 13:39:01,947] {dagbag.py:508} INFO - Filling up the DagBag from /home/airflow/.local/lib/python3.7/site-packages/airflow/example_dags/example_nested_branch_dag.py
[2022-12-20 13:39:01,976] {processor.py:651} INFO - DAG(s) dict_keys(['example_nested_branch_dag']) retrieved from /home/airflow/.local/lib/python3.7/site-packages/airflow/example_dags/example_nested_branch_dag.py
[2022-12-20 13:39:02,036] {logging_mixin.py:115} INFO - [2022-12-20 13:39:02,036] {dag.py:2420} INFO - Sync 1 DAGs
[2022-12-20 13:39:02,349] {logging_mixin.py:115} INFO - [2022-12-20 13:39:02,349] {dag.py:2972} INFO - Setting next_dagrun for example_nested_branch_dag to 2022-12-19T00:00:00+00:00, run_after=2022-12-20T00:00:00+00:00
[2022-12-20 13:39:02,371] {processor.py:161} INFO - Processing /home/airflow/.local/lib/python3.7/site-packages/airflow/example_dags/example_nested_branch_dag.py took 0.433 seconds
[2022-12-20 13:39:33,163] {processor.py:153} INFO - Started process (PID=356) to work on /home/airflow/.local/lib/python3.7/site-packages/airflow/example_dags/example_nested_branch_dag.py
[2022-12-20 13:39:33,164] {processor.py:641} INFO - Processing file /home/airflow/.local/lib/python3.7/site-packages/airflow/example_dags/example_nested_branch_dag.py for tasks to queue
[2022-12-20 13:39:33,165] {logging_mixin.py:115} INFO - [2022-12-20 13:39:33,165] {dagbag.py:508} INFO - Filling up the DagBag from /home/airflow/.local/lib/python3.7/site-packages/airflow/example_dags/example_nested_branch_dag.py
[2022-12-20 13:39:33,187] {processor.py:651} INFO - DAG(s) dict_keys(['example_nested_branch_dag']) retrieved from /home/airflow/.local/lib/python3.7/site-packages/airflow/example_dags/example_nested_branch_dag.py
[2022-12-20 13:39:33,247] {logging_mixin.py:115} INFO - [2022-12-20 13:39:33,247] {dag.py:2420} INFO - Sync 1 DAGs
[2022-12-20 13:39:33,552] {logging_mixin.py:115} INFO - [2022-12-20 13:39:33,552] {dag.py:2972} INFO - Setting next_dagrun for example_nested_branch_dag to 2022-12-19T00:00:00+00:00, run_after=2022-12-20T00:00:00+00:00
[2022-12-20 13:39:33,581] {processor.py:161} INFO - Processing /home/airflow/.local/lib/python3.7/site-packages/airflow/example_dags/example_nested_branch_dag.py took 0.424 seconds
[2022-12-20 13:40:03,874] {processor.py:153} INFO - Started process (PID=419) to work on /home/airflow/.local/lib/python3.7/site-packages/airflow/example_dags/example_nested_branch_dag.py
[2022-12-20 13:40:03,875] {processor.py:641} INFO - Processing file /home/airflow/.local/lib/python3.7/site-packages/airflow/example_dags/example_nested_branch_dag.py for tasks to queue
[2022-12-20 13:40:03,876] {logging_mixin.py:115} INFO - [2022-12-20 13:40:03,876] {dagbag.py:508} INFO - Filling up the DagBag from /home/airflow/.local/lib/python3.7/site-packages/airflow/example_dags/example_nested_branch_dag.py
[2022-12-20 13:40:03,894] {processor.py:651} INFO - DAG(s) dict_keys(['example_nested_branch_dag']) retrieved from /home/airflow/.local/lib/python3.7/site-packages/airflow/example_dags/example_nested_branch_dag.py
[2022-12-20 13:40:03,953] {logging_mixin.py:115} INFO - [2022-12-20 13:40:03,953] {dag.py:2420} INFO - Sync 1 DAGs
[2022-12-20 13:40:04,206] {logging_mixin.py:115} INFO - [2022-12-20 13:40:04,206] {dag.py:2972} INFO - Setting next_dagrun for example_nested_branch_dag to 2022-12-19T00:00:00+00:00, run_after=2022-12-20T00:00:00+00:00
[2022-12-20 13:40:04,230] {processor.py:161} INFO - Processing /home/airflow/.local/lib/python3.7/site-packages/airflow/example_dags/example_nested_branch_dag.py took 0.362 seconds
[2022-12-20 13:40:34,497] {processor.py:153} INFO - Started process (PID=474) to work on /home/airflow/.local/lib/python3.7/site-packages/airflow/example_dags/example_nested_branch_dag.py
[2022-12-20 13:40:34,499] {processor.py:641} INFO - Processing file /home/airflow/.local/lib/python3.7/site-packages/airflow/example_dags/example_nested_branch_dag.py for tasks to queue
[2022-12-20 13:40:34,499] {logging_mixin.py:115} INFO - [2022-12-20 13:40:34,499] {dagbag.py:508} INFO - Filling up the DagBag from /home/airflow/.local/lib/python3.7/site-packages/airflow/example_dags/example_nested_branch_dag.py
[2022-12-20 13:40:34,517] {processor.py:651} INFO - DAG(s) dict_keys(['example_nested_branch_dag']) retrieved from /home/airflow/.local/lib/python3.7/site-packages/airflow/example_dags/example_nested_branch_dag.py
[2022-12-20 13:40:34,580] {logging_mixin.py:115} INFO - [2022-12-20 13:40:34,580] {dag.py:2420} INFO - Sync 1 DAGs
[2022-12-20 13:40:34,846] {logging_mixin.py:115} INFO - [2022-12-20 13:40:34,845] {dag.py:2972} INFO - Setting next_dagrun for example_nested_branch_dag to 2022-12-19T00:00:00+00:00, run_after=2022-12-20T00:00:00+00:00
[2022-12-20 13:40:34,879] {processor.py:161} INFO - Processing /home/airflow/.local/lib/python3.7/site-packages/airflow/example_dags/example_nested_branch_dag.py took 0.386 seconds
[2022-12-20 13:41:05,091] {processor.py:153} INFO - Started process (PID=528) to work on /home/airflow/.local/lib/python3.7/site-packages/airflow/example_dags/example_nested_branch_dag.py
[2022-12-20 13:41:05,092] {processor.py:641} INFO - Processing file /home/airflow/.local/lib/python3.7/site-packages/airflow/example_dags/example_nested_branch_dag.py for tasks to queue
[2022-12-20 13:41:05,093] {logging_mixin.py:115} INFO - [2022-12-20 13:41:05,093] {dagbag.py:508} INFO - Filling up the DagBag from /home/airflow/.local/lib/python3.7/site-packages/airflow/example_dags/example_nested_branch_dag.py
[2022-12-20 13:41:05,120] {processor.py:651} INFO - DAG(s) dict_keys(['example_nested_branch_dag']) retrieved from /home/airflow/.local/lib/python3.7/site-packages/airflow/example_dags/example_nested_branch_dag.py
[2022-12-20 13:41:05,180] {logging_mixin.py:115} INFO - [2022-12-20 13:41:05,179] {dag.py:2420} INFO - Sync 1 DAGs
[2022-12-20 13:41:05,447] {logging_mixin.py:115} INFO - [2022-12-20 13:41:05,446] {dag.py:2972} INFO - Setting next_dagrun for example_nested_branch_dag to 2022-12-19T00:00:00+00:00, run_after=2022-12-20T00:00:00+00:00
[2022-12-20 13:41:05,471] {processor.py:161} INFO - Processing /home/airflow/.local/lib/python3.7/site-packages/airflow/example_dags/example_nested_branch_dag.py took 0.387 seconds
[2022-12-20 13:41:35,661] {processor.py:153} INFO - Started process (PID=591) to work on /home/airflow/.local/lib/python3.7/site-packages/airflow/example_dags/example_nested_branch_dag.py
[2022-12-20 13:41:35,662] {processor.py:641} INFO - Processing file /home/airflow/.local/lib/python3.7/site-packages/airflow/example_dags/example_nested_branch_dag.py for tasks to queue
[2022-12-20 13:41:35,662] {logging_mixin.py:115} INFO - [2022-12-20 13:41:35,662] {dagbag.py:508} INFO - Filling up the DagBag from /home/airflow/.local/lib/python3.7/site-packages/airflow/example_dags/example_nested_branch_dag.py
[2022-12-20 13:41:35,679] {processor.py:651} INFO - DAG(s) dict_keys(['example_nested_branch_dag']) retrieved from /home/airflow/.local/lib/python3.7/site-packages/airflow/example_dags/example_nested_branch_dag.py
[2022-12-20 13:41:35,731] {logging_mixin.py:115} INFO - [2022-12-20 13:41:35,730] {dag.py:2420} INFO - Sync 1 DAGs
[2022-12-20 13:41:35,986] {logging_mixin.py:115} INFO - [2022-12-20 13:41:35,985] {dag.py:2972} INFO - Setting next_dagrun for example_nested_branch_dag to 2022-12-19T00:00:00+00:00, run_after=2022-12-20T00:00:00+00:00
[2022-12-20 13:41:36,008] {processor.py:161} INFO - Processing /home/airflow/.local/lib/python3.7/site-packages/airflow/example_dags/example_nested_branch_dag.py took 0.352 seconds
[2022-12-20 13:42:07,182] {processor.py:153} INFO - Started process (PID=645) to work on /home/airflow/.local/lib/python3.7/site-packages/airflow/example_dags/example_nested_branch_dag.py
[2022-12-20 13:42:07,183] {processor.py:641} INFO - Processing file /home/airflow/.local/lib/python3.7/site-packages/airflow/example_dags/example_nested_branch_dag.py for tasks to queue
[2022-12-20 13:42:07,183] {logging_mixin.py:115} INFO - [2022-12-20 13:42:07,183] {dagbag.py:508} INFO - Filling up the DagBag from /home/airflow/.local/lib/python3.7/site-packages/airflow/example_dags/example_nested_branch_dag.py
[2022-12-20 13:42:07,198] {processor.py:651} INFO - DAG(s) dict_keys(['example_nested_branch_dag']) retrieved from /home/airflow/.local/lib/python3.7/site-packages/airflow/example_dags/example_nested_branch_dag.py
[2022-12-20 13:42:07,243] {logging_mixin.py:115} INFO - [2022-12-20 13:42:07,242] {dag.py:2420} INFO - Sync 1 DAGs
[2022-12-20 13:42:07,561] {logging_mixin.py:115} INFO - [2022-12-20 13:42:07,560] {dag.py:2972} INFO - Setting next_dagrun for example_nested_branch_dag to 2022-12-19T00:00:00+00:00, run_after=2022-12-20T00:00:00+00:00
[2022-12-20 13:42:07,598] {processor.py:161} INFO - Processing /home/airflow/.local/lib/python3.7/site-packages/airflow/example_dags/example_nested_branch_dag.py took 0.420 seconds
[2022-12-20 13:42:37,773] {processor.py:153} INFO - Started process (PID=709) to work on /home/airflow/.local/lib/python3.7/site-packages/airflow/example_dags/example_nested_branch_dag.py
[2022-12-20 13:42:37,774] {processor.py:641} INFO - Processing file /home/airflow/.local/lib/python3.7/site-packages/airflow/example_dags/example_nested_branch_dag.py for tasks to queue
[2022-12-20 13:42:37,774] {logging_mixin.py:115} INFO - [2022-12-20 13:42:37,774] {dagbag.py:508} INFO - Filling up the DagBag from /home/airflow/.local/lib/python3.7/site-packages/airflow/example_dags/example_nested_branch_dag.py
[2022-12-20 13:42:37,795] {processor.py:651} INFO - DAG(s) dict_keys(['example_nested_branch_dag']) retrieved from /home/airflow/.local/lib/python3.7/site-packages/airflow/example_dags/example_nested_branch_dag.py
[2022-12-20 13:42:37,855] {logging_mixin.py:115} INFO - [2022-12-20 13:42:37,855] {dag.py:2420} INFO - Sync 1 DAGs
[2022-12-20 13:42:38,133] {logging_mixin.py:115} INFO - [2022-12-20 13:42:38,132] {dag.py:2972} INFO - Setting next_dagrun for example_nested_branch_dag to 2022-12-19T00:00:00+00:00, run_after=2022-12-20T00:00:00+00:00
[2022-12-20 13:42:38,158] {processor.py:161} INFO - Processing /home/airflow/.local/lib/python3.7/site-packages/airflow/example_dags/example_nested_branch_dag.py took 0.389 seconds
[2022-12-20 13:43:08,748] {processor.py:153} INFO - Started process (PID=763) to work on /home/airflow/.local/lib/python3.7/site-packages/airflow/example_dags/example_nested_branch_dag.py
[2022-12-20 13:43:08,749] {processor.py:641} INFO - Processing file /home/airflow/.local/lib/python3.7/site-packages/airflow/example_dags/example_nested_branch_dag.py for tasks to queue
[2022-12-20 13:43:08,750] {logging_mixin.py:115} INFO - [2022-12-20 13:43:08,750] {dagbag.py:508} INFO - Filling up the DagBag from /home/airflow/.local/lib/python3.7/site-packages/airflow/example_dags/example_nested_branch_dag.py
[2022-12-20 13:43:08,776] {processor.py:651} INFO - DAG(s) dict_keys(['example_nested_branch_dag']) retrieved from /home/airflow/.local/lib/python3.7/site-packages/airflow/example_dags/example_nested_branch_dag.py
[2022-12-20 13:43:08,826] {logging_mixin.py:115} INFO - [2022-12-20 13:43:08,826] {dag.py:2420} INFO - Sync 1 DAGs
[2022-12-20 13:43:09,073] {logging_mixin.py:115} INFO - [2022-12-20 13:43:09,073] {dag.py:2972} INFO - Setting next_dagrun for example_nested_branch_dag to 2022-12-19T00:00:00+00:00, run_after=2022-12-20T00:00:00+00:00
[2022-12-20 13:43:09,102] {processor.py:161} INFO - Processing /home/airflow/.local/lib/python3.7/site-packages/airflow/example_dags/example_nested_branch_dag.py took 0.360 seconds
[2022-12-20 13:43:39,348] {processor.py:153} INFO - Started process (PID=824) to work on /home/airflow/.local/lib/python3.7/site-packages/airflow/example_dags/example_nested_branch_dag.py
[2022-12-20 13:43:39,349] {processor.py:641} INFO - Processing file /home/airflow/.local/lib/python3.7/site-packages/airflow/example_dags/example_nested_branch_dag.py for tasks to queue
[2022-12-20 13:43:39,351] {logging_mixin.py:115} INFO - [2022-12-20 13:43:39,350] {dagbag.py:508} INFO - Filling up the DagBag from /home/airflow/.local/lib/python3.7/site-packages/airflow/example_dags/example_nested_branch_dag.py
[2022-12-20 13:43:39,369] {processor.py:651} INFO - DAG(s) dict_keys(['example_nested_branch_dag']) retrieved from /home/airflow/.local/lib/python3.7/site-packages/airflow/example_dags/example_nested_branch_dag.py
[2022-12-20 13:43:39,418] {logging_mixin.py:115} INFO - [2022-12-20 13:43:39,418] {dag.py:2420} INFO - Sync 1 DAGs
[2022-12-20 13:43:39,669] {logging_mixin.py:115} INFO - [2022-12-20 13:43:39,668] {dag.py:2972} INFO - Setting next_dagrun for example_nested_branch_dag to 2022-12-19T00:00:00+00:00, run_after=2022-12-20T00:00:00+00:00
[2022-12-20 13:43:39,696] {processor.py:161} INFO - Processing /home/airflow/.local/lib/python3.7/site-packages/airflow/example_dags/example_nested_branch_dag.py took 0.354 seconds
[2022-12-20 13:44:09,873] {processor.py:153} INFO - Started process (PID=881) to work on /home/airflow/.local/lib/python3.7/site-packages/airflow/example_dags/example_nested_branch_dag.py
[2022-12-20 13:44:09,874] {processor.py:641} INFO - Processing file /home/airflow/.local/lib/python3.7/site-packages/airflow/example_dags/example_nested_branch_dag.py for tasks to queue
[2022-12-20 13:44:09,875] {logging_mixin.py:115} INFO - [2022-12-20 13:44:09,875] {dagbag.py:508} INFO - Filling up the DagBag from /home/airflow/.local/lib/python3.7/site-packages/airflow/example_dags/example_nested_branch_dag.py
[2022-12-20 13:44:09,890] {processor.py:651} INFO - DAG(s) dict_keys(['example_nested_branch_dag']) retrieved from /home/airflow/.local/lib/python3.7/site-packages/airflow/example_dags/example_nested_branch_dag.py
[2022-12-20 13:44:09,935] {logging_mixin.py:115} INFO - [2022-12-20 13:44:09,935] {dag.py:2420} INFO - Sync 1 DAGs
[2022-12-20 13:44:10,168] {logging_mixin.py:115} INFO - [2022-12-20 13:44:10,168] {dag.py:2972} INFO - Setting next_dagrun for example_nested_branch_dag to 2022-12-19T00:00:00+00:00, run_after=2022-12-20T00:00:00+00:00
[2022-12-20 13:44:10,193] {processor.py:161} INFO - Processing /home/airflow/.local/lib/python3.7/site-packages/airflow/example_dags/example_nested_branch_dag.py took 0.324 seconds
[2022-12-20 13:44:40,680] {processor.py:153} INFO - Started process (PID=936) to work on /home/airflow/.local/lib/python3.7/site-packages/airflow/example_dags/example_nested_branch_dag.py
[2022-12-20 13:44:40,681] {processor.py:641} INFO - Processing file /home/airflow/.local/lib/python3.7/site-packages/airflow/example_dags/example_nested_branch_dag.py for tasks to queue
[2022-12-20 13:44:40,682] {logging_mixin.py:115} INFO - [2022-12-20 13:44:40,682] {dagbag.py:508} INFO - Filling up the DagBag from /home/airflow/.local/lib/python3.7/site-packages/airflow/example_dags/example_nested_branch_dag.py
[2022-12-20 13:44:40,699] {processor.py:651} INFO - DAG(s) dict_keys(['example_nested_branch_dag']) retrieved from /home/airflow/.local/lib/python3.7/site-packages/airflow/example_dags/example_nested_branch_dag.py
[2022-12-20 13:44:40,764] {logging_mixin.py:115} INFO - [2022-12-20 13:44:40,764] {dag.py:2420} INFO - Sync 1 DAGs
[2022-12-20 13:44:41,026] {logging_mixin.py:115} INFO - [2022-12-20 13:44:41,025] {dag.py:2972} INFO - Setting next_dagrun for example_nested_branch_dag to 2022-12-19T00:00:00+00:00, run_after=2022-12-20T00:00:00+00:00
[2022-12-20 13:44:41,051] {processor.py:161} INFO - Processing /home/airflow/.local/lib/python3.7/site-packages/airflow/example_dags/example_nested_branch_dag.py took 0.375 seconds
[2022-12-20 13:45:12,051] {processor.py:153} INFO - Started process (PID=999) to work on /home/airflow/.local/lib/python3.7/site-packages/airflow/example_dags/example_nested_branch_dag.py
[2022-12-20 13:45:12,052] {processor.py:641} INFO - Processing file /home/airflow/.local/lib/python3.7/site-packages/airflow/example_dags/example_nested_branch_dag.py for tasks to queue
[2022-12-20 13:45:12,054] {logging_mixin.py:115} INFO - [2022-12-20 13:45:12,053] {dagbag.py:508} INFO - Filling up the DagBag from /home/airflow/.local/lib/python3.7/site-packages/airflow/example_dags/example_nested_branch_dag.py
[2022-12-20 13:45:12,080] {processor.py:651} INFO - DAG(s) dict_keys(['example_nested_branch_dag']) retrieved from /home/airflow/.local/lib/python3.7/site-packages/airflow/example_dags/example_nested_branch_dag.py
[2022-12-20 13:45:12,137] {logging_mixin.py:115} INFO - [2022-12-20 13:45:12,136] {dag.py:2420} INFO - Sync 1 DAGs
[2022-12-20 13:45:12,391] {logging_mixin.py:115} INFO - [2022-12-20 13:45:12,391] {dag.py:2972} INFO - Setting next_dagrun for example_nested_branch_dag to 2022-12-19T00:00:00+00:00, run_after=2022-12-20T00:00:00+00:00
[2022-12-20 13:45:12,415] {processor.py:161} INFO - Processing /home/airflow/.local/lib/python3.7/site-packages/airflow/example_dags/example_nested_branch_dag.py took 0.369 seconds
[2022-12-20 13:45:43,170] {processor.py:153} INFO - Started process (PID=1053) to work on /home/airflow/.local/lib/python3.7/site-packages/airflow/example_dags/example_nested_branch_dag.py
[2022-12-20 13:45:43,171] {processor.py:641} INFO - Processing file /home/airflow/.local/lib/python3.7/site-packages/airflow/example_dags/example_nested_branch_dag.py for tasks to queue
[2022-12-20 13:45:43,172] {logging_mixin.py:115} INFO - [2022-12-20 13:45:43,171] {dagbag.py:508} INFO - Filling up the DagBag from /home/airflow/.local/lib/python3.7/site-packages/airflow/example_dags/example_nested_branch_dag.py
[2022-12-20 13:45:43,188] {processor.py:651} INFO - DAG(s) dict_keys(['example_nested_branch_dag']) retrieved from /home/airflow/.local/lib/python3.7/site-packages/airflow/example_dags/example_nested_branch_dag.py
[2022-12-20 13:45:43,244] {logging_mixin.py:115} INFO - [2022-12-20 13:45:43,244] {dag.py:2420} INFO - Sync 1 DAGs
[2022-12-20 13:45:43,501] {logging_mixin.py:115} INFO - [2022-12-20 13:45:43,501] {dag.py:2972} INFO - Setting next_dagrun for example_nested_branch_dag to 2022-12-19T00:00:00+00:00, run_after=2022-12-20T00:00:00+00:00
[2022-12-20 13:45:43,526] {processor.py:161} INFO - Processing /home/airflow/.local/lib/python3.7/site-packages/airflow/example_dags/example_nested_branch_dag.py took 0.361 seconds
[2022-12-20 13:46:14,519] {processor.py:153} INFO - Started process (PID=1115) to work on /home/airflow/.local/lib/python3.7/site-packages/airflow/example_dags/example_nested_branch_dag.py
[2022-12-20 13:46:14,520] {processor.py:641} INFO - Processing file /home/airflow/.local/lib/python3.7/site-packages/airflow/example_dags/example_nested_branch_dag.py for tasks to queue
[2022-12-20 13:46:14,521] {logging_mixin.py:115} INFO - [2022-12-20 13:46:14,521] {dagbag.py:508} INFO - Filling up the DagBag from /home/airflow/.local/lib/python3.7/site-packages/airflow/example_dags/example_nested_branch_dag.py
[2022-12-20 13:46:14,539] {processor.py:651} INFO - DAG(s) dict_keys(['example_nested_branch_dag']) retrieved from /home/airflow/.local/lib/python3.7/site-packages/airflow/example_dags/example_nested_branch_dag.py
[2022-12-20 13:46:14,599] {logging_mixin.py:115} INFO - [2022-12-20 13:46:14,599] {dag.py:2420} INFO - Sync 1 DAGs
[2022-12-20 13:46:14,874] {logging_mixin.py:115} INFO - [2022-12-20 13:46:14,874] {dag.py:2972} INFO - Setting next_dagrun for example_nested_branch_dag to 2022-12-19T00:00:00+00:00, run_after=2022-12-20T00:00:00+00:00
[2022-12-20 13:46:14,900] {processor.py:161} INFO - Processing /home/airflow/.local/lib/python3.7/site-packages/airflow/example_dags/example_nested_branch_dag.py took 0.386 seconds
[2022-12-20 13:46:45,661] {processor.py:153} INFO - Started process (PID=1169) to work on /home/airflow/.local/lib/python3.7/site-packages/airflow/example_dags/example_nested_branch_dag.py
[2022-12-20 13:46:45,662] {processor.py:641} INFO - Processing file /home/airflow/.local/lib/python3.7/site-packages/airflow/example_dags/example_nested_branch_dag.py for tasks to queue
[2022-12-20 13:46:45,663] {logging_mixin.py:115} INFO - [2022-12-20 13:46:45,663] {dagbag.py:508} INFO - Filling up the DagBag from /home/airflow/.local/lib/python3.7/site-packages/airflow/example_dags/example_nested_branch_dag.py
[2022-12-20 13:46:45,679] {processor.py:651} INFO - DAG(s) dict_keys(['example_nested_branch_dag']) retrieved from /home/airflow/.local/lib/python3.7/site-packages/airflow/example_dags/example_nested_branch_dag.py
[2022-12-20 13:46:45,726] {logging_mixin.py:115} INFO - [2022-12-20 13:46:45,726] {dag.py:2420} INFO - Sync 1 DAGs
[2022-12-20 13:46:45,964] {logging_mixin.py:115} INFO - [2022-12-20 13:46:45,964] {dag.py:2972} INFO - Setting next_dagrun for example_nested_branch_dag to 2022-12-19T00:00:00+00:00, run_after=2022-12-20T00:00:00+00:00
[2022-12-20 13:46:45,987] {processor.py:161} INFO - Processing /home/airflow/.local/lib/python3.7/site-packages/airflow/example_dags/example_nested_branch_dag.py took 0.330 seconds
[2022-12-20 13:47:16,347] {processor.py:153} INFO - Started process (PID=1224) to work on /home/airflow/.local/lib/python3.7/site-packages/airflow/example_dags/example_nested_branch_dag.py
[2022-12-20 13:47:16,349] {processor.py:641} INFO - Processing file /home/airflow/.local/lib/python3.7/site-packages/airflow/example_dags/example_nested_branch_dag.py for tasks to queue
[2022-12-20 13:47:16,350] {logging_mixin.py:115} INFO - [2022-12-20 13:47:16,350] {dagbag.py:508} INFO - Filling up the DagBag from /home/airflow/.local/lib/python3.7/site-packages/airflow/example_dags/example_nested_branch_dag.py
[2022-12-20 13:47:16,377] {processor.py:651} INFO - DAG(s) dict_keys(['example_nested_branch_dag']) retrieved from /home/airflow/.local/lib/python3.7/site-packages/airflow/example_dags/example_nested_branch_dag.py
[2022-12-20 13:47:16,429] {logging_mixin.py:115} INFO - [2022-12-20 13:47:16,429] {dag.py:2420} INFO - Sync 1 DAGs
[2022-12-20 13:47:16,709] {logging_mixin.py:115} INFO - [2022-12-20 13:47:16,709] {dag.py:2972} INFO - Setting next_dagrun for example_nested_branch_dag to 2022-12-19T00:00:00+00:00, run_after=2022-12-20T00:00:00+00:00
[2022-12-20 13:47:16,736] {processor.py:161} INFO - Processing /home/airflow/.local/lib/python3.7/site-packages/airflow/example_dags/example_nested_branch_dag.py took 0.393 seconds
[2022-12-20 13:47:47,929] {processor.py:153} INFO - Started process (PID=1288) to work on /home/airflow/.local/lib/python3.7/site-packages/airflow/example_dags/example_nested_branch_dag.py
[2022-12-20 13:47:47,930] {processor.py:641} INFO - Processing file /home/airflow/.local/lib/python3.7/site-packages/airflow/example_dags/example_nested_branch_dag.py for tasks to queue
[2022-12-20 13:47:47,930] {logging_mixin.py:115} INFO - [2022-12-20 13:47:47,930] {dagbag.py:508} INFO - Filling up the DagBag from /home/airflow/.local/lib/python3.7/site-packages/airflow/example_dags/example_nested_branch_dag.py
[2022-12-20 13:47:47,947] {processor.py:651} INFO - DAG(s) dict_keys(['example_nested_branch_dag']) retrieved from /home/airflow/.local/lib/python3.7/site-packages/airflow/example_dags/example_nested_branch_dag.py
[2022-12-20 13:47:48,008] {logging_mixin.py:115} INFO - [2022-12-20 13:47:48,008] {dag.py:2420} INFO - Sync 1 DAGs
[2022-12-20 13:47:48,323] {logging_mixin.py:115} INFO - [2022-12-20 13:47:48,323] {dag.py:2972} INFO - Setting next_dagrun for example_nested_branch_dag to 2022-12-19T00:00:00+00:00, run_after=2022-12-20T00:00:00+00:00
[2022-12-20 13:47:48,350] {processor.py:161} INFO - Processing /home/airflow/.local/lib/python3.7/site-packages/airflow/example_dags/example_nested_branch_dag.py took 0.425 seconds
[2022-12-20 13:48:18,526] {processor.py:153} INFO - Started process (PID=1343) to work on /home/airflow/.local/lib/python3.7/site-packages/airflow/example_dags/example_nested_branch_dag.py
[2022-12-20 13:48:18,527] {processor.py:641} INFO - Processing file /home/airflow/.local/lib/python3.7/site-packages/airflow/example_dags/example_nested_branch_dag.py for tasks to queue
[2022-12-20 13:48:18,528] {logging_mixin.py:115} INFO - [2022-12-20 13:48:18,528] {dagbag.py:508} INFO - Filling up the DagBag from /home/airflow/.local/lib/python3.7/site-packages/airflow/example_dags/example_nested_branch_dag.py
[2022-12-20 13:48:18,543] {processor.py:651} INFO - DAG(s) dict_keys(['example_nested_branch_dag']) retrieved from /home/airflow/.local/lib/python3.7/site-packages/airflow/example_dags/example_nested_branch_dag.py
[2022-12-20 13:48:18,604] {logging_mixin.py:115} INFO - [2022-12-20 13:48:18,603] {dag.py:2420} INFO - Sync 1 DAGs
[2022-12-20 13:48:18,859] {logging_mixin.py:115} INFO - [2022-12-20 13:48:18,859] {dag.py:2972} INFO - Setting next_dagrun for example_nested_branch_dag to 2022-12-19T00:00:00+00:00, run_after=2022-12-20T00:00:00+00:00
[2022-12-20 13:48:18,888] {processor.py:161} INFO - Processing /home/airflow/.local/lib/python3.7/site-packages/airflow/example_dags/example_nested_branch_dag.py took 0.366 seconds
[2022-12-20 13:48:49,159] {processor.py:153} INFO - Started process (PID=1405) to work on /home/airflow/.local/lib/python3.7/site-packages/airflow/example_dags/example_nested_branch_dag.py
[2022-12-20 13:48:49,160] {processor.py:641} INFO - Processing file /home/airflow/.local/lib/python3.7/site-packages/airflow/example_dags/example_nested_branch_dag.py for tasks to queue
[2022-12-20 13:48:49,161] {logging_mixin.py:115} INFO - [2022-12-20 13:48:49,161] {dagbag.py:508} INFO - Filling up the DagBag from /home/airflow/.local/lib/python3.7/site-packages/airflow/example_dags/example_nested_branch_dag.py
[2022-12-20 13:48:49,180] {processor.py:651} INFO - DAG(s) dict_keys(['example_nested_branch_dag']) retrieved from /home/airflow/.local/lib/python3.7/site-packages/airflow/example_dags/example_nested_branch_dag.py
[2022-12-20 13:48:49,255] {logging_mixin.py:115} INFO - [2022-12-20 13:48:49,255] {dag.py:2420} INFO - Sync 1 DAGs
[2022-12-20 13:48:49,548] {logging_mixin.py:115} INFO - [2022-12-20 13:48:49,547] {dag.py:2972} INFO - Setting next_dagrun for example_nested_branch_dag to 2022-12-19T00:00:00+00:00, run_after=2022-12-20T00:00:00+00:00
[2022-12-20 13:48:49,574] {processor.py:161} INFO - Processing /home/airflow/.local/lib/python3.7/site-packages/airflow/example_dags/example_nested_branch_dag.py took 0.420 seconds
[2022-12-20 13:49:19,685] {processor.py:153} INFO - Started process (PID=1459) to work on /home/airflow/.local/lib/python3.7/site-packages/airflow/example_dags/example_nested_branch_dag.py
[2022-12-20 13:49:19,686] {processor.py:641} INFO - Processing file /home/airflow/.local/lib/python3.7/site-packages/airflow/example_dags/example_nested_branch_dag.py for tasks to queue
[2022-12-20 13:49:19,687] {logging_mixin.py:115} INFO - [2022-12-20 13:49:19,687] {dagbag.py:508} INFO - Filling up the DagBag from /home/airflow/.local/lib/python3.7/site-packages/airflow/example_dags/example_nested_branch_dag.py
[2022-12-20 13:49:19,704] {processor.py:651} INFO - DAG(s) dict_keys(['example_nested_branch_dag']) retrieved from /home/airflow/.local/lib/python3.7/site-packages/airflow/example_dags/example_nested_branch_dag.py
[2022-12-20 13:49:19,762] {logging_mixin.py:115} INFO - [2022-12-20 13:49:19,762] {dag.py:2420} INFO - Sync 1 DAGs
[2022-12-20 13:49:20,050] {logging_mixin.py:115} INFO - [2022-12-20 13:49:20,049] {dag.py:2972} INFO - Setting next_dagrun for example_nested_branch_dag to 2022-12-19T00:00:00+00:00, run_after=2022-12-20T00:00:00+00:00
[2022-12-20 13:49:20,076] {processor.py:161} INFO - Processing /home/airflow/.local/lib/python3.7/site-packages/airflow/example_dags/example_nested_branch_dag.py took 0.396 seconds
[2022-12-20 13:49:51,028] {processor.py:153} INFO - Started process (PID=1523) to work on /home/airflow/.local/lib/python3.7/site-packages/airflow/example_dags/example_nested_branch_dag.py
[2022-12-20 13:49:51,029] {processor.py:641} INFO - Processing file /home/airflow/.local/lib/python3.7/site-packages/airflow/example_dags/example_nested_branch_dag.py for tasks to queue
[2022-12-20 13:49:51,030] {logging_mixin.py:115} INFO - [2022-12-20 13:49:51,030] {dagbag.py:508} INFO - Filling up the DagBag from /home/airflow/.local/lib/python3.7/site-packages/airflow/example_dags/example_nested_branch_dag.py
[2022-12-20 13:49:51,050] {processor.py:651} INFO - DAG(s) dict_keys(['example_nested_branch_dag']) retrieved from /home/airflow/.local/lib/python3.7/site-packages/airflow/example_dags/example_nested_branch_dag.py
[2022-12-20 13:49:51,111] {logging_mixin.py:115} INFO - [2022-12-20 13:49:51,110] {dag.py:2420} INFO - Sync 1 DAGs
[2022-12-20 13:49:51,429] {logging_mixin.py:115} INFO - [2022-12-20 13:49:51,429] {dag.py:2972} INFO - Setting next_dagrun for example_nested_branch_dag to 2022-12-19T00:00:00+00:00, run_after=2022-12-20T00:00:00+00:00
[2022-12-20 13:49:51,457] {processor.py:161} INFO - Processing /home/airflow/.local/lib/python3.7/site-packages/airflow/example_dags/example_nested_branch_dag.py took 0.436 seconds
[2022-12-20 13:50:21,833] {processor.py:153} INFO - Started process (PID=1577) to work on /home/airflow/.local/lib/python3.7/site-packages/airflow/example_dags/example_nested_branch_dag.py
[2022-12-20 13:50:21,834] {processor.py:641} INFO - Processing file /home/airflow/.local/lib/python3.7/site-packages/airflow/example_dags/example_nested_branch_dag.py for tasks to queue
[2022-12-20 13:50:21,835] {logging_mixin.py:115} INFO - [2022-12-20 13:50:21,835] {dagbag.py:508} INFO - Filling up the DagBag from /home/airflow/.local/lib/python3.7/site-packages/airflow/example_dags/example_nested_branch_dag.py
[2022-12-20 13:50:21,857] {processor.py:651} INFO - DAG(s) dict_keys(['example_nested_branch_dag']) retrieved from /home/airflow/.local/lib/python3.7/site-packages/airflow/example_dags/example_nested_branch_dag.py
[2022-12-20 13:50:21,919] {logging_mixin.py:115} INFO - [2022-12-20 13:50:21,919] {dag.py:2420} INFO - Sync 1 DAGs
[2022-12-20 13:50:22,265] {logging_mixin.py:115} INFO - [2022-12-20 13:50:22,265] {dag.py:2972} INFO - Setting next_dagrun for example_nested_branch_dag to 2022-12-19T00:00:00+00:00, run_after=2022-12-20T00:00:00+00:00
[2022-12-20 13:50:22,290] {processor.py:161} INFO - Processing /home/airflow/.local/lib/python3.7/site-packages/airflow/example_dags/example_nested_branch_dag.py took 0.463 seconds
[2022-12-20 13:50:52,634] {processor.py:153} INFO - Started process (PID=1631) to work on /home/airflow/.local/lib/python3.7/site-packages/airflow/example_dags/example_nested_branch_dag.py
[2022-12-20 13:50:52,635] {processor.py:641} INFO - Processing file /home/airflow/.local/lib/python3.7/site-packages/airflow/example_dags/example_nested_branch_dag.py for tasks to queue
[2022-12-20 13:50:52,636] {logging_mixin.py:115} INFO - [2022-12-20 13:50:52,636] {dagbag.py:508} INFO - Filling up the DagBag from /home/airflow/.local/lib/python3.7/site-packages/airflow/example_dags/example_nested_branch_dag.py
[2022-12-20 13:50:52,658] {processor.py:651} INFO - DAG(s) dict_keys(['example_nested_branch_dag']) retrieved from /home/airflow/.local/lib/python3.7/site-packages/airflow/example_dags/example_nested_branch_dag.py
[2022-12-20 13:50:52,745] {logging_mixin.py:115} INFO - [2022-12-20 13:50:52,744] {dag.py:2420} INFO - Sync 1 DAGs
[2022-12-20 13:50:53,008] {logging_mixin.py:115} INFO - [2022-12-20 13:50:53,008] {dag.py:2972} INFO - Setting next_dagrun for example_nested_branch_dag to 2022-12-19T00:00:00+00:00, run_after=2022-12-20T00:00:00+00:00
[2022-12-20 13:50:53,030] {processor.py:161} INFO - Processing /home/airflow/.local/lib/python3.7/site-packages/airflow/example_dags/example_nested_branch_dag.py took 0.400 seconds
[2022-12-20 13:51:23,957] {processor.py:153} INFO - Started process (PID=1693) to work on /home/airflow/.local/lib/python3.7/site-packages/airflow/example_dags/example_nested_branch_dag.py
[2022-12-20 13:51:23,958] {processor.py:641} INFO - Processing file /home/airflow/.local/lib/python3.7/site-packages/airflow/example_dags/example_nested_branch_dag.py for tasks to queue
[2022-12-20 13:51:23,959] {logging_mixin.py:115} INFO - [2022-12-20 13:51:23,959] {dagbag.py:508} INFO - Filling up the DagBag from /home/airflow/.local/lib/python3.7/site-packages/airflow/example_dags/example_nested_branch_dag.py
[2022-12-20 13:51:23,978] {processor.py:651} INFO - DAG(s) dict_keys(['example_nested_branch_dag']) retrieved from /home/airflow/.local/lib/python3.7/site-packages/airflow/example_dags/example_nested_branch_dag.py
[2022-12-20 13:51:24,021] {logging_mixin.py:115} INFO - [2022-12-20 13:51:24,021] {dag.py:2420} INFO - Sync 1 DAGs
[2022-12-20 13:51:24,223] {logging_mixin.py:115} INFO - [2022-12-20 13:51:24,222] {dag.py:2972} INFO - Setting next_dagrun for example_nested_branch_dag to 2022-12-19T00:00:00+00:00, run_after=2022-12-20T00:00:00+00:00
[2022-12-20 13:51:24,242] {processor.py:161} INFO - Processing /home/airflow/.local/lib/python3.7/site-packages/airflow/example_dags/example_nested_branch_dag.py took 0.288 seconds
