[2022-12-20 10:30:39,231] {processor.py:153} INFO - Started process (PID=74) to work on /home/airflow/.local/lib/python3.7/site-packages/airflow/example_dags/example_task_group.py
[2022-12-20 10:30:39,232] {processor.py:641} INFO - Processing file /home/airflow/.local/lib/python3.7/site-packages/airflow/example_dags/example_task_group.py for tasks to queue
[2022-12-20 10:30:39,233] {logging_mixin.py:115} INFO - [2022-12-20 10:30:39,233] {dagbag.py:508} INFO - Filling up the DagBag from /home/airflow/.local/lib/python3.7/site-packages/airflow/example_dags/example_task_group.py
[2022-12-20 10:30:39,246] {processor.py:651} INFO - DAG(s) dict_keys(['example_task_group']) retrieved from /home/airflow/.local/lib/python3.7/site-packages/airflow/example_dags/example_task_group.py
[2022-12-20 10:30:39,305] {logging_mixin.py:115} INFO - [2022-12-20 10:30:39,305] {dag.py:2420} INFO - Sync 1 DAGs
[2022-12-20 10:30:39,549] {logging_mixin.py:115} INFO - [2022-12-20 10:30:39,549] {dag.py:2972} INFO - Setting next_dagrun for example_task_group to 2022-12-19T10:30:39.548623+00:00, run_after=2022-12-20T10:30:39.548623+00:00
[2022-12-20 10:30:39,579] {processor.py:161} INFO - Processing /home/airflow/.local/lib/python3.7/site-packages/airflow/example_dags/example_task_group.py took 0.352 seconds
[2022-12-20 13:31:01,009] {processor.py:153} INFO - Started process (PID=129) to work on /home/airflow/.local/lib/python3.7/site-packages/airflow/example_dags/example_task_group.py
[2022-12-20 13:31:01,011] {processor.py:641} INFO - Processing file /home/airflow/.local/lib/python3.7/site-packages/airflow/example_dags/example_task_group.py for tasks to queue
[2022-12-20 13:31:01,013] {logging_mixin.py:115} INFO - [2022-12-20 13:31:01,012] {dagbag.py:508} INFO - Filling up the DagBag from /home/airflow/.local/lib/python3.7/site-packages/airflow/example_dags/example_task_group.py
[2022-12-20 13:31:01,033] {processor.py:651} INFO - DAG(s) dict_keys(['example_task_group']) retrieved from /home/airflow/.local/lib/python3.7/site-packages/airflow/example_dags/example_task_group.py
[2022-12-20 13:31:01,102] {logging_mixin.py:115} INFO - [2022-12-20 13:31:01,101] {dag.py:2420} INFO - Sync 1 DAGs
[2022-12-20 13:31:01,427] {logging_mixin.py:115} INFO - [2022-12-20 13:31:01,427] {dag.py:2972} INFO - Setting next_dagrun for example_task_group to 2022-12-19T13:31:01.426807+00:00, run_after=2022-12-20T13:31:01.426807+00:00
[2022-12-20 13:31:01,451] {processor.py:161} INFO - Processing /home/airflow/.local/lib/python3.7/site-packages/airflow/example_dags/example_task_group.py took 0.451 seconds
[2022-12-20 13:31:31,819] {processor.py:153} INFO - Started process (PID=184) to work on /home/airflow/.local/lib/python3.7/site-packages/airflow/example_dags/example_task_group.py
[2022-12-20 13:31:31,820] {processor.py:641} INFO - Processing file /home/airflow/.local/lib/python3.7/site-packages/airflow/example_dags/example_task_group.py for tasks to queue
[2022-12-20 13:31:31,821] {logging_mixin.py:115} INFO - [2022-12-20 13:31:31,821] {dagbag.py:508} INFO - Filling up the DagBag from /home/airflow/.local/lib/python3.7/site-packages/airflow/example_dags/example_task_group.py
[2022-12-20 13:31:31,835] {processor.py:651} INFO - DAG(s) dict_keys(['example_task_group']) retrieved from /home/airflow/.local/lib/python3.7/site-packages/airflow/example_dags/example_task_group.py
[2022-12-20 13:31:31,888] {logging_mixin.py:115} INFO - [2022-12-20 13:31:31,888] {dag.py:2420} INFO - Sync 1 DAGs
[2022-12-20 13:31:32,137] {logging_mixin.py:115} INFO - [2022-12-20 13:31:32,137] {dag.py:2972} INFO - Setting next_dagrun for example_task_group to 2022-12-19T13:31:32.136798+00:00, run_after=2022-12-20T13:31:32.136798+00:00
[2022-12-20 13:31:32,162] {processor.py:161} INFO - Processing /home/airflow/.local/lib/python3.7/site-packages/airflow/example_dags/example_task_group.py took 0.349 seconds
[2022-12-20 13:32:02,431] {processor.py:153} INFO - Started process (PID=246) to work on /home/airflow/.local/lib/python3.7/site-packages/airflow/example_dags/example_task_group.py
[2022-12-20 13:32:02,432] {processor.py:641} INFO - Processing file /home/airflow/.local/lib/python3.7/site-packages/airflow/example_dags/example_task_group.py for tasks to queue
[2022-12-20 13:32:02,432] {logging_mixin.py:115} INFO - [2022-12-20 13:32:02,432] {dagbag.py:508} INFO - Filling up the DagBag from /home/airflow/.local/lib/python3.7/site-packages/airflow/example_dags/example_task_group.py
[2022-12-20 13:32:02,443] {processor.py:651} INFO - DAG(s) dict_keys(['example_task_group']) retrieved from /home/airflow/.local/lib/python3.7/site-packages/airflow/example_dags/example_task_group.py
[2022-12-20 13:32:02,498] {logging_mixin.py:115} INFO - [2022-12-20 13:32:02,498] {dag.py:2420} INFO - Sync 1 DAGs
[2022-12-20 13:32:02,752] {logging_mixin.py:115} INFO - [2022-12-20 13:32:02,752] {dag.py:2972} INFO - Setting next_dagrun for example_task_group to 2022-12-19T13:32:02.751558+00:00, run_after=2022-12-20T13:32:02.751558+00:00
[2022-12-20 13:32:02,775] {processor.py:161} INFO - Processing /home/airflow/.local/lib/python3.7/site-packages/airflow/example_dags/example_task_group.py took 0.349 seconds
[2022-12-20 13:32:33,211] {processor.py:153} INFO - Started process (PID=301) to work on /home/airflow/.local/lib/python3.7/site-packages/airflow/example_dags/example_task_group.py
[2022-12-20 13:32:33,212] {processor.py:641} INFO - Processing file /home/airflow/.local/lib/python3.7/site-packages/airflow/example_dags/example_task_group.py for tasks to queue
[2022-12-20 13:32:33,212] {logging_mixin.py:115} INFO - [2022-12-20 13:32:33,212] {dagbag.py:508} INFO - Filling up the DagBag from /home/airflow/.local/lib/python3.7/site-packages/airflow/example_dags/example_task_group.py
[2022-12-20 13:32:33,221] {processor.py:651} INFO - DAG(s) dict_keys(['example_task_group']) retrieved from /home/airflow/.local/lib/python3.7/site-packages/airflow/example_dags/example_task_group.py
[2022-12-20 13:32:33,265] {logging_mixin.py:115} INFO - [2022-12-20 13:32:33,265] {dag.py:2420} INFO - Sync 1 DAGs
[2022-12-20 13:32:33,530] {logging_mixin.py:115} INFO - [2022-12-20 13:32:33,530] {dag.py:2972} INFO - Setting next_dagrun for example_task_group to 2022-12-19T13:32:33.529701+00:00, run_after=2022-12-20T13:32:33.529701+00:00
[2022-12-20 13:32:33,551] {processor.py:161} INFO - Processing /home/airflow/.local/lib/python3.7/site-packages/airflow/example_dags/example_task_group.py took 0.344 seconds
[2022-12-20 13:33:04,183] {processor.py:153} INFO - Started process (PID=364) to work on /home/airflow/.local/lib/python3.7/site-packages/airflow/example_dags/example_task_group.py
[2022-12-20 13:33:04,184] {processor.py:641} INFO - Processing file /home/airflow/.local/lib/python3.7/site-packages/airflow/example_dags/example_task_group.py for tasks to queue
[2022-12-20 13:33:04,185] {logging_mixin.py:115} INFO - [2022-12-20 13:33:04,185] {dagbag.py:508} INFO - Filling up the DagBag from /home/airflow/.local/lib/python3.7/site-packages/airflow/example_dags/example_task_group.py
[2022-12-20 13:33:04,196] {processor.py:651} INFO - DAG(s) dict_keys(['example_task_group']) retrieved from /home/airflow/.local/lib/python3.7/site-packages/airflow/example_dags/example_task_group.py
[2022-12-20 13:33:04,260] {logging_mixin.py:115} INFO - [2022-12-20 13:33:04,260] {dag.py:2420} INFO - Sync 1 DAGs
[2022-12-20 13:33:04,558] {logging_mixin.py:115} INFO - [2022-12-20 13:33:04,557] {dag.py:2972} INFO - Setting next_dagrun for example_task_group to 2022-12-19T13:33:04.557291+00:00, run_after=2022-12-20T13:33:04.557291+00:00
[2022-12-20 13:33:04,583] {processor.py:161} INFO - Processing /home/airflow/.local/lib/python3.7/site-packages/airflow/example_dags/example_task_group.py took 0.405 seconds
[2022-12-20 13:33:34,990] {processor.py:153} INFO - Started process (PID=418) to work on /home/airflow/.local/lib/python3.7/site-packages/airflow/example_dags/example_task_group.py
[2022-12-20 13:33:34,991] {processor.py:641} INFO - Processing file /home/airflow/.local/lib/python3.7/site-packages/airflow/example_dags/example_task_group.py for tasks to queue
[2022-12-20 13:33:34,992] {logging_mixin.py:115} INFO - [2022-12-20 13:33:34,991] {dagbag.py:508} INFO - Filling up the DagBag from /home/airflow/.local/lib/python3.7/site-packages/airflow/example_dags/example_task_group.py
[2022-12-20 13:33:35,002] {processor.py:651} INFO - DAG(s) dict_keys(['example_task_group']) retrieved from /home/airflow/.local/lib/python3.7/site-packages/airflow/example_dags/example_task_group.py
[2022-12-20 13:33:35,053] {logging_mixin.py:115} INFO - [2022-12-20 13:33:35,053] {dag.py:2420} INFO - Sync 1 DAGs
[2022-12-20 13:33:35,304] {logging_mixin.py:115} INFO - [2022-12-20 13:33:35,304] {dag.py:2972} INFO - Setting next_dagrun for example_task_group to 2022-12-19T13:33:35.303974+00:00, run_after=2022-12-20T13:33:35.303974+00:00
[2022-12-20 13:33:35,329] {processor.py:161} INFO - Processing /home/airflow/.local/lib/python3.7/site-packages/airflow/example_dags/example_task_group.py took 0.344 seconds
[2022-12-20 13:34:05,745] {processor.py:153} INFO - Started process (PID=473) to work on /home/airflow/.local/lib/python3.7/site-packages/airflow/example_dags/example_task_group.py
[2022-12-20 13:34:05,746] {processor.py:641} INFO - Processing file /home/airflow/.local/lib/python3.7/site-packages/airflow/example_dags/example_task_group.py for tasks to queue
[2022-12-20 13:34:05,747] {logging_mixin.py:115} INFO - [2022-12-20 13:34:05,747] {dagbag.py:508} INFO - Filling up the DagBag from /home/airflow/.local/lib/python3.7/site-packages/airflow/example_dags/example_task_group.py
[2022-12-20 13:34:05,757] {processor.py:651} INFO - DAG(s) dict_keys(['example_task_group']) retrieved from /home/airflow/.local/lib/python3.7/site-packages/airflow/example_dags/example_task_group.py
[2022-12-20 13:34:05,808] {logging_mixin.py:115} INFO - [2022-12-20 13:34:05,808] {dag.py:2420} INFO - Sync 1 DAGs
[2022-12-20 13:34:06,055] {logging_mixin.py:115} INFO - [2022-12-20 13:34:06,055] {dag.py:2972} INFO - Setting next_dagrun for example_task_group to 2022-12-19T13:34:06.054615+00:00, run_after=2022-12-20T13:34:06.054615+00:00
[2022-12-20 13:34:06,080] {processor.py:161} INFO - Processing /home/airflow/.local/lib/python3.7/site-packages/airflow/example_dags/example_task_group.py took 0.339 seconds
[2022-12-20 13:34:36,444] {processor.py:153} INFO - Started process (PID=536) to work on /home/airflow/.local/lib/python3.7/site-packages/airflow/example_dags/example_task_group.py
[2022-12-20 13:34:36,445] {processor.py:641} INFO - Processing file /home/airflow/.local/lib/python3.7/site-packages/airflow/example_dags/example_task_group.py for tasks to queue
[2022-12-20 13:34:36,446] {logging_mixin.py:115} INFO - [2022-12-20 13:34:36,446] {dagbag.py:508} INFO - Filling up the DagBag from /home/airflow/.local/lib/python3.7/site-packages/airflow/example_dags/example_task_group.py
[2022-12-20 13:34:36,464] {processor.py:651} INFO - DAG(s) dict_keys(['example_task_group']) retrieved from /home/airflow/.local/lib/python3.7/site-packages/airflow/example_dags/example_task_group.py
[2022-12-20 13:34:36,521] {logging_mixin.py:115} INFO - [2022-12-20 13:34:36,521] {dag.py:2420} INFO - Sync 1 DAGs
[2022-12-20 13:34:36,798] {logging_mixin.py:115} INFO - [2022-12-20 13:34:36,798] {dag.py:2972} INFO - Setting next_dagrun for example_task_group to 2022-12-19T13:34:36.797553+00:00, run_after=2022-12-20T13:34:36.797553+00:00
[2022-12-20 13:34:36,823] {processor.py:161} INFO - Processing /home/airflow/.local/lib/python3.7/site-packages/airflow/example_dags/example_task_group.py took 0.386 seconds
[2022-12-20 13:36:58,743] {processor.py:153} INFO - Started process (PID=74) to work on /home/airflow/.local/lib/python3.7/site-packages/airflow/example_dags/example_task_group.py
[2022-12-20 13:36:58,744] {processor.py:641} INFO - Processing file /home/airflow/.local/lib/python3.7/site-packages/airflow/example_dags/example_task_group.py for tasks to queue
[2022-12-20 13:36:58,745] {logging_mixin.py:115} INFO - [2022-12-20 13:36:58,745] {dagbag.py:508} INFO - Filling up the DagBag from /home/airflow/.local/lib/python3.7/site-packages/airflow/example_dags/example_task_group.py
[2022-12-20 13:36:58,760] {processor.py:651} INFO - DAG(s) dict_keys(['example_task_group']) retrieved from /home/airflow/.local/lib/python3.7/site-packages/airflow/example_dags/example_task_group.py
[2022-12-20 13:36:58,828] {logging_mixin.py:115} INFO - [2022-12-20 13:36:58,828] {dag.py:2420} INFO - Sync 1 DAGs
[2022-12-20 13:36:59,096] {logging_mixin.py:115} INFO - [2022-12-20 13:36:59,096] {dag.py:2972} INFO - Setting next_dagrun for example_task_group to 2022-12-19T13:36:59.096205+00:00, run_after=2022-12-20T13:36:59.096205+00:00
[2022-12-20 13:36:59,123] {processor.py:161} INFO - Processing /home/airflow/.local/lib/python3.7/site-packages/airflow/example_dags/example_task_group.py took 0.385 seconds
[2022-12-20 13:37:30,582] {processor.py:153} INFO - Started process (PID=137) to work on /home/airflow/.local/lib/python3.7/site-packages/airflow/example_dags/example_task_group.py
[2022-12-20 13:37:30,583] {processor.py:641} INFO - Processing file /home/airflow/.local/lib/python3.7/site-packages/airflow/example_dags/example_task_group.py for tasks to queue
[2022-12-20 13:37:30,584] {logging_mixin.py:115} INFO - [2022-12-20 13:37:30,583] {dagbag.py:508} INFO - Filling up the DagBag from /home/airflow/.local/lib/python3.7/site-packages/airflow/example_dags/example_task_group.py
[2022-12-20 13:37:30,593] {processor.py:651} INFO - DAG(s) dict_keys(['example_task_group']) retrieved from /home/airflow/.local/lib/python3.7/site-packages/airflow/example_dags/example_task_group.py
[2022-12-20 13:37:30,647] {logging_mixin.py:115} INFO - [2022-12-20 13:37:30,647] {dag.py:2420} INFO - Sync 1 DAGs
[2022-12-20 13:37:30,827] {logging_mixin.py:115} INFO - [2022-12-20 13:37:30,827] {dag.py:2972} INFO - Setting next_dagrun for example_task_group to 2022-12-19T13:37:30.827547+00:00, run_after=2022-12-20T13:37:30.827547+00:00
[2022-12-20 13:37:30,846] {processor.py:161} INFO - Processing /home/airflow/.local/lib/python3.7/site-packages/airflow/example_dags/example_task_group.py took 0.268 seconds
[2022-12-20 13:38:01,361] {processor.py:153} INFO - Started process (PID=191) to work on /home/airflow/.local/lib/python3.7/site-packages/airflow/example_dags/example_task_group.py
[2022-12-20 13:38:01,362] {processor.py:641} INFO - Processing file /home/airflow/.local/lib/python3.7/site-packages/airflow/example_dags/example_task_group.py for tasks to queue
[2022-12-20 13:38:01,363] {logging_mixin.py:115} INFO - [2022-12-20 13:38:01,363] {dagbag.py:508} INFO - Filling up the DagBag from /home/airflow/.local/lib/python3.7/site-packages/airflow/example_dags/example_task_group.py
[2022-12-20 13:38:01,373] {processor.py:651} INFO - DAG(s) dict_keys(['example_task_group']) retrieved from /home/airflow/.local/lib/python3.7/site-packages/airflow/example_dags/example_task_group.py
[2022-12-20 13:38:01,422] {logging_mixin.py:115} INFO - [2022-12-20 13:38:01,422] {dag.py:2420} INFO - Sync 1 DAGs
[2022-12-20 13:38:01,661] {logging_mixin.py:115} INFO - [2022-12-20 13:38:01,660] {dag.py:2972} INFO - Setting next_dagrun for example_task_group to 2022-12-19T13:38:01.660558+00:00, run_after=2022-12-20T13:38:01.660558+00:00
[2022-12-20 13:38:01,684] {processor.py:161} INFO - Processing /home/airflow/.local/lib/python3.7/site-packages/airflow/example_dags/example_task_group.py took 0.326 seconds
[2022-12-20 13:38:32,151] {processor.py:153} INFO - Started process (PID=253) to work on /home/airflow/.local/lib/python3.7/site-packages/airflow/example_dags/example_task_group.py
[2022-12-20 13:38:32,152] {processor.py:641} INFO - Processing file /home/airflow/.local/lib/python3.7/site-packages/airflow/example_dags/example_task_group.py for tasks to queue
[2022-12-20 13:38:32,153] {logging_mixin.py:115} INFO - [2022-12-20 13:38:32,153] {dagbag.py:508} INFO - Filling up the DagBag from /home/airflow/.local/lib/python3.7/site-packages/airflow/example_dags/example_task_group.py
[2022-12-20 13:38:32,167] {processor.py:651} INFO - DAG(s) dict_keys(['example_task_group']) retrieved from /home/airflow/.local/lib/python3.7/site-packages/airflow/example_dags/example_task_group.py
[2022-12-20 13:38:32,226] {logging_mixin.py:115} INFO - [2022-12-20 13:38:32,225] {dag.py:2420} INFO - Sync 1 DAGs
[2022-12-20 13:38:32,548] {logging_mixin.py:115} INFO - [2022-12-20 13:38:32,547] {dag.py:2972} INFO - Setting next_dagrun for example_task_group to 2022-12-19T13:38:32.547496+00:00, run_after=2022-12-20T13:38:32.547496+00:00
[2022-12-20 13:38:32,577] {processor.py:161} INFO - Processing /home/airflow/.local/lib/python3.7/site-packages/airflow/example_dags/example_task_group.py took 0.431 seconds
[2022-12-20 13:39:03,521] {processor.py:153} INFO - Started process (PID=309) to work on /home/airflow/.local/lib/python3.7/site-packages/airflow/example_dags/example_task_group.py
[2022-12-20 13:39:03,522] {processor.py:641} INFO - Processing file /home/airflow/.local/lib/python3.7/site-packages/airflow/example_dags/example_task_group.py for tasks to queue
[2022-12-20 13:39:03,523] {logging_mixin.py:115} INFO - [2022-12-20 13:39:03,523] {dagbag.py:508} INFO - Filling up the DagBag from /home/airflow/.local/lib/python3.7/site-packages/airflow/example_dags/example_task_group.py
[2022-12-20 13:39:03,533] {processor.py:651} INFO - DAG(s) dict_keys(['example_task_group']) retrieved from /home/airflow/.local/lib/python3.7/site-packages/airflow/example_dags/example_task_group.py
[2022-12-20 13:39:03,583] {logging_mixin.py:115} INFO - [2022-12-20 13:39:03,583] {dag.py:2420} INFO - Sync 1 DAGs
[2022-12-20 13:39:03,850] {logging_mixin.py:115} INFO - [2022-12-20 13:39:03,850] {dag.py:2972} INFO - Setting next_dagrun for example_task_group to 2022-12-19T13:39:03.850363+00:00, run_after=2022-12-20T13:39:03.850363+00:00
[2022-12-20 13:39:03,877] {processor.py:161} INFO - Processing /home/airflow/.local/lib/python3.7/site-packages/airflow/example_dags/example_task_group.py took 0.360 seconds
[2022-12-20 13:39:34,816] {processor.py:153} INFO - Started process (PID=363) to work on /home/airflow/.local/lib/python3.7/site-packages/airflow/example_dags/example_task_group.py
[2022-12-20 13:39:34,817] {processor.py:641} INFO - Processing file /home/airflow/.local/lib/python3.7/site-packages/airflow/example_dags/example_task_group.py for tasks to queue
[2022-12-20 13:39:34,818] {logging_mixin.py:115} INFO - [2022-12-20 13:39:34,818] {dagbag.py:508} INFO - Filling up the DagBag from /home/airflow/.local/lib/python3.7/site-packages/airflow/example_dags/example_task_group.py
[2022-12-20 13:39:34,833] {processor.py:651} INFO - DAG(s) dict_keys(['example_task_group']) retrieved from /home/airflow/.local/lib/python3.7/site-packages/airflow/example_dags/example_task_group.py
[2022-12-20 13:39:34,893] {logging_mixin.py:115} INFO - [2022-12-20 13:39:34,893] {dag.py:2420} INFO - Sync 1 DAGs
[2022-12-20 13:39:35,177] {logging_mixin.py:115} INFO - [2022-12-20 13:39:35,176] {dag.py:2972} INFO - Setting next_dagrun for example_task_group to 2022-12-19T13:39:35.176430+00:00, run_after=2022-12-20T13:39:35.176430+00:00
[2022-12-20 13:39:35,207] {processor.py:161} INFO - Processing /home/airflow/.local/lib/python3.7/site-packages/airflow/example_dags/example_task_group.py took 0.397 seconds
[2022-12-20 13:40:05,505] {processor.py:153} INFO - Started process (PID=426) to work on /home/airflow/.local/lib/python3.7/site-packages/airflow/example_dags/example_task_group.py
[2022-12-20 13:40:05,506] {processor.py:641} INFO - Processing file /home/airflow/.local/lib/python3.7/site-packages/airflow/example_dags/example_task_group.py for tasks to queue
[2022-12-20 13:40:05,507] {logging_mixin.py:115} INFO - [2022-12-20 13:40:05,507] {dagbag.py:508} INFO - Filling up the DagBag from /home/airflow/.local/lib/python3.7/site-packages/airflow/example_dags/example_task_group.py
[2022-12-20 13:40:05,517] {processor.py:651} INFO - DAG(s) dict_keys(['example_task_group']) retrieved from /home/airflow/.local/lib/python3.7/site-packages/airflow/example_dags/example_task_group.py
[2022-12-20 13:40:05,566] {logging_mixin.py:115} INFO - [2022-12-20 13:40:05,566] {dag.py:2420} INFO - Sync 1 DAGs
[2022-12-20 13:40:05,835] {logging_mixin.py:115} INFO - [2022-12-20 13:40:05,835] {dag.py:2972} INFO - Setting next_dagrun for example_task_group to 2022-12-19T13:40:05.834679+00:00, run_after=2022-12-20T13:40:05.834679+00:00
[2022-12-20 13:40:05,867] {processor.py:161} INFO - Processing /home/airflow/.local/lib/python3.7/site-packages/airflow/example_dags/example_task_group.py took 0.365 seconds
[2022-12-20 13:40:36,105] {processor.py:153} INFO - Started process (PID=481) to work on /home/airflow/.local/lib/python3.7/site-packages/airflow/example_dags/example_task_group.py
[2022-12-20 13:40:36,106] {processor.py:641} INFO - Processing file /home/airflow/.local/lib/python3.7/site-packages/airflow/example_dags/example_task_group.py for tasks to queue
[2022-12-20 13:40:36,107] {logging_mixin.py:115} INFO - [2022-12-20 13:40:36,107] {dagbag.py:508} INFO - Filling up the DagBag from /home/airflow/.local/lib/python3.7/site-packages/airflow/example_dags/example_task_group.py
[2022-12-20 13:40:36,119] {processor.py:651} INFO - DAG(s) dict_keys(['example_task_group']) retrieved from /home/airflow/.local/lib/python3.7/site-packages/airflow/example_dags/example_task_group.py
[2022-12-20 13:40:36,174] {logging_mixin.py:115} INFO - [2022-12-20 13:40:36,174] {dag.py:2420} INFO - Sync 1 DAGs
[2022-12-20 13:40:36,432] {logging_mixin.py:115} INFO - [2022-12-20 13:40:36,432] {dag.py:2972} INFO - Setting next_dagrun for example_task_group to 2022-12-19T13:40:36.432121+00:00, run_after=2022-12-20T13:40:36.432121+00:00
[2022-12-20 13:40:36,458] {processor.py:161} INFO - Processing /home/airflow/.local/lib/python3.7/site-packages/airflow/example_dags/example_task_group.py took 0.357 seconds
[2022-12-20 13:41:06,903] {processor.py:153} INFO - Started process (PID=544) to work on /home/airflow/.local/lib/python3.7/site-packages/airflow/example_dags/example_task_group.py
[2022-12-20 13:41:06,905] {processor.py:641} INFO - Processing file /home/airflow/.local/lib/python3.7/site-packages/airflow/example_dags/example_task_group.py for tasks to queue
[2022-12-20 13:41:06,907] {logging_mixin.py:115} INFO - [2022-12-20 13:41:06,907] {dagbag.py:508} INFO - Filling up the DagBag from /home/airflow/.local/lib/python3.7/site-packages/airflow/example_dags/example_task_group.py
[2022-12-20 13:41:06,953] {processor.py:651} INFO - DAG(s) dict_keys(['example_task_group']) retrieved from /home/airflow/.local/lib/python3.7/site-packages/airflow/example_dags/example_task_group.py
[2022-12-20 13:41:07,057] {logging_mixin.py:115} INFO - [2022-12-20 13:41:07,057] {dag.py:2420} INFO - Sync 1 DAGs
[2022-12-20 13:41:07,363] {logging_mixin.py:115} INFO - [2022-12-20 13:41:07,363] {dag.py:2972} INFO - Setting next_dagrun for example_task_group to 2022-12-19T13:41:07.362666+00:00, run_after=2022-12-20T13:41:07.362666+00:00
[2022-12-20 13:41:07,392] {processor.py:161} INFO - Processing /home/airflow/.local/lib/python3.7/site-packages/airflow/example_dags/example_task_group.py took 0.500 seconds
[2022-12-20 13:41:38,329] {processor.py:153} INFO - Started process (PID=598) to work on /home/airflow/.local/lib/python3.7/site-packages/airflow/example_dags/example_task_group.py
[2022-12-20 13:41:38,330] {processor.py:641} INFO - Processing file /home/airflow/.local/lib/python3.7/site-packages/airflow/example_dags/example_task_group.py for tasks to queue
[2022-12-20 13:41:38,331] {logging_mixin.py:115} INFO - [2022-12-20 13:41:38,331] {dagbag.py:508} INFO - Filling up the DagBag from /home/airflow/.local/lib/python3.7/site-packages/airflow/example_dags/example_task_group.py
[2022-12-20 13:41:38,341] {processor.py:651} INFO - DAG(s) dict_keys(['example_task_group']) retrieved from /home/airflow/.local/lib/python3.7/site-packages/airflow/example_dags/example_task_group.py
[2022-12-20 13:41:38,392] {logging_mixin.py:115} INFO - [2022-12-20 13:41:38,392] {dag.py:2420} INFO - Sync 1 DAGs
[2022-12-20 13:41:38,663] {logging_mixin.py:115} INFO - [2022-12-20 13:41:38,663] {dag.py:2972} INFO - Setting next_dagrun for example_task_group to 2022-12-19T13:41:38.663074+00:00, run_after=2022-12-20T13:41:38.663074+00:00
[2022-12-20 13:41:38,691] {processor.py:161} INFO - Processing /home/airflow/.local/lib/python3.7/site-packages/airflow/example_dags/example_task_group.py took 0.366 seconds
[2022-12-20 13:42:08,789] {processor.py:153} INFO - Started process (PID=652) to work on /home/airflow/.local/lib/python3.7/site-packages/airflow/example_dags/example_task_group.py
[2022-12-20 13:42:08,789] {processor.py:641} INFO - Processing file /home/airflow/.local/lib/python3.7/site-packages/airflow/example_dags/example_task_group.py for tasks to queue
[2022-12-20 13:42:08,790] {logging_mixin.py:115} INFO - [2022-12-20 13:42:08,790] {dagbag.py:508} INFO - Filling up the DagBag from /home/airflow/.local/lib/python3.7/site-packages/airflow/example_dags/example_task_group.py
[2022-12-20 13:42:08,800] {processor.py:651} INFO - DAG(s) dict_keys(['example_task_group']) retrieved from /home/airflow/.local/lib/python3.7/site-packages/airflow/example_dags/example_task_group.py
[2022-12-20 13:42:08,879] {logging_mixin.py:115} INFO - [2022-12-20 13:42:08,879] {dag.py:2420} INFO - Sync 1 DAGs
[2022-12-20 13:42:09,185] {logging_mixin.py:115} INFO - [2022-12-20 13:42:09,184] {dag.py:2972} INFO - Setting next_dagrun for example_task_group to 2022-12-19T13:42:09.184285+00:00, run_after=2022-12-20T13:42:09.184285+00:00
[2022-12-20 13:42:09,211] {processor.py:161} INFO - Processing /home/airflow/.local/lib/python3.7/site-packages/airflow/example_dags/example_task_group.py took 0.427 seconds
[2022-12-20 13:42:39,345] {processor.py:153} INFO - Started process (PID=715) to work on /home/airflow/.local/lib/python3.7/site-packages/airflow/example_dags/example_task_group.py
[2022-12-20 13:42:39,346] {processor.py:641} INFO - Processing file /home/airflow/.local/lib/python3.7/site-packages/airflow/example_dags/example_task_group.py for tasks to queue
[2022-12-20 13:42:39,347] {logging_mixin.py:115} INFO - [2022-12-20 13:42:39,347] {dagbag.py:508} INFO - Filling up the DagBag from /home/airflow/.local/lib/python3.7/site-packages/airflow/example_dags/example_task_group.py
[2022-12-20 13:42:39,356] {processor.py:651} INFO - DAG(s) dict_keys(['example_task_group']) retrieved from /home/airflow/.local/lib/python3.7/site-packages/airflow/example_dags/example_task_group.py
[2022-12-20 13:42:39,402] {logging_mixin.py:115} INFO - [2022-12-20 13:42:39,402] {dag.py:2420} INFO - Sync 1 DAGs
[2022-12-20 13:42:39,632] {logging_mixin.py:115} INFO - [2022-12-20 13:42:39,632] {dag.py:2972} INFO - Setting next_dagrun for example_task_group to 2022-12-19T13:42:39.631913+00:00, run_after=2022-12-20T13:42:39.631913+00:00
[2022-12-20 13:42:39,658] {processor.py:161} INFO - Processing /home/airflow/.local/lib/python3.7/site-packages/airflow/example_dags/example_task_group.py took 0.317 seconds
[2022-12-20 13:43:10,298] {processor.py:153} INFO - Started process (PID=769) to work on /home/airflow/.local/lib/python3.7/site-packages/airflow/example_dags/example_task_group.py
[2022-12-20 13:43:10,299] {processor.py:641} INFO - Processing file /home/airflow/.local/lib/python3.7/site-packages/airflow/example_dags/example_task_group.py for tasks to queue
[2022-12-20 13:43:10,300] {logging_mixin.py:115} INFO - [2022-12-20 13:43:10,300] {dagbag.py:508} INFO - Filling up the DagBag from /home/airflow/.local/lib/python3.7/site-packages/airflow/example_dags/example_task_group.py
[2022-12-20 13:43:10,311] {processor.py:651} INFO - DAG(s) dict_keys(['example_task_group']) retrieved from /home/airflow/.local/lib/python3.7/site-packages/airflow/example_dags/example_task_group.py
[2022-12-20 13:43:10,366] {logging_mixin.py:115} INFO - [2022-12-20 13:43:10,366] {dag.py:2420} INFO - Sync 1 DAGs
[2022-12-20 13:43:10,644] {logging_mixin.py:115} INFO - [2022-12-20 13:43:10,644] {dag.py:2972} INFO - Setting next_dagrun for example_task_group to 2022-12-19T13:43:10.643504+00:00, run_after=2022-12-20T13:43:10.643504+00:00
[2022-12-20 13:43:10,670] {processor.py:161} INFO - Processing /home/airflow/.local/lib/python3.7/site-packages/airflow/example_dags/example_task_group.py took 0.377 seconds
[2022-12-20 13:43:40,949] {processor.py:153} INFO - Started process (PID=832) to work on /home/airflow/.local/lib/python3.7/site-packages/airflow/example_dags/example_task_group.py
[2022-12-20 13:43:40,949] {processor.py:641} INFO - Processing file /home/airflow/.local/lib/python3.7/site-packages/airflow/example_dags/example_task_group.py for tasks to queue
[2022-12-20 13:43:40,950] {logging_mixin.py:115} INFO - [2022-12-20 13:43:40,950] {dagbag.py:508} INFO - Filling up the DagBag from /home/airflow/.local/lib/python3.7/site-packages/airflow/example_dags/example_task_group.py
[2022-12-20 13:43:40,960] {processor.py:651} INFO - DAG(s) dict_keys(['example_task_group']) retrieved from /home/airflow/.local/lib/python3.7/site-packages/airflow/example_dags/example_task_group.py
[2022-12-20 13:43:41,009] {logging_mixin.py:115} INFO - [2022-12-20 13:43:41,009] {dag.py:2420} INFO - Sync 1 DAGs
[2022-12-20 13:43:41,281] {logging_mixin.py:115} INFO - [2022-12-20 13:43:41,281] {dag.py:2972} INFO - Setting next_dagrun for example_task_group to 2022-12-19T13:43:41.280614+00:00, run_after=2022-12-20T13:43:41.280614+00:00
[2022-12-20 13:43:41,305] {processor.py:161} INFO - Processing /home/airflow/.local/lib/python3.7/site-packages/airflow/example_dags/example_task_group.py took 0.362 seconds
[2022-12-20 13:44:11,349] {processor.py:153} INFO - Started process (PID=887) to work on /home/airflow/.local/lib/python3.7/site-packages/airflow/example_dags/example_task_group.py
[2022-12-20 13:44:11,350] {processor.py:641} INFO - Processing file /home/airflow/.local/lib/python3.7/site-packages/airflow/example_dags/example_task_group.py for tasks to queue
[2022-12-20 13:44:11,351] {logging_mixin.py:115} INFO - [2022-12-20 13:44:11,351] {dagbag.py:508} INFO - Filling up the DagBag from /home/airflow/.local/lib/python3.7/site-packages/airflow/example_dags/example_task_group.py
[2022-12-20 13:44:11,365] {processor.py:651} INFO - DAG(s) dict_keys(['example_task_group']) retrieved from /home/airflow/.local/lib/python3.7/site-packages/airflow/example_dags/example_task_group.py
[2022-12-20 13:44:11,425] {logging_mixin.py:115} INFO - [2022-12-20 13:44:11,425] {dag.py:2420} INFO - Sync 1 DAGs
[2022-12-20 13:44:11,683] {logging_mixin.py:115} INFO - [2022-12-20 13:44:11,683] {dag.py:2972} INFO - Setting next_dagrun for example_task_group to 2022-12-19T13:44:11.682802+00:00, run_after=2022-12-20T13:44:11.682802+00:00
[2022-12-20 13:44:11,706] {processor.py:161} INFO - Processing /home/airflow/.local/lib/python3.7/site-packages/airflow/example_dags/example_task_group.py took 0.363 seconds
[2022-12-20 13:44:41,955] {processor.py:153} INFO - Started process (PID=942) to work on /home/airflow/.local/lib/python3.7/site-packages/airflow/example_dags/example_task_group.py
[2022-12-20 13:44:41,956] {processor.py:641} INFO - Processing file /home/airflow/.local/lib/python3.7/site-packages/airflow/example_dags/example_task_group.py for tasks to queue
[2022-12-20 13:44:41,957] {logging_mixin.py:115} INFO - [2022-12-20 13:44:41,957] {dagbag.py:508} INFO - Filling up the DagBag from /home/airflow/.local/lib/python3.7/site-packages/airflow/example_dags/example_task_group.py
[2022-12-20 13:44:41,974] {processor.py:651} INFO - DAG(s) dict_keys(['example_task_group']) retrieved from /home/airflow/.local/lib/python3.7/site-packages/airflow/example_dags/example_task_group.py
[2022-12-20 13:44:42,049] {logging_mixin.py:115} INFO - [2022-12-20 13:44:42,048] {dag.py:2420} INFO - Sync 1 DAGs
[2022-12-20 13:44:42,348] {logging_mixin.py:115} INFO - [2022-12-20 13:44:42,348] {dag.py:2972} INFO - Setting next_dagrun for example_task_group to 2022-12-19T13:44:42.348093+00:00, run_after=2022-12-20T13:44:42.348093+00:00
[2022-12-20 13:44:42,379] {processor.py:161} INFO - Processing /home/airflow/.local/lib/python3.7/site-packages/airflow/example_dags/example_task_group.py took 0.432 seconds
[2022-12-20 13:45:13,198] {processor.py:153} INFO - Started process (PID=1005) to work on /home/airflow/.local/lib/python3.7/site-packages/airflow/example_dags/example_task_group.py
[2022-12-20 13:45:13,199] {processor.py:641} INFO - Processing file /home/airflow/.local/lib/python3.7/site-packages/airflow/example_dags/example_task_group.py for tasks to queue
[2022-12-20 13:45:13,200] {logging_mixin.py:115} INFO - [2022-12-20 13:45:13,200] {dagbag.py:508} INFO - Filling up the DagBag from /home/airflow/.local/lib/python3.7/site-packages/airflow/example_dags/example_task_group.py
[2022-12-20 13:45:13,210] {processor.py:651} INFO - DAG(s) dict_keys(['example_task_group']) retrieved from /home/airflow/.local/lib/python3.7/site-packages/airflow/example_dags/example_task_group.py
[2022-12-20 13:45:13,262] {logging_mixin.py:115} INFO - [2022-12-20 13:45:13,261] {dag.py:2420} INFO - Sync 1 DAGs
[2022-12-20 13:45:13,501] {logging_mixin.py:115} INFO - [2022-12-20 13:45:13,501] {dag.py:2972} INFO - Setting next_dagrun for example_task_group to 2022-12-19T13:45:13.500514+00:00, run_after=2022-12-20T13:45:13.500514+00:00
[2022-12-20 13:45:13,524] {processor.py:161} INFO - Processing /home/airflow/.local/lib/python3.7/site-packages/airflow/example_dags/example_task_group.py took 0.330 seconds
[2022-12-20 13:45:44,312] {processor.py:153} INFO - Started process (PID=1059) to work on /home/airflow/.local/lib/python3.7/site-packages/airflow/example_dags/example_task_group.py
[2022-12-20 13:45:44,313] {processor.py:641} INFO - Processing file /home/airflow/.local/lib/python3.7/site-packages/airflow/example_dags/example_task_group.py for tasks to queue
[2022-12-20 13:45:44,314] {logging_mixin.py:115} INFO - [2022-12-20 13:45:44,314] {dagbag.py:508} INFO - Filling up the DagBag from /home/airflow/.local/lib/python3.7/site-packages/airflow/example_dags/example_task_group.py
[2022-12-20 13:45:44,331] {processor.py:651} INFO - DAG(s) dict_keys(['example_task_group']) retrieved from /home/airflow/.local/lib/python3.7/site-packages/airflow/example_dags/example_task_group.py
[2022-12-20 13:45:44,391] {logging_mixin.py:115} INFO - [2022-12-20 13:45:44,391] {dag.py:2420} INFO - Sync 1 DAGs
[2022-12-20 13:45:44,635] {logging_mixin.py:115} INFO - [2022-12-20 13:45:44,635] {dag.py:2972} INFO - Setting next_dagrun for example_task_group to 2022-12-19T13:45:44.634995+00:00, run_after=2022-12-20T13:45:44.634995+00:00
[2022-12-20 13:45:44,658] {processor.py:161} INFO - Processing /home/airflow/.local/lib/python3.7/site-packages/airflow/example_dags/example_task_group.py took 0.354 seconds
[2022-12-20 13:46:16,335] {processor.py:153} INFO - Started process (PID=1121) to work on /home/airflow/.local/lib/python3.7/site-packages/airflow/example_dags/example_task_group.py
[2022-12-20 13:46:16,336] {processor.py:641} INFO - Processing file /home/airflow/.local/lib/python3.7/site-packages/airflow/example_dags/example_task_group.py for tasks to queue
[2022-12-20 13:46:16,336] {logging_mixin.py:115} INFO - [2022-12-20 13:46:16,336] {dagbag.py:508} INFO - Filling up the DagBag from /home/airflow/.local/lib/python3.7/site-packages/airflow/example_dags/example_task_group.py
[2022-12-20 13:46:16,347] {processor.py:651} INFO - DAG(s) dict_keys(['example_task_group']) retrieved from /home/airflow/.local/lib/python3.7/site-packages/airflow/example_dags/example_task_group.py
[2022-12-20 13:46:16,398] {logging_mixin.py:115} INFO - [2022-12-20 13:46:16,398] {dag.py:2420} INFO - Sync 1 DAGs
[2022-12-20 13:46:16,638] {logging_mixin.py:115} INFO - [2022-12-20 13:46:16,638] {dag.py:2972} INFO - Setting next_dagrun for example_task_group to 2022-12-19T13:46:16.637561+00:00, run_after=2022-12-20T13:46:16.637561+00:00
[2022-12-20 13:46:16,659] {processor.py:161} INFO - Processing /home/airflow/.local/lib/python3.7/site-packages/airflow/example_dags/example_task_group.py took 0.329 seconds
[2022-12-20 13:46:46,810] {processor.py:153} INFO - Started process (PID=1175) to work on /home/airflow/.local/lib/python3.7/site-packages/airflow/example_dags/example_task_group.py
[2022-12-20 13:46:46,811] {processor.py:641} INFO - Processing file /home/airflow/.local/lib/python3.7/site-packages/airflow/example_dags/example_task_group.py for tasks to queue
[2022-12-20 13:46:46,812] {logging_mixin.py:115} INFO - [2022-12-20 13:46:46,812] {dagbag.py:508} INFO - Filling up the DagBag from /home/airflow/.local/lib/python3.7/site-packages/airflow/example_dags/example_task_group.py
[2022-12-20 13:46:46,823] {processor.py:651} INFO - DAG(s) dict_keys(['example_task_group']) retrieved from /home/airflow/.local/lib/python3.7/site-packages/airflow/example_dags/example_task_group.py
[2022-12-20 13:46:46,876] {logging_mixin.py:115} INFO - [2022-12-20 13:46:46,875] {dag.py:2420} INFO - Sync 1 DAGs
[2022-12-20 13:46:47,125] {logging_mixin.py:115} INFO - [2022-12-20 13:46:47,125] {dag.py:2972} INFO - Setting next_dagrun for example_task_group to 2022-12-19T13:46:47.124849+00:00, run_after=2022-12-20T13:46:47.124849+00:00
[2022-12-20 13:46:47,149] {processor.py:161} INFO - Processing /home/airflow/.local/lib/python3.7/site-packages/airflow/example_dags/example_task_group.py took 0.343 seconds
[2022-12-20 13:47:17,668] {processor.py:153} INFO - Started process (PID=1240) to work on /home/airflow/.local/lib/python3.7/site-packages/airflow/example_dags/example_task_group.py
[2022-12-20 13:47:17,669] {processor.py:641} INFO - Processing file /home/airflow/.local/lib/python3.7/site-packages/airflow/example_dags/example_task_group.py for tasks to queue
[2022-12-20 13:47:17,670] {logging_mixin.py:115} INFO - [2022-12-20 13:47:17,670] {dagbag.py:508} INFO - Filling up the DagBag from /home/airflow/.local/lib/python3.7/site-packages/airflow/example_dags/example_task_group.py
[2022-12-20 13:47:17,682] {processor.py:651} INFO - DAG(s) dict_keys(['example_task_group']) retrieved from /home/airflow/.local/lib/python3.7/site-packages/airflow/example_dags/example_task_group.py
[2022-12-20 13:47:17,735] {logging_mixin.py:115} INFO - [2022-12-20 13:47:17,735] {dag.py:2420} INFO - Sync 1 DAGs
[2022-12-20 13:47:18,019] {logging_mixin.py:115} INFO - [2022-12-20 13:47:18,018] {dag.py:2972} INFO - Setting next_dagrun for example_task_group to 2022-12-19T13:47:18.018404+00:00, run_after=2022-12-20T13:47:18.018404+00:00
[2022-12-20 13:47:18,042] {processor.py:161} INFO - Processing /home/airflow/.local/lib/python3.7/site-packages/airflow/example_dags/example_task_group.py took 0.381 seconds
[2022-12-20 13:47:49,145] {processor.py:153} INFO - Started process (PID=1294) to work on /home/airflow/.local/lib/python3.7/site-packages/airflow/example_dags/example_task_group.py
[2022-12-20 13:47:49,147] {processor.py:641} INFO - Processing file /home/airflow/.local/lib/python3.7/site-packages/airflow/example_dags/example_task_group.py for tasks to queue
[2022-12-20 13:47:49,148] {logging_mixin.py:115} INFO - [2022-12-20 13:47:49,147] {dagbag.py:508} INFO - Filling up the DagBag from /home/airflow/.local/lib/python3.7/site-packages/airflow/example_dags/example_task_group.py
[2022-12-20 13:47:49,165] {processor.py:651} INFO - DAG(s) dict_keys(['example_task_group']) retrieved from /home/airflow/.local/lib/python3.7/site-packages/airflow/example_dags/example_task_group.py
[2022-12-20 13:47:49,224] {logging_mixin.py:115} INFO - [2022-12-20 13:47:49,223] {dag.py:2420} INFO - Sync 1 DAGs
[2022-12-20 13:47:49,469] {logging_mixin.py:115} INFO - [2022-12-20 13:47:49,469] {dag.py:2972} INFO - Setting next_dagrun for example_task_group to 2022-12-19T13:47:49.468906+00:00, run_after=2022-12-20T13:47:49.468906+00:00
[2022-12-20 13:47:49,497] {processor.py:161} INFO - Processing /home/airflow/.local/lib/python3.7/site-packages/airflow/example_dags/example_task_group.py took 0.359 seconds
[2022-12-20 13:48:20,055] {processor.py:153} INFO - Started process (PID=1349) to work on /home/airflow/.local/lib/python3.7/site-packages/airflow/example_dags/example_task_group.py
[2022-12-20 13:48:20,056] {processor.py:641} INFO - Processing file /home/airflow/.local/lib/python3.7/site-packages/airflow/example_dags/example_task_group.py for tasks to queue
[2022-12-20 13:48:20,056] {logging_mixin.py:115} INFO - [2022-12-20 13:48:20,056] {dagbag.py:508} INFO - Filling up the DagBag from /home/airflow/.local/lib/python3.7/site-packages/airflow/example_dags/example_task_group.py
[2022-12-20 13:48:20,066] {processor.py:651} INFO - DAG(s) dict_keys(['example_task_group']) retrieved from /home/airflow/.local/lib/python3.7/site-packages/airflow/example_dags/example_task_group.py
[2022-12-20 13:48:20,115] {logging_mixin.py:115} INFO - [2022-12-20 13:48:20,115] {dag.py:2420} INFO - Sync 1 DAGs
[2022-12-20 13:48:20,343] {logging_mixin.py:115} INFO - [2022-12-20 13:48:20,342] {dag.py:2972} INFO - Setting next_dagrun for example_task_group to 2022-12-19T13:48:20.342500+00:00, run_after=2022-12-20T13:48:20.342500+00:00
[2022-12-20 13:48:20,373] {processor.py:161} INFO - Processing /home/airflow/.local/lib/python3.7/site-packages/airflow/example_dags/example_task_group.py took 0.322 seconds
[2022-12-20 13:48:50,463] {processor.py:153} INFO - Started process (PID=1411) to work on /home/airflow/.local/lib/python3.7/site-packages/airflow/example_dags/example_task_group.py
[2022-12-20 13:48:50,464] {processor.py:641} INFO - Processing file /home/airflow/.local/lib/python3.7/site-packages/airflow/example_dags/example_task_group.py for tasks to queue
[2022-12-20 13:48:50,465] {logging_mixin.py:115} INFO - [2022-12-20 13:48:50,465] {dagbag.py:508} INFO - Filling up the DagBag from /home/airflow/.local/lib/python3.7/site-packages/airflow/example_dags/example_task_group.py
[2022-12-20 13:48:50,477] {processor.py:651} INFO - DAG(s) dict_keys(['example_task_group']) retrieved from /home/airflow/.local/lib/python3.7/site-packages/airflow/example_dags/example_task_group.py
[2022-12-20 13:48:50,524] {logging_mixin.py:115} INFO - [2022-12-20 13:48:50,524] {dag.py:2420} INFO - Sync 1 DAGs
[2022-12-20 13:48:50,791] {logging_mixin.py:115} INFO - [2022-12-20 13:48:50,791] {dag.py:2972} INFO - Setting next_dagrun for example_task_group to 2022-12-19T13:48:50.790686+00:00, run_after=2022-12-20T13:48:50.790686+00:00
[2022-12-20 13:48:50,820] {processor.py:161} INFO - Processing /home/airflow/.local/lib/python3.7/site-packages/airflow/example_dags/example_task_group.py took 0.361 seconds
[2022-12-20 13:49:21,214] {processor.py:153} INFO - Started process (PID=1465) to work on /home/airflow/.local/lib/python3.7/site-packages/airflow/example_dags/example_task_group.py
[2022-12-20 13:49:21,215] {processor.py:641} INFO - Processing file /home/airflow/.local/lib/python3.7/site-packages/airflow/example_dags/example_task_group.py for tasks to queue
[2022-12-20 13:49:21,216] {logging_mixin.py:115} INFO - [2022-12-20 13:49:21,215] {dagbag.py:508} INFO - Filling up the DagBag from /home/airflow/.local/lib/python3.7/site-packages/airflow/example_dags/example_task_group.py
[2022-12-20 13:49:21,230] {processor.py:651} INFO - DAG(s) dict_keys(['example_task_group']) retrieved from /home/airflow/.local/lib/python3.7/site-packages/airflow/example_dags/example_task_group.py
[2022-12-20 13:49:21,285] {logging_mixin.py:115} INFO - [2022-12-20 13:49:21,285] {dag.py:2420} INFO - Sync 1 DAGs
[2022-12-20 13:49:21,516] {logging_mixin.py:115} INFO - [2022-12-20 13:49:21,516] {dag.py:2972} INFO - Setting next_dagrun for example_task_group to 2022-12-19T13:49:21.515919+00:00, run_after=2022-12-20T13:49:21.515919+00:00
[2022-12-20 13:49:21,541] {processor.py:161} INFO - Processing /home/airflow/.local/lib/python3.7/site-packages/airflow/example_dags/example_task_group.py took 0.333 seconds
[2022-12-20 13:49:52,423] {processor.py:153} INFO - Started process (PID=1529) to work on /home/airflow/.local/lib/python3.7/site-packages/airflow/example_dags/example_task_group.py
[2022-12-20 13:49:52,424] {processor.py:641} INFO - Processing file /home/airflow/.local/lib/python3.7/site-packages/airflow/example_dags/example_task_group.py for tasks to queue
[2022-12-20 13:49:52,425] {logging_mixin.py:115} INFO - [2022-12-20 13:49:52,425] {dagbag.py:508} INFO - Filling up the DagBag from /home/airflow/.local/lib/python3.7/site-packages/airflow/example_dags/example_task_group.py
[2022-12-20 13:49:52,441] {processor.py:651} INFO - DAG(s) dict_keys(['example_task_group']) retrieved from /home/airflow/.local/lib/python3.7/site-packages/airflow/example_dags/example_task_group.py
[2022-12-20 13:49:52,510] {logging_mixin.py:115} INFO - [2022-12-20 13:49:52,509] {dag.py:2420} INFO - Sync 1 DAGs
[2022-12-20 13:49:52,832] {logging_mixin.py:115} INFO - [2022-12-20 13:49:52,831] {dag.py:2972} INFO - Setting next_dagrun for example_task_group to 2022-12-19T13:49:52.831419+00:00, run_after=2022-12-20T13:49:52.831419+00:00
[2022-12-20 13:49:52,862] {processor.py:161} INFO - Processing /home/airflow/.local/lib/python3.7/site-packages/airflow/example_dags/example_task_group.py took 0.443 seconds
[2022-12-20 13:50:23,172] {processor.py:153} INFO - Started process (PID=1583) to work on /home/airflow/.local/lib/python3.7/site-packages/airflow/example_dags/example_task_group.py
[2022-12-20 13:50:23,173] {processor.py:641} INFO - Processing file /home/airflow/.local/lib/python3.7/site-packages/airflow/example_dags/example_task_group.py for tasks to queue
[2022-12-20 13:50:23,174] {logging_mixin.py:115} INFO - [2022-12-20 13:50:23,174] {dagbag.py:508} INFO - Filling up the DagBag from /home/airflow/.local/lib/python3.7/site-packages/airflow/example_dags/example_task_group.py
[2022-12-20 13:50:23,184] {processor.py:651} INFO - DAG(s) dict_keys(['example_task_group']) retrieved from /home/airflow/.local/lib/python3.7/site-packages/airflow/example_dags/example_task_group.py
[2022-12-20 13:50:23,230] {logging_mixin.py:115} INFO - [2022-12-20 13:50:23,230] {dag.py:2420} INFO - Sync 1 DAGs
[2022-12-20 13:50:23,471] {logging_mixin.py:115} INFO - [2022-12-20 13:50:23,471] {dag.py:2972} INFO - Setting next_dagrun for example_task_group to 2022-12-19T13:50:23.470819+00:00, run_after=2022-12-20T13:50:23.470819+00:00
[2022-12-20 13:50:23,496] {processor.py:161} INFO - Processing /home/airflow/.local/lib/python3.7/site-packages/airflow/example_dags/example_task_group.py took 0.328 seconds
[2022-12-20 13:50:54,265] {processor.py:153} INFO - Started process (PID=1645) to work on /home/airflow/.local/lib/python3.7/site-packages/airflow/example_dags/example_task_group.py
[2022-12-20 13:50:54,265] {processor.py:641} INFO - Processing file /home/airflow/.local/lib/python3.7/site-packages/airflow/example_dags/example_task_group.py for tasks to queue
[2022-12-20 13:50:54,266] {logging_mixin.py:115} INFO - [2022-12-20 13:50:54,266] {dagbag.py:508} INFO - Filling up the DagBag from /home/airflow/.local/lib/python3.7/site-packages/airflow/example_dags/example_task_group.py
[2022-12-20 13:50:54,278] {processor.py:651} INFO - DAG(s) dict_keys(['example_task_group']) retrieved from /home/airflow/.local/lib/python3.7/site-packages/airflow/example_dags/example_task_group.py
[2022-12-20 13:50:54,329] {logging_mixin.py:115} INFO - [2022-12-20 13:50:54,329] {dag.py:2420} INFO - Sync 1 DAGs
[2022-12-20 13:50:54,614] {logging_mixin.py:115} INFO - [2022-12-20 13:50:54,613] {dag.py:2972} INFO - Setting next_dagrun for example_task_group to 2022-12-19T13:50:54.613584+00:00, run_after=2022-12-20T13:50:54.613584+00:00
[2022-12-20 13:50:54,640] {processor.py:161} INFO - Processing /home/airflow/.local/lib/python3.7/site-packages/airflow/example_dags/example_task_group.py took 0.380 seconds
[2022-12-20 13:51:25,028] {processor.py:153} INFO - Started process (PID=1699) to work on /home/airflow/.local/lib/python3.7/site-packages/airflow/example_dags/example_task_group.py
[2022-12-20 13:51:25,029] {processor.py:641} INFO - Processing file /home/airflow/.local/lib/python3.7/site-packages/airflow/example_dags/example_task_group.py for tasks to queue
[2022-12-20 13:51:25,029] {logging_mixin.py:115} INFO - [2022-12-20 13:51:25,029] {dagbag.py:508} INFO - Filling up the DagBag from /home/airflow/.local/lib/python3.7/site-packages/airflow/example_dags/example_task_group.py
[2022-12-20 13:51:25,041] {processor.py:651} INFO - DAG(s) dict_keys(['example_task_group']) retrieved from /home/airflow/.local/lib/python3.7/site-packages/airflow/example_dags/example_task_group.py
[2022-12-20 13:51:25,097] {logging_mixin.py:115} INFO - [2022-12-20 13:51:25,097] {dag.py:2420} INFO - Sync 1 DAGs
[2022-12-20 13:51:25,349] {logging_mixin.py:115} INFO - [2022-12-20 13:51:25,349] {dag.py:2972} INFO - Setting next_dagrun for example_task_group to 2022-12-19T13:51:25.348748+00:00, run_after=2022-12-20T13:51:25.348748+00:00
[2022-12-20 13:51:25,372] {processor.py:161} INFO - Processing /home/airflow/.local/lib/python3.7/site-packages/airflow/example_dags/example_task_group.py took 0.349 seconds
