[2022-12-24 10:38:54,247] {processor.py:153} INFO - Started process (PID=50) to work on /home/airflow/.local/lib/python3.7/site-packages/airflow/example_dags/example_latest_only_with_trigger.py
[2022-12-24 10:38:54,248] {processor.py:641} INFO - Processing file /home/airflow/.local/lib/python3.7/site-packages/airflow/example_dags/example_latest_only_with_trigger.py for tasks to queue
[2022-12-24 10:38:54,249] {logging_mixin.py:115} INFO - [2022-12-24 10:38:54,249] {dagbag.py:508} INFO - Filling up the DagBag from /home/airflow/.local/lib/python3.7/site-packages/airflow/example_dags/example_latest_only_with_trigger.py
[2022-12-24 10:38:54,259] {processor.py:651} INFO - DAG(s) dict_keys(['latest_only_with_trigger']) retrieved from /home/airflow/.local/lib/python3.7/site-packages/airflow/example_dags/example_latest_only_with_trigger.py
[2022-12-24 10:38:54,325] {logging_mixin.py:115} INFO - [2022-12-24 10:38:54,325] {dag.py:2420} INFO - Sync 1 DAGs
[2022-12-24 10:38:54,605] {logging_mixin.py:115} INFO - [2022-12-24 10:38:54,604] {dag.py:2972} INFO - Setting next_dagrun for latest_only_with_trigger to 2022-12-24T06:38:54.604588+00:00, run_after=2022-12-24T10:38:54.604588+00:00
[2022-12-24 10:38:54,628] {processor.py:161} INFO - Processing /home/airflow/.local/lib/python3.7/site-packages/airflow/example_dags/example_latest_only_with_trigger.py took 0.386 seconds
[2022-12-24 13:39:06,047] {processor.py:153} INFO - Started process (PID=95) to work on /home/airflow/.local/lib/python3.7/site-packages/airflow/example_dags/example_latest_only_with_trigger.py
[2022-12-24 13:39:06,055] {processor.py:641} INFO - Processing file /home/airflow/.local/lib/python3.7/site-packages/airflow/example_dags/example_latest_only_with_trigger.py for tasks to queue
[2022-12-24 13:39:06,056] {logging_mixin.py:115} INFO - [2022-12-24 13:39:06,056] {dagbag.py:508} INFO - Filling up the DagBag from /home/airflow/.local/lib/python3.7/site-packages/airflow/example_dags/example_latest_only_with_trigger.py
[2022-12-24 13:39:06,072] {processor.py:651} INFO - DAG(s) dict_keys(['latest_only_with_trigger']) retrieved from /home/airflow/.local/lib/python3.7/site-packages/airflow/example_dags/example_latest_only_with_trigger.py
[2022-12-24 13:39:06,180] {logging_mixin.py:115} INFO - [2022-12-24 13:39:06,179] {dag.py:2420} INFO - Sync 1 DAGs
[2022-12-24 13:39:06,478] {logging_mixin.py:115} INFO - [2022-12-24 13:39:06,478] {dag.py:2972} INFO - Setting next_dagrun for latest_only_with_trigger to 2022-12-24T09:39:06.478286+00:00, run_after=2022-12-24T13:39:06.478286+00:00
[2022-12-24 13:39:06,515] {processor.py:161} INFO - Processing /home/airflow/.local/lib/python3.7/site-packages/airflow/example_dags/example_latest_only_with_trigger.py took 0.472 seconds
[2022-12-24 13:39:36,678] {processor.py:153} INFO - Started process (PID=147) to work on /home/airflow/.local/lib/python3.7/site-packages/airflow/example_dags/example_latest_only_with_trigger.py
[2022-12-24 13:39:36,679] {processor.py:641} INFO - Processing file /home/airflow/.local/lib/python3.7/site-packages/airflow/example_dags/example_latest_only_with_trigger.py for tasks to queue
[2022-12-24 13:39:36,680] {logging_mixin.py:115} INFO - [2022-12-24 13:39:36,680] {dagbag.py:508} INFO - Filling up the DagBag from /home/airflow/.local/lib/python3.7/site-packages/airflow/example_dags/example_latest_only_with_trigger.py
[2022-12-24 13:39:36,690] {processor.py:651} INFO - DAG(s) dict_keys(['latest_only_with_trigger']) retrieved from /home/airflow/.local/lib/python3.7/site-packages/airflow/example_dags/example_latest_only_with_trigger.py
[2022-12-24 13:39:36,751] {logging_mixin.py:115} INFO - [2022-12-24 13:39:36,751] {dag.py:2420} INFO - Sync 1 DAGs
[2022-12-24 13:39:37,022] {logging_mixin.py:115} INFO - [2022-12-24 13:39:37,022] {dag.py:2972} INFO - Setting next_dagrun for latest_only_with_trigger to 2022-12-24T09:39:37.021986+00:00, run_after=2022-12-24T13:39:37.021986+00:00
[2022-12-24 13:39:37,046] {processor.py:161} INFO - Processing /home/airflow/.local/lib/python3.7/site-packages/airflow/example_dags/example_latest_only_with_trigger.py took 0.375 seconds
[2022-12-24 13:40:07,899] {processor.py:153} INFO - Started process (PID=201) to work on /home/airflow/.local/lib/python3.7/site-packages/airflow/example_dags/example_latest_only_with_trigger.py
[2022-12-24 13:40:07,907] {processor.py:641} INFO - Processing file /home/airflow/.local/lib/python3.7/site-packages/airflow/example_dags/example_latest_only_with_trigger.py for tasks to queue
[2022-12-24 13:40:07,909] {logging_mixin.py:115} INFO - [2022-12-24 13:40:07,908] {dagbag.py:508} INFO - Filling up the DagBag from /home/airflow/.local/lib/python3.7/site-packages/airflow/example_dags/example_latest_only_with_trigger.py
[2022-12-24 13:40:07,920] {processor.py:651} INFO - DAG(s) dict_keys(['latest_only_with_trigger']) retrieved from /home/airflow/.local/lib/python3.7/site-packages/airflow/example_dags/example_latest_only_with_trigger.py
[2022-12-24 13:40:08,001] {logging_mixin.py:115} INFO - [2022-12-24 13:40:08,001] {dag.py:2420} INFO - Sync 1 DAGs
[2022-12-24 13:40:08,292] {logging_mixin.py:115} INFO - [2022-12-24 13:40:08,291] {dag.py:2972} INFO - Setting next_dagrun for latest_only_with_trigger to 2022-12-24T09:40:08.291323+00:00, run_after=2022-12-24T13:40:08.291323+00:00
[2022-12-24 13:40:08,320] {processor.py:161} INFO - Processing /home/airflow/.local/lib/python3.7/site-packages/airflow/example_dags/example_latest_only_with_trigger.py took 0.429 seconds
[2022-12-24 13:40:39,043] {processor.py:153} INFO - Started process (PID=261) to work on /home/airflow/.local/lib/python3.7/site-packages/airflow/example_dags/example_latest_only_with_trigger.py
[2022-12-24 13:40:39,044] {processor.py:641} INFO - Processing file /home/airflow/.local/lib/python3.7/site-packages/airflow/example_dags/example_latest_only_with_trigger.py for tasks to queue
[2022-12-24 13:40:39,046] {logging_mixin.py:115} INFO - [2022-12-24 13:40:39,046] {dagbag.py:508} INFO - Filling up the DagBag from /home/airflow/.local/lib/python3.7/site-packages/airflow/example_dags/example_latest_only_with_trigger.py
[2022-12-24 13:40:39,060] {processor.py:651} INFO - DAG(s) dict_keys(['latest_only_with_trigger']) retrieved from /home/airflow/.local/lib/python3.7/site-packages/airflow/example_dags/example_latest_only_with_trigger.py
[2022-12-24 13:40:39,147] {logging_mixin.py:115} INFO - [2022-12-24 13:40:39,146] {dag.py:2420} INFO - Sync 1 DAGs
[2022-12-24 13:40:39,638] {logging_mixin.py:115} INFO - [2022-12-24 13:40:39,637] {dag.py:2972} INFO - Setting next_dagrun for latest_only_with_trigger to 2022-12-24T09:40:39.637130+00:00, run_after=2022-12-24T13:40:39.637130+00:00
[2022-12-24 13:40:39,692] {processor.py:161} INFO - Processing /home/airflow/.local/lib/python3.7/site-packages/airflow/example_dags/example_latest_only_with_trigger.py took 0.658 seconds
[2022-12-24 13:41:10,412] {processor.py:153} INFO - Started process (PID=317) to work on /home/airflow/.local/lib/python3.7/site-packages/airflow/example_dags/example_latest_only_with_trigger.py
[2022-12-24 13:41:10,413] {processor.py:641} INFO - Processing file /home/airflow/.local/lib/python3.7/site-packages/airflow/example_dags/example_latest_only_with_trigger.py for tasks to queue
[2022-12-24 13:41:10,414] {logging_mixin.py:115} INFO - [2022-12-24 13:41:10,413] {dagbag.py:508} INFO - Filling up the DagBag from /home/airflow/.local/lib/python3.7/site-packages/airflow/example_dags/example_latest_only_with_trigger.py
[2022-12-24 13:41:10,427] {processor.py:651} INFO - DAG(s) dict_keys(['latest_only_with_trigger']) retrieved from /home/airflow/.local/lib/python3.7/site-packages/airflow/example_dags/example_latest_only_with_trigger.py
[2022-12-24 13:41:10,499] {logging_mixin.py:115} INFO - [2022-12-24 13:41:10,499] {dag.py:2420} INFO - Sync 1 DAGs
[2022-12-24 13:41:10,831] {logging_mixin.py:115} INFO - [2022-12-24 13:41:10,831] {dag.py:2972} INFO - Setting next_dagrun for latest_only_with_trigger to 2022-12-24T09:41:10.830549+00:00, run_after=2022-12-24T13:41:10.830549+00:00
[2022-12-24 13:41:10,864] {processor.py:161} INFO - Processing /home/airflow/.local/lib/python3.7/site-packages/airflow/example_dags/example_latest_only_with_trigger.py took 0.459 seconds
[2022-12-24 13:41:41,832] {processor.py:153} INFO - Started process (PID=372) to work on /home/airflow/.local/lib/python3.7/site-packages/airflow/example_dags/example_latest_only_with_trigger.py
[2022-12-24 13:41:41,833] {processor.py:641} INFO - Processing file /home/airflow/.local/lib/python3.7/site-packages/airflow/example_dags/example_latest_only_with_trigger.py for tasks to queue
[2022-12-24 13:41:41,834] {logging_mixin.py:115} INFO - [2022-12-24 13:41:41,834] {dagbag.py:508} INFO - Filling up the DagBag from /home/airflow/.local/lib/python3.7/site-packages/airflow/example_dags/example_latest_only_with_trigger.py
[2022-12-24 13:41:41,842] {processor.py:651} INFO - DAG(s) dict_keys(['latest_only_with_trigger']) retrieved from /home/airflow/.local/lib/python3.7/site-packages/airflow/example_dags/example_latest_only_with_trigger.py
[2022-12-24 13:41:41,893] {logging_mixin.py:115} INFO - [2022-12-24 13:41:41,893] {dag.py:2420} INFO - Sync 1 DAGs
[2022-12-24 13:41:42,132] {logging_mixin.py:115} INFO - [2022-12-24 13:41:42,132] {dag.py:2972} INFO - Setting next_dagrun for latest_only_with_trigger to 2022-12-24T09:41:42.131735+00:00, run_after=2022-12-24T13:41:42.131735+00:00
[2022-12-24 13:41:42,157] {processor.py:161} INFO - Processing /home/airflow/.local/lib/python3.7/site-packages/airflow/example_dags/example_latest_only_with_trigger.py took 0.329 seconds
[2022-12-24 13:42:12,421] {processor.py:153} INFO - Started process (PID=426) to work on /home/airflow/.local/lib/python3.7/site-packages/airflow/example_dags/example_latest_only_with_trigger.py
[2022-12-24 13:42:12,423] {processor.py:641} INFO - Processing file /home/airflow/.local/lib/python3.7/site-packages/airflow/example_dags/example_latest_only_with_trigger.py for tasks to queue
[2022-12-24 13:42:12,424] {logging_mixin.py:115} INFO - [2022-12-24 13:42:12,423] {dagbag.py:508} INFO - Filling up the DagBag from /home/airflow/.local/lib/python3.7/site-packages/airflow/example_dags/example_latest_only_with_trigger.py
[2022-12-24 13:42:12,432] {processor.py:651} INFO - DAG(s) dict_keys(['latest_only_with_trigger']) retrieved from /home/airflow/.local/lib/python3.7/site-packages/airflow/example_dags/example_latest_only_with_trigger.py
[2022-12-24 13:42:12,478] {logging_mixin.py:115} INFO - [2022-12-24 13:42:12,478] {dag.py:2420} INFO - Sync 1 DAGs
[2022-12-24 13:42:12,782] {logging_mixin.py:115} INFO - [2022-12-24 13:42:12,782] {dag.py:2972} INFO - Setting next_dagrun for latest_only_with_trigger to 2022-12-24T09:42:12.781943+00:00, run_after=2022-12-24T13:42:12.781943+00:00
[2022-12-24 13:42:12,806] {processor.py:161} INFO - Processing /home/airflow/.local/lib/python3.7/site-packages/airflow/example_dags/example_latest_only_with_trigger.py took 0.389 seconds
[2022-12-24 13:42:43,565] {processor.py:153} INFO - Started process (PID=489) to work on /home/airflow/.local/lib/python3.7/site-packages/airflow/example_dags/example_latest_only_with_trigger.py
[2022-12-24 13:42:43,569] {processor.py:641} INFO - Processing file /home/airflow/.local/lib/python3.7/site-packages/airflow/example_dags/example_latest_only_with_trigger.py for tasks to queue
[2022-12-24 13:42:43,571] {logging_mixin.py:115} INFO - [2022-12-24 13:42:43,571] {dagbag.py:508} INFO - Filling up the DagBag from /home/airflow/.local/lib/python3.7/site-packages/airflow/example_dags/example_latest_only_with_trigger.py
[2022-12-24 13:42:43,585] {processor.py:651} INFO - DAG(s) dict_keys(['latest_only_with_trigger']) retrieved from /home/airflow/.local/lib/python3.7/site-packages/airflow/example_dags/example_latest_only_with_trigger.py
[2022-12-24 13:42:43,644] {logging_mixin.py:115} INFO - [2022-12-24 13:42:43,644] {dag.py:2420} INFO - Sync 1 DAGs
[2022-12-24 13:42:43,930] {logging_mixin.py:115} INFO - [2022-12-24 13:42:43,930] {dag.py:2972} INFO - Setting next_dagrun for latest_only_with_trigger to 2022-12-24T09:42:43.929891+00:00, run_after=2022-12-24T13:42:43.929891+00:00
[2022-12-24 13:42:43,964] {processor.py:161} INFO - Processing /home/airflow/.local/lib/python3.7/site-packages/airflow/example_dags/example_latest_only_with_trigger.py took 0.406 seconds
[2022-12-24 13:43:14,406] {processor.py:153} INFO - Started process (PID=543) to work on /home/airflow/.local/lib/python3.7/site-packages/airflow/example_dags/example_latest_only_with_trigger.py
[2022-12-24 13:43:14,408] {processor.py:641} INFO - Processing file /home/airflow/.local/lib/python3.7/site-packages/airflow/example_dags/example_latest_only_with_trigger.py for tasks to queue
[2022-12-24 13:43:14,409] {logging_mixin.py:115} INFO - [2022-12-24 13:43:14,409] {dagbag.py:508} INFO - Filling up the DagBag from /home/airflow/.local/lib/python3.7/site-packages/airflow/example_dags/example_latest_only_with_trigger.py
[2022-12-24 13:43:14,422] {processor.py:651} INFO - DAG(s) dict_keys(['latest_only_with_trigger']) retrieved from /home/airflow/.local/lib/python3.7/site-packages/airflow/example_dags/example_latest_only_with_trigger.py
[2022-12-24 13:43:14,473] {logging_mixin.py:115} INFO - [2022-12-24 13:43:14,473] {dag.py:2420} INFO - Sync 1 DAGs
[2022-12-24 13:43:14,741] {logging_mixin.py:115} INFO - [2022-12-24 13:43:14,740] {dag.py:2972} INFO - Setting next_dagrun for latest_only_with_trigger to 2022-12-24T09:43:14.740251+00:00, run_after=2022-12-24T13:43:14.740251+00:00
[2022-12-24 13:43:14,765] {processor.py:161} INFO - Processing /home/airflow/.local/lib/python3.7/site-packages/airflow/example_dags/example_latest_only_with_trigger.py took 0.366 seconds
[2022-12-24 13:43:45,393] {processor.py:153} INFO - Started process (PID=602) to work on /home/airflow/.local/lib/python3.7/site-packages/airflow/example_dags/example_latest_only_with_trigger.py
[2022-12-24 13:43:45,399] {processor.py:641} INFO - Processing file /home/airflow/.local/lib/python3.7/site-packages/airflow/example_dags/example_latest_only_with_trigger.py for tasks to queue
[2022-12-24 13:43:45,401] {logging_mixin.py:115} INFO - [2022-12-24 13:43:45,401] {dagbag.py:508} INFO - Filling up the DagBag from /home/airflow/.local/lib/python3.7/site-packages/airflow/example_dags/example_latest_only_with_trigger.py
[2022-12-24 13:43:45,418] {processor.py:651} INFO - DAG(s) dict_keys(['latest_only_with_trigger']) retrieved from /home/airflow/.local/lib/python3.7/site-packages/airflow/example_dags/example_latest_only_with_trigger.py
[2022-12-24 13:43:45,497] {logging_mixin.py:115} INFO - [2022-12-24 13:43:45,497] {dag.py:2420} INFO - Sync 1 DAGs
[2022-12-24 13:43:45,906] {logging_mixin.py:115} INFO - [2022-12-24 13:43:45,906] {dag.py:2972} INFO - Setting next_dagrun for latest_only_with_trigger to 2022-12-24T09:43:45.905869+00:00, run_after=2022-12-24T13:43:45.905869+00:00
[2022-12-24 13:43:45,938] {processor.py:161} INFO - Processing /home/airflow/.local/lib/python3.7/site-packages/airflow/example_dags/example_latest_only_with_trigger.py took 0.557 seconds
[2022-12-24 13:44:16,385] {processor.py:153} INFO - Started process (PID=659) to work on /home/airflow/.local/lib/python3.7/site-packages/airflow/example_dags/example_latest_only_with_trigger.py
[2022-12-24 13:44:16,386] {processor.py:641} INFO - Processing file /home/airflow/.local/lib/python3.7/site-packages/airflow/example_dags/example_latest_only_with_trigger.py for tasks to queue
[2022-12-24 13:44:16,387] {logging_mixin.py:115} INFO - [2022-12-24 13:44:16,387] {dagbag.py:508} INFO - Filling up the DagBag from /home/airflow/.local/lib/python3.7/site-packages/airflow/example_dags/example_latest_only_with_trigger.py
[2022-12-24 13:44:16,396] {processor.py:651} INFO - DAG(s) dict_keys(['latest_only_with_trigger']) retrieved from /home/airflow/.local/lib/python3.7/site-packages/airflow/example_dags/example_latest_only_with_trigger.py
[2022-12-24 13:44:16,442] {logging_mixin.py:115} INFO - [2022-12-24 13:44:16,442] {dag.py:2420} INFO - Sync 1 DAGs
[2022-12-24 13:44:16,713] {logging_mixin.py:115} INFO - [2022-12-24 13:44:16,712] {dag.py:2972} INFO - Setting next_dagrun for latest_only_with_trigger to 2022-12-24T09:44:16.712426+00:00, run_after=2022-12-24T13:44:16.712426+00:00
[2022-12-24 13:44:16,737] {processor.py:161} INFO - Processing /home/airflow/.local/lib/python3.7/site-packages/airflow/example_dags/example_latest_only_with_trigger.py took 0.357 seconds
[2022-12-24 13:44:46,836] {processor.py:153} INFO - Started process (PID=713) to work on /home/airflow/.local/lib/python3.7/site-packages/airflow/example_dags/example_latest_only_with_trigger.py
[2022-12-24 13:44:46,837] {processor.py:641} INFO - Processing file /home/airflow/.local/lib/python3.7/site-packages/airflow/example_dags/example_latest_only_with_trigger.py for tasks to queue
[2022-12-24 13:44:46,838] {logging_mixin.py:115} INFO - [2022-12-24 13:44:46,838] {dagbag.py:508} INFO - Filling up the DagBag from /home/airflow/.local/lib/python3.7/site-packages/airflow/example_dags/example_latest_only_with_trigger.py
[2022-12-24 13:44:46,852] {processor.py:651} INFO - DAG(s) dict_keys(['latest_only_with_trigger']) retrieved from /home/airflow/.local/lib/python3.7/site-packages/airflow/example_dags/example_latest_only_with_trigger.py
[2022-12-24 13:44:46,916] {logging_mixin.py:115} INFO - [2022-12-24 13:44:46,915] {dag.py:2420} INFO - Sync 1 DAGs
[2022-12-24 13:44:47,158] {logging_mixin.py:115} INFO - [2022-12-24 13:44:47,158] {dag.py:2972} INFO - Setting next_dagrun for latest_only_with_trigger to 2022-12-24T09:44:47.157657+00:00, run_after=2022-12-24T13:44:47.157657+00:00
[2022-12-24 13:44:47,181] {processor.py:161} INFO - Processing /home/airflow/.local/lib/python3.7/site-packages/airflow/example_dags/example_latest_only_with_trigger.py took 0.352 seconds
[2022-12-24 13:45:18,019] {processor.py:153} INFO - Started process (PID=776) to work on /home/airflow/.local/lib/python3.7/site-packages/airflow/example_dags/example_latest_only_with_trigger.py
[2022-12-24 13:45:18,023] {processor.py:641} INFO - Processing file /home/airflow/.local/lib/python3.7/site-packages/airflow/example_dags/example_latest_only_with_trigger.py for tasks to queue
[2022-12-24 13:45:18,024] {logging_mixin.py:115} INFO - [2022-12-24 13:45:18,024] {dagbag.py:508} INFO - Filling up the DagBag from /home/airflow/.local/lib/python3.7/site-packages/airflow/example_dags/example_latest_only_with_trigger.py
[2022-12-24 13:45:18,037] {processor.py:651} INFO - DAG(s) dict_keys(['latest_only_with_trigger']) retrieved from /home/airflow/.local/lib/python3.7/site-packages/airflow/example_dags/example_latest_only_with_trigger.py
[2022-12-24 13:45:18,083] {logging_mixin.py:115} INFO - [2022-12-24 13:45:18,083] {dag.py:2420} INFO - Sync 1 DAGs
[2022-12-24 13:45:18,353] {logging_mixin.py:115} INFO - [2022-12-24 13:45:18,353] {dag.py:2972} INFO - Setting next_dagrun for latest_only_with_trigger to 2022-12-24T09:45:18.352945+00:00, run_after=2022-12-24T13:45:18.352945+00:00
[2022-12-24 13:45:18,382] {processor.py:161} INFO - Processing /home/airflow/.local/lib/python3.7/site-packages/airflow/example_dags/example_latest_only_with_trigger.py took 0.372 seconds
[2022-12-24 13:45:49,211] {processor.py:153} INFO - Started process (PID=830) to work on /home/airflow/.local/lib/python3.7/site-packages/airflow/example_dags/example_latest_only_with_trigger.py
[2022-12-24 13:45:49,213] {processor.py:641} INFO - Processing file /home/airflow/.local/lib/python3.7/site-packages/airflow/example_dags/example_latest_only_with_trigger.py for tasks to queue
[2022-12-24 13:45:49,214] {logging_mixin.py:115} INFO - [2022-12-24 13:45:49,214] {dagbag.py:508} INFO - Filling up the DagBag from /home/airflow/.local/lib/python3.7/site-packages/airflow/example_dags/example_latest_only_with_trigger.py
[2022-12-24 13:45:49,228] {processor.py:651} INFO - DAG(s) dict_keys(['latest_only_with_trigger']) retrieved from /home/airflow/.local/lib/python3.7/site-packages/airflow/example_dags/example_latest_only_with_trigger.py
[2022-12-24 13:45:49,288] {logging_mixin.py:115} INFO - [2022-12-24 13:45:49,287] {dag.py:2420} INFO - Sync 1 DAGs
[2022-12-24 13:45:49,577] {logging_mixin.py:115} INFO - [2022-12-24 13:45:49,576] {dag.py:2972} INFO - Setting next_dagrun for latest_only_with_trigger to 2022-12-24T09:45:49.576470+00:00, run_after=2022-12-24T13:45:49.576470+00:00
[2022-12-24 13:45:49,602] {processor.py:161} INFO - Processing /home/airflow/.local/lib/python3.7/site-packages/airflow/example_dags/example_latest_only_with_trigger.py took 0.397 seconds
[2022-12-24 13:46:19,803] {processor.py:153} INFO - Started process (PID=890) to work on /home/airflow/.local/lib/python3.7/site-packages/airflow/example_dags/example_latest_only_with_trigger.py
[2022-12-24 13:46:19,804] {processor.py:641} INFO - Processing file /home/airflow/.local/lib/python3.7/site-packages/airflow/example_dags/example_latest_only_with_trigger.py for tasks to queue
[2022-12-24 13:46:19,805] {logging_mixin.py:115} INFO - [2022-12-24 13:46:19,805] {dagbag.py:508} INFO - Filling up the DagBag from /home/airflow/.local/lib/python3.7/site-packages/airflow/example_dags/example_latest_only_with_trigger.py
[2022-12-24 13:46:19,815] {processor.py:651} INFO - DAG(s) dict_keys(['latest_only_with_trigger']) retrieved from /home/airflow/.local/lib/python3.7/site-packages/airflow/example_dags/example_latest_only_with_trigger.py
[2022-12-24 13:46:19,870] {logging_mixin.py:115} INFO - [2022-12-24 13:46:19,870] {dag.py:2420} INFO - Sync 1 DAGs
[2022-12-24 13:46:20,147] {logging_mixin.py:115} INFO - [2022-12-24 13:46:20,147] {dag.py:2972} INFO - Setting next_dagrun for latest_only_with_trigger to 2022-12-24T09:46:20.146909+00:00, run_after=2022-12-24T13:46:20.146909+00:00
[2022-12-24 13:46:20,171] {processor.py:161} INFO - Processing /home/airflow/.local/lib/python3.7/site-packages/airflow/example_dags/example_latest_only_with_trigger.py took 0.374 seconds
[2022-12-24 13:46:50,338] {processor.py:153} INFO - Started process (PID=945) to work on /home/airflow/.local/lib/python3.7/site-packages/airflow/example_dags/example_latest_only_with_trigger.py
[2022-12-24 13:46:50,339] {processor.py:641} INFO - Processing file /home/airflow/.local/lib/python3.7/site-packages/airflow/example_dags/example_latest_only_with_trigger.py for tasks to queue
[2022-12-24 13:46:50,339] {logging_mixin.py:115} INFO - [2022-12-24 13:46:50,339] {dagbag.py:508} INFO - Filling up the DagBag from /home/airflow/.local/lib/python3.7/site-packages/airflow/example_dags/example_latest_only_with_trigger.py
[2022-12-24 13:46:50,347] {processor.py:651} INFO - DAG(s) dict_keys(['latest_only_with_trigger']) retrieved from /home/airflow/.local/lib/python3.7/site-packages/airflow/example_dags/example_latest_only_with_trigger.py
[2022-12-24 13:46:50,391] {logging_mixin.py:115} INFO - [2022-12-24 13:46:50,390] {dag.py:2420} INFO - Sync 1 DAGs
[2022-12-24 13:46:50,627] {logging_mixin.py:115} INFO - [2022-12-24 13:46:50,626] {dag.py:2972} INFO - Setting next_dagrun for latest_only_with_trigger to 2022-12-24T09:46:50.626500+00:00, run_after=2022-12-24T13:46:50.626500+00:00
[2022-12-24 13:46:50,646] {processor.py:161} INFO - Processing /home/airflow/.local/lib/python3.7/site-packages/airflow/example_dags/example_latest_only_with_trigger.py took 0.313 seconds
[2022-12-24 13:47:20,725] {processor.py:153} INFO - Started process (PID=999) to work on /home/airflow/.local/lib/python3.7/site-packages/airflow/example_dags/example_latest_only_with_trigger.py
[2022-12-24 13:47:20,726] {processor.py:641} INFO - Processing file /home/airflow/.local/lib/python3.7/site-packages/airflow/example_dags/example_latest_only_with_trigger.py for tasks to queue
[2022-12-24 13:47:20,728] {logging_mixin.py:115} INFO - [2022-12-24 13:47:20,727] {dagbag.py:508} INFO - Filling up the DagBag from /home/airflow/.local/lib/python3.7/site-packages/airflow/example_dags/example_latest_only_with_trigger.py
[2022-12-24 13:47:20,742] {processor.py:651} INFO - DAG(s) dict_keys(['latest_only_with_trigger']) retrieved from /home/airflow/.local/lib/python3.7/site-packages/airflow/example_dags/example_latest_only_with_trigger.py
[2022-12-24 13:47:20,803] {logging_mixin.py:115} INFO - [2022-12-24 13:47:20,803] {dag.py:2420} INFO - Sync 1 DAGs
[2022-12-24 13:47:21,077] {logging_mixin.py:115} INFO - [2022-12-24 13:47:21,076] {dag.py:2972} INFO - Setting next_dagrun for latest_only_with_trigger to 2022-12-24T09:47:21.076614+00:00, run_after=2022-12-24T13:47:21.076614+00:00
[2022-12-24 13:47:21,104] {processor.py:161} INFO - Processing /home/airflow/.local/lib/python3.7/site-packages/airflow/example_dags/example_latest_only_with_trigger.py took 0.385 seconds
[2022-12-24 13:47:51,314] {processor.py:153} INFO - Started process (PID=1062) to work on /home/airflow/.local/lib/python3.7/site-packages/airflow/example_dags/example_latest_only_with_trigger.py
[2022-12-24 13:47:51,315] {processor.py:641} INFO - Processing file /home/airflow/.local/lib/python3.7/site-packages/airflow/example_dags/example_latest_only_with_trigger.py for tasks to queue
[2022-12-24 13:47:51,317] {logging_mixin.py:115} INFO - [2022-12-24 13:47:51,316] {dagbag.py:508} INFO - Filling up the DagBag from /home/airflow/.local/lib/python3.7/site-packages/airflow/example_dags/example_latest_only_with_trigger.py
[2022-12-24 13:47:51,331] {processor.py:651} INFO - DAG(s) dict_keys(['latest_only_with_trigger']) retrieved from /home/airflow/.local/lib/python3.7/site-packages/airflow/example_dags/example_latest_only_with_trigger.py
[2022-12-24 13:47:51,396] {logging_mixin.py:115} INFO - [2022-12-24 13:47:51,396] {dag.py:2420} INFO - Sync 1 DAGs
[2022-12-24 13:47:51,672] {logging_mixin.py:115} INFO - [2022-12-24 13:47:51,671] {dag.py:2972} INFO - Setting next_dagrun for latest_only_with_trigger to 2022-12-24T09:47:51.671488+00:00, run_after=2022-12-24T13:47:51.671488+00:00
[2022-12-24 13:47:51,694] {processor.py:161} INFO - Processing /home/airflow/.local/lib/python3.7/site-packages/airflow/example_dags/example_latest_only_with_trigger.py took 0.387 seconds
[2022-12-24 13:48:21,905] {processor.py:153} INFO - Started process (PID=1116) to work on /home/airflow/.local/lib/python3.7/site-packages/airflow/example_dags/example_latest_only_with_trigger.py
[2022-12-24 13:48:21,906] {processor.py:641} INFO - Processing file /home/airflow/.local/lib/python3.7/site-packages/airflow/example_dags/example_latest_only_with_trigger.py for tasks to queue
[2022-12-24 13:48:21,906] {logging_mixin.py:115} INFO - [2022-12-24 13:48:21,906] {dagbag.py:508} INFO - Filling up the DagBag from /home/airflow/.local/lib/python3.7/site-packages/airflow/example_dags/example_latest_only_with_trigger.py
[2022-12-24 13:48:21,917] {processor.py:651} INFO - DAG(s) dict_keys(['latest_only_with_trigger']) retrieved from /home/airflow/.local/lib/python3.7/site-packages/airflow/example_dags/example_latest_only_with_trigger.py
[2022-12-24 13:48:21,984] {logging_mixin.py:115} INFO - [2022-12-24 13:48:21,984] {dag.py:2420} INFO - Sync 1 DAGs
[2022-12-24 13:48:22,225] {logging_mixin.py:115} INFO - [2022-12-24 13:48:22,225] {dag.py:2972} INFO - Setting next_dagrun for latest_only_with_trigger to 2022-12-24T09:48:22.224781+00:00, run_after=2022-12-24T13:48:22.224781+00:00
[2022-12-24 13:48:22,244] {processor.py:161} INFO - Processing /home/airflow/.local/lib/python3.7/site-packages/airflow/example_dags/example_latest_only_with_trigger.py took 0.343 seconds
[2022-12-24 13:48:52,712] {processor.py:153} INFO - Started process (PID=1170) to work on /home/airflow/.local/lib/python3.7/site-packages/airflow/example_dags/example_latest_only_with_trigger.py
[2022-12-24 13:48:52,713] {processor.py:641} INFO - Processing file /home/airflow/.local/lib/python3.7/site-packages/airflow/example_dags/example_latest_only_with_trigger.py for tasks to queue
[2022-12-24 13:48:52,714] {logging_mixin.py:115} INFO - [2022-12-24 13:48:52,714] {dagbag.py:508} INFO - Filling up the DagBag from /home/airflow/.local/lib/python3.7/site-packages/airflow/example_dags/example_latest_only_with_trigger.py
[2022-12-24 13:48:52,728] {processor.py:651} INFO - DAG(s) dict_keys(['latest_only_with_trigger']) retrieved from /home/airflow/.local/lib/python3.7/site-packages/airflow/example_dags/example_latest_only_with_trigger.py
[2022-12-24 13:48:52,804] {logging_mixin.py:115} INFO - [2022-12-24 13:48:52,803] {dag.py:2420} INFO - Sync 1 DAGs
[2022-12-24 13:48:53,155] {logging_mixin.py:115} INFO - [2022-12-24 13:48:53,154] {dag.py:2972} INFO - Setting next_dagrun for latest_only_with_trigger to 2022-12-24T09:48:53.154555+00:00, run_after=2022-12-24T13:48:53.154555+00:00
[2022-12-24 13:48:53,184] {processor.py:161} INFO - Processing /home/airflow/.local/lib/python3.7/site-packages/airflow/example_dags/example_latest_only_with_trigger.py took 0.479 seconds
[2022-12-24 13:49:23,893] {processor.py:153} INFO - Started process (PID=1233) to work on /home/airflow/.local/lib/python3.7/site-packages/airflow/example_dags/example_latest_only_with_trigger.py
[2022-12-24 13:49:23,894] {processor.py:641} INFO - Processing file /home/airflow/.local/lib/python3.7/site-packages/airflow/example_dags/example_latest_only_with_trigger.py for tasks to queue
[2022-12-24 13:49:23,894] {logging_mixin.py:115} INFO - [2022-12-24 13:49:23,894] {dagbag.py:508} INFO - Filling up the DagBag from /home/airflow/.local/lib/python3.7/site-packages/airflow/example_dags/example_latest_only_with_trigger.py
[2022-12-24 13:49:23,902] {processor.py:651} INFO - DAG(s) dict_keys(['latest_only_with_trigger']) retrieved from /home/airflow/.local/lib/python3.7/site-packages/airflow/example_dags/example_latest_only_with_trigger.py
[2022-12-24 13:49:24,167] {logging_mixin.py:115} INFO - [2022-12-24 13:49:24,167] {dag.py:2420} INFO - Sync 1 DAGs
[2022-12-24 13:49:24,205] {logging_mixin.py:115} INFO - [2022-12-24 13:49:24,204] {dag.py:2972} INFO - Setting next_dagrun for latest_only_with_trigger to 2022-12-24T09:49:24.204632+00:00, run_after=2022-12-24T13:49:24.204632+00:00
[2022-12-24 13:49:24,232] {processor.py:161} INFO - Processing /home/airflow/.local/lib/python3.7/site-packages/airflow/example_dags/example_latest_only_with_trigger.py took 0.344 seconds
[2022-12-24 13:49:54,340] {processor.py:153} INFO - Started process (PID=1286) to work on /home/airflow/.local/lib/python3.7/site-packages/airflow/example_dags/example_latest_only_with_trigger.py
[2022-12-24 13:49:54,341] {processor.py:641} INFO - Processing file /home/airflow/.local/lib/python3.7/site-packages/airflow/example_dags/example_latest_only_with_trigger.py for tasks to queue
[2022-12-24 13:49:54,342] {logging_mixin.py:115} INFO - [2022-12-24 13:49:54,342] {dagbag.py:508} INFO - Filling up the DagBag from /home/airflow/.local/lib/python3.7/site-packages/airflow/example_dags/example_latest_only_with_trigger.py
[2022-12-24 13:49:54,354] {processor.py:651} INFO - DAG(s) dict_keys(['latest_only_with_trigger']) retrieved from /home/airflow/.local/lib/python3.7/site-packages/airflow/example_dags/example_latest_only_with_trigger.py
[2022-12-24 13:49:54,618] {logging_mixin.py:115} INFO - [2022-12-24 13:49:54,618] {dag.py:2420} INFO - Sync 1 DAGs
[2022-12-24 13:49:54,655] {logging_mixin.py:115} INFO - [2022-12-24 13:49:54,655] {dag.py:2972} INFO - Setting next_dagrun for latest_only_with_trigger to 2022-12-24T09:49:54.654961+00:00, run_after=2022-12-24T13:49:54.654961+00:00
[2022-12-24 13:49:54,680] {processor.py:161} INFO - Processing /home/airflow/.local/lib/python3.7/site-packages/airflow/example_dags/example_latest_only_with_trigger.py took 0.346 seconds
[2022-12-24 13:50:25,186] {processor.py:153} INFO - Started process (PID=1348) to work on /home/airflow/.local/lib/python3.7/site-packages/airflow/example_dags/example_latest_only_with_trigger.py
[2022-12-24 13:50:25,190] {processor.py:641} INFO - Processing file /home/airflow/.local/lib/python3.7/site-packages/airflow/example_dags/example_latest_only_with_trigger.py for tasks to queue
[2022-12-24 13:50:25,192] {logging_mixin.py:115} INFO - [2022-12-24 13:50:25,192] {dagbag.py:508} INFO - Filling up the DagBag from /home/airflow/.local/lib/python3.7/site-packages/airflow/example_dags/example_latest_only_with_trigger.py
[2022-12-24 13:50:25,212] {processor.py:651} INFO - DAG(s) dict_keys(['latest_only_with_trigger']) retrieved from /home/airflow/.local/lib/python3.7/site-packages/airflow/example_dags/example_latest_only_with_trigger.py
[2022-12-24 13:50:25,518] {logging_mixin.py:115} INFO - [2022-12-24 13:50:25,517] {dag.py:2420} INFO - Sync 1 DAGs
[2022-12-24 13:50:25,560] {logging_mixin.py:115} INFO - [2022-12-24 13:50:25,559] {dag.py:2972} INFO - Setting next_dagrun for latest_only_with_trigger to 2022-12-24T09:50:25.559565+00:00, run_after=2022-12-24T13:50:25.559565+00:00
[2022-12-24 13:50:25,597] {processor.py:161} INFO - Processing /home/airflow/.local/lib/python3.7/site-packages/airflow/example_dags/example_latest_only_with_trigger.py took 0.420 seconds
[2022-12-24 13:50:55,864] {processor.py:153} INFO - Started process (PID=1402) to work on /home/airflow/.local/lib/python3.7/site-packages/airflow/example_dags/example_latest_only_with_trigger.py
[2022-12-24 13:50:55,868] {processor.py:641} INFO - Processing file /home/airflow/.local/lib/python3.7/site-packages/airflow/example_dags/example_latest_only_with_trigger.py for tasks to queue
[2022-12-24 13:50:55,869] {logging_mixin.py:115} INFO - [2022-12-24 13:50:55,869] {dagbag.py:508} INFO - Filling up the DagBag from /home/airflow/.local/lib/python3.7/site-packages/airflow/example_dags/example_latest_only_with_trigger.py
[2022-12-24 13:50:55,883] {processor.py:651} INFO - DAG(s) dict_keys(['latest_only_with_trigger']) retrieved from /home/airflow/.local/lib/python3.7/site-packages/airflow/example_dags/example_latest_only_with_trigger.py
[2022-12-24 13:50:56,215] {logging_mixin.py:115} INFO - [2022-12-24 13:50:56,215] {dag.py:2420} INFO - Sync 1 DAGs
[2022-12-24 13:50:56,264] {logging_mixin.py:115} INFO - [2022-12-24 13:50:56,264] {dag.py:2972} INFO - Setting next_dagrun for latest_only_with_trigger to 2022-12-24T09:50:56.263947+00:00, run_after=2022-12-24T13:50:56.263947+00:00
[2022-12-24 13:50:56,289] {processor.py:161} INFO - Processing /home/airflow/.local/lib/python3.7/site-packages/airflow/example_dags/example_latest_only_with_trigger.py took 0.433 seconds
[2022-12-24 13:51:26,491] {processor.py:153} INFO - Started process (PID=1457) to work on /home/airflow/.local/lib/python3.7/site-packages/airflow/example_dags/example_latest_only_with_trigger.py
[2022-12-24 13:51:26,495] {processor.py:641} INFO - Processing file /home/airflow/.local/lib/python3.7/site-packages/airflow/example_dags/example_latest_only_with_trigger.py for tasks to queue
[2022-12-24 13:51:26,496] {logging_mixin.py:115} INFO - [2022-12-24 13:51:26,496] {dagbag.py:508} INFO - Filling up the DagBag from /home/airflow/.local/lib/python3.7/site-packages/airflow/example_dags/example_latest_only_with_trigger.py
[2022-12-24 13:51:26,507] {processor.py:651} INFO - DAG(s) dict_keys(['latest_only_with_trigger']) retrieved from /home/airflow/.local/lib/python3.7/site-packages/airflow/example_dags/example_latest_only_with_trigger.py
[2022-12-24 13:51:26,762] {logging_mixin.py:115} INFO - [2022-12-24 13:51:26,761] {dag.py:2420} INFO - Sync 1 DAGs
[2022-12-24 13:51:26,799] {logging_mixin.py:115} INFO - [2022-12-24 13:51:26,799] {dag.py:2972} INFO - Setting next_dagrun for latest_only_with_trigger to 2022-12-24T09:51:26.799235+00:00, run_after=2022-12-24T13:51:26.799235+00:00
[2022-12-24 13:51:26,824] {processor.py:161} INFO - Processing /home/airflow/.local/lib/python3.7/site-packages/airflow/example_dags/example_latest_only_with_trigger.py took 0.340 seconds
[2022-12-24 13:51:57,094] {processor.py:153} INFO - Started process (PID=1520) to work on /home/airflow/.local/lib/python3.7/site-packages/airflow/example_dags/example_latest_only_with_trigger.py
[2022-12-24 13:51:57,098] {processor.py:641} INFO - Processing file /home/airflow/.local/lib/python3.7/site-packages/airflow/example_dags/example_latest_only_with_trigger.py for tasks to queue
[2022-12-24 13:51:57,099] {logging_mixin.py:115} INFO - [2022-12-24 13:51:57,099] {dagbag.py:508} INFO - Filling up the DagBag from /home/airflow/.local/lib/python3.7/site-packages/airflow/example_dags/example_latest_only_with_trigger.py
[2022-12-24 13:51:57,109] {processor.py:651} INFO - DAG(s) dict_keys(['latest_only_with_trigger']) retrieved from /home/airflow/.local/lib/python3.7/site-packages/airflow/example_dags/example_latest_only_with_trigger.py
[2022-12-24 13:51:57,468] {logging_mixin.py:115} INFO - [2022-12-24 13:51:57,467] {dag.py:2420} INFO - Sync 1 DAGs
[2022-12-24 13:51:57,535] {logging_mixin.py:115} INFO - [2022-12-24 13:51:57,534] {dag.py:2972} INFO - Setting next_dagrun for latest_only_with_trigger to 2022-12-24T09:51:57.533962+00:00, run_after=2022-12-24T13:51:57.533962+00:00
[2022-12-24 13:51:57,572] {processor.py:161} INFO - Processing /home/airflow/.local/lib/python3.7/site-packages/airflow/example_dags/example_latest_only_with_trigger.py took 0.486 seconds
[2022-12-24 13:52:28,114] {processor.py:153} INFO - Started process (PID=1574) to work on /home/airflow/.local/lib/python3.7/site-packages/airflow/example_dags/example_latest_only_with_trigger.py
[2022-12-24 13:52:28,115] {processor.py:641} INFO - Processing file /home/airflow/.local/lib/python3.7/site-packages/airflow/example_dags/example_latest_only_with_trigger.py for tasks to queue
[2022-12-24 13:52:28,115] {logging_mixin.py:115} INFO - [2022-12-24 13:52:28,115] {dagbag.py:508} INFO - Filling up the DagBag from /home/airflow/.local/lib/python3.7/site-packages/airflow/example_dags/example_latest_only_with_trigger.py
[2022-12-24 13:52:28,124] {processor.py:651} INFO - DAG(s) dict_keys(['latest_only_with_trigger']) retrieved from /home/airflow/.local/lib/python3.7/site-packages/airflow/example_dags/example_latest_only_with_trigger.py
[2022-12-24 13:52:28,408] {logging_mixin.py:115} INFO - [2022-12-24 13:52:28,408] {dag.py:2420} INFO - Sync 1 DAGs
[2022-12-24 13:52:28,446] {logging_mixin.py:115} INFO - [2022-12-24 13:52:28,446] {dag.py:2972} INFO - Setting next_dagrun for latest_only_with_trigger to 2022-12-24T09:52:28.446009+00:00, run_after=2022-12-24T13:52:28.446009+00:00
[2022-12-24 13:52:28,471] {processor.py:161} INFO - Processing /home/airflow/.local/lib/python3.7/site-packages/airflow/example_dags/example_latest_only_with_trigger.py took 0.362 seconds
[2022-12-24 13:52:59,312] {processor.py:153} INFO - Started process (PID=1629) to work on /home/airflow/.local/lib/python3.7/site-packages/airflow/example_dags/example_latest_only_with_trigger.py
[2022-12-24 13:52:59,313] {processor.py:641} INFO - Processing file /home/airflow/.local/lib/python3.7/site-packages/airflow/example_dags/example_latest_only_with_trigger.py for tasks to queue
[2022-12-24 13:52:59,314] {logging_mixin.py:115} INFO - [2022-12-24 13:52:59,314] {dagbag.py:508} INFO - Filling up the DagBag from /home/airflow/.local/lib/python3.7/site-packages/airflow/example_dags/example_latest_only_with_trigger.py
[2022-12-24 13:52:59,324] {processor.py:651} INFO - DAG(s) dict_keys(['latest_only_with_trigger']) retrieved from /home/airflow/.local/lib/python3.7/site-packages/airflow/example_dags/example_latest_only_with_trigger.py
[2022-12-24 13:52:59,590] {logging_mixin.py:115} INFO - [2022-12-24 13:52:59,590] {dag.py:2420} INFO - Sync 1 DAGs
[2022-12-24 13:52:59,630] {logging_mixin.py:115} INFO - [2022-12-24 13:52:59,630] {dag.py:2972} INFO - Setting next_dagrun for latest_only_with_trigger to 2022-12-24T09:52:59.629803+00:00, run_after=2022-12-24T13:52:59.629803+00:00
[2022-12-24 13:52:59,653] {processor.py:161} INFO - Processing /home/airflow/.local/lib/python3.7/site-packages/airflow/example_dags/example_latest_only_with_trigger.py took 0.346 seconds
[2022-12-24 13:53:29,779] {processor.py:153} INFO - Started process (PID=1691) to work on /home/airflow/.local/lib/python3.7/site-packages/airflow/example_dags/example_latest_only_with_trigger.py
[2022-12-24 13:53:29,782] {processor.py:641} INFO - Processing file /home/airflow/.local/lib/python3.7/site-packages/airflow/example_dags/example_latest_only_with_trigger.py for tasks to queue
[2022-12-24 13:53:29,783] {logging_mixin.py:115} INFO - [2022-12-24 13:53:29,783] {dagbag.py:508} INFO - Filling up the DagBag from /home/airflow/.local/lib/python3.7/site-packages/airflow/example_dags/example_latest_only_with_trigger.py
[2022-12-24 13:53:29,791] {processor.py:651} INFO - DAG(s) dict_keys(['latest_only_with_trigger']) retrieved from /home/airflow/.local/lib/python3.7/site-packages/airflow/example_dags/example_latest_only_with_trigger.py
[2022-12-24 13:53:30,068] {logging_mixin.py:115} INFO - [2022-12-24 13:53:30,068] {dag.py:2420} INFO - Sync 1 DAGs
[2022-12-24 13:53:30,113] {logging_mixin.py:115} INFO - [2022-12-24 13:53:30,112] {dag.py:2972} INFO - Setting next_dagrun for latest_only_with_trigger to 2022-12-24T09:53:30.112416+00:00, run_after=2022-12-24T13:53:30.112416+00:00
[2022-12-24 13:53:30,142] {processor.py:161} INFO - Processing /home/airflow/.local/lib/python3.7/site-packages/airflow/example_dags/example_latest_only_with_trigger.py took 0.368 seconds
[2022-12-24 13:54:01,107] {processor.py:153} INFO - Started process (PID=1745) to work on /home/airflow/.local/lib/python3.7/site-packages/airflow/example_dags/example_latest_only_with_trigger.py
[2022-12-24 13:54:01,108] {processor.py:641} INFO - Processing file /home/airflow/.local/lib/python3.7/site-packages/airflow/example_dags/example_latest_only_with_trigger.py for tasks to queue
[2022-12-24 13:54:01,110] {logging_mixin.py:115} INFO - [2022-12-24 13:54:01,109] {dagbag.py:508} INFO - Filling up the DagBag from /home/airflow/.local/lib/python3.7/site-packages/airflow/example_dags/example_latest_only_with_trigger.py
[2022-12-24 13:54:01,128] {processor.py:651} INFO - DAG(s) dict_keys(['latest_only_with_trigger']) retrieved from /home/airflow/.local/lib/python3.7/site-packages/airflow/example_dags/example_latest_only_with_trigger.py
[2022-12-24 13:54:01,401] {logging_mixin.py:115} INFO - [2022-12-24 13:54:01,401] {dag.py:2420} INFO - Sync 1 DAGs
[2022-12-24 13:54:01,440] {logging_mixin.py:115} INFO - [2022-12-24 13:54:01,440] {dag.py:2972} INFO - Setting next_dagrun for latest_only_with_trigger to 2022-12-24T09:54:01.439906+00:00, run_after=2022-12-24T13:54:01.439906+00:00
[2022-12-24 13:54:01,469] {processor.py:161} INFO - Processing /home/airflow/.local/lib/python3.7/site-packages/airflow/example_dags/example_latest_only_with_trigger.py took 0.370 seconds
[2022-12-24 13:54:31,636] {processor.py:153} INFO - Started process (PID=1799) to work on /home/airflow/.local/lib/python3.7/site-packages/airflow/example_dags/example_latest_only_with_trigger.py
[2022-12-24 13:54:31,639] {processor.py:641} INFO - Processing file /home/airflow/.local/lib/python3.7/site-packages/airflow/example_dags/example_latest_only_with_trigger.py for tasks to queue
[2022-12-24 13:54:31,640] {logging_mixin.py:115} INFO - [2022-12-24 13:54:31,640] {dagbag.py:508} INFO - Filling up the DagBag from /home/airflow/.local/lib/python3.7/site-packages/airflow/example_dags/example_latest_only_with_trigger.py
[2022-12-24 13:54:31,654] {processor.py:651} INFO - DAG(s) dict_keys(['latest_only_with_trigger']) retrieved from /home/airflow/.local/lib/python3.7/site-packages/airflow/example_dags/example_latest_only_with_trigger.py
[2022-12-24 13:54:31,945] {logging_mixin.py:115} INFO - [2022-12-24 13:54:31,944] {dag.py:2420} INFO - Sync 1 DAGs
[2022-12-24 13:54:31,985] {logging_mixin.py:115} INFO - [2022-12-24 13:54:31,985] {dag.py:2972} INFO - Setting next_dagrun for latest_only_with_trigger to 2022-12-24T09:54:31.984696+00:00, run_after=2022-12-24T13:54:31.984696+00:00
[2022-12-24 13:54:32,008] {processor.py:161} INFO - Processing /home/airflow/.local/lib/python3.7/site-packages/airflow/example_dags/example_latest_only_with_trigger.py took 0.377 seconds
[2022-12-24 13:55:02,506] {processor.py:153} INFO - Started process (PID=1863) to work on /home/airflow/.local/lib/python3.7/site-packages/airflow/example_dags/example_latest_only_with_trigger.py
[2022-12-24 13:55:02,507] {processor.py:641} INFO - Processing file /home/airflow/.local/lib/python3.7/site-packages/airflow/example_dags/example_latest_only_with_trigger.py for tasks to queue
[2022-12-24 13:55:02,508] {logging_mixin.py:115} INFO - [2022-12-24 13:55:02,508] {dagbag.py:508} INFO - Filling up the DagBag from /home/airflow/.local/lib/python3.7/site-packages/airflow/example_dags/example_latest_only_with_trigger.py
[2022-12-24 13:55:02,530] {processor.py:651} INFO - DAG(s) dict_keys(['latest_only_with_trigger']) retrieved from /home/airflow/.local/lib/python3.7/site-packages/airflow/example_dags/example_latest_only_with_trigger.py
[2022-12-24 13:55:02,797] {logging_mixin.py:115} INFO - [2022-12-24 13:55:02,797] {dag.py:2420} INFO - Sync 1 DAGs
[2022-12-24 13:55:02,836] {logging_mixin.py:115} INFO - [2022-12-24 13:55:02,836] {dag.py:2972} INFO - Setting next_dagrun for latest_only_with_trigger to 2022-12-24T09:55:02.836151+00:00, run_after=2022-12-24T13:55:02.836151+00:00
[2022-12-24 13:55:02,861] {processor.py:161} INFO - Processing /home/airflow/.local/lib/python3.7/site-packages/airflow/example_dags/example_latest_only_with_trigger.py took 0.361 seconds
[2022-12-24 13:55:33,154] {processor.py:153} INFO - Started process (PID=1917) to work on /home/airflow/.local/lib/python3.7/site-packages/airflow/example_dags/example_latest_only_with_trigger.py
[2022-12-24 13:55:33,155] {processor.py:641} INFO - Processing file /home/airflow/.local/lib/python3.7/site-packages/airflow/example_dags/example_latest_only_with_trigger.py for tasks to queue
[2022-12-24 13:55:33,156] {logging_mixin.py:115} INFO - [2022-12-24 13:55:33,156] {dagbag.py:508} INFO - Filling up the DagBag from /home/airflow/.local/lib/python3.7/site-packages/airflow/example_dags/example_latest_only_with_trigger.py
[2022-12-24 13:55:33,177] {processor.py:651} INFO - DAG(s) dict_keys(['latest_only_with_trigger']) retrieved from /home/airflow/.local/lib/python3.7/site-packages/airflow/example_dags/example_latest_only_with_trigger.py
[2022-12-24 13:55:33,452] {logging_mixin.py:115} INFO - [2022-12-24 13:55:33,452] {dag.py:2420} INFO - Sync 1 DAGs
[2022-12-24 13:55:33,493] {logging_mixin.py:115} INFO - [2022-12-24 13:55:33,492] {dag.py:2972} INFO - Setting next_dagrun for latest_only_with_trigger to 2022-12-24T09:55:33.492451+00:00, run_after=2022-12-24T13:55:33.492451+00:00
[2022-12-24 13:55:33,521] {processor.py:161} INFO - Processing /home/airflow/.local/lib/python3.7/site-packages/airflow/example_dags/example_latest_only_with_trigger.py took 0.373 seconds
[2022-12-24 13:56:03,930] {processor.py:153} INFO - Started process (PID=1978) to work on /home/airflow/.local/lib/python3.7/site-packages/airflow/example_dags/example_latest_only_with_trigger.py
[2022-12-24 13:56:03,931] {processor.py:641} INFO - Processing file /home/airflow/.local/lib/python3.7/site-packages/airflow/example_dags/example_latest_only_with_trigger.py for tasks to queue
[2022-12-24 13:56:03,932] {logging_mixin.py:115} INFO - [2022-12-24 13:56:03,932] {dagbag.py:508} INFO - Filling up the DagBag from /home/airflow/.local/lib/python3.7/site-packages/airflow/example_dags/example_latest_only_with_trigger.py
[2022-12-24 13:56:03,951] {processor.py:651} INFO - DAG(s) dict_keys(['latest_only_with_trigger']) retrieved from /home/airflow/.local/lib/python3.7/site-packages/airflow/example_dags/example_latest_only_with_trigger.py
[2022-12-24 13:56:04,271] {logging_mixin.py:115} INFO - [2022-12-24 13:56:04,271] {dag.py:2420} INFO - Sync 1 DAGs
[2022-12-24 13:56:04,321] {logging_mixin.py:115} INFO - [2022-12-24 13:56:04,320] {dag.py:2972} INFO - Setting next_dagrun for latest_only_with_trigger to 2022-12-24T09:56:04.320566+00:00, run_after=2022-12-24T13:56:04.320566+00:00
[2022-12-24 13:56:04,350] {processor.py:161} INFO - Processing /home/airflow/.local/lib/python3.7/site-packages/airflow/example_dags/example_latest_only_with_trigger.py took 0.425 seconds
[2022-12-24 13:56:34,615] {processor.py:153} INFO - Started process (PID=2034) to work on /home/airflow/.local/lib/python3.7/site-packages/airflow/example_dags/example_latest_only_with_trigger.py
[2022-12-24 13:56:34,616] {processor.py:641} INFO - Processing file /home/airflow/.local/lib/python3.7/site-packages/airflow/example_dags/example_latest_only_with_trigger.py for tasks to queue
[2022-12-24 13:56:34,617] {logging_mixin.py:115} INFO - [2022-12-24 13:56:34,617] {dagbag.py:508} INFO - Filling up the DagBag from /home/airflow/.local/lib/python3.7/site-packages/airflow/example_dags/example_latest_only_with_trigger.py
[2022-12-24 13:56:34,635] {processor.py:651} INFO - DAG(s) dict_keys(['latest_only_with_trigger']) retrieved from /home/airflow/.local/lib/python3.7/site-packages/airflow/example_dags/example_latest_only_with_trigger.py
[2022-12-24 13:56:34,913] {logging_mixin.py:115} INFO - [2022-12-24 13:56:34,913] {dag.py:2420} INFO - Sync 1 DAGs
[2022-12-24 13:56:34,961] {logging_mixin.py:115} INFO - [2022-12-24 13:56:34,960] {dag.py:2972} INFO - Setting next_dagrun for latest_only_with_trigger to 2022-12-24T09:56:34.960392+00:00, run_after=2022-12-24T13:56:34.960392+00:00
[2022-12-24 13:56:34,996] {processor.py:161} INFO - Processing /home/airflow/.local/lib/python3.7/site-packages/airflow/example_dags/example_latest_only_with_trigger.py took 0.387 seconds
[2022-12-24 13:57:05,358] {processor.py:153} INFO - Started process (PID=2088) to work on /home/airflow/.local/lib/python3.7/site-packages/airflow/example_dags/example_latest_only_with_trigger.py
[2022-12-24 13:57:05,359] {processor.py:641} INFO - Processing file /home/airflow/.local/lib/python3.7/site-packages/airflow/example_dags/example_latest_only_with_trigger.py for tasks to queue
[2022-12-24 13:57:05,360] {logging_mixin.py:115} INFO - [2022-12-24 13:57:05,360] {dagbag.py:508} INFO - Filling up the DagBag from /home/airflow/.local/lib/python3.7/site-packages/airflow/example_dags/example_latest_only_with_trigger.py
[2022-12-24 13:57:05,379] {processor.py:651} INFO - DAG(s) dict_keys(['latest_only_with_trigger']) retrieved from /home/airflow/.local/lib/python3.7/site-packages/airflow/example_dags/example_latest_only_with_trigger.py
[2022-12-24 13:57:05,677] {logging_mixin.py:115} INFO - [2022-12-24 13:57:05,677] {dag.py:2420} INFO - Sync 1 DAGs
[2022-12-24 13:57:05,719] {logging_mixin.py:115} INFO - [2022-12-24 13:57:05,719] {dag.py:2972} INFO - Setting next_dagrun for latest_only_with_trigger to 2022-12-24T09:57:05.719146+00:00, run_after=2022-12-24T13:57:05.719146+00:00
[2022-12-24 13:57:05,743] {processor.py:161} INFO - Processing /home/airflow/.local/lib/python3.7/site-packages/airflow/example_dags/example_latest_only_with_trigger.py took 0.392 seconds
[2022-12-24 13:57:36,414] {processor.py:153} INFO - Started process (PID=2151) to work on /home/airflow/.local/lib/python3.7/site-packages/airflow/example_dags/example_latest_only_with_trigger.py
[2022-12-24 13:57:36,414] {processor.py:641} INFO - Processing file /home/airflow/.local/lib/python3.7/site-packages/airflow/example_dags/example_latest_only_with_trigger.py for tasks to queue
[2022-12-24 13:57:36,415] {logging_mixin.py:115} INFO - [2022-12-24 13:57:36,415] {dagbag.py:508} INFO - Filling up the DagBag from /home/airflow/.local/lib/python3.7/site-packages/airflow/example_dags/example_latest_only_with_trigger.py
[2022-12-24 13:57:36,432] {processor.py:651} INFO - DAG(s) dict_keys(['latest_only_with_trigger']) retrieved from /home/airflow/.local/lib/python3.7/site-packages/airflow/example_dags/example_latest_only_with_trigger.py
[2022-12-24 13:57:36,700] {logging_mixin.py:115} INFO - [2022-12-24 13:57:36,700] {dag.py:2420} INFO - Sync 1 DAGs
[2022-12-24 13:57:36,739] {logging_mixin.py:115} INFO - [2022-12-24 13:57:36,739] {dag.py:2972} INFO - Setting next_dagrun for latest_only_with_trigger to 2022-12-24T09:57:36.739018+00:00, run_after=2022-12-24T13:57:36.739018+00:00
[2022-12-24 13:57:36,766] {processor.py:161} INFO - Processing /home/airflow/.local/lib/python3.7/site-packages/airflow/example_dags/example_latest_only_with_trigger.py took 0.357 seconds
[2022-12-24 13:58:07,301] {processor.py:153} INFO - Started process (PID=2206) to work on /home/airflow/.local/lib/python3.7/site-packages/airflow/example_dags/example_latest_only_with_trigger.py
[2022-12-24 13:58:07,303] {processor.py:641} INFO - Processing file /home/airflow/.local/lib/python3.7/site-packages/airflow/example_dags/example_latest_only_with_trigger.py for tasks to queue
[2022-12-24 13:58:07,304] {logging_mixin.py:115} INFO - [2022-12-24 13:58:07,303] {dagbag.py:508} INFO - Filling up the DagBag from /home/airflow/.local/lib/python3.7/site-packages/airflow/example_dags/example_latest_only_with_trigger.py
[2022-12-24 13:58:07,325] {processor.py:651} INFO - DAG(s) dict_keys(['latest_only_with_trigger']) retrieved from /home/airflow/.local/lib/python3.7/site-packages/airflow/example_dags/example_latest_only_with_trigger.py
[2022-12-24 13:58:07,593] {logging_mixin.py:115} INFO - [2022-12-24 13:58:07,592] {dag.py:2420} INFO - Sync 1 DAGs
[2022-12-24 13:58:07,635] {logging_mixin.py:115} INFO - [2022-12-24 13:58:07,635] {dag.py:2972} INFO - Setting next_dagrun for latest_only_with_trigger to 2022-12-24T09:58:07.634767+00:00, run_after=2022-12-24T13:58:07.634767+00:00
[2022-12-24 13:58:07,661] {processor.py:161} INFO - Processing /home/airflow/.local/lib/python3.7/site-packages/airflow/example_dags/example_latest_only_with_trigger.py took 0.366 seconds
[2022-12-24 13:58:38,360] {processor.py:153} INFO - Started process (PID=2268) to work on /home/airflow/.local/lib/python3.7/site-packages/airflow/example_dags/example_latest_only_with_trigger.py
[2022-12-24 13:58:38,361] {processor.py:641} INFO - Processing file /home/airflow/.local/lib/python3.7/site-packages/airflow/example_dags/example_latest_only_with_trigger.py for tasks to queue
[2022-12-24 13:58:38,362] {logging_mixin.py:115} INFO - [2022-12-24 13:58:38,362] {dagbag.py:508} INFO - Filling up the DagBag from /home/airflow/.local/lib/python3.7/site-packages/airflow/example_dags/example_latest_only_with_trigger.py
[2022-12-24 13:58:38,384] {processor.py:651} INFO - DAG(s) dict_keys(['latest_only_with_trigger']) retrieved from /home/airflow/.local/lib/python3.7/site-packages/airflow/example_dags/example_latest_only_with_trigger.py
[2022-12-24 13:58:38,790] {logging_mixin.py:115} INFO - [2022-12-24 13:58:38,790] {dag.py:2420} INFO - Sync 1 DAGs
[2022-12-24 13:58:38,862] {logging_mixin.py:115} INFO - [2022-12-24 13:58:38,862] {dag.py:2972} INFO - Setting next_dagrun for latest_only_with_trigger to 2022-12-24T09:58:38.862239+00:00, run_after=2022-12-24T13:58:38.862239+00:00
[2022-12-24 13:58:38,909] {processor.py:161} INFO - Processing /home/airflow/.local/lib/python3.7/site-packages/airflow/example_dags/example_latest_only_with_trigger.py took 0.555 seconds
[2022-12-24 13:59:09,076] {processor.py:153} INFO - Started process (PID=2324) to work on /home/airflow/.local/lib/python3.7/site-packages/airflow/example_dags/example_latest_only_with_trigger.py
[2022-12-24 13:59:09,078] {processor.py:641} INFO - Processing file /home/airflow/.local/lib/python3.7/site-packages/airflow/example_dags/example_latest_only_with_trigger.py for tasks to queue
[2022-12-24 13:59:09,080] {logging_mixin.py:115} INFO - [2022-12-24 13:59:09,079] {dagbag.py:508} INFO - Filling up the DagBag from /home/airflow/.local/lib/python3.7/site-packages/airflow/example_dags/example_latest_only_with_trigger.py
[2022-12-24 13:59:09,094] {processor.py:651} INFO - DAG(s) dict_keys(['latest_only_with_trigger']) retrieved from /home/airflow/.local/lib/python3.7/site-packages/airflow/example_dags/example_latest_only_with_trigger.py
[2022-12-24 13:59:09,395] {logging_mixin.py:115} INFO - [2022-12-24 13:59:09,395] {dag.py:2420} INFO - Sync 1 DAGs
[2022-12-24 13:59:09,442] {logging_mixin.py:115} INFO - [2022-12-24 13:59:09,442] {dag.py:2972} INFO - Setting next_dagrun for latest_only_with_trigger to 2022-12-24T09:59:09.442060+00:00, run_after=2022-12-24T13:59:09.442060+00:00
[2022-12-24 13:59:09,482] {processor.py:161} INFO - Processing /home/airflow/.local/lib/python3.7/site-packages/airflow/example_dags/example_latest_only_with_trigger.py took 0.414 seconds
[2022-12-24 13:59:40,032] {processor.py:153} INFO - Started process (PID=2379) to work on /home/airflow/.local/lib/python3.7/site-packages/airflow/example_dags/example_latest_only_with_trigger.py
[2022-12-24 13:59:40,033] {processor.py:641} INFO - Processing file /home/airflow/.local/lib/python3.7/site-packages/airflow/example_dags/example_latest_only_with_trigger.py for tasks to queue
[2022-12-24 13:59:40,034] {logging_mixin.py:115} INFO - [2022-12-24 13:59:40,034] {dagbag.py:508} INFO - Filling up the DagBag from /home/airflow/.local/lib/python3.7/site-packages/airflow/example_dags/example_latest_only_with_trigger.py
[2022-12-24 13:59:40,046] {processor.py:651} INFO - DAG(s) dict_keys(['latest_only_with_trigger']) retrieved from /home/airflow/.local/lib/python3.7/site-packages/airflow/example_dags/example_latest_only_with_trigger.py
[2022-12-24 13:59:40,419] {logging_mixin.py:115} INFO - [2022-12-24 13:59:40,418] {dag.py:2420} INFO - Sync 1 DAGs
[2022-12-24 13:59:40,480] {logging_mixin.py:115} INFO - [2022-12-24 13:59:40,480] {dag.py:2972} INFO - Setting next_dagrun for latest_only_with_trigger to 2022-12-24T09:59:40.479344+00:00, run_after=2022-12-24T13:59:40.479344+00:00
[2022-12-24 13:59:40,519] {processor.py:161} INFO - Processing /home/airflow/.local/lib/python3.7/site-packages/airflow/example_dags/example_latest_only_with_trigger.py took 0.494 seconds
[2022-12-24 14:00:10,826] {processor.py:153} INFO - Started process (PID=2432) to work on /home/airflow/.local/lib/python3.7/site-packages/airflow/example_dags/example_latest_only_with_trigger.py
[2022-12-24 14:00:10,827] {processor.py:641} INFO - Processing file /home/airflow/.local/lib/python3.7/site-packages/airflow/example_dags/example_latest_only_with_trigger.py for tasks to queue
[2022-12-24 14:00:10,828] {logging_mixin.py:115} INFO - [2022-12-24 14:00:10,828] {dagbag.py:508} INFO - Filling up the DagBag from /home/airflow/.local/lib/python3.7/site-packages/airflow/example_dags/example_latest_only_with_trigger.py
[2022-12-24 14:00:10,836] {processor.py:651} INFO - DAG(s) dict_keys(['latest_only_with_trigger']) retrieved from /home/airflow/.local/lib/python3.7/site-packages/airflow/example_dags/example_latest_only_with_trigger.py
[2022-12-24 14:00:11,116] {logging_mixin.py:115} INFO - [2022-12-24 14:00:11,115] {dag.py:2420} INFO - Sync 1 DAGs
[2022-12-24 14:00:11,168] {logging_mixin.py:115} INFO - [2022-12-24 14:00:11,168] {dag.py:2972} INFO - Setting next_dagrun for latest_only_with_trigger to 2022-12-24T10:00:11.167703+00:00, run_after=2022-12-24T14:00:11.167703+00:00
[2022-12-24 14:00:11,194] {processor.py:161} INFO - Processing /home/airflow/.local/lib/python3.7/site-packages/airflow/example_dags/example_latest_only_with_trigger.py took 0.374 seconds
[2022-12-24 14:00:41,620] {processor.py:153} INFO - Started process (PID=2494) to work on /home/airflow/.local/lib/python3.7/site-packages/airflow/example_dags/example_latest_only_with_trigger.py
[2022-12-24 14:00:41,621] {processor.py:641} INFO - Processing file /home/airflow/.local/lib/python3.7/site-packages/airflow/example_dags/example_latest_only_with_trigger.py for tasks to queue
[2022-12-24 14:00:41,622] {logging_mixin.py:115} INFO - [2022-12-24 14:00:41,622] {dagbag.py:508} INFO - Filling up the DagBag from /home/airflow/.local/lib/python3.7/site-packages/airflow/example_dags/example_latest_only_with_trigger.py
[2022-12-24 14:00:41,639] {processor.py:651} INFO - DAG(s) dict_keys(['latest_only_with_trigger']) retrieved from /home/airflow/.local/lib/python3.7/site-packages/airflow/example_dags/example_latest_only_with_trigger.py
[2022-12-24 14:00:41,932] {logging_mixin.py:115} INFO - [2022-12-24 14:00:41,931] {dag.py:2420} INFO - Sync 1 DAGs
[2022-12-24 14:00:41,972] {logging_mixin.py:115} INFO - [2022-12-24 14:00:41,972] {dag.py:2972} INFO - Setting next_dagrun for latest_only_with_trigger to 2022-12-24T10:00:41.971955+00:00, run_after=2022-12-24T14:00:41.971955+00:00
[2022-12-24 14:00:41,996] {processor.py:161} INFO - Processing /home/airflow/.local/lib/python3.7/site-packages/airflow/example_dags/example_latest_only_with_trigger.py took 0.383 seconds
[2022-12-24 14:01:12,406] {processor.py:153} INFO - Started process (PID=2550) to work on /home/airflow/.local/lib/python3.7/site-packages/airflow/example_dags/example_latest_only_with_trigger.py
[2022-12-24 14:01:12,407] {processor.py:641} INFO - Processing file /home/airflow/.local/lib/python3.7/site-packages/airflow/example_dags/example_latest_only_with_trigger.py for tasks to queue
[2022-12-24 14:01:12,408] {logging_mixin.py:115} INFO - [2022-12-24 14:01:12,408] {dagbag.py:508} INFO - Filling up the DagBag from /home/airflow/.local/lib/python3.7/site-packages/airflow/example_dags/example_latest_only_with_trigger.py
[2022-12-24 14:01:12,422] {processor.py:651} INFO - DAG(s) dict_keys(['latest_only_with_trigger']) retrieved from /home/airflow/.local/lib/python3.7/site-packages/airflow/example_dags/example_latest_only_with_trigger.py
[2022-12-24 14:01:12,750] {logging_mixin.py:115} INFO - [2022-12-24 14:01:12,750] {dag.py:2420} INFO - Sync 1 DAGs
[2022-12-24 14:01:12,799] {logging_mixin.py:115} INFO - [2022-12-24 14:01:12,799] {dag.py:2972} INFO - Setting next_dagrun for latest_only_with_trigger to 2022-12-24T10:01:12.798668+00:00, run_after=2022-12-24T14:01:12.798668+00:00
[2022-12-24 14:01:12,833] {processor.py:161} INFO - Processing /home/airflow/.local/lib/python3.7/site-packages/airflow/example_dags/example_latest_only_with_trigger.py took 0.434 seconds
[2022-12-24 14:01:42,955] {processor.py:153} INFO - Started process (PID=2603) to work on /home/airflow/.local/lib/python3.7/site-packages/airflow/example_dags/example_latest_only_with_trigger.py
[2022-12-24 14:01:42,959] {processor.py:641} INFO - Processing file /home/airflow/.local/lib/python3.7/site-packages/airflow/example_dags/example_latest_only_with_trigger.py for tasks to queue
[2022-12-24 14:01:42,960] {logging_mixin.py:115} INFO - [2022-12-24 14:01:42,960] {dagbag.py:508} INFO - Filling up the DagBag from /home/airflow/.local/lib/python3.7/site-packages/airflow/example_dags/example_latest_only_with_trigger.py
[2022-12-24 14:01:42,970] {processor.py:651} INFO - DAG(s) dict_keys(['latest_only_with_trigger']) retrieved from /home/airflow/.local/lib/python3.7/site-packages/airflow/example_dags/example_latest_only_with_trigger.py
[2022-12-24 14:01:43,209] {logging_mixin.py:115} INFO - [2022-12-24 14:01:43,209] {dag.py:2420} INFO - Sync 1 DAGs
[2022-12-24 14:01:43,245] {logging_mixin.py:115} INFO - [2022-12-24 14:01:43,245] {dag.py:2972} INFO - Setting next_dagrun for latest_only_with_trigger to 2022-12-24T10:01:43.245010+00:00, run_after=2022-12-24T14:01:43.245010+00:00
[2022-12-24 14:01:43,268] {processor.py:161} INFO - Processing /home/airflow/.local/lib/python3.7/site-packages/airflow/example_dags/example_latest_only_with_trigger.py took 0.318 seconds
