[2022-12-24 10:38:56,460] {processor.py:153} INFO - Started process (PID=59) to work on /home/airflow/.local/lib/python3.7/site-packages/airflow/example_dags/example_latest_only.py
[2022-12-24 10:38:56,461] {processor.py:641} INFO - Processing file /home/airflow/.local/lib/python3.7/site-packages/airflow/example_dags/example_latest_only.py for tasks to queue
[2022-12-24 10:38:56,462] {logging_mixin.py:115} INFO - [2022-12-24 10:38:56,461] {dagbag.py:508} INFO - Filling up the DagBag from /home/airflow/.local/lib/python3.7/site-packages/airflow/example_dags/example_latest_only.py
[2022-12-24 10:38:56,470] {processor.py:651} INFO - DAG(s) dict_keys(['latest_only']) retrieved from /home/airflow/.local/lib/python3.7/site-packages/airflow/example_dags/example_latest_only.py
[2022-12-24 10:38:56,514] {logging_mixin.py:115} INFO - [2022-12-24 10:38:56,514] {dag.py:2420} INFO - Sync 1 DAGs
[2022-12-24 10:38:56,776] {logging_mixin.py:115} INFO - [2022-12-24 10:38:56,776] {dag.py:2972} INFO - Setting next_dagrun for latest_only to 2022-12-24T06:38:56.776171+00:00, run_after=2022-12-24T10:38:56.776171+00:00
[2022-12-24 10:38:56,802] {processor.py:161} INFO - Processing /home/airflow/.local/lib/python3.7/site-packages/airflow/example_dags/example_latest_only.py took 0.348 seconds
[2022-12-24 13:39:08,907] {processor.py:153} INFO - Started process (PID=104) to work on /home/airflow/.local/lib/python3.7/site-packages/airflow/example_dags/example_latest_only.py
[2022-12-24 13:39:08,909] {processor.py:641} INFO - Processing file /home/airflow/.local/lib/python3.7/site-packages/airflow/example_dags/example_latest_only.py for tasks to queue
[2022-12-24 13:39:08,911] {logging_mixin.py:115} INFO - [2022-12-24 13:39:08,910] {dagbag.py:508} INFO - Filling up the DagBag from /home/airflow/.local/lib/python3.7/site-packages/airflow/example_dags/example_latest_only.py
[2022-12-24 13:39:08,928] {processor.py:651} INFO - DAG(s) dict_keys(['latest_only']) retrieved from /home/airflow/.local/lib/python3.7/site-packages/airflow/example_dags/example_latest_only.py
[2022-12-24 13:39:09,046] {logging_mixin.py:115} INFO - [2022-12-24 13:39:09,046] {dag.py:2420} INFO - Sync 1 DAGs
[2022-12-24 13:39:09,392] {logging_mixin.py:115} INFO - [2022-12-24 13:39:09,392] {dag.py:2972} INFO - Setting next_dagrun for latest_only to 2022-12-24T09:39:09.392175+00:00, run_after=2022-12-24T13:39:09.392175+00:00
[2022-12-24 13:39:09,416] {processor.py:161} INFO - Processing /home/airflow/.local/lib/python3.7/site-packages/airflow/example_dags/example_latest_only.py took 0.519 seconds
[2022-12-24 13:39:39,938] {processor.py:153} INFO - Started process (PID=157) to work on /home/airflow/.local/lib/python3.7/site-packages/airflow/example_dags/example_latest_only.py
[2022-12-24 13:39:39,939] {processor.py:641} INFO - Processing file /home/airflow/.local/lib/python3.7/site-packages/airflow/example_dags/example_latest_only.py for tasks to queue
[2022-12-24 13:39:39,940] {logging_mixin.py:115} INFO - [2022-12-24 13:39:39,940] {dagbag.py:508} INFO - Filling up the DagBag from /home/airflow/.local/lib/python3.7/site-packages/airflow/example_dags/example_latest_only.py
[2022-12-24 13:39:39,948] {processor.py:651} INFO - DAG(s) dict_keys(['latest_only']) retrieved from /home/airflow/.local/lib/python3.7/site-packages/airflow/example_dags/example_latest_only.py
[2022-12-24 13:39:40,001] {logging_mixin.py:115} INFO - [2022-12-24 13:39:40,001] {dag.py:2420} INFO - Sync 1 DAGs
[2022-12-24 13:39:40,266] {logging_mixin.py:115} INFO - [2022-12-24 13:39:40,265] {dag.py:2972} INFO - Setting next_dagrun for latest_only to 2022-12-24T09:39:40.265449+00:00, run_after=2022-12-24T13:39:40.265449+00:00
[2022-12-24 13:39:40,292] {processor.py:161} INFO - Processing /home/airflow/.local/lib/python3.7/site-packages/airflow/example_dags/example_latest_only.py took 0.359 seconds
[2022-12-24 13:40:11,307] {processor.py:153} INFO - Started process (PID=217) to work on /home/airflow/.local/lib/python3.7/site-packages/airflow/example_dags/example_latest_only.py
[2022-12-24 13:40:11,403] {processor.py:641} INFO - Processing file /home/airflow/.local/lib/python3.7/site-packages/airflow/example_dags/example_latest_only.py for tasks to queue
[2022-12-24 13:40:11,404] {logging_mixin.py:115} INFO - [2022-12-24 13:40:11,404] {dagbag.py:508} INFO - Filling up the DagBag from /home/airflow/.local/lib/python3.7/site-packages/airflow/example_dags/example_latest_only.py
[2022-12-24 13:40:11,429] {processor.py:651} INFO - DAG(s) dict_keys(['latest_only']) retrieved from /home/airflow/.local/lib/python3.7/site-packages/airflow/example_dags/example_latest_only.py
[2022-12-24 13:40:11,518] {logging_mixin.py:115} INFO - [2022-12-24 13:40:11,518] {dag.py:2420} INFO - Sync 1 DAGs
[2022-12-24 13:40:11,930] {logging_mixin.py:115} INFO - [2022-12-24 13:40:11,930] {dag.py:2972} INFO - Setting next_dagrun for latest_only to 2022-12-24T09:40:11.929480+00:00, run_after=2022-12-24T13:40:11.929480+00:00
[2022-12-24 13:40:11,973] {processor.py:161} INFO - Processing /home/airflow/.local/lib/python3.7/site-packages/airflow/example_dags/example_latest_only.py took 0.682 seconds
[2022-12-24 13:40:42,438] {processor.py:153} INFO - Started process (PID=273) to work on /home/airflow/.local/lib/python3.7/site-packages/airflow/example_dags/example_latest_only.py
[2022-12-24 13:40:42,458] {processor.py:641} INFO - Processing file /home/airflow/.local/lib/python3.7/site-packages/airflow/example_dags/example_latest_only.py for tasks to queue
[2022-12-24 13:40:42,459] {logging_mixin.py:115} INFO - [2022-12-24 13:40:42,459] {dagbag.py:508} INFO - Filling up the DagBag from /home/airflow/.local/lib/python3.7/site-packages/airflow/example_dags/example_latest_only.py
[2022-12-24 13:40:42,469] {processor.py:651} INFO - DAG(s) dict_keys(['latest_only']) retrieved from /home/airflow/.local/lib/python3.7/site-packages/airflow/example_dags/example_latest_only.py
[2022-12-24 13:40:42,561] {logging_mixin.py:115} INFO - [2022-12-24 13:40:42,561] {dag.py:2420} INFO - Sync 1 DAGs
[2022-12-24 13:40:42,857] {logging_mixin.py:115} INFO - [2022-12-24 13:40:42,857] {dag.py:2972} INFO - Setting next_dagrun for latest_only to 2022-12-24T09:40:42.857184+00:00, run_after=2022-12-24T13:40:42.857184+00:00
[2022-12-24 13:40:42,912] {processor.py:161} INFO - Processing /home/airflow/.local/lib/python3.7/site-packages/airflow/example_dags/example_latest_only.py took 0.480 seconds
[2022-12-24 13:41:13,077] {processor.py:153} INFO - Started process (PID=327) to work on /home/airflow/.local/lib/python3.7/site-packages/airflow/example_dags/example_latest_only.py
[2022-12-24 13:41:13,078] {processor.py:641} INFO - Processing file /home/airflow/.local/lib/python3.7/site-packages/airflow/example_dags/example_latest_only.py for tasks to queue
[2022-12-24 13:41:13,080] {logging_mixin.py:115} INFO - [2022-12-24 13:41:13,080] {dagbag.py:508} INFO - Filling up the DagBag from /home/airflow/.local/lib/python3.7/site-packages/airflow/example_dags/example_latest_only.py
[2022-12-24 13:41:13,092] {processor.py:651} INFO - DAG(s) dict_keys(['latest_only']) retrieved from /home/airflow/.local/lib/python3.7/site-packages/airflow/example_dags/example_latest_only.py
[2022-12-24 13:41:13,153] {logging_mixin.py:115} INFO - [2022-12-24 13:41:13,153] {dag.py:2420} INFO - Sync 1 DAGs
[2022-12-24 13:41:13,415] {logging_mixin.py:115} INFO - [2022-12-24 13:41:13,415] {dag.py:2972} INFO - Setting next_dagrun for latest_only to 2022-12-24T09:41:13.415145+00:00, run_after=2022-12-24T13:41:13.415145+00:00
[2022-12-24 13:41:13,441] {processor.py:161} INFO - Processing /home/airflow/.local/lib/python3.7/site-packages/airflow/example_dags/example_latest_only.py took 0.371 seconds
[2022-12-24 13:41:43,950] {processor.py:153} INFO - Started process (PID=381) to work on /home/airflow/.local/lib/python3.7/site-packages/airflow/example_dags/example_latest_only.py
[2022-12-24 13:41:43,952] {processor.py:641} INFO - Processing file /home/airflow/.local/lib/python3.7/site-packages/airflow/example_dags/example_latest_only.py for tasks to queue
[2022-12-24 13:41:43,953] {logging_mixin.py:115} INFO - [2022-12-24 13:41:43,952] {dagbag.py:508} INFO - Filling up the DagBag from /home/airflow/.local/lib/python3.7/site-packages/airflow/example_dags/example_latest_only.py
[2022-12-24 13:41:43,963] {processor.py:651} INFO - DAG(s) dict_keys(['latest_only']) retrieved from /home/airflow/.local/lib/python3.7/site-packages/airflow/example_dags/example_latest_only.py
[2022-12-24 13:41:44,024] {logging_mixin.py:115} INFO - [2022-12-24 13:41:44,024] {dag.py:2420} INFO - Sync 1 DAGs
[2022-12-24 13:41:44,270] {logging_mixin.py:115} INFO - [2022-12-24 13:41:44,270] {dag.py:2972} INFO - Setting next_dagrun for latest_only to 2022-12-24T09:41:44.269968+00:00, run_after=2022-12-24T13:41:44.269968+00:00
[2022-12-24 13:41:44,295] {processor.py:161} INFO - Processing /home/airflow/.local/lib/python3.7/site-packages/airflow/example_dags/example_latest_only.py took 0.351 seconds
[2022-12-24 13:42:14,975] {processor.py:153} INFO - Started process (PID=444) to work on /home/airflow/.local/lib/python3.7/site-packages/airflow/example_dags/example_latest_only.py
[2022-12-24 13:42:14,976] {processor.py:641} INFO - Processing file /home/airflow/.local/lib/python3.7/site-packages/airflow/example_dags/example_latest_only.py for tasks to queue
[2022-12-24 13:42:14,977] {logging_mixin.py:115} INFO - [2022-12-24 13:42:14,977] {dagbag.py:508} INFO - Filling up the DagBag from /home/airflow/.local/lib/python3.7/site-packages/airflow/example_dags/example_latest_only.py
[2022-12-24 13:42:14,984] {processor.py:651} INFO - DAG(s) dict_keys(['latest_only']) retrieved from /home/airflow/.local/lib/python3.7/site-packages/airflow/example_dags/example_latest_only.py
[2022-12-24 13:42:15,035] {logging_mixin.py:115} INFO - [2022-12-24 13:42:15,035] {dag.py:2420} INFO - Sync 1 DAGs
[2022-12-24 13:42:15,377] {logging_mixin.py:115} INFO - [2022-12-24 13:42:15,377] {dag.py:2972} INFO - Setting next_dagrun for latest_only to 2022-12-24T09:42:15.377144+00:00, run_after=2022-12-24T13:42:15.377144+00:00
[2022-12-24 13:42:15,406] {processor.py:161} INFO - Processing /home/airflow/.local/lib/python3.7/site-packages/airflow/example_dags/example_latest_only.py took 0.436 seconds
[2022-12-24 13:42:45,475] {processor.py:153} INFO - Started process (PID=498) to work on /home/airflow/.local/lib/python3.7/site-packages/airflow/example_dags/example_latest_only.py
[2022-12-24 13:42:45,476] {processor.py:641} INFO - Processing file /home/airflow/.local/lib/python3.7/site-packages/airflow/example_dags/example_latest_only.py for tasks to queue
[2022-12-24 13:42:45,477] {logging_mixin.py:115} INFO - [2022-12-24 13:42:45,477] {dagbag.py:508} INFO - Filling up the DagBag from /home/airflow/.local/lib/python3.7/site-packages/airflow/example_dags/example_latest_only.py
[2022-12-24 13:42:45,489] {processor.py:651} INFO - DAG(s) dict_keys(['latest_only']) retrieved from /home/airflow/.local/lib/python3.7/site-packages/airflow/example_dags/example_latest_only.py
[2022-12-24 13:42:45,554] {logging_mixin.py:115} INFO - [2022-12-24 13:42:45,554] {dag.py:2420} INFO - Sync 1 DAGs
[2022-12-24 13:42:45,818] {logging_mixin.py:115} INFO - [2022-12-24 13:42:45,817] {dag.py:2972} INFO - Setting next_dagrun for latest_only to 2022-12-24T09:42:45.817485+00:00, run_after=2022-12-24T13:42:45.817485+00:00
[2022-12-24 13:42:45,842] {processor.py:161} INFO - Processing /home/airflow/.local/lib/python3.7/site-packages/airflow/example_dags/example_latest_only.py took 0.374 seconds
[2022-12-24 13:43:16,748] {processor.py:153} INFO - Started process (PID=552) to work on /home/airflow/.local/lib/python3.7/site-packages/airflow/example_dags/example_latest_only.py
[2022-12-24 13:43:16,749] {processor.py:641} INFO - Processing file /home/airflow/.local/lib/python3.7/site-packages/airflow/example_dags/example_latest_only.py for tasks to queue
[2022-12-24 13:43:16,750] {logging_mixin.py:115} INFO - [2022-12-24 13:43:16,750] {dagbag.py:508} INFO - Filling up the DagBag from /home/airflow/.local/lib/python3.7/site-packages/airflow/example_dags/example_latest_only.py
[2022-12-24 13:43:16,756] {processor.py:651} INFO - DAG(s) dict_keys(['latest_only']) retrieved from /home/airflow/.local/lib/python3.7/site-packages/airflow/example_dags/example_latest_only.py
[2022-12-24 13:43:16,802] {logging_mixin.py:115} INFO - [2022-12-24 13:43:16,802] {dag.py:2420} INFO - Sync 1 DAGs
[2022-12-24 13:43:17,082] {logging_mixin.py:115} INFO - [2022-12-24 13:43:17,081] {dag.py:2972} INFO - Setting next_dagrun for latest_only to 2022-12-24T09:43:17.081504+00:00, run_after=2022-12-24T13:43:17.081504+00:00
[2022-12-24 13:43:17,105] {processor.py:161} INFO - Processing /home/airflow/.local/lib/python3.7/site-packages/airflow/example_dags/example_latest_only.py took 0.361 seconds
[2022-12-24 13:43:48,092] {processor.py:153} INFO - Started process (PID=614) to work on /home/airflow/.local/lib/python3.7/site-packages/airflow/example_dags/example_latest_only.py
[2022-12-24 13:43:48,093] {processor.py:641} INFO - Processing file /home/airflow/.local/lib/python3.7/site-packages/airflow/example_dags/example_latest_only.py for tasks to queue
[2022-12-24 13:43:48,094] {logging_mixin.py:115} INFO - [2022-12-24 13:43:48,094] {dagbag.py:508} INFO - Filling up the DagBag from /home/airflow/.local/lib/python3.7/site-packages/airflow/example_dags/example_latest_only.py
[2022-12-24 13:43:48,108] {processor.py:651} INFO - DAG(s) dict_keys(['latest_only']) retrieved from /home/airflow/.local/lib/python3.7/site-packages/airflow/example_dags/example_latest_only.py
[2022-12-24 13:43:48,182] {logging_mixin.py:115} INFO - [2022-12-24 13:43:48,181] {dag.py:2420} INFO - Sync 1 DAGs
[2022-12-24 13:43:48,535] {logging_mixin.py:115} INFO - [2022-12-24 13:43:48,535] {dag.py:2972} INFO - Setting next_dagrun for latest_only to 2022-12-24T09:43:48.534845+00:00, run_after=2022-12-24T13:43:48.534845+00:00
[2022-12-24 13:43:48,562] {processor.py:161} INFO - Processing /home/airflow/.local/lib/python3.7/site-packages/airflow/example_dags/example_latest_only.py took 0.479 seconds
[2022-12-24 13:44:18,684] {processor.py:153} INFO - Started process (PID=668) to work on /home/airflow/.local/lib/python3.7/site-packages/airflow/example_dags/example_latest_only.py
[2022-12-24 13:44:18,685] {processor.py:641} INFO - Processing file /home/airflow/.local/lib/python3.7/site-packages/airflow/example_dags/example_latest_only.py for tasks to queue
[2022-12-24 13:44:18,687] {logging_mixin.py:115} INFO - [2022-12-24 13:44:18,686] {dagbag.py:508} INFO - Filling up the DagBag from /home/airflow/.local/lib/python3.7/site-packages/airflow/example_dags/example_latest_only.py
[2022-12-24 13:44:18,695] {processor.py:651} INFO - DAG(s) dict_keys(['latest_only']) retrieved from /home/airflow/.local/lib/python3.7/site-packages/airflow/example_dags/example_latest_only.py
[2022-12-24 13:44:18,748] {logging_mixin.py:115} INFO - [2022-12-24 13:44:18,748] {dag.py:2420} INFO - Sync 1 DAGs
[2022-12-24 13:44:19,016] {logging_mixin.py:115} INFO - [2022-12-24 13:44:19,016] {dag.py:2972} INFO - Setting next_dagrun for latest_only to 2022-12-24T09:44:19.016199+00:00, run_after=2022-12-24T13:44:19.016199+00:00
[2022-12-24 13:44:19,041] {processor.py:161} INFO - Processing /home/airflow/.local/lib/python3.7/site-packages/airflow/example_dags/example_latest_only.py took 0.362 seconds
[2022-12-24 13:44:49,195] {processor.py:153} INFO - Started process (PID=722) to work on /home/airflow/.local/lib/python3.7/site-packages/airflow/example_dags/example_latest_only.py
[2022-12-24 13:44:49,196] {processor.py:641} INFO - Processing file /home/airflow/.local/lib/python3.7/site-packages/airflow/example_dags/example_latest_only.py for tasks to queue
[2022-12-24 13:44:49,197] {logging_mixin.py:115} INFO - [2022-12-24 13:44:49,197] {dagbag.py:508} INFO - Filling up the DagBag from /home/airflow/.local/lib/python3.7/site-packages/airflow/example_dags/example_latest_only.py
[2022-12-24 13:44:49,204] {processor.py:651} INFO - DAG(s) dict_keys(['latest_only']) retrieved from /home/airflow/.local/lib/python3.7/site-packages/airflow/example_dags/example_latest_only.py
[2022-12-24 13:44:49,251] {logging_mixin.py:115} INFO - [2022-12-24 13:44:49,251] {dag.py:2420} INFO - Sync 1 DAGs
[2022-12-24 13:44:49,527] {logging_mixin.py:115} INFO - [2022-12-24 13:44:49,527] {dag.py:2972} INFO - Setting next_dagrun for latest_only to 2022-12-24T09:44:49.526752+00:00, run_after=2022-12-24T13:44:49.526752+00:00
[2022-12-24 13:44:49,554] {processor.py:161} INFO - Processing /home/airflow/.local/lib/python3.7/site-packages/airflow/example_dags/example_latest_only.py took 0.363 seconds
[2022-12-24 13:45:19,910] {processor.py:153} INFO - Started process (PID=785) to work on /home/airflow/.local/lib/python3.7/site-packages/airflow/example_dags/example_latest_only.py
[2022-12-24 13:45:19,911] {processor.py:641} INFO - Processing file /home/airflow/.local/lib/python3.7/site-packages/airflow/example_dags/example_latest_only.py for tasks to queue
[2022-12-24 13:45:19,912] {logging_mixin.py:115} INFO - [2022-12-24 13:45:19,912] {dagbag.py:508} INFO - Filling up the DagBag from /home/airflow/.local/lib/python3.7/site-packages/airflow/example_dags/example_latest_only.py
[2022-12-24 13:45:19,921] {processor.py:651} INFO - DAG(s) dict_keys(['latest_only']) retrieved from /home/airflow/.local/lib/python3.7/site-packages/airflow/example_dags/example_latest_only.py
[2022-12-24 13:45:19,986] {logging_mixin.py:115} INFO - [2022-12-24 13:45:19,986] {dag.py:2420} INFO - Sync 1 DAGs
[2022-12-24 13:45:20,267] {logging_mixin.py:115} INFO - [2022-12-24 13:45:20,267] {dag.py:2972} INFO - Setting next_dagrun for latest_only to 2022-12-24T09:45:20.267087+00:00, run_after=2022-12-24T13:45:20.267087+00:00
[2022-12-24 13:45:20,305] {processor.py:161} INFO - Processing /home/airflow/.local/lib/python3.7/site-packages/airflow/example_dags/example_latest_only.py took 0.400 seconds
[2022-12-24 13:45:51,127] {processor.py:153} INFO - Started process (PID=839) to work on /home/airflow/.local/lib/python3.7/site-packages/airflow/example_dags/example_latest_only.py
[2022-12-24 13:45:51,129] {processor.py:641} INFO - Processing file /home/airflow/.local/lib/python3.7/site-packages/airflow/example_dags/example_latest_only.py for tasks to queue
[2022-12-24 13:45:51,130] {logging_mixin.py:115} INFO - [2022-12-24 13:45:51,130] {dagbag.py:508} INFO - Filling up the DagBag from /home/airflow/.local/lib/python3.7/site-packages/airflow/example_dags/example_latest_only.py
[2022-12-24 13:45:51,142] {processor.py:651} INFO - DAG(s) dict_keys(['latest_only']) retrieved from /home/airflow/.local/lib/python3.7/site-packages/airflow/example_dags/example_latest_only.py
[2022-12-24 13:45:51,200] {logging_mixin.py:115} INFO - [2022-12-24 13:45:51,199] {dag.py:2420} INFO - Sync 1 DAGs
[2022-12-24 13:45:51,440] {logging_mixin.py:115} INFO - [2022-12-24 13:45:51,439] {dag.py:2972} INFO - Setting next_dagrun for latest_only to 2022-12-24T09:45:51.439453+00:00, run_after=2022-12-24T13:45:51.439453+00:00
[2022-12-24 13:45:51,462] {processor.py:161} INFO - Processing /home/airflow/.local/lib/python3.7/site-packages/airflow/example_dags/example_latest_only.py took 0.343 seconds
[2022-12-24 13:46:22,337] {processor.py:153} INFO - Started process (PID=901) to work on /home/airflow/.local/lib/python3.7/site-packages/airflow/example_dags/example_latest_only.py
[2022-12-24 13:46:22,338] {processor.py:641} INFO - Processing file /home/airflow/.local/lib/python3.7/site-packages/airflow/example_dags/example_latest_only.py for tasks to queue
[2022-12-24 13:46:22,339] {logging_mixin.py:115} INFO - [2022-12-24 13:46:22,339] {dagbag.py:508} INFO - Filling up the DagBag from /home/airflow/.local/lib/python3.7/site-packages/airflow/example_dags/example_latest_only.py
[2022-12-24 13:46:22,348] {processor.py:651} INFO - DAG(s) dict_keys(['latest_only']) retrieved from /home/airflow/.local/lib/python3.7/site-packages/airflow/example_dags/example_latest_only.py
[2022-12-24 13:46:22,402] {logging_mixin.py:115} INFO - [2022-12-24 13:46:22,401] {dag.py:2420} INFO - Sync 1 DAGs
[2022-12-24 13:46:22,671] {logging_mixin.py:115} INFO - [2022-12-24 13:46:22,670] {dag.py:2972} INFO - Setting next_dagrun for latest_only to 2022-12-24T09:46:22.670334+00:00, run_after=2022-12-24T13:46:22.670334+00:00
[2022-12-24 13:46:22,697] {processor.py:161} INFO - Processing /home/airflow/.local/lib/python3.7/site-packages/airflow/example_dags/example_latest_only.py took 0.364 seconds
[2022-12-24 13:46:52,967] {processor.py:153} INFO - Started process (PID=955) to work on /home/airflow/.local/lib/python3.7/site-packages/airflow/example_dags/example_latest_only.py
[2022-12-24 13:46:52,968] {processor.py:641} INFO - Processing file /home/airflow/.local/lib/python3.7/site-packages/airflow/example_dags/example_latest_only.py for tasks to queue
[2022-12-24 13:46:52,969] {logging_mixin.py:115} INFO - [2022-12-24 13:46:52,969] {dagbag.py:508} INFO - Filling up the DagBag from /home/airflow/.local/lib/python3.7/site-packages/airflow/example_dags/example_latest_only.py
[2022-12-24 13:46:52,977] {processor.py:651} INFO - DAG(s) dict_keys(['latest_only']) retrieved from /home/airflow/.local/lib/python3.7/site-packages/airflow/example_dags/example_latest_only.py
[2022-12-24 13:46:53,028] {logging_mixin.py:115} INFO - [2022-12-24 13:46:53,028] {dag.py:2420} INFO - Sync 1 DAGs
[2022-12-24 13:46:53,315] {logging_mixin.py:115} INFO - [2022-12-24 13:46:53,315] {dag.py:2972} INFO - Setting next_dagrun for latest_only to 2022-12-24T09:46:53.314898+00:00, run_after=2022-12-24T13:46:53.314898+00:00
[2022-12-24 13:46:53,341] {processor.py:161} INFO - Processing /home/airflow/.local/lib/python3.7/site-packages/airflow/example_dags/example_latest_only.py took 0.379 seconds
[2022-12-24 13:47:24,181] {processor.py:153} INFO - Started process (PID=1019) to work on /home/airflow/.local/lib/python3.7/site-packages/airflow/example_dags/example_latest_only.py
[2022-12-24 13:47:24,182] {processor.py:641} INFO - Processing file /home/airflow/.local/lib/python3.7/site-packages/airflow/example_dags/example_latest_only.py for tasks to queue
[2022-12-24 13:47:24,183] {logging_mixin.py:115} INFO - [2022-12-24 13:47:24,183] {dagbag.py:508} INFO - Filling up the DagBag from /home/airflow/.local/lib/python3.7/site-packages/airflow/example_dags/example_latest_only.py
[2022-12-24 13:47:24,190] {processor.py:651} INFO - DAG(s) dict_keys(['latest_only']) retrieved from /home/airflow/.local/lib/python3.7/site-packages/airflow/example_dags/example_latest_only.py
[2022-12-24 13:47:24,243] {logging_mixin.py:115} INFO - [2022-12-24 13:47:24,243] {dag.py:2420} INFO - Sync 1 DAGs
[2022-12-24 13:47:24,513] {logging_mixin.py:115} INFO - [2022-12-24 13:47:24,513] {dag.py:2972} INFO - Setting next_dagrun for latest_only to 2022-12-24T09:47:24.512710+00:00, run_after=2022-12-24T13:47:24.512710+00:00
[2022-12-24 13:47:24,538] {processor.py:161} INFO - Processing /home/airflow/.local/lib/python3.7/site-packages/airflow/example_dags/example_latest_only.py took 0.362 seconds
[2022-12-24 13:47:54,795] {processor.py:153} INFO - Started process (PID=1073) to work on /home/airflow/.local/lib/python3.7/site-packages/airflow/example_dags/example_latest_only.py
[2022-12-24 13:47:54,796] {processor.py:641} INFO - Processing file /home/airflow/.local/lib/python3.7/site-packages/airflow/example_dags/example_latest_only.py for tasks to queue
[2022-12-24 13:47:54,797] {logging_mixin.py:115} INFO - [2022-12-24 13:47:54,797] {dagbag.py:508} INFO - Filling up the DagBag from /home/airflow/.local/lib/python3.7/site-packages/airflow/example_dags/example_latest_only.py
[2022-12-24 13:47:54,804] {processor.py:651} INFO - DAG(s) dict_keys(['latest_only']) retrieved from /home/airflow/.local/lib/python3.7/site-packages/airflow/example_dags/example_latest_only.py
[2022-12-24 13:47:54,847] {logging_mixin.py:115} INFO - [2022-12-24 13:47:54,847] {dag.py:2420} INFO - Sync 1 DAGs
[2022-12-24 13:47:55,076] {logging_mixin.py:115} INFO - [2022-12-24 13:47:55,075] {dag.py:2972} INFO - Setting next_dagrun for latest_only to 2022-12-24T09:47:55.075628+00:00, run_after=2022-12-24T13:47:55.075628+00:00
[2022-12-24 13:47:55,100] {processor.py:161} INFO - Processing /home/airflow/.local/lib/python3.7/site-packages/airflow/example_dags/example_latest_only.py took 0.308 seconds
[2022-12-24 13:48:25,301] {processor.py:153} INFO - Started process (PID=1127) to work on /home/airflow/.local/lib/python3.7/site-packages/airflow/example_dags/example_latest_only.py
[2022-12-24 13:48:25,302] {processor.py:641} INFO - Processing file /home/airflow/.local/lib/python3.7/site-packages/airflow/example_dags/example_latest_only.py for tasks to queue
[2022-12-24 13:48:25,302] {logging_mixin.py:115} INFO - [2022-12-24 13:48:25,302] {dagbag.py:508} INFO - Filling up the DagBag from /home/airflow/.local/lib/python3.7/site-packages/airflow/example_dags/example_latest_only.py
[2022-12-24 13:48:25,310] {processor.py:651} INFO - DAG(s) dict_keys(['latest_only']) retrieved from /home/airflow/.local/lib/python3.7/site-packages/airflow/example_dags/example_latest_only.py
[2022-12-24 13:48:25,357] {logging_mixin.py:115} INFO - [2022-12-24 13:48:25,356] {dag.py:2420} INFO - Sync 1 DAGs
[2022-12-24 13:48:25,597] {logging_mixin.py:115} INFO - [2022-12-24 13:48:25,597] {dag.py:2972} INFO - Setting next_dagrun for latest_only to 2022-12-24T09:48:25.596899+00:00, run_after=2022-12-24T13:48:25.596899+00:00
[2022-12-24 13:48:25,623] {processor.py:161} INFO - Processing /home/airflow/.local/lib/python3.7/site-packages/airflow/example_dags/example_latest_only.py took 0.327 seconds
[2022-12-24 13:48:56,395] {processor.py:153} INFO - Started process (PID=1190) to work on /home/airflow/.local/lib/python3.7/site-packages/airflow/example_dags/example_latest_only.py
[2022-12-24 13:48:56,397] {processor.py:641} INFO - Processing file /home/airflow/.local/lib/python3.7/site-packages/airflow/example_dags/example_latest_only.py for tasks to queue
[2022-12-24 13:48:56,400] {logging_mixin.py:115} INFO - [2022-12-24 13:48:56,398] {dagbag.py:508} INFO - Filling up the DagBag from /home/airflow/.local/lib/python3.7/site-packages/airflow/example_dags/example_latest_only.py
[2022-12-24 13:48:56,413] {processor.py:651} INFO - DAG(s) dict_keys(['latest_only']) retrieved from /home/airflow/.local/lib/python3.7/site-packages/airflow/example_dags/example_latest_only.py
[2022-12-24 13:48:56,458] {logging_mixin.py:115} INFO - [2022-12-24 13:48:56,458] {dag.py:2420} INFO - Sync 1 DAGs
[2022-12-24 13:48:56,712] {logging_mixin.py:115} INFO - [2022-12-24 13:48:56,711] {dag.py:2972} INFO - Setting next_dagrun for latest_only to 2022-12-24T09:48:56.711440+00:00, run_after=2022-12-24T13:48:56.711440+00:00
[2022-12-24 13:48:56,735] {processor.py:161} INFO - Processing /home/airflow/.local/lib/python3.7/site-packages/airflow/example_dags/example_latest_only.py took 0.349 seconds
[2022-12-24 13:49:27,150] {processor.py:153} INFO - Started process (PID=1244) to work on /home/airflow/.local/lib/python3.7/site-packages/airflow/example_dags/example_latest_only.py
[2022-12-24 13:49:27,151] {processor.py:641} INFO - Processing file /home/airflow/.local/lib/python3.7/site-packages/airflow/example_dags/example_latest_only.py for tasks to queue
[2022-12-24 13:49:27,151] {logging_mixin.py:115} INFO - [2022-12-24 13:49:27,151] {dagbag.py:508} INFO - Filling up the DagBag from /home/airflow/.local/lib/python3.7/site-packages/airflow/example_dags/example_latest_only.py
[2022-12-24 13:49:27,158] {processor.py:651} INFO - DAG(s) dict_keys(['latest_only']) retrieved from /home/airflow/.local/lib/python3.7/site-packages/airflow/example_dags/example_latest_only.py
[2022-12-24 13:49:27,445] {logging_mixin.py:115} INFO - [2022-12-24 13:49:27,445] {dag.py:2420} INFO - Sync 1 DAGs
[2022-12-24 13:49:27,491] {logging_mixin.py:115} INFO - [2022-12-24 13:49:27,491] {dag.py:2972} INFO - Setting next_dagrun for latest_only to 2022-12-24T09:49:27.490949+00:00, run_after=2022-12-24T13:49:27.490949+00:00
[2022-12-24 13:49:27,516] {processor.py:161} INFO - Processing /home/airflow/.local/lib/python3.7/site-packages/airflow/example_dags/example_latest_only.py took 0.370 seconds
[2022-12-24 13:49:57,909] {processor.py:153} INFO - Started process (PID=1298) to work on /home/airflow/.local/lib/python3.7/site-packages/airflow/example_dags/example_latest_only.py
[2022-12-24 13:49:57,910] {processor.py:641} INFO - Processing file /home/airflow/.local/lib/python3.7/site-packages/airflow/example_dags/example_latest_only.py for tasks to queue
[2022-12-24 13:49:57,912] {logging_mixin.py:115} INFO - [2022-12-24 13:49:57,911] {dagbag.py:508} INFO - Filling up the DagBag from /home/airflow/.local/lib/python3.7/site-packages/airflow/example_dags/example_latest_only.py
[2022-12-24 13:49:57,921] {processor.py:651} INFO - DAG(s) dict_keys(['latest_only']) retrieved from /home/airflow/.local/lib/python3.7/site-packages/airflow/example_dags/example_latest_only.py
[2022-12-24 13:49:58,263] {logging_mixin.py:115} INFO - [2022-12-24 13:49:58,263] {dag.py:2420} INFO - Sync 1 DAGs
[2022-12-24 13:49:58,307] {logging_mixin.py:115} INFO - [2022-12-24 13:49:58,307] {dag.py:2972} INFO - Setting next_dagrun for latest_only to 2022-12-24T09:49:58.306628+00:00, run_after=2022-12-24T13:49:58.306628+00:00
[2022-12-24 13:49:58,339] {processor.py:161} INFO - Processing /home/airflow/.local/lib/python3.7/site-packages/airflow/example_dags/example_latest_only.py took 0.435 seconds
[2022-12-24 13:50:28,481] {processor.py:153} INFO - Started process (PID=1360) to work on /home/airflow/.local/lib/python3.7/site-packages/airflow/example_dags/example_latest_only.py
[2022-12-24 13:50:28,482] {processor.py:641} INFO - Processing file /home/airflow/.local/lib/python3.7/site-packages/airflow/example_dags/example_latest_only.py for tasks to queue
[2022-12-24 13:50:28,482] {logging_mixin.py:115} INFO - [2022-12-24 13:50:28,482] {dagbag.py:508} INFO - Filling up the DagBag from /home/airflow/.local/lib/python3.7/site-packages/airflow/example_dags/example_latest_only.py
[2022-12-24 13:50:28,489] {processor.py:651} INFO - DAG(s) dict_keys(['latest_only']) retrieved from /home/airflow/.local/lib/python3.7/site-packages/airflow/example_dags/example_latest_only.py
[2022-12-24 13:50:28,728] {logging_mixin.py:115} INFO - [2022-12-24 13:50:28,728] {dag.py:2420} INFO - Sync 1 DAGs
[2022-12-24 13:50:28,763] {logging_mixin.py:115} INFO - [2022-12-24 13:50:28,763] {dag.py:2972} INFO - Setting next_dagrun for latest_only to 2022-12-24T09:50:28.763014+00:00, run_after=2022-12-24T13:50:28.763014+00:00
[2022-12-24 13:50:28,786] {processor.py:161} INFO - Processing /home/airflow/.local/lib/python3.7/site-packages/airflow/example_dags/example_latest_only.py took 0.310 seconds
[2022-12-24 13:50:59,414] {processor.py:153} INFO - Started process (PID=1414) to work on /home/airflow/.local/lib/python3.7/site-packages/airflow/example_dags/example_latest_only.py
[2022-12-24 13:50:59,415] {processor.py:641} INFO - Processing file /home/airflow/.local/lib/python3.7/site-packages/airflow/example_dags/example_latest_only.py for tasks to queue
[2022-12-24 13:50:59,416] {logging_mixin.py:115} INFO - [2022-12-24 13:50:59,416] {dagbag.py:508} INFO - Filling up the DagBag from /home/airflow/.local/lib/python3.7/site-packages/airflow/example_dags/example_latest_only.py
[2022-12-24 13:50:59,427] {processor.py:651} INFO - DAG(s) dict_keys(['latest_only']) retrieved from /home/airflow/.local/lib/python3.7/site-packages/airflow/example_dags/example_latest_only.py
[2022-12-24 13:50:59,702] {logging_mixin.py:115} INFO - [2022-12-24 13:50:59,702] {dag.py:2420} INFO - Sync 1 DAGs
[2022-12-24 13:50:59,742] {logging_mixin.py:115} INFO - [2022-12-24 13:50:59,742] {dag.py:2972} INFO - Setting next_dagrun for latest_only to 2022-12-24T09:50:59.742309+00:00, run_after=2022-12-24T13:50:59.742309+00:00
[2022-12-24 13:50:59,770] {processor.py:161} INFO - Processing /home/airflow/.local/lib/python3.7/site-packages/airflow/example_dags/example_latest_only.py took 0.361 seconds
[2022-12-24 13:51:30,386] {processor.py:153} INFO - Started process (PID=1478) to work on /home/airflow/.local/lib/python3.7/site-packages/airflow/example_dags/example_latest_only.py
[2022-12-24 13:51:30,387] {processor.py:641} INFO - Processing file /home/airflow/.local/lib/python3.7/site-packages/airflow/example_dags/example_latest_only.py for tasks to queue
[2022-12-24 13:51:30,389] {logging_mixin.py:115} INFO - [2022-12-24 13:51:30,388] {dagbag.py:508} INFO - Filling up the DagBag from /home/airflow/.local/lib/python3.7/site-packages/airflow/example_dags/example_latest_only.py
[2022-12-24 13:51:30,402] {processor.py:651} INFO - DAG(s) dict_keys(['latest_only']) retrieved from /home/airflow/.local/lib/python3.7/site-packages/airflow/example_dags/example_latest_only.py
[2022-12-24 13:51:30,776] {logging_mixin.py:115} INFO - [2022-12-24 13:51:30,775] {dag.py:2420} INFO - Sync 1 DAGs
[2022-12-24 13:51:30,827] {logging_mixin.py:115} INFO - [2022-12-24 13:51:30,827] {dag.py:2972} INFO - Setting next_dagrun for latest_only to 2022-12-24T09:51:30.826630+00:00, run_after=2022-12-24T13:51:30.826630+00:00
[2022-12-24 13:51:30,870] {processor.py:161} INFO - Processing /home/airflow/.local/lib/python3.7/site-packages/airflow/example_dags/example_latest_only.py took 0.491 seconds
[2022-12-24 13:52:01,230] {processor.py:153} INFO - Started process (PID=1532) to work on /home/airflow/.local/lib/python3.7/site-packages/airflow/example_dags/example_latest_only.py
[2022-12-24 13:52:01,231] {processor.py:641} INFO - Processing file /home/airflow/.local/lib/python3.7/site-packages/airflow/example_dags/example_latest_only.py for tasks to queue
[2022-12-24 13:52:01,233] {logging_mixin.py:115} INFO - [2022-12-24 13:52:01,232] {dagbag.py:508} INFO - Filling up the DagBag from /home/airflow/.local/lib/python3.7/site-packages/airflow/example_dags/example_latest_only.py
[2022-12-24 13:52:01,243] {processor.py:651} INFO - DAG(s) dict_keys(['latest_only']) retrieved from /home/airflow/.local/lib/python3.7/site-packages/airflow/example_dags/example_latest_only.py
[2022-12-24 13:52:01,439] {logging_mixin.py:115} INFO - [2022-12-24 13:52:01,439] {dag.py:2420} INFO - Sync 1 DAGs
[2022-12-24 13:52:01,475] {logging_mixin.py:115} INFO - [2022-12-24 13:52:01,475] {dag.py:2972} INFO - Setting next_dagrun for latest_only to 2022-12-24T09:52:01.474721+00:00, run_after=2022-12-24T13:52:01.474721+00:00
[2022-12-24 13:52:01,490] {processor.py:161} INFO - Processing /home/airflow/.local/lib/python3.7/site-packages/airflow/example_dags/example_latest_only.py took 0.266 seconds
[2022-12-24 13:52:32,715] {processor.py:153} INFO - Started process (PID=1586) to work on /home/airflow/.local/lib/python3.7/site-packages/airflow/example_dags/example_latest_only.py
[2022-12-24 13:52:32,716] {processor.py:641} INFO - Processing file /home/airflow/.local/lib/python3.7/site-packages/airflow/example_dags/example_latest_only.py for tasks to queue
[2022-12-24 13:52:32,718] {logging_mixin.py:115} INFO - [2022-12-24 13:52:32,717] {dagbag.py:508} INFO - Filling up the DagBag from /home/airflow/.local/lib/python3.7/site-packages/airflow/example_dags/example_latest_only.py
[2022-12-24 13:52:32,730] {processor.py:651} INFO - DAG(s) dict_keys(['latest_only']) retrieved from /home/airflow/.local/lib/python3.7/site-packages/airflow/example_dags/example_latest_only.py
[2022-12-24 13:52:33,016] {logging_mixin.py:115} INFO - [2022-12-24 13:52:33,016] {dag.py:2420} INFO - Sync 1 DAGs
[2022-12-24 13:52:33,057] {logging_mixin.py:115} INFO - [2022-12-24 13:52:33,057] {dag.py:2972} INFO - Setting next_dagrun for latest_only to 2022-12-24T09:52:33.056754+00:00, run_after=2022-12-24T13:52:33.056754+00:00
[2022-12-24 13:52:33,081] {processor.py:161} INFO - Processing /home/airflow/.local/lib/python3.7/site-packages/airflow/example_dags/example_latest_only.py took 0.374 seconds
[2022-12-24 13:53:03,227] {processor.py:153} INFO - Started process (PID=1649) to work on /home/airflow/.local/lib/python3.7/site-packages/airflow/example_dags/example_latest_only.py
[2022-12-24 13:53:03,228] {processor.py:641} INFO - Processing file /home/airflow/.local/lib/python3.7/site-packages/airflow/example_dags/example_latest_only.py for tasks to queue
[2022-12-24 13:53:03,228] {logging_mixin.py:115} INFO - [2022-12-24 13:53:03,228] {dagbag.py:508} INFO - Filling up the DagBag from /home/airflow/.local/lib/python3.7/site-packages/airflow/example_dags/example_latest_only.py
[2022-12-24 13:53:03,237] {processor.py:651} INFO - DAG(s) dict_keys(['latest_only']) retrieved from /home/airflow/.local/lib/python3.7/site-packages/airflow/example_dags/example_latest_only.py
[2022-12-24 13:53:03,556] {logging_mixin.py:115} INFO - [2022-12-24 13:53:03,556] {dag.py:2420} INFO - Sync 1 DAGs
[2022-12-24 13:53:03,602] {logging_mixin.py:115} INFO - [2022-12-24 13:53:03,602] {dag.py:2972} INFO - Setting next_dagrun for latest_only to 2022-12-24T09:53:03.602179+00:00, run_after=2022-12-24T13:53:03.602179+00:00
[2022-12-24 13:53:03,626] {processor.py:161} INFO - Processing /home/airflow/.local/lib/python3.7/site-packages/airflow/example_dags/example_latest_only.py took 0.405 seconds
[2022-12-24 13:53:34,320] {processor.py:153} INFO - Started process (PID=1703) to work on /home/airflow/.local/lib/python3.7/site-packages/airflow/example_dags/example_latest_only.py
[2022-12-24 13:53:34,321] {processor.py:641} INFO - Processing file /home/airflow/.local/lib/python3.7/site-packages/airflow/example_dags/example_latest_only.py for tasks to queue
[2022-12-24 13:53:34,323] {logging_mixin.py:115} INFO - [2022-12-24 13:53:34,323] {dagbag.py:508} INFO - Filling up the DagBag from /home/airflow/.local/lib/python3.7/site-packages/airflow/example_dags/example_latest_only.py
[2022-12-24 13:53:34,336] {processor.py:651} INFO - DAG(s) dict_keys(['latest_only']) retrieved from /home/airflow/.local/lib/python3.7/site-packages/airflow/example_dags/example_latest_only.py
[2022-12-24 13:53:34,639] {logging_mixin.py:115} INFO - [2022-12-24 13:53:34,638] {dag.py:2420} INFO - Sync 1 DAGs
[2022-12-24 13:53:34,698] {logging_mixin.py:115} INFO - [2022-12-24 13:53:34,697] {dag.py:2972} INFO - Setting next_dagrun for latest_only to 2022-12-24T09:53:34.697203+00:00, run_after=2022-12-24T13:53:34.697203+00:00
[2022-12-24 13:53:34,735] {processor.py:161} INFO - Processing /home/airflow/.local/lib/python3.7/site-packages/airflow/example_dags/example_latest_only.py took 0.425 seconds
[2022-12-24 13:54:05,305] {processor.py:153} INFO - Started process (PID=1756) to work on /home/airflow/.local/lib/python3.7/site-packages/airflow/example_dags/example_latest_only.py
[2022-12-24 13:54:05,306] {processor.py:641} INFO - Processing file /home/airflow/.local/lib/python3.7/site-packages/airflow/example_dags/example_latest_only.py for tasks to queue
[2022-12-24 13:54:05,307] {logging_mixin.py:115} INFO - [2022-12-24 13:54:05,307] {dagbag.py:508} INFO - Filling up the DagBag from /home/airflow/.local/lib/python3.7/site-packages/airflow/example_dags/example_latest_only.py
[2022-12-24 13:54:05,313] {processor.py:651} INFO - DAG(s) dict_keys(['latest_only']) retrieved from /home/airflow/.local/lib/python3.7/site-packages/airflow/example_dags/example_latest_only.py
[2022-12-24 13:54:05,589] {logging_mixin.py:115} INFO - [2022-12-24 13:54:05,588] {dag.py:2420} INFO - Sync 1 DAGs
[2022-12-24 13:54:05,639] {logging_mixin.py:115} INFO - [2022-12-24 13:54:05,639] {dag.py:2972} INFO - Setting next_dagrun for latest_only to 2022-12-24T09:54:05.638597+00:00, run_after=2022-12-24T13:54:05.638597+00:00
[2022-12-24 13:54:05,671] {processor.py:161} INFO - Processing /home/airflow/.local/lib/python3.7/site-packages/airflow/example_dags/example_latest_only.py took 0.370 seconds
[2022-12-24 13:54:35,965] {processor.py:153} INFO - Started process (PID=1820) to work on /home/airflow/.local/lib/python3.7/site-packages/airflow/example_dags/example_latest_only.py
[2022-12-24 13:54:35,966] {processor.py:641} INFO - Processing file /home/airflow/.local/lib/python3.7/site-packages/airflow/example_dags/example_latest_only.py for tasks to queue
[2022-12-24 13:54:35,967] {logging_mixin.py:115} INFO - [2022-12-24 13:54:35,967] {dagbag.py:508} INFO - Filling up the DagBag from /home/airflow/.local/lib/python3.7/site-packages/airflow/example_dags/example_latest_only.py
[2022-12-24 13:54:35,982] {processor.py:651} INFO - DAG(s) dict_keys(['latest_only']) retrieved from /home/airflow/.local/lib/python3.7/site-packages/airflow/example_dags/example_latest_only.py
[2022-12-24 13:54:36,267] {logging_mixin.py:115} INFO - [2022-12-24 13:54:36,267] {dag.py:2420} INFO - Sync 1 DAGs
[2022-12-24 13:54:36,309] {logging_mixin.py:115} INFO - [2022-12-24 13:54:36,309] {dag.py:2972} INFO - Setting next_dagrun for latest_only to 2022-12-24T09:54:36.308574+00:00, run_after=2022-12-24T13:54:36.308574+00:00
[2022-12-24 13:54:36,344] {processor.py:161} INFO - Processing /home/airflow/.local/lib/python3.7/site-packages/airflow/example_dags/example_latest_only.py took 0.384 seconds
[2022-12-24 13:55:06,663] {processor.py:153} INFO - Started process (PID=1874) to work on /home/airflow/.local/lib/python3.7/site-packages/airflow/example_dags/example_latest_only.py
[2022-12-24 13:55:06,664] {processor.py:641} INFO - Processing file /home/airflow/.local/lib/python3.7/site-packages/airflow/example_dags/example_latest_only.py for tasks to queue
[2022-12-24 13:55:06,665] {logging_mixin.py:115} INFO - [2022-12-24 13:55:06,665] {dagbag.py:508} INFO - Filling up the DagBag from /home/airflow/.local/lib/python3.7/site-packages/airflow/example_dags/example_latest_only.py
[2022-12-24 13:55:06,687] {processor.py:651} INFO - DAG(s) dict_keys(['latest_only']) retrieved from /home/airflow/.local/lib/python3.7/site-packages/airflow/example_dags/example_latest_only.py
[2022-12-24 13:55:06,971] {logging_mixin.py:115} INFO - [2022-12-24 13:55:06,971] {dag.py:2420} INFO - Sync 1 DAGs
[2022-12-24 13:55:07,022] {logging_mixin.py:115} INFO - [2022-12-24 13:55:07,022] {dag.py:2972} INFO - Setting next_dagrun for latest_only to 2022-12-24T09:55:07.021783+00:00, run_after=2022-12-24T13:55:07.021783+00:00
[2022-12-24 13:55:07,045] {processor.py:161} INFO - Processing /home/airflow/.local/lib/python3.7/site-packages/airflow/example_dags/example_latest_only.py took 0.391 seconds
[2022-12-24 13:55:37,708] {processor.py:153} INFO - Started process (PID=1928) to work on /home/airflow/.local/lib/python3.7/site-packages/airflow/example_dags/example_latest_only.py
[2022-12-24 13:55:37,709] {processor.py:641} INFO - Processing file /home/airflow/.local/lib/python3.7/site-packages/airflow/example_dags/example_latest_only.py for tasks to queue
[2022-12-24 13:55:37,709] {logging_mixin.py:115} INFO - [2022-12-24 13:55:37,709] {dagbag.py:508} INFO - Filling up the DagBag from /home/airflow/.local/lib/python3.7/site-packages/airflow/example_dags/example_latest_only.py
[2022-12-24 13:55:37,721] {processor.py:651} INFO - DAG(s) dict_keys(['latest_only']) retrieved from /home/airflow/.local/lib/python3.7/site-packages/airflow/example_dags/example_latest_only.py
[2022-12-24 13:55:37,955] {logging_mixin.py:115} INFO - [2022-12-24 13:55:37,955] {dag.py:2420} INFO - Sync 1 DAGs
[2022-12-24 13:55:37,999] {logging_mixin.py:115} INFO - [2022-12-24 13:55:37,999] {dag.py:2972} INFO - Setting next_dagrun for latest_only to 2022-12-24T09:55:37.999075+00:00, run_after=2022-12-24T13:55:37.999075+00:00
[2022-12-24 13:55:38,025] {processor.py:161} INFO - Processing /home/airflow/.local/lib/python3.7/site-packages/airflow/example_dags/example_latest_only.py took 0.321 seconds
[2022-12-24 13:56:08,467] {processor.py:153} INFO - Started process (PID=1991) to work on /home/airflow/.local/lib/python3.7/site-packages/airflow/example_dags/example_latest_only.py
[2022-12-24 13:56:08,468] {processor.py:641} INFO - Processing file /home/airflow/.local/lib/python3.7/site-packages/airflow/example_dags/example_latest_only.py for tasks to queue
[2022-12-24 13:56:08,469] {logging_mixin.py:115} INFO - [2022-12-24 13:56:08,468] {dagbag.py:508} INFO - Filling up the DagBag from /home/airflow/.local/lib/python3.7/site-packages/airflow/example_dags/example_latest_only.py
[2022-12-24 13:56:08,479] {processor.py:651} INFO - DAG(s) dict_keys(['latest_only']) retrieved from /home/airflow/.local/lib/python3.7/site-packages/airflow/example_dags/example_latest_only.py
[2022-12-24 13:56:08,711] {logging_mixin.py:115} INFO - [2022-12-24 13:56:08,711] {dag.py:2420} INFO - Sync 1 DAGs
[2022-12-24 13:56:08,747] {logging_mixin.py:115} INFO - [2022-12-24 13:56:08,747] {dag.py:2972} INFO - Setting next_dagrun for latest_only to 2022-12-24T09:56:08.746787+00:00, run_after=2022-12-24T13:56:08.746787+00:00
[2022-12-24 13:56:08,771] {processor.py:161} INFO - Processing /home/airflow/.local/lib/python3.7/site-packages/airflow/example_dags/example_latest_only.py took 0.309 seconds
[2022-12-24 13:56:38,812] {processor.py:153} INFO - Started process (PID=2045) to work on /home/airflow/.local/lib/python3.7/site-packages/airflow/example_dags/example_latest_only.py
[2022-12-24 13:56:38,813] {processor.py:641} INFO - Processing file /home/airflow/.local/lib/python3.7/site-packages/airflow/example_dags/example_latest_only.py for tasks to queue
[2022-12-24 13:56:38,814] {logging_mixin.py:115} INFO - [2022-12-24 13:56:38,814] {dagbag.py:508} INFO - Filling up the DagBag from /home/airflow/.local/lib/python3.7/site-packages/airflow/example_dags/example_latest_only.py
[2022-12-24 13:56:38,831] {processor.py:651} INFO - DAG(s) dict_keys(['latest_only']) retrieved from /home/airflow/.local/lib/python3.7/site-packages/airflow/example_dags/example_latest_only.py
[2022-12-24 13:56:39,096] {logging_mixin.py:115} INFO - [2022-12-24 13:56:39,095] {dag.py:2420} INFO - Sync 1 DAGs
[2022-12-24 13:56:39,135] {logging_mixin.py:115} INFO - [2022-12-24 13:56:39,134] {dag.py:2972} INFO - Setting next_dagrun for latest_only to 2022-12-24T09:56:39.134443+00:00, run_after=2022-12-24T13:56:39.134443+00:00
[2022-12-24 13:56:39,164] {processor.py:161} INFO - Processing /home/airflow/.local/lib/python3.7/site-packages/airflow/example_dags/example_latest_only.py took 0.357 seconds
[2022-12-24 13:57:10,096] {processor.py:153} INFO - Started process (PID=2108) to work on /home/airflow/.local/lib/python3.7/site-packages/airflow/example_dags/example_latest_only.py
[2022-12-24 13:57:10,097] {processor.py:641} INFO - Processing file /home/airflow/.local/lib/python3.7/site-packages/airflow/example_dags/example_latest_only.py for tasks to queue
[2022-12-24 13:57:10,098] {logging_mixin.py:115} INFO - [2022-12-24 13:57:10,097] {dagbag.py:508} INFO - Filling up the DagBag from /home/airflow/.local/lib/python3.7/site-packages/airflow/example_dags/example_latest_only.py
[2022-12-24 13:57:10,111] {processor.py:651} INFO - DAG(s) dict_keys(['latest_only']) retrieved from /home/airflow/.local/lib/python3.7/site-packages/airflow/example_dags/example_latest_only.py
[2022-12-24 13:57:10,394] {logging_mixin.py:115} INFO - [2022-12-24 13:57:10,393] {dag.py:2420} INFO - Sync 1 DAGs
[2022-12-24 13:57:10,430] {logging_mixin.py:115} INFO - [2022-12-24 13:57:10,430] {dag.py:2972} INFO - Setting next_dagrun for latest_only to 2022-12-24T09:57:10.429850+00:00, run_after=2022-12-24T13:57:10.429850+00:00
[2022-12-24 13:57:10,450] {processor.py:161} INFO - Processing /home/airflow/.local/lib/python3.7/site-packages/airflow/example_dags/example_latest_only.py took 0.359 seconds
[2022-12-24 13:57:40,693] {processor.py:153} INFO - Started process (PID=2162) to work on /home/airflow/.local/lib/python3.7/site-packages/airflow/example_dags/example_latest_only.py
[2022-12-24 13:57:40,694] {processor.py:641} INFO - Processing file /home/airflow/.local/lib/python3.7/site-packages/airflow/example_dags/example_latest_only.py for tasks to queue
[2022-12-24 13:57:40,695] {logging_mixin.py:115} INFO - [2022-12-24 13:57:40,695] {dagbag.py:508} INFO - Filling up the DagBag from /home/airflow/.local/lib/python3.7/site-packages/airflow/example_dags/example_latest_only.py
[2022-12-24 13:57:40,710] {processor.py:651} INFO - DAG(s) dict_keys(['latest_only']) retrieved from /home/airflow/.local/lib/python3.7/site-packages/airflow/example_dags/example_latest_only.py
[2022-12-24 13:57:40,941] {logging_mixin.py:115} INFO - [2022-12-24 13:57:40,940] {dag.py:2420} INFO - Sync 1 DAGs
[2022-12-24 13:57:40,978] {logging_mixin.py:115} INFO - [2022-12-24 13:57:40,978] {dag.py:2972} INFO - Setting next_dagrun for latest_only to 2022-12-24T09:57:40.977981+00:00, run_after=2022-12-24T13:57:40.977981+00:00
[2022-12-24 13:57:41,002] {processor.py:161} INFO - Processing /home/airflow/.local/lib/python3.7/site-packages/airflow/example_dags/example_latest_only.py took 0.315 seconds
[2022-12-24 13:58:11,409] {processor.py:153} INFO - Started process (PID=2217) to work on /home/airflow/.local/lib/python3.7/site-packages/airflow/example_dags/example_latest_only.py
[2022-12-24 13:58:11,410] {processor.py:641} INFO - Processing file /home/airflow/.local/lib/python3.7/site-packages/airflow/example_dags/example_latest_only.py for tasks to queue
[2022-12-24 13:58:11,412] {logging_mixin.py:115} INFO - [2022-12-24 13:58:11,412] {dagbag.py:508} INFO - Filling up the DagBag from /home/airflow/.local/lib/python3.7/site-packages/airflow/example_dags/example_latest_only.py
[2022-12-24 13:58:11,444] {processor.py:651} INFO - DAG(s) dict_keys(['latest_only']) retrieved from /home/airflow/.local/lib/python3.7/site-packages/airflow/example_dags/example_latest_only.py
[2022-12-24 13:58:11,808] {logging_mixin.py:115} INFO - [2022-12-24 13:58:11,808] {dag.py:2420} INFO - Sync 1 DAGs
[2022-12-24 13:58:11,859] {logging_mixin.py:115} INFO - [2022-12-24 13:58:11,859] {dag.py:2972} INFO - Setting next_dagrun for latest_only to 2022-12-24T09:58:11.858981+00:00, run_after=2022-12-24T13:58:11.858981+00:00
[2022-12-24 13:58:11,889] {processor.py:161} INFO - Processing /home/airflow/.local/lib/python3.7/site-packages/airflow/example_dags/example_latest_only.py took 0.490 seconds
[2022-12-24 13:58:42,476] {processor.py:153} INFO - Started process (PID=2281) to work on /home/airflow/.local/lib/python3.7/site-packages/airflow/example_dags/example_latest_only.py
[2022-12-24 13:58:42,478] {processor.py:641} INFO - Processing file /home/airflow/.local/lib/python3.7/site-packages/airflow/example_dags/example_latest_only.py for tasks to queue
[2022-12-24 13:58:42,478] {logging_mixin.py:115} INFO - [2022-12-24 13:58:42,478] {dagbag.py:508} INFO - Filling up the DagBag from /home/airflow/.local/lib/python3.7/site-packages/airflow/example_dags/example_latest_only.py
[2022-12-24 13:58:42,493] {processor.py:651} INFO - DAG(s) dict_keys(['latest_only']) retrieved from /home/airflow/.local/lib/python3.7/site-packages/airflow/example_dags/example_latest_only.py
[2022-12-24 13:58:42,748] {logging_mixin.py:115} INFO - [2022-12-24 13:58:42,747] {dag.py:2420} INFO - Sync 1 DAGs
[2022-12-24 13:58:42,791] {logging_mixin.py:115} INFO - [2022-12-24 13:58:42,790] {dag.py:2972} INFO - Setting next_dagrun for latest_only to 2022-12-24T09:58:42.790434+00:00, run_after=2022-12-24T13:58:42.790434+00:00
[2022-12-24 13:58:42,817] {processor.py:161} INFO - Processing /home/airflow/.local/lib/python3.7/site-packages/airflow/example_dags/example_latest_only.py took 0.346 seconds
[2022-12-24 13:59:13,190] {processor.py:153} INFO - Started process (PID=2336) to work on /home/airflow/.local/lib/python3.7/site-packages/airflow/example_dags/example_latest_only.py
[2022-12-24 13:59:13,191] {processor.py:641} INFO - Processing file /home/airflow/.local/lib/python3.7/site-packages/airflow/example_dags/example_latest_only.py for tasks to queue
[2022-12-24 13:59:13,192] {logging_mixin.py:115} INFO - [2022-12-24 13:59:13,192] {dagbag.py:508} INFO - Filling up the DagBag from /home/airflow/.local/lib/python3.7/site-packages/airflow/example_dags/example_latest_only.py
[2022-12-24 13:59:13,200] {processor.py:651} INFO - DAG(s) dict_keys(['latest_only']) retrieved from /home/airflow/.local/lib/python3.7/site-packages/airflow/example_dags/example_latest_only.py
[2022-12-24 13:59:13,482] {logging_mixin.py:115} INFO - [2022-12-24 13:59:13,482] {dag.py:2420} INFO - Sync 1 DAGs
[2022-12-24 13:59:13,526] {logging_mixin.py:115} INFO - [2022-12-24 13:59:13,526] {dag.py:2972} INFO - Setting next_dagrun for latest_only to 2022-12-24T09:59:13.525543+00:00, run_after=2022-12-24T13:59:13.525543+00:00
[2022-12-24 13:59:13,554] {processor.py:161} INFO - Processing /home/airflow/.local/lib/python3.7/site-packages/airflow/example_dags/example_latest_only.py took 0.369 seconds
[2022-12-24 13:59:44,349] {processor.py:153} INFO - Started process (PID=2390) to work on /home/airflow/.local/lib/python3.7/site-packages/airflow/example_dags/example_latest_only.py
[2022-12-24 13:59:44,350] {processor.py:641} INFO - Processing file /home/airflow/.local/lib/python3.7/site-packages/airflow/example_dags/example_latest_only.py for tasks to queue
[2022-12-24 13:59:44,351] {logging_mixin.py:115} INFO - [2022-12-24 13:59:44,351] {dagbag.py:508} INFO - Filling up the DagBag from /home/airflow/.local/lib/python3.7/site-packages/airflow/example_dags/example_latest_only.py
[2022-12-24 13:59:44,362] {processor.py:651} INFO - DAG(s) dict_keys(['latest_only']) retrieved from /home/airflow/.local/lib/python3.7/site-packages/airflow/example_dags/example_latest_only.py
[2022-12-24 13:59:44,665] {logging_mixin.py:115} INFO - [2022-12-24 13:59:44,665] {dag.py:2420} INFO - Sync 1 DAGs
[2022-12-24 13:59:44,702] {logging_mixin.py:115} INFO - [2022-12-24 13:59:44,702] {dag.py:2972} INFO - Setting next_dagrun for latest_only to 2022-12-24T09:59:44.702059+00:00, run_after=2022-12-24T13:59:44.702059+00:00
[2022-12-24 13:59:44,730] {processor.py:161} INFO - Processing /home/airflow/.local/lib/python3.7/site-packages/airflow/example_dags/example_latest_only.py took 0.389 seconds
[2022-12-24 14:00:15,555] {processor.py:153} INFO - Started process (PID=2452) to work on /home/airflow/.local/lib/python3.7/site-packages/airflow/example_dags/example_latest_only.py
[2022-12-24 14:00:15,557] {processor.py:641} INFO - Processing file /home/airflow/.local/lib/python3.7/site-packages/airflow/example_dags/example_latest_only.py for tasks to queue
[2022-12-24 14:00:15,560] {logging_mixin.py:115} INFO - [2022-12-24 14:00:15,559] {dagbag.py:508} INFO - Filling up the DagBag from /home/airflow/.local/lib/python3.7/site-packages/airflow/example_dags/example_latest_only.py
[2022-12-24 14:00:15,578] {processor.py:651} INFO - DAG(s) dict_keys(['latest_only']) retrieved from /home/airflow/.local/lib/python3.7/site-packages/airflow/example_dags/example_latest_only.py
[2022-12-24 14:00:16,265] {logging_mixin.py:115} INFO - [2022-12-24 14:00:16,264] {dag.py:2420} INFO - Sync 1 DAGs
[2022-12-24 14:00:16,331] {logging_mixin.py:115} INFO - [2022-12-24 14:00:16,331] {dag.py:2972} INFO - Setting next_dagrun for latest_only to 2022-12-24T10:00:16.330687+00:00, run_after=2022-12-24T14:00:16.330687+00:00
[2022-12-24 14:00:16,396] {processor.py:161} INFO - Processing /home/airflow/.local/lib/python3.7/site-packages/airflow/example_dags/example_latest_only.py took 0.853 seconds
[2022-12-24 14:00:46,778] {processor.py:153} INFO - Started process (PID=2507) to work on /home/airflow/.local/lib/python3.7/site-packages/airflow/example_dags/example_latest_only.py
[2022-12-24 14:00:46,779] {processor.py:641} INFO - Processing file /home/airflow/.local/lib/python3.7/site-packages/airflow/example_dags/example_latest_only.py for tasks to queue
[2022-12-24 14:00:46,780] {logging_mixin.py:115} INFO - [2022-12-24 14:00:46,780] {dagbag.py:508} INFO - Filling up the DagBag from /home/airflow/.local/lib/python3.7/site-packages/airflow/example_dags/example_latest_only.py
[2022-12-24 14:00:46,788] {processor.py:651} INFO - DAG(s) dict_keys(['latest_only']) retrieved from /home/airflow/.local/lib/python3.7/site-packages/airflow/example_dags/example_latest_only.py
[2022-12-24 14:00:47,064] {logging_mixin.py:115} INFO - [2022-12-24 14:00:47,064] {dag.py:2420} INFO - Sync 1 DAGs
[2022-12-24 14:00:47,102] {logging_mixin.py:115} INFO - [2022-12-24 14:00:47,102] {dag.py:2972} INFO - Setting next_dagrun for latest_only to 2022-12-24T10:00:47.102407+00:00, run_after=2022-12-24T14:00:47.102407+00:00
[2022-12-24 14:00:47,128] {processor.py:161} INFO - Processing /home/airflow/.local/lib/python3.7/site-packages/airflow/example_dags/example_latest_only.py took 0.356 seconds
[2022-12-24 14:01:17,190] {processor.py:153} INFO - Started process (PID=2561) to work on /home/airflow/.local/lib/python3.7/site-packages/airflow/example_dags/example_latest_only.py
[2022-12-24 14:01:17,191] {processor.py:641} INFO - Processing file /home/airflow/.local/lib/python3.7/site-packages/airflow/example_dags/example_latest_only.py for tasks to queue
[2022-12-24 14:01:17,192] {logging_mixin.py:115} INFO - [2022-12-24 14:01:17,192] {dagbag.py:508} INFO - Filling up the DagBag from /home/airflow/.local/lib/python3.7/site-packages/airflow/example_dags/example_latest_only.py
[2022-12-24 14:01:17,199] {processor.py:651} INFO - DAG(s) dict_keys(['latest_only']) retrieved from /home/airflow/.local/lib/python3.7/site-packages/airflow/example_dags/example_latest_only.py
[2022-12-24 14:01:17,459] {logging_mixin.py:115} INFO - [2022-12-24 14:01:17,459] {dag.py:2420} INFO - Sync 1 DAGs
[2022-12-24 14:01:17,498] {logging_mixin.py:115} INFO - [2022-12-24 14:01:17,498] {dag.py:2972} INFO - Setting next_dagrun for latest_only to 2022-12-24T10:01:17.498061+00:00, run_after=2022-12-24T14:01:17.498061+00:00
[2022-12-24 14:01:17,521] {processor.py:161} INFO - Processing /home/airflow/.local/lib/python3.7/site-packages/airflow/example_dags/example_latest_only.py took 0.335 seconds
[2022-12-24 14:01:47,703] {processor.py:153} INFO - Started process (PID=2624) to work on /home/airflow/.local/lib/python3.7/site-packages/airflow/example_dags/example_latest_only.py
[2022-12-24 14:01:47,704] {processor.py:641} INFO - Processing file /home/airflow/.local/lib/python3.7/site-packages/airflow/example_dags/example_latest_only.py for tasks to queue
[2022-12-24 14:01:47,705] {logging_mixin.py:115} INFO - [2022-12-24 14:01:47,705] {dagbag.py:508} INFO - Filling up the DagBag from /home/airflow/.local/lib/python3.7/site-packages/airflow/example_dags/example_latest_only.py
[2022-12-24 14:01:47,712] {processor.py:651} INFO - DAG(s) dict_keys(['latest_only']) retrieved from /home/airflow/.local/lib/python3.7/site-packages/airflow/example_dags/example_latest_only.py
[2022-12-24 14:01:48,003] {logging_mixin.py:115} INFO - [2022-12-24 14:01:48,003] {dag.py:2420} INFO - Sync 1 DAGs
[2022-12-24 14:01:48,045] {logging_mixin.py:115} INFO - [2022-12-24 14:01:48,045] {dag.py:2972} INFO - Setting next_dagrun for latest_only to 2022-12-24T10:01:48.044984+00:00, run_after=2022-12-24T14:01:48.044984+00:00
[2022-12-24 14:01:48,072] {processor.py:161} INFO - Processing /home/airflow/.local/lib/python3.7/site-packages/airflow/example_dags/example_latest_only.py took 0.373 seconds
