[2022-12-24 10:38:55,557] {processor.py:153} INFO - Started process (PID=55) to work on /home/airflow/.local/lib/python3.7/site-packages/airflow/example_dags/example_task_group_decorator.py
[2022-12-24 10:38:55,558] {processor.py:641} INFO - Processing file /home/airflow/.local/lib/python3.7/site-packages/airflow/example_dags/example_task_group_decorator.py for tasks to queue
[2022-12-24 10:38:55,558] {logging_mixin.py:115} INFO - [2022-12-24 10:38:55,558] {dagbag.py:508} INFO - Filling up the DagBag from /home/airflow/.local/lib/python3.7/site-packages/airflow/example_dags/example_task_group_decorator.py
[2022-12-24 10:38:55,612] {processor.py:651} INFO - DAG(s) dict_keys(['example_task_group_decorator']) retrieved from /home/airflow/.local/lib/python3.7/site-packages/airflow/example_dags/example_task_group_decorator.py
[2022-12-24 10:38:55,910] {logging_mixin.py:115} INFO - [2022-12-24 10:38:55,909] {dag.py:2420} INFO - Sync 1 DAGs
[2022-12-24 10:38:55,959] {logging_mixin.py:115} INFO - [2022-12-24 10:38:55,959] {dag.py:2972} INFO - Setting next_dagrun for example_task_group_decorator to 2022-12-23T10:38:55.959187+00:00, run_after=2022-12-24T10:38:55.959187+00:00
[2022-12-24 10:38:55,993] {processor.py:161} INFO - Processing /home/airflow/.local/lib/python3.7/site-packages/airflow/example_dags/example_task_group_decorator.py took 0.440 seconds
[2022-12-24 13:39:07,802] {processor.py:153} INFO - Started process (PID=100) to work on /home/airflow/.local/lib/python3.7/site-packages/airflow/example_dags/example_task_group_decorator.py
[2022-12-24 13:39:07,811] {processor.py:641} INFO - Processing file /home/airflow/.local/lib/python3.7/site-packages/airflow/example_dags/example_task_group_decorator.py for tasks to queue
[2022-12-24 13:39:07,811] {logging_mixin.py:115} INFO - [2022-12-24 13:39:07,811] {dagbag.py:508} INFO - Filling up the DagBag from /home/airflow/.local/lib/python3.7/site-packages/airflow/example_dags/example_task_group_decorator.py
[2022-12-24 13:39:07,896] {processor.py:651} INFO - DAG(s) dict_keys(['example_task_group_decorator']) retrieved from /home/airflow/.local/lib/python3.7/site-packages/airflow/example_dags/example_task_group_decorator.py
[2022-12-24 13:39:08,239] {logging_mixin.py:115} INFO - [2022-12-24 13:39:08,239] {dag.py:2420} INFO - Sync 1 DAGs
[2022-12-24 13:39:08,277] {logging_mixin.py:115} INFO - [2022-12-24 13:39:08,277] {dag.py:2972} INFO - Setting next_dagrun for example_task_group_decorator to 2022-12-23T13:39:08.277232+00:00, run_after=2022-12-24T13:39:08.277232+00:00
[2022-12-24 13:39:08,307] {processor.py:161} INFO - Processing /home/airflow/.local/lib/python3.7/site-packages/airflow/example_dags/example_task_group_decorator.py took 0.509 seconds
[2022-12-24 13:39:38,830] {processor.py:153} INFO - Started process (PID=153) to work on /home/airflow/.local/lib/python3.7/site-packages/airflow/example_dags/example_task_group_decorator.py
[2022-12-24 13:39:38,831] {processor.py:641} INFO - Processing file /home/airflow/.local/lib/python3.7/site-packages/airflow/example_dags/example_task_group_decorator.py for tasks to queue
[2022-12-24 13:39:38,833] {logging_mixin.py:115} INFO - [2022-12-24 13:39:38,832] {dagbag.py:508} INFO - Filling up the DagBag from /home/airflow/.local/lib/python3.7/site-packages/airflow/example_dags/example_task_group_decorator.py
[2022-12-24 13:39:38,903] {processor.py:651} INFO - DAG(s) dict_keys(['example_task_group_decorator']) retrieved from /home/airflow/.local/lib/python3.7/site-packages/airflow/example_dags/example_task_group_decorator.py
[2022-12-24 13:39:39,338] {logging_mixin.py:115} INFO - [2022-12-24 13:39:39,338] {dag.py:2420} INFO - Sync 1 DAGs
[2022-12-24 13:39:39,386] {logging_mixin.py:115} INFO - [2022-12-24 13:39:39,386] {dag.py:2972} INFO - Setting next_dagrun for example_task_group_decorator to 2022-12-23T13:39:39.385703+00:00, run_after=2022-12-24T13:39:39.385703+00:00
[2022-12-24 13:39:39,421] {processor.py:161} INFO - Processing /home/airflow/.local/lib/python3.7/site-packages/airflow/example_dags/example_task_group_decorator.py took 0.599 seconds
[2022-12-24 13:40:09,894] {processor.py:153} INFO - Started process (PID=207) to work on /home/airflow/.local/lib/python3.7/site-packages/airflow/example_dags/example_task_group_decorator.py
[2022-12-24 13:40:09,900] {processor.py:641} INFO - Processing file /home/airflow/.local/lib/python3.7/site-packages/airflow/example_dags/example_task_group_decorator.py for tasks to queue
[2022-12-24 13:40:09,901] {logging_mixin.py:115} INFO - [2022-12-24 13:40:09,901] {dagbag.py:508} INFO - Filling up the DagBag from /home/airflow/.local/lib/python3.7/site-packages/airflow/example_dags/example_task_group_decorator.py
[2022-12-24 13:40:09,995] {processor.py:651} INFO - DAG(s) dict_keys(['example_task_group_decorator']) retrieved from /home/airflow/.local/lib/python3.7/site-packages/airflow/example_dags/example_task_group_decorator.py
[2022-12-24 13:40:10,431] {logging_mixin.py:115} INFO - [2022-12-24 13:40:10,430] {dag.py:2420} INFO - Sync 1 DAGs
[2022-12-24 13:40:10,520] {logging_mixin.py:115} INFO - [2022-12-24 13:40:10,520] {dag.py:2972} INFO - Setting next_dagrun for example_task_group_decorator to 2022-12-23T13:40:10.520016+00:00, run_after=2022-12-24T13:40:10.520016+00:00
[2022-12-24 13:40:10,577] {processor.py:161} INFO - Processing /home/airflow/.local/lib/python3.7/site-packages/airflow/example_dags/example_task_group_decorator.py took 0.690 seconds
[2022-12-24 13:40:41,162] {processor.py:153} INFO - Started process (PID=269) to work on /home/airflow/.local/lib/python3.7/site-packages/airflow/example_dags/example_task_group_decorator.py
[2022-12-24 13:40:41,164] {processor.py:641} INFO - Processing file /home/airflow/.local/lib/python3.7/site-packages/airflow/example_dags/example_task_group_decorator.py for tasks to queue
[2022-12-24 13:40:41,165] {logging_mixin.py:115} INFO - [2022-12-24 13:40:41,165] {dagbag.py:508} INFO - Filling up the DagBag from /home/airflow/.local/lib/python3.7/site-packages/airflow/example_dags/example_task_group_decorator.py
[2022-12-24 13:40:41,280] {processor.py:651} INFO - DAG(s) dict_keys(['example_task_group_decorator']) retrieved from /home/airflow/.local/lib/python3.7/site-packages/airflow/example_dags/example_task_group_decorator.py
[2022-12-24 13:40:41,927] {logging_mixin.py:115} INFO - [2022-12-24 13:40:41,927] {dag.py:2420} INFO - Sync 1 DAGs
[2022-12-24 13:40:42,003] {logging_mixin.py:115} INFO - [2022-12-24 13:40:42,002] {dag.py:2972} INFO - Setting next_dagrun for example_task_group_decorator to 2022-12-23T13:40:42.002254+00:00, run_after=2022-12-24T13:40:42.002254+00:00
[2022-12-24 13:40:42,050] {processor.py:161} INFO - Processing /home/airflow/.local/lib/python3.7/site-packages/airflow/example_dags/example_task_group_decorator.py took 0.897 seconds
[2022-12-24 13:41:12,285] {processor.py:153} INFO - Started process (PID=324) to work on /home/airflow/.local/lib/python3.7/site-packages/airflow/example_dags/example_task_group_decorator.py
[2022-12-24 13:41:12,285] {processor.py:641} INFO - Processing file /home/airflow/.local/lib/python3.7/site-packages/airflow/example_dags/example_task_group_decorator.py for tasks to queue
[2022-12-24 13:41:12,286] {logging_mixin.py:115} INFO - [2022-12-24 13:41:12,286] {dagbag.py:508} INFO - Filling up the DagBag from /home/airflow/.local/lib/python3.7/site-packages/airflow/example_dags/example_task_group_decorator.py
[2022-12-24 13:41:12,334] {processor.py:651} INFO - DAG(s) dict_keys(['example_task_group_decorator']) retrieved from /home/airflow/.local/lib/python3.7/site-packages/airflow/example_dags/example_task_group_decorator.py
[2022-12-24 13:41:12,559] {logging_mixin.py:115} INFO - [2022-12-24 13:41:12,559] {dag.py:2420} INFO - Sync 1 DAGs
[2022-12-24 13:41:12,589] {logging_mixin.py:115} INFO - [2022-12-24 13:41:12,589] {dag.py:2972} INFO - Setting next_dagrun for example_task_group_decorator to 2022-12-23T13:41:12.589544+00:00, run_after=2022-12-24T13:41:12.589544+00:00
[2022-12-24 13:41:12,613] {processor.py:161} INFO - Processing /home/airflow/.local/lib/python3.7/site-packages/airflow/example_dags/example_task_group_decorator.py took 0.333 seconds
[2022-12-24 13:41:43,046] {processor.py:153} INFO - Started process (PID=377) to work on /home/airflow/.local/lib/python3.7/site-packages/airflow/example_dags/example_task_group_decorator.py
[2022-12-24 13:41:43,047] {processor.py:641} INFO - Processing file /home/airflow/.local/lib/python3.7/site-packages/airflow/example_dags/example_task_group_decorator.py for tasks to queue
[2022-12-24 13:41:43,048] {logging_mixin.py:115} INFO - [2022-12-24 13:41:43,048] {dagbag.py:508} INFO - Filling up the DagBag from /home/airflow/.local/lib/python3.7/site-packages/airflow/example_dags/example_task_group_decorator.py
[2022-12-24 13:41:43,092] {processor.py:651} INFO - DAG(s) dict_keys(['example_task_group_decorator']) retrieved from /home/airflow/.local/lib/python3.7/site-packages/airflow/example_dags/example_task_group_decorator.py
[2022-12-24 13:41:43,339] {logging_mixin.py:115} INFO - [2022-12-24 13:41:43,339] {dag.py:2420} INFO - Sync 1 DAGs
[2022-12-24 13:41:43,383] {logging_mixin.py:115} INFO - [2022-12-24 13:41:43,383] {dag.py:2972} INFO - Setting next_dagrun for example_task_group_decorator to 2022-12-23T13:41:43.383327+00:00, run_after=2022-12-24T13:41:43.383327+00:00
[2022-12-24 13:41:43,409] {processor.py:161} INFO - Processing /home/airflow/.local/lib/python3.7/site-packages/airflow/example_dags/example_task_group_decorator.py took 0.367 seconds
[2022-12-24 13:42:13,888] {processor.py:153} INFO - Started process (PID=431) to work on /home/airflow/.local/lib/python3.7/site-packages/airflow/example_dags/example_task_group_decorator.py
[2022-12-24 13:42:13,889] {processor.py:641} INFO - Processing file /home/airflow/.local/lib/python3.7/site-packages/airflow/example_dags/example_task_group_decorator.py for tasks to queue
[2022-12-24 13:42:13,891] {logging_mixin.py:115} INFO - [2022-12-24 13:42:13,890] {dagbag.py:508} INFO - Filling up the DagBag from /home/airflow/.local/lib/python3.7/site-packages/airflow/example_dags/example_task_group_decorator.py
[2022-12-24 13:42:13,972] {processor.py:651} INFO - DAG(s) dict_keys(['example_task_group_decorator']) retrieved from /home/airflow/.local/lib/python3.7/site-packages/airflow/example_dags/example_task_group_decorator.py
[2022-12-24 13:42:14,353] {logging_mixin.py:115} INFO - [2022-12-24 13:42:14,353] {dag.py:2420} INFO - Sync 1 DAGs
[2022-12-24 13:42:14,394] {logging_mixin.py:115} INFO - [2022-12-24 13:42:14,394] {dag.py:2972} INFO - Setting next_dagrun for example_task_group_decorator to 2022-12-23T13:42:14.393469+00:00, run_after=2022-12-24T13:42:14.393469+00:00
[2022-12-24 13:42:14,433] {processor.py:161} INFO - Processing /home/airflow/.local/lib/python3.7/site-packages/airflow/example_dags/example_task_group_decorator.py took 0.551 seconds
[2022-12-24 13:42:44,494] {processor.py:153} INFO - Started process (PID=494) to work on /home/airflow/.local/lib/python3.7/site-packages/airflow/example_dags/example_task_group_decorator.py
[2022-12-24 13:42:44,496] {processor.py:641} INFO - Processing file /home/airflow/.local/lib/python3.7/site-packages/airflow/example_dags/example_task_group_decorator.py for tasks to queue
[2022-12-24 13:42:44,496] {logging_mixin.py:115} INFO - [2022-12-24 13:42:44,496] {dagbag.py:508} INFO - Filling up the DagBag from /home/airflow/.local/lib/python3.7/site-packages/airflow/example_dags/example_task_group_decorator.py
[2022-12-24 13:42:44,551] {processor.py:651} INFO - DAG(s) dict_keys(['example_task_group_decorator']) retrieved from /home/airflow/.local/lib/python3.7/site-packages/airflow/example_dags/example_task_group_decorator.py
[2022-12-24 13:42:44,806] {logging_mixin.py:115} INFO - [2022-12-24 13:42:44,806] {dag.py:2420} INFO - Sync 1 DAGs
[2022-12-24 13:42:44,850] {logging_mixin.py:115} INFO - [2022-12-24 13:42:44,849] {dag.py:2972} INFO - Setting next_dagrun for example_task_group_decorator to 2022-12-23T13:42:44.848868+00:00, run_after=2022-12-24T13:42:44.848868+00:00
[2022-12-24 13:42:44,878] {processor.py:161} INFO - Processing /home/airflow/.local/lib/python3.7/site-packages/airflow/example_dags/example_task_group_decorator.py took 0.389 seconds
[2022-12-24 13:43:15,249] {processor.py:153} INFO - Started process (PID=548) to work on /home/airflow/.local/lib/python3.7/site-packages/airflow/example_dags/example_task_group_decorator.py
[2022-12-24 13:43:15,251] {processor.py:641} INFO - Processing file /home/airflow/.local/lib/python3.7/site-packages/airflow/example_dags/example_task_group_decorator.py for tasks to queue
[2022-12-24 13:43:15,252] {logging_mixin.py:115} INFO - [2022-12-24 13:43:15,252] {dagbag.py:508} INFO - Filling up the DagBag from /home/airflow/.local/lib/python3.7/site-packages/airflow/example_dags/example_task_group_decorator.py
[2022-12-24 13:43:15,330] {processor.py:651} INFO - DAG(s) dict_keys(['example_task_group_decorator']) retrieved from /home/airflow/.local/lib/python3.7/site-packages/airflow/example_dags/example_task_group_decorator.py
[2022-12-24 13:43:15,714] {logging_mixin.py:115} INFO - [2022-12-24 13:43:15,714] {dag.py:2420} INFO - Sync 1 DAGs
[2022-12-24 13:43:15,754] {logging_mixin.py:115} INFO - [2022-12-24 13:43:15,754] {dag.py:2972} INFO - Setting next_dagrun for example_task_group_decorator to 2022-12-23T13:43:15.754179+00:00, run_after=2022-12-24T13:43:15.754179+00:00
[2022-12-24 13:43:15,787] {processor.py:161} INFO - Processing /home/airflow/.local/lib/python3.7/site-packages/airflow/example_dags/example_task_group_decorator.py took 0.546 seconds
[2022-12-24 13:43:46,539] {processor.py:153} INFO - Started process (PID=610) to work on /home/airflow/.local/lib/python3.7/site-packages/airflow/example_dags/example_task_group_decorator.py
[2022-12-24 13:43:46,540] {processor.py:641} INFO - Processing file /home/airflow/.local/lib/python3.7/site-packages/airflow/example_dags/example_task_group_decorator.py for tasks to queue
[2022-12-24 13:43:46,541] {logging_mixin.py:115} INFO - [2022-12-24 13:43:46,541] {dagbag.py:508} INFO - Filling up the DagBag from /home/airflow/.local/lib/python3.7/site-packages/airflow/example_dags/example_task_group_decorator.py
[2022-12-24 13:43:46,610] {processor.py:651} INFO - DAG(s) dict_keys(['example_task_group_decorator']) retrieved from /home/airflow/.local/lib/python3.7/site-packages/airflow/example_dags/example_task_group_decorator.py
[2022-12-24 13:43:47,020] {logging_mixin.py:115} INFO - [2022-12-24 13:43:47,020] {dag.py:2420} INFO - Sync 1 DAGs
[2022-12-24 13:43:47,060] {logging_mixin.py:115} INFO - [2022-12-24 13:43:47,059] {dag.py:2972} INFO - Setting next_dagrun for example_task_group_decorator to 2022-12-23T13:43:47.059599+00:00, run_after=2022-12-24T13:43:47.059599+00:00
[2022-12-24 13:43:47,097] {processor.py:161} INFO - Processing /home/airflow/.local/lib/python3.7/site-packages/airflow/example_dags/example_task_group_decorator.py took 0.564 seconds
[2022-12-24 13:44:17,255] {processor.py:153} INFO - Started process (PID=664) to work on /home/airflow/.local/lib/python3.7/site-packages/airflow/example_dags/example_task_group_decorator.py
[2022-12-24 13:44:17,256] {processor.py:641} INFO - Processing file /home/airflow/.local/lib/python3.7/site-packages/airflow/example_dags/example_task_group_decorator.py for tasks to queue
[2022-12-24 13:44:17,257] {logging_mixin.py:115} INFO - [2022-12-24 13:44:17,257] {dagbag.py:508} INFO - Filling up the DagBag from /home/airflow/.local/lib/python3.7/site-packages/airflow/example_dags/example_task_group_decorator.py
[2022-12-24 13:44:17,524] {processor.py:651} INFO - DAG(s) dict_keys(['example_task_group_decorator']) retrieved from /home/airflow/.local/lib/python3.7/site-packages/airflow/example_dags/example_task_group_decorator.py
[2022-12-24 13:44:17,646] {logging_mixin.py:115} INFO - [2022-12-24 13:44:17,646] {dag.py:2420} INFO - Sync 1 DAGs
[2022-12-24 13:44:17,681] {logging_mixin.py:115} INFO - [2022-12-24 13:44:17,680] {dag.py:2972} INFO - Setting next_dagrun for example_task_group_decorator to 2022-12-23T13:44:17.680565+00:00, run_after=2022-12-24T13:44:17.680565+00:00
[2022-12-24 13:44:17,714] {processor.py:161} INFO - Processing /home/airflow/.local/lib/python3.7/site-packages/airflow/example_dags/example_task_group_decorator.py took 0.463 seconds
[2022-12-24 13:44:48,017] {processor.py:153} INFO - Started process (PID=718) to work on /home/airflow/.local/lib/python3.7/site-packages/airflow/example_dags/example_task_group_decorator.py
[2022-12-24 13:44:48,018] {processor.py:641} INFO - Processing file /home/airflow/.local/lib/python3.7/site-packages/airflow/example_dags/example_task_group_decorator.py for tasks to queue
[2022-12-24 13:44:48,018] {logging_mixin.py:115} INFO - [2022-12-24 13:44:48,018] {dagbag.py:508} INFO - Filling up the DagBag from /home/airflow/.local/lib/python3.7/site-packages/airflow/example_dags/example_task_group_decorator.py
[2022-12-24 13:44:48,285] {processor.py:651} INFO - DAG(s) dict_keys(['example_task_group_decorator']) retrieved from /home/airflow/.local/lib/python3.7/site-packages/airflow/example_dags/example_task_group_decorator.py
[2022-12-24 13:44:48,328] {logging_mixin.py:115} INFO - [2022-12-24 13:44:48,327] {dag.py:2420} INFO - Sync 1 DAGs
[2022-12-24 13:44:48,364] {logging_mixin.py:115} INFO - [2022-12-24 13:44:48,364] {dag.py:2972} INFO - Setting next_dagrun for example_task_group_decorator to 2022-12-23T13:44:48.364203+00:00, run_after=2022-12-24T13:44:48.364203+00:00
[2022-12-24 13:44:48,386] {processor.py:161} INFO - Processing /home/airflow/.local/lib/python3.7/site-packages/airflow/example_dags/example_task_group_decorator.py took 0.373 seconds
[2022-12-24 13:45:19,008] {processor.py:153} INFO - Started process (PID=781) to work on /home/airflow/.local/lib/python3.7/site-packages/airflow/example_dags/example_task_group_decorator.py
[2022-12-24 13:45:19,009] {processor.py:641} INFO - Processing file /home/airflow/.local/lib/python3.7/site-packages/airflow/example_dags/example_task_group_decorator.py for tasks to queue
[2022-12-24 13:45:19,010] {logging_mixin.py:115} INFO - [2022-12-24 13:45:19,010] {dagbag.py:508} INFO - Filling up the DagBag from /home/airflow/.local/lib/python3.7/site-packages/airflow/example_dags/example_task_group_decorator.py
[2022-12-24 13:45:19,286] {processor.py:651} INFO - DAG(s) dict_keys(['example_task_group_decorator']) retrieved from /home/airflow/.local/lib/python3.7/site-packages/airflow/example_dags/example_task_group_decorator.py
[2022-12-24 13:45:19,329] {logging_mixin.py:115} INFO - [2022-12-24 13:45:19,329] {dag.py:2420} INFO - Sync 1 DAGs
[2022-12-24 13:45:19,366] {logging_mixin.py:115} INFO - [2022-12-24 13:45:19,366] {dag.py:2972} INFO - Setting next_dagrun for example_task_group_decorator to 2022-12-23T13:45:19.366137+00:00, run_after=2022-12-24T13:45:19.366137+00:00
[2022-12-24 13:45:19,389] {processor.py:161} INFO - Processing /home/airflow/.local/lib/python3.7/site-packages/airflow/example_dags/example_task_group_decorator.py took 0.386 seconds
[2022-12-24 13:45:50,211] {processor.py:153} INFO - Started process (PID=835) to work on /home/airflow/.local/lib/python3.7/site-packages/airflow/example_dags/example_task_group_decorator.py
[2022-12-24 13:45:50,213] {processor.py:641} INFO - Processing file /home/airflow/.local/lib/python3.7/site-packages/airflow/example_dags/example_task_group_decorator.py for tasks to queue
[2022-12-24 13:45:50,214] {logging_mixin.py:115} INFO - [2022-12-24 13:45:50,214] {dagbag.py:508} INFO - Filling up the DagBag from /home/airflow/.local/lib/python3.7/site-packages/airflow/example_dags/example_task_group_decorator.py
[2022-12-24 13:45:50,498] {processor.py:651} INFO - DAG(s) dict_keys(['example_task_group_decorator']) retrieved from /home/airflow/.local/lib/python3.7/site-packages/airflow/example_dags/example_task_group_decorator.py
[2022-12-24 13:45:50,622] {logging_mixin.py:115} INFO - [2022-12-24 13:45:50,621] {dag.py:2420} INFO - Sync 1 DAGs
[2022-12-24 13:45:50,672] {logging_mixin.py:115} INFO - [2022-12-24 13:45:50,672] {dag.py:2972} INFO - Setting next_dagrun for example_task_group_decorator to 2022-12-23T13:45:50.671491+00:00, run_after=2022-12-24T13:45:50.671491+00:00
[2022-12-24 13:45:50,703] {processor.py:161} INFO - Processing /home/airflow/.local/lib/python3.7/site-packages/airflow/example_dags/example_task_group_decorator.py took 0.499 seconds
[2022-12-24 13:46:21,116] {processor.py:153} INFO - Started process (PID=897) to work on /home/airflow/.local/lib/python3.7/site-packages/airflow/example_dags/example_task_group_decorator.py
[2022-12-24 13:46:21,117] {processor.py:641} INFO - Processing file /home/airflow/.local/lib/python3.7/site-packages/airflow/example_dags/example_task_group_decorator.py for tasks to queue
[2022-12-24 13:46:21,118] {logging_mixin.py:115} INFO - [2022-12-24 13:46:21,118] {dagbag.py:508} INFO - Filling up the DagBag from /home/airflow/.local/lib/python3.7/site-packages/airflow/example_dags/example_task_group_decorator.py
[2022-12-24 13:46:21,430] {processor.py:651} INFO - DAG(s) dict_keys(['example_task_group_decorator']) retrieved from /home/airflow/.local/lib/python3.7/site-packages/airflow/example_dags/example_task_group_decorator.py
[2022-12-24 13:46:21,590] {logging_mixin.py:115} INFO - [2022-12-24 13:46:21,590] {dag.py:2420} INFO - Sync 1 DAGs
[2022-12-24 13:46:21,637] {logging_mixin.py:115} INFO - [2022-12-24 13:46:21,636] {dag.py:2972} INFO - Setting next_dagrun for example_task_group_decorator to 2022-12-23T13:46:21.636202+00:00, run_after=2022-12-24T13:46:21.636202+00:00
[2022-12-24 13:46:21,677] {processor.py:161} INFO - Processing /home/airflow/.local/lib/python3.7/site-packages/airflow/example_dags/example_task_group_decorator.py took 0.567 seconds
[2022-12-24 13:46:52,086] {processor.py:153} INFO - Started process (PID=951) to work on /home/airflow/.local/lib/python3.7/site-packages/airflow/example_dags/example_task_group_decorator.py
[2022-12-24 13:46:52,087] {processor.py:641} INFO - Processing file /home/airflow/.local/lib/python3.7/site-packages/airflow/example_dags/example_task_group_decorator.py for tasks to queue
[2022-12-24 13:46:52,088] {logging_mixin.py:115} INFO - [2022-12-24 13:46:52,088] {dagbag.py:508} INFO - Filling up the DagBag from /home/airflow/.local/lib/python3.7/site-packages/airflow/example_dags/example_task_group_decorator.py
[2022-12-24 13:46:52,397] {processor.py:651} INFO - DAG(s) dict_keys(['example_task_group_decorator']) retrieved from /home/airflow/.local/lib/python3.7/site-packages/airflow/example_dags/example_task_group_decorator.py
[2022-12-24 13:46:52,511] {logging_mixin.py:115} INFO - [2022-12-24 13:46:52,511] {dag.py:2420} INFO - Sync 1 DAGs
[2022-12-24 13:46:52,553] {logging_mixin.py:115} INFO - [2022-12-24 13:46:52,553] {dag.py:2972} INFO - Setting next_dagrun for example_task_group_decorator to 2022-12-23T13:46:52.553303+00:00, run_after=2022-12-24T13:46:52.553303+00:00
[2022-12-24 13:46:52,587] {processor.py:161} INFO - Processing /home/airflow/.local/lib/python3.7/site-packages/airflow/example_dags/example_task_group_decorator.py took 0.508 seconds
[2022-12-24 13:47:22,758] {processor.py:153} INFO - Started process (PID=1005) to work on /home/airflow/.local/lib/python3.7/site-packages/airflow/example_dags/example_task_group_decorator.py
[2022-12-24 13:47:22,759] {processor.py:641} INFO - Processing file /home/airflow/.local/lib/python3.7/site-packages/airflow/example_dags/example_task_group_decorator.py for tasks to queue
[2022-12-24 13:47:22,760] {logging_mixin.py:115} INFO - [2022-12-24 13:47:22,760] {dagbag.py:508} INFO - Filling up the DagBag from /home/airflow/.local/lib/python3.7/site-packages/airflow/example_dags/example_task_group_decorator.py
[2022-12-24 13:47:23,033] {processor.py:651} INFO - DAG(s) dict_keys(['example_task_group_decorator']) retrieved from /home/airflow/.local/lib/python3.7/site-packages/airflow/example_dags/example_task_group_decorator.py
[2022-12-24 13:47:23,074] {logging_mixin.py:115} INFO - [2022-12-24 13:47:23,074] {dag.py:2420} INFO - Sync 1 DAGs
[2022-12-24 13:47:23,110] {logging_mixin.py:115} INFO - [2022-12-24 13:47:23,110] {dag.py:2972} INFO - Setting next_dagrun for example_task_group_decorator to 2022-12-23T13:47:23.110335+00:00, run_after=2022-12-24T13:47:23.110335+00:00
[2022-12-24 13:47:23,130] {processor.py:161} INFO - Processing /home/airflow/.local/lib/python3.7/site-packages/airflow/example_dags/example_task_group_decorator.py took 0.379 seconds
[2022-12-24 13:47:53,499] {processor.py:153} INFO - Started process (PID=1069) to work on /home/airflow/.local/lib/python3.7/site-packages/airflow/example_dags/example_task_group_decorator.py
[2022-12-24 13:47:53,500] {processor.py:641} INFO - Processing file /home/airflow/.local/lib/python3.7/site-packages/airflow/example_dags/example_task_group_decorator.py for tasks to queue
[2022-12-24 13:47:53,501] {logging_mixin.py:115} INFO - [2022-12-24 13:47:53,501] {dagbag.py:508} INFO - Filling up the DagBag from /home/airflow/.local/lib/python3.7/site-packages/airflow/example_dags/example_task_group_decorator.py
[2022-12-24 13:47:53,792] {processor.py:651} INFO - DAG(s) dict_keys(['example_task_group_decorator']) retrieved from /home/airflow/.local/lib/python3.7/site-packages/airflow/example_dags/example_task_group_decorator.py
[2022-12-24 13:47:53,842] {logging_mixin.py:115} INFO - [2022-12-24 13:47:53,842] {dag.py:2420} INFO - Sync 1 DAGs
[2022-12-24 13:47:53,882] {logging_mixin.py:115} INFO - [2022-12-24 13:47:53,881] {dag.py:2972} INFO - Setting next_dagrun for example_task_group_decorator to 2022-12-23T13:47:53.881504+00:00, run_after=2022-12-24T13:47:53.881504+00:00
[2022-12-24 13:47:53,905] {processor.py:161} INFO - Processing /home/airflow/.local/lib/python3.7/site-packages/airflow/example_dags/example_task_group_decorator.py took 0.410 seconds
[2022-12-24 13:48:24,068] {processor.py:153} INFO - Started process (PID=1123) to work on /home/airflow/.local/lib/python3.7/site-packages/airflow/example_dags/example_task_group_decorator.py
[2022-12-24 13:48:24,069] {processor.py:641} INFO - Processing file /home/airflow/.local/lib/python3.7/site-packages/airflow/example_dags/example_task_group_decorator.py for tasks to queue
[2022-12-24 13:48:24,070] {logging_mixin.py:115} INFO - [2022-12-24 13:48:24,069] {dagbag.py:508} INFO - Filling up the DagBag from /home/airflow/.local/lib/python3.7/site-packages/airflow/example_dags/example_task_group_decorator.py
[2022-12-24 13:48:24,373] {processor.py:651} INFO - DAG(s) dict_keys(['example_task_group_decorator']) retrieved from /home/airflow/.local/lib/python3.7/site-packages/airflow/example_dags/example_task_group_decorator.py
[2022-12-24 13:48:24,506] {logging_mixin.py:115} INFO - [2022-12-24 13:48:24,506] {dag.py:2420} INFO - Sync 1 DAGs
[2022-12-24 13:48:24,549] {logging_mixin.py:115} INFO - [2022-12-24 13:48:24,549] {dag.py:2972} INFO - Setting next_dagrun for example_task_group_decorator to 2022-12-23T13:48:24.548624+00:00, run_after=2022-12-24T13:48:24.548624+00:00
[2022-12-24 13:48:24,589] {processor.py:161} INFO - Processing /home/airflow/.local/lib/python3.7/site-packages/airflow/example_dags/example_task_group_decorator.py took 0.527 seconds
[2022-12-24 13:48:55,244] {processor.py:153} INFO - Started process (PID=1186) to work on /home/airflow/.local/lib/python3.7/site-packages/airflow/example_dags/example_task_group_decorator.py
[2022-12-24 13:48:55,245] {processor.py:641} INFO - Processing file /home/airflow/.local/lib/python3.7/site-packages/airflow/example_dags/example_task_group_decorator.py for tasks to queue
[2022-12-24 13:48:55,246] {logging_mixin.py:115} INFO - [2022-12-24 13:48:55,246] {dagbag.py:508} INFO - Filling up the DagBag from /home/airflow/.local/lib/python3.7/site-packages/airflow/example_dags/example_task_group_decorator.py
[2022-12-24 13:48:55,565] {processor.py:651} INFO - DAG(s) dict_keys(['example_task_group_decorator']) retrieved from /home/airflow/.local/lib/python3.7/site-packages/airflow/example_dags/example_task_group_decorator.py
[2022-12-24 13:48:55,730] {logging_mixin.py:115} INFO - [2022-12-24 13:48:55,730] {dag.py:2420} INFO - Sync 1 DAGs
[2022-12-24 13:48:55,781] {logging_mixin.py:115} INFO - [2022-12-24 13:48:55,781] {dag.py:2972} INFO - Setting next_dagrun for example_task_group_decorator to 2022-12-23T13:48:55.780580+00:00, run_after=2022-12-24T13:48:55.780580+00:00
[2022-12-24 13:48:55,816] {processor.py:161} INFO - Processing /home/airflow/.local/lib/python3.7/site-packages/airflow/example_dags/example_task_group_decorator.py took 0.578 seconds
[2022-12-24 13:49:26,267] {processor.py:153} INFO - Started process (PID=1240) to work on /home/airflow/.local/lib/python3.7/site-packages/airflow/example_dags/example_task_group_decorator.py
[2022-12-24 13:49:26,268] {processor.py:641} INFO - Processing file /home/airflow/.local/lib/python3.7/site-packages/airflow/example_dags/example_task_group_decorator.py for tasks to queue
[2022-12-24 13:49:26,269] {logging_mixin.py:115} INFO - [2022-12-24 13:49:26,269] {dagbag.py:508} INFO - Filling up the DagBag from /home/airflow/.local/lib/python3.7/site-packages/airflow/example_dags/example_task_group_decorator.py
[2022-12-24 13:49:26,545] {processor.py:651} INFO - DAG(s) dict_keys(['example_task_group_decorator']) retrieved from /home/airflow/.local/lib/python3.7/site-packages/airflow/example_dags/example_task_group_decorator.py
[2022-12-24 13:49:26,657] {logging_mixin.py:115} INFO - [2022-12-24 13:49:26,657] {dag.py:2420} INFO - Sync 1 DAGs
[2022-12-24 13:49:26,698] {logging_mixin.py:115} INFO - [2022-12-24 13:49:26,698] {dag.py:2972} INFO - Setting next_dagrun for example_task_group_decorator to 2022-12-23T13:49:26.697888+00:00, run_after=2022-12-24T13:49:26.697888+00:00
[2022-12-24 13:49:26,731] {processor.py:161} INFO - Processing /home/airflow/.local/lib/python3.7/site-packages/airflow/example_dags/example_task_group_decorator.py took 0.468 seconds
[2022-12-24 13:49:56,949] {processor.py:153} INFO - Started process (PID=1294) to work on /home/airflow/.local/lib/python3.7/site-packages/airflow/example_dags/example_task_group_decorator.py
[2022-12-24 13:49:56,950] {processor.py:641} INFO - Processing file /home/airflow/.local/lib/python3.7/site-packages/airflow/example_dags/example_task_group_decorator.py for tasks to queue
[2022-12-24 13:49:56,951] {logging_mixin.py:115} INFO - [2022-12-24 13:49:56,951] {dagbag.py:508} INFO - Filling up the DagBag from /home/airflow/.local/lib/python3.7/site-packages/airflow/example_dags/example_task_group_decorator.py
[2022-12-24 13:49:57,244] {processor.py:651} INFO - DAG(s) dict_keys(['example_task_group_decorator']) retrieved from /home/airflow/.local/lib/python3.7/site-packages/airflow/example_dags/example_task_group_decorator.py
[2022-12-24 13:49:57,392] {logging_mixin.py:115} INFO - [2022-12-24 13:49:57,392] {dag.py:2420} INFO - Sync 1 DAGs
[2022-12-24 13:49:57,441] {logging_mixin.py:115} INFO - [2022-12-24 13:49:57,441] {dag.py:2972} INFO - Setting next_dagrun for example_task_group_decorator to 2022-12-23T13:49:57.440842+00:00, run_after=2022-12-24T13:49:57.440842+00:00
[2022-12-24 13:49:57,474] {processor.py:161} INFO - Processing /home/airflow/.local/lib/python3.7/site-packages/airflow/example_dags/example_task_group_decorator.py took 0.531 seconds
[2022-12-24 13:50:27,670] {processor.py:153} INFO - Started process (PID=1356) to work on /home/airflow/.local/lib/python3.7/site-packages/airflow/example_dags/example_task_group_decorator.py
[2022-12-24 13:50:27,671] {processor.py:641} INFO - Processing file /home/airflow/.local/lib/python3.7/site-packages/airflow/example_dags/example_task_group_decorator.py for tasks to queue
[2022-12-24 13:50:27,672] {logging_mixin.py:115} INFO - [2022-12-24 13:50:27,672] {dagbag.py:508} INFO - Filling up the DagBag from /home/airflow/.local/lib/python3.7/site-packages/airflow/example_dags/example_task_group_decorator.py
[2022-12-24 13:50:27,938] {processor.py:651} INFO - DAG(s) dict_keys(['example_task_group_decorator']) retrieved from /home/airflow/.local/lib/python3.7/site-packages/airflow/example_dags/example_task_group_decorator.py
[2022-12-24 13:50:28,046] {logging_mixin.py:115} INFO - [2022-12-24 13:50:28,045] {dag.py:2420} INFO - Sync 1 DAGs
[2022-12-24 13:50:28,086] {logging_mixin.py:115} INFO - [2022-12-24 13:50:28,085] {dag.py:2972} INFO - Setting next_dagrun for example_task_group_decorator to 2022-12-23T13:50:28.085421+00:00, run_after=2022-12-24T13:50:28.085421+00:00
[2022-12-24 13:50:28,114] {processor.py:161} INFO - Processing /home/airflow/.local/lib/python3.7/site-packages/airflow/example_dags/example_task_group_decorator.py took 0.448 seconds
[2022-12-24 13:50:58,582] {processor.py:153} INFO - Started process (PID=1410) to work on /home/airflow/.local/lib/python3.7/site-packages/airflow/example_dags/example_task_group_decorator.py
[2022-12-24 13:50:58,583] {processor.py:641} INFO - Processing file /home/airflow/.local/lib/python3.7/site-packages/airflow/example_dags/example_task_group_decorator.py for tasks to queue
[2022-12-24 13:50:58,584] {logging_mixin.py:115} INFO - [2022-12-24 13:50:58,584] {dagbag.py:508} INFO - Filling up the DagBag from /home/airflow/.local/lib/python3.7/site-packages/airflow/example_dags/example_task_group_decorator.py
[2022-12-24 13:50:58,881] {processor.py:651} INFO - DAG(s) dict_keys(['example_task_group_decorator']) retrieved from /home/airflow/.local/lib/python3.7/site-packages/airflow/example_dags/example_task_group_decorator.py
[2022-12-24 13:50:58,997] {logging_mixin.py:115} INFO - [2022-12-24 13:50:58,997] {dag.py:2420} INFO - Sync 1 DAGs
[2022-12-24 13:50:59,038] {logging_mixin.py:115} INFO - [2022-12-24 13:50:59,038] {dag.py:2972} INFO - Setting next_dagrun for example_task_group_decorator to 2022-12-23T13:50:59.038333+00:00, run_after=2022-12-24T13:50:59.038333+00:00
[2022-12-24 13:50:59,070] {processor.py:161} INFO - Processing /home/airflow/.local/lib/python3.7/site-packages/airflow/example_dags/example_task_group_decorator.py took 0.494 seconds
[2022-12-24 13:51:29,603] {processor.py:153} INFO - Started process (PID=1473) to work on /home/airflow/.local/lib/python3.7/site-packages/airflow/example_dags/example_task_group_decorator.py
[2022-12-24 13:51:29,606] {processor.py:641} INFO - Processing file /home/airflow/.local/lib/python3.7/site-packages/airflow/example_dags/example_task_group_decorator.py for tasks to queue
[2022-12-24 13:51:29,607] {logging_mixin.py:115} INFO - [2022-12-24 13:51:29,607] {dagbag.py:508} INFO - Filling up the DagBag from /home/airflow/.local/lib/python3.7/site-packages/airflow/example_dags/example_task_group_decorator.py
[2022-12-24 13:51:30,034] {processor.py:651} INFO - DAG(s) dict_keys(['example_task_group_decorator']) retrieved from /home/airflow/.local/lib/python3.7/site-packages/airflow/example_dags/example_task_group_decorator.py
[2022-12-24 13:51:30,225] {logging_mixin.py:115} INFO - [2022-12-24 13:51:30,225] {dag.py:2420} INFO - Sync 1 DAGs
[2022-12-24 13:51:30,291] {logging_mixin.py:115} INFO - [2022-12-24 13:51:30,290] {dag.py:2972} INFO - Setting next_dagrun for example_task_group_decorator to 2022-12-23T13:51:30.290426+00:00, run_after=2022-12-24T13:51:30.290426+00:00
[2022-12-24 13:51:30,332] {processor.py:161} INFO - Processing /home/airflow/.local/lib/python3.7/site-packages/airflow/example_dags/example_task_group_decorator.py took 0.736 seconds
[2022-12-24 13:52:00,752] {processor.py:153} INFO - Started process (PID=1529) to work on /home/airflow/.local/lib/python3.7/site-packages/airflow/example_dags/example_task_group_decorator.py
[2022-12-24 13:52:00,754] {processor.py:641} INFO - Processing file /home/airflow/.local/lib/python3.7/site-packages/airflow/example_dags/example_task_group_decorator.py for tasks to queue
[2022-12-24 13:52:00,755] {logging_mixin.py:115} INFO - [2022-12-24 13:52:00,755] {dagbag.py:508} INFO - Filling up the DagBag from /home/airflow/.local/lib/python3.7/site-packages/airflow/example_dags/example_task_group_decorator.py
[2022-12-24 13:52:01,099] {processor.py:651} INFO - DAG(s) dict_keys(['example_task_group_decorator']) retrieved from /home/airflow/.local/lib/python3.7/site-packages/airflow/example_dags/example_task_group_decorator.py
[2022-12-24 13:52:01,131] {logging_mixin.py:115} INFO - [2022-12-24 13:52:01,130] {dag.py:2420} INFO - Sync 1 DAGs
[2022-12-24 13:52:01,164] {logging_mixin.py:115} INFO - [2022-12-24 13:52:01,163] {dag.py:2972} INFO - Setting next_dagrun for example_task_group_decorator to 2022-12-23T13:52:01.163588+00:00, run_after=2022-12-24T13:52:01.163588+00:00
[2022-12-24 13:52:01,184] {processor.py:161} INFO - Processing /home/airflow/.local/lib/python3.7/site-packages/airflow/example_dags/example_task_group_decorator.py took 0.440 seconds
[2022-12-24 13:52:31,702] {processor.py:153} INFO - Started process (PID=1583) to work on /home/airflow/.local/lib/python3.7/site-packages/airflow/example_dags/example_task_group_decorator.py
[2022-12-24 13:52:31,703] {processor.py:641} INFO - Processing file /home/airflow/.local/lib/python3.7/site-packages/airflow/example_dags/example_task_group_decorator.py for tasks to queue
[2022-12-24 13:52:31,704] {logging_mixin.py:115} INFO - [2022-12-24 13:52:31,704] {dagbag.py:508} INFO - Filling up the DagBag from /home/airflow/.local/lib/python3.7/site-packages/airflow/example_dags/example_task_group_decorator.py
[2022-12-24 13:52:32,045] {processor.py:651} INFO - DAG(s) dict_keys(['example_task_group_decorator']) retrieved from /home/airflow/.local/lib/python3.7/site-packages/airflow/example_dags/example_task_group_decorator.py
[2022-12-24 13:52:32,166] {logging_mixin.py:115} INFO - [2022-12-24 13:52:32,166] {dag.py:2420} INFO - Sync 1 DAGs
[2022-12-24 13:52:32,215] {logging_mixin.py:115} INFO - [2022-12-24 13:52:32,214] {dag.py:2972} INFO - Setting next_dagrun for example_task_group_decorator to 2022-12-23T13:52:32.214306+00:00, run_after=2022-12-24T13:52:32.214306+00:00
[2022-12-24 13:52:32,246] {processor.py:161} INFO - Processing /home/airflow/.local/lib/python3.7/site-packages/airflow/example_dags/example_task_group_decorator.py took 0.551 seconds
[2022-12-24 13:53:02,650] {processor.py:153} INFO - Started process (PID=1644) to work on /home/airflow/.local/lib/python3.7/site-packages/airflow/example_dags/example_task_group_decorator.py
[2022-12-24 13:53:02,651] {processor.py:641} INFO - Processing file /home/airflow/.local/lib/python3.7/site-packages/airflow/example_dags/example_task_group_decorator.py for tasks to queue
[2022-12-24 13:53:02,652] {logging_mixin.py:115} INFO - [2022-12-24 13:53:02,652] {dagbag.py:508} INFO - Filling up the DagBag from /home/airflow/.local/lib/python3.7/site-packages/airflow/example_dags/example_task_group_decorator.py
[2022-12-24 13:53:02,945] {processor.py:651} INFO - DAG(s) dict_keys(['example_task_group_decorator']) retrieved from /home/airflow/.local/lib/python3.7/site-packages/airflow/example_dags/example_task_group_decorator.py
[2022-12-24 13:53:03,068] {logging_mixin.py:115} INFO - [2022-12-24 13:53:03,068] {dag.py:2420} INFO - Sync 1 DAGs
[2022-12-24 13:53:03,117] {logging_mixin.py:115} INFO - [2022-12-24 13:53:03,117] {dag.py:2972} INFO - Setting next_dagrun for example_task_group_decorator to 2022-12-23T13:53:03.116766+00:00, run_after=2022-12-24T13:53:03.116766+00:00
[2022-12-24 13:53:03,149] {processor.py:161} INFO - Processing /home/airflow/.local/lib/python3.7/site-packages/airflow/example_dags/example_task_group_decorator.py took 0.504 seconds
[2022-12-24 13:53:33,514] {processor.py:153} INFO - Started process (PID=1700) to work on /home/airflow/.local/lib/python3.7/site-packages/airflow/example_dags/example_task_group_decorator.py
[2022-12-24 13:53:33,516] {processor.py:641} INFO - Processing file /home/airflow/.local/lib/python3.7/site-packages/airflow/example_dags/example_task_group_decorator.py for tasks to queue
[2022-12-24 13:53:33,517] {logging_mixin.py:115} INFO - [2022-12-24 13:53:33,517] {dagbag.py:508} INFO - Filling up the DagBag from /home/airflow/.local/lib/python3.7/site-packages/airflow/example_dags/example_task_group_decorator.py
[2022-12-24 13:53:33,869] {processor.py:651} INFO - DAG(s) dict_keys(['example_task_group_decorator']) retrieved from /home/airflow/.local/lib/python3.7/site-packages/airflow/example_dags/example_task_group_decorator.py
[2022-12-24 13:53:34,027] {logging_mixin.py:115} INFO - [2022-12-24 13:53:34,027] {dag.py:2420} INFO - Sync 1 DAGs
[2022-12-24 13:53:34,082] {logging_mixin.py:115} INFO - [2022-12-24 13:53:34,082] {dag.py:2972} INFO - Setting next_dagrun for example_task_group_decorator to 2022-12-23T13:53:34.081995+00:00, run_after=2022-12-24T13:53:34.081995+00:00
[2022-12-24 13:53:34,119] {processor.py:161} INFO - Processing /home/airflow/.local/lib/python3.7/site-packages/airflow/example_dags/example_task_group_decorator.py took 0.611 seconds
[2022-12-24 13:54:04,334] {processor.py:153} INFO - Started process (PID=1753) to work on /home/airflow/.local/lib/python3.7/site-packages/airflow/example_dags/example_task_group_decorator.py
[2022-12-24 13:54:04,335] {processor.py:641} INFO - Processing file /home/airflow/.local/lib/python3.7/site-packages/airflow/example_dags/example_task_group_decorator.py for tasks to queue
[2022-12-24 13:54:04,336] {logging_mixin.py:115} INFO - [2022-12-24 13:54:04,336] {dagbag.py:508} INFO - Filling up the DagBag from /home/airflow/.local/lib/python3.7/site-packages/airflow/example_dags/example_task_group_decorator.py
[2022-12-24 13:54:04,651] {processor.py:651} INFO - DAG(s) dict_keys(['example_task_group_decorator']) retrieved from /home/airflow/.local/lib/python3.7/site-packages/airflow/example_dags/example_task_group_decorator.py
[2022-12-24 13:54:04,800] {logging_mixin.py:115} INFO - [2022-12-24 13:54:04,800] {dag.py:2420} INFO - Sync 1 DAGs
[2022-12-24 13:54:04,850] {logging_mixin.py:115} INFO - [2022-12-24 13:54:04,850] {dag.py:2972} INFO - Setting next_dagrun for example_task_group_decorator to 2022-12-23T13:54:04.849734+00:00, run_after=2022-12-24T13:54:04.849734+00:00
[2022-12-24 13:54:04,885] {processor.py:161} INFO - Processing /home/airflow/.local/lib/python3.7/site-packages/airflow/example_dags/example_task_group_decorator.py took 0.556 seconds
[2022-12-24 13:54:35,154] {processor.py:153} INFO - Started process (PID=1817) to work on /home/airflow/.local/lib/python3.7/site-packages/airflow/example_dags/example_task_group_decorator.py
[2022-12-24 13:54:35,156] {processor.py:641} INFO - Processing file /home/airflow/.local/lib/python3.7/site-packages/airflow/example_dags/example_task_group_decorator.py for tasks to queue
[2022-12-24 13:54:35,157] {logging_mixin.py:115} INFO - [2022-12-24 13:54:35,157] {dagbag.py:508} INFO - Filling up the DagBag from /home/airflow/.local/lib/python3.7/site-packages/airflow/example_dags/example_task_group_decorator.py
[2022-12-24 13:54:35,542] {processor.py:651} INFO - DAG(s) dict_keys(['example_task_group_decorator']) retrieved from /home/airflow/.local/lib/python3.7/site-packages/airflow/example_dags/example_task_group_decorator.py
[2022-12-24 13:54:35,704] {logging_mixin.py:115} INFO - [2022-12-24 13:54:35,703] {dag.py:2420} INFO - Sync 1 DAGs
[2022-12-24 13:54:35,755] {logging_mixin.py:115} INFO - [2022-12-24 13:54:35,755] {dag.py:2972} INFO - Setting next_dagrun for example_task_group_decorator to 2022-12-23T13:54:35.754917+00:00, run_after=2022-12-24T13:54:35.754917+00:00
[2022-12-24 13:54:35,800] {processor.py:161} INFO - Processing /home/airflow/.local/lib/python3.7/site-packages/airflow/example_dags/example_task_group_decorator.py took 0.653 seconds
[2022-12-24 13:55:06,129] {processor.py:153} INFO - Started process (PID=1871) to work on /home/airflow/.local/lib/python3.7/site-packages/airflow/example_dags/example_task_group_decorator.py
[2022-12-24 13:55:06,130] {processor.py:641} INFO - Processing file /home/airflow/.local/lib/python3.7/site-packages/airflow/example_dags/example_task_group_decorator.py for tasks to queue
[2022-12-24 13:55:06,131] {logging_mixin.py:115} INFO - [2022-12-24 13:55:06,131] {dagbag.py:508} INFO - Filling up the DagBag from /home/airflow/.local/lib/python3.7/site-packages/airflow/example_dags/example_task_group_decorator.py
[2022-12-24 13:55:06,412] {processor.py:651} INFO - DAG(s) dict_keys(['example_task_group_decorator']) retrieved from /home/airflow/.local/lib/python3.7/site-packages/airflow/example_dags/example_task_group_decorator.py
[2022-12-24 13:55:06,545] {logging_mixin.py:115} INFO - [2022-12-24 13:55:06,545] {dag.py:2420} INFO - Sync 1 DAGs
[2022-12-24 13:55:06,590] {logging_mixin.py:115} INFO - [2022-12-24 13:55:06,589] {dag.py:2972} INFO - Setting next_dagrun for example_task_group_decorator to 2022-12-23T13:55:06.589308+00:00, run_after=2022-12-24T13:55:06.589308+00:00
[2022-12-24 13:55:06,619] {processor.py:161} INFO - Processing /home/airflow/.local/lib/python3.7/site-packages/airflow/example_dags/example_task_group_decorator.py took 0.494 seconds
[2022-12-24 13:55:36,762] {processor.py:153} INFO - Started process (PID=1925) to work on /home/airflow/.local/lib/python3.7/site-packages/airflow/example_dags/example_task_group_decorator.py
[2022-12-24 13:55:36,763] {processor.py:641} INFO - Processing file /home/airflow/.local/lib/python3.7/site-packages/airflow/example_dags/example_task_group_decorator.py for tasks to queue
[2022-12-24 13:55:36,764] {logging_mixin.py:115} INFO - [2022-12-24 13:55:36,764] {dagbag.py:508} INFO - Filling up the DagBag from /home/airflow/.local/lib/python3.7/site-packages/airflow/example_dags/example_task_group_decorator.py
[2022-12-24 13:55:37,045] {processor.py:651} INFO - DAG(s) dict_keys(['example_task_group_decorator']) retrieved from /home/airflow/.local/lib/python3.7/site-packages/airflow/example_dags/example_task_group_decorator.py
[2022-12-24 13:55:37,165] {logging_mixin.py:115} INFO - [2022-12-24 13:55:37,165] {dag.py:2420} INFO - Sync 1 DAGs
[2022-12-24 13:55:37,205] {logging_mixin.py:115} INFO - [2022-12-24 13:55:37,205] {dag.py:2972} INFO - Setting next_dagrun for example_task_group_decorator to 2022-12-23T13:55:37.205110+00:00, run_after=2022-12-24T13:55:37.205110+00:00
[2022-12-24 13:55:37,233] {processor.py:161} INFO - Processing /home/airflow/.local/lib/python3.7/site-packages/airflow/example_dags/example_task_group_decorator.py took 0.475 seconds
[2022-12-24 13:56:07,496] {processor.py:153} INFO - Started process (PID=1988) to work on /home/airflow/.local/lib/python3.7/site-packages/airflow/example_dags/example_task_group_decorator.py
[2022-12-24 13:56:07,497] {processor.py:641} INFO - Processing file /home/airflow/.local/lib/python3.7/site-packages/airflow/example_dags/example_task_group_decorator.py for tasks to queue
[2022-12-24 13:56:07,498] {logging_mixin.py:115} INFO - [2022-12-24 13:56:07,498] {dagbag.py:508} INFO - Filling up the DagBag from /home/airflow/.local/lib/python3.7/site-packages/airflow/example_dags/example_task_group_decorator.py
[2022-12-24 13:56:07,817] {processor.py:651} INFO - DAG(s) dict_keys(['example_task_group_decorator']) retrieved from /home/airflow/.local/lib/python3.7/site-packages/airflow/example_dags/example_task_group_decorator.py
[2022-12-24 13:56:07,935] {logging_mixin.py:115} INFO - [2022-12-24 13:56:07,935] {dag.py:2420} INFO - Sync 1 DAGs
[2022-12-24 13:56:07,975] {logging_mixin.py:115} INFO - [2022-12-24 13:56:07,974] {dag.py:2972} INFO - Setting next_dagrun for example_task_group_decorator to 2022-12-23T13:56:07.974532+00:00, run_after=2022-12-24T13:56:07.974532+00:00
[2022-12-24 13:56:08,003] {processor.py:161} INFO - Processing /home/airflow/.local/lib/python3.7/site-packages/airflow/example_dags/example_task_group_decorator.py took 0.512 seconds
[2022-12-24 13:56:38,239] {processor.py:153} INFO - Started process (PID=2042) to work on /home/airflow/.local/lib/python3.7/site-packages/airflow/example_dags/example_task_group_decorator.py
[2022-12-24 13:56:38,240] {processor.py:641} INFO - Processing file /home/airflow/.local/lib/python3.7/site-packages/airflow/example_dags/example_task_group_decorator.py for tasks to queue
[2022-12-24 13:56:38,241] {logging_mixin.py:115} INFO - [2022-12-24 13:56:38,241] {dagbag.py:508} INFO - Filling up the DagBag from /home/airflow/.local/lib/python3.7/site-packages/airflow/example_dags/example_task_group_decorator.py
[2022-12-24 13:56:38,556] {processor.py:651} INFO - DAG(s) dict_keys(['example_task_group_decorator']) retrieved from /home/airflow/.local/lib/python3.7/site-packages/airflow/example_dags/example_task_group_decorator.py
[2022-12-24 13:56:38,687] {logging_mixin.py:115} INFO - [2022-12-24 13:56:38,686] {dag.py:2420} INFO - Sync 1 DAGs
[2022-12-24 13:56:38,731] {logging_mixin.py:115} INFO - [2022-12-24 13:56:38,731] {dag.py:2972} INFO - Setting next_dagrun for example_task_group_decorator to 2022-12-23T13:56:38.730743+00:00, run_after=2022-12-24T13:56:38.730743+00:00
[2022-12-24 13:56:38,761] {processor.py:161} INFO - Processing /home/airflow/.local/lib/python3.7/site-packages/airflow/example_dags/example_task_group_decorator.py took 0.529 seconds
[2022-12-24 13:57:09,115] {processor.py:153} INFO - Started process (PID=2105) to work on /home/airflow/.local/lib/python3.7/site-packages/airflow/example_dags/example_task_group_decorator.py
[2022-12-24 13:57:09,116] {processor.py:641} INFO - Processing file /home/airflow/.local/lib/python3.7/site-packages/airflow/example_dags/example_task_group_decorator.py for tasks to queue
[2022-12-24 13:57:09,117] {logging_mixin.py:115} INFO - [2022-12-24 13:57:09,116] {dagbag.py:508} INFO - Filling up the DagBag from /home/airflow/.local/lib/python3.7/site-packages/airflow/example_dags/example_task_group_decorator.py
[2022-12-24 13:57:09,397] {processor.py:651} INFO - DAG(s) dict_keys(['example_task_group_decorator']) retrieved from /home/airflow/.local/lib/python3.7/site-packages/airflow/example_dags/example_task_group_decorator.py
[2022-12-24 13:57:09,510] {logging_mixin.py:115} INFO - [2022-12-24 13:57:09,510] {dag.py:2420} INFO - Sync 1 DAGs
[2022-12-24 13:57:09,547] {logging_mixin.py:115} INFO - [2022-12-24 13:57:09,547] {dag.py:2972} INFO - Setting next_dagrun for example_task_group_decorator to 2022-12-23T13:57:09.547057+00:00, run_after=2022-12-24T13:57:09.547057+00:00
[2022-12-24 13:57:09,586] {processor.py:161} INFO - Processing /home/airflow/.local/lib/python3.7/site-packages/airflow/example_dags/example_task_group_decorator.py took 0.476 seconds
[2022-12-24 13:57:39,839] {processor.py:153} INFO - Started process (PID=2159) to work on /home/airflow/.local/lib/python3.7/site-packages/airflow/example_dags/example_task_group_decorator.py
[2022-12-24 13:57:39,840] {processor.py:641} INFO - Processing file /home/airflow/.local/lib/python3.7/site-packages/airflow/example_dags/example_task_group_decorator.py for tasks to queue
[2022-12-24 13:57:39,841] {logging_mixin.py:115} INFO - [2022-12-24 13:57:39,841] {dagbag.py:508} INFO - Filling up the DagBag from /home/airflow/.local/lib/python3.7/site-packages/airflow/example_dags/example_task_group_decorator.py
[2022-12-24 13:57:40,105] {processor.py:651} INFO - DAG(s) dict_keys(['example_task_group_decorator']) retrieved from /home/airflow/.local/lib/python3.7/site-packages/airflow/example_dags/example_task_group_decorator.py
[2022-12-24 13:57:40,220] {logging_mixin.py:115} INFO - [2022-12-24 13:57:40,219] {dag.py:2420} INFO - Sync 1 DAGs
[2022-12-24 13:57:40,258] {logging_mixin.py:115} INFO - [2022-12-24 13:57:40,257] {dag.py:2972} INFO - Setting next_dagrun for example_task_group_decorator to 2022-12-23T13:57:40.257557+00:00, run_after=2022-12-24T13:57:40.257557+00:00
[2022-12-24 13:57:40,282] {processor.py:161} INFO - Processing /home/airflow/.local/lib/python3.7/site-packages/airflow/example_dags/example_task_group_decorator.py took 0.447 seconds
[2022-12-24 13:58:10,675] {processor.py:153} INFO - Started process (PID=2214) to work on /home/airflow/.local/lib/python3.7/site-packages/airflow/example_dags/example_task_group_decorator.py
[2022-12-24 13:58:10,676] {processor.py:641} INFO - Processing file /home/airflow/.local/lib/python3.7/site-packages/airflow/example_dags/example_task_group_decorator.py for tasks to queue
[2022-12-24 13:58:10,677] {logging_mixin.py:115} INFO - [2022-12-24 13:58:10,677] {dagbag.py:508} INFO - Filling up the DagBag from /home/airflow/.local/lib/python3.7/site-packages/airflow/example_dags/example_task_group_decorator.py
[2022-12-24 13:58:11,052] {processor.py:651} INFO - DAG(s) dict_keys(['example_task_group_decorator']) retrieved from /home/airflow/.local/lib/python3.7/site-packages/airflow/example_dags/example_task_group_decorator.py
[2022-12-24 13:58:11,208] {logging_mixin.py:115} INFO - [2022-12-24 13:58:11,208] {dag.py:2420} INFO - Sync 1 DAGs
[2022-12-24 13:58:11,259] {logging_mixin.py:115} INFO - [2022-12-24 13:58:11,259] {dag.py:2972} INFO - Setting next_dagrun for example_task_group_decorator to 2022-12-23T13:58:11.259281+00:00, run_after=2022-12-24T13:58:11.259281+00:00
[2022-12-24 13:58:11,299] {processor.py:161} INFO - Processing /home/airflow/.local/lib/python3.7/site-packages/airflow/example_dags/example_task_group_decorator.py took 0.630 seconds
[2022-12-24 13:58:41,390] {processor.py:153} INFO - Started process (PID=2277) to work on /home/airflow/.local/lib/python3.7/site-packages/airflow/example_dags/example_task_group_decorator.py
[2022-12-24 13:58:41,391] {processor.py:641} INFO - Processing file /home/airflow/.local/lib/python3.7/site-packages/airflow/example_dags/example_task_group_decorator.py for tasks to queue
[2022-12-24 13:58:41,393] {logging_mixin.py:115} INFO - [2022-12-24 13:58:41,393] {dagbag.py:508} INFO - Filling up the DagBag from /home/airflow/.local/lib/python3.7/site-packages/airflow/example_dags/example_task_group_decorator.py
[2022-12-24 13:58:41,806] {processor.py:651} INFO - DAG(s) dict_keys(['example_task_group_decorator']) retrieved from /home/airflow/.local/lib/python3.7/site-packages/airflow/example_dags/example_task_group_decorator.py
[2022-12-24 13:58:41,939] {logging_mixin.py:115} INFO - [2022-12-24 13:58:41,939] {dag.py:2420} INFO - Sync 1 DAGs
[2022-12-24 13:58:41,980] {logging_mixin.py:115} INFO - [2022-12-24 13:58:41,979] {dag.py:2972} INFO - Setting next_dagrun for example_task_group_decorator to 2022-12-23T13:58:41.979677+00:00, run_after=2022-12-24T13:58:41.979677+00:00
[2022-12-24 13:58:42,008] {processor.py:161} INFO - Processing /home/airflow/.local/lib/python3.7/site-packages/airflow/example_dags/example_task_group_decorator.py took 0.625 seconds
[2022-12-24 13:59:12,068] {processor.py:153} INFO - Started process (PID=2332) to work on /home/airflow/.local/lib/python3.7/site-packages/airflow/example_dags/example_task_group_decorator.py
[2022-12-24 13:59:12,069] {processor.py:641} INFO - Processing file /home/airflow/.local/lib/python3.7/site-packages/airflow/example_dags/example_task_group_decorator.py for tasks to queue
[2022-12-24 13:59:12,070] {logging_mixin.py:115} INFO - [2022-12-24 13:59:12,070] {dagbag.py:508} INFO - Filling up the DagBag from /home/airflow/.local/lib/python3.7/site-packages/airflow/example_dags/example_task_group_decorator.py
[2022-12-24 13:59:12,355] {processor.py:651} INFO - DAG(s) dict_keys(['example_task_group_decorator']) retrieved from /home/airflow/.local/lib/python3.7/site-packages/airflow/example_dags/example_task_group_decorator.py
[2022-12-24 13:59:12,483] {logging_mixin.py:115} INFO - [2022-12-24 13:59:12,482] {dag.py:2420} INFO - Sync 1 DAGs
[2022-12-24 13:59:12,529] {logging_mixin.py:115} INFO - [2022-12-24 13:59:12,528] {dag.py:2972} INFO - Setting next_dagrun for example_task_group_decorator to 2022-12-23T13:59:12.528252+00:00, run_after=2022-12-24T13:59:12.528252+00:00
[2022-12-24 13:59:12,561] {processor.py:161} INFO - Processing /home/airflow/.local/lib/python3.7/site-packages/airflow/example_dags/example_task_group_decorator.py took 0.498 seconds
[2022-12-24 13:59:42,953] {processor.py:153} INFO - Started process (PID=2386) to work on /home/airflow/.local/lib/python3.7/site-packages/airflow/example_dags/example_task_group_decorator.py
[2022-12-24 13:59:42,954] {processor.py:641} INFO - Processing file /home/airflow/.local/lib/python3.7/site-packages/airflow/example_dags/example_task_group_decorator.py for tasks to queue
[2022-12-24 13:59:42,957] {logging_mixin.py:115} INFO - [2022-12-24 13:59:42,956] {dagbag.py:508} INFO - Filling up the DagBag from /home/airflow/.local/lib/python3.7/site-packages/airflow/example_dags/example_task_group_decorator.py
[2022-12-24 13:59:43,246] {processor.py:651} INFO - DAG(s) dict_keys(['example_task_group_decorator']) retrieved from /home/airflow/.local/lib/python3.7/site-packages/airflow/example_dags/example_task_group_decorator.py
[2022-12-24 13:59:43,379] {logging_mixin.py:115} INFO - [2022-12-24 13:59:43,379] {dag.py:2420} INFO - Sync 1 DAGs
[2022-12-24 13:59:43,421] {logging_mixin.py:115} INFO - [2022-12-24 13:59:43,421] {dag.py:2972} INFO - Setting next_dagrun for example_task_group_decorator to 2022-12-23T13:59:43.421100+00:00, run_after=2022-12-24T13:59:43.421100+00:00
[2022-12-24 13:59:43,452] {processor.py:161} INFO - Processing /home/airflow/.local/lib/python3.7/site-packages/airflow/example_dags/example_task_group_decorator.py took 0.508 seconds
[2022-12-24 14:00:13,676] {processor.py:153} INFO - Started process (PID=2446) to work on /home/airflow/.local/lib/python3.7/site-packages/airflow/example_dags/example_task_group_decorator.py
[2022-12-24 14:00:13,677] {processor.py:641} INFO - Processing file /home/airflow/.local/lib/python3.7/site-packages/airflow/example_dags/example_task_group_decorator.py for tasks to queue
[2022-12-24 14:00:13,678] {logging_mixin.py:115} INFO - [2022-12-24 14:00:13,678] {dagbag.py:508} INFO - Filling up the DagBag from /home/airflow/.local/lib/python3.7/site-packages/airflow/example_dags/example_task_group_decorator.py
[2022-12-24 14:00:14,111] {processor.py:651} INFO - DAG(s) dict_keys(['example_task_group_decorator']) retrieved from /home/airflow/.local/lib/python3.7/site-packages/airflow/example_dags/example_task_group_decorator.py
[2022-12-24 14:00:14,302] {logging_mixin.py:115} INFO - [2022-12-24 14:00:14,302] {dag.py:2420} INFO - Sync 1 DAGs
[2022-12-24 14:00:14,373] {logging_mixin.py:115} INFO - [2022-12-24 14:00:14,372] {dag.py:2972} INFO - Setting next_dagrun for example_task_group_decorator to 2022-12-23T14:00:14.372316+00:00, run_after=2022-12-24T14:00:14.372316+00:00
[2022-12-24 14:00:14,430] {processor.py:161} INFO - Processing /home/airflow/.local/lib/python3.7/site-packages/airflow/example_dags/example_task_group_decorator.py took 0.761 seconds
[2022-12-24 14:00:44,652] {processor.py:153} INFO - Started process (PID=2503) to work on /home/airflow/.local/lib/python3.7/site-packages/airflow/example_dags/example_task_group_decorator.py
[2022-12-24 14:00:44,656] {processor.py:641} INFO - Processing file /home/airflow/.local/lib/python3.7/site-packages/airflow/example_dags/example_task_group_decorator.py for tasks to queue
[2022-12-24 14:00:44,657] {logging_mixin.py:115} INFO - [2022-12-24 14:00:44,657] {dagbag.py:508} INFO - Filling up the DagBag from /home/airflow/.local/lib/python3.7/site-packages/airflow/example_dags/example_task_group_decorator.py
[2022-12-24 14:00:45,057] {processor.py:651} INFO - DAG(s) dict_keys(['example_task_group_decorator']) retrieved from /home/airflow/.local/lib/python3.7/site-packages/airflow/example_dags/example_task_group_decorator.py
[2022-12-24 14:00:45,117] {logging_mixin.py:115} INFO - [2022-12-24 14:00:45,116] {dag.py:2420} INFO - Sync 1 DAGs
[2022-12-24 14:00:45,185] {logging_mixin.py:115} INFO - [2022-12-24 14:00:45,184] {dag.py:2972} INFO - Setting next_dagrun for example_task_group_decorator to 2022-12-23T14:00:45.184381+00:00, run_after=2022-12-24T14:00:45.184381+00:00
[2022-12-24 14:00:45,215] {processor.py:161} INFO - Processing /home/airflow/.local/lib/python3.7/site-packages/airflow/example_dags/example_task_group_decorator.py took 0.573 seconds
[2022-12-24 14:01:15,424] {processor.py:153} INFO - Started process (PID=2557) to work on /home/airflow/.local/lib/python3.7/site-packages/airflow/example_dags/example_task_group_decorator.py
[2022-12-24 14:01:15,425] {processor.py:641} INFO - Processing file /home/airflow/.local/lib/python3.7/site-packages/airflow/example_dags/example_task_group_decorator.py for tasks to queue
[2022-12-24 14:01:15,426] {logging_mixin.py:115} INFO - [2022-12-24 14:01:15,426] {dagbag.py:508} INFO - Filling up the DagBag from /home/airflow/.local/lib/python3.7/site-packages/airflow/example_dags/example_task_group_decorator.py
[2022-12-24 14:01:15,725] {processor.py:651} INFO - DAG(s) dict_keys(['example_task_group_decorator']) retrieved from /home/airflow/.local/lib/python3.7/site-packages/airflow/example_dags/example_task_group_decorator.py
[2022-12-24 14:01:15,769] {logging_mixin.py:115} INFO - [2022-12-24 14:01:15,769] {dag.py:2420} INFO - Sync 1 DAGs
[2022-12-24 14:01:15,824] {logging_mixin.py:115} INFO - [2022-12-24 14:01:15,823] {dag.py:2972} INFO - Setting next_dagrun for example_task_group_decorator to 2022-12-23T14:01:15.823505+00:00, run_after=2022-12-24T14:01:15.823505+00:00
[2022-12-24 14:01:15,856] {processor.py:161} INFO - Processing /home/airflow/.local/lib/python3.7/site-packages/airflow/example_dags/example_task_group_decorator.py took 0.437 seconds
[2022-12-24 14:01:46,128] {processor.py:153} INFO - Started process (PID=2610) to work on /home/airflow/.local/lib/python3.7/site-packages/airflow/example_dags/example_task_group_decorator.py
[2022-12-24 14:01:46,129] {processor.py:641} INFO - Processing file /home/airflow/.local/lib/python3.7/site-packages/airflow/example_dags/example_task_group_decorator.py for tasks to queue
[2022-12-24 14:01:46,130] {logging_mixin.py:115} INFO - [2022-12-24 14:01:46,130] {dagbag.py:508} INFO - Filling up the DagBag from /home/airflow/.local/lib/python3.7/site-packages/airflow/example_dags/example_task_group_decorator.py
[2022-12-24 14:01:46,410] {processor.py:651} INFO - DAG(s) dict_keys(['example_task_group_decorator']) retrieved from /home/airflow/.local/lib/python3.7/site-packages/airflow/example_dags/example_task_group_decorator.py
[2022-12-24 14:01:46,538] {logging_mixin.py:115} INFO - [2022-12-24 14:01:46,538] {dag.py:2420} INFO - Sync 1 DAGs
[2022-12-24 14:01:46,579] {logging_mixin.py:115} INFO - [2022-12-24 14:01:46,579] {dag.py:2972} INFO - Setting next_dagrun for example_task_group_decorator to 2022-12-23T14:01:46.578958+00:00, run_after=2022-12-24T14:01:46.578958+00:00
[2022-12-24 14:01:46,612] {processor.py:161} INFO - Processing /home/airflow/.local/lib/python3.7/site-packages/airflow/example_dags/example_task_group_decorator.py took 0.488 seconds
