[2022-12-24 10:38:55,149] {processor.py:153} INFO - Started process (PID=53) to work on /home/airflow/.local/lib/python3.7/site-packages/airflow/example_dags/example_complex.py
[2022-12-24 10:38:55,149] {processor.py:641} INFO - Processing file /home/airflow/.local/lib/python3.7/site-packages/airflow/example_dags/example_complex.py for tasks to queue
[2022-12-24 10:38:55,150] {logging_mixin.py:115} INFO - [2022-12-24 10:38:55,150] {dagbag.py:508} INFO - Filling up the DagBag from /home/airflow/.local/lib/python3.7/site-packages/airflow/example_dags/example_complex.py
[2022-12-24 10:38:55,172] {processor.py:651} INFO - DAG(s) dict_keys(['example_complex']) retrieved from /home/airflow/.local/lib/python3.7/site-packages/airflow/example_dags/example_complex.py
[2022-12-24 10:38:55,243] {logging_mixin.py:115} INFO - [2022-12-24 10:38:55,242] {dag.py:2420} INFO - Sync 1 DAGs
[2022-12-24 10:38:55,511] {logging_mixin.py:115} INFO - [2022-12-24 10:38:55,510] {dag.py:2972} INFO - Setting next_dagrun for example_complex to None, run_after=None
[2022-12-24 10:38:55,529] {processor.py:161} INFO - Processing /home/airflow/.local/lib/python3.7/site-packages/airflow/example_dags/example_complex.py took 0.385 seconds
[2022-12-24 13:39:07,305] {processor.py:153} INFO - Started process (PID=98) to work on /home/airflow/.local/lib/python3.7/site-packages/airflow/example_dags/example_complex.py
[2022-12-24 13:39:07,310] {processor.py:641} INFO - Processing file /home/airflow/.local/lib/python3.7/site-packages/airflow/example_dags/example_complex.py for tasks to queue
[2022-12-24 13:39:07,311] {logging_mixin.py:115} INFO - [2022-12-24 13:39:07,311] {dagbag.py:508} INFO - Filling up the DagBag from /home/airflow/.local/lib/python3.7/site-packages/airflow/example_dags/example_complex.py
[2022-12-24 13:39:07,348] {processor.py:651} INFO - DAG(s) dict_keys(['example_complex']) retrieved from /home/airflow/.local/lib/python3.7/site-packages/airflow/example_dags/example_complex.py
[2022-12-24 13:39:07,432] {logging_mixin.py:115} INFO - [2022-12-24 13:39:07,431] {dag.py:2420} INFO - Sync 1 DAGs
[2022-12-24 13:39:07,742] {logging_mixin.py:115} INFO - [2022-12-24 13:39:07,742] {dag.py:2972} INFO - Setting next_dagrun for example_complex to None, run_after=None
[2022-12-24 13:39:07,765] {processor.py:161} INFO - Processing /home/airflow/.local/lib/python3.7/site-packages/airflow/example_dags/example_complex.py took 0.465 seconds
[2022-12-24 13:39:38,343] {processor.py:153} INFO - Started process (PID=151) to work on /home/airflow/.local/lib/python3.7/site-packages/airflow/example_dags/example_complex.py
[2022-12-24 13:39:38,344] {processor.py:641} INFO - Processing file /home/airflow/.local/lib/python3.7/site-packages/airflow/example_dags/example_complex.py for tasks to queue
[2022-12-24 13:39:38,345] {logging_mixin.py:115} INFO - [2022-12-24 13:39:38,345] {dagbag.py:508} INFO - Filling up the DagBag from /home/airflow/.local/lib/python3.7/site-packages/airflow/example_dags/example_complex.py
[2022-12-24 13:39:38,371] {processor.py:651} INFO - DAG(s) dict_keys(['example_complex']) retrieved from /home/airflow/.local/lib/python3.7/site-packages/airflow/example_dags/example_complex.py
[2022-12-24 13:39:38,434] {logging_mixin.py:115} INFO - [2022-12-24 13:39:38,433] {dag.py:2420} INFO - Sync 1 DAGs
[2022-12-24 13:39:38,751] {logging_mixin.py:115} INFO - [2022-12-24 13:39:38,751] {dag.py:2972} INFO - Setting next_dagrun for example_complex to None, run_after=None
[2022-12-24 13:39:38,783] {processor.py:161} INFO - Processing /home/airflow/.local/lib/python3.7/site-packages/airflow/example_dags/example_complex.py took 0.446 seconds
[2022-12-24 13:40:09,125] {processor.py:153} INFO - Started process (PID=205) to work on /home/airflow/.local/lib/python3.7/site-packages/airflow/example_dags/example_complex.py
[2022-12-24 13:40:09,128] {processor.py:641} INFO - Processing file /home/airflow/.local/lib/python3.7/site-packages/airflow/example_dags/example_complex.py for tasks to queue
[2022-12-24 13:40:09,129] {logging_mixin.py:115} INFO - [2022-12-24 13:40:09,129] {dagbag.py:508} INFO - Filling up the DagBag from /home/airflow/.local/lib/python3.7/site-packages/airflow/example_dags/example_complex.py
[2022-12-24 13:40:09,169] {processor.py:651} INFO - DAG(s) dict_keys(['example_complex']) retrieved from /home/airflow/.local/lib/python3.7/site-packages/airflow/example_dags/example_complex.py
[2022-12-24 13:40:09,319] {logging_mixin.py:115} INFO - [2022-12-24 13:40:09,319] {dag.py:2420} INFO - Sync 1 DAGs
[2022-12-24 13:40:09,772] {logging_mixin.py:115} INFO - [2022-12-24 13:40:09,772] {dag.py:2972} INFO - Setting next_dagrun for example_complex to None, run_after=None
[2022-12-24 13:40:09,828] {processor.py:161} INFO - Processing /home/airflow/.local/lib/python3.7/site-packages/airflow/example_dags/example_complex.py took 0.712 seconds
[2022-12-24 13:40:40,145] {processor.py:153} INFO - Started process (PID=267) to work on /home/airflow/.local/lib/python3.7/site-packages/airflow/example_dags/example_complex.py
[2022-12-24 13:40:40,146] {processor.py:641} INFO - Processing file /home/airflow/.local/lib/python3.7/site-packages/airflow/example_dags/example_complex.py for tasks to queue
[2022-12-24 13:40:40,146] {logging_mixin.py:115} INFO - [2022-12-24 13:40:40,146] {dagbag.py:508} INFO - Filling up the DagBag from /home/airflow/.local/lib/python3.7/site-packages/airflow/example_dags/example_complex.py
[2022-12-24 13:40:40,176] {processor.py:651} INFO - DAG(s) dict_keys(['example_complex']) retrieved from /home/airflow/.local/lib/python3.7/site-packages/airflow/example_dags/example_complex.py
[2022-12-24 13:40:40,238] {logging_mixin.py:115} INFO - [2022-12-24 13:40:40,238] {dag.py:2420} INFO - Sync 1 DAGs
[2022-12-24 13:40:40,469] {logging_mixin.py:115} INFO - [2022-12-24 13:40:40,468] {dag.py:2972} INFO - Setting next_dagrun for example_complex to None, run_after=None
[2022-12-24 13:40:40,501] {processor.py:161} INFO - Processing /home/airflow/.local/lib/python3.7/site-packages/airflow/example_dags/example_complex.py took 0.361 seconds
[2022-12-24 13:41:11,608] {processor.py:153} INFO - Started process (PID=321) to work on /home/airflow/.local/lib/python3.7/site-packages/airflow/example_dags/example_complex.py
[2022-12-24 13:41:11,610] {processor.py:641} INFO - Processing file /home/airflow/.local/lib/python3.7/site-packages/airflow/example_dags/example_complex.py for tasks to queue
[2022-12-24 13:41:11,613] {logging_mixin.py:115} INFO - [2022-12-24 13:41:11,612] {dagbag.py:508} INFO - Filling up the DagBag from /home/airflow/.local/lib/python3.7/site-packages/airflow/example_dags/example_complex.py
[2022-12-24 13:41:11,661] {processor.py:651} INFO - DAG(s) dict_keys(['example_complex']) retrieved from /home/airflow/.local/lib/python3.7/site-packages/airflow/example_dags/example_complex.py
[2022-12-24 13:41:11,733] {logging_mixin.py:115} INFO - [2022-12-24 13:41:11,733] {dag.py:2420} INFO - Sync 1 DAGs
[2022-12-24 13:41:11,972] {logging_mixin.py:115} INFO - [2022-12-24 13:41:11,972] {dag.py:2972} INFO - Setting next_dagrun for example_complex to None, run_after=None
[2022-12-24 13:41:12,001] {processor.py:161} INFO - Processing /home/airflow/.local/lib/python3.7/site-packages/airflow/example_dags/example_complex.py took 0.403 seconds
[2022-12-24 13:41:42,612] {processor.py:153} INFO - Started process (PID=375) to work on /home/airflow/.local/lib/python3.7/site-packages/airflow/example_dags/example_complex.py
[2022-12-24 13:41:42,613] {processor.py:641} INFO - Processing file /home/airflow/.local/lib/python3.7/site-packages/airflow/example_dags/example_complex.py for tasks to queue
[2022-12-24 13:41:42,613] {logging_mixin.py:115} INFO - [2022-12-24 13:41:42,613] {dagbag.py:508} INFO - Filling up the DagBag from /home/airflow/.local/lib/python3.7/site-packages/airflow/example_dags/example_complex.py
[2022-12-24 13:41:42,634] {processor.py:651} INFO - DAG(s) dict_keys(['example_complex']) retrieved from /home/airflow/.local/lib/python3.7/site-packages/airflow/example_dags/example_complex.py
[2022-12-24 13:41:42,698] {logging_mixin.py:115} INFO - [2022-12-24 13:41:42,698] {dag.py:2420} INFO - Sync 1 DAGs
[2022-12-24 13:41:42,987] {logging_mixin.py:115} INFO - [2022-12-24 13:41:42,986] {dag.py:2972} INFO - Setting next_dagrun for example_complex to None, run_after=None
[2022-12-24 13:41:43,009] {processor.py:161} INFO - Processing /home/airflow/.local/lib/python3.7/site-packages/airflow/example_dags/example_complex.py took 0.401 seconds
[2022-12-24 13:42:13,427] {processor.py:153} INFO - Started process (PID=429) to work on /home/airflow/.local/lib/python3.7/site-packages/airflow/example_dags/example_complex.py
[2022-12-24 13:42:13,429] {processor.py:641} INFO - Processing file /home/airflow/.local/lib/python3.7/site-packages/airflow/example_dags/example_complex.py for tasks to queue
[2022-12-24 13:42:13,429] {logging_mixin.py:115} INFO - [2022-12-24 13:42:13,429] {dagbag.py:508} INFO - Filling up the DagBag from /home/airflow/.local/lib/python3.7/site-packages/airflow/example_dags/example_complex.py
[2022-12-24 13:42:13,455] {processor.py:651} INFO - DAG(s) dict_keys(['example_complex']) retrieved from /home/airflow/.local/lib/python3.7/site-packages/airflow/example_dags/example_complex.py
[2022-12-24 13:42:13,513] {logging_mixin.py:115} INFO - [2022-12-24 13:42:13,512] {dag.py:2420} INFO - Sync 1 DAGs
[2022-12-24 13:42:13,789] {logging_mixin.py:115} INFO - [2022-12-24 13:42:13,789] {dag.py:2972} INFO - Setting next_dagrun for example_complex to None, run_after=None
[2022-12-24 13:42:13,819] {processor.py:161} INFO - Processing /home/airflow/.local/lib/python3.7/site-packages/airflow/example_dags/example_complex.py took 0.397 seconds
[2022-12-24 13:42:44,102] {processor.py:153} INFO - Started process (PID=492) to work on /home/airflow/.local/lib/python3.7/site-packages/airflow/example_dags/example_complex.py
[2022-12-24 13:42:44,103] {processor.py:641} INFO - Processing file /home/airflow/.local/lib/python3.7/site-packages/airflow/example_dags/example_complex.py for tasks to queue
[2022-12-24 13:42:44,104] {logging_mixin.py:115} INFO - [2022-12-24 13:42:44,104] {dagbag.py:508} INFO - Filling up the DagBag from /home/airflow/.local/lib/python3.7/site-packages/airflow/example_dags/example_complex.py
[2022-12-24 13:42:44,125] {processor.py:651} INFO - DAG(s) dict_keys(['example_complex']) retrieved from /home/airflow/.local/lib/python3.7/site-packages/airflow/example_dags/example_complex.py
[2022-12-24 13:42:44,183] {logging_mixin.py:115} INFO - [2022-12-24 13:42:44,182] {dag.py:2420} INFO - Sync 1 DAGs
[2022-12-24 13:42:44,432] {logging_mixin.py:115} INFO - [2022-12-24 13:42:44,432] {dag.py:2972} INFO - Setting next_dagrun for example_complex to None, run_after=None
[2022-12-24 13:42:44,456] {processor.py:161} INFO - Processing /home/airflow/.local/lib/python3.7/site-packages/airflow/example_dags/example_complex.py took 0.359 seconds
[2022-12-24 13:43:14,845] {processor.py:153} INFO - Started process (PID=546) to work on /home/airflow/.local/lib/python3.7/site-packages/airflow/example_dags/example_complex.py
[2022-12-24 13:43:14,846] {processor.py:641} INFO - Processing file /home/airflow/.local/lib/python3.7/site-packages/airflow/example_dags/example_complex.py for tasks to queue
[2022-12-24 13:43:14,847] {logging_mixin.py:115} INFO - [2022-12-24 13:43:14,846] {dagbag.py:508} INFO - Filling up the DagBag from /home/airflow/.local/lib/python3.7/site-packages/airflow/example_dags/example_complex.py
[2022-12-24 13:43:14,880] {processor.py:651} INFO - DAG(s) dict_keys(['example_complex']) retrieved from /home/airflow/.local/lib/python3.7/site-packages/airflow/example_dags/example_complex.py
[2022-12-24 13:43:14,935] {logging_mixin.py:115} INFO - [2022-12-24 13:43:14,934] {dag.py:2420} INFO - Sync 1 DAGs
[2022-12-24 13:43:15,181] {logging_mixin.py:115} INFO - [2022-12-24 13:43:15,181] {dag.py:2972} INFO - Setting next_dagrun for example_complex to None, run_after=None
[2022-12-24 13:43:15,204] {processor.py:161} INFO - Processing /home/airflow/.local/lib/python3.7/site-packages/airflow/example_dags/example_complex.py took 0.365 seconds
[2022-12-24 13:43:46,048] {processor.py:153} INFO - Started process (PID=606) to work on /home/airflow/.local/lib/python3.7/site-packages/airflow/example_dags/example_complex.py
[2022-12-24 13:43:46,049] {processor.py:641} INFO - Processing file /home/airflow/.local/lib/python3.7/site-packages/airflow/example_dags/example_complex.py for tasks to queue
[2022-12-24 13:43:46,050] {logging_mixin.py:115} INFO - [2022-12-24 13:43:46,050] {dagbag.py:508} INFO - Filling up the DagBag from /home/airflow/.local/lib/python3.7/site-packages/airflow/example_dags/example_complex.py
[2022-12-24 13:43:46,083] {processor.py:651} INFO - DAG(s) dict_keys(['example_complex']) retrieved from /home/airflow/.local/lib/python3.7/site-packages/airflow/example_dags/example_complex.py
[2022-12-24 13:43:46,152] {logging_mixin.py:115} INFO - [2022-12-24 13:43:46,152] {dag.py:2420} INFO - Sync 1 DAGs
[2022-12-24 13:43:46,467] {logging_mixin.py:115} INFO - [2022-12-24 13:43:46,467] {dag.py:2972} INFO - Setting next_dagrun for example_complex to None, run_after=None
[2022-12-24 13:43:46,494] {processor.py:161} INFO - Processing /home/airflow/.local/lib/python3.7/site-packages/airflow/example_dags/example_complex.py took 0.451 seconds
[2022-12-24 13:44:16,848] {processor.py:153} INFO - Started process (PID=662) to work on /home/airflow/.local/lib/python3.7/site-packages/airflow/example_dags/example_complex.py
[2022-12-24 13:44:16,849] {processor.py:641} INFO - Processing file /home/airflow/.local/lib/python3.7/site-packages/airflow/example_dags/example_complex.py for tasks to queue
[2022-12-24 13:44:16,850] {logging_mixin.py:115} INFO - [2022-12-24 13:44:16,850] {dagbag.py:508} INFO - Filling up the DagBag from /home/airflow/.local/lib/python3.7/site-packages/airflow/example_dags/example_complex.py
[2022-12-24 13:44:16,872] {processor.py:651} INFO - DAG(s) dict_keys(['example_complex']) retrieved from /home/airflow/.local/lib/python3.7/site-packages/airflow/example_dags/example_complex.py
[2022-12-24 13:44:17,145] {logging_mixin.py:115} INFO - [2022-12-24 13:44:17,145] {dag.py:2420} INFO - Sync 1 DAGs
[2022-12-24 13:44:17,185] {logging_mixin.py:115} INFO - [2022-12-24 13:44:17,184] {dag.py:2972} INFO - Setting next_dagrun for example_complex to None, run_after=None
[2022-12-24 13:44:17,211] {processor.py:161} INFO - Processing /home/airflow/.local/lib/python3.7/site-packages/airflow/example_dags/example_complex.py took 0.368 seconds
[2022-12-24 13:44:47,627] {processor.py:153} INFO - Started process (PID=716) to work on /home/airflow/.local/lib/python3.7/site-packages/airflow/example_dags/example_complex.py
[2022-12-24 13:44:47,628] {processor.py:641} INFO - Processing file /home/airflow/.local/lib/python3.7/site-packages/airflow/example_dags/example_complex.py for tasks to queue
[2022-12-24 13:44:47,629] {logging_mixin.py:115} INFO - [2022-12-24 13:44:47,629] {dagbag.py:508} INFO - Filling up the DagBag from /home/airflow/.local/lib/python3.7/site-packages/airflow/example_dags/example_complex.py
[2022-12-24 13:44:47,664] {processor.py:651} INFO - DAG(s) dict_keys(['example_complex']) retrieved from /home/airflow/.local/lib/python3.7/site-packages/airflow/example_dags/example_complex.py
[2022-12-24 13:44:47,916] {logging_mixin.py:115} INFO - [2022-12-24 13:44:47,916] {dag.py:2420} INFO - Sync 1 DAGs
[2022-12-24 13:44:47,952] {logging_mixin.py:115} INFO - [2022-12-24 13:44:47,952] {dag.py:2972} INFO - Setting next_dagrun for example_complex to None, run_after=None
[2022-12-24 13:44:47,975] {processor.py:161} INFO - Processing /home/airflow/.local/lib/python3.7/site-packages/airflow/example_dags/example_complex.py took 0.352 seconds
[2022-12-24 13:45:18,605] {processor.py:153} INFO - Started process (PID=779) to work on /home/airflow/.local/lib/python3.7/site-packages/airflow/example_dags/example_complex.py
[2022-12-24 13:45:18,606] {processor.py:641} INFO - Processing file /home/airflow/.local/lib/python3.7/site-packages/airflow/example_dags/example_complex.py for tasks to queue
[2022-12-24 13:45:18,607] {logging_mixin.py:115} INFO - [2022-12-24 13:45:18,607] {dagbag.py:508} INFO - Filling up the DagBag from /home/airflow/.local/lib/python3.7/site-packages/airflow/example_dags/example_complex.py
[2022-12-24 13:45:18,629] {processor.py:651} INFO - DAG(s) dict_keys(['example_complex']) retrieved from /home/airflow/.local/lib/python3.7/site-packages/airflow/example_dags/example_complex.py
[2022-12-24 13:45:18,903] {logging_mixin.py:115} INFO - [2022-12-24 13:45:18,903] {dag.py:2420} INFO - Sync 1 DAGs
[2022-12-24 13:45:18,943] {logging_mixin.py:115} INFO - [2022-12-24 13:45:18,942] {dag.py:2972} INFO - Setting next_dagrun for example_complex to None, run_after=None
[2022-12-24 13:45:18,966] {processor.py:161} INFO - Processing /home/airflow/.local/lib/python3.7/site-packages/airflow/example_dags/example_complex.py took 0.367 seconds
[2022-12-24 13:45:49,748] {processor.py:153} INFO - Started process (PID=833) to work on /home/airflow/.local/lib/python3.7/site-packages/airflow/example_dags/example_complex.py
[2022-12-24 13:45:49,749] {processor.py:641} INFO - Processing file /home/airflow/.local/lib/python3.7/site-packages/airflow/example_dags/example_complex.py for tasks to queue
[2022-12-24 13:45:49,750] {logging_mixin.py:115} INFO - [2022-12-24 13:45:49,750] {dagbag.py:508} INFO - Filling up the DagBag from /home/airflow/.local/lib/python3.7/site-packages/airflow/example_dags/example_complex.py
[2022-12-24 13:45:49,776] {processor.py:651} INFO - DAG(s) dict_keys(['example_complex']) retrieved from /home/airflow/.local/lib/python3.7/site-packages/airflow/example_dags/example_complex.py
[2022-12-24 13:45:50,078] {logging_mixin.py:115} INFO - [2022-12-24 13:45:50,078] {dag.py:2420} INFO - Sync 1 DAGs
[2022-12-24 13:45:50,121] {logging_mixin.py:115} INFO - [2022-12-24 13:45:50,120] {dag.py:2972} INFO - Setting next_dagrun for example_complex to None, run_after=None
[2022-12-24 13:45:50,149] {processor.py:161} INFO - Processing /home/airflow/.local/lib/python3.7/site-packages/airflow/example_dags/example_complex.py took 0.407 seconds
[2022-12-24 13:46:20,659] {processor.py:153} INFO - Started process (PID=895) to work on /home/airflow/.local/lib/python3.7/site-packages/airflow/example_dags/example_complex.py
[2022-12-24 13:46:20,660] {processor.py:641} INFO - Processing file /home/airflow/.local/lib/python3.7/site-packages/airflow/example_dags/example_complex.py for tasks to queue
[2022-12-24 13:46:20,661] {logging_mixin.py:115} INFO - [2022-12-24 13:46:20,661] {dagbag.py:508} INFO - Filling up the DagBag from /home/airflow/.local/lib/python3.7/site-packages/airflow/example_dags/example_complex.py
[2022-12-24 13:46:20,683] {processor.py:651} INFO - DAG(s) dict_keys(['example_complex']) retrieved from /home/airflow/.local/lib/python3.7/site-packages/airflow/example_dags/example_complex.py
[2022-12-24 13:46:20,981] {logging_mixin.py:115} INFO - [2022-12-24 13:46:20,980] {dag.py:2420} INFO - Sync 1 DAGs
[2022-12-24 13:46:21,044] {logging_mixin.py:115} INFO - [2022-12-24 13:46:21,044] {dag.py:2972} INFO - Setting next_dagrun for example_complex to None, run_after=None
[2022-12-24 13:46:21,075] {processor.py:161} INFO - Processing /home/airflow/.local/lib/python3.7/site-packages/airflow/example_dags/example_complex.py took 0.422 seconds
[2022-12-24 13:46:51,237] {processor.py:153} INFO - Started process (PID=949) to work on /home/airflow/.local/lib/python3.7/site-packages/airflow/example_dags/example_complex.py
[2022-12-24 13:46:51,238] {processor.py:641} INFO - Processing file /home/airflow/.local/lib/python3.7/site-packages/airflow/example_dags/example_complex.py for tasks to queue
[2022-12-24 13:46:51,238] {logging_mixin.py:115} INFO - [2022-12-24 13:46:51,238] {dagbag.py:508} INFO - Filling up the DagBag from /home/airflow/.local/lib/python3.7/site-packages/airflow/example_dags/example_complex.py
[2022-12-24 13:46:51,259] {processor.py:651} INFO - DAG(s) dict_keys(['example_complex']) retrieved from /home/airflow/.local/lib/python3.7/site-packages/airflow/example_dags/example_complex.py
[2022-12-24 13:46:51,509] {logging_mixin.py:115} INFO - [2022-12-24 13:46:51,509] {dag.py:2420} INFO - Sync 1 DAGs
[2022-12-24 13:46:51,545] {logging_mixin.py:115} INFO - [2022-12-24 13:46:51,545] {dag.py:2972} INFO - Setting next_dagrun for example_complex to None, run_after=None
[2022-12-24 13:46:51,569] {processor.py:161} INFO - Processing /home/airflow/.local/lib/python3.7/site-packages/airflow/example_dags/example_complex.py took 0.336 seconds
[2022-12-24 13:47:21,888] {processor.py:153} INFO - Started process (PID=1003) to work on /home/airflow/.local/lib/python3.7/site-packages/airflow/example_dags/example_complex.py
[2022-12-24 13:47:21,889] {processor.py:641} INFO - Processing file /home/airflow/.local/lib/python3.7/site-packages/airflow/example_dags/example_complex.py for tasks to queue
[2022-12-24 13:47:21,890] {logging_mixin.py:115} INFO - [2022-12-24 13:47:21,890] {dagbag.py:508} INFO - Filling up the DagBag from /home/airflow/.local/lib/python3.7/site-packages/airflow/example_dags/example_complex.py
[2022-12-24 13:47:21,910] {processor.py:651} INFO - DAG(s) dict_keys(['example_complex']) retrieved from /home/airflow/.local/lib/python3.7/site-packages/airflow/example_dags/example_complex.py
[2022-12-24 13:47:22,175] {logging_mixin.py:115} INFO - [2022-12-24 13:47:22,175] {dag.py:2420} INFO - Sync 1 DAGs
[2022-12-24 13:47:22,215] {logging_mixin.py:115} INFO - [2022-12-24 13:47:22,215] {dag.py:2972} INFO - Setting next_dagrun for example_complex to None, run_after=None
[2022-12-24 13:47:22,239] {processor.py:161} INFO - Processing /home/airflow/.local/lib/python3.7/site-packages/airflow/example_dags/example_complex.py took 0.356 seconds
[2022-12-24 13:47:52,652] {processor.py:153} INFO - Started process (PID=1067) to work on /home/airflow/.local/lib/python3.7/site-packages/airflow/example_dags/example_complex.py
[2022-12-24 13:47:52,653] {processor.py:641} INFO - Processing file /home/airflow/.local/lib/python3.7/site-packages/airflow/example_dags/example_complex.py for tasks to queue
[2022-12-24 13:47:52,654] {logging_mixin.py:115} INFO - [2022-12-24 13:47:52,654] {dagbag.py:508} INFO - Filling up the DagBag from /home/airflow/.local/lib/python3.7/site-packages/airflow/example_dags/example_complex.py
[2022-12-24 13:47:52,674] {processor.py:651} INFO - DAG(s) dict_keys(['example_complex']) retrieved from /home/airflow/.local/lib/python3.7/site-packages/airflow/example_dags/example_complex.py
[2022-12-24 13:47:52,927] {logging_mixin.py:115} INFO - [2022-12-24 13:47:52,927] {dag.py:2420} INFO - Sync 1 DAGs
[2022-12-24 13:47:52,962] {logging_mixin.py:115} INFO - [2022-12-24 13:47:52,961] {dag.py:2972} INFO - Setting next_dagrun for example_complex to None, run_after=None
[2022-12-24 13:47:52,985] {processor.py:161} INFO - Processing /home/airflow/.local/lib/python3.7/site-packages/airflow/example_dags/example_complex.py took 0.336 seconds
[2022-12-24 13:48:23,123] {processor.py:153} INFO - Started process (PID=1121) to work on /home/airflow/.local/lib/python3.7/site-packages/airflow/example_dags/example_complex.py
[2022-12-24 13:48:23,124] {processor.py:641} INFO - Processing file /home/airflow/.local/lib/python3.7/site-packages/airflow/example_dags/example_complex.py for tasks to queue
[2022-12-24 13:48:23,125] {logging_mixin.py:115} INFO - [2022-12-24 13:48:23,125] {dagbag.py:508} INFO - Filling up the DagBag from /home/airflow/.local/lib/python3.7/site-packages/airflow/example_dags/example_complex.py
[2022-12-24 13:48:23,155] {processor.py:651} INFO - DAG(s) dict_keys(['example_complex']) retrieved from /home/airflow/.local/lib/python3.7/site-packages/airflow/example_dags/example_complex.py
[2022-12-24 13:48:23,437] {logging_mixin.py:115} INFO - [2022-12-24 13:48:23,437] {dag.py:2420} INFO - Sync 1 DAGs
[2022-12-24 13:48:23,475] {logging_mixin.py:115} INFO - [2022-12-24 13:48:23,475] {dag.py:2972} INFO - Setting next_dagrun for example_complex to None, run_after=None
[2022-12-24 13:48:23,503] {processor.py:161} INFO - Processing /home/airflow/.local/lib/python3.7/site-packages/airflow/example_dags/example_complex.py took 0.384 seconds
[2022-12-24 13:48:54,739] {processor.py:153} INFO - Started process (PID=1184) to work on /home/airflow/.local/lib/python3.7/site-packages/airflow/example_dags/example_complex.py
[2022-12-24 13:48:54,740] {processor.py:641} INFO - Processing file /home/airflow/.local/lib/python3.7/site-packages/airflow/example_dags/example_complex.py for tasks to queue
[2022-12-24 13:48:54,742] {logging_mixin.py:115} INFO - [2022-12-24 13:48:54,741] {dagbag.py:508} INFO - Filling up the DagBag from /home/airflow/.local/lib/python3.7/site-packages/airflow/example_dags/example_complex.py
[2022-12-24 13:48:54,777] {processor.py:651} INFO - DAG(s) dict_keys(['example_complex']) retrieved from /home/airflow/.local/lib/python3.7/site-packages/airflow/example_dags/example_complex.py
[2022-12-24 13:48:55,112] {logging_mixin.py:115} INFO - [2022-12-24 13:48:55,111] {dag.py:2420} INFO - Sync 1 DAGs
[2022-12-24 13:48:55,156] {logging_mixin.py:115} INFO - [2022-12-24 13:48:55,156] {dag.py:2972} INFO - Setting next_dagrun for example_complex to None, run_after=None
[2022-12-24 13:48:55,187] {processor.py:161} INFO - Processing /home/airflow/.local/lib/python3.7/site-packages/airflow/example_dags/example_complex.py took 0.453 seconds
[2022-12-24 13:49:25,353] {processor.py:153} INFO - Started process (PID=1238) to work on /home/airflow/.local/lib/python3.7/site-packages/airflow/example_dags/example_complex.py
[2022-12-24 13:49:25,354] {processor.py:641} INFO - Processing file /home/airflow/.local/lib/python3.7/site-packages/airflow/example_dags/example_complex.py for tasks to queue
[2022-12-24 13:49:25,355] {logging_mixin.py:115} INFO - [2022-12-24 13:49:25,354] {dagbag.py:508} INFO - Filling up the DagBag from /home/airflow/.local/lib/python3.7/site-packages/airflow/example_dags/example_complex.py
[2022-12-24 13:49:25,381] {processor.py:651} INFO - DAG(s) dict_keys(['example_complex']) retrieved from /home/airflow/.local/lib/python3.7/site-packages/airflow/example_dags/example_complex.py
[2022-12-24 13:49:25,658] {logging_mixin.py:115} INFO - [2022-12-24 13:49:25,658] {dag.py:2420} INFO - Sync 1 DAGs
[2022-12-24 13:49:25,694] {logging_mixin.py:115} INFO - [2022-12-24 13:49:25,694] {dag.py:2972} INFO - Setting next_dagrun for example_complex to None, run_after=None
[2022-12-24 13:49:25,720] {processor.py:161} INFO - Processing /home/airflow/.local/lib/python3.7/site-packages/airflow/example_dags/example_complex.py took 0.371 seconds
[2022-12-24 13:49:56,136] {processor.py:153} INFO - Started process (PID=1292) to work on /home/airflow/.local/lib/python3.7/site-packages/airflow/example_dags/example_complex.py
[2022-12-24 13:49:56,138] {processor.py:641} INFO - Processing file /home/airflow/.local/lib/python3.7/site-packages/airflow/example_dags/example_complex.py for tasks to queue
[2022-12-24 13:49:56,139] {logging_mixin.py:115} INFO - [2022-12-24 13:49:56,139] {dagbag.py:508} INFO - Filling up the DagBag from /home/airflow/.local/lib/python3.7/site-packages/airflow/example_dags/example_complex.py
[2022-12-24 13:49:56,171] {processor.py:651} INFO - DAG(s) dict_keys(['example_complex']) retrieved from /home/airflow/.local/lib/python3.7/site-packages/airflow/example_dags/example_complex.py
[2022-12-24 13:49:56,457] {logging_mixin.py:115} INFO - [2022-12-24 13:49:56,456] {dag.py:2420} INFO - Sync 1 DAGs
[2022-12-24 13:49:56,504] {logging_mixin.py:115} INFO - [2022-12-24 13:49:56,504] {dag.py:2972} INFO - Setting next_dagrun for example_complex to None, run_after=None
[2022-12-24 13:49:56,532] {processor.py:161} INFO - Processing /home/airflow/.local/lib/python3.7/site-packages/airflow/example_dags/example_complex.py took 0.402 seconds
[2022-12-24 13:50:26,795] {processor.py:153} INFO - Started process (PID=1354) to work on /home/airflow/.local/lib/python3.7/site-packages/airflow/example_dags/example_complex.py
[2022-12-24 13:50:26,797] {processor.py:641} INFO - Processing file /home/airflow/.local/lib/python3.7/site-packages/airflow/example_dags/example_complex.py for tasks to queue
[2022-12-24 13:50:26,798] {logging_mixin.py:115} INFO - [2022-12-24 13:50:26,798] {dagbag.py:508} INFO - Filling up the DagBag from /home/airflow/.local/lib/python3.7/site-packages/airflow/example_dags/example_complex.py
[2022-12-24 13:50:26,837] {processor.py:651} INFO - DAG(s) dict_keys(['example_complex']) retrieved from /home/airflow/.local/lib/python3.7/site-packages/airflow/example_dags/example_complex.py
[2022-12-24 13:50:27,081] {logging_mixin.py:115} INFO - [2022-12-24 13:50:27,081] {dag.py:2420} INFO - Sync 1 DAGs
[2022-12-24 13:50:27,119] {logging_mixin.py:115} INFO - [2022-12-24 13:50:27,119] {dag.py:2972} INFO - Setting next_dagrun for example_complex to None, run_after=None
[2022-12-24 13:50:27,144] {processor.py:161} INFO - Processing /home/airflow/.local/lib/python3.7/site-packages/airflow/example_dags/example_complex.py took 0.356 seconds
[2022-12-24 13:50:57,533] {processor.py:153} INFO - Started process (PID=1408) to work on /home/airflow/.local/lib/python3.7/site-packages/airflow/example_dags/example_complex.py
[2022-12-24 13:50:57,534] {processor.py:641} INFO - Processing file /home/airflow/.local/lib/python3.7/site-packages/airflow/example_dags/example_complex.py for tasks to queue
[2022-12-24 13:50:57,535] {logging_mixin.py:115} INFO - [2022-12-24 13:50:57,535] {dagbag.py:508} INFO - Filling up the DagBag from /home/airflow/.local/lib/python3.7/site-packages/airflow/example_dags/example_complex.py
[2022-12-24 13:50:57,566] {processor.py:651} INFO - DAG(s) dict_keys(['example_complex']) retrieved from /home/airflow/.local/lib/python3.7/site-packages/airflow/example_dags/example_complex.py
[2022-12-24 13:50:57,901] {logging_mixin.py:115} INFO - [2022-12-24 13:50:57,901] {dag.py:2420} INFO - Sync 1 DAGs
[2022-12-24 13:50:57,943] {logging_mixin.py:115} INFO - [2022-12-24 13:50:57,943] {dag.py:2972} INFO - Setting next_dagrun for example_complex to None, run_after=None
[2022-12-24 13:50:57,970] {processor.py:161} INFO - Processing /home/airflow/.local/lib/python3.7/site-packages/airflow/example_dags/example_complex.py took 0.442 seconds
[2022-12-24 13:51:28,361] {processor.py:153} INFO - Started process (PID=1463) to work on /home/airflow/.local/lib/python3.7/site-packages/airflow/example_dags/example_complex.py
[2022-12-24 13:51:28,362] {processor.py:641} INFO - Processing file /home/airflow/.local/lib/python3.7/site-packages/airflow/example_dags/example_complex.py for tasks to queue
[2022-12-24 13:51:28,363] {logging_mixin.py:115} INFO - [2022-12-24 13:51:28,363] {dagbag.py:508} INFO - Filling up the DagBag from /home/airflow/.local/lib/python3.7/site-packages/airflow/example_dags/example_complex.py
[2022-12-24 13:51:28,393] {processor.py:651} INFO - DAG(s) dict_keys(['example_complex']) retrieved from /home/airflow/.local/lib/python3.7/site-packages/airflow/example_dags/example_complex.py
[2022-12-24 13:51:28,709] {logging_mixin.py:115} INFO - [2022-12-24 13:51:28,708] {dag.py:2420} INFO - Sync 1 DAGs
[2022-12-24 13:51:28,762] {logging_mixin.py:115} INFO - [2022-12-24 13:51:28,762] {dag.py:2972} INFO - Setting next_dagrun for example_complex to None, run_after=None
[2022-12-24 13:51:28,787] {processor.py:161} INFO - Processing /home/airflow/.local/lib/python3.7/site-packages/airflow/example_dags/example_complex.py took 0.432 seconds
[2022-12-24 13:51:59,037] {processor.py:153} INFO - Started process (PID=1525) to work on /home/airflow/.local/lib/python3.7/site-packages/airflow/example_dags/example_complex.py
[2022-12-24 13:51:59,039] {processor.py:641} INFO - Processing file /home/airflow/.local/lib/python3.7/site-packages/airflow/example_dags/example_complex.py for tasks to queue
[2022-12-24 13:51:59,040] {logging_mixin.py:115} INFO - [2022-12-24 13:51:59,040] {dagbag.py:508} INFO - Filling up the DagBag from /home/airflow/.local/lib/python3.7/site-packages/airflow/example_dags/example_complex.py
[2022-12-24 13:51:59,067] {processor.py:651} INFO - DAG(s) dict_keys(['example_complex']) retrieved from /home/airflow/.local/lib/python3.7/site-packages/airflow/example_dags/example_complex.py
[2022-12-24 13:51:59,353] {logging_mixin.py:115} INFO - [2022-12-24 13:51:59,353] {dag.py:2420} INFO - Sync 1 DAGs
[2022-12-24 13:51:59,395] {logging_mixin.py:115} INFO - [2022-12-24 13:51:59,394] {dag.py:2972} INFO - Setting next_dagrun for example_complex to None, run_after=None
[2022-12-24 13:51:59,427] {processor.py:161} INFO - Processing /home/airflow/.local/lib/python3.7/site-packages/airflow/example_dags/example_complex.py took 0.395 seconds
[2022-12-24 13:52:29,567] {processor.py:153} INFO - Started process (PID=1579) to work on /home/airflow/.local/lib/python3.7/site-packages/airflow/example_dags/example_complex.py
[2022-12-24 13:52:29,568] {processor.py:641} INFO - Processing file /home/airflow/.local/lib/python3.7/site-packages/airflow/example_dags/example_complex.py for tasks to queue
[2022-12-24 13:52:29,569] {logging_mixin.py:115} INFO - [2022-12-24 13:52:29,569] {dagbag.py:508} INFO - Filling up the DagBag from /home/airflow/.local/lib/python3.7/site-packages/airflow/example_dags/example_complex.py
[2022-12-24 13:52:29,601] {processor.py:651} INFO - DAG(s) dict_keys(['example_complex']) retrieved from /home/airflow/.local/lib/python3.7/site-packages/airflow/example_dags/example_complex.py
[2022-12-24 13:52:29,890] {logging_mixin.py:115} INFO - [2022-12-24 13:52:29,890] {dag.py:2420} INFO - Sync 1 DAGs
[2022-12-24 13:52:29,935] {logging_mixin.py:115} INFO - [2022-12-24 13:52:29,934] {dag.py:2972} INFO - Setting next_dagrun for example_complex to None, run_after=None
[2022-12-24 13:52:29,957] {processor.py:161} INFO - Processing /home/airflow/.local/lib/python3.7/site-packages/airflow/example_dags/example_complex.py took 0.399 seconds
[2022-12-24 13:53:00,170] {processor.py:153} INFO - Started process (PID=1633) to work on /home/airflow/.local/lib/python3.7/site-packages/airflow/example_dags/example_complex.py
[2022-12-24 13:53:00,171] {processor.py:641} INFO - Processing file /home/airflow/.local/lib/python3.7/site-packages/airflow/example_dags/example_complex.py for tasks to queue
[2022-12-24 13:53:00,172] {logging_mixin.py:115} INFO - [2022-12-24 13:53:00,172] {dagbag.py:508} INFO - Filling up the DagBag from /home/airflow/.local/lib/python3.7/site-packages/airflow/example_dags/example_complex.py
[2022-12-24 13:53:00,199] {processor.py:651} INFO - DAG(s) dict_keys(['example_complex']) retrieved from /home/airflow/.local/lib/python3.7/site-packages/airflow/example_dags/example_complex.py
[2022-12-24 13:53:00,451] {logging_mixin.py:115} INFO - [2022-12-24 13:53:00,451] {dag.py:2420} INFO - Sync 1 DAGs
[2022-12-24 13:53:00,494] {logging_mixin.py:115} INFO - [2022-12-24 13:53:00,494] {dag.py:2972} INFO - Setting next_dagrun for example_complex to None, run_after=None
[2022-12-24 13:53:00,522] {processor.py:161} INFO - Processing /home/airflow/.local/lib/python3.7/site-packages/airflow/example_dags/example_complex.py took 0.357 seconds
[2022-12-24 13:53:31,390] {processor.py:153} INFO - Started process (PID=1696) to work on /home/airflow/.local/lib/python3.7/site-packages/airflow/example_dags/example_complex.py
[2022-12-24 13:53:31,391] {processor.py:641} INFO - Processing file /home/airflow/.local/lib/python3.7/site-packages/airflow/example_dags/example_complex.py for tasks to queue
[2022-12-24 13:53:31,392] {logging_mixin.py:115} INFO - [2022-12-24 13:53:31,392] {dagbag.py:508} INFO - Filling up the DagBag from /home/airflow/.local/lib/python3.7/site-packages/airflow/example_dags/example_complex.py
[2022-12-24 13:53:31,432] {processor.py:651} INFO - DAG(s) dict_keys(['example_complex']) retrieved from /home/airflow/.local/lib/python3.7/site-packages/airflow/example_dags/example_complex.py
[2022-12-24 13:53:31,722] {logging_mixin.py:115} INFO - [2022-12-24 13:53:31,722] {dag.py:2420} INFO - Sync 1 DAGs
[2022-12-24 13:53:31,767] {logging_mixin.py:115} INFO - [2022-12-24 13:53:31,767] {dag.py:2972} INFO - Setting next_dagrun for example_complex to None, run_after=None
[2022-12-24 13:53:31,796] {processor.py:161} INFO - Processing /home/airflow/.local/lib/python3.7/site-packages/airflow/example_dags/example_complex.py took 0.411 seconds
[2022-12-24 13:54:02,325] {processor.py:153} INFO - Started process (PID=1749) to work on /home/airflow/.local/lib/python3.7/site-packages/airflow/example_dags/example_complex.py
[2022-12-24 13:54:02,326] {processor.py:641} INFO - Processing file /home/airflow/.local/lib/python3.7/site-packages/airflow/example_dags/example_complex.py for tasks to queue
[2022-12-24 13:54:02,327] {logging_mixin.py:115} INFO - [2022-12-24 13:54:02,327] {dagbag.py:508} INFO - Filling up the DagBag from /home/airflow/.local/lib/python3.7/site-packages/airflow/example_dags/example_complex.py
[2022-12-24 13:54:02,367] {processor.py:651} INFO - DAG(s) dict_keys(['example_complex']) retrieved from /home/airflow/.local/lib/python3.7/site-packages/airflow/example_dags/example_complex.py
[2022-12-24 13:54:02,617] {logging_mixin.py:115} INFO - [2022-12-24 13:54:02,617] {dag.py:2420} INFO - Sync 1 DAGs
[2022-12-24 13:54:02,657] {logging_mixin.py:115} INFO - [2022-12-24 13:54:02,657] {dag.py:2972} INFO - Setting next_dagrun for example_complex to None, run_after=None
[2022-12-24 13:54:02,684] {processor.py:161} INFO - Processing /home/airflow/.local/lib/python3.7/site-packages/airflow/example_dags/example_complex.py took 0.363 seconds
[2022-12-24 13:54:32,989] {processor.py:153} INFO - Started process (PID=1804) to work on /home/airflow/.local/lib/python3.7/site-packages/airflow/example_dags/example_complex.py
[2022-12-24 13:54:32,991] {processor.py:641} INFO - Processing file /home/airflow/.local/lib/python3.7/site-packages/airflow/example_dags/example_complex.py for tasks to queue
[2022-12-24 13:54:32,992] {logging_mixin.py:115} INFO - [2022-12-24 13:54:32,992] {dagbag.py:508} INFO - Filling up the DagBag from /home/airflow/.local/lib/python3.7/site-packages/airflow/example_dags/example_complex.py
[2022-12-24 13:54:33,033] {processor.py:651} INFO - DAG(s) dict_keys(['example_complex']) retrieved from /home/airflow/.local/lib/python3.7/site-packages/airflow/example_dags/example_complex.py
[2022-12-24 13:54:33,330] {logging_mixin.py:115} INFO - [2022-12-24 13:54:33,329] {dag.py:2420} INFO - Sync 1 DAGs
[2022-12-24 13:54:33,370] {logging_mixin.py:115} INFO - [2022-12-24 13:54:33,370] {dag.py:2972} INFO - Setting next_dagrun for example_complex to None, run_after=None
[2022-12-24 13:54:33,395] {processor.py:161} INFO - Processing /home/airflow/.local/lib/python3.7/site-packages/airflow/example_dags/example_complex.py took 0.414 seconds
[2022-12-24 13:55:03,822] {processor.py:153} INFO - Started process (PID=1867) to work on /home/airflow/.local/lib/python3.7/site-packages/airflow/example_dags/example_complex.py
[2022-12-24 13:55:03,823] {processor.py:641} INFO - Processing file /home/airflow/.local/lib/python3.7/site-packages/airflow/example_dags/example_complex.py for tasks to queue
[2022-12-24 13:55:03,824] {logging_mixin.py:115} INFO - [2022-12-24 13:55:03,824] {dagbag.py:508} INFO - Filling up the DagBag from /home/airflow/.local/lib/python3.7/site-packages/airflow/example_dags/example_complex.py
[2022-12-24 13:55:03,848] {processor.py:651} INFO - DAG(s) dict_keys(['example_complex']) retrieved from /home/airflow/.local/lib/python3.7/site-packages/airflow/example_dags/example_complex.py
[2022-12-24 13:55:04,090] {logging_mixin.py:115} INFO - [2022-12-24 13:55:04,090] {dag.py:2420} INFO - Sync 1 DAGs
[2022-12-24 13:55:04,130] {logging_mixin.py:115} INFO - [2022-12-24 13:55:04,130] {dag.py:2972} INFO - Setting next_dagrun for example_complex to None, run_after=None
[2022-12-24 13:55:04,158] {processor.py:161} INFO - Processing /home/airflow/.local/lib/python3.7/site-packages/airflow/example_dags/example_complex.py took 0.340 seconds
[2022-12-24 13:55:34,478] {processor.py:153} INFO - Started process (PID=1921) to work on /home/airflow/.local/lib/python3.7/site-packages/airflow/example_dags/example_complex.py
[2022-12-24 13:55:34,479] {processor.py:641} INFO - Processing file /home/airflow/.local/lib/python3.7/site-packages/airflow/example_dags/example_complex.py for tasks to queue
[2022-12-24 13:55:34,480] {logging_mixin.py:115} INFO - [2022-12-24 13:55:34,480] {dagbag.py:508} INFO - Filling up the DagBag from /home/airflow/.local/lib/python3.7/site-packages/airflow/example_dags/example_complex.py
[2022-12-24 13:55:34,506] {processor.py:651} INFO - DAG(s) dict_keys(['example_complex']) retrieved from /home/airflow/.local/lib/python3.7/site-packages/airflow/example_dags/example_complex.py
[2022-12-24 13:55:34,764] {logging_mixin.py:115} INFO - [2022-12-24 13:55:34,764] {dag.py:2420} INFO - Sync 1 DAGs
[2022-12-24 13:55:34,799] {logging_mixin.py:115} INFO - [2022-12-24 13:55:34,799] {dag.py:2972} INFO - Setting next_dagrun for example_complex to None, run_after=None
[2022-12-24 13:55:34,822] {processor.py:161} INFO - Processing /home/airflow/.local/lib/python3.7/site-packages/airflow/example_dags/example_complex.py took 0.349 seconds
[2022-12-24 13:56:05,192] {processor.py:153} INFO - Started process (PID=1984) to work on /home/airflow/.local/lib/python3.7/site-packages/airflow/example_dags/example_complex.py
[2022-12-24 13:56:05,193] {processor.py:641} INFO - Processing file /home/airflow/.local/lib/python3.7/site-packages/airflow/example_dags/example_complex.py for tasks to queue
[2022-12-24 13:56:05,194] {logging_mixin.py:115} INFO - [2022-12-24 13:56:05,194] {dagbag.py:508} INFO - Filling up the DagBag from /home/airflow/.local/lib/python3.7/site-packages/airflow/example_dags/example_complex.py
[2022-12-24 13:56:05,225] {processor.py:651} INFO - DAG(s) dict_keys(['example_complex']) retrieved from /home/airflow/.local/lib/python3.7/site-packages/airflow/example_dags/example_complex.py
[2022-12-24 13:56:05,477] {logging_mixin.py:115} INFO - [2022-12-24 13:56:05,477] {dag.py:2420} INFO - Sync 1 DAGs
[2022-12-24 13:56:05,517] {logging_mixin.py:115} INFO - [2022-12-24 13:56:05,516] {dag.py:2972} INFO - Setting next_dagrun for example_complex to None, run_after=None
[2022-12-24 13:56:05,542] {processor.py:161} INFO - Processing /home/airflow/.local/lib/python3.7/site-packages/airflow/example_dags/example_complex.py took 0.354 seconds
[2022-12-24 13:56:35,820] {processor.py:153} INFO - Started process (PID=2038) to work on /home/airflow/.local/lib/python3.7/site-packages/airflow/example_dags/example_complex.py
[2022-12-24 13:56:35,821] {processor.py:641} INFO - Processing file /home/airflow/.local/lib/python3.7/site-packages/airflow/example_dags/example_complex.py for tasks to queue
[2022-12-24 13:56:35,821] {logging_mixin.py:115} INFO - [2022-12-24 13:56:35,821] {dagbag.py:508} INFO - Filling up the DagBag from /home/airflow/.local/lib/python3.7/site-packages/airflow/example_dags/example_complex.py
[2022-12-24 13:56:35,848] {processor.py:651} INFO - DAG(s) dict_keys(['example_complex']) retrieved from /home/airflow/.local/lib/python3.7/site-packages/airflow/example_dags/example_complex.py
[2022-12-24 13:56:36,117] {logging_mixin.py:115} INFO - [2022-12-24 13:56:36,117] {dag.py:2420} INFO - Sync 1 DAGs
[2022-12-24 13:56:36,157] {logging_mixin.py:115} INFO - [2022-12-24 13:56:36,156] {dag.py:2972} INFO - Setting next_dagrun for example_complex to None, run_after=None
[2022-12-24 13:56:36,180] {processor.py:161} INFO - Processing /home/airflow/.local/lib/python3.7/site-packages/airflow/example_dags/example_complex.py took 0.365 seconds
[2022-12-24 13:57:06,628] {processor.py:153} INFO - Started process (PID=2092) to work on /home/airflow/.local/lib/python3.7/site-packages/airflow/example_dags/example_complex.py
[2022-12-24 13:57:06,629] {processor.py:641} INFO - Processing file /home/airflow/.local/lib/python3.7/site-packages/airflow/example_dags/example_complex.py for tasks to queue
[2022-12-24 13:57:06,629] {logging_mixin.py:115} INFO - [2022-12-24 13:57:06,629] {dagbag.py:508} INFO - Filling up the DagBag from /home/airflow/.local/lib/python3.7/site-packages/airflow/example_dags/example_complex.py
[2022-12-24 13:57:06,658] {processor.py:651} INFO - DAG(s) dict_keys(['example_complex']) retrieved from /home/airflow/.local/lib/python3.7/site-packages/airflow/example_dags/example_complex.py
[2022-12-24 13:57:06,981] {logging_mixin.py:115} INFO - [2022-12-24 13:57:06,981] {dag.py:2420} INFO - Sync 1 DAGs
[2022-12-24 13:57:07,021] {logging_mixin.py:115} INFO - [2022-12-24 13:57:07,021] {dag.py:2972} INFO - Setting next_dagrun for example_complex to None, run_after=None
[2022-12-24 13:57:07,050] {processor.py:161} INFO - Processing /home/airflow/.local/lib/python3.7/site-packages/airflow/example_dags/example_complex.py took 0.429 seconds
[2022-12-24 13:57:37,557] {processor.py:153} INFO - Started process (PID=2155) to work on /home/airflow/.local/lib/python3.7/site-packages/airflow/example_dags/example_complex.py
[2022-12-24 13:57:37,557] {processor.py:641} INFO - Processing file /home/airflow/.local/lib/python3.7/site-packages/airflow/example_dags/example_complex.py for tasks to queue
[2022-12-24 13:57:37,558] {logging_mixin.py:115} INFO - [2022-12-24 13:57:37,558] {dagbag.py:508} INFO - Filling up the DagBag from /home/airflow/.local/lib/python3.7/site-packages/airflow/example_dags/example_complex.py
[2022-12-24 13:57:37,584] {processor.py:651} INFO - DAG(s) dict_keys(['example_complex']) retrieved from /home/airflow/.local/lib/python3.7/site-packages/airflow/example_dags/example_complex.py
[2022-12-24 13:57:37,827] {logging_mixin.py:115} INFO - [2022-12-24 13:57:37,827] {dag.py:2420} INFO - Sync 1 DAGs
[2022-12-24 13:57:37,861] {logging_mixin.py:115} INFO - [2022-12-24 13:57:37,860] {dag.py:2972} INFO - Setting next_dagrun for example_complex to None, run_after=None
[2022-12-24 13:57:37,883] {processor.py:161} INFO - Processing /home/airflow/.local/lib/python3.7/site-packages/airflow/example_dags/example_complex.py took 0.331 seconds
[2022-12-24 13:58:08,427] {processor.py:153} INFO - Started process (PID=2210) to work on /home/airflow/.local/lib/python3.7/site-packages/airflow/example_dags/example_complex.py
[2022-12-24 13:58:08,428] {processor.py:641} INFO - Processing file /home/airflow/.local/lib/python3.7/site-packages/airflow/example_dags/example_complex.py for tasks to queue
[2022-12-24 13:58:08,429] {logging_mixin.py:115} INFO - [2022-12-24 13:58:08,428] {dagbag.py:508} INFO - Filling up the DagBag from /home/airflow/.local/lib/python3.7/site-packages/airflow/example_dags/example_complex.py
[2022-12-24 13:58:08,458] {processor.py:651} INFO - DAG(s) dict_keys(['example_complex']) retrieved from /home/airflow/.local/lib/python3.7/site-packages/airflow/example_dags/example_complex.py
[2022-12-24 13:58:08,774] {logging_mixin.py:115} INFO - [2022-12-24 13:58:08,774] {dag.py:2420} INFO - Sync 1 DAGs
[2022-12-24 13:58:08,816] {logging_mixin.py:115} INFO - [2022-12-24 13:58:08,816] {dag.py:2972} INFO - Setting next_dagrun for example_complex to None, run_after=None
[2022-12-24 13:58:08,838] {processor.py:161} INFO - Processing /home/airflow/.local/lib/python3.7/site-packages/airflow/example_dags/example_complex.py took 0.415 seconds
[2022-12-24 13:58:40,386] {processor.py:153} INFO - Started process (PID=2274) to work on /home/airflow/.local/lib/python3.7/site-packages/airflow/example_dags/example_complex.py
[2022-12-24 13:58:40,388] {processor.py:641} INFO - Processing file /home/airflow/.local/lib/python3.7/site-packages/airflow/example_dags/example_complex.py for tasks to queue
[2022-12-24 13:58:40,389] {logging_mixin.py:115} INFO - [2022-12-24 13:58:40,389] {dagbag.py:508} INFO - Filling up the DagBag from /home/airflow/.local/lib/python3.7/site-packages/airflow/example_dags/example_complex.py
[2022-12-24 13:58:40,436] {processor.py:651} INFO - DAG(s) dict_keys(['example_complex']) retrieved from /home/airflow/.local/lib/python3.7/site-packages/airflow/example_dags/example_complex.py
[2022-12-24 13:58:40,967] {logging_mixin.py:115} INFO - [2022-12-24 13:58:40,966] {dag.py:2420} INFO - Sync 1 DAGs
[2022-12-24 13:58:41,015] {logging_mixin.py:115} INFO - [2022-12-24 13:58:41,015] {dag.py:2972} INFO - Setting next_dagrun for example_complex to None, run_after=None
[2022-12-24 13:58:41,050] {processor.py:161} INFO - Processing /home/airflow/.local/lib/python3.7/site-packages/airflow/example_dags/example_complex.py took 0.672 seconds
[2022-12-24 13:59:11,189] {processor.py:153} INFO - Started process (PID=2329) to work on /home/airflow/.local/lib/python3.7/site-packages/airflow/example_dags/example_complex.py
[2022-12-24 13:59:11,190] {processor.py:641} INFO - Processing file /home/airflow/.local/lib/python3.7/site-packages/airflow/example_dags/example_complex.py for tasks to queue
[2022-12-24 13:59:11,192] {logging_mixin.py:115} INFO - [2022-12-24 13:59:11,192] {dagbag.py:508} INFO - Filling up the DagBag from /home/airflow/.local/lib/python3.7/site-packages/airflow/example_dags/example_complex.py
[2022-12-24 13:59:11,472] {processor.py:651} INFO - DAG(s) dict_keys(['example_complex']) retrieved from /home/airflow/.local/lib/python3.7/site-packages/airflow/example_dags/example_complex.py
[2022-12-24 13:59:11,525] {logging_mixin.py:115} INFO - [2022-12-24 13:59:11,525] {dag.py:2420} INFO - Sync 1 DAGs
[2022-12-24 13:59:11,588] {logging_mixin.py:115} INFO - [2022-12-24 13:59:11,588] {dag.py:2972} INFO - Setting next_dagrun for example_complex to None, run_after=None
[2022-12-24 13:59:11,617] {processor.py:161} INFO - Processing /home/airflow/.local/lib/python3.7/site-packages/airflow/example_dags/example_complex.py took 0.434 seconds
[2022-12-24 13:59:41,872] {processor.py:153} INFO - Started process (PID=2383) to work on /home/airflow/.local/lib/python3.7/site-packages/airflow/example_dags/example_complex.py
[2022-12-24 13:59:41,874] {processor.py:641} INFO - Processing file /home/airflow/.local/lib/python3.7/site-packages/airflow/example_dags/example_complex.py for tasks to queue
[2022-12-24 13:59:41,875] {logging_mixin.py:115} INFO - [2022-12-24 13:59:41,875] {dagbag.py:508} INFO - Filling up the DagBag from /home/airflow/.local/lib/python3.7/site-packages/airflow/example_dags/example_complex.py
[2022-12-24 13:59:42,226] {processor.py:651} INFO - DAG(s) dict_keys(['example_complex']) retrieved from /home/airflow/.local/lib/python3.7/site-packages/airflow/example_dags/example_complex.py
[2022-12-24 13:59:42,283] {logging_mixin.py:115} INFO - [2022-12-24 13:59:42,282] {dag.py:2420} INFO - Sync 1 DAGs
[2022-12-24 13:59:42,326] {logging_mixin.py:115} INFO - [2022-12-24 13:59:42,326] {dag.py:2972} INFO - Setting next_dagrun for example_complex to None, run_after=None
[2022-12-24 13:59:42,352] {processor.py:161} INFO - Processing /home/airflow/.local/lib/python3.7/site-packages/airflow/example_dags/example_complex.py took 0.486 seconds
[2022-12-24 14:00:12,836] {processor.py:153} INFO - Started process (PID=2436) to work on /home/airflow/.local/lib/python3.7/site-packages/airflow/example_dags/example_complex.py
[2022-12-24 14:00:12,837] {processor.py:641} INFO - Processing file /home/airflow/.local/lib/python3.7/site-packages/airflow/example_dags/example_complex.py for tasks to queue
[2022-12-24 14:00:12,838] {logging_mixin.py:115} INFO - [2022-12-24 14:00:12,838] {dagbag.py:508} INFO - Filling up the DagBag from /home/airflow/.local/lib/python3.7/site-packages/airflow/example_dags/example_complex.py
[2022-12-24 14:00:13,128] {processor.py:651} INFO - DAG(s) dict_keys(['example_complex']) retrieved from /home/airflow/.local/lib/python3.7/site-packages/airflow/example_dags/example_complex.py
[2022-12-24 14:00:13,181] {logging_mixin.py:115} INFO - [2022-12-24 14:00:13,181] {dag.py:2420} INFO - Sync 1 DAGs
[2022-12-24 14:00:13,231] {logging_mixin.py:115} INFO - [2022-12-24 14:00:13,231] {dag.py:2972} INFO - Setting next_dagrun for example_complex to None, run_after=None
[2022-12-24 14:00:13,261] {processor.py:161} INFO - Processing /home/airflow/.local/lib/python3.7/site-packages/airflow/example_dags/example_complex.py took 0.430 seconds
[2022-12-24 14:00:43,819] {processor.py:153} INFO - Started process (PID=2500) to work on /home/airflow/.local/lib/python3.7/site-packages/airflow/example_dags/example_complex.py
[2022-12-24 14:00:43,821] {processor.py:641} INFO - Processing file /home/airflow/.local/lib/python3.7/site-packages/airflow/example_dags/example_complex.py for tasks to queue
[2022-12-24 14:00:43,822] {logging_mixin.py:115} INFO - [2022-12-24 14:00:43,822] {dagbag.py:508} INFO - Filling up the DagBag from /home/airflow/.local/lib/python3.7/site-packages/airflow/example_dags/example_complex.py
[2022-12-24 14:00:44,233] {processor.py:651} INFO - DAG(s) dict_keys(['example_complex']) retrieved from /home/airflow/.local/lib/python3.7/site-packages/airflow/example_dags/example_complex.py
[2022-12-24 14:00:44,287] {logging_mixin.py:115} INFO - [2022-12-24 14:00:44,287] {dag.py:2420} INFO - Sync 1 DAGs
[2022-12-24 14:00:44,333] {logging_mixin.py:115} INFO - [2022-12-24 14:00:44,333] {dag.py:2972} INFO - Setting next_dagrun for example_complex to None, run_after=None
[2022-12-24 14:00:44,360] {processor.py:161} INFO - Processing /home/airflow/.local/lib/python3.7/site-packages/airflow/example_dags/example_complex.py took 0.548 seconds
[2022-12-24 14:01:14,496] {processor.py:153} INFO - Started process (PID=2554) to work on /home/airflow/.local/lib/python3.7/site-packages/airflow/example_dags/example_complex.py
[2022-12-24 14:01:14,498] {processor.py:641} INFO - Processing file /home/airflow/.local/lib/python3.7/site-packages/airflow/example_dags/example_complex.py for tasks to queue
[2022-12-24 14:01:14,499] {logging_mixin.py:115} INFO - [2022-12-24 14:01:14,498] {dagbag.py:508} INFO - Filling up the DagBag from /home/airflow/.local/lib/python3.7/site-packages/airflow/example_dags/example_complex.py
[2022-12-24 14:01:14,754] {processor.py:651} INFO - DAG(s) dict_keys(['example_complex']) retrieved from /home/airflow/.local/lib/python3.7/site-packages/airflow/example_dags/example_complex.py
[2022-12-24 14:01:14,801] {logging_mixin.py:115} INFO - [2022-12-24 14:01:14,801] {dag.py:2420} INFO - Sync 1 DAGs
[2022-12-24 14:01:14,840] {logging_mixin.py:115} INFO - [2022-12-24 14:01:14,840] {dag.py:2972} INFO - Setting next_dagrun for example_complex to None, run_after=None
[2022-12-24 14:01:14,866] {processor.py:161} INFO - Processing /home/airflow/.local/lib/python3.7/site-packages/airflow/example_dags/example_complex.py took 0.376 seconds
[2022-12-24 14:01:45,204] {processor.py:153} INFO - Started process (PID=2608) to work on /home/airflow/.local/lib/python3.7/site-packages/airflow/example_dags/example_complex.py
[2022-12-24 14:01:45,205] {processor.py:641} INFO - Processing file /home/airflow/.local/lib/python3.7/site-packages/airflow/example_dags/example_complex.py for tasks to queue
[2022-12-24 14:01:45,206] {logging_mixin.py:115} INFO - [2022-12-24 14:01:45,205] {dagbag.py:508} INFO - Filling up the DagBag from /home/airflow/.local/lib/python3.7/site-packages/airflow/example_dags/example_complex.py
[2022-12-24 14:01:45,443] {processor.py:651} INFO - DAG(s) dict_keys(['example_complex']) retrieved from /home/airflow/.local/lib/python3.7/site-packages/airflow/example_dags/example_complex.py
[2022-12-24 14:01:45,490] {logging_mixin.py:115} INFO - [2022-12-24 14:01:45,490] {dag.py:2420} INFO - Sync 1 DAGs
[2022-12-24 14:01:45,529] {logging_mixin.py:115} INFO - [2022-12-24 14:01:45,528] {dag.py:2972} INFO - Setting next_dagrun for example_complex to None, run_after=None
[2022-12-24 14:01:45,551] {processor.py:161} INFO - Processing /home/airflow/.local/lib/python3.7/site-packages/airflow/example_dags/example_complex.py took 0.351 seconds
