[2022-12-24 10:38:55,164] {processor.py:153} INFO - Started process (PID=54) to work on /home/airflow/.local/lib/python3.7/site-packages/airflow/example_dags/example_time_delta_sensor_async.py
[2022-12-24 10:38:55,165] {processor.py:641} INFO - Processing file /home/airflow/.local/lib/python3.7/site-packages/airflow/example_dags/example_time_delta_sensor_async.py for tasks to queue
[2022-12-24 10:38:55,165] {logging_mixin.py:115} INFO - [2022-12-24 10:38:55,165] {dagbag.py:508} INFO - Filling up the DagBag from /home/airflow/.local/lib/python3.7/site-packages/airflow/example_dags/example_time_delta_sensor_async.py
[2022-12-24 10:38:55,172] {processor.py:651} INFO - DAG(s) dict_keys(['example_time_delta_sensor_async']) retrieved from /home/airflow/.local/lib/python3.7/site-packages/airflow/example_dags/example_time_delta_sensor_async.py
[2022-12-24 10:38:55,574] {logging_mixin.py:115} INFO - [2022-12-24 10:38:55,573] {dag.py:2420} INFO - Sync 1 DAGs
[2022-12-24 10:38:55,606] {logging_mixin.py:115} INFO - [2022-12-24 10:38:55,606] {dag.py:2972} INFO - Setting next_dagrun for example_time_delta_sensor_async to None, run_after=None
[2022-12-24 10:38:55,624] {processor.py:161} INFO - Processing /home/airflow/.local/lib/python3.7/site-packages/airflow/example_dags/example_time_delta_sensor_async.py took 0.465 seconds
[2022-12-24 13:39:07,757] {processor.py:153} INFO - Started process (PID=99) to work on /home/airflow/.local/lib/python3.7/site-packages/airflow/example_dags/example_time_delta_sensor_async.py
[2022-12-24 13:39:07,758] {processor.py:641} INFO - Processing file /home/airflow/.local/lib/python3.7/site-packages/airflow/example_dags/example_time_delta_sensor_async.py for tasks to queue
[2022-12-24 13:39:07,759] {logging_mixin.py:115} INFO - [2022-12-24 13:39:07,759] {dagbag.py:508} INFO - Filling up the DagBag from /home/airflow/.local/lib/python3.7/site-packages/airflow/example_dags/example_time_delta_sensor_async.py
[2022-12-24 13:39:07,767] {processor.py:651} INFO - DAG(s) dict_keys(['example_time_delta_sensor_async']) retrieved from /home/airflow/.local/lib/python3.7/site-packages/airflow/example_dags/example_time_delta_sensor_async.py
[2022-12-24 13:39:08,224] {logging_mixin.py:115} INFO - [2022-12-24 13:39:08,223] {dag.py:2420} INFO - Sync 1 DAGs
[2022-12-24 13:39:08,264] {logging_mixin.py:115} INFO - [2022-12-24 13:39:08,263] {dag.py:2972} INFO - Setting next_dagrun for example_time_delta_sensor_async to None, run_after=None
[2022-12-24 13:39:08,287] {processor.py:161} INFO - Processing /home/airflow/.local/lib/python3.7/site-packages/airflow/example_dags/example_time_delta_sensor_async.py took 0.536 seconds
[2022-12-24 13:39:38,655] {processor.py:153} INFO - Started process (PID=152) to work on /home/airflow/.local/lib/python3.7/site-packages/airflow/example_dags/example_time_delta_sensor_async.py
[2022-12-24 13:39:38,656] {processor.py:641} INFO - Processing file /home/airflow/.local/lib/python3.7/site-packages/airflow/example_dags/example_time_delta_sensor_async.py for tasks to queue
[2022-12-24 13:39:38,657] {logging_mixin.py:115} INFO - [2022-12-24 13:39:38,657] {dagbag.py:508} INFO - Filling up the DagBag from /home/airflow/.local/lib/python3.7/site-packages/airflow/example_dags/example_time_delta_sensor_async.py
[2022-12-24 13:39:38,666] {processor.py:651} INFO - DAG(s) dict_keys(['example_time_delta_sensor_async']) retrieved from /home/airflow/.local/lib/python3.7/site-packages/airflow/example_dags/example_time_delta_sensor_async.py
[2022-12-24 13:39:39,249] {logging_mixin.py:115} INFO - [2022-12-24 13:39:39,249] {dag.py:2420} INFO - Sync 1 DAGs
[2022-12-24 13:39:39,294] {logging_mixin.py:115} INFO - [2022-12-24 13:39:39,294] {dag.py:2972} INFO - Setting next_dagrun for example_time_delta_sensor_async to None, run_after=None
[2022-12-24 13:39:39,325] {processor.py:161} INFO - Processing /home/airflow/.local/lib/python3.7/site-packages/airflow/example_dags/example_time_delta_sensor_async.py took 0.676 seconds
[2022-12-24 13:40:09,406] {processor.py:153} INFO - Started process (PID=206) to work on /home/airflow/.local/lib/python3.7/site-packages/airflow/example_dags/example_time_delta_sensor_async.py
[2022-12-24 13:40:09,445] {processor.py:641} INFO - Processing file /home/airflow/.local/lib/python3.7/site-packages/airflow/example_dags/example_time_delta_sensor_async.py for tasks to queue
[2022-12-24 13:40:09,447] {logging_mixin.py:115} INFO - [2022-12-24 13:40:09,446] {dagbag.py:508} INFO - Filling up the DagBag from /home/airflow/.local/lib/python3.7/site-packages/airflow/example_dags/example_time_delta_sensor_async.py
[2022-12-24 13:40:09,474] {processor.py:651} INFO - DAG(s) dict_keys(['example_time_delta_sensor_async']) retrieved from /home/airflow/.local/lib/python3.7/site-packages/airflow/example_dags/example_time_delta_sensor_async.py
[2022-12-24 13:40:10,219] {logging_mixin.py:115} INFO - [2022-12-24 13:40:10,218] {dag.py:2420} INFO - Sync 1 DAGs
[2022-12-24 13:40:10,285] {logging_mixin.py:115} INFO - [2022-12-24 13:40:10,285] {dag.py:2972} INFO - Setting next_dagrun for example_time_delta_sensor_async to None, run_after=None
[2022-12-24 13:40:10,324] {processor.py:161} INFO - Processing /home/airflow/.local/lib/python3.7/site-packages/airflow/example_dags/example_time_delta_sensor_async.py took 0.925 seconds
[2022-12-24 13:40:40,502] {processor.py:153} INFO - Started process (PID=268) to work on /home/airflow/.local/lib/python3.7/site-packages/airflow/example_dags/example_time_delta_sensor_async.py
[2022-12-24 13:40:40,503] {processor.py:641} INFO - Processing file /home/airflow/.local/lib/python3.7/site-packages/airflow/example_dags/example_time_delta_sensor_async.py for tasks to queue
[2022-12-24 13:40:40,504] {logging_mixin.py:115} INFO - [2022-12-24 13:40:40,503] {dagbag.py:508} INFO - Filling up the DagBag from /home/airflow/.local/lib/python3.7/site-packages/airflow/example_dags/example_time_delta_sensor_async.py
[2022-12-24 13:40:40,514] {processor.py:651} INFO - DAG(s) dict_keys(['example_time_delta_sensor_async']) retrieved from /home/airflow/.local/lib/python3.7/site-packages/airflow/example_dags/example_time_delta_sensor_async.py
[2022-12-24 13:40:41,010] {logging_mixin.py:115} INFO - [2022-12-24 13:40:41,009] {dag.py:2420} INFO - Sync 1 DAGs
[2022-12-24 13:40:41,070] {logging_mixin.py:115} INFO - [2022-12-24 13:40:41,070] {dag.py:2972} INFO - Setting next_dagrun for example_time_delta_sensor_async to None, run_after=None
[2022-12-24 13:40:41,101] {processor.py:161} INFO - Processing /home/airflow/.local/lib/python3.7/site-packages/airflow/example_dags/example_time_delta_sensor_async.py took 0.607 seconds
[2022-12-24 13:41:11,702] {processor.py:153} INFO - Started process (PID=322) to work on /home/airflow/.local/lib/python3.7/site-packages/airflow/example_dags/example_time_delta_sensor_async.py
[2022-12-24 13:41:11,703] {processor.py:641} INFO - Processing file /home/airflow/.local/lib/python3.7/site-packages/airflow/example_dags/example_time_delta_sensor_async.py for tasks to queue
[2022-12-24 13:41:11,704] {logging_mixin.py:115} INFO - [2022-12-24 13:41:11,704] {dagbag.py:508} INFO - Filling up the DagBag from /home/airflow/.local/lib/python3.7/site-packages/airflow/example_dags/example_time_delta_sensor_async.py
[2022-12-24 13:41:11,714] {processor.py:651} INFO - DAG(s) dict_keys(['example_time_delta_sensor_async']) retrieved from /home/airflow/.local/lib/python3.7/site-packages/airflow/example_dags/example_time_delta_sensor_async.py
[2022-12-24 13:41:12,185] {logging_mixin.py:115} INFO - [2022-12-24 13:41:12,185] {dag.py:2420} INFO - Sync 1 DAGs
[2022-12-24 13:41:12,228] {logging_mixin.py:115} INFO - [2022-12-24 13:41:12,228] {dag.py:2972} INFO - Setting next_dagrun for example_time_delta_sensor_async to None, run_after=None
[2022-12-24 13:41:12,251] {processor.py:161} INFO - Processing /home/airflow/.local/lib/python3.7/site-packages/airflow/example_dags/example_time_delta_sensor_async.py took 0.554 seconds
[2022-12-24 13:41:42,752] {processor.py:153} INFO - Started process (PID=376) to work on /home/airflow/.local/lib/python3.7/site-packages/airflow/example_dags/example_time_delta_sensor_async.py
[2022-12-24 13:41:42,754] {processor.py:641} INFO - Processing file /home/airflow/.local/lib/python3.7/site-packages/airflow/example_dags/example_time_delta_sensor_async.py for tasks to queue
[2022-12-24 13:41:42,755] {logging_mixin.py:115} INFO - [2022-12-24 13:41:42,755] {dagbag.py:508} INFO - Filling up the DagBag from /home/airflow/.local/lib/python3.7/site-packages/airflow/example_dags/example_time_delta_sensor_async.py
[2022-12-24 13:41:42,765] {processor.py:651} INFO - DAG(s) dict_keys(['example_time_delta_sensor_async']) retrieved from /home/airflow/.local/lib/python3.7/site-packages/airflow/example_dags/example_time_delta_sensor_async.py
[2022-12-24 13:41:43,195] {logging_mixin.py:115} INFO - [2022-12-24 13:41:43,195] {dag.py:2420} INFO - Sync 1 DAGs
[2022-12-24 13:41:43,233] {logging_mixin.py:115} INFO - [2022-12-24 13:41:43,233] {dag.py:2972} INFO - Setting next_dagrun for example_time_delta_sensor_async to None, run_after=None
[2022-12-24 13:41:43,261] {processor.py:161} INFO - Processing /home/airflow/.local/lib/python3.7/site-packages/airflow/example_dags/example_time_delta_sensor_async.py took 0.515 seconds
[2022-12-24 13:42:13,540] {processor.py:153} INFO - Started process (PID=430) to work on /home/airflow/.local/lib/python3.7/site-packages/airflow/example_dags/example_time_delta_sensor_async.py
[2022-12-24 13:42:13,541] {processor.py:641} INFO - Processing file /home/airflow/.local/lib/python3.7/site-packages/airflow/example_dags/example_time_delta_sensor_async.py for tasks to queue
[2022-12-24 13:42:13,542] {logging_mixin.py:115} INFO - [2022-12-24 13:42:13,542] {dagbag.py:508} INFO - Filling up the DagBag from /home/airflow/.local/lib/python3.7/site-packages/airflow/example_dags/example_time_delta_sensor_async.py
[2022-12-24 13:42:13,550] {processor.py:651} INFO - DAG(s) dict_keys(['example_time_delta_sensor_async']) retrieved from /home/airflow/.local/lib/python3.7/site-packages/airflow/example_dags/example_time_delta_sensor_async.py
[2022-12-24 13:42:14,034] {logging_mixin.py:115} INFO - [2022-12-24 13:42:14,034] {dag.py:2420} INFO - Sync 1 DAGs
[2022-12-24 13:42:14,092] {logging_mixin.py:115} INFO - [2022-12-24 13:42:14,091] {dag.py:2972} INFO - Setting next_dagrun for example_time_delta_sensor_async to None, run_after=None
[2022-12-24 13:42:14,124] {processor.py:161} INFO - Processing /home/airflow/.local/lib/python3.7/site-packages/airflow/example_dags/example_time_delta_sensor_async.py took 0.588 seconds
[2022-12-24 13:42:44,431] {processor.py:153} INFO - Started process (PID=493) to work on /home/airflow/.local/lib/python3.7/site-packages/airflow/example_dags/example_time_delta_sensor_async.py
[2022-12-24 13:42:44,432] {processor.py:641} INFO - Processing file /home/airflow/.local/lib/python3.7/site-packages/airflow/example_dags/example_time_delta_sensor_async.py for tasks to queue
[2022-12-24 13:42:44,433] {logging_mixin.py:115} INFO - [2022-12-24 13:42:44,433] {dagbag.py:508} INFO - Filling up the DagBag from /home/airflow/.local/lib/python3.7/site-packages/airflow/example_dags/example_time_delta_sensor_async.py
[2022-12-24 13:42:44,440] {processor.py:651} INFO - DAG(s) dict_keys(['example_time_delta_sensor_async']) retrieved from /home/airflow/.local/lib/python3.7/site-packages/airflow/example_dags/example_time_delta_sensor_async.py
[2022-12-24 13:42:44,907] {logging_mixin.py:115} INFO - [2022-12-24 13:42:44,906] {dag.py:2420} INFO - Sync 1 DAGs
[2022-12-24 13:42:44,953] {logging_mixin.py:115} INFO - [2022-12-24 13:42:44,953] {dag.py:2972} INFO - Setting next_dagrun for example_time_delta_sensor_async to None, run_after=None
[2022-12-24 13:42:44,981] {processor.py:161} INFO - Processing /home/airflow/.local/lib/python3.7/site-packages/airflow/example_dags/example_time_delta_sensor_async.py took 0.555 seconds
[2022-12-24 13:43:15,213] {processor.py:153} INFO - Started process (PID=547) to work on /home/airflow/.local/lib/python3.7/site-packages/airflow/example_dags/example_time_delta_sensor_async.py
[2022-12-24 13:43:15,214] {processor.py:641} INFO - Processing file /home/airflow/.local/lib/python3.7/site-packages/airflow/example_dags/example_time_delta_sensor_async.py for tasks to queue
[2022-12-24 13:43:15,215] {logging_mixin.py:115} INFO - [2022-12-24 13:43:15,215] {dagbag.py:508} INFO - Filling up the DagBag from /home/airflow/.local/lib/python3.7/site-packages/airflow/example_dags/example_time_delta_sensor_async.py
[2022-12-24 13:43:15,222] {processor.py:651} INFO - DAG(s) dict_keys(['example_time_delta_sensor_async']) retrieved from /home/airflow/.local/lib/python3.7/site-packages/airflow/example_dags/example_time_delta_sensor_async.py
[2022-12-24 13:43:15,700] {logging_mixin.py:115} INFO - [2022-12-24 13:43:15,699] {dag.py:2420} INFO - Sync 1 DAGs
[2022-12-24 13:43:15,740] {logging_mixin.py:115} INFO - [2022-12-24 13:43:15,740] {dag.py:2972} INFO - Setting next_dagrun for example_time_delta_sensor_async to None, run_after=None
[2022-12-24 13:43:15,766] {processor.py:161} INFO - Processing /home/airflow/.local/lib/python3.7/site-packages/airflow/example_dags/example_time_delta_sensor_async.py took 0.558 seconds
[2022-12-24 13:43:46,479] {processor.py:153} INFO - Started process (PID=609) to work on /home/airflow/.local/lib/python3.7/site-packages/airflow/example_dags/example_time_delta_sensor_async.py
[2022-12-24 13:43:46,480] {processor.py:641} INFO - Processing file /home/airflow/.local/lib/python3.7/site-packages/airflow/example_dags/example_time_delta_sensor_async.py for tasks to queue
[2022-12-24 13:43:46,481] {logging_mixin.py:115} INFO - [2022-12-24 13:43:46,481] {dagbag.py:508} INFO - Filling up the DagBag from /home/airflow/.local/lib/python3.7/site-packages/airflow/example_dags/example_time_delta_sensor_async.py
[2022-12-24 13:43:46,489] {processor.py:651} INFO - DAG(s) dict_keys(['example_time_delta_sensor_async']) retrieved from /home/airflow/.local/lib/python3.7/site-packages/airflow/example_dags/example_time_delta_sensor_async.py
[2022-12-24 13:43:47,015] {logging_mixin.py:115} INFO - [2022-12-24 13:43:47,015] {dag.py:2420} INFO - Sync 1 DAGs
[2022-12-24 13:43:47,056] {logging_mixin.py:115} INFO - [2022-12-24 13:43:47,056] {dag.py:2972} INFO - Setting next_dagrun for example_time_delta_sensor_async to None, run_after=None
[2022-12-24 13:43:47,084] {processor.py:161} INFO - Processing /home/airflow/.local/lib/python3.7/site-packages/airflow/example_dags/example_time_delta_sensor_async.py took 0.610 seconds
[2022-12-24 13:44:17,209] {processor.py:153} INFO - Started process (PID=663) to work on /home/airflow/.local/lib/python3.7/site-packages/airflow/example_dags/example_time_delta_sensor_async.py
[2022-12-24 13:44:17,210] {processor.py:641} INFO - Processing file /home/airflow/.local/lib/python3.7/site-packages/airflow/example_dags/example_time_delta_sensor_async.py for tasks to queue
[2022-12-24 13:44:17,211] {logging_mixin.py:115} INFO - [2022-12-24 13:44:17,211] {dagbag.py:508} INFO - Filling up the DagBag from /home/airflow/.local/lib/python3.7/site-packages/airflow/example_dags/example_time_delta_sensor_async.py
[2022-12-24 13:44:17,224] {processor.py:651} INFO - DAG(s) dict_keys(['example_time_delta_sensor_async']) retrieved from /home/airflow/.local/lib/python3.7/site-packages/airflow/example_dags/example_time_delta_sensor_async.py
[2022-12-24 13:44:17,674] {logging_mixin.py:115} INFO - [2022-12-24 13:44:17,674] {dag.py:2420} INFO - Sync 1 DAGs
[2022-12-24 13:44:17,712] {logging_mixin.py:115} INFO - [2022-12-24 13:44:17,712] {dag.py:2972} INFO - Setting next_dagrun for example_time_delta_sensor_async to None, run_after=None
[2022-12-24 13:44:17,739] {processor.py:161} INFO - Processing /home/airflow/.local/lib/python3.7/site-packages/airflow/example_dags/example_time_delta_sensor_async.py took 0.534 seconds
[2022-12-24 13:44:48,012] {processor.py:153} INFO - Started process (PID=717) to work on /home/airflow/.local/lib/python3.7/site-packages/airflow/example_dags/example_time_delta_sensor_async.py
[2022-12-24 13:44:48,013] {processor.py:641} INFO - Processing file /home/airflow/.local/lib/python3.7/site-packages/airflow/example_dags/example_time_delta_sensor_async.py for tasks to queue
[2022-12-24 13:44:48,014] {logging_mixin.py:115} INFO - [2022-12-24 13:44:48,014] {dagbag.py:508} INFO - Filling up the DagBag from /home/airflow/.local/lib/python3.7/site-packages/airflow/example_dags/example_time_delta_sensor_async.py
[2022-12-24 13:44:48,025] {processor.py:651} INFO - DAG(s) dict_keys(['example_time_delta_sensor_async']) retrieved from /home/airflow/.local/lib/python3.7/site-packages/airflow/example_dags/example_time_delta_sensor_async.py
[2022-12-24 13:44:48,468] {logging_mixin.py:115} INFO - [2022-12-24 13:44:48,468] {dag.py:2420} INFO - Sync 1 DAGs
[2022-12-24 13:44:48,510] {logging_mixin.py:115} INFO - [2022-12-24 13:44:48,509] {dag.py:2972} INFO - Setting next_dagrun for example_time_delta_sensor_async to None, run_after=None
[2022-12-24 13:44:48,534] {processor.py:161} INFO - Processing /home/airflow/.local/lib/python3.7/site-packages/airflow/example_dags/example_time_delta_sensor_async.py took 0.529 seconds
[2022-12-24 13:45:18,803] {processor.py:153} INFO - Started process (PID=780) to work on /home/airflow/.local/lib/python3.7/site-packages/airflow/example_dags/example_time_delta_sensor_async.py
[2022-12-24 13:45:18,804] {processor.py:641} INFO - Processing file /home/airflow/.local/lib/python3.7/site-packages/airflow/example_dags/example_time_delta_sensor_async.py for tasks to queue
[2022-12-24 13:45:18,805] {logging_mixin.py:115} INFO - [2022-12-24 13:45:18,805] {dagbag.py:508} INFO - Filling up the DagBag from /home/airflow/.local/lib/python3.7/site-packages/airflow/example_dags/example_time_delta_sensor_async.py
[2022-12-24 13:45:18,813] {processor.py:651} INFO - DAG(s) dict_keys(['example_time_delta_sensor_async']) retrieved from /home/airflow/.local/lib/python3.7/site-packages/airflow/example_dags/example_time_delta_sensor_async.py
[2022-12-24 13:45:19,277] {logging_mixin.py:115} INFO - [2022-12-24 13:45:19,277] {dag.py:2420} INFO - Sync 1 DAGs
[2022-12-24 13:45:19,317] {logging_mixin.py:115} INFO - [2022-12-24 13:45:19,317] {dag.py:2972} INFO - Setting next_dagrun for example_time_delta_sensor_async to None, run_after=None
[2022-12-24 13:45:19,340] {processor.py:161} INFO - Processing /home/airflow/.local/lib/python3.7/site-packages/airflow/example_dags/example_time_delta_sensor_async.py took 0.541 seconds
[2022-12-24 13:45:50,101] {processor.py:153} INFO - Started process (PID=834) to work on /home/airflow/.local/lib/python3.7/site-packages/airflow/example_dags/example_time_delta_sensor_async.py
[2022-12-24 13:45:50,102] {processor.py:641} INFO - Processing file /home/airflow/.local/lib/python3.7/site-packages/airflow/example_dags/example_time_delta_sensor_async.py for tasks to queue
[2022-12-24 13:45:50,103] {logging_mixin.py:115} INFO - [2022-12-24 13:45:50,103] {dagbag.py:508} INFO - Filling up the DagBag from /home/airflow/.local/lib/python3.7/site-packages/airflow/example_dags/example_time_delta_sensor_async.py
[2022-12-24 13:45:50,113] {processor.py:651} INFO - DAG(s) dict_keys(['example_time_delta_sensor_async']) retrieved from /home/airflow/.local/lib/python3.7/site-packages/airflow/example_dags/example_time_delta_sensor_async.py
[2022-12-24 13:45:50,581] {logging_mixin.py:115} INFO - [2022-12-24 13:45:50,581] {dag.py:2420} INFO - Sync 1 DAGs
[2022-12-24 13:45:50,625] {logging_mixin.py:115} INFO - [2022-12-24 13:45:50,625] {dag.py:2972} INFO - Setting next_dagrun for example_time_delta_sensor_async to None, run_after=None
[2022-12-24 13:45:50,650] {processor.py:161} INFO - Processing /home/airflow/.local/lib/python3.7/site-packages/airflow/example_dags/example_time_delta_sensor_async.py took 0.554 seconds
[2022-12-24 13:46:20,894] {processor.py:153} INFO - Started process (PID=896) to work on /home/airflow/.local/lib/python3.7/site-packages/airflow/example_dags/example_time_delta_sensor_async.py
[2022-12-24 13:46:20,895] {processor.py:641} INFO - Processing file /home/airflow/.local/lib/python3.7/site-packages/airflow/example_dags/example_time_delta_sensor_async.py for tasks to queue
[2022-12-24 13:46:20,896] {logging_mixin.py:115} INFO - [2022-12-24 13:46:20,896] {dagbag.py:508} INFO - Filling up the DagBag from /home/airflow/.local/lib/python3.7/site-packages/airflow/example_dags/example_time_delta_sensor_async.py
[2022-12-24 13:46:20,904] {processor.py:651} INFO - DAG(s) dict_keys(['example_time_delta_sensor_async']) retrieved from /home/airflow/.local/lib/python3.7/site-packages/airflow/example_dags/example_time_delta_sensor_async.py
[2022-12-24 13:46:21,441] {logging_mixin.py:115} INFO - [2022-12-24 13:46:21,440] {dag.py:2420} INFO - Sync 1 DAGs
[2022-12-24 13:46:21,485] {logging_mixin.py:115} INFO - [2022-12-24 13:46:21,485] {dag.py:2972} INFO - Setting next_dagrun for example_time_delta_sensor_async to None, run_after=None
[2022-12-24 13:46:21,513] {processor.py:161} INFO - Processing /home/airflow/.local/lib/python3.7/site-packages/airflow/example_dags/example_time_delta_sensor_async.py took 0.624 seconds
[2022-12-24 13:46:51,603] {processor.py:153} INFO - Started process (PID=950) to work on /home/airflow/.local/lib/python3.7/site-packages/airflow/example_dags/example_time_delta_sensor_async.py
[2022-12-24 13:46:51,604] {processor.py:641} INFO - Processing file /home/airflow/.local/lib/python3.7/site-packages/airflow/example_dags/example_time_delta_sensor_async.py for tasks to queue
[2022-12-24 13:46:51,604] {logging_mixin.py:115} INFO - [2022-12-24 13:46:51,604] {dagbag.py:508} INFO - Filling up the DagBag from /home/airflow/.local/lib/python3.7/site-packages/airflow/example_dags/example_time_delta_sensor_async.py
[2022-12-24 13:46:51,612] {processor.py:651} INFO - DAG(s) dict_keys(['example_time_delta_sensor_async']) retrieved from /home/airflow/.local/lib/python3.7/site-packages/airflow/example_dags/example_time_delta_sensor_async.py
[2022-12-24 13:46:51,990] {logging_mixin.py:115} INFO - [2022-12-24 13:46:51,990] {dag.py:2420} INFO - Sync 1 DAGs
[2022-12-24 13:46:52,025] {logging_mixin.py:115} INFO - [2022-12-24 13:46:52,025] {dag.py:2972} INFO - Setting next_dagrun for example_time_delta_sensor_async to None, run_after=None
[2022-12-24 13:46:52,049] {processor.py:161} INFO - Processing /home/airflow/.local/lib/python3.7/site-packages/airflow/example_dags/example_time_delta_sensor_async.py took 0.451 seconds
[2022-12-24 13:47:22,277] {processor.py:153} INFO - Started process (PID=1004) to work on /home/airflow/.local/lib/python3.7/site-packages/airflow/example_dags/example_time_delta_sensor_async.py
[2022-12-24 13:47:22,278] {processor.py:641} INFO - Processing file /home/airflow/.local/lib/python3.7/site-packages/airflow/example_dags/example_time_delta_sensor_async.py for tasks to queue
[2022-12-24 13:47:22,278] {logging_mixin.py:115} INFO - [2022-12-24 13:47:22,278] {dagbag.py:508} INFO - Filling up the DagBag from /home/airflow/.local/lib/python3.7/site-packages/airflow/example_dags/example_time_delta_sensor_async.py
[2022-12-24 13:47:22,285] {processor.py:651} INFO - DAG(s) dict_keys(['example_time_delta_sensor_async']) retrieved from /home/airflow/.local/lib/python3.7/site-packages/airflow/example_dags/example_time_delta_sensor_async.py
[2022-12-24 13:47:22,662] {logging_mixin.py:115} INFO - [2022-12-24 13:47:22,661] {dag.py:2420} INFO - Sync 1 DAGs
[2022-12-24 13:47:22,696] {logging_mixin.py:115} INFO - [2022-12-24 13:47:22,696] {dag.py:2972} INFO - Setting next_dagrun for example_time_delta_sensor_async to None, run_after=None
[2022-12-24 13:47:22,720] {processor.py:161} INFO - Processing /home/airflow/.local/lib/python3.7/site-packages/airflow/example_dags/example_time_delta_sensor_async.py took 0.448 seconds
[2022-12-24 13:47:53,022] {processor.py:153} INFO - Started process (PID=1068) to work on /home/airflow/.local/lib/python3.7/site-packages/airflow/example_dags/example_time_delta_sensor_async.py
[2022-12-24 13:47:53,023] {processor.py:641} INFO - Processing file /home/airflow/.local/lib/python3.7/site-packages/airflow/example_dags/example_time_delta_sensor_async.py for tasks to queue
[2022-12-24 13:47:53,023] {logging_mixin.py:115} INFO - [2022-12-24 13:47:53,023] {dagbag.py:508} INFO - Filling up the DagBag from /home/airflow/.local/lib/python3.7/site-packages/airflow/example_dags/example_time_delta_sensor_async.py
[2022-12-24 13:47:53,030] {processor.py:651} INFO - DAG(s) dict_keys(['example_time_delta_sensor_async']) retrieved from /home/airflow/.local/lib/python3.7/site-packages/airflow/example_dags/example_time_delta_sensor_async.py
[2022-12-24 13:47:53,405] {logging_mixin.py:115} INFO - [2022-12-24 13:47:53,405] {dag.py:2420} INFO - Sync 1 DAGs
[2022-12-24 13:47:53,441] {logging_mixin.py:115} INFO - [2022-12-24 13:47:53,441] {dag.py:2972} INFO - Setting next_dagrun for example_time_delta_sensor_async to None, run_after=None
[2022-12-24 13:47:53,464] {processor.py:161} INFO - Processing /home/airflow/.local/lib/python3.7/site-packages/airflow/example_dags/example_time_delta_sensor_async.py took 0.447 seconds
[2022-12-24 13:48:23,541] {processor.py:153} INFO - Started process (PID=1122) to work on /home/airflow/.local/lib/python3.7/site-packages/airflow/example_dags/example_time_delta_sensor_async.py
[2022-12-24 13:48:23,542] {processor.py:641} INFO - Processing file /home/airflow/.local/lib/python3.7/site-packages/airflow/example_dags/example_time_delta_sensor_async.py for tasks to queue
[2022-12-24 13:48:23,542] {logging_mixin.py:115} INFO - [2022-12-24 13:48:23,542] {dagbag.py:508} INFO - Filling up the DagBag from /home/airflow/.local/lib/python3.7/site-packages/airflow/example_dags/example_time_delta_sensor_async.py
[2022-12-24 13:48:23,550] {processor.py:651} INFO - DAG(s) dict_keys(['example_time_delta_sensor_async']) retrieved from /home/airflow/.local/lib/python3.7/site-packages/airflow/example_dags/example_time_delta_sensor_async.py
[2022-12-24 13:48:23,967] {logging_mixin.py:115} INFO - [2022-12-24 13:48:23,967] {dag.py:2420} INFO - Sync 1 DAGs
[2022-12-24 13:48:24,003] {logging_mixin.py:115} INFO - [2022-12-24 13:48:24,003] {dag.py:2972} INFO - Setting next_dagrun for example_time_delta_sensor_async to None, run_after=None
[2022-12-24 13:48:24,027] {processor.py:161} INFO - Processing /home/airflow/.local/lib/python3.7/site-packages/airflow/example_dags/example_time_delta_sensor_async.py took 0.491 seconds
[2022-12-24 13:48:54,923] {processor.py:153} INFO - Started process (PID=1185) to work on /home/airflow/.local/lib/python3.7/site-packages/airflow/example_dags/example_time_delta_sensor_async.py
[2022-12-24 13:48:54,925] {processor.py:641} INFO - Processing file /home/airflow/.local/lib/python3.7/site-packages/airflow/example_dags/example_time_delta_sensor_async.py for tasks to queue
[2022-12-24 13:48:54,926] {logging_mixin.py:115} INFO - [2022-12-24 13:48:54,926] {dagbag.py:508} INFO - Filling up the DagBag from /home/airflow/.local/lib/python3.7/site-packages/airflow/example_dags/example_time_delta_sensor_async.py
[2022-12-24 13:48:54,937] {processor.py:651} INFO - DAG(s) dict_keys(['example_time_delta_sensor_async']) retrieved from /home/airflow/.local/lib/python3.7/site-packages/airflow/example_dags/example_time_delta_sensor_async.py
[2022-12-24 13:48:55,457] {logging_mixin.py:115} INFO - [2022-12-24 13:48:55,457] {dag.py:2420} INFO - Sync 1 DAGs
[2022-12-24 13:48:55,501] {logging_mixin.py:115} INFO - [2022-12-24 13:48:55,501] {dag.py:2972} INFO - Setting next_dagrun for example_time_delta_sensor_async to None, run_after=None
[2022-12-24 13:48:55,527] {processor.py:161} INFO - Processing /home/airflow/.local/lib/python3.7/site-packages/airflow/example_dags/example_time_delta_sensor_async.py took 0.609 seconds
[2022-12-24 13:49:25,754] {processor.py:153} INFO - Started process (PID=1239) to work on /home/airflow/.local/lib/python3.7/site-packages/airflow/example_dags/example_time_delta_sensor_async.py
[2022-12-24 13:49:25,755] {processor.py:641} INFO - Processing file /home/airflow/.local/lib/python3.7/site-packages/airflow/example_dags/example_time_delta_sensor_async.py for tasks to queue
[2022-12-24 13:49:25,756] {logging_mixin.py:115} INFO - [2022-12-24 13:49:25,756] {dagbag.py:508} INFO - Filling up the DagBag from /home/airflow/.local/lib/python3.7/site-packages/airflow/example_dags/example_time_delta_sensor_async.py
[2022-12-24 13:49:25,762] {processor.py:651} INFO - DAG(s) dict_keys(['example_time_delta_sensor_async']) retrieved from /home/airflow/.local/lib/python3.7/site-packages/airflow/example_dags/example_time_delta_sensor_async.py
[2022-12-24 13:49:26,173] {logging_mixin.py:115} INFO - [2022-12-24 13:49:26,173] {dag.py:2420} INFO - Sync 1 DAGs
[2022-12-24 13:49:26,208] {logging_mixin.py:115} INFO - [2022-12-24 13:49:26,208] {dag.py:2972} INFO - Setting next_dagrun for example_time_delta_sensor_async to None, run_after=None
[2022-12-24 13:49:26,230] {processor.py:161} INFO - Processing /home/airflow/.local/lib/python3.7/site-packages/airflow/example_dags/example_time_delta_sensor_async.py took 0.479 seconds
[2022-12-24 13:49:56,341] {processor.py:153} INFO - Started process (PID=1293) to work on /home/airflow/.local/lib/python3.7/site-packages/airflow/example_dags/example_time_delta_sensor_async.py
[2022-12-24 13:49:56,342] {processor.py:641} INFO - Processing file /home/airflow/.local/lib/python3.7/site-packages/airflow/example_dags/example_time_delta_sensor_async.py for tasks to queue
[2022-12-24 13:49:56,343] {logging_mixin.py:115} INFO - [2022-12-24 13:49:56,343] {dagbag.py:508} INFO - Filling up the DagBag from /home/airflow/.local/lib/python3.7/site-packages/airflow/example_dags/example_time_delta_sensor_async.py
[2022-12-24 13:49:56,350] {processor.py:651} INFO - DAG(s) dict_keys(['example_time_delta_sensor_async']) retrieved from /home/airflow/.local/lib/python3.7/site-packages/airflow/example_dags/example_time_delta_sensor_async.py
[2022-12-24 13:49:56,839] {logging_mixin.py:115} INFO - [2022-12-24 13:49:56,839] {dag.py:2420} INFO - Sync 1 DAGs
[2022-12-24 13:49:56,881] {logging_mixin.py:115} INFO - [2022-12-24 13:49:56,880] {dag.py:2972} INFO - Setting next_dagrun for example_time_delta_sensor_async to None, run_after=None
[2022-12-24 13:49:56,904] {processor.py:161} INFO - Processing /home/airflow/.local/lib/python3.7/site-packages/airflow/example_dags/example_time_delta_sensor_async.py took 0.569 seconds
[2022-12-24 13:50:27,163] {processor.py:153} INFO - Started process (PID=1355) to work on /home/airflow/.local/lib/python3.7/site-packages/airflow/example_dags/example_time_delta_sensor_async.py
[2022-12-24 13:50:27,164] {processor.py:641} INFO - Processing file /home/airflow/.local/lib/python3.7/site-packages/airflow/example_dags/example_time_delta_sensor_async.py for tasks to queue
[2022-12-24 13:50:27,165] {logging_mixin.py:115} INFO - [2022-12-24 13:50:27,165] {dagbag.py:508} INFO - Filling up the DagBag from /home/airflow/.local/lib/python3.7/site-packages/airflow/example_dags/example_time_delta_sensor_async.py
[2022-12-24 13:50:27,171] {processor.py:651} INFO - DAG(s) dict_keys(['example_time_delta_sensor_async']) retrieved from /home/airflow/.local/lib/python3.7/site-packages/airflow/example_dags/example_time_delta_sensor_async.py
[2022-12-24 13:50:27,571] {logging_mixin.py:115} INFO - [2022-12-24 13:50:27,571] {dag.py:2420} INFO - Sync 1 DAGs
[2022-12-24 13:50:27,608] {logging_mixin.py:115} INFO - [2022-12-24 13:50:27,608] {dag.py:2972} INFO - Setting next_dagrun for example_time_delta_sensor_async to None, run_after=None
[2022-12-24 13:50:27,633] {processor.py:161} INFO - Processing /home/airflow/.local/lib/python3.7/site-packages/airflow/example_dags/example_time_delta_sensor_async.py took 0.474 seconds
[2022-12-24 13:50:58,001] {processor.py:153} INFO - Started process (PID=1409) to work on /home/airflow/.local/lib/python3.7/site-packages/airflow/example_dags/example_time_delta_sensor_async.py
[2022-12-24 13:50:58,001] {processor.py:641} INFO - Processing file /home/airflow/.local/lib/python3.7/site-packages/airflow/example_dags/example_time_delta_sensor_async.py for tasks to queue
[2022-12-24 13:50:58,002] {logging_mixin.py:115} INFO - [2022-12-24 13:50:58,002] {dagbag.py:508} INFO - Filling up the DagBag from /home/airflow/.local/lib/python3.7/site-packages/airflow/example_dags/example_time_delta_sensor_async.py
[2022-12-24 13:50:58,009] {processor.py:651} INFO - DAG(s) dict_keys(['example_time_delta_sensor_async']) retrieved from /home/airflow/.local/lib/python3.7/site-packages/airflow/example_dags/example_time_delta_sensor_async.py
[2022-12-24 13:50:58,476] {logging_mixin.py:115} INFO - [2022-12-24 13:50:58,476] {dag.py:2420} INFO - Sync 1 DAGs
[2022-12-24 13:50:58,518] {logging_mixin.py:115} INFO - [2022-12-24 13:50:58,518] {dag.py:2972} INFO - Setting next_dagrun for example_time_delta_sensor_async to None, run_after=None
[2022-12-24 13:50:58,543] {processor.py:161} INFO - Processing /home/airflow/.local/lib/python3.7/site-packages/airflow/example_dags/example_time_delta_sensor_async.py took 0.546 seconds
[2022-12-24 13:51:28,830] {processor.py:153} INFO - Started process (PID=1464) to work on /home/airflow/.local/lib/python3.7/site-packages/airflow/example_dags/example_time_delta_sensor_async.py
[2022-12-24 13:51:28,831] {processor.py:641} INFO - Processing file /home/airflow/.local/lib/python3.7/site-packages/airflow/example_dags/example_time_delta_sensor_async.py for tasks to queue
[2022-12-24 13:51:28,832] {logging_mixin.py:115} INFO - [2022-12-24 13:51:28,832] {dagbag.py:508} INFO - Filling up the DagBag from /home/airflow/.local/lib/python3.7/site-packages/airflow/example_dags/example_time_delta_sensor_async.py
[2022-12-24 13:51:28,841] {processor.py:651} INFO - DAG(s) dict_keys(['example_time_delta_sensor_async']) retrieved from /home/airflow/.local/lib/python3.7/site-packages/airflow/example_dags/example_time_delta_sensor_async.py
[2022-12-24 13:51:29,506] {logging_mixin.py:115} INFO - [2022-12-24 13:51:29,505] {dag.py:2420} INFO - Sync 1 DAGs
[2022-12-24 13:51:29,572] {logging_mixin.py:115} INFO - [2022-12-24 13:51:29,572] {dag.py:2972} INFO - Setting next_dagrun for example_time_delta_sensor_async to None, run_after=None
[2022-12-24 13:51:29,615] {processor.py:161} INFO - Processing /home/airflow/.local/lib/python3.7/site-packages/airflow/example_dags/example_time_delta_sensor_async.py took 0.790 seconds
[2022-12-24 13:52:00,223] {processor.py:153} INFO - Started process (PID=1527) to work on /home/airflow/.local/lib/python3.7/site-packages/airflow/example_dags/example_time_delta_sensor_async.py
[2022-12-24 13:52:00,224] {processor.py:641} INFO - Processing file /home/airflow/.local/lib/python3.7/site-packages/airflow/example_dags/example_time_delta_sensor_async.py for tasks to queue
[2022-12-24 13:52:00,225] {logging_mixin.py:115} INFO - [2022-12-24 13:52:00,225] {dagbag.py:508} INFO - Filling up the DagBag from /home/airflow/.local/lib/python3.7/site-packages/airflow/example_dags/example_time_delta_sensor_async.py
[2022-12-24 13:52:00,233] {processor.py:651} INFO - DAG(s) dict_keys(['example_time_delta_sensor_async']) retrieved from /home/airflow/.local/lib/python3.7/site-packages/airflow/example_dags/example_time_delta_sensor_async.py
[2022-12-24 13:52:00,765] {logging_mixin.py:115} INFO - [2022-12-24 13:52:00,764] {dag.py:2420} INFO - Sync 1 DAGs
[2022-12-24 13:52:00,807] {logging_mixin.py:115} INFO - [2022-12-24 13:52:00,807] {dag.py:2972} INFO - Setting next_dagrun for example_time_delta_sensor_async to None, run_after=None
[2022-12-24 13:52:00,837] {processor.py:161} INFO - Processing /home/airflow/.local/lib/python3.7/site-packages/airflow/example_dags/example_time_delta_sensor_async.py took 0.620 seconds
[2022-12-24 13:52:31,000] {processor.py:153} INFO - Started process (PID=1581) to work on /home/airflow/.local/lib/python3.7/site-packages/airflow/example_dags/example_time_delta_sensor_async.py
[2022-12-24 13:52:31,001] {processor.py:641} INFO - Processing file /home/airflow/.local/lib/python3.7/site-packages/airflow/example_dags/example_time_delta_sensor_async.py for tasks to queue
[2022-12-24 13:52:31,002] {logging_mixin.py:115} INFO - [2022-12-24 13:52:31,002] {dagbag.py:508} INFO - Filling up the DagBag from /home/airflow/.local/lib/python3.7/site-packages/airflow/example_dags/example_time_delta_sensor_async.py
[2022-12-24 13:52:31,010] {processor.py:651} INFO - DAG(s) dict_keys(['example_time_delta_sensor_async']) retrieved from /home/airflow/.local/lib/python3.7/site-packages/airflow/example_dags/example_time_delta_sensor_async.py
[2022-12-24 13:52:31,569] {logging_mixin.py:115} INFO - [2022-12-24 13:52:31,569] {dag.py:2420} INFO - Sync 1 DAGs
[2022-12-24 13:52:31,613] {logging_mixin.py:115} INFO - [2022-12-24 13:52:31,613] {dag.py:2972} INFO - Setting next_dagrun for example_time_delta_sensor_async to None, run_after=None
[2022-12-24 13:52:31,652] {processor.py:161} INFO - Processing /home/airflow/.local/lib/python3.7/site-packages/airflow/example_dags/example_time_delta_sensor_async.py took 0.658 seconds
[2022-12-24 13:53:02,126] {processor.py:153} INFO - Started process (PID=1635) to work on /home/airflow/.local/lib/python3.7/site-packages/airflow/example_dags/example_time_delta_sensor_async.py
[2022-12-24 13:53:02,127] {processor.py:641} INFO - Processing file /home/airflow/.local/lib/python3.7/site-packages/airflow/example_dags/example_time_delta_sensor_async.py for tasks to queue
[2022-12-24 13:53:02,128] {logging_mixin.py:115} INFO - [2022-12-24 13:53:02,128] {dagbag.py:508} INFO - Filling up the DagBag from /home/airflow/.local/lib/python3.7/site-packages/airflow/example_dags/example_time_delta_sensor_async.py
[2022-12-24 13:53:02,139] {processor.py:651} INFO - DAG(s) dict_keys(['example_time_delta_sensor_async']) retrieved from /home/airflow/.local/lib/python3.7/site-packages/airflow/example_dags/example_time_delta_sensor_async.py
[2022-12-24 13:53:02,678] {logging_mixin.py:115} INFO - [2022-12-24 13:53:02,678] {dag.py:2420} INFO - Sync 1 DAGs
[2022-12-24 13:53:02,724] {logging_mixin.py:115} INFO - [2022-12-24 13:53:02,724] {dag.py:2972} INFO - Setting next_dagrun for example_time_delta_sensor_async to None, run_after=None
[2022-12-24 13:53:02,756] {processor.py:161} INFO - Processing /home/airflow/.local/lib/python3.7/site-packages/airflow/example_dags/example_time_delta_sensor_async.py took 0.637 seconds
[2022-12-24 13:53:32,865] {processor.py:153} INFO - Started process (PID=1698) to work on /home/airflow/.local/lib/python3.7/site-packages/airflow/example_dags/example_time_delta_sensor_async.py
[2022-12-24 13:53:32,867] {processor.py:641} INFO - Processing file /home/airflow/.local/lib/python3.7/site-packages/airflow/example_dags/example_time_delta_sensor_async.py for tasks to queue
[2022-12-24 13:53:32,868] {logging_mixin.py:115} INFO - [2022-12-24 13:53:32,868] {dagbag.py:508} INFO - Filling up the DagBag from /home/airflow/.local/lib/python3.7/site-packages/airflow/example_dags/example_time_delta_sensor_async.py
[2022-12-24 13:53:32,879] {processor.py:651} INFO - DAG(s) dict_keys(['example_time_delta_sensor_async']) retrieved from /home/airflow/.local/lib/python3.7/site-packages/airflow/example_dags/example_time_delta_sensor_async.py
[2022-12-24 13:53:33,373] {logging_mixin.py:115} INFO - [2022-12-24 13:53:33,373] {dag.py:2420} INFO - Sync 1 DAGs
[2022-12-24 13:53:33,420] {logging_mixin.py:115} INFO - [2022-12-24 13:53:33,420] {dag.py:2972} INFO - Setting next_dagrun for example_time_delta_sensor_async to None, run_after=None
[2022-12-24 13:53:33,465] {processor.py:161} INFO - Processing /home/airflow/.local/lib/python3.7/site-packages/airflow/example_dags/example_time_delta_sensor_async.py took 0.608 seconds
[2022-12-24 13:54:03,731] {processor.py:153} INFO - Started process (PID=1751) to work on /home/airflow/.local/lib/python3.7/site-packages/airflow/example_dags/example_time_delta_sensor_async.py
[2022-12-24 13:54:03,735] {processor.py:641} INFO - Processing file /home/airflow/.local/lib/python3.7/site-packages/airflow/example_dags/example_time_delta_sensor_async.py for tasks to queue
[2022-12-24 13:54:03,736] {logging_mixin.py:115} INFO - [2022-12-24 13:54:03,736] {dagbag.py:508} INFO - Filling up the DagBag from /home/airflow/.local/lib/python3.7/site-packages/airflow/example_dags/example_time_delta_sensor_async.py
[2022-12-24 13:54:03,749] {processor.py:651} INFO - DAG(s) dict_keys(['example_time_delta_sensor_async']) retrieved from /home/airflow/.local/lib/python3.7/site-packages/airflow/example_dags/example_time_delta_sensor_async.py
[2022-12-24 13:54:04,240] {logging_mixin.py:115} INFO - [2022-12-24 13:54:04,239] {dag.py:2420} INFO - Sync 1 DAGs
[2022-12-24 13:54:04,289] {logging_mixin.py:115} INFO - [2022-12-24 13:54:04,289] {dag.py:2972} INFO - Setting next_dagrun for example_time_delta_sensor_async to None, run_after=None
[2022-12-24 13:54:04,318] {processor.py:161} INFO - Processing /home/airflow/.local/lib/python3.7/site-packages/airflow/example_dags/example_time_delta_sensor_async.py took 0.595 seconds
[2022-12-24 13:54:34,438] {processor.py:153} INFO - Started process (PID=1813) to work on /home/airflow/.local/lib/python3.7/site-packages/airflow/example_dags/example_time_delta_sensor_async.py
[2022-12-24 13:54:34,442] {processor.py:641} INFO - Processing file /home/airflow/.local/lib/python3.7/site-packages/airflow/example_dags/example_time_delta_sensor_async.py for tasks to queue
[2022-12-24 13:54:34,443] {logging_mixin.py:115} INFO - [2022-12-24 13:54:34,443] {dagbag.py:508} INFO - Filling up the DagBag from /home/airflow/.local/lib/python3.7/site-packages/airflow/example_dags/example_time_delta_sensor_async.py
[2022-12-24 13:54:34,451] {processor.py:651} INFO - DAG(s) dict_keys(['example_time_delta_sensor_async']) retrieved from /home/airflow/.local/lib/python3.7/site-packages/airflow/example_dags/example_time_delta_sensor_async.py
[2022-12-24 13:54:35,001] {logging_mixin.py:115} INFO - [2022-12-24 13:54:35,001] {dag.py:2420} INFO - Sync 1 DAGs
[2022-12-24 13:54:35,062] {logging_mixin.py:115} INFO - [2022-12-24 13:54:35,061] {dag.py:2972} INFO - Setting next_dagrun for example_time_delta_sensor_async to None, run_after=None
[2022-12-24 13:54:35,105] {processor.py:161} INFO - Processing /home/airflow/.local/lib/python3.7/site-packages/airflow/example_dags/example_time_delta_sensor_async.py took 0.672 seconds
[2022-12-24 13:55:05,208] {processor.py:153} INFO - Started process (PID=1869) to work on /home/airflow/.local/lib/python3.7/site-packages/airflow/example_dags/example_time_delta_sensor_async.py
[2022-12-24 13:55:05,209] {processor.py:641} INFO - Processing file /home/airflow/.local/lib/python3.7/site-packages/airflow/example_dags/example_time_delta_sensor_async.py for tasks to queue
[2022-12-24 13:55:05,210] {logging_mixin.py:115} INFO - [2022-12-24 13:55:05,210] {dagbag.py:508} INFO - Filling up the DagBag from /home/airflow/.local/lib/python3.7/site-packages/airflow/example_dags/example_time_delta_sensor_async.py
[2022-12-24 13:55:05,225] {processor.py:651} INFO - DAG(s) dict_keys(['example_time_delta_sensor_async']) retrieved from /home/airflow/.local/lib/python3.7/site-packages/airflow/example_dags/example_time_delta_sensor_async.py
[2022-12-24 13:55:05,669] {logging_mixin.py:115} INFO - [2022-12-24 13:55:05,669] {dag.py:2420} INFO - Sync 1 DAGs
[2022-12-24 13:55:05,709] {logging_mixin.py:115} INFO - [2022-12-24 13:55:05,709] {dag.py:2972} INFO - Setting next_dagrun for example_time_delta_sensor_async to None, run_after=None
[2022-12-24 13:55:05,735] {processor.py:161} INFO - Processing /home/airflow/.local/lib/python3.7/site-packages/airflow/example_dags/example_time_delta_sensor_async.py took 0.534 seconds
[2022-12-24 13:55:35,866] {processor.py:153} INFO - Started process (PID=1923) to work on /home/airflow/.local/lib/python3.7/site-packages/airflow/example_dags/example_time_delta_sensor_async.py
[2022-12-24 13:55:35,867] {processor.py:641} INFO - Processing file /home/airflow/.local/lib/python3.7/site-packages/airflow/example_dags/example_time_delta_sensor_async.py for tasks to queue
[2022-12-24 13:55:35,868] {logging_mixin.py:115} INFO - [2022-12-24 13:55:35,867] {dagbag.py:508} INFO - Filling up the DagBag from /home/airflow/.local/lib/python3.7/site-packages/airflow/example_dags/example_time_delta_sensor_async.py
[2022-12-24 13:55:35,876] {processor.py:651} INFO - DAG(s) dict_keys(['example_time_delta_sensor_async']) retrieved from /home/airflow/.local/lib/python3.7/site-packages/airflow/example_dags/example_time_delta_sensor_async.py
[2022-12-24 13:55:36,288] {logging_mixin.py:115} INFO - [2022-12-24 13:55:36,288] {dag.py:2420} INFO - Sync 1 DAGs
[2022-12-24 13:55:36,337] {logging_mixin.py:115} INFO - [2022-12-24 13:55:36,337] {dag.py:2972} INFO - Setting next_dagrun for example_time_delta_sensor_async to None, run_after=None
[2022-12-24 13:55:36,361] {processor.py:161} INFO - Processing /home/airflow/.local/lib/python3.7/site-packages/airflow/example_dags/example_time_delta_sensor_async.py took 0.500 seconds
[2022-12-24 13:56:06,595] {processor.py:153} INFO - Started process (PID=1986) to work on /home/airflow/.local/lib/python3.7/site-packages/airflow/example_dags/example_time_delta_sensor_async.py
[2022-12-24 13:56:06,606] {processor.py:641} INFO - Processing file /home/airflow/.local/lib/python3.7/site-packages/airflow/example_dags/example_time_delta_sensor_async.py for tasks to queue
[2022-12-24 13:56:06,608] {logging_mixin.py:115} INFO - [2022-12-24 13:56:06,608] {dagbag.py:508} INFO - Filling up the DagBag from /home/airflow/.local/lib/python3.7/site-packages/airflow/example_dags/example_time_delta_sensor_async.py
[2022-12-24 13:56:06,619] {processor.py:651} INFO - DAG(s) dict_keys(['example_time_delta_sensor_async']) retrieved from /home/airflow/.local/lib/python3.7/site-packages/airflow/example_dags/example_time_delta_sensor_async.py
[2022-12-24 13:56:07,037] {logging_mixin.py:115} INFO - [2022-12-24 13:56:07,037] {dag.py:2420} INFO - Sync 1 DAGs
[2022-12-24 13:56:07,076] {logging_mixin.py:115} INFO - [2022-12-24 13:56:07,076] {dag.py:2972} INFO - Setting next_dagrun for example_time_delta_sensor_async to None, run_after=None
[2022-12-24 13:56:07,101] {processor.py:161} INFO - Processing /home/airflow/.local/lib/python3.7/site-packages/airflow/example_dags/example_time_delta_sensor_async.py took 0.513 seconds
[2022-12-24 13:56:37,238] {processor.py:153} INFO - Started process (PID=2040) to work on /home/airflow/.local/lib/python3.7/site-packages/airflow/example_dags/example_time_delta_sensor_async.py
[2022-12-24 13:56:37,240] {processor.py:641} INFO - Processing file /home/airflow/.local/lib/python3.7/site-packages/airflow/example_dags/example_time_delta_sensor_async.py for tasks to queue
[2022-12-24 13:56:37,241] {logging_mixin.py:115} INFO - [2022-12-24 13:56:37,241] {dagbag.py:508} INFO - Filling up the DagBag from /home/airflow/.local/lib/python3.7/site-packages/airflow/example_dags/example_time_delta_sensor_async.py
[2022-12-24 13:56:37,254] {processor.py:651} INFO - DAG(s) dict_keys(['example_time_delta_sensor_async']) retrieved from /home/airflow/.local/lib/python3.7/site-packages/airflow/example_dags/example_time_delta_sensor_async.py
[2022-12-24 13:56:37,751] {logging_mixin.py:115} INFO - [2022-12-24 13:56:37,751] {dag.py:2420} INFO - Sync 1 DAGs
[2022-12-24 13:56:37,794] {logging_mixin.py:115} INFO - [2022-12-24 13:56:37,794] {dag.py:2972} INFO - Setting next_dagrun for example_time_delta_sensor_async to None, run_after=None
[2022-12-24 13:56:37,822] {processor.py:161} INFO - Processing /home/airflow/.local/lib/python3.7/site-packages/airflow/example_dags/example_time_delta_sensor_async.py took 0.591 seconds
[2022-12-24 13:57:08,107] {processor.py:153} INFO - Started process (PID=2103) to work on /home/airflow/.local/lib/python3.7/site-packages/airflow/example_dags/example_time_delta_sensor_async.py
[2022-12-24 13:57:08,108] {processor.py:641} INFO - Processing file /home/airflow/.local/lib/python3.7/site-packages/airflow/example_dags/example_time_delta_sensor_async.py for tasks to queue
[2022-12-24 13:57:08,109] {logging_mixin.py:115} INFO - [2022-12-24 13:57:08,109] {dagbag.py:508} INFO - Filling up the DagBag from /home/airflow/.local/lib/python3.7/site-packages/airflow/example_dags/example_time_delta_sensor_async.py
[2022-12-24 13:57:08,121] {processor.py:651} INFO - DAG(s) dict_keys(['example_time_delta_sensor_async']) retrieved from /home/airflow/.local/lib/python3.7/site-packages/airflow/example_dags/example_time_delta_sensor_async.py
[2022-12-24 13:57:08,603] {logging_mixin.py:115} INFO - [2022-12-24 13:57:08,603] {dag.py:2420} INFO - Sync 1 DAGs
[2022-12-24 13:57:08,650] {logging_mixin.py:115} INFO - [2022-12-24 13:57:08,650] {dag.py:2972} INFO - Setting next_dagrun for example_time_delta_sensor_async to None, run_after=None
[2022-12-24 13:57:08,681] {processor.py:161} INFO - Processing /home/airflow/.local/lib/python3.7/site-packages/airflow/example_dags/example_time_delta_sensor_async.py took 0.581 seconds
[2022-12-24 13:57:38,926] {processor.py:153} INFO - Started process (PID=2157) to work on /home/airflow/.local/lib/python3.7/site-packages/airflow/example_dags/example_time_delta_sensor_async.py
[2022-12-24 13:57:38,927] {processor.py:641} INFO - Processing file /home/airflow/.local/lib/python3.7/site-packages/airflow/example_dags/example_time_delta_sensor_async.py for tasks to queue
[2022-12-24 13:57:38,927] {logging_mixin.py:115} INFO - [2022-12-24 13:57:38,927] {dagbag.py:508} INFO - Filling up the DagBag from /home/airflow/.local/lib/python3.7/site-packages/airflow/example_dags/example_time_delta_sensor_async.py
[2022-12-24 13:57:38,934] {processor.py:651} INFO - DAG(s) dict_keys(['example_time_delta_sensor_async']) retrieved from /home/airflow/.local/lib/python3.7/site-packages/airflow/example_dags/example_time_delta_sensor_async.py
[2022-12-24 13:57:39,355] {logging_mixin.py:115} INFO - [2022-12-24 13:57:39,355] {dag.py:2420} INFO - Sync 1 DAGs
[2022-12-24 13:57:39,393] {logging_mixin.py:115} INFO - [2022-12-24 13:57:39,393] {dag.py:2972} INFO - Setting next_dagrun for example_time_delta_sensor_async to None, run_after=None
[2022-12-24 13:57:39,418] {processor.py:161} INFO - Processing /home/airflow/.local/lib/python3.7/site-packages/airflow/example_dags/example_time_delta_sensor_async.py took 0.496 seconds
[2022-12-24 13:58:09,602] {processor.py:153} INFO - Started process (PID=2212) to work on /home/airflow/.local/lib/python3.7/site-packages/airflow/example_dags/example_time_delta_sensor_async.py
[2022-12-24 13:58:09,603] {processor.py:641} INFO - Processing file /home/airflow/.local/lib/python3.7/site-packages/airflow/example_dags/example_time_delta_sensor_async.py for tasks to queue
[2022-12-24 13:58:09,604] {logging_mixin.py:115} INFO - [2022-12-24 13:58:09,604] {dagbag.py:508} INFO - Filling up the DagBag from /home/airflow/.local/lib/python3.7/site-packages/airflow/example_dags/example_time_delta_sensor_async.py
[2022-12-24 13:58:09,613] {processor.py:651} INFO - DAG(s) dict_keys(['example_time_delta_sensor_async']) retrieved from /home/airflow/.local/lib/python3.7/site-packages/airflow/example_dags/example_time_delta_sensor_async.py
[2022-12-24 13:58:10,104] {logging_mixin.py:115} INFO - [2022-12-24 13:58:10,104] {dag.py:2420} INFO - Sync 1 DAGs
[2022-12-24 13:58:10,149] {logging_mixin.py:115} INFO - [2022-12-24 13:58:10,148] {dag.py:2972} INFO - Setting next_dagrun for example_time_delta_sensor_async to None, run_after=None
[2022-12-24 13:58:10,176] {processor.py:161} INFO - Processing /home/airflow/.local/lib/python3.7/site-packages/airflow/example_dags/example_time_delta_sensor_async.py took 0.579 seconds
[2022-12-24 13:58:41,102] {processor.py:153} INFO - Started process (PID=2276) to work on /home/airflow/.local/lib/python3.7/site-packages/airflow/example_dags/example_time_delta_sensor_async.py
[2022-12-24 13:58:41,103] {processor.py:641} INFO - Processing file /home/airflow/.local/lib/python3.7/site-packages/airflow/example_dags/example_time_delta_sensor_async.py for tasks to queue
[2022-12-24 13:58:41,104] {logging_mixin.py:115} INFO - [2022-12-24 13:58:41,104] {dagbag.py:508} INFO - Filling up the DagBag from /home/airflow/.local/lib/python3.7/site-packages/airflow/example_dags/example_time_delta_sensor_async.py
[2022-12-24 13:58:41,114] {processor.py:651} INFO - DAG(s) dict_keys(['example_time_delta_sensor_async']) retrieved from /home/airflow/.local/lib/python3.7/site-packages/airflow/example_dags/example_time_delta_sensor_async.py
[2022-12-24 13:58:41,809] {logging_mixin.py:115} INFO - [2022-12-24 13:58:41,809] {dag.py:2420} INFO - Sync 1 DAGs
[2022-12-24 13:58:41,860] {logging_mixin.py:115} INFO - [2022-12-24 13:58:41,860] {dag.py:2972} INFO - Setting next_dagrun for example_time_delta_sensor_async to None, run_after=None
[2022-12-24 13:58:41,879] {processor.py:161} INFO - Processing /home/airflow/.local/lib/python3.7/site-packages/airflow/example_dags/example_time_delta_sensor_async.py took 0.785 seconds
[2022-12-24 13:59:12,064] {processor.py:153} INFO - Started process (PID=2331) to work on /home/airflow/.local/lib/python3.7/site-packages/airflow/example_dags/example_time_delta_sensor_async.py
[2022-12-24 13:59:12,066] {processor.py:641} INFO - Processing file /home/airflow/.local/lib/python3.7/site-packages/airflow/example_dags/example_time_delta_sensor_async.py for tasks to queue
[2022-12-24 13:59:12,067] {logging_mixin.py:115} INFO - [2022-12-24 13:59:12,067] {dagbag.py:508} INFO - Filling up the DagBag from /home/airflow/.local/lib/python3.7/site-packages/airflow/example_dags/example_time_delta_sensor_async.py
[2022-12-24 13:59:12,078] {processor.py:651} INFO - DAG(s) dict_keys(['example_time_delta_sensor_async']) retrieved from /home/airflow/.local/lib/python3.7/site-packages/airflow/example_dags/example_time_delta_sensor_async.py
[2022-12-24 13:59:12,552] {logging_mixin.py:115} INFO - [2022-12-24 13:59:12,551] {dag.py:2420} INFO - Sync 1 DAGs
[2022-12-24 13:59:12,597] {logging_mixin.py:115} INFO - [2022-12-24 13:59:12,597] {dag.py:2972} INFO - Setting next_dagrun for example_time_delta_sensor_async to None, run_after=None
[2022-12-24 13:59:12,627] {processor.py:161} INFO - Processing /home/airflow/.local/lib/python3.7/site-packages/airflow/example_dags/example_time_delta_sensor_async.py took 0.570 seconds
[2022-12-24 13:59:42,937] {processor.py:153} INFO - Started process (PID=2385) to work on /home/airflow/.local/lib/python3.7/site-packages/airflow/example_dags/example_time_delta_sensor_async.py
[2022-12-24 13:59:42,939] {processor.py:641} INFO - Processing file /home/airflow/.local/lib/python3.7/site-packages/airflow/example_dags/example_time_delta_sensor_async.py for tasks to queue
[2022-12-24 13:59:42,940] {logging_mixin.py:115} INFO - [2022-12-24 13:59:42,940] {dagbag.py:508} INFO - Filling up the DagBag from /home/airflow/.local/lib/python3.7/site-packages/airflow/example_dags/example_time_delta_sensor_async.py
[2022-12-24 13:59:42,950] {processor.py:651} INFO - DAG(s) dict_keys(['example_time_delta_sensor_async']) retrieved from /home/airflow/.local/lib/python3.7/site-packages/airflow/example_dags/example_time_delta_sensor_async.py
[2022-12-24 13:59:43,396] {logging_mixin.py:115} INFO - [2022-12-24 13:59:43,396] {dag.py:2420} INFO - Sync 1 DAGs
[2022-12-24 13:59:43,434] {logging_mixin.py:115} INFO - [2022-12-24 13:59:43,434] {dag.py:2972} INFO - Setting next_dagrun for example_time_delta_sensor_async to None, run_after=None
[2022-12-24 13:59:43,454] {processor.py:161} INFO - Processing /home/airflow/.local/lib/python3.7/site-packages/airflow/example_dags/example_time_delta_sensor_async.py took 0.522 seconds
[2022-12-24 14:00:13,665] {processor.py:153} INFO - Started process (PID=2445) to work on /home/airflow/.local/lib/python3.7/site-packages/airflow/example_dags/example_time_delta_sensor_async.py
[2022-12-24 14:00:13,666] {processor.py:641} INFO - Processing file /home/airflow/.local/lib/python3.7/site-packages/airflow/example_dags/example_time_delta_sensor_async.py for tasks to queue
[2022-12-24 14:00:13,667] {logging_mixin.py:115} INFO - [2022-12-24 14:00:13,667] {dagbag.py:508} INFO - Filling up the DagBag from /home/airflow/.local/lib/python3.7/site-packages/airflow/example_dags/example_time_delta_sensor_async.py
[2022-12-24 14:00:13,677] {processor.py:651} INFO - DAG(s) dict_keys(['example_time_delta_sensor_async']) retrieved from /home/airflow/.local/lib/python3.7/site-packages/airflow/example_dags/example_time_delta_sensor_async.py
[2022-12-24 14:00:14,353] {logging_mixin.py:115} INFO - [2022-12-24 14:00:14,352] {dag.py:2420} INFO - Sync 1 DAGs
[2022-12-24 14:00:14,428] {logging_mixin.py:115} INFO - [2022-12-24 14:00:14,427] {dag.py:2972} INFO - Setting next_dagrun for example_time_delta_sensor_async to None, run_after=None
[2022-12-24 14:00:14,467] {processor.py:161} INFO - Processing /home/airflow/.local/lib/python3.7/site-packages/airflow/example_dags/example_time_delta_sensor_async.py took 0.807 seconds
[2022-12-24 14:00:44,665] {processor.py:153} INFO - Started process (PID=2502) to work on /home/airflow/.local/lib/python3.7/site-packages/airflow/example_dags/example_time_delta_sensor_async.py
[2022-12-24 14:00:44,666] {processor.py:641} INFO - Processing file /home/airflow/.local/lib/python3.7/site-packages/airflow/example_dags/example_time_delta_sensor_async.py for tasks to queue
[2022-12-24 14:00:44,668] {logging_mixin.py:115} INFO - [2022-12-24 14:00:44,667] {dagbag.py:508} INFO - Filling up the DagBag from /home/airflow/.local/lib/python3.7/site-packages/airflow/example_dags/example_time_delta_sensor_async.py
[2022-12-24 14:00:44,692] {processor.py:651} INFO - DAG(s) dict_keys(['example_time_delta_sensor_async']) retrieved from /home/airflow/.local/lib/python3.7/site-packages/airflow/example_dags/example_time_delta_sensor_async.py
[2022-12-24 14:00:45,312] {logging_mixin.py:115} INFO - [2022-12-24 14:00:45,311] {dag.py:2420} INFO - Sync 1 DAGs
[2022-12-24 14:00:45,350] {logging_mixin.py:115} INFO - [2022-12-24 14:00:45,350] {dag.py:2972} INFO - Setting next_dagrun for example_time_delta_sensor_async to None, run_after=None
[2022-12-24 14:00:45,375] {processor.py:161} INFO - Processing /home/airflow/.local/lib/python3.7/site-packages/airflow/example_dags/example_time_delta_sensor_async.py took 0.726 seconds
[2022-12-24 14:01:15,419] {processor.py:153} INFO - Started process (PID=2556) to work on /home/airflow/.local/lib/python3.7/site-packages/airflow/example_dags/example_time_delta_sensor_async.py
[2022-12-24 14:01:15,421] {processor.py:641} INFO - Processing file /home/airflow/.local/lib/python3.7/site-packages/airflow/example_dags/example_time_delta_sensor_async.py for tasks to queue
[2022-12-24 14:01:15,422] {logging_mixin.py:115} INFO - [2022-12-24 14:01:15,421] {dagbag.py:508} INFO - Filling up the DagBag from /home/airflow/.local/lib/python3.7/site-packages/airflow/example_dags/example_time_delta_sensor_async.py
[2022-12-24 14:01:15,435] {processor.py:651} INFO - DAG(s) dict_keys(['example_time_delta_sensor_async']) retrieved from /home/airflow/.local/lib/python3.7/site-packages/airflow/example_dags/example_time_delta_sensor_async.py
[2022-12-24 14:01:15,946] {logging_mixin.py:115} INFO - [2022-12-24 14:01:15,946] {dag.py:2420} INFO - Sync 1 DAGs
[2022-12-24 14:01:16,024] {logging_mixin.py:115} INFO - [2022-12-24 14:01:16,023] {dag.py:2972} INFO - Setting next_dagrun for example_time_delta_sensor_async to None, run_after=None
[2022-12-24 14:01:16,072] {processor.py:161} INFO - Processing /home/airflow/.local/lib/python3.7/site-packages/airflow/example_dags/example_time_delta_sensor_async.py took 0.660 seconds
[2022-12-24 14:01:46,601] {processor.py:153} INFO - Started process (PID=2618) to work on /home/airflow/.local/lib/python3.7/site-packages/airflow/example_dags/example_time_delta_sensor_async.py
[2022-12-24 14:01:46,603] {processor.py:641} INFO - Processing file /home/airflow/.local/lib/python3.7/site-packages/airflow/example_dags/example_time_delta_sensor_async.py for tasks to queue
[2022-12-24 14:01:46,603] {logging_mixin.py:115} INFO - [2022-12-24 14:01:46,603] {dagbag.py:508} INFO - Filling up the DagBag from /home/airflow/.local/lib/python3.7/site-packages/airflow/example_dags/example_time_delta_sensor_async.py
[2022-12-24 14:01:46,611] {processor.py:651} INFO - DAG(s) dict_keys(['example_time_delta_sensor_async']) retrieved from /home/airflow/.local/lib/python3.7/site-packages/airflow/example_dags/example_time_delta_sensor_async.py
[2022-12-24 14:01:47,209] {logging_mixin.py:115} INFO - [2022-12-24 14:01:47,209] {dag.py:2420} INFO - Sync 1 DAGs
[2022-12-24 14:01:47,264] {logging_mixin.py:115} INFO - [2022-12-24 14:01:47,264] {dag.py:2972} INFO - Setting next_dagrun for example_time_delta_sensor_async to None, run_after=None
[2022-12-24 14:01:47,291] {processor.py:161} INFO - Processing /home/airflow/.local/lib/python3.7/site-packages/airflow/example_dags/example_time_delta_sensor_async.py took 0.695 seconds
