[2022-12-24 10:39:01,055] {processor.py:153} INFO - Started process (PID=74) to work on /home/airflow/.local/lib/python3.7/site-packages/airflow/example_dags/tutorial_etl_dag.py
[2022-12-24 10:39:01,056] {processor.py:641} INFO - Processing file /home/airflow/.local/lib/python3.7/site-packages/airflow/example_dags/tutorial_etl_dag.py for tasks to queue
[2022-12-24 10:39:01,057] {logging_mixin.py:115} INFO - [2022-12-24 10:39:01,057] {dagbag.py:508} INFO - Filling up the DagBag from /home/airflow/.local/lib/python3.7/site-packages/airflow/example_dags/tutorial_etl_dag.py
[2022-12-24 10:39:01,072] {processor.py:651} INFO - DAG(s) dict_keys(['tutorial_etl_dag']) retrieved from /home/airflow/.local/lib/python3.7/site-packages/airflow/example_dags/tutorial_etl_dag.py
[2022-12-24 10:39:01,128] {logging_mixin.py:115} INFO - [2022-12-24 10:39:01,128] {dag.py:2420} INFO - Sync 1 DAGs
[2022-12-24 10:39:01,389] {logging_mixin.py:115} INFO - [2022-12-24 10:39:01,389] {dag.py:2972} INFO - Setting next_dagrun for tutorial_etl_dag to None, run_after=None
[2022-12-24 10:39:01,420] {processor.py:161} INFO - Processing /home/airflow/.local/lib/python3.7/site-packages/airflow/example_dags/tutorial_etl_dag.py took 0.371 seconds
[2022-12-24 13:39:12,356] {processor.py:153} INFO - Started process (PID=119) to work on /home/airflow/.local/lib/python3.7/site-packages/airflow/example_dags/tutorial_etl_dag.py
[2022-12-24 13:39:12,357] {processor.py:641} INFO - Processing file /home/airflow/.local/lib/python3.7/site-packages/airflow/example_dags/tutorial_etl_dag.py for tasks to queue
[2022-12-24 13:39:12,357] {logging_mixin.py:115} INFO - [2022-12-24 13:39:12,357] {dagbag.py:508} INFO - Filling up the DagBag from /home/airflow/.local/lib/python3.7/site-packages/airflow/example_dags/tutorial_etl_dag.py
[2022-12-24 13:39:12,368] {processor.py:651} INFO - DAG(s) dict_keys(['tutorial_etl_dag']) retrieved from /home/airflow/.local/lib/python3.7/site-packages/airflow/example_dags/tutorial_etl_dag.py
[2022-12-24 13:39:12,416] {logging_mixin.py:115} INFO - [2022-12-24 13:39:12,416] {dag.py:2420} INFO - Sync 1 DAGs
[2022-12-24 13:39:12,690] {logging_mixin.py:115} INFO - [2022-12-24 13:39:12,689] {dag.py:2972} INFO - Setting next_dagrun for tutorial_etl_dag to None, run_after=None
[2022-12-24 13:39:12,716] {processor.py:161} INFO - Processing /home/airflow/.local/lib/python3.7/site-packages/airflow/example_dags/tutorial_etl_dag.py took 0.365 seconds
[2022-12-24 13:39:43,219] {processor.py:153} INFO - Started process (PID=172) to work on /home/airflow/.local/lib/python3.7/site-packages/airflow/example_dags/tutorial_etl_dag.py
[2022-12-24 13:39:43,220] {processor.py:641} INFO - Processing file /home/airflow/.local/lib/python3.7/site-packages/airflow/example_dags/tutorial_etl_dag.py for tasks to queue
[2022-12-24 13:39:43,220] {logging_mixin.py:115} INFO - [2022-12-24 13:39:43,220] {dagbag.py:508} INFO - Filling up the DagBag from /home/airflow/.local/lib/python3.7/site-packages/airflow/example_dags/tutorial_etl_dag.py
[2022-12-24 13:39:43,229] {processor.py:651} INFO - DAG(s) dict_keys(['tutorial_etl_dag']) retrieved from /home/airflow/.local/lib/python3.7/site-packages/airflow/example_dags/tutorial_etl_dag.py
[2022-12-24 13:39:43,275] {logging_mixin.py:115} INFO - [2022-12-24 13:39:43,275] {dag.py:2420} INFO - Sync 1 DAGs
[2022-12-24 13:39:43,489] {logging_mixin.py:115} INFO - [2022-12-24 13:39:43,488] {dag.py:2972} INFO - Setting next_dagrun for tutorial_etl_dag to None, run_after=None
[2022-12-24 13:39:43,513] {processor.py:161} INFO - Processing /home/airflow/.local/lib/python3.7/site-packages/airflow/example_dags/tutorial_etl_dag.py took 0.298 seconds
[2022-12-24 13:40:15,923] {processor.py:153} INFO - Started process (PID=234) to work on /home/airflow/.local/lib/python3.7/site-packages/airflow/example_dags/tutorial_etl_dag.py
[2022-12-24 13:40:15,927] {processor.py:641} INFO - Processing file /home/airflow/.local/lib/python3.7/site-packages/airflow/example_dags/tutorial_etl_dag.py for tasks to queue
[2022-12-24 13:40:15,928] {logging_mixin.py:115} INFO - [2022-12-24 13:40:15,928] {dagbag.py:508} INFO - Filling up the DagBag from /home/airflow/.local/lib/python3.7/site-packages/airflow/example_dags/tutorial_etl_dag.py
[2022-12-24 13:40:15,953] {processor.py:651} INFO - DAG(s) dict_keys(['tutorial_etl_dag']) retrieved from /home/airflow/.local/lib/python3.7/site-packages/airflow/example_dags/tutorial_etl_dag.py
[2022-12-24 13:40:16,046] {logging_mixin.py:115} INFO - [2022-12-24 13:40:16,046] {dag.py:2420} INFO - Sync 1 DAGs
[2022-12-24 13:40:16,336] {logging_mixin.py:115} INFO - [2022-12-24 13:40:16,336] {dag.py:2972} INFO - Setting next_dagrun for tutorial_etl_dag to None, run_after=None
[2022-12-24 13:40:16,369] {processor.py:161} INFO - Processing /home/airflow/.local/lib/python3.7/site-packages/airflow/example_dags/tutorial_etl_dag.py took 0.458 seconds
[2022-12-24 13:40:47,032] {processor.py:153} INFO - Started process (PID=288) to work on /home/airflow/.local/lib/python3.7/site-packages/airflow/example_dags/tutorial_etl_dag.py
[2022-12-24 13:40:47,033] {processor.py:641} INFO - Processing file /home/airflow/.local/lib/python3.7/site-packages/airflow/example_dags/tutorial_etl_dag.py for tasks to queue
[2022-12-24 13:40:47,033] {logging_mixin.py:115} INFO - [2022-12-24 13:40:47,033] {dagbag.py:508} INFO - Filling up the DagBag from /home/airflow/.local/lib/python3.7/site-packages/airflow/example_dags/tutorial_etl_dag.py
[2022-12-24 13:40:47,043] {processor.py:651} INFO - DAG(s) dict_keys(['tutorial_etl_dag']) retrieved from /home/airflow/.local/lib/python3.7/site-packages/airflow/example_dags/tutorial_etl_dag.py
[2022-12-24 13:40:47,088] {logging_mixin.py:115} INFO - [2022-12-24 13:40:47,088] {dag.py:2420} INFO - Sync 1 DAGs
[2022-12-24 13:40:47,297] {logging_mixin.py:115} INFO - [2022-12-24 13:40:47,297] {dag.py:2972} INFO - Setting next_dagrun for tutorial_etl_dag to None, run_after=None
[2022-12-24 13:40:47,316] {processor.py:161} INFO - Processing /home/airflow/.local/lib/python3.7/site-packages/airflow/example_dags/tutorial_etl_dag.py took 0.287 seconds
[2022-12-24 13:41:18,226] {processor.py:153} INFO - Started process (PID=342) to work on /home/airflow/.local/lib/python3.7/site-packages/airflow/example_dags/tutorial_etl_dag.py
[2022-12-24 13:41:18,227] {processor.py:641} INFO - Processing file /home/airflow/.local/lib/python3.7/site-packages/airflow/example_dags/tutorial_etl_dag.py for tasks to queue
[2022-12-24 13:41:18,228] {logging_mixin.py:115} INFO - [2022-12-24 13:41:18,228] {dagbag.py:508} INFO - Filling up the DagBag from /home/airflow/.local/lib/python3.7/site-packages/airflow/example_dags/tutorial_etl_dag.py
[2022-12-24 13:41:18,241] {processor.py:651} INFO - DAG(s) dict_keys(['tutorial_etl_dag']) retrieved from /home/airflow/.local/lib/python3.7/site-packages/airflow/example_dags/tutorial_etl_dag.py
[2022-12-24 13:41:18,302] {logging_mixin.py:115} INFO - [2022-12-24 13:41:18,302] {dag.py:2420} INFO - Sync 1 DAGs
[2022-12-24 13:41:18,591] {logging_mixin.py:115} INFO - [2022-12-24 13:41:18,590] {dag.py:2972} INFO - Setting next_dagrun for tutorial_etl_dag to None, run_after=None
[2022-12-24 13:41:18,631] {processor.py:161} INFO - Processing /home/airflow/.local/lib/python3.7/site-packages/airflow/example_dags/tutorial_etl_dag.py took 0.411 seconds
[2022-12-24 13:41:48,719] {processor.py:153} INFO - Started process (PID=405) to work on /home/airflow/.local/lib/python3.7/site-packages/airflow/example_dags/tutorial_etl_dag.py
[2022-12-24 13:41:48,720] {processor.py:641} INFO - Processing file /home/airflow/.local/lib/python3.7/site-packages/airflow/example_dags/tutorial_etl_dag.py for tasks to queue
[2022-12-24 13:41:48,721] {logging_mixin.py:115} INFO - [2022-12-24 13:41:48,721] {dagbag.py:508} INFO - Filling up the DagBag from /home/airflow/.local/lib/python3.7/site-packages/airflow/example_dags/tutorial_etl_dag.py
[2022-12-24 13:41:48,733] {processor.py:651} INFO - DAG(s) dict_keys(['tutorial_etl_dag']) retrieved from /home/airflow/.local/lib/python3.7/site-packages/airflow/example_dags/tutorial_etl_dag.py
[2022-12-24 13:41:48,788] {logging_mixin.py:115} INFO - [2022-12-24 13:41:48,788] {dag.py:2420} INFO - Sync 1 DAGs
[2022-12-24 13:41:49,082] {logging_mixin.py:115} INFO - [2022-12-24 13:41:49,082] {dag.py:2972} INFO - Setting next_dagrun for tutorial_etl_dag to None, run_after=None
[2022-12-24 13:41:49,104] {processor.py:161} INFO - Processing /home/airflow/.local/lib/python3.7/site-packages/airflow/example_dags/tutorial_etl_dag.py took 0.391 seconds
[2022-12-24 13:42:20,108] {processor.py:153} INFO - Started process (PID=459) to work on /home/airflow/.local/lib/python3.7/site-packages/airflow/example_dags/tutorial_etl_dag.py
[2022-12-24 13:42:20,109] {processor.py:641} INFO - Processing file /home/airflow/.local/lib/python3.7/site-packages/airflow/example_dags/tutorial_etl_dag.py for tasks to queue
[2022-12-24 13:42:20,110] {logging_mixin.py:115} INFO - [2022-12-24 13:42:20,110] {dagbag.py:508} INFO - Filling up the DagBag from /home/airflow/.local/lib/python3.7/site-packages/airflow/example_dags/tutorial_etl_dag.py
[2022-12-24 13:42:20,125] {processor.py:651} INFO - DAG(s) dict_keys(['tutorial_etl_dag']) retrieved from /home/airflow/.local/lib/python3.7/site-packages/airflow/example_dags/tutorial_etl_dag.py
[2022-12-24 13:42:20,175] {logging_mixin.py:115} INFO - [2022-12-24 13:42:20,175] {dag.py:2420} INFO - Sync 1 DAGs
[2022-12-24 13:42:20,446] {logging_mixin.py:115} INFO - [2022-12-24 13:42:20,445] {dag.py:2972} INFO - Setting next_dagrun for tutorial_etl_dag to None, run_after=None
[2022-12-24 13:42:20,465] {processor.py:161} INFO - Processing /home/airflow/.local/lib/python3.7/site-packages/airflow/example_dags/tutorial_etl_dag.py took 0.364 seconds
[2022-12-24 13:42:50,655] {processor.py:153} INFO - Started process (PID=513) to work on /home/airflow/.local/lib/python3.7/site-packages/airflow/example_dags/tutorial_etl_dag.py
[2022-12-24 13:42:50,656] {processor.py:641} INFO - Processing file /home/airflow/.local/lib/python3.7/site-packages/airflow/example_dags/tutorial_etl_dag.py for tasks to queue
[2022-12-24 13:42:50,657] {logging_mixin.py:115} INFO - [2022-12-24 13:42:50,657] {dagbag.py:508} INFO - Filling up the DagBag from /home/airflow/.local/lib/python3.7/site-packages/airflow/example_dags/tutorial_etl_dag.py
[2022-12-24 13:42:50,671] {processor.py:651} INFO - DAG(s) dict_keys(['tutorial_etl_dag']) retrieved from /home/airflow/.local/lib/python3.7/site-packages/airflow/example_dags/tutorial_etl_dag.py
[2022-12-24 13:42:50,714] {logging_mixin.py:115} INFO - [2022-12-24 13:42:50,714] {dag.py:2420} INFO - Sync 1 DAGs
[2022-12-24 13:42:50,961] {logging_mixin.py:115} INFO - [2022-12-24 13:42:50,961] {dag.py:2972} INFO - Setting next_dagrun for tutorial_etl_dag to None, run_after=None
[2022-12-24 13:42:50,988] {processor.py:161} INFO - Processing /home/airflow/.local/lib/python3.7/site-packages/airflow/example_dags/tutorial_etl_dag.py took 0.339 seconds
[2022-12-24 13:43:22,067] {processor.py:153} INFO - Started process (PID=576) to work on /home/airflow/.local/lib/python3.7/site-packages/airflow/example_dags/tutorial_etl_dag.py
[2022-12-24 13:43:22,069] {processor.py:641} INFO - Processing file /home/airflow/.local/lib/python3.7/site-packages/airflow/example_dags/tutorial_etl_dag.py for tasks to queue
[2022-12-24 13:43:22,070] {logging_mixin.py:115} INFO - [2022-12-24 13:43:22,070] {dagbag.py:508} INFO - Filling up the DagBag from /home/airflow/.local/lib/python3.7/site-packages/airflow/example_dags/tutorial_etl_dag.py
[2022-12-24 13:43:22,092] {processor.py:651} INFO - DAG(s) dict_keys(['tutorial_etl_dag']) retrieved from /home/airflow/.local/lib/python3.7/site-packages/airflow/example_dags/tutorial_etl_dag.py
[2022-12-24 13:43:22,149] {logging_mixin.py:115} INFO - [2022-12-24 13:43:22,149] {dag.py:2420} INFO - Sync 1 DAGs
[2022-12-24 13:43:22,357] {logging_mixin.py:115} INFO - [2022-12-24 13:43:22,356] {dag.py:2972} INFO - Setting next_dagrun for tutorial_etl_dag to None, run_after=None
[2022-12-24 13:43:22,372] {processor.py:161} INFO - Processing /home/airflow/.local/lib/python3.7/site-packages/airflow/example_dags/tutorial_etl_dag.py took 0.312 seconds
[2022-12-24 13:43:52,986] {processor.py:153} INFO - Started process (PID=629) to work on /home/airflow/.local/lib/python3.7/site-packages/airflow/example_dags/tutorial_etl_dag.py
[2022-12-24 13:43:52,986] {processor.py:641} INFO - Processing file /home/airflow/.local/lib/python3.7/site-packages/airflow/example_dags/tutorial_etl_dag.py for tasks to queue
[2022-12-24 13:43:52,987] {logging_mixin.py:115} INFO - [2022-12-24 13:43:52,987] {dagbag.py:508} INFO - Filling up the DagBag from /home/airflow/.local/lib/python3.7/site-packages/airflow/example_dags/tutorial_etl_dag.py
[2022-12-24 13:43:52,997] {processor.py:651} INFO - DAG(s) dict_keys(['tutorial_etl_dag']) retrieved from /home/airflow/.local/lib/python3.7/site-packages/airflow/example_dags/tutorial_etl_dag.py
[2022-12-24 13:43:53,044] {logging_mixin.py:115} INFO - [2022-12-24 13:43:53,044] {dag.py:2420} INFO - Sync 1 DAGs
[2022-12-24 13:43:53,300] {logging_mixin.py:115} INFO - [2022-12-24 13:43:53,300] {dag.py:2972} INFO - Setting next_dagrun for tutorial_etl_dag to None, run_after=None
[2022-12-24 13:43:53,321] {processor.py:161} INFO - Processing /home/airflow/.local/lib/python3.7/site-packages/airflow/example_dags/tutorial_etl_dag.py took 0.340 seconds
[2022-12-24 13:44:23,378] {processor.py:153} INFO - Started process (PID=683) to work on /home/airflow/.local/lib/python3.7/site-packages/airflow/example_dags/tutorial_etl_dag.py
[2022-12-24 13:44:23,380] {processor.py:641} INFO - Processing file /home/airflow/.local/lib/python3.7/site-packages/airflow/example_dags/tutorial_etl_dag.py for tasks to queue
[2022-12-24 13:44:23,380] {logging_mixin.py:115} INFO - [2022-12-24 13:44:23,380] {dagbag.py:508} INFO - Filling up the DagBag from /home/airflow/.local/lib/python3.7/site-packages/airflow/example_dags/tutorial_etl_dag.py
[2022-12-24 13:44:23,393] {processor.py:651} INFO - DAG(s) dict_keys(['tutorial_etl_dag']) retrieved from /home/airflow/.local/lib/python3.7/site-packages/airflow/example_dags/tutorial_etl_dag.py
[2022-12-24 13:44:23,443] {logging_mixin.py:115} INFO - [2022-12-24 13:44:23,442] {dag.py:2420} INFO - Sync 1 DAGs
[2022-12-24 13:44:23,739] {logging_mixin.py:115} INFO - [2022-12-24 13:44:23,738] {dag.py:2972} INFO - Setting next_dagrun for tutorial_etl_dag to None, run_after=None
[2022-12-24 13:44:23,759] {processor.py:161} INFO - Processing /home/airflow/.local/lib/python3.7/site-packages/airflow/example_dags/tutorial_etl_dag.py took 0.385 seconds
[2022-12-24 13:44:54,121] {processor.py:153} INFO - Started process (PID=746) to work on /home/airflow/.local/lib/python3.7/site-packages/airflow/example_dags/tutorial_etl_dag.py
[2022-12-24 13:44:54,122] {processor.py:641} INFO - Processing file /home/airflow/.local/lib/python3.7/site-packages/airflow/example_dags/tutorial_etl_dag.py for tasks to queue
[2022-12-24 13:44:54,122] {logging_mixin.py:115} INFO - [2022-12-24 13:44:54,122] {dagbag.py:508} INFO - Filling up the DagBag from /home/airflow/.local/lib/python3.7/site-packages/airflow/example_dags/tutorial_etl_dag.py
[2022-12-24 13:44:54,135] {processor.py:651} INFO - DAG(s) dict_keys(['tutorial_etl_dag']) retrieved from /home/airflow/.local/lib/python3.7/site-packages/airflow/example_dags/tutorial_etl_dag.py
[2022-12-24 13:44:54,206] {logging_mixin.py:115} INFO - [2022-12-24 13:44:54,206] {dag.py:2420} INFO - Sync 1 DAGs
[2022-12-24 13:44:54,469] {logging_mixin.py:115} INFO - [2022-12-24 13:44:54,468] {dag.py:2972} INFO - Setting next_dagrun for tutorial_etl_dag to None, run_after=None
[2022-12-24 13:44:54,495] {processor.py:161} INFO - Processing /home/airflow/.local/lib/python3.7/site-packages/airflow/example_dags/tutorial_etl_dag.py took 0.379 seconds
[2022-12-24 13:45:24,737] {processor.py:153} INFO - Started process (PID=800) to work on /home/airflow/.local/lib/python3.7/site-packages/airflow/example_dags/tutorial_etl_dag.py
[2022-12-24 13:45:24,738] {processor.py:641} INFO - Processing file /home/airflow/.local/lib/python3.7/site-packages/airflow/example_dags/tutorial_etl_dag.py for tasks to queue
[2022-12-24 13:45:24,738] {logging_mixin.py:115} INFO - [2022-12-24 13:45:24,738] {dagbag.py:508} INFO - Filling up the DagBag from /home/airflow/.local/lib/python3.7/site-packages/airflow/example_dags/tutorial_etl_dag.py
[2022-12-24 13:45:24,750] {processor.py:651} INFO - DAG(s) dict_keys(['tutorial_etl_dag']) retrieved from /home/airflow/.local/lib/python3.7/site-packages/airflow/example_dags/tutorial_etl_dag.py
[2022-12-24 13:45:24,800] {logging_mixin.py:115} INFO - [2022-12-24 13:45:24,799] {dag.py:2420} INFO - Sync 1 DAGs
[2022-12-24 13:45:24,989] {logging_mixin.py:115} INFO - [2022-12-24 13:45:24,988] {dag.py:2972} INFO - Setting next_dagrun for tutorial_etl_dag to None, run_after=None
[2022-12-24 13:45:25,005] {processor.py:161} INFO - Processing /home/airflow/.local/lib/python3.7/site-packages/airflow/example_dags/tutorial_etl_dag.py took 0.271 seconds
[2022-12-24 13:45:55,940] {processor.py:153} INFO - Started process (PID=862) to work on /home/airflow/.local/lib/python3.7/site-packages/airflow/example_dags/tutorial_etl_dag.py
[2022-12-24 13:45:55,942] {processor.py:641} INFO - Processing file /home/airflow/.local/lib/python3.7/site-packages/airflow/example_dags/tutorial_etl_dag.py for tasks to queue
[2022-12-24 13:45:55,943] {logging_mixin.py:115} INFO - [2022-12-24 13:45:55,943] {dagbag.py:508} INFO - Filling up the DagBag from /home/airflow/.local/lib/python3.7/site-packages/airflow/example_dags/tutorial_etl_dag.py
[2022-12-24 13:45:55,956] {processor.py:651} INFO - DAG(s) dict_keys(['tutorial_etl_dag']) retrieved from /home/airflow/.local/lib/python3.7/site-packages/airflow/example_dags/tutorial_etl_dag.py
[2022-12-24 13:45:56,022] {logging_mixin.py:115} INFO - [2022-12-24 13:45:56,022] {dag.py:2420} INFO - Sync 1 DAGs
[2022-12-24 13:45:56,333] {logging_mixin.py:115} INFO - [2022-12-24 13:45:56,332] {dag.py:2972} INFO - Setting next_dagrun for tutorial_etl_dag to None, run_after=None
[2022-12-24 13:45:56,361] {processor.py:161} INFO - Processing /home/airflow/.local/lib/python3.7/site-packages/airflow/example_dags/tutorial_etl_dag.py took 0.427 seconds
[2022-12-24 13:46:26,697] {processor.py:153} INFO - Started process (PID=916) to work on /home/airflow/.local/lib/python3.7/site-packages/airflow/example_dags/tutorial_etl_dag.py
[2022-12-24 13:46:26,698] {processor.py:641} INFO - Processing file /home/airflow/.local/lib/python3.7/site-packages/airflow/example_dags/tutorial_etl_dag.py for tasks to queue
[2022-12-24 13:46:26,699] {logging_mixin.py:115} INFO - [2022-12-24 13:46:26,699] {dagbag.py:508} INFO - Filling up the DagBag from /home/airflow/.local/lib/python3.7/site-packages/airflow/example_dags/tutorial_etl_dag.py
[2022-12-24 13:46:26,710] {processor.py:651} INFO - DAG(s) dict_keys(['tutorial_etl_dag']) retrieved from /home/airflow/.local/lib/python3.7/site-packages/airflow/example_dags/tutorial_etl_dag.py
[2022-12-24 13:46:26,764] {logging_mixin.py:115} INFO - [2022-12-24 13:46:26,764] {dag.py:2420} INFO - Sync 1 DAGs
[2022-12-24 13:46:27,026] {logging_mixin.py:115} INFO - [2022-12-24 13:46:27,026] {dag.py:2972} INFO - Setting next_dagrun for tutorial_etl_dag to None, run_after=None
[2022-12-24 13:46:27,053] {processor.py:161} INFO - Processing /home/airflow/.local/lib/python3.7/site-packages/airflow/example_dags/tutorial_etl_dag.py took 0.361 seconds
[2022-12-24 13:46:57,467] {processor.py:153} INFO - Started process (PID=970) to work on /home/airflow/.local/lib/python3.7/site-packages/airflow/example_dags/tutorial_etl_dag.py
[2022-12-24 13:46:57,468] {processor.py:641} INFO - Processing file /home/airflow/.local/lib/python3.7/site-packages/airflow/example_dags/tutorial_etl_dag.py for tasks to queue
[2022-12-24 13:46:57,469] {logging_mixin.py:115} INFO - [2022-12-24 13:46:57,469] {dagbag.py:508} INFO - Filling up the DagBag from /home/airflow/.local/lib/python3.7/site-packages/airflow/example_dags/tutorial_etl_dag.py
[2022-12-24 13:46:57,480] {processor.py:651} INFO - DAG(s) dict_keys(['tutorial_etl_dag']) retrieved from /home/airflow/.local/lib/python3.7/site-packages/airflow/example_dags/tutorial_etl_dag.py
[2022-12-24 13:46:57,535] {logging_mixin.py:115} INFO - [2022-12-24 13:46:57,534] {dag.py:2420} INFO - Sync 1 DAGs
[2022-12-24 13:46:57,807] {logging_mixin.py:115} INFO - [2022-12-24 13:46:57,807] {dag.py:2972} INFO - Setting next_dagrun for tutorial_etl_dag to None, run_after=None
[2022-12-24 13:46:57,835] {processor.py:161} INFO - Processing /home/airflow/.local/lib/python3.7/site-packages/airflow/example_dags/tutorial_etl_dag.py took 0.372 seconds
[2022-12-24 13:47:28,227] {processor.py:153} INFO - Started process (PID=1034) to work on /home/airflow/.local/lib/python3.7/site-packages/airflow/example_dags/tutorial_etl_dag.py
[2022-12-24 13:47:28,228] {processor.py:641} INFO - Processing file /home/airflow/.local/lib/python3.7/site-packages/airflow/example_dags/tutorial_etl_dag.py for tasks to queue
[2022-12-24 13:47:28,229] {logging_mixin.py:115} INFO - [2022-12-24 13:47:28,229] {dagbag.py:508} INFO - Filling up the DagBag from /home/airflow/.local/lib/python3.7/site-packages/airflow/example_dags/tutorial_etl_dag.py
[2022-12-24 13:47:28,240] {processor.py:651} INFO - DAG(s) dict_keys(['tutorial_etl_dag']) retrieved from /home/airflow/.local/lib/python3.7/site-packages/airflow/example_dags/tutorial_etl_dag.py
[2022-12-24 13:47:28,287] {logging_mixin.py:115} INFO - [2022-12-24 13:47:28,287] {dag.py:2420} INFO - Sync 1 DAGs
[2022-12-24 13:47:28,557] {logging_mixin.py:115} INFO - [2022-12-24 13:47:28,556] {dag.py:2972} INFO - Setting next_dagrun for tutorial_etl_dag to None, run_after=None
[2022-12-24 13:47:28,581] {processor.py:161} INFO - Processing /home/airflow/.local/lib/python3.7/site-packages/airflow/example_dags/tutorial_etl_dag.py took 0.361 seconds
[2022-12-24 13:47:58,925] {processor.py:153} INFO - Started process (PID=1088) to work on /home/airflow/.local/lib/python3.7/site-packages/airflow/example_dags/tutorial_etl_dag.py
[2022-12-24 13:47:58,926] {processor.py:641} INFO - Processing file /home/airflow/.local/lib/python3.7/site-packages/airflow/example_dags/tutorial_etl_dag.py for tasks to queue
[2022-12-24 13:47:58,927] {logging_mixin.py:115} INFO - [2022-12-24 13:47:58,927] {dagbag.py:508} INFO - Filling up the DagBag from /home/airflow/.local/lib/python3.7/site-packages/airflow/example_dags/tutorial_etl_dag.py
[2022-12-24 13:47:58,938] {processor.py:651} INFO - DAG(s) dict_keys(['tutorial_etl_dag']) retrieved from /home/airflow/.local/lib/python3.7/site-packages/airflow/example_dags/tutorial_etl_dag.py
[2022-12-24 13:47:58,990] {logging_mixin.py:115} INFO - [2022-12-24 13:47:58,990] {dag.py:2420} INFO - Sync 1 DAGs
[2022-12-24 13:47:59,269] {logging_mixin.py:115} INFO - [2022-12-24 13:47:59,269] {dag.py:2972} INFO - Setting next_dagrun for tutorial_etl_dag to None, run_after=None
[2022-12-24 13:47:59,296] {processor.py:161} INFO - Processing /home/airflow/.local/lib/python3.7/site-packages/airflow/example_dags/tutorial_etl_dag.py took 0.376 seconds
[2022-12-24 13:48:29,924] {processor.py:153} INFO - Started process (PID=1151) to work on /home/airflow/.local/lib/python3.7/site-packages/airflow/example_dags/tutorial_etl_dag.py
[2022-12-24 13:48:29,925] {processor.py:641} INFO - Processing file /home/airflow/.local/lib/python3.7/site-packages/airflow/example_dags/tutorial_etl_dag.py for tasks to queue
[2022-12-24 13:48:29,925] {logging_mixin.py:115} INFO - [2022-12-24 13:48:29,925] {dagbag.py:508} INFO - Filling up the DagBag from /home/airflow/.local/lib/python3.7/site-packages/airflow/example_dags/tutorial_etl_dag.py
[2022-12-24 13:48:29,937] {processor.py:651} INFO - DAG(s) dict_keys(['tutorial_etl_dag']) retrieved from /home/airflow/.local/lib/python3.7/site-packages/airflow/example_dags/tutorial_etl_dag.py
[2022-12-24 13:48:30,005] {logging_mixin.py:115} INFO - [2022-12-24 13:48:30,004] {dag.py:2420} INFO - Sync 1 DAGs
[2022-12-24 13:48:30,309] {logging_mixin.py:115} INFO - [2022-12-24 13:48:30,309] {dag.py:2972} INFO - Setting next_dagrun for tutorial_etl_dag to None, run_after=None
[2022-12-24 13:48:30,333] {processor.py:161} INFO - Processing /home/airflow/.local/lib/python3.7/site-packages/airflow/example_dags/tutorial_etl_dag.py took 0.414 seconds
[2022-12-24 13:49:00,733] {processor.py:153} INFO - Started process (PID=1205) to work on /home/airflow/.local/lib/python3.7/site-packages/airflow/example_dags/tutorial_etl_dag.py
[2022-12-24 13:49:00,734] {processor.py:641} INFO - Processing file /home/airflow/.local/lib/python3.7/site-packages/airflow/example_dags/tutorial_etl_dag.py for tasks to queue
[2022-12-24 13:49:00,735] {logging_mixin.py:115} INFO - [2022-12-24 13:49:00,735] {dagbag.py:508} INFO - Filling up the DagBag from /home/airflow/.local/lib/python3.7/site-packages/airflow/example_dags/tutorial_etl_dag.py
[2022-12-24 13:49:00,747] {processor.py:651} INFO - DAG(s) dict_keys(['tutorial_etl_dag']) retrieved from /home/airflow/.local/lib/python3.7/site-packages/airflow/example_dags/tutorial_etl_dag.py
[2022-12-24 13:49:00,804] {logging_mixin.py:115} INFO - [2022-12-24 13:49:00,804] {dag.py:2420} INFO - Sync 1 DAGs
[2022-12-24 13:49:01,088] {logging_mixin.py:115} INFO - [2022-12-24 13:49:01,088] {dag.py:2972} INFO - Setting next_dagrun for tutorial_etl_dag to None, run_after=None
[2022-12-24 13:49:01,127] {processor.py:161} INFO - Processing /home/airflow/.local/lib/python3.7/site-packages/airflow/example_dags/tutorial_etl_dag.py took 0.400 seconds
[2022-12-24 13:49:31,369] {processor.py:153} INFO - Started process (PID=1259) to work on /home/airflow/.local/lib/python3.7/site-packages/airflow/example_dags/tutorial_etl_dag.py
[2022-12-24 13:49:31,370] {processor.py:641} INFO - Processing file /home/airflow/.local/lib/python3.7/site-packages/airflow/example_dags/tutorial_etl_dag.py for tasks to queue
[2022-12-24 13:49:31,371] {logging_mixin.py:115} INFO - [2022-12-24 13:49:31,370] {dagbag.py:508} INFO - Filling up the DagBag from /home/airflow/.local/lib/python3.7/site-packages/airflow/example_dags/tutorial_etl_dag.py
[2022-12-24 13:49:31,381] {processor.py:651} INFO - DAG(s) dict_keys(['tutorial_etl_dag']) retrieved from /home/airflow/.local/lib/python3.7/site-packages/airflow/example_dags/tutorial_etl_dag.py
[2022-12-24 13:49:31,640] {logging_mixin.py:115} INFO - [2022-12-24 13:49:31,640] {dag.py:2420} INFO - Sync 1 DAGs
[2022-12-24 13:49:31,682] {logging_mixin.py:115} INFO - [2022-12-24 13:49:31,682] {dag.py:2972} INFO - Setting next_dagrun for tutorial_etl_dag to None, run_after=None
[2022-12-24 13:49:31,705] {processor.py:161} INFO - Processing /home/airflow/.local/lib/python3.7/site-packages/airflow/example_dags/tutorial_etl_dag.py took 0.342 seconds
[2022-12-24 13:50:02,419] {processor.py:153} INFO - Started process (PID=1322) to work on /home/airflow/.local/lib/python3.7/site-packages/airflow/example_dags/tutorial_etl_dag.py
[2022-12-24 13:50:02,420] {processor.py:641} INFO - Processing file /home/airflow/.local/lib/python3.7/site-packages/airflow/example_dags/tutorial_etl_dag.py for tasks to queue
[2022-12-24 13:50:02,420] {logging_mixin.py:115} INFO - [2022-12-24 13:50:02,420] {dagbag.py:508} INFO - Filling up the DagBag from /home/airflow/.local/lib/python3.7/site-packages/airflow/example_dags/tutorial_etl_dag.py
[2022-12-24 13:50:02,430] {processor.py:651} INFO - DAG(s) dict_keys(['tutorial_etl_dag']) retrieved from /home/airflow/.local/lib/python3.7/site-packages/airflow/example_dags/tutorial_etl_dag.py
[2022-12-24 13:50:02,682] {logging_mixin.py:115} INFO - [2022-12-24 13:50:02,682] {dag.py:2420} INFO - Sync 1 DAGs
[2022-12-24 13:50:02,725] {logging_mixin.py:115} INFO - [2022-12-24 13:50:02,725] {dag.py:2972} INFO - Setting next_dagrun for tutorial_etl_dag to None, run_after=None
[2022-12-24 13:50:02,758] {processor.py:161} INFO - Processing /home/airflow/.local/lib/python3.7/site-packages/airflow/example_dags/tutorial_etl_dag.py took 0.343 seconds
[2022-12-24 13:50:33,135] {processor.py:153} INFO - Started process (PID=1375) to work on /home/airflow/.local/lib/python3.7/site-packages/airflow/example_dags/tutorial_etl_dag.py
[2022-12-24 13:50:33,136] {processor.py:641} INFO - Processing file /home/airflow/.local/lib/python3.7/site-packages/airflow/example_dags/tutorial_etl_dag.py for tasks to queue
[2022-12-24 13:50:33,136] {logging_mixin.py:115} INFO - [2022-12-24 13:50:33,136] {dagbag.py:508} INFO - Filling up the DagBag from /home/airflow/.local/lib/python3.7/site-packages/airflow/example_dags/tutorial_etl_dag.py
[2022-12-24 13:50:33,147] {processor.py:651} INFO - DAG(s) dict_keys(['tutorial_etl_dag']) retrieved from /home/airflow/.local/lib/python3.7/site-packages/airflow/example_dags/tutorial_etl_dag.py
[2022-12-24 13:50:33,393] {logging_mixin.py:115} INFO - [2022-12-24 13:50:33,393] {dag.py:2420} INFO - Sync 1 DAGs
[2022-12-24 13:50:33,433] {logging_mixin.py:115} INFO - [2022-12-24 13:50:33,433] {dag.py:2972} INFO - Setting next_dagrun for tutorial_etl_dag to None, run_after=None
[2022-12-24 13:50:33,458] {processor.py:161} INFO - Processing /home/airflow/.local/lib/python3.7/site-packages/airflow/example_dags/tutorial_etl_dag.py took 0.328 seconds
[2022-12-24 13:51:04,335] {processor.py:153} INFO - Started process (PID=1439) to work on /home/airflow/.local/lib/python3.7/site-packages/airflow/example_dags/tutorial_etl_dag.py
[2022-12-24 13:51:04,336] {processor.py:641} INFO - Processing file /home/airflow/.local/lib/python3.7/site-packages/airflow/example_dags/tutorial_etl_dag.py for tasks to queue
[2022-12-24 13:51:04,338] {logging_mixin.py:115} INFO - [2022-12-24 13:51:04,337] {dagbag.py:508} INFO - Filling up the DagBag from /home/airflow/.local/lib/python3.7/site-packages/airflow/example_dags/tutorial_etl_dag.py
[2022-12-24 13:51:04,353] {processor.py:651} INFO - DAG(s) dict_keys(['tutorial_etl_dag']) retrieved from /home/airflow/.local/lib/python3.7/site-packages/airflow/example_dags/tutorial_etl_dag.py
[2022-12-24 13:51:04,689] {logging_mixin.py:115} INFO - [2022-12-24 13:51:04,689] {dag.py:2420} INFO - Sync 1 DAGs
[2022-12-24 13:51:04,738] {logging_mixin.py:115} INFO - [2022-12-24 13:51:04,737] {dag.py:2972} INFO - Setting next_dagrun for tutorial_etl_dag to None, run_after=None
[2022-12-24 13:51:04,763] {processor.py:161} INFO - Processing /home/airflow/.local/lib/python3.7/site-packages/airflow/example_dags/tutorial_etl_dag.py took 0.435 seconds
[2022-12-24 13:51:35,049] {processor.py:153} INFO - Started process (PID=1493) to work on /home/airflow/.local/lib/python3.7/site-packages/airflow/example_dags/tutorial_etl_dag.py
[2022-12-24 13:51:35,050] {processor.py:641} INFO - Processing file /home/airflow/.local/lib/python3.7/site-packages/airflow/example_dags/tutorial_etl_dag.py for tasks to queue
[2022-12-24 13:51:35,052] {logging_mixin.py:115} INFO - [2022-12-24 13:51:35,051] {dagbag.py:508} INFO - Filling up the DagBag from /home/airflow/.local/lib/python3.7/site-packages/airflow/example_dags/tutorial_etl_dag.py
[2022-12-24 13:51:35,068] {processor.py:651} INFO - DAG(s) dict_keys(['tutorial_etl_dag']) retrieved from /home/airflow/.local/lib/python3.7/site-packages/airflow/example_dags/tutorial_etl_dag.py
[2022-12-24 13:51:35,337] {logging_mixin.py:115} INFO - [2022-12-24 13:51:35,337] {dag.py:2420} INFO - Sync 1 DAGs
[2022-12-24 13:51:35,376] {logging_mixin.py:115} INFO - [2022-12-24 13:51:35,376] {dag.py:2972} INFO - Setting next_dagrun for tutorial_etl_dag to None, run_after=None
[2022-12-24 13:51:35,401] {processor.py:161} INFO - Processing /home/airflow/.local/lib/python3.7/site-packages/airflow/example_dags/tutorial_etl_dag.py took 0.359 seconds
[2022-12-24 13:52:06,428] {processor.py:153} INFO - Started process (PID=1547) to work on /home/airflow/.local/lib/python3.7/site-packages/airflow/example_dags/tutorial_etl_dag.py
[2022-12-24 13:52:06,429] {processor.py:641} INFO - Processing file /home/airflow/.local/lib/python3.7/site-packages/airflow/example_dags/tutorial_etl_dag.py for tasks to queue
[2022-12-24 13:52:06,430] {logging_mixin.py:115} INFO - [2022-12-24 13:52:06,430] {dagbag.py:508} INFO - Filling up the DagBag from /home/airflow/.local/lib/python3.7/site-packages/airflow/example_dags/tutorial_etl_dag.py
[2022-12-24 13:52:06,439] {processor.py:651} INFO - DAG(s) dict_keys(['tutorial_etl_dag']) retrieved from /home/airflow/.local/lib/python3.7/site-packages/airflow/example_dags/tutorial_etl_dag.py
[2022-12-24 13:52:06,688] {logging_mixin.py:115} INFO - [2022-12-24 13:52:06,688] {dag.py:2420} INFO - Sync 1 DAGs
[2022-12-24 13:52:06,728] {logging_mixin.py:115} INFO - [2022-12-24 13:52:06,728] {dag.py:2972} INFO - Setting next_dagrun for tutorial_etl_dag to None, run_after=None
[2022-12-24 13:52:06,754] {processor.py:161} INFO - Processing /home/airflow/.local/lib/python3.7/site-packages/airflow/example_dags/tutorial_etl_dag.py took 0.330 seconds
[2022-12-24 13:52:37,321] {processor.py:153} INFO - Started process (PID=1610) to work on /home/airflow/.local/lib/python3.7/site-packages/airflow/example_dags/tutorial_etl_dag.py
[2022-12-24 13:52:37,323] {processor.py:641} INFO - Processing file /home/airflow/.local/lib/python3.7/site-packages/airflow/example_dags/tutorial_etl_dag.py for tasks to queue
[2022-12-24 13:52:37,324] {logging_mixin.py:115} INFO - [2022-12-24 13:52:37,323] {dagbag.py:508} INFO - Filling up the DagBag from /home/airflow/.local/lib/python3.7/site-packages/airflow/example_dags/tutorial_etl_dag.py
[2022-12-24 13:52:37,335] {processor.py:651} INFO - DAG(s) dict_keys(['tutorial_etl_dag']) retrieved from /home/airflow/.local/lib/python3.7/site-packages/airflow/example_dags/tutorial_etl_dag.py
[2022-12-24 13:52:37,641] {logging_mixin.py:115} INFO - [2022-12-24 13:52:37,641] {dag.py:2420} INFO - Sync 1 DAGs
[2022-12-24 13:52:37,682] {logging_mixin.py:115} INFO - [2022-12-24 13:52:37,681] {dag.py:2972} INFO - Setting next_dagrun for tutorial_etl_dag to None, run_after=None
[2022-12-24 13:52:37,708] {processor.py:161} INFO - Processing /home/airflow/.local/lib/python3.7/site-packages/airflow/example_dags/tutorial_etl_dag.py took 0.393 seconds
[2022-12-24 13:53:07,794] {processor.py:153} INFO - Started process (PID=1664) to work on /home/airflow/.local/lib/python3.7/site-packages/airflow/example_dags/tutorial_etl_dag.py
[2022-12-24 13:53:07,795] {processor.py:641} INFO - Processing file /home/airflow/.local/lib/python3.7/site-packages/airflow/example_dags/tutorial_etl_dag.py for tasks to queue
[2022-12-24 13:53:07,796] {logging_mixin.py:115} INFO - [2022-12-24 13:53:07,796] {dagbag.py:508} INFO - Filling up the DagBag from /home/airflow/.local/lib/python3.7/site-packages/airflow/example_dags/tutorial_etl_dag.py
[2022-12-24 13:53:07,815] {processor.py:651} INFO - DAG(s) dict_keys(['tutorial_etl_dag']) retrieved from /home/airflow/.local/lib/python3.7/site-packages/airflow/example_dags/tutorial_etl_dag.py
[2022-12-24 13:53:08,082] {logging_mixin.py:115} INFO - [2022-12-24 13:53:08,082] {dag.py:2420} INFO - Sync 1 DAGs
[2022-12-24 13:53:08,119] {logging_mixin.py:115} INFO - [2022-12-24 13:53:08,118] {dag.py:2972} INFO - Setting next_dagrun for tutorial_etl_dag to None, run_after=None
[2022-12-24 13:53:08,142] {processor.py:161} INFO - Processing /home/airflow/.local/lib/python3.7/site-packages/airflow/example_dags/tutorial_etl_dag.py took 0.355 seconds
[2022-12-24 13:53:38,992] {processor.py:153} INFO - Started process (PID=1718) to work on /home/airflow/.local/lib/python3.7/site-packages/airflow/example_dags/tutorial_etl_dag.py
[2022-12-24 13:53:38,994] {processor.py:641} INFO - Processing file /home/airflow/.local/lib/python3.7/site-packages/airflow/example_dags/tutorial_etl_dag.py for tasks to queue
[2022-12-24 13:53:38,995] {logging_mixin.py:115} INFO - [2022-12-24 13:53:38,995] {dagbag.py:508} INFO - Filling up the DagBag from /home/airflow/.local/lib/python3.7/site-packages/airflow/example_dags/tutorial_etl_dag.py
[2022-12-24 13:53:39,009] {processor.py:651} INFO - DAG(s) dict_keys(['tutorial_etl_dag']) retrieved from /home/airflow/.local/lib/python3.7/site-packages/airflow/example_dags/tutorial_etl_dag.py
[2022-12-24 13:53:39,334] {logging_mixin.py:115} INFO - [2022-12-24 13:53:39,334] {dag.py:2420} INFO - Sync 1 DAGs
[2022-12-24 13:53:39,385] {logging_mixin.py:115} INFO - [2022-12-24 13:53:39,385] {dag.py:2972} INFO - Setting next_dagrun for tutorial_etl_dag to None, run_after=None
[2022-12-24 13:53:39,415] {processor.py:161} INFO - Processing /home/airflow/.local/lib/python3.7/site-packages/airflow/example_dags/tutorial_etl_dag.py took 0.429 seconds
[2022-12-24 13:54:09,601] {processor.py:153} INFO - Started process (PID=1781) to work on /home/airflow/.local/lib/python3.7/site-packages/airflow/example_dags/tutorial_etl_dag.py
[2022-12-24 13:54:09,602] {processor.py:641} INFO - Processing file /home/airflow/.local/lib/python3.7/site-packages/airflow/example_dags/tutorial_etl_dag.py for tasks to queue
[2022-12-24 13:54:09,602] {logging_mixin.py:115} INFO - [2022-12-24 13:54:09,602] {dagbag.py:508} INFO - Filling up the DagBag from /home/airflow/.local/lib/python3.7/site-packages/airflow/example_dags/tutorial_etl_dag.py
[2022-12-24 13:54:09,621] {processor.py:651} INFO - DAG(s) dict_keys(['tutorial_etl_dag']) retrieved from /home/airflow/.local/lib/python3.7/site-packages/airflow/example_dags/tutorial_etl_dag.py
[2022-12-24 13:54:09,915] {logging_mixin.py:115} INFO - [2022-12-24 13:54:09,914] {dag.py:2420} INFO - Sync 1 DAGs
[2022-12-24 13:54:09,959] {logging_mixin.py:115} INFO - [2022-12-24 13:54:09,959] {dag.py:2972} INFO - Setting next_dagrun for tutorial_etl_dag to None, run_after=None
[2022-12-24 13:54:09,983] {processor.py:161} INFO - Processing /home/airflow/.local/lib/python3.7/site-packages/airflow/example_dags/tutorial_etl_dag.py took 0.387 seconds
[2022-12-24 13:54:40,745] {processor.py:153} INFO - Started process (PID=1835) to work on /home/airflow/.local/lib/python3.7/site-packages/airflow/example_dags/tutorial_etl_dag.py
[2022-12-24 13:54:40,746] {processor.py:641} INFO - Processing file /home/airflow/.local/lib/python3.7/site-packages/airflow/example_dags/tutorial_etl_dag.py for tasks to queue
[2022-12-24 13:54:40,748] {logging_mixin.py:115} INFO - [2022-12-24 13:54:40,748] {dagbag.py:508} INFO - Filling up the DagBag from /home/airflow/.local/lib/python3.7/site-packages/airflow/example_dags/tutorial_etl_dag.py
[2022-12-24 13:54:40,779] {processor.py:651} INFO - DAG(s) dict_keys(['tutorial_etl_dag']) retrieved from /home/airflow/.local/lib/python3.7/site-packages/airflow/example_dags/tutorial_etl_dag.py
[2022-12-24 13:54:41,182] {logging_mixin.py:115} INFO - [2022-12-24 13:54:41,182] {dag.py:2420} INFO - Sync 1 DAGs
[2022-12-24 13:54:41,244] {logging_mixin.py:115} INFO - [2022-12-24 13:54:41,244] {dag.py:2972} INFO - Setting next_dagrun for tutorial_etl_dag to None, run_after=None
[2022-12-24 13:54:41,294] {processor.py:161} INFO - Processing /home/airflow/.local/lib/python3.7/site-packages/airflow/example_dags/tutorial_etl_dag.py took 0.559 seconds
[2022-12-24 13:55:11,508] {processor.py:153} INFO - Started process (PID=1888) to work on /home/airflow/.local/lib/python3.7/site-packages/airflow/example_dags/tutorial_etl_dag.py
[2022-12-24 13:55:11,512] {processor.py:641} INFO - Processing file /home/airflow/.local/lib/python3.7/site-packages/airflow/example_dags/tutorial_etl_dag.py for tasks to queue
[2022-12-24 13:55:11,513] {logging_mixin.py:115} INFO - [2022-12-24 13:55:11,513] {dagbag.py:508} INFO - Filling up the DagBag from /home/airflow/.local/lib/python3.7/site-packages/airflow/example_dags/tutorial_etl_dag.py
[2022-12-24 13:55:11,535] {processor.py:651} INFO - DAG(s) dict_keys(['tutorial_etl_dag']) retrieved from /home/airflow/.local/lib/python3.7/site-packages/airflow/example_dags/tutorial_etl_dag.py
[2022-12-24 13:55:11,781] {logging_mixin.py:115} INFO - [2022-12-24 13:55:11,781] {dag.py:2420} INFO - Sync 1 DAGs
[2022-12-24 13:55:11,816] {logging_mixin.py:115} INFO - [2022-12-24 13:55:11,816] {dag.py:2972} INFO - Setting next_dagrun for tutorial_etl_dag to None, run_after=None
[2022-12-24 13:55:11,840] {processor.py:161} INFO - Processing /home/airflow/.local/lib/python3.7/site-packages/airflow/example_dags/tutorial_etl_dag.py took 0.338 seconds
[2022-12-24 13:55:41,885] {processor.py:153} INFO - Started process (PID=1951) to work on /home/airflow/.local/lib/python3.7/site-packages/airflow/example_dags/tutorial_etl_dag.py
[2022-12-24 13:55:41,889] {processor.py:641} INFO - Processing file /home/airflow/.local/lib/python3.7/site-packages/airflow/example_dags/tutorial_etl_dag.py for tasks to queue
[2022-12-24 13:55:41,890] {logging_mixin.py:115} INFO - [2022-12-24 13:55:41,890] {dagbag.py:508} INFO - Filling up the DagBag from /home/airflow/.local/lib/python3.7/site-packages/airflow/example_dags/tutorial_etl_dag.py
[2022-12-24 13:55:41,908] {processor.py:651} INFO - DAG(s) dict_keys(['tutorial_etl_dag']) retrieved from /home/airflow/.local/lib/python3.7/site-packages/airflow/example_dags/tutorial_etl_dag.py
[2022-12-24 13:55:42,139] {logging_mixin.py:115} INFO - [2022-12-24 13:55:42,139] {dag.py:2420} INFO - Sync 1 DAGs
[2022-12-24 13:55:42,176] {logging_mixin.py:115} INFO - [2022-12-24 13:55:42,176] {dag.py:2972} INFO - Setting next_dagrun for tutorial_etl_dag to None, run_after=None
[2022-12-24 13:55:42,197] {processor.py:161} INFO - Processing /home/airflow/.local/lib/python3.7/site-packages/airflow/example_dags/tutorial_etl_dag.py took 0.318 seconds
[2022-12-24 13:56:12,624] {processor.py:153} INFO - Started process (PID=2005) to work on /home/airflow/.local/lib/python3.7/site-packages/airflow/example_dags/tutorial_etl_dag.py
[2022-12-24 13:56:12,628] {processor.py:641} INFO - Processing file /home/airflow/.local/lib/python3.7/site-packages/airflow/example_dags/tutorial_etl_dag.py for tasks to queue
[2022-12-24 13:56:12,628] {logging_mixin.py:115} INFO - [2022-12-24 13:56:12,628] {dagbag.py:508} INFO - Filling up the DagBag from /home/airflow/.local/lib/python3.7/site-packages/airflow/example_dags/tutorial_etl_dag.py
[2022-12-24 13:56:12,642] {processor.py:651} INFO - DAG(s) dict_keys(['tutorial_etl_dag']) retrieved from /home/airflow/.local/lib/python3.7/site-packages/airflow/example_dags/tutorial_etl_dag.py
[2022-12-24 13:56:12,891] {logging_mixin.py:115} INFO - [2022-12-24 13:56:12,890] {dag.py:2420} INFO - Sync 1 DAGs
[2022-12-24 13:56:12,930] {logging_mixin.py:115} INFO - [2022-12-24 13:56:12,930] {dag.py:2972} INFO - Setting next_dagrun for tutorial_etl_dag to None, run_after=None
[2022-12-24 13:56:12,955] {processor.py:161} INFO - Processing /home/airflow/.local/lib/python3.7/site-packages/airflow/example_dags/tutorial_etl_dag.py took 0.334 seconds
[2022-12-24 13:56:43,475] {processor.py:153} INFO - Started process (PID=2068) to work on /home/airflow/.local/lib/python3.7/site-packages/airflow/example_dags/tutorial_etl_dag.py
[2022-12-24 13:56:43,479] {processor.py:641} INFO - Processing file /home/airflow/.local/lib/python3.7/site-packages/airflow/example_dags/tutorial_etl_dag.py for tasks to queue
[2022-12-24 13:56:43,480] {logging_mixin.py:115} INFO - [2022-12-24 13:56:43,480] {dagbag.py:508} INFO - Filling up the DagBag from /home/airflow/.local/lib/python3.7/site-packages/airflow/example_dags/tutorial_etl_dag.py
[2022-12-24 13:56:43,496] {processor.py:651} INFO - DAG(s) dict_keys(['tutorial_etl_dag']) retrieved from /home/airflow/.local/lib/python3.7/site-packages/airflow/example_dags/tutorial_etl_dag.py
[2022-12-24 13:56:43,738] {logging_mixin.py:115} INFO - [2022-12-24 13:56:43,738] {dag.py:2420} INFO - Sync 1 DAGs
[2022-12-24 13:56:43,773] {logging_mixin.py:115} INFO - [2022-12-24 13:56:43,772] {dag.py:2972} INFO - Setting next_dagrun for tutorial_etl_dag to None, run_after=None
[2022-12-24 13:56:43,796] {processor.py:161} INFO - Processing /home/airflow/.local/lib/python3.7/site-packages/airflow/example_dags/tutorial_etl_dag.py took 0.325 seconds
[2022-12-24 13:57:14,182] {processor.py:153} INFO - Started process (PID=2122) to work on /home/airflow/.local/lib/python3.7/site-packages/airflow/example_dags/tutorial_etl_dag.py
[2022-12-24 13:57:14,186] {processor.py:641} INFO - Processing file /home/airflow/.local/lib/python3.7/site-packages/airflow/example_dags/tutorial_etl_dag.py for tasks to queue
[2022-12-24 13:57:14,187] {logging_mixin.py:115} INFO - [2022-12-24 13:57:14,187] {dagbag.py:508} INFO - Filling up the DagBag from /home/airflow/.local/lib/python3.7/site-packages/airflow/example_dags/tutorial_etl_dag.py
[2022-12-24 13:57:14,209] {processor.py:651} INFO - DAG(s) dict_keys(['tutorial_etl_dag']) retrieved from /home/airflow/.local/lib/python3.7/site-packages/airflow/example_dags/tutorial_etl_dag.py
[2022-12-24 13:57:14,448] {logging_mixin.py:115} INFO - [2022-12-24 13:57:14,448] {dag.py:2420} INFO - Sync 1 DAGs
[2022-12-24 13:57:14,484] {logging_mixin.py:115} INFO - [2022-12-24 13:57:14,484] {dag.py:2972} INFO - Setting next_dagrun for tutorial_etl_dag to None, run_after=None
[2022-12-24 13:57:14,508] {processor.py:161} INFO - Processing /home/airflow/.local/lib/python3.7/site-packages/airflow/example_dags/tutorial_etl_dag.py took 0.331 seconds
[2022-12-24 13:57:44,632] {processor.py:153} INFO - Started process (PID=2176) to work on /home/airflow/.local/lib/python3.7/site-packages/airflow/example_dags/tutorial_etl_dag.py
[2022-12-24 13:57:44,633] {processor.py:641} INFO - Processing file /home/airflow/.local/lib/python3.7/site-packages/airflow/example_dags/tutorial_etl_dag.py for tasks to queue
[2022-12-24 13:57:44,634] {logging_mixin.py:115} INFO - [2022-12-24 13:57:44,634] {dagbag.py:508} INFO - Filling up the DagBag from /home/airflow/.local/lib/python3.7/site-packages/airflow/example_dags/tutorial_etl_dag.py
[2022-12-24 13:57:44,652] {processor.py:651} INFO - DAG(s) dict_keys(['tutorial_etl_dag']) retrieved from /home/airflow/.local/lib/python3.7/site-packages/airflow/example_dags/tutorial_etl_dag.py
[2022-12-24 13:57:44,933] {logging_mixin.py:115} INFO - [2022-12-24 13:57:44,933] {dag.py:2420} INFO - Sync 1 DAGs
[2022-12-24 13:57:44,981] {logging_mixin.py:115} INFO - [2022-12-24 13:57:44,981] {dag.py:2972} INFO - Setting next_dagrun for tutorial_etl_dag to None, run_after=None
[2022-12-24 13:57:45,013] {processor.py:161} INFO - Processing /home/airflow/.local/lib/python3.7/site-packages/airflow/example_dags/tutorial_etl_dag.py took 0.385 seconds
[2022-12-24 13:58:15,236] {processor.py:153} INFO - Started process (PID=2240) to work on /home/airflow/.local/lib/python3.7/site-packages/airflow/example_dags/tutorial_etl_dag.py
[2022-12-24 13:58:15,237] {processor.py:641} INFO - Processing file /home/airflow/.local/lib/python3.7/site-packages/airflow/example_dags/tutorial_etl_dag.py for tasks to queue
[2022-12-24 13:58:15,238] {logging_mixin.py:115} INFO - [2022-12-24 13:58:15,238] {dagbag.py:508} INFO - Filling up the DagBag from /home/airflow/.local/lib/python3.7/site-packages/airflow/example_dags/tutorial_etl_dag.py
[2022-12-24 13:58:15,257] {processor.py:651} INFO - DAG(s) dict_keys(['tutorial_etl_dag']) retrieved from /home/airflow/.local/lib/python3.7/site-packages/airflow/example_dags/tutorial_etl_dag.py
[2022-12-24 13:58:15,485] {logging_mixin.py:115} INFO - [2022-12-24 13:58:15,485] {dag.py:2420} INFO - Sync 1 DAGs
[2022-12-24 13:58:15,517] {logging_mixin.py:115} INFO - [2022-12-24 13:58:15,517] {dag.py:2972} INFO - Setting next_dagrun for tutorial_etl_dag to None, run_after=None
[2022-12-24 13:58:15,538] {processor.py:161} INFO - Processing /home/airflow/.local/lib/python3.7/site-packages/airflow/example_dags/tutorial_etl_dag.py took 0.307 seconds
[2022-12-24 13:58:46,286] {processor.py:153} INFO - Started process (PID=2295) to work on /home/airflow/.local/lib/python3.7/site-packages/airflow/example_dags/tutorial_etl_dag.py
[2022-12-24 13:58:46,288] {processor.py:641} INFO - Processing file /home/airflow/.local/lib/python3.7/site-packages/airflow/example_dags/tutorial_etl_dag.py for tasks to queue
[2022-12-24 13:58:46,289] {logging_mixin.py:115} INFO - [2022-12-24 13:58:46,288] {dagbag.py:508} INFO - Filling up the DagBag from /home/airflow/.local/lib/python3.7/site-packages/airflow/example_dags/tutorial_etl_dag.py
[2022-12-24 13:58:46,308] {processor.py:651} INFO - DAG(s) dict_keys(['tutorial_etl_dag']) retrieved from /home/airflow/.local/lib/python3.7/site-packages/airflow/example_dags/tutorial_etl_dag.py
[2022-12-24 13:58:46,504] {logging_mixin.py:115} INFO - [2022-12-24 13:58:46,504] {dag.py:2420} INFO - Sync 1 DAGs
[2022-12-24 13:58:46,549] {logging_mixin.py:115} INFO - [2022-12-24 13:58:46,549] {dag.py:2972} INFO - Setting next_dagrun for tutorial_etl_dag to None, run_after=None
[2022-12-24 13:58:46,567] {processor.py:161} INFO - Processing /home/airflow/.local/lib/python3.7/site-packages/airflow/example_dags/tutorial_etl_dag.py took 0.285 seconds
[2022-12-24 13:59:16,750] {processor.py:153} INFO - Started process (PID=2350) to work on /home/airflow/.local/lib/python3.7/site-packages/airflow/example_dags/tutorial_etl_dag.py
[2022-12-24 13:59:16,751] {processor.py:641} INFO - Processing file /home/airflow/.local/lib/python3.7/site-packages/airflow/example_dags/tutorial_etl_dag.py for tasks to queue
[2022-12-24 13:59:16,752] {logging_mixin.py:115} INFO - [2022-12-24 13:59:16,752] {dagbag.py:508} INFO - Filling up the DagBag from /home/airflow/.local/lib/python3.7/site-packages/airflow/example_dags/tutorial_etl_dag.py
[2022-12-24 13:59:16,764] {processor.py:651} INFO - DAG(s) dict_keys(['tutorial_etl_dag']) retrieved from /home/airflow/.local/lib/python3.7/site-packages/airflow/example_dags/tutorial_etl_dag.py
[2022-12-24 13:59:16,956] {logging_mixin.py:115} INFO - [2022-12-24 13:59:16,956] {dag.py:2420} INFO - Sync 1 DAGs
[2022-12-24 13:59:16,996] {logging_mixin.py:115} INFO - [2022-12-24 13:59:16,995] {dag.py:2972} INFO - Setting next_dagrun for tutorial_etl_dag to None, run_after=None
[2022-12-24 13:59:17,016] {processor.py:161} INFO - Processing /home/airflow/.local/lib/python3.7/site-packages/airflow/example_dags/tutorial_etl_dag.py took 0.271 seconds
[2022-12-24 13:59:47,601] {processor.py:153} INFO - Started process (PID=2412) to work on /home/airflow/.local/lib/python3.7/site-packages/airflow/example_dags/tutorial_etl_dag.py
[2022-12-24 13:59:47,602] {processor.py:641} INFO - Processing file /home/airflow/.local/lib/python3.7/site-packages/airflow/example_dags/tutorial_etl_dag.py for tasks to queue
[2022-12-24 13:59:47,603] {logging_mixin.py:115} INFO - [2022-12-24 13:59:47,603] {dagbag.py:508} INFO - Filling up the DagBag from /home/airflow/.local/lib/python3.7/site-packages/airflow/example_dags/tutorial_etl_dag.py
[2022-12-24 13:59:47,616] {processor.py:651} INFO - DAG(s) dict_keys(['tutorial_etl_dag']) retrieved from /home/airflow/.local/lib/python3.7/site-packages/airflow/example_dags/tutorial_etl_dag.py
[2022-12-24 13:59:47,932] {logging_mixin.py:115} INFO - [2022-12-24 13:59:47,932] {dag.py:2420} INFO - Sync 1 DAGs
[2022-12-24 13:59:47,997] {logging_mixin.py:115} INFO - [2022-12-24 13:59:47,997] {dag.py:2972} INFO - Setting next_dagrun for tutorial_etl_dag to None, run_after=None
[2022-12-24 13:59:48,031] {processor.py:161} INFO - Processing /home/airflow/.local/lib/python3.7/site-packages/airflow/example_dags/tutorial_etl_dag.py took 0.435 seconds
[2022-12-24 14:00:19,325] {processor.py:153} INFO - Started process (PID=2466) to work on /home/airflow/.local/lib/python3.7/site-packages/airflow/example_dags/tutorial_etl_dag.py
[2022-12-24 14:00:19,326] {processor.py:641} INFO - Processing file /home/airflow/.local/lib/python3.7/site-packages/airflow/example_dags/tutorial_etl_dag.py for tasks to queue
[2022-12-24 14:00:19,327] {logging_mixin.py:115} INFO - [2022-12-24 14:00:19,326] {dagbag.py:508} INFO - Filling up the DagBag from /home/airflow/.local/lib/python3.7/site-packages/airflow/example_dags/tutorial_etl_dag.py
[2022-12-24 14:00:19,335] {processor.py:651} INFO - DAG(s) dict_keys(['tutorial_etl_dag']) retrieved from /home/airflow/.local/lib/python3.7/site-packages/airflow/example_dags/tutorial_etl_dag.py
[2022-12-24 14:00:19,526] {logging_mixin.py:115} INFO - [2022-12-24 14:00:19,525] {dag.py:2420} INFO - Sync 1 DAGs
[2022-12-24 14:00:19,562] {logging_mixin.py:115} INFO - [2022-12-24 14:00:19,562] {dag.py:2972} INFO - Setting next_dagrun for tutorial_etl_dag to None, run_after=None
[2022-12-24 14:00:19,583] {processor.py:161} INFO - Processing /home/airflow/.local/lib/python3.7/site-packages/airflow/example_dags/tutorial_etl_dag.py took 0.262 seconds
[2022-12-24 14:00:49,825] {processor.py:153} INFO - Started process (PID=2521) to work on /home/airflow/.local/lib/python3.7/site-packages/airflow/example_dags/tutorial_etl_dag.py
[2022-12-24 14:00:49,831] {processor.py:641} INFO - Processing file /home/airflow/.local/lib/python3.7/site-packages/airflow/example_dags/tutorial_etl_dag.py for tasks to queue
[2022-12-24 14:00:49,832] {logging_mixin.py:115} INFO - [2022-12-24 14:00:49,832] {dagbag.py:508} INFO - Filling up the DagBag from /home/airflow/.local/lib/python3.7/site-packages/airflow/example_dags/tutorial_etl_dag.py
[2022-12-24 14:00:49,848] {processor.py:651} INFO - DAG(s) dict_keys(['tutorial_etl_dag']) retrieved from /home/airflow/.local/lib/python3.7/site-packages/airflow/example_dags/tutorial_etl_dag.py
[2022-12-24 14:00:50,169] {logging_mixin.py:115} INFO - [2022-12-24 14:00:50,169] {dag.py:2420} INFO - Sync 1 DAGs
[2022-12-24 14:00:50,213] {logging_mixin.py:115} INFO - [2022-12-24 14:00:50,213] {dag.py:2972} INFO - Setting next_dagrun for tutorial_etl_dag to None, run_after=None
[2022-12-24 14:00:50,237] {processor.py:161} INFO - Processing /home/airflow/.local/lib/python3.7/site-packages/airflow/example_dags/tutorial_etl_dag.py took 0.419 seconds
[2022-12-24 14:01:20,810] {processor.py:153} INFO - Started process (PID=2575) to work on /home/airflow/.local/lib/python3.7/site-packages/airflow/example_dags/tutorial_etl_dag.py
[2022-12-24 14:01:20,811] {processor.py:641} INFO - Processing file /home/airflow/.local/lib/python3.7/site-packages/airflow/example_dags/tutorial_etl_dag.py for tasks to queue
[2022-12-24 14:01:20,812] {logging_mixin.py:115} INFO - [2022-12-24 14:01:20,812] {dagbag.py:508} INFO - Filling up the DagBag from /home/airflow/.local/lib/python3.7/site-packages/airflow/example_dags/tutorial_etl_dag.py
[2022-12-24 14:01:20,824] {processor.py:651} INFO - DAG(s) dict_keys(['tutorial_etl_dag']) retrieved from /home/airflow/.local/lib/python3.7/site-packages/airflow/example_dags/tutorial_etl_dag.py
[2022-12-24 14:01:21,150] {logging_mixin.py:115} INFO - [2022-12-24 14:01:21,150] {dag.py:2420} INFO - Sync 1 DAGs
[2022-12-24 14:01:21,194] {logging_mixin.py:115} INFO - [2022-12-24 14:01:21,194] {dag.py:2972} INFO - Setting next_dagrun for tutorial_etl_dag to None, run_after=None
[2022-12-24 14:01:21,220] {processor.py:161} INFO - Processing /home/airflow/.local/lib/python3.7/site-packages/airflow/example_dags/tutorial_etl_dag.py took 0.415 seconds
[2022-12-24 14:01:52,358] {processor.py:153} INFO - Started process (PID=2638) to work on /home/airflow/.local/lib/python3.7/site-packages/airflow/example_dags/tutorial_etl_dag.py
[2022-12-24 14:01:52,359] {processor.py:641} INFO - Processing file /home/airflow/.local/lib/python3.7/site-packages/airflow/example_dags/tutorial_etl_dag.py for tasks to queue
[2022-12-24 14:01:52,360] {logging_mixin.py:115} INFO - [2022-12-24 14:01:52,360] {dagbag.py:508} INFO - Filling up the DagBag from /home/airflow/.local/lib/python3.7/site-packages/airflow/example_dags/tutorial_etl_dag.py
[2022-12-24 14:01:52,391] {processor.py:651} INFO - DAG(s) dict_keys(['tutorial_etl_dag']) retrieved from /home/airflow/.local/lib/python3.7/site-packages/airflow/example_dags/tutorial_etl_dag.py
[2022-12-24 14:01:52,753] {logging_mixin.py:115} INFO - [2022-12-24 14:01:52,753] {dag.py:2420} INFO - Sync 1 DAGs
[2022-12-24 14:01:52,820] {logging_mixin.py:115} INFO - [2022-12-24 14:01:52,820] {dag.py:2972} INFO - Setting next_dagrun for tutorial_etl_dag to None, run_after=None
[2022-12-24 14:01:52,856] {processor.py:161} INFO - Processing /home/airflow/.local/lib/python3.7/site-packages/airflow/example_dags/tutorial_etl_dag.py took 0.522 seconds
