[2022-09-23 02:31:37,343] {processor.py:153} INFO - Started process (PID=108) to work on /home/airflow/.local/lib/python3.7/site-packages/airflow/example_dags/example_branch_operator.py
[2022-09-23 02:31:37,343] {processor.py:641} INFO - Processing file /home/airflow/.local/lib/python3.7/site-packages/airflow/example_dags/example_branch_operator.py for tasks to queue
[2022-09-23 02:31:37,344] {logging_mixin.py:115} INFO - [2022-09-23 02:31:37,344] {dagbag.py:508} INFO - Filling up the DagBag from /home/airflow/.local/lib/python3.7/site-packages/airflow/example_dags/example_branch_operator.py
[2022-09-23 02:31:37,378] {processor.py:651} INFO - DAG(s) dict_keys(['example_branch_operator']) retrieved from /home/airflow/.local/lib/python3.7/site-packages/airflow/example_dags/example_branch_operator.py
[2022-09-23 02:31:37,442] {logging_mixin.py:115} INFO - [2022-09-23 02:31:37,441] {dag.py:2420} INFO - Sync 1 DAGs
[2022-09-23 02:31:37,747] {logging_mixin.py:115} INFO - [2022-09-23 02:31:37,746] {dag.py:2972} INFO - Setting next_dagrun for example_branch_operator to 2022-09-22T00:00:00+00:00, run_after=2022-09-23T00:00:00+00:00
[2022-09-23 02:31:37,779] {processor.py:161} INFO - Processing /home/airflow/.local/lib/python3.7/site-packages/airflow/example_dags/example_branch_operator.py took 0.441 seconds
[2022-09-23 02:32:08,185] {processor.py:153} INFO - Started process (PID=162) to work on /home/airflow/.local/lib/python3.7/site-packages/airflow/example_dags/example_branch_operator.py
[2022-09-23 02:32:08,186] {processor.py:641} INFO - Processing file /home/airflow/.local/lib/python3.7/site-packages/airflow/example_dags/example_branch_operator.py for tasks to queue
[2022-09-23 02:32:08,187] {logging_mixin.py:115} INFO - [2022-09-23 02:32:08,187] {dagbag.py:508} INFO - Filling up the DagBag from /home/airflow/.local/lib/python3.7/site-packages/airflow/example_dags/example_branch_operator.py
[2022-09-23 02:32:08,208] {processor.py:651} INFO - DAG(s) dict_keys(['example_branch_operator']) retrieved from /home/airflow/.local/lib/python3.7/site-packages/airflow/example_dags/example_branch_operator.py
[2022-09-23 02:32:08,272] {logging_mixin.py:115} INFO - [2022-09-23 02:32:08,272] {dag.py:2420} INFO - Sync 1 DAGs
[2022-09-23 02:32:08,569] {logging_mixin.py:115} INFO - [2022-09-23 02:32:08,568] {dag.py:2972} INFO - Setting next_dagrun for example_branch_operator to 2022-09-22T00:00:00+00:00, run_after=2022-09-23T00:00:00+00:00
[2022-09-23 02:32:08,592] {processor.py:161} INFO - Processing /home/airflow/.local/lib/python3.7/site-packages/airflow/example_dags/example_branch_operator.py took 0.413 seconds
[2022-09-23 02:32:39,778] {processor.py:153} INFO - Started process (PID=224) to work on /home/airflow/.local/lib/python3.7/site-packages/airflow/example_dags/example_branch_operator.py
[2022-09-23 02:32:39,779] {processor.py:641} INFO - Processing file /home/airflow/.local/lib/python3.7/site-packages/airflow/example_dags/example_branch_operator.py for tasks to queue
[2022-09-23 02:32:39,780] {logging_mixin.py:115} INFO - [2022-09-23 02:32:39,780] {dagbag.py:508} INFO - Filling up the DagBag from /home/airflow/.local/lib/python3.7/site-packages/airflow/example_dags/example_branch_operator.py
[2022-09-23 02:32:39,824] {processor.py:651} INFO - DAG(s) dict_keys(['example_branch_operator']) retrieved from /home/airflow/.local/lib/python3.7/site-packages/airflow/example_dags/example_branch_operator.py
[2022-09-23 02:32:39,891] {logging_mixin.py:115} INFO - [2022-09-23 02:32:39,891] {dag.py:2420} INFO - Sync 1 DAGs
[2022-09-23 02:32:40,114] {logging_mixin.py:115} INFO - [2022-09-23 02:32:40,114] {dag.py:2972} INFO - Setting next_dagrun for example_branch_operator to 2022-09-22T00:00:00+00:00, run_after=2022-09-23T00:00:00+00:00
[2022-09-23 02:32:40,199] {processor.py:161} INFO - Processing /home/airflow/.local/lib/python3.7/site-packages/airflow/example_dags/example_branch_operator.py took 0.427 seconds
[2022-09-23 02:33:10,388] {processor.py:153} INFO - Started process (PID=277) to work on /home/airflow/.local/lib/python3.7/site-packages/airflow/example_dags/example_branch_operator.py
[2022-09-23 02:33:10,389] {processor.py:641} INFO - Processing file /home/airflow/.local/lib/python3.7/site-packages/airflow/example_dags/example_branch_operator.py for tasks to queue
[2022-09-23 02:33:10,390] {logging_mixin.py:115} INFO - [2022-09-23 02:33:10,390] {dagbag.py:508} INFO - Filling up the DagBag from /home/airflow/.local/lib/python3.7/site-packages/airflow/example_dags/example_branch_operator.py
[2022-09-23 02:33:10,406] {processor.py:651} INFO - DAG(s) dict_keys(['example_branch_operator']) retrieved from /home/airflow/.local/lib/python3.7/site-packages/airflow/example_dags/example_branch_operator.py
[2022-09-23 02:33:10,450] {logging_mixin.py:115} INFO - [2022-09-23 02:33:10,450] {dag.py:2420} INFO - Sync 1 DAGs
[2022-09-23 02:33:10,730] {logging_mixin.py:115} INFO - [2022-09-23 02:33:10,730] {dag.py:2972} INFO - Setting next_dagrun for example_branch_operator to 2022-09-22T00:00:00+00:00, run_after=2022-09-23T00:00:00+00:00
[2022-09-23 02:33:10,754] {processor.py:161} INFO - Processing /home/airflow/.local/lib/python3.7/site-packages/airflow/example_dags/example_branch_operator.py took 0.370 seconds
[2022-09-23 02:33:41,259] {processor.py:153} INFO - Started process (PID=330) to work on /home/airflow/.local/lib/python3.7/site-packages/airflow/example_dags/example_branch_operator.py
[2022-09-23 02:33:41,261] {processor.py:641} INFO - Processing file /home/airflow/.local/lib/python3.7/site-packages/airflow/example_dags/example_branch_operator.py for tasks to queue
[2022-09-23 02:33:41,262] {logging_mixin.py:115} INFO - [2022-09-23 02:33:41,261] {dagbag.py:508} INFO - Filling up the DagBag from /home/airflow/.local/lib/python3.7/site-packages/airflow/example_dags/example_branch_operator.py
[2022-09-23 02:33:41,281] {processor.py:651} INFO - DAG(s) dict_keys(['example_branch_operator']) retrieved from /home/airflow/.local/lib/python3.7/site-packages/airflow/example_dags/example_branch_operator.py
[2022-09-23 02:33:41,339] {logging_mixin.py:115} INFO - [2022-09-23 02:33:41,338] {dag.py:2420} INFO - Sync 1 DAGs
[2022-09-23 02:33:41,633] {logging_mixin.py:115} INFO - [2022-09-23 02:33:41,633] {dag.py:2972} INFO - Setting next_dagrun for example_branch_operator to 2022-09-22T00:00:00+00:00, run_after=2022-09-23T00:00:00+00:00
[2022-09-23 02:33:41,661] {processor.py:161} INFO - Processing /home/airflow/.local/lib/python3.7/site-packages/airflow/example_dags/example_branch_operator.py took 0.406 seconds
[2022-09-23 02:34:12,156] {processor.py:153} INFO - Started process (PID=384) to work on /home/airflow/.local/lib/python3.7/site-packages/airflow/example_dags/example_branch_operator.py
[2022-09-23 02:34:12,157] {processor.py:641} INFO - Processing file /home/airflow/.local/lib/python3.7/site-packages/airflow/example_dags/example_branch_operator.py for tasks to queue
[2022-09-23 02:34:12,158] {logging_mixin.py:115} INFO - [2022-09-23 02:34:12,157] {dagbag.py:508} INFO - Filling up the DagBag from /home/airflow/.local/lib/python3.7/site-packages/airflow/example_dags/example_branch_operator.py
[2022-09-23 02:34:12,182] {processor.py:651} INFO - DAG(s) dict_keys(['example_branch_operator']) retrieved from /home/airflow/.local/lib/python3.7/site-packages/airflow/example_dags/example_branch_operator.py
[2022-09-23 02:34:12,235] {logging_mixin.py:115} INFO - [2022-09-23 02:34:12,234] {dag.py:2420} INFO - Sync 1 DAGs
[2022-09-23 02:34:12,534] {logging_mixin.py:115} INFO - [2022-09-23 02:34:12,534] {dag.py:2972} INFO - Setting next_dagrun for example_branch_operator to 2022-09-22T00:00:00+00:00, run_after=2022-09-23T00:00:00+00:00
[2022-09-23 02:34:12,563] {processor.py:161} INFO - Processing /home/airflow/.local/lib/python3.7/site-packages/airflow/example_dags/example_branch_operator.py took 0.413 seconds
[2022-09-23 02:34:43,466] {processor.py:153} INFO - Started process (PID=446) to work on /home/airflow/.local/lib/python3.7/site-packages/airflow/example_dags/example_branch_operator.py
[2022-09-23 02:34:43,467] {processor.py:641} INFO - Processing file /home/airflow/.local/lib/python3.7/site-packages/airflow/example_dags/example_branch_operator.py for tasks to queue
[2022-09-23 02:34:43,469] {logging_mixin.py:115} INFO - [2022-09-23 02:34:43,468] {dagbag.py:508} INFO - Filling up the DagBag from /home/airflow/.local/lib/python3.7/site-packages/airflow/example_dags/example_branch_operator.py
[2022-09-23 02:34:43,500] {processor.py:651} INFO - DAG(s) dict_keys(['example_branch_operator']) retrieved from /home/airflow/.local/lib/python3.7/site-packages/airflow/example_dags/example_branch_operator.py
[2022-09-23 02:34:43,590] {logging_mixin.py:115} INFO - [2022-09-23 02:34:43,590] {dag.py:2420} INFO - Sync 1 DAGs
[2022-09-23 02:34:43,982] {logging_mixin.py:115} INFO - [2022-09-23 02:34:43,982] {dag.py:2972} INFO - Setting next_dagrun for example_branch_operator to 2022-09-22T00:00:00+00:00, run_after=2022-09-23T00:00:00+00:00
[2022-09-23 02:34:44,018] {processor.py:161} INFO - Processing /home/airflow/.local/lib/python3.7/site-packages/airflow/example_dags/example_branch_operator.py took 0.560 seconds
[2022-09-23 02:35:14,681] {processor.py:153} INFO - Started process (PID=499) to work on /home/airflow/.local/lib/python3.7/site-packages/airflow/example_dags/example_branch_operator.py
[2022-09-23 02:35:14,682] {processor.py:641} INFO - Processing file /home/airflow/.local/lib/python3.7/site-packages/airflow/example_dags/example_branch_operator.py for tasks to queue
[2022-09-23 02:35:14,682] {logging_mixin.py:115} INFO - [2022-09-23 02:35:14,682] {dagbag.py:508} INFO - Filling up the DagBag from /home/airflow/.local/lib/python3.7/site-packages/airflow/example_dags/example_branch_operator.py
[2022-09-23 02:35:14,702] {processor.py:651} INFO - DAG(s) dict_keys(['example_branch_operator']) retrieved from /home/airflow/.local/lib/python3.7/site-packages/airflow/example_dags/example_branch_operator.py
[2022-09-23 02:35:14,762] {logging_mixin.py:115} INFO - [2022-09-23 02:35:14,761] {dag.py:2420} INFO - Sync 1 DAGs
[2022-09-23 02:35:15,068] {logging_mixin.py:115} INFO - [2022-09-23 02:35:15,068] {dag.py:2972} INFO - Setting next_dagrun for example_branch_operator to 2022-09-22T00:00:00+00:00, run_after=2022-09-23T00:00:00+00:00
[2022-09-23 02:35:15,092] {processor.py:161} INFO - Processing /home/airflow/.local/lib/python3.7/site-packages/airflow/example_dags/example_branch_operator.py took 0.417 seconds
[2022-09-23 02:35:45,865] {processor.py:153} INFO - Started process (PID=552) to work on /home/airflow/.local/lib/python3.7/site-packages/airflow/example_dags/example_branch_operator.py
[2022-09-23 02:35:45,866] {processor.py:641} INFO - Processing file /home/airflow/.local/lib/python3.7/site-packages/airflow/example_dags/example_branch_operator.py for tasks to queue
[2022-09-23 02:35:45,866] {logging_mixin.py:115} INFO - [2022-09-23 02:35:45,866] {dagbag.py:508} INFO - Filling up the DagBag from /home/airflow/.local/lib/python3.7/site-packages/airflow/example_dags/example_branch_operator.py
[2022-09-23 02:35:45,886] {processor.py:651} INFO - DAG(s) dict_keys(['example_branch_operator']) retrieved from /home/airflow/.local/lib/python3.7/site-packages/airflow/example_dags/example_branch_operator.py
[2022-09-23 02:35:45,937] {logging_mixin.py:115} INFO - [2022-09-23 02:35:45,936] {dag.py:2420} INFO - Sync 1 DAGs
[2022-09-23 02:35:46,245] {logging_mixin.py:115} INFO - [2022-09-23 02:35:46,245] {dag.py:2972} INFO - Setting next_dagrun for example_branch_operator to 2022-09-22T00:00:00+00:00, run_after=2022-09-23T00:00:00+00:00
[2022-09-23 02:35:46,267] {processor.py:161} INFO - Processing /home/airflow/.local/lib/python3.7/site-packages/airflow/example_dags/example_branch_operator.py took 0.408 seconds
[2022-09-23 02:36:17,112] {processor.py:153} INFO - Started process (PID=613) to work on /home/airflow/.local/lib/python3.7/site-packages/airflow/example_dags/example_branch_operator.py
[2022-09-23 02:36:17,113] {processor.py:641} INFO - Processing file /home/airflow/.local/lib/python3.7/site-packages/airflow/example_dags/example_branch_operator.py for tasks to queue
[2022-09-23 02:36:17,114] {logging_mixin.py:115} INFO - [2022-09-23 02:36:17,114] {dagbag.py:508} INFO - Filling up the DagBag from /home/airflow/.local/lib/python3.7/site-packages/airflow/example_dags/example_branch_operator.py
[2022-09-23 02:36:17,144] {processor.py:651} INFO - DAG(s) dict_keys(['example_branch_operator']) retrieved from /home/airflow/.local/lib/python3.7/site-packages/airflow/example_dags/example_branch_operator.py
[2022-09-23 02:36:17,211] {logging_mixin.py:115} INFO - [2022-09-23 02:36:17,211] {dag.py:2420} INFO - Sync 1 DAGs
[2022-09-23 02:36:17,558] {logging_mixin.py:115} INFO - [2022-09-23 02:36:17,557] {dag.py:2972} INFO - Setting next_dagrun for example_branch_operator to 2022-09-22T00:00:00+00:00, run_after=2022-09-23T00:00:00+00:00
[2022-09-23 02:36:17,584] {processor.py:161} INFO - Processing /home/airflow/.local/lib/python3.7/site-packages/airflow/example_dags/example_branch_operator.py took 0.478 seconds
[2022-09-23 02:36:48,401] {processor.py:153} INFO - Started process (PID=666) to work on /home/airflow/.local/lib/python3.7/site-packages/airflow/example_dags/example_branch_operator.py
[2022-09-23 02:36:48,402] {processor.py:641} INFO - Processing file /home/airflow/.local/lib/python3.7/site-packages/airflow/example_dags/example_branch_operator.py for tasks to queue
[2022-09-23 02:36:48,403] {logging_mixin.py:115} INFO - [2022-09-23 02:36:48,402] {dagbag.py:508} INFO - Filling up the DagBag from /home/airflow/.local/lib/python3.7/site-packages/airflow/example_dags/example_branch_operator.py
[2022-09-23 02:36:48,427] {processor.py:651} INFO - DAG(s) dict_keys(['example_branch_operator']) retrieved from /home/airflow/.local/lib/python3.7/site-packages/airflow/example_dags/example_branch_operator.py
[2022-09-23 02:36:48,483] {logging_mixin.py:115} INFO - [2022-09-23 02:36:48,483] {dag.py:2420} INFO - Sync 1 DAGs
[2022-09-23 02:36:48,839] {logging_mixin.py:115} INFO - [2022-09-23 02:36:48,839] {dag.py:2972} INFO - Setting next_dagrun for example_branch_operator to 2022-09-22T00:00:00+00:00, run_after=2022-09-23T00:00:00+00:00
[2022-09-23 02:36:48,867] {processor.py:161} INFO - Processing /home/airflow/.local/lib/python3.7/site-packages/airflow/example_dags/example_branch_operator.py took 0.472 seconds
[2022-09-23 02:37:19,780] {processor.py:153} INFO - Started process (PID=718) to work on /home/airflow/.local/lib/python3.7/site-packages/airflow/example_dags/example_branch_operator.py
[2022-09-23 02:37:19,781] {processor.py:641} INFO - Processing file /home/airflow/.local/lib/python3.7/site-packages/airflow/example_dags/example_branch_operator.py for tasks to queue
[2022-09-23 02:37:19,781] {logging_mixin.py:115} INFO - [2022-09-23 02:37:19,781] {dagbag.py:508} INFO - Filling up the DagBag from /home/airflow/.local/lib/python3.7/site-packages/airflow/example_dags/example_branch_operator.py
[2022-09-23 02:37:19,798] {processor.py:651} INFO - DAG(s) dict_keys(['example_branch_operator']) retrieved from /home/airflow/.local/lib/python3.7/site-packages/airflow/example_dags/example_branch_operator.py
[2022-09-23 02:37:19,845] {logging_mixin.py:115} INFO - [2022-09-23 02:37:19,845] {dag.py:2420} INFO - Sync 1 DAGs
[2022-09-23 02:37:20,097] {logging_mixin.py:115} INFO - [2022-09-23 02:37:20,097] {dag.py:2972} INFO - Setting next_dagrun for example_branch_operator to 2022-09-22T00:00:00+00:00, run_after=2022-09-23T00:00:00+00:00
[2022-09-23 02:37:20,119] {processor.py:161} INFO - Processing /home/airflow/.local/lib/python3.7/site-packages/airflow/example_dags/example_branch_operator.py took 0.344 seconds
[2022-09-23 02:37:50,577] {processor.py:153} INFO - Started process (PID=781) to work on /home/airflow/.local/lib/python3.7/site-packages/airflow/example_dags/example_branch_operator.py
[2022-09-23 02:37:50,579] {processor.py:641} INFO - Processing file /home/airflow/.local/lib/python3.7/site-packages/airflow/example_dags/example_branch_operator.py for tasks to queue
[2022-09-23 02:37:50,581] {logging_mixin.py:115} INFO - [2022-09-23 02:37:50,581] {dagbag.py:508} INFO - Filling up the DagBag from /home/airflow/.local/lib/python3.7/site-packages/airflow/example_dags/example_branch_operator.py
[2022-09-23 02:37:50,609] {processor.py:651} INFO - DAG(s) dict_keys(['example_branch_operator']) retrieved from /home/airflow/.local/lib/python3.7/site-packages/airflow/example_dags/example_branch_operator.py
[2022-09-23 02:37:50,697] {logging_mixin.py:115} INFO - [2022-09-23 02:37:50,697] {dag.py:2420} INFO - Sync 1 DAGs
[2022-09-23 02:37:51,096] {logging_mixin.py:115} INFO - [2022-09-23 02:37:51,096] {dag.py:2972} INFO - Setting next_dagrun for example_branch_operator to 2022-09-22T00:00:00+00:00, run_after=2022-09-23T00:00:00+00:00
[2022-09-23 02:37:51,121] {processor.py:161} INFO - Processing /home/airflow/.local/lib/python3.7/site-packages/airflow/example_dags/example_branch_operator.py took 0.549 seconds
[2022-09-23 02:38:21,572] {processor.py:153} INFO - Started process (PID=834) to work on /home/airflow/.local/lib/python3.7/site-packages/airflow/example_dags/example_branch_operator.py
[2022-09-23 02:38:21,573] {processor.py:641} INFO - Processing file /home/airflow/.local/lib/python3.7/site-packages/airflow/example_dags/example_branch_operator.py for tasks to queue
[2022-09-23 02:38:21,574] {logging_mixin.py:115} INFO - [2022-09-23 02:38:21,574] {dagbag.py:508} INFO - Filling up the DagBag from /home/airflow/.local/lib/python3.7/site-packages/airflow/example_dags/example_branch_operator.py
[2022-09-23 02:38:21,601] {processor.py:651} INFO - DAG(s) dict_keys(['example_branch_operator']) retrieved from /home/airflow/.local/lib/python3.7/site-packages/airflow/example_dags/example_branch_operator.py
[2022-09-23 02:38:21,659] {logging_mixin.py:115} INFO - [2022-09-23 02:38:21,659] {dag.py:2420} INFO - Sync 1 DAGs
[2022-09-23 02:38:21,983] {logging_mixin.py:115} INFO - [2022-09-23 02:38:21,982] {dag.py:2972} INFO - Setting next_dagrun for example_branch_operator to 2022-09-22T00:00:00+00:00, run_after=2022-09-23T00:00:00+00:00
[2022-09-23 02:38:22,009] {processor.py:161} INFO - Processing /home/airflow/.local/lib/python3.7/site-packages/airflow/example_dags/example_branch_operator.py took 0.442 seconds
[2022-09-23 02:38:52,420] {processor.py:153} INFO - Started process (PID=887) to work on /home/airflow/.local/lib/python3.7/site-packages/airflow/example_dags/example_branch_operator.py
[2022-09-23 02:38:52,421] {processor.py:641} INFO - Processing file /home/airflow/.local/lib/python3.7/site-packages/airflow/example_dags/example_branch_operator.py for tasks to queue
[2022-09-23 02:38:52,422] {logging_mixin.py:115} INFO - [2022-09-23 02:38:52,422] {dagbag.py:508} INFO - Filling up the DagBag from /home/airflow/.local/lib/python3.7/site-packages/airflow/example_dags/example_branch_operator.py
[2022-09-23 02:38:52,445] {processor.py:651} INFO - DAG(s) dict_keys(['example_branch_operator']) retrieved from /home/airflow/.local/lib/python3.7/site-packages/airflow/example_dags/example_branch_operator.py
[2022-09-23 02:38:52,499] {logging_mixin.py:115} INFO - [2022-09-23 02:38:52,499] {dag.py:2420} INFO - Sync 1 DAGs
[2022-09-23 02:38:52,785] {logging_mixin.py:115} INFO - [2022-09-23 02:38:52,785] {dag.py:2972} INFO - Setting next_dagrun for example_branch_operator to 2022-09-22T00:00:00+00:00, run_after=2022-09-23T00:00:00+00:00
[2022-09-23 02:38:52,820] {processor.py:161} INFO - Processing /home/airflow/.local/lib/python3.7/site-packages/airflow/example_dags/example_branch_operator.py took 0.405 seconds
[2022-09-23 02:39:23,185] {processor.py:153} INFO - Started process (PID=949) to work on /home/airflow/.local/lib/python3.7/site-packages/airflow/example_dags/example_branch_operator.py
[2022-09-23 02:39:23,186] {processor.py:641} INFO - Processing file /home/airflow/.local/lib/python3.7/site-packages/airflow/example_dags/example_branch_operator.py for tasks to queue
[2022-09-23 02:39:23,187] {logging_mixin.py:115} INFO - [2022-09-23 02:39:23,187] {dagbag.py:508} INFO - Filling up the DagBag from /home/airflow/.local/lib/python3.7/site-packages/airflow/example_dags/example_branch_operator.py
[2022-09-23 02:39:23,215] {processor.py:651} INFO - DAG(s) dict_keys(['example_branch_operator']) retrieved from /home/airflow/.local/lib/python3.7/site-packages/airflow/example_dags/example_branch_operator.py
[2022-09-23 02:39:23,282] {logging_mixin.py:115} INFO - [2022-09-23 02:39:23,282] {dag.py:2420} INFO - Sync 1 DAGs
[2022-09-23 02:39:23,661] {logging_mixin.py:115} INFO - [2022-09-23 02:39:23,661] {dag.py:2972} INFO - Setting next_dagrun for example_branch_operator to 2022-09-22T00:00:00+00:00, run_after=2022-09-23T00:00:00+00:00
[2022-09-23 02:39:23,684] {processor.py:161} INFO - Processing /home/airflow/.local/lib/python3.7/site-packages/airflow/example_dags/example_branch_operator.py took 0.505 seconds
[2022-09-23 02:39:54,190] {processor.py:153} INFO - Started process (PID=1002) to work on /home/airflow/.local/lib/python3.7/site-packages/airflow/example_dags/example_branch_operator.py
[2022-09-23 02:39:54,192] {processor.py:641} INFO - Processing file /home/airflow/.local/lib/python3.7/site-packages/airflow/example_dags/example_branch_operator.py for tasks to queue
[2022-09-23 02:39:54,193] {logging_mixin.py:115} INFO - [2022-09-23 02:39:54,193] {dagbag.py:508} INFO - Filling up the DagBag from /home/airflow/.local/lib/python3.7/site-packages/airflow/example_dags/example_branch_operator.py
[2022-09-23 02:39:54,220] {processor.py:651} INFO - DAG(s) dict_keys(['example_branch_operator']) retrieved from /home/airflow/.local/lib/python3.7/site-packages/airflow/example_dags/example_branch_operator.py
[2022-09-23 02:39:54,279] {logging_mixin.py:115} INFO - [2022-09-23 02:39:54,279] {dag.py:2420} INFO - Sync 1 DAGs
[2022-09-23 02:39:54,589] {logging_mixin.py:115} INFO - [2022-09-23 02:39:54,588] {dag.py:2972} INFO - Setting next_dagrun for example_branch_operator to 2022-09-22T00:00:00+00:00, run_after=2022-09-23T00:00:00+00:00
[2022-09-23 02:39:54,618] {processor.py:161} INFO - Processing /home/airflow/.local/lib/python3.7/site-packages/airflow/example_dags/example_branch_operator.py took 0.434 seconds
[2022-09-23 02:40:24,844] {processor.py:153} INFO - Started process (PID=1055) to work on /home/airflow/.local/lib/python3.7/site-packages/airflow/example_dags/example_branch_operator.py
[2022-09-23 02:40:24,845] {processor.py:641} INFO - Processing file /home/airflow/.local/lib/python3.7/site-packages/airflow/example_dags/example_branch_operator.py for tasks to queue
[2022-09-23 02:40:24,846] {logging_mixin.py:115} INFO - [2022-09-23 02:40:24,846] {dagbag.py:508} INFO - Filling up the DagBag from /home/airflow/.local/lib/python3.7/site-packages/airflow/example_dags/example_branch_operator.py
[2022-09-23 02:40:24,877] {processor.py:651} INFO - DAG(s) dict_keys(['example_branch_operator']) retrieved from /home/airflow/.local/lib/python3.7/site-packages/airflow/example_dags/example_branch_operator.py
[2022-09-23 02:40:24,929] {logging_mixin.py:115} INFO - [2022-09-23 02:40:24,928] {dag.py:2420} INFO - Sync 1 DAGs
[2022-09-23 02:40:25,208] {logging_mixin.py:115} INFO - [2022-09-23 02:40:25,207] {dag.py:2972} INFO - Setting next_dagrun for example_branch_operator to 2022-09-22T00:00:00+00:00, run_after=2022-09-23T00:00:00+00:00
[2022-09-23 02:40:25,232] {processor.py:161} INFO - Processing /home/airflow/.local/lib/python3.7/site-packages/airflow/example_dags/example_branch_operator.py took 0.396 seconds
[2022-09-23 02:40:55,636] {processor.py:153} INFO - Started process (PID=1117) to work on /home/airflow/.local/lib/python3.7/site-packages/airflow/example_dags/example_branch_operator.py
[2022-09-23 02:40:55,637] {processor.py:641} INFO - Processing file /home/airflow/.local/lib/python3.7/site-packages/airflow/example_dags/example_branch_operator.py for tasks to queue
[2022-09-23 02:40:55,638] {logging_mixin.py:115} INFO - [2022-09-23 02:40:55,638] {dagbag.py:508} INFO - Filling up the DagBag from /home/airflow/.local/lib/python3.7/site-packages/airflow/example_dags/example_branch_operator.py
[2022-09-23 02:40:55,659] {processor.py:651} INFO - DAG(s) dict_keys(['example_branch_operator']) retrieved from /home/airflow/.local/lib/python3.7/site-packages/airflow/example_dags/example_branch_operator.py
[2022-09-23 02:40:55,715] {logging_mixin.py:115} INFO - [2022-09-23 02:40:55,715] {dag.py:2420} INFO - Sync 1 DAGs
[2022-09-23 02:40:56,038] {logging_mixin.py:115} INFO - [2022-09-23 02:40:56,038] {dag.py:2972} INFO - Setting next_dagrun for example_branch_operator to 2022-09-22T00:00:00+00:00, run_after=2022-09-23T00:00:00+00:00
[2022-09-23 02:40:56,065] {processor.py:161} INFO - Processing /home/airflow/.local/lib/python3.7/site-packages/airflow/example_dags/example_branch_operator.py took 0.435 seconds
[2022-09-23 02:41:26,831] {processor.py:153} INFO - Started process (PID=1170) to work on /home/airflow/.local/lib/python3.7/site-packages/airflow/example_dags/example_branch_operator.py
[2022-09-23 02:41:26,833] {processor.py:641} INFO - Processing file /home/airflow/.local/lib/python3.7/site-packages/airflow/example_dags/example_branch_operator.py for tasks to queue
[2022-09-23 02:41:26,833] {logging_mixin.py:115} INFO - [2022-09-23 02:41:26,833] {dagbag.py:508} INFO - Filling up the DagBag from /home/airflow/.local/lib/python3.7/site-packages/airflow/example_dags/example_branch_operator.py
[2022-09-23 02:41:26,852] {processor.py:651} INFO - DAG(s) dict_keys(['example_branch_operator']) retrieved from /home/airflow/.local/lib/python3.7/site-packages/airflow/example_dags/example_branch_operator.py
[2022-09-23 02:41:26,906] {logging_mixin.py:115} INFO - [2022-09-23 02:41:26,906] {dag.py:2420} INFO - Sync 1 DAGs
[2022-09-23 02:41:27,215] {logging_mixin.py:115} INFO - [2022-09-23 02:41:27,214] {dag.py:2972} INFO - Setting next_dagrun for example_branch_operator to 2022-09-22T00:00:00+00:00, run_after=2022-09-23T00:00:00+00:00
[2022-09-23 02:41:27,253] {processor.py:161} INFO - Processing /home/airflow/.local/lib/python3.7/site-packages/airflow/example_dags/example_branch_operator.py took 0.426 seconds
[2022-09-23 02:41:57,478] {processor.py:153} INFO - Started process (PID=1223) to work on /home/airflow/.local/lib/python3.7/site-packages/airflow/example_dags/example_branch_operator.py
[2022-09-23 02:41:57,479] {processor.py:641} INFO - Processing file /home/airflow/.local/lib/python3.7/site-packages/airflow/example_dags/example_branch_operator.py for tasks to queue
[2022-09-23 02:41:57,480] {logging_mixin.py:115} INFO - [2022-09-23 02:41:57,479] {dagbag.py:508} INFO - Filling up the DagBag from /home/airflow/.local/lib/python3.7/site-packages/airflow/example_dags/example_branch_operator.py
[2022-09-23 02:41:57,504] {processor.py:651} INFO - DAG(s) dict_keys(['example_branch_operator']) retrieved from /home/airflow/.local/lib/python3.7/site-packages/airflow/example_dags/example_branch_operator.py
[2022-09-23 02:41:57,783] {logging_mixin.py:115} INFO - [2022-09-23 02:41:57,782] {dag.py:2420} INFO - Sync 1 DAGs
[2022-09-23 02:41:57,832] {logging_mixin.py:115} INFO - [2022-09-23 02:41:57,832] {dag.py:2972} INFO - Setting next_dagrun for example_branch_operator to 2022-09-22T00:00:00+00:00, run_after=2022-09-23T00:00:00+00:00
[2022-09-23 02:41:57,862] {processor.py:161} INFO - Processing /home/airflow/.local/lib/python3.7/site-packages/airflow/example_dags/example_branch_operator.py took 0.389 seconds
[2022-09-23 02:42:28,747] {processor.py:153} INFO - Started process (PID=1285) to work on /home/airflow/.local/lib/python3.7/site-packages/airflow/example_dags/example_branch_operator.py
[2022-09-23 02:42:28,748] {processor.py:641} INFO - Processing file /home/airflow/.local/lib/python3.7/site-packages/airflow/example_dags/example_branch_operator.py for tasks to queue
[2022-09-23 02:42:28,749] {logging_mixin.py:115} INFO - [2022-09-23 02:42:28,749] {dagbag.py:508} INFO - Filling up the DagBag from /home/airflow/.local/lib/python3.7/site-packages/airflow/example_dags/example_branch_operator.py
[2022-09-23 02:42:28,779] {processor.py:651} INFO - DAG(s) dict_keys(['example_branch_operator']) retrieved from /home/airflow/.local/lib/python3.7/site-packages/airflow/example_dags/example_branch_operator.py
[2022-09-23 02:42:29,081] {logging_mixin.py:115} INFO - [2022-09-23 02:42:29,081] {dag.py:2420} INFO - Sync 1 DAGs
[2022-09-23 02:42:29,133] {logging_mixin.py:115} INFO - [2022-09-23 02:42:29,133] {dag.py:2972} INFO - Setting next_dagrun for example_branch_operator to 2022-09-22T00:00:00+00:00, run_after=2022-09-23T00:00:00+00:00
[2022-09-23 02:42:29,161] {processor.py:161} INFO - Processing /home/airflow/.local/lib/python3.7/site-packages/airflow/example_dags/example_branch_operator.py took 0.419 seconds
[2022-09-23 02:42:59,419] {processor.py:153} INFO - Started process (PID=1338) to work on /home/airflow/.local/lib/python3.7/site-packages/airflow/example_dags/example_branch_operator.py
[2022-09-23 02:42:59,421] {processor.py:641} INFO - Processing file /home/airflow/.local/lib/python3.7/site-packages/airflow/example_dags/example_branch_operator.py for tasks to queue
[2022-09-23 02:42:59,422] {logging_mixin.py:115} INFO - [2022-09-23 02:42:59,422] {dagbag.py:508} INFO - Filling up the DagBag from /home/airflow/.local/lib/python3.7/site-packages/airflow/example_dags/example_branch_operator.py
[2022-09-23 02:42:59,450] {processor.py:651} INFO - DAG(s) dict_keys(['example_branch_operator']) retrieved from /home/airflow/.local/lib/python3.7/site-packages/airflow/example_dags/example_branch_operator.py
[2022-09-23 02:42:59,755] {logging_mixin.py:115} INFO - [2022-09-23 02:42:59,754] {dag.py:2420} INFO - Sync 1 DAGs
[2022-09-23 02:42:59,800] {logging_mixin.py:115} INFO - [2022-09-23 02:42:59,800] {dag.py:2972} INFO - Setting next_dagrun for example_branch_operator to 2022-09-22T00:00:00+00:00, run_after=2022-09-23T00:00:00+00:00
[2022-09-23 02:42:59,833] {processor.py:161} INFO - Processing /home/airflow/.local/lib/python3.7/site-packages/airflow/example_dags/example_branch_operator.py took 0.419 seconds
[2022-09-23 02:43:29,946] {processor.py:153} INFO - Started process (PID=1392) to work on /home/airflow/.local/lib/python3.7/site-packages/airflow/example_dags/example_branch_operator.py
[2022-09-23 02:43:29,947] {processor.py:641} INFO - Processing file /home/airflow/.local/lib/python3.7/site-packages/airflow/example_dags/example_branch_operator.py for tasks to queue
[2022-09-23 02:43:29,947] {logging_mixin.py:115} INFO - [2022-09-23 02:43:29,947] {dagbag.py:508} INFO - Filling up the DagBag from /home/airflow/.local/lib/python3.7/site-packages/airflow/example_dags/example_branch_operator.py
[2022-09-23 02:43:29,981] {processor.py:651} INFO - DAG(s) dict_keys(['example_branch_operator']) retrieved from /home/airflow/.local/lib/python3.7/site-packages/airflow/example_dags/example_branch_operator.py
[2022-09-23 02:43:30,313] {logging_mixin.py:115} INFO - [2022-09-23 02:43:30,313] {dag.py:2420} INFO - Sync 1 DAGs
[2022-09-23 02:43:30,373] {logging_mixin.py:115} INFO - [2022-09-23 02:43:30,373] {dag.py:2972} INFO - Setting next_dagrun for example_branch_operator to 2022-09-22T00:00:00+00:00, run_after=2022-09-23T00:00:00+00:00
[2022-09-23 02:43:30,405] {processor.py:161} INFO - Processing /home/airflow/.local/lib/python3.7/site-packages/airflow/example_dags/example_branch_operator.py took 0.465 seconds
[2022-09-23 02:44:00,502] {processor.py:153} INFO - Started process (PID=1453) to work on /home/airflow/.local/lib/python3.7/site-packages/airflow/example_dags/example_branch_operator.py
[2022-09-23 02:44:00,503] {processor.py:641} INFO - Processing file /home/airflow/.local/lib/python3.7/site-packages/airflow/example_dags/example_branch_operator.py for tasks to queue
[2022-09-23 02:44:00,504] {logging_mixin.py:115} INFO - [2022-09-23 02:44:00,504] {dagbag.py:508} INFO - Filling up the DagBag from /home/airflow/.local/lib/python3.7/site-packages/airflow/example_dags/example_branch_operator.py
[2022-09-23 02:44:00,531] {processor.py:651} INFO - DAG(s) dict_keys(['example_branch_operator']) retrieved from /home/airflow/.local/lib/python3.7/site-packages/airflow/example_dags/example_branch_operator.py
[2022-09-23 02:44:00,911] {logging_mixin.py:115} INFO - [2022-09-23 02:44:00,910] {dag.py:2420} INFO - Sync 1 DAGs
[2022-09-23 02:44:00,977] {logging_mixin.py:115} INFO - [2022-09-23 02:44:00,977] {dag.py:2972} INFO - Setting next_dagrun for example_branch_operator to 2022-09-22T00:00:00+00:00, run_after=2022-09-23T00:00:00+00:00
[2022-09-23 02:44:01,018] {processor.py:161} INFO - Processing /home/airflow/.local/lib/python3.7/site-packages/airflow/example_dags/example_branch_operator.py took 0.521 seconds
[2022-09-23 02:44:31,351] {processor.py:153} INFO - Started process (PID=1506) to work on /home/airflow/.local/lib/python3.7/site-packages/airflow/example_dags/example_branch_operator.py
[2022-09-23 02:44:31,352] {processor.py:641} INFO - Processing file /home/airflow/.local/lib/python3.7/site-packages/airflow/example_dags/example_branch_operator.py for tasks to queue
[2022-09-23 02:44:31,353] {logging_mixin.py:115} INFO - [2022-09-23 02:44:31,353] {dagbag.py:508} INFO - Filling up the DagBag from /home/airflow/.local/lib/python3.7/site-packages/airflow/example_dags/example_branch_operator.py
[2022-09-23 02:44:31,377] {processor.py:651} INFO - DAG(s) dict_keys(['example_branch_operator']) retrieved from /home/airflow/.local/lib/python3.7/site-packages/airflow/example_dags/example_branch_operator.py
[2022-09-23 02:44:31,648] {logging_mixin.py:115} INFO - [2022-09-23 02:44:31,648] {dag.py:2420} INFO - Sync 1 DAGs
[2022-09-23 02:44:31,692] {logging_mixin.py:115} INFO - [2022-09-23 02:44:31,691] {dag.py:2972} INFO - Setting next_dagrun for example_branch_operator to 2022-09-22T00:00:00+00:00, run_after=2022-09-23T00:00:00+00:00
[2022-09-23 02:44:31,719] {processor.py:161} INFO - Processing /home/airflow/.local/lib/python3.7/site-packages/airflow/example_dags/example_branch_operator.py took 0.372 seconds
[2022-09-23 02:45:01,928] {processor.py:153} INFO - Started process (PID=1559) to work on /home/airflow/.local/lib/python3.7/site-packages/airflow/example_dags/example_branch_operator.py
[2022-09-23 02:45:01,929] {processor.py:641} INFO - Processing file /home/airflow/.local/lib/python3.7/site-packages/airflow/example_dags/example_branch_operator.py for tasks to queue
[2022-09-23 02:45:01,930] {logging_mixin.py:115} INFO - [2022-09-23 02:45:01,930] {dagbag.py:508} INFO - Filling up the DagBag from /home/airflow/.local/lib/python3.7/site-packages/airflow/example_dags/example_branch_operator.py
[2022-09-23 02:45:01,959] {processor.py:651} INFO - DAG(s) dict_keys(['example_branch_operator']) retrieved from /home/airflow/.local/lib/python3.7/site-packages/airflow/example_dags/example_branch_operator.py
[2022-09-23 02:45:02,276] {logging_mixin.py:115} INFO - [2022-09-23 02:45:02,276] {dag.py:2420} INFO - Sync 1 DAGs
[2022-09-23 02:45:02,331] {logging_mixin.py:115} INFO - [2022-09-23 02:45:02,331] {dag.py:2972} INFO - Setting next_dagrun for example_branch_operator to 2022-09-22T00:00:00+00:00, run_after=2022-09-23T00:00:00+00:00
[2022-09-23 02:45:02,356] {processor.py:161} INFO - Processing /home/airflow/.local/lib/python3.7/site-packages/airflow/example_dags/example_branch_operator.py took 0.434 seconds
[2022-09-23 02:45:33,048] {processor.py:153} INFO - Started process (PID=1623) to work on /home/airflow/.local/lib/python3.7/site-packages/airflow/example_dags/example_branch_operator.py
[2022-09-23 02:45:33,049] {processor.py:641} INFO - Processing file /home/airflow/.local/lib/python3.7/site-packages/airflow/example_dags/example_branch_operator.py for tasks to queue
[2022-09-23 02:45:33,050] {logging_mixin.py:115} INFO - [2022-09-23 02:45:33,049] {dagbag.py:508} INFO - Filling up the DagBag from /home/airflow/.local/lib/python3.7/site-packages/airflow/example_dags/example_branch_operator.py
[2022-09-23 02:45:33,092] {processor.py:651} INFO - DAG(s) dict_keys(['example_branch_operator']) retrieved from /home/airflow/.local/lib/python3.7/site-packages/airflow/example_dags/example_branch_operator.py
[2022-09-23 02:45:33,447] {logging_mixin.py:115} INFO - [2022-09-23 02:45:33,447] {dag.py:2420} INFO - Sync 1 DAGs
[2022-09-23 02:45:33,499] {logging_mixin.py:115} INFO - [2022-09-23 02:45:33,499] {dag.py:2972} INFO - Setting next_dagrun for example_branch_operator to 2022-09-22T00:00:00+00:00, run_after=2022-09-23T00:00:00+00:00
[2022-09-23 02:45:33,536] {processor.py:161} INFO - Processing /home/airflow/.local/lib/python3.7/site-packages/airflow/example_dags/example_branch_operator.py took 0.494 seconds
[2022-09-23 02:46:03,652] {processor.py:153} INFO - Started process (PID=1676) to work on /home/airflow/.local/lib/python3.7/site-packages/airflow/example_dags/example_branch_operator.py
[2022-09-23 02:46:03,653] {processor.py:641} INFO - Processing file /home/airflow/.local/lib/python3.7/site-packages/airflow/example_dags/example_branch_operator.py for tasks to queue
[2022-09-23 02:46:03,654] {logging_mixin.py:115} INFO - [2022-09-23 02:46:03,654] {dagbag.py:508} INFO - Filling up the DagBag from /home/airflow/.local/lib/python3.7/site-packages/airflow/example_dags/example_branch_operator.py
[2022-09-23 02:46:03,679] {processor.py:651} INFO - DAG(s) dict_keys(['example_branch_operator']) retrieved from /home/airflow/.local/lib/python3.7/site-packages/airflow/example_dags/example_branch_operator.py
[2022-09-23 02:46:03,865] {logging_mixin.py:115} INFO - [2022-09-23 02:46:03,865] {dag.py:2420} INFO - Sync 1 DAGs
[2022-09-23 02:46:03,903] {logging_mixin.py:115} INFO - [2022-09-23 02:46:03,903] {dag.py:2972} INFO - Setting next_dagrun for example_branch_operator to 2022-09-22T00:00:00+00:00, run_after=2022-09-23T00:00:00+00:00
[2022-09-23 02:46:03,920] {processor.py:161} INFO - Processing /home/airflow/.local/lib/python3.7/site-packages/airflow/example_dags/example_branch_operator.py took 0.273 seconds
[2022-09-23 02:46:34,988] {processor.py:153} INFO - Started process (PID=1729) to work on /home/airflow/.local/lib/python3.7/site-packages/airflow/example_dags/example_branch_operator.py
[2022-09-23 02:46:34,989] {processor.py:641} INFO - Processing file /home/airflow/.local/lib/python3.7/site-packages/airflow/example_dags/example_branch_operator.py for tasks to queue
[2022-09-23 02:46:34,989] {logging_mixin.py:115} INFO - [2022-09-23 02:46:34,989] {dagbag.py:508} INFO - Filling up the DagBag from /home/airflow/.local/lib/python3.7/site-packages/airflow/example_dags/example_branch_operator.py
[2022-09-23 02:46:35,013] {processor.py:651} INFO - DAG(s) dict_keys(['example_branch_operator']) retrieved from /home/airflow/.local/lib/python3.7/site-packages/airflow/example_dags/example_branch_operator.py
[2022-09-23 02:46:35,275] {logging_mixin.py:115} INFO - [2022-09-23 02:46:35,275] {dag.py:2420} INFO - Sync 1 DAGs
[2022-09-23 02:46:35,318] {logging_mixin.py:115} INFO - [2022-09-23 02:46:35,318] {dag.py:2972} INFO - Setting next_dagrun for example_branch_operator to 2022-09-22T00:00:00+00:00, run_after=2022-09-23T00:00:00+00:00
[2022-09-23 02:46:35,343] {processor.py:161} INFO - Processing /home/airflow/.local/lib/python3.7/site-packages/airflow/example_dags/example_branch_operator.py took 0.360 seconds
[2022-09-23 02:47:06,288] {processor.py:153} INFO - Started process (PID=1793) to work on /home/airflow/.local/lib/python3.7/site-packages/airflow/example_dags/example_branch_operator.py
[2022-09-23 02:47:06,289] {processor.py:641} INFO - Processing file /home/airflow/.local/lib/python3.7/site-packages/airflow/example_dags/example_branch_operator.py for tasks to queue
[2022-09-23 02:47:06,290] {logging_mixin.py:115} INFO - [2022-09-23 02:47:06,289] {dagbag.py:508} INFO - Filling up the DagBag from /home/airflow/.local/lib/python3.7/site-packages/airflow/example_dags/example_branch_operator.py
[2022-09-23 02:47:06,326] {processor.py:651} INFO - DAG(s) dict_keys(['example_branch_operator']) retrieved from /home/airflow/.local/lib/python3.7/site-packages/airflow/example_dags/example_branch_operator.py
[2022-09-23 02:47:06,709] {logging_mixin.py:115} INFO - [2022-09-23 02:47:06,708] {dag.py:2420} INFO - Sync 1 DAGs
[2022-09-23 02:47:06,758] {logging_mixin.py:115} INFO - [2022-09-23 02:47:06,758] {dag.py:2972} INFO - Setting next_dagrun for example_branch_operator to 2022-09-22T00:00:00+00:00, run_after=2022-09-23T00:00:00+00:00
[2022-09-23 02:47:06,783] {processor.py:161} INFO - Processing /home/airflow/.local/lib/python3.7/site-packages/airflow/example_dags/example_branch_operator.py took 0.502 seconds
[2022-09-23 02:47:37,860] {processor.py:153} INFO - Started process (PID=1846) to work on /home/airflow/.local/lib/python3.7/site-packages/airflow/example_dags/example_branch_operator.py
[2022-09-23 02:47:37,861] {processor.py:641} INFO - Processing file /home/airflow/.local/lib/python3.7/site-packages/airflow/example_dags/example_branch_operator.py for tasks to queue
[2022-09-23 02:47:37,862] {logging_mixin.py:115} INFO - [2022-09-23 02:47:37,862] {dagbag.py:508} INFO - Filling up the DagBag from /home/airflow/.local/lib/python3.7/site-packages/airflow/example_dags/example_branch_operator.py
[2022-09-23 02:47:37,894] {processor.py:651} INFO - DAG(s) dict_keys(['example_branch_operator']) retrieved from /home/airflow/.local/lib/python3.7/site-packages/airflow/example_dags/example_branch_operator.py
[2022-09-23 02:47:38,252] {logging_mixin.py:115} INFO - [2022-09-23 02:47:38,252] {dag.py:2420} INFO - Sync 1 DAGs
[2022-09-23 02:47:38,313] {logging_mixin.py:115} INFO - [2022-09-23 02:47:38,312] {dag.py:2972} INFO - Setting next_dagrun for example_branch_operator to 2022-09-22T00:00:00+00:00, run_after=2022-09-23T00:00:00+00:00
[2022-09-23 02:47:38,343] {processor.py:161} INFO - Processing /home/airflow/.local/lib/python3.7/site-packages/airflow/example_dags/example_branch_operator.py took 0.488 seconds
[2022-09-23 02:48:08,741] {processor.py:153} INFO - Started process (PID=1899) to work on /home/airflow/.local/lib/python3.7/site-packages/airflow/example_dags/example_branch_operator.py
[2022-09-23 02:48:08,742] {processor.py:641} INFO - Processing file /home/airflow/.local/lib/python3.7/site-packages/airflow/example_dags/example_branch_operator.py for tasks to queue
[2022-09-23 02:48:08,743] {logging_mixin.py:115} INFO - [2022-09-23 02:48:08,743] {dagbag.py:508} INFO - Filling up the DagBag from /home/airflow/.local/lib/python3.7/site-packages/airflow/example_dags/example_branch_operator.py
[2022-09-23 02:48:08,764] {processor.py:651} INFO - DAG(s) dict_keys(['example_branch_operator']) retrieved from /home/airflow/.local/lib/python3.7/site-packages/airflow/example_dags/example_branch_operator.py
[2022-09-23 02:48:09,017] {logging_mixin.py:115} INFO - [2022-09-23 02:48:09,016] {dag.py:2420} INFO - Sync 1 DAGs
[2022-09-23 02:48:09,062] {logging_mixin.py:115} INFO - [2022-09-23 02:48:09,061] {dag.py:2972} INFO - Setting next_dagrun for example_branch_operator to 2022-09-22T00:00:00+00:00, run_after=2022-09-23T00:00:00+00:00
[2022-09-23 02:48:09,084] {processor.py:161} INFO - Processing /home/airflow/.local/lib/python3.7/site-packages/airflow/example_dags/example_branch_operator.py took 0.347 seconds
[2022-09-23 02:48:39,546] {processor.py:153} INFO - Started process (PID=1961) to work on /home/airflow/.local/lib/python3.7/site-packages/airflow/example_dags/example_branch_operator.py
[2022-09-23 02:48:39,547] {processor.py:641} INFO - Processing file /home/airflow/.local/lib/python3.7/site-packages/airflow/example_dags/example_branch_operator.py for tasks to queue
[2022-09-23 02:48:39,548] {logging_mixin.py:115} INFO - [2022-09-23 02:48:39,548] {dagbag.py:508} INFO - Filling up the DagBag from /home/airflow/.local/lib/python3.7/site-packages/airflow/example_dags/example_branch_operator.py
[2022-09-23 02:48:39,576] {processor.py:651} INFO - DAG(s) dict_keys(['example_branch_operator']) retrieved from /home/airflow/.local/lib/python3.7/site-packages/airflow/example_dags/example_branch_operator.py
[2022-09-23 02:48:39,921] {logging_mixin.py:115} INFO - [2022-09-23 02:48:39,921] {dag.py:2420} INFO - Sync 1 DAGs
[2022-09-23 02:48:39,969] {logging_mixin.py:115} INFO - [2022-09-23 02:48:39,968] {dag.py:2972} INFO - Setting next_dagrun for example_branch_operator to 2022-09-22T00:00:00+00:00, run_after=2022-09-23T00:00:00+00:00
[2022-09-23 02:48:39,997] {processor.py:161} INFO - Processing /home/airflow/.local/lib/python3.7/site-packages/airflow/example_dags/example_branch_operator.py took 0.456 seconds
[2022-09-23 02:49:10,262] {processor.py:153} INFO - Started process (PID=2014) to work on /home/airflow/.local/lib/python3.7/site-packages/airflow/example_dags/example_branch_operator.py
[2022-09-23 02:49:10,264] {processor.py:641} INFO - Processing file /home/airflow/.local/lib/python3.7/site-packages/airflow/example_dags/example_branch_operator.py for tasks to queue
[2022-09-23 02:49:10,265] {logging_mixin.py:115} INFO - [2022-09-23 02:49:10,264] {dagbag.py:508} INFO - Filling up the DagBag from /home/airflow/.local/lib/python3.7/site-packages/airflow/example_dags/example_branch_operator.py
[2022-09-23 02:49:10,288] {processor.py:651} INFO - DAG(s) dict_keys(['example_branch_operator']) retrieved from /home/airflow/.local/lib/python3.7/site-packages/airflow/example_dags/example_branch_operator.py
[2022-09-23 02:49:10,622] {logging_mixin.py:115} INFO - [2022-09-23 02:49:10,622] {dag.py:2420} INFO - Sync 1 DAGs
[2022-09-23 02:49:10,686] {logging_mixin.py:115} INFO - [2022-09-23 02:49:10,685] {dag.py:2972} INFO - Setting next_dagrun for example_branch_operator to 2022-09-22T00:00:00+00:00, run_after=2022-09-23T00:00:00+00:00
[2022-09-23 02:49:10,711] {processor.py:161} INFO - Processing /home/airflow/.local/lib/python3.7/site-packages/airflow/example_dags/example_branch_operator.py took 0.454 seconds
[2022-09-23 02:49:41,440] {processor.py:153} INFO - Started process (PID=2067) to work on /home/airflow/.local/lib/python3.7/site-packages/airflow/example_dags/example_branch_operator.py
[2022-09-23 02:49:41,441] {processor.py:641} INFO - Processing file /home/airflow/.local/lib/python3.7/site-packages/airflow/example_dags/example_branch_operator.py for tasks to queue
[2022-09-23 02:49:41,442] {logging_mixin.py:115} INFO - [2022-09-23 02:49:41,442] {dagbag.py:508} INFO - Filling up the DagBag from /home/airflow/.local/lib/python3.7/site-packages/airflow/example_dags/example_branch_operator.py
[2022-09-23 02:49:41,475] {processor.py:651} INFO - DAG(s) dict_keys(['example_branch_operator']) retrieved from /home/airflow/.local/lib/python3.7/site-packages/airflow/example_dags/example_branch_operator.py
[2022-09-23 02:49:41,830] {logging_mixin.py:115} INFO - [2022-09-23 02:49:41,830] {dag.py:2420} INFO - Sync 1 DAGs
[2022-09-23 02:49:41,881] {logging_mixin.py:115} INFO - [2022-09-23 02:49:41,881] {dag.py:2972} INFO - Setting next_dagrun for example_branch_operator to 2022-09-22T00:00:00+00:00, run_after=2022-09-23T00:00:00+00:00
[2022-09-23 02:49:41,908] {processor.py:161} INFO - Processing /home/airflow/.local/lib/python3.7/site-packages/airflow/example_dags/example_branch_operator.py took 0.475 seconds
[2022-09-23 02:50:12,575] {processor.py:153} INFO - Started process (PID=2129) to work on /home/airflow/.local/lib/python3.7/site-packages/airflow/example_dags/example_branch_operator.py
[2022-09-23 02:50:12,576] {processor.py:641} INFO - Processing file /home/airflow/.local/lib/python3.7/site-packages/airflow/example_dags/example_branch_operator.py for tasks to queue
[2022-09-23 02:50:12,577] {logging_mixin.py:115} INFO - [2022-09-23 02:50:12,577] {dagbag.py:508} INFO - Filling up the DagBag from /home/airflow/.local/lib/python3.7/site-packages/airflow/example_dags/example_branch_operator.py
[2022-09-23 02:50:12,605] {processor.py:651} INFO - DAG(s) dict_keys(['example_branch_operator']) retrieved from /home/airflow/.local/lib/python3.7/site-packages/airflow/example_dags/example_branch_operator.py
[2022-09-23 02:50:12,911] {logging_mixin.py:115} INFO - [2022-09-23 02:50:12,910] {dag.py:2420} INFO - Sync 1 DAGs
[2022-09-23 02:50:12,956] {logging_mixin.py:115} INFO - [2022-09-23 02:50:12,955] {dag.py:2972} INFO - Setting next_dagrun for example_branch_operator to 2022-09-22T00:00:00+00:00, run_after=2022-09-23T00:00:00+00:00
[2022-09-23 02:50:12,977] {processor.py:161} INFO - Processing /home/airflow/.local/lib/python3.7/site-packages/airflow/example_dags/example_branch_operator.py took 0.407 seconds
[2022-09-23 02:50:43,628] {processor.py:153} INFO - Started process (PID=2182) to work on /home/airflow/.local/lib/python3.7/site-packages/airflow/example_dags/example_branch_operator.py
[2022-09-23 02:50:43,629] {processor.py:641} INFO - Processing file /home/airflow/.local/lib/python3.7/site-packages/airflow/example_dags/example_branch_operator.py for tasks to queue
[2022-09-23 02:50:43,630] {logging_mixin.py:115} INFO - [2022-09-23 02:50:43,630] {dagbag.py:508} INFO - Filling up the DagBag from /home/airflow/.local/lib/python3.7/site-packages/airflow/example_dags/example_branch_operator.py
[2022-09-23 02:50:43,657] {processor.py:651} INFO - DAG(s) dict_keys(['example_branch_operator']) retrieved from /home/airflow/.local/lib/python3.7/site-packages/airflow/example_dags/example_branch_operator.py
[2022-09-23 02:50:43,992] {logging_mixin.py:115} INFO - [2022-09-23 02:50:43,991] {dag.py:2420} INFO - Sync 1 DAGs
[2022-09-23 02:50:44,051] {logging_mixin.py:115} INFO - [2022-09-23 02:50:44,050] {dag.py:2972} INFO - Setting next_dagrun for example_branch_operator to 2022-09-22T00:00:00+00:00, run_after=2022-09-23T00:00:00+00:00
[2022-09-23 02:50:44,078] {processor.py:161} INFO - Processing /home/airflow/.local/lib/python3.7/site-packages/airflow/example_dags/example_branch_operator.py took 0.457 seconds
[2022-09-23 02:51:14,168] {processor.py:153} INFO - Started process (PID=2234) to work on /home/airflow/.local/lib/python3.7/site-packages/airflow/example_dags/example_branch_operator.py
[2022-09-23 02:51:14,169] {processor.py:641} INFO - Processing file /home/airflow/.local/lib/python3.7/site-packages/airflow/example_dags/example_branch_operator.py for tasks to queue
[2022-09-23 02:51:14,170] {logging_mixin.py:115} INFO - [2022-09-23 02:51:14,170] {dagbag.py:508} INFO - Filling up the DagBag from /home/airflow/.local/lib/python3.7/site-packages/airflow/example_dags/example_branch_operator.py
[2022-09-23 02:51:14,203] {processor.py:651} INFO - DAG(s) dict_keys(['example_branch_operator']) retrieved from /home/airflow/.local/lib/python3.7/site-packages/airflow/example_dags/example_branch_operator.py
[2022-09-23 02:51:14,532] {logging_mixin.py:115} INFO - [2022-09-23 02:51:14,531] {dag.py:2420} INFO - Sync 1 DAGs
[2022-09-23 02:51:14,625] {logging_mixin.py:115} INFO - [2022-09-23 02:51:14,625] {dag.py:2972} INFO - Setting next_dagrun for example_branch_operator to 2022-09-22T00:00:00+00:00, run_after=2022-09-23T00:00:00+00:00
[2022-09-23 02:51:14,660] {processor.py:161} INFO - Processing /home/airflow/.local/lib/python3.7/site-packages/airflow/example_dags/example_branch_operator.py took 0.498 seconds
[2022-09-23 02:51:44,775] {processor.py:153} INFO - Started process (PID=2296) to work on /home/airflow/.local/lib/python3.7/site-packages/airflow/example_dags/example_branch_operator.py
[2022-09-23 02:51:44,776] {processor.py:641} INFO - Processing file /home/airflow/.local/lib/python3.7/site-packages/airflow/example_dags/example_branch_operator.py for tasks to queue
[2022-09-23 02:51:44,777] {logging_mixin.py:115} INFO - [2022-09-23 02:51:44,777] {dagbag.py:508} INFO - Filling up the DagBag from /home/airflow/.local/lib/python3.7/site-packages/airflow/example_dags/example_branch_operator.py
[2022-09-23 02:51:44,950] {processor.py:651} INFO - DAG(s) dict_keys(['example_branch_operator']) retrieved from /home/airflow/.local/lib/python3.7/site-packages/airflow/example_dags/example_branch_operator.py
[2022-09-23 02:51:44,980] {logging_mixin.py:115} INFO - [2022-09-23 02:51:44,980] {dag.py:2420} INFO - Sync 1 DAGs
[2022-09-23 02:51:45,017] {logging_mixin.py:115} INFO - [2022-09-23 02:51:45,017] {dag.py:2972} INFO - Setting next_dagrun for example_branch_operator to 2022-09-22T00:00:00+00:00, run_after=2022-09-23T00:00:00+00:00
[2022-09-23 02:51:45,034] {processor.py:161} INFO - Processing /home/airflow/.local/lib/python3.7/site-packages/airflow/example_dags/example_branch_operator.py took 0.265 seconds
[2022-09-23 02:52:15,999] {processor.py:153} INFO - Started process (PID=2349) to work on /home/airflow/.local/lib/python3.7/site-packages/airflow/example_dags/example_branch_operator.py
[2022-09-23 02:52:16,000] {processor.py:641} INFO - Processing file /home/airflow/.local/lib/python3.7/site-packages/airflow/example_dags/example_branch_operator.py for tasks to queue
[2022-09-23 02:52:16,001] {logging_mixin.py:115} INFO - [2022-09-23 02:52:16,001] {dagbag.py:508} INFO - Filling up the DagBag from /home/airflow/.local/lib/python3.7/site-packages/airflow/example_dags/example_branch_operator.py
[2022-09-23 02:52:16,259] {processor.py:651} INFO - DAG(s) dict_keys(['example_branch_operator']) retrieved from /home/airflow/.local/lib/python3.7/site-packages/airflow/example_dags/example_branch_operator.py
[2022-09-23 02:52:16,299] {logging_mixin.py:115} INFO - [2022-09-23 02:52:16,299] {dag.py:2420} INFO - Sync 1 DAGs
[2022-09-23 02:52:16,343] {logging_mixin.py:115} INFO - [2022-09-23 02:52:16,343] {dag.py:2972} INFO - Setting next_dagrun for example_branch_operator to 2022-09-22T00:00:00+00:00, run_after=2022-09-23T00:00:00+00:00
[2022-09-23 02:52:16,364] {processor.py:161} INFO - Processing /home/airflow/.local/lib/python3.7/site-packages/airflow/example_dags/example_branch_operator.py took 0.371 seconds
[2022-09-23 02:52:46,974] {processor.py:153} INFO - Started process (PID=2410) to work on /home/airflow/.local/lib/python3.7/site-packages/airflow/example_dags/example_branch_operator.py
[2022-09-23 02:52:46,976] {processor.py:641} INFO - Processing file /home/airflow/.local/lib/python3.7/site-packages/airflow/example_dags/example_branch_operator.py for tasks to queue
[2022-09-23 02:52:46,977] {logging_mixin.py:115} INFO - [2022-09-23 02:52:46,976] {dagbag.py:508} INFO - Filling up the DagBag from /home/airflow/.local/lib/python3.7/site-packages/airflow/example_dags/example_branch_operator.py
[2022-09-23 02:52:47,276] {processor.py:651} INFO - DAG(s) dict_keys(['example_branch_operator']) retrieved from /home/airflow/.local/lib/python3.7/site-packages/airflow/example_dags/example_branch_operator.py
[2022-09-23 02:52:47,325] {logging_mixin.py:115} INFO - [2022-09-23 02:52:47,325] {dag.py:2420} INFO - Sync 1 DAGs
[2022-09-23 02:52:47,371] {logging_mixin.py:115} INFO - [2022-09-23 02:52:47,371] {dag.py:2972} INFO - Setting next_dagrun for example_branch_operator to 2022-09-22T00:00:00+00:00, run_after=2022-09-23T00:00:00+00:00
[2022-09-23 02:52:47,405] {processor.py:161} INFO - Processing /home/airflow/.local/lib/python3.7/site-packages/airflow/example_dags/example_branch_operator.py took 0.439 seconds
[2022-09-23 02:53:17,647] {processor.py:153} INFO - Started process (PID=2465) to work on /home/airflow/.local/lib/python3.7/site-packages/airflow/example_dags/example_branch_operator.py
[2022-09-23 02:53:17,648] {processor.py:641} INFO - Processing file /home/airflow/.local/lib/python3.7/site-packages/airflow/example_dags/example_branch_operator.py for tasks to queue
[2022-09-23 02:53:17,649] {logging_mixin.py:115} INFO - [2022-09-23 02:53:17,648] {dagbag.py:508} INFO - Filling up the DagBag from /home/airflow/.local/lib/python3.7/site-packages/airflow/example_dags/example_branch_operator.py
[2022-09-23 02:53:17,959] {processor.py:651} INFO - DAG(s) dict_keys(['example_branch_operator']) retrieved from /home/airflow/.local/lib/python3.7/site-packages/airflow/example_dags/example_branch_operator.py
[2022-09-23 02:53:17,996] {logging_mixin.py:115} INFO - [2022-09-23 02:53:17,996] {dag.py:2420} INFO - Sync 1 DAGs
[2022-09-23 02:53:18,044] {logging_mixin.py:115} INFO - [2022-09-23 02:53:18,044] {dag.py:2972} INFO - Setting next_dagrun for example_branch_operator to 2022-09-22T00:00:00+00:00, run_after=2022-09-23T00:00:00+00:00
[2022-09-23 02:53:18,069] {processor.py:161} INFO - Processing /home/airflow/.local/lib/python3.7/site-packages/airflow/example_dags/example_branch_operator.py took 0.428 seconds
[2022-09-23 02:53:48,396] {processor.py:153} INFO - Started process (PID=2517) to work on /home/airflow/.local/lib/python3.7/site-packages/airflow/example_dags/example_branch_operator.py
[2022-09-23 02:53:48,397] {processor.py:641} INFO - Processing file /home/airflow/.local/lib/python3.7/site-packages/airflow/example_dags/example_branch_operator.py for tasks to queue
[2022-09-23 02:53:48,398] {logging_mixin.py:115} INFO - [2022-09-23 02:53:48,398] {dagbag.py:508} INFO - Filling up the DagBag from /home/airflow/.local/lib/python3.7/site-packages/airflow/example_dags/example_branch_operator.py
[2022-09-23 02:53:48,704] {processor.py:651} INFO - DAG(s) dict_keys(['example_branch_operator']) retrieved from /home/airflow/.local/lib/python3.7/site-packages/airflow/example_dags/example_branch_operator.py
[2022-09-23 02:53:48,747] {logging_mixin.py:115} INFO - [2022-09-23 02:53:48,747] {dag.py:2420} INFO - Sync 1 DAGs
[2022-09-23 02:53:48,797] {logging_mixin.py:115} INFO - [2022-09-23 02:53:48,797] {dag.py:2972} INFO - Setting next_dagrun for example_branch_operator to 2022-09-22T00:00:00+00:00, run_after=2022-09-23T00:00:00+00:00
[2022-09-23 02:53:48,822] {processor.py:161} INFO - Processing /home/airflow/.local/lib/python3.7/site-packages/airflow/example_dags/example_branch_operator.py took 0.431 seconds
[2022-09-23 02:54:18,940] {processor.py:153} INFO - Started process (PID=2570) to work on /home/airflow/.local/lib/python3.7/site-packages/airflow/example_dags/example_branch_operator.py
[2022-09-23 02:54:18,941] {processor.py:641} INFO - Processing file /home/airflow/.local/lib/python3.7/site-packages/airflow/example_dags/example_branch_operator.py for tasks to queue
[2022-09-23 02:54:18,942] {logging_mixin.py:115} INFO - [2022-09-23 02:54:18,942] {dagbag.py:508} INFO - Filling up the DagBag from /home/airflow/.local/lib/python3.7/site-packages/airflow/example_dags/example_branch_operator.py
[2022-09-23 02:54:19,221] {processor.py:651} INFO - DAG(s) dict_keys(['example_branch_operator']) retrieved from /home/airflow/.local/lib/python3.7/site-packages/airflow/example_dags/example_branch_operator.py
[2022-09-23 02:54:19,272] {logging_mixin.py:115} INFO - [2022-09-23 02:54:19,272] {dag.py:2420} INFO - Sync 1 DAGs
[2022-09-23 02:54:19,324] {logging_mixin.py:115} INFO - [2022-09-23 02:54:19,323] {dag.py:2972} INFO - Setting next_dagrun for example_branch_operator to 2022-09-22T00:00:00+00:00, run_after=2022-09-23T00:00:00+00:00
[2022-09-23 02:54:19,347] {processor.py:161} INFO - Processing /home/airflow/.local/lib/python3.7/site-packages/airflow/example_dags/example_branch_operator.py took 0.412 seconds
[2022-09-23 02:54:50,235] {processor.py:153} INFO - Started process (PID=2633) to work on /home/airflow/.local/lib/python3.7/site-packages/airflow/example_dags/example_branch_operator.py
[2022-09-23 02:54:50,235] {processor.py:641} INFO - Processing file /home/airflow/.local/lib/python3.7/site-packages/airflow/example_dags/example_branch_operator.py for tasks to queue
[2022-09-23 02:54:50,236] {logging_mixin.py:115} INFO - [2022-09-23 02:54:50,236] {dagbag.py:508} INFO - Filling up the DagBag from /home/airflow/.local/lib/python3.7/site-packages/airflow/example_dags/example_branch_operator.py
[2022-09-23 02:54:50,410] {processor.py:651} INFO - DAG(s) dict_keys(['example_branch_operator']) retrieved from /home/airflow/.local/lib/python3.7/site-packages/airflow/example_dags/example_branch_operator.py
[2022-09-23 02:54:50,447] {logging_mixin.py:115} INFO - [2022-09-23 02:54:50,447] {dag.py:2420} INFO - Sync 1 DAGs
[2022-09-23 02:54:50,482] {logging_mixin.py:115} INFO - [2022-09-23 02:54:50,482] {dag.py:2972} INFO - Setting next_dagrun for example_branch_operator to 2022-09-22T00:00:00+00:00, run_after=2022-09-23T00:00:00+00:00
[2022-09-23 02:54:50,501] {processor.py:161} INFO - Processing /home/airflow/.local/lib/python3.7/site-packages/airflow/example_dags/example_branch_operator.py took 0.269 seconds
[2022-09-23 02:55:21,134] {processor.py:153} INFO - Started process (PID=2686) to work on /home/airflow/.local/lib/python3.7/site-packages/airflow/example_dags/example_branch_operator.py
[2022-09-23 02:55:21,136] {processor.py:641} INFO - Processing file /home/airflow/.local/lib/python3.7/site-packages/airflow/example_dags/example_branch_operator.py for tasks to queue
[2022-09-23 02:55:21,136] {logging_mixin.py:115} INFO - [2022-09-23 02:55:21,136] {dagbag.py:508} INFO - Filling up the DagBag from /home/airflow/.local/lib/python3.7/site-packages/airflow/example_dags/example_branch_operator.py
[2022-09-23 02:55:21,403] {processor.py:651} INFO - DAG(s) dict_keys(['example_branch_operator']) retrieved from /home/airflow/.local/lib/python3.7/site-packages/airflow/example_dags/example_branch_operator.py
[2022-09-23 02:55:21,438] {logging_mixin.py:115} INFO - [2022-09-23 02:55:21,438] {dag.py:2420} INFO - Sync 1 DAGs
[2022-09-23 02:55:21,481] {logging_mixin.py:115} INFO - [2022-09-23 02:55:21,481] {dag.py:2972} INFO - Setting next_dagrun for example_branch_operator to 2022-09-22T00:00:00+00:00, run_after=2022-09-23T00:00:00+00:00
[2022-09-23 02:55:21,507] {processor.py:161} INFO - Processing /home/airflow/.local/lib/python3.7/site-packages/airflow/example_dags/example_branch_operator.py took 0.377 seconds
[2022-09-23 02:55:51,894] {processor.py:153} INFO - Started process (PID=2739) to work on /home/airflow/.local/lib/python3.7/site-packages/airflow/example_dags/example_branch_operator.py
[2022-09-23 02:55:51,895] {processor.py:641} INFO - Processing file /home/airflow/.local/lib/python3.7/site-packages/airflow/example_dags/example_branch_operator.py for tasks to queue
[2022-09-23 02:55:51,896] {logging_mixin.py:115} INFO - [2022-09-23 02:55:51,896] {dagbag.py:508} INFO - Filling up the DagBag from /home/airflow/.local/lib/python3.7/site-packages/airflow/example_dags/example_branch_operator.py
[2022-09-23 02:55:52,147] {processor.py:651} INFO - DAG(s) dict_keys(['example_branch_operator']) retrieved from /home/airflow/.local/lib/python3.7/site-packages/airflow/example_dags/example_branch_operator.py
[2022-09-23 02:55:52,183] {logging_mixin.py:115} INFO - [2022-09-23 02:55:52,183] {dag.py:2420} INFO - Sync 1 DAGs
[2022-09-23 02:55:52,233] {logging_mixin.py:115} INFO - [2022-09-23 02:55:52,233] {dag.py:2972} INFO - Setting next_dagrun for example_branch_operator to 2022-09-22T00:00:00+00:00, run_after=2022-09-23T00:00:00+00:00
[2022-09-23 02:55:52,258] {processor.py:161} INFO - Processing /home/airflow/.local/lib/python3.7/site-packages/airflow/example_dags/example_branch_operator.py took 0.369 seconds
[2022-09-23 02:56:23,044] {processor.py:153} INFO - Started process (PID=2802) to work on /home/airflow/.local/lib/python3.7/site-packages/airflow/example_dags/example_branch_operator.py
[2022-09-23 02:56:23,046] {processor.py:641} INFO - Processing file /home/airflow/.local/lib/python3.7/site-packages/airflow/example_dags/example_branch_operator.py for tasks to queue
[2022-09-23 02:56:23,047] {logging_mixin.py:115} INFO - [2022-09-23 02:56:23,047] {dagbag.py:508} INFO - Filling up the DagBag from /home/airflow/.local/lib/python3.7/site-packages/airflow/example_dags/example_branch_operator.py
[2022-09-23 02:56:23,317] {processor.py:651} INFO - DAG(s) dict_keys(['example_branch_operator']) retrieved from /home/airflow/.local/lib/python3.7/site-packages/airflow/example_dags/example_branch_operator.py
[2022-09-23 02:56:23,351] {logging_mixin.py:115} INFO - [2022-09-23 02:56:23,351] {dag.py:2420} INFO - Sync 1 DAGs
[2022-09-23 02:56:23,397] {logging_mixin.py:115} INFO - [2022-09-23 02:56:23,397] {dag.py:2972} INFO - Setting next_dagrun for example_branch_operator to 2022-09-22T00:00:00+00:00, run_after=2022-09-23T00:00:00+00:00
[2022-09-23 02:56:23,419] {processor.py:161} INFO - Processing /home/airflow/.local/lib/python3.7/site-packages/airflow/example_dags/example_branch_operator.py took 0.384 seconds
[2022-09-23 02:56:53,781] {processor.py:153} INFO - Started process (PID=2855) to work on /home/airflow/.local/lib/python3.7/site-packages/airflow/example_dags/example_branch_operator.py
[2022-09-23 02:56:53,782] {processor.py:641} INFO - Processing file /home/airflow/.local/lib/python3.7/site-packages/airflow/example_dags/example_branch_operator.py for tasks to queue
[2022-09-23 02:56:53,783] {logging_mixin.py:115} INFO - [2022-09-23 02:56:53,783] {dagbag.py:508} INFO - Filling up the DagBag from /home/airflow/.local/lib/python3.7/site-packages/airflow/example_dags/example_branch_operator.py
[2022-09-23 02:56:54,039] {processor.py:651} INFO - DAG(s) dict_keys(['example_branch_operator']) retrieved from /home/airflow/.local/lib/python3.7/site-packages/airflow/example_dags/example_branch_operator.py
[2022-09-23 02:56:54,078] {logging_mixin.py:115} INFO - [2022-09-23 02:56:54,078] {dag.py:2420} INFO - Sync 1 DAGs
[2022-09-23 02:56:54,133] {logging_mixin.py:115} INFO - [2022-09-23 02:56:54,133] {dag.py:2972} INFO - Setting next_dagrun for example_branch_operator to 2022-09-22T00:00:00+00:00, run_after=2022-09-23T00:00:00+00:00
[2022-09-23 02:56:54,161] {processor.py:161} INFO - Processing /home/airflow/.local/lib/python3.7/site-packages/airflow/example_dags/example_branch_operator.py took 0.384 seconds
[2022-09-23 02:57:24,343] {processor.py:153} INFO - Started process (PID=2908) to work on /home/airflow/.local/lib/python3.7/site-packages/airflow/example_dags/example_branch_operator.py
[2022-09-23 02:57:24,344] {processor.py:641} INFO - Processing file /home/airflow/.local/lib/python3.7/site-packages/airflow/example_dags/example_branch_operator.py for tasks to queue
[2022-09-23 02:57:24,345] {logging_mixin.py:115} INFO - [2022-09-23 02:57:24,344] {dagbag.py:508} INFO - Filling up the DagBag from /home/airflow/.local/lib/python3.7/site-packages/airflow/example_dags/example_branch_operator.py
[2022-09-23 02:57:24,607] {processor.py:651} INFO - DAG(s) dict_keys(['example_branch_operator']) retrieved from /home/airflow/.local/lib/python3.7/site-packages/airflow/example_dags/example_branch_operator.py
[2022-09-23 02:57:24,650] {logging_mixin.py:115} INFO - [2022-09-23 02:57:24,650] {dag.py:2420} INFO - Sync 1 DAGs
[2022-09-23 02:57:24,706] {logging_mixin.py:115} INFO - [2022-09-23 02:57:24,706] {dag.py:2972} INFO - Setting next_dagrun for example_branch_operator to 2022-09-22T00:00:00+00:00, run_after=2022-09-23T00:00:00+00:00
[2022-09-23 02:57:24,733] {processor.py:161} INFO - Processing /home/airflow/.local/lib/python3.7/site-packages/airflow/example_dags/example_branch_operator.py took 0.394 seconds
[2022-09-23 02:57:55,228] {processor.py:153} INFO - Started process (PID=2970) to work on /home/airflow/.local/lib/python3.7/site-packages/airflow/example_dags/example_branch_operator.py
[2022-09-23 02:57:55,229] {processor.py:641} INFO - Processing file /home/airflow/.local/lib/python3.7/site-packages/airflow/example_dags/example_branch_operator.py for tasks to queue
[2022-09-23 02:57:55,230] {logging_mixin.py:115} INFO - [2022-09-23 02:57:55,230] {dagbag.py:508} INFO - Filling up the DagBag from /home/airflow/.local/lib/python3.7/site-packages/airflow/example_dags/example_branch_operator.py
[2022-09-23 02:57:55,467] {processor.py:651} INFO - DAG(s) dict_keys(['example_branch_operator']) retrieved from /home/airflow/.local/lib/python3.7/site-packages/airflow/example_dags/example_branch_operator.py
[2022-09-23 02:57:55,505] {logging_mixin.py:115} INFO - [2022-09-23 02:57:55,505] {dag.py:2420} INFO - Sync 1 DAGs
[2022-09-23 02:57:55,550] {logging_mixin.py:115} INFO - [2022-09-23 02:57:55,550] {dag.py:2972} INFO - Setting next_dagrun for example_branch_operator to 2022-09-22T00:00:00+00:00, run_after=2022-09-23T00:00:00+00:00
[2022-09-23 02:57:55,577] {processor.py:161} INFO - Processing /home/airflow/.local/lib/python3.7/site-packages/airflow/example_dags/example_branch_operator.py took 0.354 seconds
[2022-09-23 02:58:25,880] {processor.py:153} INFO - Started process (PID=3023) to work on /home/airflow/.local/lib/python3.7/site-packages/airflow/example_dags/example_branch_operator.py
[2022-09-23 02:58:25,882] {processor.py:641} INFO - Processing file /home/airflow/.local/lib/python3.7/site-packages/airflow/example_dags/example_branch_operator.py for tasks to queue
[2022-09-23 02:58:25,883] {logging_mixin.py:115} INFO - [2022-09-23 02:58:25,883] {dagbag.py:508} INFO - Filling up the DagBag from /home/airflow/.local/lib/python3.7/site-packages/airflow/example_dags/example_branch_operator.py
[2022-09-23 02:58:26,154] {processor.py:651} INFO - DAG(s) dict_keys(['example_branch_operator']) retrieved from /home/airflow/.local/lib/python3.7/site-packages/airflow/example_dags/example_branch_operator.py
[2022-09-23 02:58:26,192] {logging_mixin.py:115} INFO - [2022-09-23 02:58:26,192] {dag.py:2420} INFO - Sync 1 DAGs
[2022-09-23 02:58:26,238] {logging_mixin.py:115} INFO - [2022-09-23 02:58:26,237] {dag.py:2972} INFO - Setting next_dagrun for example_branch_operator to 2022-09-22T00:00:00+00:00, run_after=2022-09-23T00:00:00+00:00
[2022-09-23 02:58:26,268] {processor.py:161} INFO - Processing /home/airflow/.local/lib/python3.7/site-packages/airflow/example_dags/example_branch_operator.py took 0.393 seconds
[2022-09-23 02:58:56,459] {processor.py:153} INFO - Started process (PID=3076) to work on /home/airflow/.local/lib/python3.7/site-packages/airflow/example_dags/example_branch_operator.py
[2022-09-23 02:58:56,460] {processor.py:641} INFO - Processing file /home/airflow/.local/lib/python3.7/site-packages/airflow/example_dags/example_branch_operator.py for tasks to queue
[2022-09-23 02:58:56,460] {logging_mixin.py:115} INFO - [2022-09-23 02:58:56,460] {dagbag.py:508} INFO - Filling up the DagBag from /home/airflow/.local/lib/python3.7/site-packages/airflow/example_dags/example_branch_operator.py
[2022-09-23 02:58:56,712] {processor.py:651} INFO - DAG(s) dict_keys(['example_branch_operator']) retrieved from /home/airflow/.local/lib/python3.7/site-packages/airflow/example_dags/example_branch_operator.py
[2022-09-23 02:58:56,760] {logging_mixin.py:115} INFO - [2022-09-23 02:58:56,760] {dag.py:2420} INFO - Sync 1 DAGs
[2022-09-23 02:58:56,810] {logging_mixin.py:115} INFO - [2022-09-23 02:58:56,809] {dag.py:2972} INFO - Setting next_dagrun for example_branch_operator to 2022-09-22T00:00:00+00:00, run_after=2022-09-23T00:00:00+00:00
[2022-09-23 02:58:56,833] {processor.py:161} INFO - Processing /home/airflow/.local/lib/python3.7/site-packages/airflow/example_dags/example_branch_operator.py took 0.380 seconds
[2022-09-23 02:59:27,633] {processor.py:153} INFO - Started process (PID=3138) to work on /home/airflow/.local/lib/python3.7/site-packages/airflow/example_dags/example_branch_operator.py
[2022-09-23 02:59:27,634] {processor.py:641} INFO - Processing file /home/airflow/.local/lib/python3.7/site-packages/airflow/example_dags/example_branch_operator.py for tasks to queue
[2022-09-23 02:59:27,634] {logging_mixin.py:115} INFO - [2022-09-23 02:59:27,634] {dagbag.py:508} INFO - Filling up the DagBag from /home/airflow/.local/lib/python3.7/site-packages/airflow/example_dags/example_branch_operator.py
[2022-09-23 02:59:27,899] {processor.py:651} INFO - DAG(s) dict_keys(['example_branch_operator']) retrieved from /home/airflow/.local/lib/python3.7/site-packages/airflow/example_dags/example_branch_operator.py
[2022-09-23 02:59:27,936] {logging_mixin.py:115} INFO - [2022-09-23 02:59:27,936] {dag.py:2420} INFO - Sync 1 DAGs
[2022-09-23 02:59:27,979] {logging_mixin.py:115} INFO - [2022-09-23 02:59:27,979] {dag.py:2972} INFO - Setting next_dagrun for example_branch_operator to 2022-09-22T00:00:00+00:00, run_after=2022-09-23T00:00:00+00:00
[2022-09-23 02:59:28,009] {processor.py:161} INFO - Processing /home/airflow/.local/lib/python3.7/site-packages/airflow/example_dags/example_branch_operator.py took 0.382 seconds
[2022-09-23 02:59:58,253] {processor.py:153} INFO - Started process (PID=3191) to work on /home/airflow/.local/lib/python3.7/site-packages/airflow/example_dags/example_branch_operator.py
[2022-09-23 02:59:58,255] {processor.py:641} INFO - Processing file /home/airflow/.local/lib/python3.7/site-packages/airflow/example_dags/example_branch_operator.py for tasks to queue
[2022-09-23 02:59:58,256] {logging_mixin.py:115} INFO - [2022-09-23 02:59:58,256] {dagbag.py:508} INFO - Filling up the DagBag from /home/airflow/.local/lib/python3.7/site-packages/airflow/example_dags/example_branch_operator.py
[2022-09-23 02:59:58,559] {processor.py:651} INFO - DAG(s) dict_keys(['example_branch_operator']) retrieved from /home/airflow/.local/lib/python3.7/site-packages/airflow/example_dags/example_branch_operator.py
[2022-09-23 02:59:58,599] {logging_mixin.py:115} INFO - [2022-09-23 02:59:58,599] {dag.py:2420} INFO - Sync 1 DAGs
[2022-09-23 02:59:58,649] {logging_mixin.py:115} INFO - [2022-09-23 02:59:58,648] {dag.py:2972} INFO - Setting next_dagrun for example_branch_operator to 2022-09-22T00:00:00+00:00, run_after=2022-09-23T00:00:00+00:00
[2022-09-23 02:59:58,671] {processor.py:161} INFO - Processing /home/airflow/.local/lib/python3.7/site-packages/airflow/example_dags/example_branch_operator.py took 0.422 seconds
[2022-09-23 03:00:29,145] {processor.py:153} INFO - Started process (PID=3244) to work on /home/airflow/.local/lib/python3.7/site-packages/airflow/example_dags/example_branch_operator.py
[2022-09-23 03:00:29,147] {processor.py:641} INFO - Processing file /home/airflow/.local/lib/python3.7/site-packages/airflow/example_dags/example_branch_operator.py for tasks to queue
[2022-09-23 03:00:29,148] {logging_mixin.py:115} INFO - [2022-09-23 03:00:29,148] {dagbag.py:508} INFO - Filling up the DagBag from /home/airflow/.local/lib/python3.7/site-packages/airflow/example_dags/example_branch_operator.py
[2022-09-23 03:00:29,460] {processor.py:651} INFO - DAG(s) dict_keys(['example_branch_operator']) retrieved from /home/airflow/.local/lib/python3.7/site-packages/airflow/example_dags/example_branch_operator.py
[2022-09-23 03:00:29,513] {logging_mixin.py:115} INFO - [2022-09-23 03:00:29,513] {dag.py:2420} INFO - Sync 1 DAGs
[2022-09-23 03:00:29,578] {logging_mixin.py:115} INFO - [2022-09-23 03:00:29,578] {dag.py:2972} INFO - Setting next_dagrun for example_branch_operator to 2022-09-22T00:00:00+00:00, run_after=2022-09-23T00:00:00+00:00
[2022-09-23 03:00:29,623] {processor.py:161} INFO - Processing /home/airflow/.local/lib/python3.7/site-packages/airflow/example_dags/example_branch_operator.py took 0.485 seconds
[2022-09-23 03:00:59,677] {processor.py:153} INFO - Started process (PID=3306) to work on /home/airflow/.local/lib/python3.7/site-packages/airflow/example_dags/example_branch_operator.py
[2022-09-23 03:00:59,678] {processor.py:641} INFO - Processing file /home/airflow/.local/lib/python3.7/site-packages/airflow/example_dags/example_branch_operator.py for tasks to queue
[2022-09-23 03:00:59,679] {logging_mixin.py:115} INFO - [2022-09-23 03:00:59,679] {dagbag.py:508} INFO - Filling up the DagBag from /home/airflow/.local/lib/python3.7/site-packages/airflow/example_dags/example_branch_operator.py
[2022-09-23 03:00:59,910] {processor.py:651} INFO - DAG(s) dict_keys(['example_branch_operator']) retrieved from /home/airflow/.local/lib/python3.7/site-packages/airflow/example_dags/example_branch_operator.py
[2022-09-23 03:00:59,947] {logging_mixin.py:115} INFO - [2022-09-23 03:00:59,946] {dag.py:2420} INFO - Sync 1 DAGs
[2022-09-23 03:00:59,991] {logging_mixin.py:115} INFO - [2022-09-23 03:00:59,990] {dag.py:2972} INFO - Setting next_dagrun for example_branch_operator to 2022-09-22T00:00:00+00:00, run_after=2022-09-23T00:00:00+00:00
[2022-09-23 03:01:00,013] {processor.py:161} INFO - Processing /home/airflow/.local/lib/python3.7/site-packages/airflow/example_dags/example_branch_operator.py took 0.340 seconds
[2022-09-23 03:01:30,710] {processor.py:153} INFO - Started process (PID=3358) to work on /home/airflow/.local/lib/python3.7/site-packages/airflow/example_dags/example_branch_operator.py
[2022-09-23 03:01:30,711] {processor.py:641} INFO - Processing file /home/airflow/.local/lib/python3.7/site-packages/airflow/example_dags/example_branch_operator.py for tasks to queue
[2022-09-23 03:01:30,712] {logging_mixin.py:115} INFO - [2022-09-23 03:01:30,712] {dagbag.py:508} INFO - Filling up the DagBag from /home/airflow/.local/lib/python3.7/site-packages/airflow/example_dags/example_branch_operator.py
[2022-09-23 03:01:30,734] {processor.py:651} INFO - DAG(s) dict_keys(['example_branch_operator']) retrieved from /home/airflow/.local/lib/python3.7/site-packages/airflow/example_dags/example_branch_operator.py
[2022-09-23 03:01:30,781] {logging_mixin.py:115} INFO - [2022-09-23 03:01:30,781] {dag.py:2420} INFO - Sync 1 DAGs
[2022-09-23 03:01:30,830] {logging_mixin.py:115} INFO - [2022-09-23 03:01:30,830] {dag.py:2972} INFO - Setting next_dagrun for example_branch_operator to 2022-09-22T00:00:00+00:00, run_after=2022-09-23T00:00:00+00:00
[2022-09-23 03:01:30,856] {processor.py:161} INFO - Processing /home/airflow/.local/lib/python3.7/site-packages/airflow/example_dags/example_branch_operator.py took 0.151 seconds
[2022-09-23 03:02:01,419] {processor.py:153} INFO - Started process (PID=3411) to work on /home/airflow/.local/lib/python3.7/site-packages/airflow/example_dags/example_branch_operator.py
[2022-09-23 03:02:01,421] {processor.py:641} INFO - Processing file /home/airflow/.local/lib/python3.7/site-packages/airflow/example_dags/example_branch_operator.py for tasks to queue
[2022-09-23 03:02:01,423] {logging_mixin.py:115} INFO - [2022-09-23 03:02:01,422] {dagbag.py:508} INFO - Filling up the DagBag from /home/airflow/.local/lib/python3.7/site-packages/airflow/example_dags/example_branch_operator.py
[2022-09-23 03:02:01,442] {processor.py:651} INFO - DAG(s) dict_keys(['example_branch_operator']) retrieved from /home/airflow/.local/lib/python3.7/site-packages/airflow/example_dags/example_branch_operator.py
[2022-09-23 03:02:01,486] {logging_mixin.py:115} INFO - [2022-09-23 03:02:01,486] {dag.py:2420} INFO - Sync 1 DAGs
[2022-09-23 03:02:01,537] {logging_mixin.py:115} INFO - [2022-09-23 03:02:01,537] {dag.py:2972} INFO - Setting next_dagrun for example_branch_operator to 2022-09-22T00:00:00+00:00, run_after=2022-09-23T00:00:00+00:00
[2022-09-23 03:02:01,563] {processor.py:161} INFO - Processing /home/airflow/.local/lib/python3.7/site-packages/airflow/example_dags/example_branch_operator.py took 0.149 seconds
[2022-09-23 03:02:32,569] {processor.py:153} INFO - Started process (PID=3473) to work on /home/airflow/.local/lib/python3.7/site-packages/airflow/example_dags/example_branch_operator.py
[2022-09-23 03:02:32,571] {processor.py:641} INFO - Processing file /home/airflow/.local/lib/python3.7/site-packages/airflow/example_dags/example_branch_operator.py for tasks to queue
[2022-09-23 03:02:32,572] {logging_mixin.py:115} INFO - [2022-09-23 03:02:32,572] {dagbag.py:508} INFO - Filling up the DagBag from /home/airflow/.local/lib/python3.7/site-packages/airflow/example_dags/example_branch_operator.py
[2022-09-23 03:02:32,603] {processor.py:651} INFO - DAG(s) dict_keys(['example_branch_operator']) retrieved from /home/airflow/.local/lib/python3.7/site-packages/airflow/example_dags/example_branch_operator.py
[2022-09-23 03:02:32,678] {logging_mixin.py:115} INFO - [2022-09-23 03:02:32,678] {dag.py:2420} INFO - Sync 1 DAGs
[2022-09-23 03:02:32,755] {logging_mixin.py:115} INFO - [2022-09-23 03:02:32,755] {dag.py:2972} INFO - Setting next_dagrun for example_branch_operator to 2022-09-22T00:00:00+00:00, run_after=2022-09-23T00:00:00+00:00
[2022-09-23 03:02:32,791] {processor.py:161} INFO - Processing /home/airflow/.local/lib/python3.7/site-packages/airflow/example_dags/example_branch_operator.py took 0.230 seconds
[2022-09-23 03:03:03,730] {processor.py:153} INFO - Started process (PID=3526) to work on /home/airflow/.local/lib/python3.7/site-packages/airflow/example_dags/example_branch_operator.py
[2022-09-23 03:03:03,731] {processor.py:641} INFO - Processing file /home/airflow/.local/lib/python3.7/site-packages/airflow/example_dags/example_branch_operator.py for tasks to queue
[2022-09-23 03:03:03,732] {logging_mixin.py:115} INFO - [2022-09-23 03:03:03,732] {dagbag.py:508} INFO - Filling up the DagBag from /home/airflow/.local/lib/python3.7/site-packages/airflow/example_dags/example_branch_operator.py
[2022-09-23 03:03:03,771] {processor.py:651} INFO - DAG(s) dict_keys(['example_branch_operator']) retrieved from /home/airflow/.local/lib/python3.7/site-packages/airflow/example_dags/example_branch_operator.py
[2022-09-23 03:03:03,824] {logging_mixin.py:115} INFO - [2022-09-23 03:03:03,824] {dag.py:2420} INFO - Sync 1 DAGs
[2022-09-23 03:03:03,873] {logging_mixin.py:115} INFO - [2022-09-23 03:03:03,873] {dag.py:2972} INFO - Setting next_dagrun for example_branch_operator to 2022-09-22T00:00:00+00:00, run_after=2022-09-23T00:00:00+00:00
[2022-09-23 03:03:03,897] {processor.py:161} INFO - Processing /home/airflow/.local/lib/python3.7/site-packages/airflow/example_dags/example_branch_operator.py took 0.176 seconds
[2022-09-23 03:03:34,015] {processor.py:153} INFO - Started process (PID=3579) to work on /home/airflow/.local/lib/python3.7/site-packages/airflow/example_dags/example_branch_operator.py
[2022-09-23 03:03:34,016] {processor.py:641} INFO - Processing file /home/airflow/.local/lib/python3.7/site-packages/airflow/example_dags/example_branch_operator.py for tasks to queue
[2022-09-23 03:03:34,016] {logging_mixin.py:115} INFO - [2022-09-23 03:03:34,016] {dagbag.py:508} INFO - Filling up the DagBag from /home/airflow/.local/lib/python3.7/site-packages/airflow/example_dags/example_branch_operator.py
[2022-09-23 03:03:34,037] {processor.py:651} INFO - DAG(s) dict_keys(['example_branch_operator']) retrieved from /home/airflow/.local/lib/python3.7/site-packages/airflow/example_dags/example_branch_operator.py
[2022-09-23 03:03:34,090] {logging_mixin.py:115} INFO - [2022-09-23 03:03:34,090] {dag.py:2420} INFO - Sync 1 DAGs
[2022-09-23 03:03:34,132] {logging_mixin.py:115} INFO - [2022-09-23 03:03:34,132] {dag.py:2972} INFO - Setting next_dagrun for example_branch_operator to 2022-09-22T00:00:00+00:00, run_after=2022-09-23T00:00:00+00:00
[2022-09-23 03:03:34,157] {processor.py:161} INFO - Processing /home/airflow/.local/lib/python3.7/site-packages/airflow/example_dags/example_branch_operator.py took 0.147 seconds
[2022-09-23 03:04:05,160] {processor.py:153} INFO - Started process (PID=3641) to work on /home/airflow/.local/lib/python3.7/site-packages/airflow/example_dags/example_branch_operator.py
[2022-09-23 03:04:05,161] {processor.py:641} INFO - Processing file /home/airflow/.local/lib/python3.7/site-packages/airflow/example_dags/example_branch_operator.py for tasks to queue
[2022-09-23 03:04:05,163] {logging_mixin.py:115} INFO - [2022-09-23 03:04:05,162] {dagbag.py:508} INFO - Filling up the DagBag from /home/airflow/.local/lib/python3.7/site-packages/airflow/example_dags/example_branch_operator.py
[2022-09-23 03:04:05,195] {processor.py:651} INFO - DAG(s) dict_keys(['example_branch_operator']) retrieved from /home/airflow/.local/lib/python3.7/site-packages/airflow/example_dags/example_branch_operator.py
[2022-09-23 03:04:05,253] {logging_mixin.py:115} INFO - [2022-09-23 03:04:05,252] {dag.py:2420} INFO - Sync 1 DAGs
[2022-09-23 03:04:05,312] {logging_mixin.py:115} INFO - [2022-09-23 03:04:05,311] {dag.py:2972} INFO - Setting next_dagrun for example_branch_operator to 2022-09-22T00:00:00+00:00, run_after=2022-09-23T00:00:00+00:00
[2022-09-23 03:04:05,355] {processor.py:161} INFO - Processing /home/airflow/.local/lib/python3.7/site-packages/airflow/example_dags/example_branch_operator.py took 0.203 seconds
[2022-09-23 03:04:35,454] {processor.py:153} INFO - Started process (PID=3694) to work on /home/airflow/.local/lib/python3.7/site-packages/airflow/example_dags/example_branch_operator.py
[2022-09-23 03:04:35,455] {processor.py:641} INFO - Processing file /home/airflow/.local/lib/python3.7/site-packages/airflow/example_dags/example_branch_operator.py for tasks to queue
[2022-09-23 03:04:35,456] {logging_mixin.py:115} INFO - [2022-09-23 03:04:35,456] {dagbag.py:508} INFO - Filling up the DagBag from /home/airflow/.local/lib/python3.7/site-packages/airflow/example_dags/example_branch_operator.py
[2022-09-23 03:04:35,475] {processor.py:651} INFO - DAG(s) dict_keys(['example_branch_operator']) retrieved from /home/airflow/.local/lib/python3.7/site-packages/airflow/example_dags/example_branch_operator.py
[2022-09-23 03:04:35,530] {logging_mixin.py:115} INFO - [2022-09-23 03:04:35,529] {dag.py:2420} INFO - Sync 1 DAGs
[2022-09-23 03:04:35,574] {logging_mixin.py:115} INFO - [2022-09-23 03:04:35,573] {dag.py:2972} INFO - Setting next_dagrun for example_branch_operator to 2022-09-22T00:00:00+00:00, run_after=2022-09-23T00:00:00+00:00
[2022-09-23 03:04:35,596] {processor.py:161} INFO - Processing /home/airflow/.local/lib/python3.7/site-packages/airflow/example_dags/example_branch_operator.py took 0.149 seconds
[2022-09-23 03:05:05,715] {processor.py:153} INFO - Started process (PID=3747) to work on /home/airflow/.local/lib/python3.7/site-packages/airflow/example_dags/example_branch_operator.py
[2022-09-23 03:05:05,716] {processor.py:641} INFO - Processing file /home/airflow/.local/lib/python3.7/site-packages/airflow/example_dags/example_branch_operator.py for tasks to queue
[2022-09-23 03:05:05,718] {logging_mixin.py:115} INFO - [2022-09-23 03:05:05,717] {dagbag.py:508} INFO - Filling up the DagBag from /home/airflow/.local/lib/python3.7/site-packages/airflow/example_dags/example_branch_operator.py
[2022-09-23 03:05:05,743] {processor.py:651} INFO - DAG(s) dict_keys(['example_branch_operator']) retrieved from /home/airflow/.local/lib/python3.7/site-packages/airflow/example_dags/example_branch_operator.py
[2022-09-23 03:05:05,795] {logging_mixin.py:115} INFO - [2022-09-23 03:05:05,795] {dag.py:2420} INFO - Sync 1 DAGs
[2022-09-23 03:05:05,844] {logging_mixin.py:115} INFO - [2022-09-23 03:05:05,844] {dag.py:2972} INFO - Setting next_dagrun for example_branch_operator to 2022-09-22T00:00:00+00:00, run_after=2022-09-23T00:00:00+00:00
[2022-09-23 03:05:05,869] {processor.py:161} INFO - Processing /home/airflow/.local/lib/python3.7/site-packages/airflow/example_dags/example_branch_operator.py took 0.161 seconds
[2022-09-23 03:05:36,711] {processor.py:153} INFO - Started process (PID=3810) to work on /home/airflow/.local/lib/python3.7/site-packages/airflow/example_dags/example_branch_operator.py
[2022-09-23 03:05:36,712] {processor.py:641} INFO - Processing file /home/airflow/.local/lib/python3.7/site-packages/airflow/example_dags/example_branch_operator.py for tasks to queue
[2022-09-23 03:05:36,713] {logging_mixin.py:115} INFO - [2022-09-23 03:05:36,713] {dagbag.py:508} INFO - Filling up the DagBag from /home/airflow/.local/lib/python3.7/site-packages/airflow/example_dags/example_branch_operator.py
[2022-09-23 03:05:36,735] {processor.py:651} INFO - DAG(s) dict_keys(['example_branch_operator']) retrieved from /home/airflow/.local/lib/python3.7/site-packages/airflow/example_dags/example_branch_operator.py
[2022-09-23 03:05:36,822] {logging_mixin.py:115} INFO - [2022-09-23 03:05:36,822] {dag.py:2420} INFO - Sync 1 DAGs
[2022-09-23 03:05:36,876] {logging_mixin.py:115} INFO - [2022-09-23 03:05:36,875] {dag.py:2972} INFO - Setting next_dagrun for example_branch_operator to 2022-09-22T00:00:00+00:00, run_after=2022-09-23T00:00:00+00:00
[2022-09-23 03:05:36,904] {processor.py:161} INFO - Processing /home/airflow/.local/lib/python3.7/site-packages/airflow/example_dags/example_branch_operator.py took 0.200 seconds
[2022-09-23 03:06:07,712] {processor.py:153} INFO - Started process (PID=3863) to work on /home/airflow/.local/lib/python3.7/site-packages/airflow/example_dags/example_branch_operator.py
[2022-09-23 03:06:07,713] {processor.py:641} INFO - Processing file /home/airflow/.local/lib/python3.7/site-packages/airflow/example_dags/example_branch_operator.py for tasks to queue
[2022-09-23 03:06:07,714] {logging_mixin.py:115} INFO - [2022-09-23 03:06:07,714] {dagbag.py:508} INFO - Filling up the DagBag from /home/airflow/.local/lib/python3.7/site-packages/airflow/example_dags/example_branch_operator.py
[2022-09-23 03:06:07,734] {processor.py:651} INFO - DAG(s) dict_keys(['example_branch_operator']) retrieved from /home/airflow/.local/lib/python3.7/site-packages/airflow/example_dags/example_branch_operator.py
[2022-09-23 03:06:07,783] {logging_mixin.py:115} INFO - [2022-09-23 03:06:07,783] {dag.py:2420} INFO - Sync 1 DAGs
[2022-09-23 03:06:07,836] {logging_mixin.py:115} INFO - [2022-09-23 03:06:07,836] {dag.py:2972} INFO - Setting next_dagrun for example_branch_operator to 2022-09-22T00:00:00+00:00, run_after=2022-09-23T00:00:00+00:00
[2022-09-23 03:06:07,864] {processor.py:161} INFO - Processing /home/airflow/.local/lib/python3.7/site-packages/airflow/example_dags/example_branch_operator.py took 0.157 seconds
[2022-09-23 03:06:38,144] {processor.py:153} INFO - Started process (PID=3916) to work on /home/airflow/.local/lib/python3.7/site-packages/airflow/example_dags/example_branch_operator.py
[2022-09-23 03:06:38,145] {processor.py:641} INFO - Processing file /home/airflow/.local/lib/python3.7/site-packages/airflow/example_dags/example_branch_operator.py for tasks to queue
[2022-09-23 03:06:38,146] {logging_mixin.py:115} INFO - [2022-09-23 03:06:38,146] {dagbag.py:508} INFO - Filling up the DagBag from /home/airflow/.local/lib/python3.7/site-packages/airflow/example_dags/example_branch_operator.py
[2022-09-23 03:06:38,172] {processor.py:651} INFO - DAG(s) dict_keys(['example_branch_operator']) retrieved from /home/airflow/.local/lib/python3.7/site-packages/airflow/example_dags/example_branch_operator.py
[2022-09-23 03:06:38,217] {logging_mixin.py:115} INFO - [2022-09-23 03:06:38,217] {dag.py:2420} INFO - Sync 1 DAGs
[2022-09-23 03:06:38,267] {logging_mixin.py:115} INFO - [2022-09-23 03:06:38,266] {dag.py:2972} INFO - Setting next_dagrun for example_branch_operator to 2022-09-22T00:00:00+00:00, run_after=2022-09-23T00:00:00+00:00
[2022-09-23 03:06:38,291] {processor.py:161} INFO - Processing /home/airflow/.local/lib/python3.7/site-packages/airflow/example_dags/example_branch_operator.py took 0.153 seconds
[2022-09-23 03:07:08,737] {processor.py:153} INFO - Started process (PID=3978) to work on /home/airflow/.local/lib/python3.7/site-packages/airflow/example_dags/example_branch_operator.py
[2022-09-23 03:07:08,739] {processor.py:641} INFO - Processing file /home/airflow/.local/lib/python3.7/site-packages/airflow/example_dags/example_branch_operator.py for tasks to queue
[2022-09-23 03:07:08,740] {logging_mixin.py:115} INFO - [2022-09-23 03:07:08,740] {dagbag.py:508} INFO - Filling up the DagBag from /home/airflow/.local/lib/python3.7/site-packages/airflow/example_dags/example_branch_operator.py
[2022-09-23 03:07:08,760] {processor.py:651} INFO - DAG(s) dict_keys(['example_branch_operator']) retrieved from /home/airflow/.local/lib/python3.7/site-packages/airflow/example_dags/example_branch_operator.py
[2022-09-23 03:07:08,805] {logging_mixin.py:115} INFO - [2022-09-23 03:07:08,805] {dag.py:2420} INFO - Sync 1 DAGs
[2022-09-23 03:07:08,859] {logging_mixin.py:115} INFO - [2022-09-23 03:07:08,859] {dag.py:2972} INFO - Setting next_dagrun for example_branch_operator to 2022-09-22T00:00:00+00:00, run_after=2022-09-23T00:00:00+00:00
[2022-09-23 03:07:08,884] {processor.py:161} INFO - Processing /home/airflow/.local/lib/python3.7/site-packages/airflow/example_dags/example_branch_operator.py took 0.152 seconds
[2022-09-23 03:07:39,216] {processor.py:153} INFO - Started process (PID=4031) to work on /home/airflow/.local/lib/python3.7/site-packages/airflow/example_dags/example_branch_operator.py
[2022-09-23 03:07:39,217] {processor.py:641} INFO - Processing file /home/airflow/.local/lib/python3.7/site-packages/airflow/example_dags/example_branch_operator.py for tasks to queue
[2022-09-23 03:07:39,218] {logging_mixin.py:115} INFO - [2022-09-23 03:07:39,218] {dagbag.py:508} INFO - Filling up the DagBag from /home/airflow/.local/lib/python3.7/site-packages/airflow/example_dags/example_branch_operator.py
[2022-09-23 03:07:39,238] {processor.py:651} INFO - DAG(s) dict_keys(['example_branch_operator']) retrieved from /home/airflow/.local/lib/python3.7/site-packages/airflow/example_dags/example_branch_operator.py
[2022-09-23 03:07:39,294] {logging_mixin.py:115} INFO - [2022-09-23 03:07:39,294] {dag.py:2420} INFO - Sync 1 DAGs
[2022-09-23 03:07:39,347] {logging_mixin.py:115} INFO - [2022-09-23 03:07:39,347] {dag.py:2972} INFO - Setting next_dagrun for example_branch_operator to 2022-09-22T00:00:00+00:00, run_after=2022-09-23T00:00:00+00:00
[2022-09-23 03:07:39,373] {processor.py:161} INFO - Processing /home/airflow/.local/lib/python3.7/site-packages/airflow/example_dags/example_branch_operator.py took 0.162 seconds
[2022-09-23 03:08:09,555] {processor.py:153} INFO - Started process (PID=4085) to work on /home/airflow/.local/lib/python3.7/site-packages/airflow/example_dags/example_branch_operator.py
[2022-09-23 03:08:09,556] {processor.py:641} INFO - Processing file /home/airflow/.local/lib/python3.7/site-packages/airflow/example_dags/example_branch_operator.py for tasks to queue
[2022-09-23 03:08:09,557] {logging_mixin.py:115} INFO - [2022-09-23 03:08:09,557] {dagbag.py:508} INFO - Filling up the DagBag from /home/airflow/.local/lib/python3.7/site-packages/airflow/example_dags/example_branch_operator.py
[2022-09-23 03:08:09,578] {processor.py:651} INFO - DAG(s) dict_keys(['example_branch_operator']) retrieved from /home/airflow/.local/lib/python3.7/site-packages/airflow/example_dags/example_branch_operator.py
[2022-09-23 03:08:09,625] {logging_mixin.py:115} INFO - [2022-09-23 03:08:09,625] {dag.py:2420} INFO - Sync 1 DAGs
[2022-09-23 03:08:09,671] {logging_mixin.py:115} INFO - [2022-09-23 03:08:09,670] {dag.py:2972} INFO - Setting next_dagrun for example_branch_operator to 2022-09-22T00:00:00+00:00, run_after=2022-09-23T00:00:00+00:00
[2022-09-23 03:08:09,695] {processor.py:161} INFO - Processing /home/airflow/.local/lib/python3.7/site-packages/airflow/example_dags/example_branch_operator.py took 0.148 seconds
[2022-09-23 03:08:40,206] {processor.py:153} INFO - Started process (PID=4148) to work on /home/airflow/.local/lib/python3.7/site-packages/airflow/example_dags/example_branch_operator.py
[2022-09-23 03:08:40,207] {processor.py:641} INFO - Processing file /home/airflow/.local/lib/python3.7/site-packages/airflow/example_dags/example_branch_operator.py for tasks to queue
[2022-09-23 03:08:40,207] {logging_mixin.py:115} INFO - [2022-09-23 03:08:40,207] {dagbag.py:508} INFO - Filling up the DagBag from /home/airflow/.local/lib/python3.7/site-packages/airflow/example_dags/example_branch_operator.py
[2022-09-23 03:08:40,227] {processor.py:651} INFO - DAG(s) dict_keys(['example_branch_operator']) retrieved from /home/airflow/.local/lib/python3.7/site-packages/airflow/example_dags/example_branch_operator.py
[2022-09-23 03:08:40,271] {logging_mixin.py:115} INFO - [2022-09-23 03:08:40,271] {dag.py:2420} INFO - Sync 1 DAGs
[2022-09-23 03:08:40,321] {logging_mixin.py:115} INFO - [2022-09-23 03:08:40,321] {dag.py:2972} INFO - Setting next_dagrun for example_branch_operator to 2022-09-22T00:00:00+00:00, run_after=2022-09-23T00:00:00+00:00
[2022-09-23 03:08:40,354] {processor.py:161} INFO - Processing /home/airflow/.local/lib/python3.7/site-packages/airflow/example_dags/example_branch_operator.py took 0.153 seconds
