[2022-09-23 02:31:35,267] {processor.py:153} INFO - Started process (PID=100) to work on /home/airflow/.local/lib/python3.7/site-packages/airflow/example_dags/example_latest_only.py
[2022-09-23 02:31:35,268] {processor.py:641} INFO - Processing file /home/airflow/.local/lib/python3.7/site-packages/airflow/example_dags/example_latest_only.py for tasks to queue
[2022-09-23 02:31:35,268] {logging_mixin.py:115} INFO - [2022-09-23 02:31:35,268] {dagbag.py:508} INFO - Filling up the DagBag from /home/airflow/.local/lib/python3.7/site-packages/airflow/example_dags/example_latest_only.py
[2022-09-23 02:31:35,277] {processor.py:651} INFO - DAG(s) dict_keys(['latest_only']) retrieved from /home/airflow/.local/lib/python3.7/site-packages/airflow/example_dags/example_latest_only.py
[2022-09-23 02:31:35,333] {logging_mixin.py:115} INFO - [2022-09-23 02:31:35,332] {dag.py:2420} INFO - Sync 1 DAGs
[2022-09-23 02:31:35,622] {logging_mixin.py:115} INFO - [2022-09-23 02:31:35,622] {dag.py:2972} INFO - Setting next_dagrun for latest_only to 2022-09-22T22:31:35.621931+00:00, run_after=2022-09-23T02:31:35.621931+00:00
[2022-09-23 02:31:35,651] {processor.py:161} INFO - Processing /home/airflow/.local/lib/python3.7/site-packages/airflow/example_dags/example_latest_only.py took 0.388 seconds
[2022-09-23 02:32:06,092] {processor.py:153} INFO - Started process (PID=154) to work on /home/airflow/.local/lib/python3.7/site-packages/airflow/example_dags/example_latest_only.py
[2022-09-23 02:32:06,093] {processor.py:641} INFO - Processing file /home/airflow/.local/lib/python3.7/site-packages/airflow/example_dags/example_latest_only.py for tasks to queue
[2022-09-23 02:32:06,094] {logging_mixin.py:115} INFO - [2022-09-23 02:32:06,094] {dagbag.py:508} INFO - Filling up the DagBag from /home/airflow/.local/lib/python3.7/site-packages/airflow/example_dags/example_latest_only.py
[2022-09-23 02:32:06,103] {processor.py:651} INFO - DAG(s) dict_keys(['latest_only']) retrieved from /home/airflow/.local/lib/python3.7/site-packages/airflow/example_dags/example_latest_only.py
[2022-09-23 02:32:06,154] {logging_mixin.py:115} INFO - [2022-09-23 02:32:06,154] {dag.py:2420} INFO - Sync 1 DAGs
[2022-09-23 02:32:06,463] {logging_mixin.py:115} INFO - [2022-09-23 02:32:06,462] {dag.py:2972} INFO - Setting next_dagrun for latest_only to 2022-09-22T22:32:06.462499+00:00, run_after=2022-09-23T02:32:06.462499+00:00
[2022-09-23 02:32:06,490] {processor.py:161} INFO - Processing /home/airflow/.local/lib/python3.7/site-packages/airflow/example_dags/example_latest_only.py took 0.403 seconds
[2022-09-23 02:32:37,383] {processor.py:153} INFO - Started process (PID=207) to work on /home/airflow/.local/lib/python3.7/site-packages/airflow/example_dags/example_latest_only.py
[2022-09-23 02:32:37,384] {processor.py:641} INFO - Processing file /home/airflow/.local/lib/python3.7/site-packages/airflow/example_dags/example_latest_only.py for tasks to queue
[2022-09-23 02:32:37,385] {logging_mixin.py:115} INFO - [2022-09-23 02:32:37,385] {dagbag.py:508} INFO - Filling up the DagBag from /home/airflow/.local/lib/python3.7/site-packages/airflow/example_dags/example_latest_only.py
[2022-09-23 02:32:37,394] {processor.py:651} INFO - DAG(s) dict_keys(['latest_only']) retrieved from /home/airflow/.local/lib/python3.7/site-packages/airflow/example_dags/example_latest_only.py
[2022-09-23 02:32:37,446] {logging_mixin.py:115} INFO - [2022-09-23 02:32:37,446] {dag.py:2420} INFO - Sync 1 DAGs
[2022-09-23 02:32:37,702] {logging_mixin.py:115} INFO - [2022-09-23 02:32:37,702] {dag.py:2972} INFO - Setting next_dagrun for latest_only to 2022-09-22T22:32:37.701792+00:00, run_after=2022-09-23T02:32:37.701792+00:00
[2022-09-23 02:32:37,747] {processor.py:161} INFO - Processing /home/airflow/.local/lib/python3.7/site-packages/airflow/example_dags/example_latest_only.py took 0.370 seconds
[2022-09-23 02:33:08,586] {processor.py:153} INFO - Started process (PID=269) to work on /home/airflow/.local/lib/python3.7/site-packages/airflow/example_dags/example_latest_only.py
[2022-09-23 02:33:08,587] {processor.py:641} INFO - Processing file /home/airflow/.local/lib/python3.7/site-packages/airflow/example_dags/example_latest_only.py for tasks to queue
[2022-09-23 02:33:08,589] {logging_mixin.py:115} INFO - [2022-09-23 02:33:08,588] {dagbag.py:508} INFO - Filling up the DagBag from /home/airflow/.local/lib/python3.7/site-packages/airflow/example_dags/example_latest_only.py
[2022-09-23 02:33:08,601] {processor.py:651} INFO - DAG(s) dict_keys(['latest_only']) retrieved from /home/airflow/.local/lib/python3.7/site-packages/airflow/example_dags/example_latest_only.py
[2022-09-23 02:33:08,679] {logging_mixin.py:115} INFO - [2022-09-23 02:33:08,679] {dag.py:2420} INFO - Sync 1 DAGs
[2022-09-23 02:33:09,098] {logging_mixin.py:115} INFO - [2022-09-23 02:33:09,098] {dag.py:2972} INFO - Setting next_dagrun for latest_only to 2022-09-22T22:33:09.097613+00:00, run_after=2022-09-23T02:33:09.097613+00:00
[2022-09-23 02:33:09,130] {processor.py:161} INFO - Processing /home/airflow/.local/lib/python3.7/site-packages/airflow/example_dags/example_latest_only.py took 0.551 seconds
[2022-09-23 02:33:39,554] {processor.py:153} INFO - Started process (PID=322) to work on /home/airflow/.local/lib/python3.7/site-packages/airflow/example_dags/example_latest_only.py
[2022-09-23 02:33:39,556] {processor.py:641} INFO - Processing file /home/airflow/.local/lib/python3.7/site-packages/airflow/example_dags/example_latest_only.py for tasks to queue
[2022-09-23 02:33:39,558] {logging_mixin.py:115} INFO - [2022-09-23 02:33:39,558] {dagbag.py:508} INFO - Filling up the DagBag from /home/airflow/.local/lib/python3.7/site-packages/airflow/example_dags/example_latest_only.py
[2022-09-23 02:33:39,570] {processor.py:651} INFO - DAG(s) dict_keys(['latest_only']) retrieved from /home/airflow/.local/lib/python3.7/site-packages/airflow/example_dags/example_latest_only.py
[2022-09-23 02:33:39,622] {logging_mixin.py:115} INFO - [2022-09-23 02:33:39,622] {dag.py:2420} INFO - Sync 1 DAGs
[2022-09-23 02:33:39,931] {logging_mixin.py:115} INFO - [2022-09-23 02:33:39,930] {dag.py:2972} INFO - Setting next_dagrun for latest_only to 2022-09-22T22:33:39.930472+00:00, run_after=2022-09-23T02:33:39.930472+00:00
[2022-09-23 02:33:39,953] {processor.py:161} INFO - Processing /home/airflow/.local/lib/python3.7/site-packages/airflow/example_dags/example_latest_only.py took 0.404 seconds
[2022-09-23 02:34:10,399] {processor.py:153} INFO - Started process (PID=376) to work on /home/airflow/.local/lib/python3.7/site-packages/airflow/example_dags/example_latest_only.py
[2022-09-23 02:34:10,401] {processor.py:641} INFO - Processing file /home/airflow/.local/lib/python3.7/site-packages/airflow/example_dags/example_latest_only.py for tasks to queue
[2022-09-23 02:34:10,402] {logging_mixin.py:115} INFO - [2022-09-23 02:34:10,402] {dagbag.py:508} INFO - Filling up the DagBag from /home/airflow/.local/lib/python3.7/site-packages/airflow/example_dags/example_latest_only.py
[2022-09-23 02:34:10,409] {processor.py:651} INFO - DAG(s) dict_keys(['latest_only']) retrieved from /home/airflow/.local/lib/python3.7/site-packages/airflow/example_dags/example_latest_only.py
[2022-09-23 02:34:10,463] {logging_mixin.py:115} INFO - [2022-09-23 02:34:10,463] {dag.py:2420} INFO - Sync 1 DAGs
[2022-09-23 02:34:10,774] {logging_mixin.py:115} INFO - [2022-09-23 02:34:10,774] {dag.py:2972} INFO - Setting next_dagrun for latest_only to 2022-09-22T22:34:10.773667+00:00, run_after=2022-09-23T02:34:10.773667+00:00
[2022-09-23 02:34:10,796] {processor.py:161} INFO - Processing /home/airflow/.local/lib/python3.7/site-packages/airflow/example_dags/example_latest_only.py took 0.403 seconds
[2022-09-23 02:34:41,063] {processor.py:153} INFO - Started process (PID=436) to work on /home/airflow/.local/lib/python3.7/site-packages/airflow/example_dags/example_latest_only.py
[2022-09-23 02:34:41,064] {processor.py:641} INFO - Processing file /home/airflow/.local/lib/python3.7/site-packages/airflow/example_dags/example_latest_only.py for tasks to queue
[2022-09-23 02:34:41,066] {logging_mixin.py:115} INFO - [2022-09-23 02:34:41,066] {dagbag.py:508} INFO - Filling up the DagBag from /home/airflow/.local/lib/python3.7/site-packages/airflow/example_dags/example_latest_only.py
[2022-09-23 02:34:41,075] {processor.py:651} INFO - DAG(s) dict_keys(['latest_only']) retrieved from /home/airflow/.local/lib/python3.7/site-packages/airflow/example_dags/example_latest_only.py
[2022-09-23 02:34:41,148] {logging_mixin.py:115} INFO - [2022-09-23 02:34:41,148] {dag.py:2420} INFO - Sync 1 DAGs
[2022-09-23 02:34:41,476] {logging_mixin.py:115} INFO - [2022-09-23 02:34:41,476] {dag.py:2972} INFO - Setting next_dagrun for latest_only to 2022-09-22T22:34:41.475426+00:00, run_after=2022-09-23T02:34:41.475426+00:00
[2022-09-23 02:34:41,510] {processor.py:161} INFO - Processing /home/airflow/.local/lib/python3.7/site-packages/airflow/example_dags/example_latest_only.py took 0.455 seconds
[2022-09-23 02:35:11,781] {processor.py:153} INFO - Started process (PID=491) to work on /home/airflow/.local/lib/python3.7/site-packages/airflow/example_dags/example_latest_only.py
[2022-09-23 02:35:11,782] {processor.py:641} INFO - Processing file /home/airflow/.local/lib/python3.7/site-packages/airflow/example_dags/example_latest_only.py for tasks to queue
[2022-09-23 02:35:11,784] {logging_mixin.py:115} INFO - [2022-09-23 02:35:11,783] {dagbag.py:508} INFO - Filling up the DagBag from /home/airflow/.local/lib/python3.7/site-packages/airflow/example_dags/example_latest_only.py
[2022-09-23 02:35:11,795] {processor.py:651} INFO - DAG(s) dict_keys(['latest_only']) retrieved from /home/airflow/.local/lib/python3.7/site-packages/airflow/example_dags/example_latest_only.py
[2022-09-23 02:35:11,858] {logging_mixin.py:115} INFO - [2022-09-23 02:35:11,857] {dag.py:2420} INFO - Sync 1 DAGs
[2022-09-23 02:35:12,184] {logging_mixin.py:115} INFO - [2022-09-23 02:35:12,184] {dag.py:2972} INFO - Setting next_dagrun for latest_only to 2022-09-22T22:35:12.184005+00:00, run_after=2022-09-23T02:35:12.184005+00:00
[2022-09-23 02:35:12,221] {processor.py:161} INFO - Processing /home/airflow/.local/lib/python3.7/site-packages/airflow/example_dags/example_latest_only.py took 0.446 seconds
[2022-09-23 02:35:42,743] {processor.py:153} INFO - Started process (PID=544) to work on /home/airflow/.local/lib/python3.7/site-packages/airflow/example_dags/example_latest_only.py
[2022-09-23 02:35:42,744] {processor.py:641} INFO - Processing file /home/airflow/.local/lib/python3.7/site-packages/airflow/example_dags/example_latest_only.py for tasks to queue
[2022-09-23 02:35:42,745] {logging_mixin.py:115} INFO - [2022-09-23 02:35:42,745] {dagbag.py:508} INFO - Filling up the DagBag from /home/airflow/.local/lib/python3.7/site-packages/airflow/example_dags/example_latest_only.py
[2022-09-23 02:35:42,753] {processor.py:651} INFO - DAG(s) dict_keys(['latest_only']) retrieved from /home/airflow/.local/lib/python3.7/site-packages/airflow/example_dags/example_latest_only.py
[2022-09-23 02:35:42,800] {logging_mixin.py:115} INFO - [2022-09-23 02:35:42,800] {dag.py:2420} INFO - Sync 1 DAGs
[2022-09-23 02:35:43,051] {logging_mixin.py:115} INFO - [2022-09-23 02:35:43,051] {dag.py:2972} INFO - Setting next_dagrun for latest_only to 2022-09-22T22:35:43.050949+00:00, run_after=2022-09-23T02:35:43.050949+00:00
[2022-09-23 02:35:43,073] {processor.py:161} INFO - Processing /home/airflow/.local/lib/python3.7/site-packages/airflow/example_dags/example_latest_only.py took 0.334 seconds
[2022-09-23 02:36:13,969] {processor.py:153} INFO - Started process (PID=597) to work on /home/airflow/.local/lib/python3.7/site-packages/airflow/example_dags/example_latest_only.py
[2022-09-23 02:36:13,971] {processor.py:641} INFO - Processing file /home/airflow/.local/lib/python3.7/site-packages/airflow/example_dags/example_latest_only.py for tasks to queue
[2022-09-23 02:36:13,972] {logging_mixin.py:115} INFO - [2022-09-23 02:36:13,972] {dagbag.py:508} INFO - Filling up the DagBag from /home/airflow/.local/lib/python3.7/site-packages/airflow/example_dags/example_latest_only.py
[2022-09-23 02:36:13,989] {processor.py:651} INFO - DAG(s) dict_keys(['latest_only']) retrieved from /home/airflow/.local/lib/python3.7/site-packages/airflow/example_dags/example_latest_only.py
[2022-09-23 02:36:14,067] {logging_mixin.py:115} INFO - [2022-09-23 02:36:14,067] {dag.py:2420} INFO - Sync 1 DAGs
[2022-09-23 02:36:14,427] {logging_mixin.py:115} INFO - [2022-09-23 02:36:14,426] {dag.py:2972} INFO - Setting next_dagrun for latest_only to 2022-09-22T22:36:14.426372+00:00, run_after=2022-09-23T02:36:14.426372+00:00
[2022-09-23 02:36:14,456] {processor.py:161} INFO - Processing /home/airflow/.local/lib/python3.7/site-packages/airflow/example_dags/example_latest_only.py took 0.497 seconds
[2022-09-23 02:36:45,326] {processor.py:153} INFO - Started process (PID=658) to work on /home/airflow/.local/lib/python3.7/site-packages/airflow/example_dags/example_latest_only.py
[2022-09-23 02:36:45,327] {processor.py:641} INFO - Processing file /home/airflow/.local/lib/python3.7/site-packages/airflow/example_dags/example_latest_only.py for tasks to queue
[2022-09-23 02:36:45,328] {logging_mixin.py:115} INFO - [2022-09-23 02:36:45,328] {dagbag.py:508} INFO - Filling up the DagBag from /home/airflow/.local/lib/python3.7/site-packages/airflow/example_dags/example_latest_only.py
[2022-09-23 02:36:45,334] {processor.py:651} INFO - DAG(s) dict_keys(['latest_only']) retrieved from /home/airflow/.local/lib/python3.7/site-packages/airflow/example_dags/example_latest_only.py
[2022-09-23 02:36:45,371] {logging_mixin.py:115} INFO - [2022-09-23 02:36:45,371] {dag.py:2420} INFO - Sync 1 DAGs
[2022-09-23 02:36:45,550] {logging_mixin.py:115} INFO - [2022-09-23 02:36:45,550] {dag.py:2972} INFO - Setting next_dagrun for latest_only to 2022-09-22T22:36:45.549796+00:00, run_after=2022-09-23T02:36:45.549796+00:00
[2022-09-23 02:36:45,568] {processor.py:161} INFO - Processing /home/airflow/.local/lib/python3.7/site-packages/airflow/example_dags/example_latest_only.py took 0.246 seconds
[2022-09-23 02:37:16,066] {processor.py:153} INFO - Started process (PID=710) to work on /home/airflow/.local/lib/python3.7/site-packages/airflow/example_dags/example_latest_only.py
[2022-09-23 02:37:16,068] {processor.py:641} INFO - Processing file /home/airflow/.local/lib/python3.7/site-packages/airflow/example_dags/example_latest_only.py for tasks to queue
[2022-09-23 02:37:16,069] {logging_mixin.py:115} INFO - [2022-09-23 02:37:16,069] {dagbag.py:508} INFO - Filling up the DagBag from /home/airflow/.local/lib/python3.7/site-packages/airflow/example_dags/example_latest_only.py
[2022-09-23 02:37:16,084] {processor.py:651} INFO - DAG(s) dict_keys(['latest_only']) retrieved from /home/airflow/.local/lib/python3.7/site-packages/airflow/example_dags/example_latest_only.py
[2022-09-23 02:37:16,154] {logging_mixin.py:115} INFO - [2022-09-23 02:37:16,153] {dag.py:2420} INFO - Sync 1 DAGs
[2022-09-23 02:37:16,513] {logging_mixin.py:115} INFO - [2022-09-23 02:37:16,513] {dag.py:2972} INFO - Setting next_dagrun for latest_only to 2022-09-22T22:37:16.512669+00:00, run_after=2022-09-23T02:37:16.512669+00:00
[2022-09-23 02:37:16,548] {processor.py:161} INFO - Processing /home/airflow/.local/lib/python3.7/site-packages/airflow/example_dags/example_latest_only.py took 0.490 seconds
[2022-09-23 02:37:46,681] {processor.py:153} INFO - Started process (PID=763) to work on /home/airflow/.local/lib/python3.7/site-packages/airflow/example_dags/example_latest_only.py
[2022-09-23 02:37:46,682] {processor.py:641} INFO - Processing file /home/airflow/.local/lib/python3.7/site-packages/airflow/example_dags/example_latest_only.py for tasks to queue
[2022-09-23 02:37:46,683] {logging_mixin.py:115} INFO - [2022-09-23 02:37:46,682] {dagbag.py:508} INFO - Filling up the DagBag from /home/airflow/.local/lib/python3.7/site-packages/airflow/example_dags/example_latest_only.py
[2022-09-23 02:37:46,691] {processor.py:651} INFO - DAG(s) dict_keys(['latest_only']) retrieved from /home/airflow/.local/lib/python3.7/site-packages/airflow/example_dags/example_latest_only.py
[2022-09-23 02:37:46,741] {logging_mixin.py:115} INFO - [2022-09-23 02:37:46,741] {dag.py:2420} INFO - Sync 1 DAGs
[2022-09-23 02:37:47,016] {logging_mixin.py:115} INFO - [2022-09-23 02:37:47,016] {dag.py:2972} INFO - Setting next_dagrun for latest_only to 2022-09-22T22:37:47.015824+00:00, run_after=2022-09-23T02:37:47.015824+00:00
[2022-09-23 02:37:47,041] {processor.py:161} INFO - Processing /home/airflow/.local/lib/python3.7/site-packages/airflow/example_dags/example_latest_only.py took 0.366 seconds
[2022-09-23 02:38:17,732] {processor.py:153} INFO - Started process (PID=826) to work on /home/airflow/.local/lib/python3.7/site-packages/airflow/example_dags/example_latest_only.py
[2022-09-23 02:38:17,734] {processor.py:641} INFO - Processing file /home/airflow/.local/lib/python3.7/site-packages/airflow/example_dags/example_latest_only.py for tasks to queue
[2022-09-23 02:38:17,736] {logging_mixin.py:115} INFO - [2022-09-23 02:38:17,735] {dagbag.py:508} INFO - Filling up the DagBag from /home/airflow/.local/lib/python3.7/site-packages/airflow/example_dags/example_latest_only.py
[2022-09-23 02:38:17,752] {processor.py:651} INFO - DAG(s) dict_keys(['latest_only']) retrieved from /home/airflow/.local/lib/python3.7/site-packages/airflow/example_dags/example_latest_only.py
[2022-09-23 02:38:17,811] {logging_mixin.py:115} INFO - [2022-09-23 02:38:17,810] {dag.py:2420} INFO - Sync 1 DAGs
[2022-09-23 02:38:18,118] {logging_mixin.py:115} INFO - [2022-09-23 02:38:18,118] {dag.py:2972} INFO - Setting next_dagrun for latest_only to 2022-09-22T22:38:18.117945+00:00, run_after=2022-09-23T02:38:18.117945+00:00
[2022-09-23 02:38:18,143] {processor.py:161} INFO - Processing /home/airflow/.local/lib/python3.7/site-packages/airflow/example_dags/example_latest_only.py took 0.419 seconds
[2022-09-23 02:38:48,415] {processor.py:153} INFO - Started process (PID=879) to work on /home/airflow/.local/lib/python3.7/site-packages/airflow/example_dags/example_latest_only.py
[2022-09-23 02:38:48,416] {processor.py:641} INFO - Processing file /home/airflow/.local/lib/python3.7/site-packages/airflow/example_dags/example_latest_only.py for tasks to queue
[2022-09-23 02:38:48,417] {logging_mixin.py:115} INFO - [2022-09-23 02:38:48,417] {dagbag.py:508} INFO - Filling up the DagBag from /home/airflow/.local/lib/python3.7/site-packages/airflow/example_dags/example_latest_only.py
[2022-09-23 02:38:48,425] {processor.py:651} INFO - DAG(s) dict_keys(['latest_only']) retrieved from /home/airflow/.local/lib/python3.7/site-packages/airflow/example_dags/example_latest_only.py
[2022-09-23 02:38:48,480] {logging_mixin.py:115} INFO - [2022-09-23 02:38:48,479] {dag.py:2420} INFO - Sync 1 DAGs
[2022-09-23 02:38:48,785] {logging_mixin.py:115} INFO - [2022-09-23 02:38:48,785] {dag.py:2972} INFO - Setting next_dagrun for latest_only to 2022-09-22T22:38:48.785168+00:00, run_after=2022-09-23T02:38:48.785168+00:00
[2022-09-23 02:38:48,814] {processor.py:161} INFO - Processing /home/airflow/.local/lib/python3.7/site-packages/airflow/example_dags/example_latest_only.py took 0.404 seconds
[2022-09-23 02:39:19,148] {processor.py:153} INFO - Started process (PID=932) to work on /home/airflow/.local/lib/python3.7/site-packages/airflow/example_dags/example_latest_only.py
[2022-09-23 02:39:19,150] {processor.py:641} INFO - Processing file /home/airflow/.local/lib/python3.7/site-packages/airflow/example_dags/example_latest_only.py for tasks to queue
[2022-09-23 02:39:19,151] {logging_mixin.py:115} INFO - [2022-09-23 02:39:19,151] {dagbag.py:508} INFO - Filling up the DagBag from /home/airflow/.local/lib/python3.7/site-packages/airflow/example_dags/example_latest_only.py
[2022-09-23 02:39:19,166] {processor.py:651} INFO - DAG(s) dict_keys(['latest_only']) retrieved from /home/airflow/.local/lib/python3.7/site-packages/airflow/example_dags/example_latest_only.py
[2022-09-23 02:39:19,217] {logging_mixin.py:115} INFO - [2022-09-23 02:39:19,217] {dag.py:2420} INFO - Sync 1 DAGs
[2022-09-23 02:39:19,529] {logging_mixin.py:115} INFO - [2022-09-23 02:39:19,528] {dag.py:2972} INFO - Setting next_dagrun for latest_only to 2022-09-22T22:39:19.528418+00:00, run_after=2022-09-23T02:39:19.528418+00:00
[2022-09-23 02:39:19,553] {processor.py:161} INFO - Processing /home/airflow/.local/lib/python3.7/site-packages/airflow/example_dags/example_latest_only.py took 0.414 seconds
[2022-09-23 02:39:50,228] {processor.py:153} INFO - Started process (PID=994) to work on /home/airflow/.local/lib/python3.7/site-packages/airflow/example_dags/example_latest_only.py
[2022-09-23 02:39:50,229] {processor.py:641} INFO - Processing file /home/airflow/.local/lib/python3.7/site-packages/airflow/example_dags/example_latest_only.py for tasks to queue
[2022-09-23 02:39:50,230] {logging_mixin.py:115} INFO - [2022-09-23 02:39:50,230] {dagbag.py:508} INFO - Filling up the DagBag from /home/airflow/.local/lib/python3.7/site-packages/airflow/example_dags/example_latest_only.py
[2022-09-23 02:39:50,238] {processor.py:651} INFO - DAG(s) dict_keys(['latest_only']) retrieved from /home/airflow/.local/lib/python3.7/site-packages/airflow/example_dags/example_latest_only.py
[2022-09-23 02:39:50,287] {logging_mixin.py:115} INFO - [2022-09-23 02:39:50,287] {dag.py:2420} INFO - Sync 1 DAGs
[2022-09-23 02:39:50,587] {logging_mixin.py:115} INFO - [2022-09-23 02:39:50,586] {dag.py:2972} INFO - Setting next_dagrun for latest_only to 2022-09-22T22:39:50.586524+00:00, run_after=2022-09-23T02:39:50.586524+00:00
[2022-09-23 02:39:50,616] {processor.py:161} INFO - Processing /home/airflow/.local/lib/python3.7/site-packages/airflow/example_dags/example_latest_only.py took 0.393 seconds
[2022-09-23 02:40:21,546] {processor.py:153} INFO - Started process (PID=1047) to work on /home/airflow/.local/lib/python3.7/site-packages/airflow/example_dags/example_latest_only.py
[2022-09-23 02:40:21,548] {processor.py:641} INFO - Processing file /home/airflow/.local/lib/python3.7/site-packages/airflow/example_dags/example_latest_only.py for tasks to queue
[2022-09-23 02:40:21,549] {logging_mixin.py:115} INFO - [2022-09-23 02:40:21,548] {dagbag.py:508} INFO - Filling up the DagBag from /home/airflow/.local/lib/python3.7/site-packages/airflow/example_dags/example_latest_only.py
[2022-09-23 02:40:21,558] {processor.py:651} INFO - DAG(s) dict_keys(['latest_only']) retrieved from /home/airflow/.local/lib/python3.7/site-packages/airflow/example_dags/example_latest_only.py
[2022-09-23 02:40:21,610] {logging_mixin.py:115} INFO - [2022-09-23 02:40:21,610] {dag.py:2420} INFO - Sync 1 DAGs
[2022-09-23 02:40:21,903] {logging_mixin.py:115} INFO - [2022-09-23 02:40:21,903] {dag.py:2972} INFO - Setting next_dagrun for latest_only to 2022-09-22T22:40:21.902747+00:00, run_after=2022-09-23T02:40:21.902747+00:00
[2022-09-23 02:40:21,928] {processor.py:161} INFO - Processing /home/airflow/.local/lib/python3.7/site-packages/airflow/example_dags/example_latest_only.py took 0.387 seconds
[2022-09-23 02:40:52,423] {processor.py:153} INFO - Started process (PID=1100) to work on /home/airflow/.local/lib/python3.7/site-packages/airflow/example_dags/example_latest_only.py
[2022-09-23 02:40:52,425] {processor.py:641} INFO - Processing file /home/airflow/.local/lib/python3.7/site-packages/airflow/example_dags/example_latest_only.py for tasks to queue
[2022-09-23 02:40:52,426] {logging_mixin.py:115} INFO - [2022-09-23 02:40:52,426] {dagbag.py:508} INFO - Filling up the DagBag from /home/airflow/.local/lib/python3.7/site-packages/airflow/example_dags/example_latest_only.py
[2022-09-23 02:40:52,437] {processor.py:651} INFO - DAG(s) dict_keys(['latest_only']) retrieved from /home/airflow/.local/lib/python3.7/site-packages/airflow/example_dags/example_latest_only.py
[2022-09-23 02:40:52,504] {logging_mixin.py:115} INFO - [2022-09-23 02:40:52,504] {dag.py:2420} INFO - Sync 1 DAGs
[2022-09-23 02:40:52,870] {logging_mixin.py:115} INFO - [2022-09-23 02:40:52,870] {dag.py:2972} INFO - Setting next_dagrun for latest_only to 2022-09-22T22:40:52.870254+00:00, run_after=2022-09-23T02:40:52.870254+00:00
[2022-09-23 02:40:52,916] {processor.py:161} INFO - Processing /home/airflow/.local/lib/python3.7/site-packages/airflow/example_dags/example_latest_only.py took 0.498 seconds
[2022-09-23 02:41:23,277] {processor.py:153} INFO - Started process (PID=1162) to work on /home/airflow/.local/lib/python3.7/site-packages/airflow/example_dags/example_latest_only.py
[2022-09-23 02:41:23,278] {processor.py:641} INFO - Processing file /home/airflow/.local/lib/python3.7/site-packages/airflow/example_dags/example_latest_only.py for tasks to queue
[2022-09-23 02:41:23,278] {logging_mixin.py:115} INFO - [2022-09-23 02:41:23,278] {dagbag.py:508} INFO - Filling up the DagBag from /home/airflow/.local/lib/python3.7/site-packages/airflow/example_dags/example_latest_only.py
[2022-09-23 02:41:23,284] {processor.py:651} INFO - DAG(s) dict_keys(['latest_only']) retrieved from /home/airflow/.local/lib/python3.7/site-packages/airflow/example_dags/example_latest_only.py
[2022-09-23 02:41:23,320] {logging_mixin.py:115} INFO - [2022-09-23 02:41:23,320] {dag.py:2420} INFO - Sync 1 DAGs
[2022-09-23 02:41:23,510] {logging_mixin.py:115} INFO - [2022-09-23 02:41:23,510] {dag.py:2972} INFO - Setting next_dagrun for latest_only to 2022-09-22T22:41:23.510193+00:00, run_after=2022-09-23T02:41:23.510193+00:00
[2022-09-23 02:41:23,528] {processor.py:161} INFO - Processing /home/airflow/.local/lib/python3.7/site-packages/airflow/example_dags/example_latest_only.py took 0.254 seconds
[2022-09-23 02:41:54,005] {processor.py:153} INFO - Started process (PID=1215) to work on /home/airflow/.local/lib/python3.7/site-packages/airflow/example_dags/example_latest_only.py
[2022-09-23 02:41:54,006] {processor.py:641} INFO - Processing file /home/airflow/.local/lib/python3.7/site-packages/airflow/example_dags/example_latest_only.py for tasks to queue
[2022-09-23 02:41:54,007] {logging_mixin.py:115} INFO - [2022-09-23 02:41:54,007] {dagbag.py:508} INFO - Filling up the DagBag from /home/airflow/.local/lib/python3.7/site-packages/airflow/example_dags/example_latest_only.py
[2022-09-23 02:41:54,014] {processor.py:651} INFO - DAG(s) dict_keys(['latest_only']) retrieved from /home/airflow/.local/lib/python3.7/site-packages/airflow/example_dags/example_latest_only.py
[2022-09-23 02:41:54,322] {logging_mixin.py:115} INFO - [2022-09-23 02:41:54,322] {dag.py:2420} INFO - Sync 1 DAGs
[2022-09-23 02:41:54,361] {logging_mixin.py:115} INFO - [2022-09-23 02:41:54,361] {dag.py:2972} INFO - Setting next_dagrun for latest_only to 2022-09-22T22:41:54.360745+00:00, run_after=2022-09-23T02:41:54.360745+00:00
[2022-09-23 02:41:54,384] {processor.py:161} INFO - Processing /home/airflow/.local/lib/python3.7/site-packages/airflow/example_dags/example_latest_only.py took 0.384 seconds
[2022-09-23 02:42:24,681] {processor.py:153} INFO - Started process (PID=1268) to work on /home/airflow/.local/lib/python3.7/site-packages/airflow/example_dags/example_latest_only.py
[2022-09-23 02:42:24,682] {processor.py:641} INFO - Processing file /home/airflow/.local/lib/python3.7/site-packages/airflow/example_dags/example_latest_only.py for tasks to queue
[2022-09-23 02:42:24,682] {logging_mixin.py:115} INFO - [2022-09-23 02:42:24,682] {dagbag.py:508} INFO - Filling up the DagBag from /home/airflow/.local/lib/python3.7/site-packages/airflow/example_dags/example_latest_only.py
[2022-09-23 02:42:24,691] {processor.py:651} INFO - DAG(s) dict_keys(['latest_only']) retrieved from /home/airflow/.local/lib/python3.7/site-packages/airflow/example_dags/example_latest_only.py
[2022-09-23 02:42:25,044] {logging_mixin.py:115} INFO - [2022-09-23 02:42:25,044] {dag.py:2420} INFO - Sync 1 DAGs
[2022-09-23 02:42:25,107] {logging_mixin.py:115} INFO - [2022-09-23 02:42:25,106] {dag.py:2972} INFO - Setting next_dagrun for latest_only to 2022-09-22T22:42:25.106400+00:00, run_after=2022-09-23T02:42:25.106400+00:00
[2022-09-23 02:42:25,141] {processor.py:161} INFO - Processing /home/airflow/.local/lib/python3.7/site-packages/airflow/example_dags/example_latest_only.py took 0.465 seconds
[2022-09-23 02:42:55,918] {processor.py:153} INFO - Started process (PID=1330) to work on /home/airflow/.local/lib/python3.7/site-packages/airflow/example_dags/example_latest_only.py
[2022-09-23 02:42:55,919] {processor.py:641} INFO - Processing file /home/airflow/.local/lib/python3.7/site-packages/airflow/example_dags/example_latest_only.py for tasks to queue
[2022-09-23 02:42:55,920] {logging_mixin.py:115} INFO - [2022-09-23 02:42:55,919] {dagbag.py:508} INFO - Filling up the DagBag from /home/airflow/.local/lib/python3.7/site-packages/airflow/example_dags/example_latest_only.py
[2022-09-23 02:42:55,926] {processor.py:651} INFO - DAG(s) dict_keys(['latest_only']) retrieved from /home/airflow/.local/lib/python3.7/site-packages/airflow/example_dags/example_latest_only.py
[2022-09-23 02:42:56,107] {logging_mixin.py:115} INFO - [2022-09-23 02:42:56,107] {dag.py:2420} INFO - Sync 1 DAGs
[2022-09-23 02:42:56,143] {logging_mixin.py:115} INFO - [2022-09-23 02:42:56,143] {dag.py:2972} INFO - Setting next_dagrun for latest_only to 2022-09-22T22:42:56.142872+00:00, run_after=2022-09-23T02:42:56.142872+00:00
[2022-09-23 02:42:56,159] {processor.py:161} INFO - Processing /home/airflow/.local/lib/python3.7/site-packages/airflow/example_dags/example_latest_only.py took 0.246 seconds
[2022-09-23 02:43:26,586] {processor.py:153} INFO - Started process (PID=1383) to work on /home/airflow/.local/lib/python3.7/site-packages/airflow/example_dags/example_latest_only.py
[2022-09-23 02:43:26,587] {processor.py:641} INFO - Processing file /home/airflow/.local/lib/python3.7/site-packages/airflow/example_dags/example_latest_only.py for tasks to queue
[2022-09-23 02:43:26,588] {logging_mixin.py:115} INFO - [2022-09-23 02:43:26,588] {dagbag.py:508} INFO - Filling up the DagBag from /home/airflow/.local/lib/python3.7/site-packages/airflow/example_dags/example_latest_only.py
[2022-09-23 02:43:26,596] {processor.py:651} INFO - DAG(s) dict_keys(['latest_only']) retrieved from /home/airflow/.local/lib/python3.7/site-packages/airflow/example_dags/example_latest_only.py
[2022-09-23 02:43:26,890] {logging_mixin.py:115} INFO - [2022-09-23 02:43:26,889] {dag.py:2420} INFO - Sync 1 DAGs
[2022-09-23 02:43:26,930] {logging_mixin.py:115} INFO - [2022-09-23 02:43:26,930] {dag.py:2972} INFO - Setting next_dagrun for latest_only to 2022-09-22T22:43:26.929992+00:00, run_after=2022-09-23T02:43:26.929992+00:00
[2022-09-23 02:43:26,956] {processor.py:161} INFO - Processing /home/airflow/.local/lib/python3.7/site-packages/airflow/example_dags/example_latest_only.py took 0.375 seconds
[2022-09-23 02:43:57,297] {processor.py:153} INFO - Started process (PID=1436) to work on /home/airflow/.local/lib/python3.7/site-packages/airflow/example_dags/example_latest_only.py
[2022-09-23 02:43:57,298] {processor.py:641} INFO - Processing file /home/airflow/.local/lib/python3.7/site-packages/airflow/example_dags/example_latest_only.py for tasks to queue
[2022-09-23 02:43:57,298] {logging_mixin.py:115} INFO - [2022-09-23 02:43:57,298] {dagbag.py:508} INFO - Filling up the DagBag from /home/airflow/.local/lib/python3.7/site-packages/airflow/example_dags/example_latest_only.py
[2022-09-23 02:43:57,306] {processor.py:651} INFO - DAG(s) dict_keys(['latest_only']) retrieved from /home/airflow/.local/lib/python3.7/site-packages/airflow/example_dags/example_latest_only.py
[2022-09-23 02:43:57,640] {logging_mixin.py:115} INFO - [2022-09-23 02:43:57,639] {dag.py:2420} INFO - Sync 1 DAGs
[2022-09-23 02:43:57,687] {logging_mixin.py:115} INFO - [2022-09-23 02:43:57,687] {dag.py:2972} INFO - Setting next_dagrun for latest_only to 2022-09-22T22:43:57.686966+00:00, run_after=2022-09-23T02:43:57.686966+00:00
[2022-09-23 02:43:57,724] {processor.py:161} INFO - Processing /home/airflow/.local/lib/python3.7/site-packages/airflow/example_dags/example_latest_only.py took 0.432 seconds
[2022-09-23 02:44:28,883] {processor.py:153} INFO - Started process (PID=1497) to work on /home/airflow/.local/lib/python3.7/site-packages/airflow/example_dags/example_latest_only.py
[2022-09-23 02:44:28,885] {processor.py:641} INFO - Processing file /home/airflow/.local/lib/python3.7/site-packages/airflow/example_dags/example_latest_only.py for tasks to queue
[2022-09-23 02:44:28,886] {logging_mixin.py:115} INFO - [2022-09-23 02:44:28,886] {dagbag.py:508} INFO - Filling up the DagBag from /home/airflow/.local/lib/python3.7/site-packages/airflow/example_dags/example_latest_only.py
[2022-09-23 02:44:28,904] {processor.py:651} INFO - DAG(s) dict_keys(['latest_only']) retrieved from /home/airflow/.local/lib/python3.7/site-packages/airflow/example_dags/example_latest_only.py
[2022-09-23 02:44:29,144] {logging_mixin.py:115} INFO - [2022-09-23 02:44:29,143] {dag.py:2420} INFO - Sync 1 DAGs
[2022-09-23 02:44:29,211] {logging_mixin.py:115} INFO - [2022-09-23 02:44:29,211] {dag.py:2972} INFO - Setting next_dagrun for latest_only to 2022-09-22T22:44:29.210520+00:00, run_after=2022-09-23T02:44:29.210520+00:00
[2022-09-23 02:44:29,240] {processor.py:161} INFO - Processing /home/airflow/.local/lib/python3.7/site-packages/airflow/example_dags/example_latest_only.py took 0.365 seconds
[2022-09-23 02:45:00,056] {processor.py:153} INFO - Started process (PID=1550) to work on /home/airflow/.local/lib/python3.7/site-packages/airflow/example_dags/example_latest_only.py
[2022-09-23 02:45:00,058] {processor.py:641} INFO - Processing file /home/airflow/.local/lib/python3.7/site-packages/airflow/example_dags/example_latest_only.py for tasks to queue
[2022-09-23 02:45:00,059] {logging_mixin.py:115} INFO - [2022-09-23 02:45:00,059] {dagbag.py:508} INFO - Filling up the DagBag from /home/airflow/.local/lib/python3.7/site-packages/airflow/example_dags/example_latest_only.py
[2022-09-23 02:45:00,072] {processor.py:651} INFO - DAG(s) dict_keys(['latest_only']) retrieved from /home/airflow/.local/lib/python3.7/site-packages/airflow/example_dags/example_latest_only.py
[2022-09-23 02:45:00,397] {logging_mixin.py:115} INFO - [2022-09-23 02:45:00,397] {dag.py:2420} INFO - Sync 1 DAGs
[2022-09-23 02:45:00,437] {logging_mixin.py:115} INFO - [2022-09-23 02:45:00,437] {dag.py:2972} INFO - Setting next_dagrun for latest_only to 2022-09-22T22:45:00.436597+00:00, run_after=2022-09-23T02:45:00.436597+00:00
[2022-09-23 02:45:00,465] {processor.py:161} INFO - Processing /home/airflow/.local/lib/python3.7/site-packages/airflow/example_dags/example_latest_only.py took 0.417 seconds
[2022-09-23 02:45:30,891] {processor.py:153} INFO - Started process (PID=1605) to work on /home/airflow/.local/lib/python3.7/site-packages/airflow/example_dags/example_latest_only.py
[2022-09-23 02:45:30,894] {processor.py:641} INFO - Processing file /home/airflow/.local/lib/python3.7/site-packages/airflow/example_dags/example_latest_only.py for tasks to queue
[2022-09-23 02:45:30,895] {logging_mixin.py:115} INFO - [2022-09-23 02:45:30,895] {dagbag.py:508} INFO - Filling up the DagBag from /home/airflow/.local/lib/python3.7/site-packages/airflow/example_dags/example_latest_only.py
[2022-09-23 02:45:30,907] {processor.py:651} INFO - DAG(s) dict_keys(['latest_only']) retrieved from /home/airflow/.local/lib/python3.7/site-packages/airflow/example_dags/example_latest_only.py
[2022-09-23 02:45:31,242] {logging_mixin.py:115} INFO - [2022-09-23 02:45:31,241] {dag.py:2420} INFO - Sync 1 DAGs
[2022-09-23 02:45:31,294] {logging_mixin.py:115} INFO - [2022-09-23 02:45:31,294] {dag.py:2972} INFO - Setting next_dagrun for latest_only to 2022-09-22T22:45:31.294011+00:00, run_after=2022-09-23T02:45:31.294011+00:00
[2022-09-23 02:45:31,322] {processor.py:161} INFO - Processing /home/airflow/.local/lib/python3.7/site-packages/airflow/example_dags/example_latest_only.py took 0.439 seconds
[2022-09-23 02:46:01,876] {processor.py:153} INFO - Started process (PID=1667) to work on /home/airflow/.local/lib/python3.7/site-packages/airflow/example_dags/example_latest_only.py
[2022-09-23 02:46:01,877] {processor.py:641} INFO - Processing file /home/airflow/.local/lib/python3.7/site-packages/airflow/example_dags/example_latest_only.py for tasks to queue
[2022-09-23 02:46:01,878] {logging_mixin.py:115} INFO - [2022-09-23 02:46:01,878] {dagbag.py:508} INFO - Filling up the DagBag from /home/airflow/.local/lib/python3.7/site-packages/airflow/example_dags/example_latest_only.py
[2022-09-23 02:46:01,887] {processor.py:651} INFO - DAG(s) dict_keys(['latest_only']) retrieved from /home/airflow/.local/lib/python3.7/site-packages/airflow/example_dags/example_latest_only.py
[2022-09-23 02:46:02,218] {logging_mixin.py:115} INFO - [2022-09-23 02:46:02,218] {dag.py:2420} INFO - Sync 1 DAGs
[2022-09-23 02:46:02,271] {logging_mixin.py:115} INFO - [2022-09-23 02:46:02,271] {dag.py:2972} INFO - Setting next_dagrun for latest_only to 2022-09-22T22:46:02.271286+00:00, run_after=2022-09-23T02:46:02.271286+00:00
[2022-09-23 02:46:02,299] {processor.py:161} INFO - Processing /home/airflow/.local/lib/python3.7/site-packages/airflow/example_dags/example_latest_only.py took 0.427 seconds
[2022-09-23 02:46:32,778] {processor.py:153} INFO - Started process (PID=1720) to work on /home/airflow/.local/lib/python3.7/site-packages/airflow/example_dags/example_latest_only.py
[2022-09-23 02:46:32,779] {processor.py:641} INFO - Processing file /home/airflow/.local/lib/python3.7/site-packages/airflow/example_dags/example_latest_only.py for tasks to queue
[2022-09-23 02:46:32,780] {logging_mixin.py:115} INFO - [2022-09-23 02:46:32,780] {dagbag.py:508} INFO - Filling up the DagBag from /home/airflow/.local/lib/python3.7/site-packages/airflow/example_dags/example_latest_only.py
[2022-09-23 02:46:32,795] {processor.py:651} INFO - DAG(s) dict_keys(['latest_only']) retrieved from /home/airflow/.local/lib/python3.7/site-packages/airflow/example_dags/example_latest_only.py
[2022-09-23 02:46:33,054] {logging_mixin.py:115} INFO - [2022-09-23 02:46:33,054] {dag.py:2420} INFO - Sync 1 DAGs
[2022-09-23 02:46:33,095] {logging_mixin.py:115} INFO - [2022-09-23 02:46:33,095] {dag.py:2972} INFO - Setting next_dagrun for latest_only to 2022-09-22T22:46:33.094941+00:00, run_after=2022-09-23T02:46:33.094941+00:00
[2022-09-23 02:46:33,117] {processor.py:161} INFO - Processing /home/airflow/.local/lib/python3.7/site-packages/airflow/example_dags/example_latest_only.py took 0.342 seconds
[2022-09-23 02:47:03,759] {processor.py:153} INFO - Started process (PID=1775) to work on /home/airflow/.local/lib/python3.7/site-packages/airflow/example_dags/example_latest_only.py
[2022-09-23 02:47:03,760] {processor.py:641} INFO - Processing file /home/airflow/.local/lib/python3.7/site-packages/airflow/example_dags/example_latest_only.py for tasks to queue
[2022-09-23 02:47:03,761] {logging_mixin.py:115} INFO - [2022-09-23 02:47:03,761] {dagbag.py:508} INFO - Filling up the DagBag from /home/airflow/.local/lib/python3.7/site-packages/airflow/example_dags/example_latest_only.py
[2022-09-23 02:47:03,777] {processor.py:651} INFO - DAG(s) dict_keys(['latest_only']) retrieved from /home/airflow/.local/lib/python3.7/site-packages/airflow/example_dags/example_latest_only.py
[2022-09-23 02:47:04,090] {logging_mixin.py:115} INFO - [2022-09-23 02:47:04,089] {dag.py:2420} INFO - Sync 1 DAGs
[2022-09-23 02:47:04,136] {logging_mixin.py:115} INFO - [2022-09-23 02:47:04,136] {dag.py:2972} INFO - Setting next_dagrun for latest_only to 2022-09-22T22:47:04.135619+00:00, run_after=2022-09-23T02:47:04.135619+00:00
[2022-09-23 02:47:04,162] {processor.py:161} INFO - Processing /home/airflow/.local/lib/python3.7/site-packages/airflow/example_dags/example_latest_only.py took 0.408 seconds
[2022-09-23 02:47:34,540] {processor.py:153} INFO - Started process (PID=1837) to work on /home/airflow/.local/lib/python3.7/site-packages/airflow/example_dags/example_latest_only.py
[2022-09-23 02:47:34,540] {processor.py:641} INFO - Processing file /home/airflow/.local/lib/python3.7/site-packages/airflow/example_dags/example_latest_only.py for tasks to queue
[2022-09-23 02:47:34,541] {logging_mixin.py:115} INFO - [2022-09-23 02:47:34,541] {dagbag.py:508} INFO - Filling up the DagBag from /home/airflow/.local/lib/python3.7/site-packages/airflow/example_dags/example_latest_only.py
[2022-09-23 02:47:34,551] {processor.py:651} INFO - DAG(s) dict_keys(['latest_only']) retrieved from /home/airflow/.local/lib/python3.7/site-packages/airflow/example_dags/example_latest_only.py
[2022-09-23 02:47:34,726] {logging_mixin.py:115} INFO - [2022-09-23 02:47:34,725] {dag.py:2420} INFO - Sync 1 DAGs
[2022-09-23 02:47:34,762] {logging_mixin.py:115} INFO - [2022-09-23 02:47:34,762] {dag.py:2972} INFO - Setting next_dagrun for latest_only to 2022-09-22T22:47:34.761756+00:00, run_after=2022-09-23T02:47:34.761756+00:00
[2022-09-23 02:47:34,787] {processor.py:161} INFO - Processing /home/airflow/.local/lib/python3.7/site-packages/airflow/example_dags/example_latest_only.py took 0.252 seconds
[2022-09-23 02:48:05,361] {processor.py:153} INFO - Started process (PID=1890) to work on /home/airflow/.local/lib/python3.7/site-packages/airflow/example_dags/example_latest_only.py
[2022-09-23 02:48:05,362] {processor.py:641} INFO - Processing file /home/airflow/.local/lib/python3.7/site-packages/airflow/example_dags/example_latest_only.py for tasks to queue
[2022-09-23 02:48:05,363] {logging_mixin.py:115} INFO - [2022-09-23 02:48:05,362] {dagbag.py:508} INFO - Filling up the DagBag from /home/airflow/.local/lib/python3.7/site-packages/airflow/example_dags/example_latest_only.py
[2022-09-23 02:48:05,377] {processor.py:651} INFO - DAG(s) dict_keys(['latest_only']) retrieved from /home/airflow/.local/lib/python3.7/site-packages/airflow/example_dags/example_latest_only.py
[2022-09-23 02:48:05,690] {logging_mixin.py:115} INFO - [2022-09-23 02:48:05,690] {dag.py:2420} INFO - Sync 1 DAGs
[2022-09-23 02:48:05,734] {logging_mixin.py:115} INFO - [2022-09-23 02:48:05,733] {dag.py:2972} INFO - Setting next_dagrun for latest_only to 2022-09-22T22:48:05.733506+00:00, run_after=2022-09-23T02:48:05.733506+00:00
[2022-09-23 02:48:05,764] {processor.py:161} INFO - Processing /home/airflow/.local/lib/python3.7/site-packages/airflow/example_dags/example_latest_only.py took 0.408 seconds
[2022-09-23 02:48:36,019] {processor.py:153} INFO - Started process (PID=1943) to work on /home/airflow/.local/lib/python3.7/site-packages/airflow/example_dags/example_latest_only.py
[2022-09-23 02:48:36,020] {processor.py:641} INFO - Processing file /home/airflow/.local/lib/python3.7/site-packages/airflow/example_dags/example_latest_only.py for tasks to queue
[2022-09-23 02:48:36,021] {logging_mixin.py:115} INFO - [2022-09-23 02:48:36,021] {dagbag.py:508} INFO - Filling up the DagBag from /home/airflow/.local/lib/python3.7/site-packages/airflow/example_dags/example_latest_only.py
[2022-09-23 02:48:36,036] {processor.py:651} INFO - DAG(s) dict_keys(['latest_only']) retrieved from /home/airflow/.local/lib/python3.7/site-packages/airflow/example_dags/example_latest_only.py
[2022-09-23 02:48:36,360] {logging_mixin.py:115} INFO - [2022-09-23 02:48:36,360] {dag.py:2420} INFO - Sync 1 DAGs
[2022-09-23 02:48:36,406] {logging_mixin.py:115} INFO - [2022-09-23 02:48:36,406] {dag.py:2972} INFO - Setting next_dagrun for latest_only to 2022-09-22T22:48:36.405523+00:00, run_after=2022-09-23T02:48:36.405523+00:00
[2022-09-23 02:48:36,446] {processor.py:161} INFO - Processing /home/airflow/.local/lib/python3.7/site-packages/airflow/example_dags/example_latest_only.py took 0.432 seconds
[2022-09-23 02:49:07,065] {processor.py:153} INFO - Started process (PID=2005) to work on /home/airflow/.local/lib/python3.7/site-packages/airflow/example_dags/example_latest_only.py
[2022-09-23 02:49:07,067] {processor.py:641} INFO - Processing file /home/airflow/.local/lib/python3.7/site-packages/airflow/example_dags/example_latest_only.py for tasks to queue
[2022-09-23 02:49:07,067] {logging_mixin.py:115} INFO - [2022-09-23 02:49:07,067] {dagbag.py:508} INFO - Filling up the DagBag from /home/airflow/.local/lib/python3.7/site-packages/airflow/example_dags/example_latest_only.py
[2022-09-23 02:49:07,082] {processor.py:651} INFO - DAG(s) dict_keys(['latest_only']) retrieved from /home/airflow/.local/lib/python3.7/site-packages/airflow/example_dags/example_latest_only.py
[2022-09-23 02:49:07,385] {logging_mixin.py:115} INFO - [2022-09-23 02:49:07,384] {dag.py:2420} INFO - Sync 1 DAGs
[2022-09-23 02:49:07,429] {logging_mixin.py:115} INFO - [2022-09-23 02:49:07,429] {dag.py:2972} INFO - Setting next_dagrun for latest_only to 2022-09-22T22:49:07.428893+00:00, run_after=2022-09-23T02:49:07.428893+00:00
[2022-09-23 02:49:07,456] {processor.py:161} INFO - Processing /home/airflow/.local/lib/python3.7/site-packages/airflow/example_dags/example_latest_only.py took 0.396 seconds
[2022-09-23 02:49:38,149] {processor.py:153} INFO - Started process (PID=2058) to work on /home/airflow/.local/lib/python3.7/site-packages/airflow/example_dags/example_latest_only.py
[2022-09-23 02:49:38,150] {processor.py:641} INFO - Processing file /home/airflow/.local/lib/python3.7/site-packages/airflow/example_dags/example_latest_only.py for tasks to queue
[2022-09-23 02:49:38,151] {logging_mixin.py:115} INFO - [2022-09-23 02:49:38,150] {dagbag.py:508} INFO - Filling up the DagBag from /home/airflow/.local/lib/python3.7/site-packages/airflow/example_dags/example_latest_only.py
[2022-09-23 02:49:38,167] {processor.py:651} INFO - DAG(s) dict_keys(['latest_only']) retrieved from /home/airflow/.local/lib/python3.7/site-packages/airflow/example_dags/example_latest_only.py
[2022-09-23 02:49:38,454] {logging_mixin.py:115} INFO - [2022-09-23 02:49:38,454] {dag.py:2420} INFO - Sync 1 DAGs
[2022-09-23 02:49:38,492] {logging_mixin.py:115} INFO - [2022-09-23 02:49:38,492] {dag.py:2972} INFO - Setting next_dagrun for latest_only to 2022-09-22T22:49:38.492087+00:00, run_after=2022-09-23T02:49:38.492087+00:00
[2022-09-23 02:49:38,520] {processor.py:161} INFO - Processing /home/airflow/.local/lib/python3.7/site-packages/airflow/example_dags/example_latest_only.py took 0.377 seconds
[2022-09-23 02:50:09,590] {processor.py:153} INFO - Started process (PID=2120) to work on /home/airflow/.local/lib/python3.7/site-packages/airflow/example_dags/example_latest_only.py
[2022-09-23 02:50:09,592] {processor.py:641} INFO - Processing file /home/airflow/.local/lib/python3.7/site-packages/airflow/example_dags/example_latest_only.py for tasks to queue
[2022-09-23 02:50:09,593] {logging_mixin.py:115} INFO - [2022-09-23 02:50:09,593] {dagbag.py:508} INFO - Filling up the DagBag from /home/airflow/.local/lib/python3.7/site-packages/airflow/example_dags/example_latest_only.py
[2022-09-23 02:50:09,613] {processor.py:651} INFO - DAG(s) dict_keys(['latest_only']) retrieved from /home/airflow/.local/lib/python3.7/site-packages/airflow/example_dags/example_latest_only.py
[2022-09-23 02:50:09,937] {logging_mixin.py:115} INFO - [2022-09-23 02:50:09,937] {dag.py:2420} INFO - Sync 1 DAGs
[2022-09-23 02:50:09,996] {logging_mixin.py:115} INFO - [2022-09-23 02:50:09,996] {dag.py:2972} INFO - Setting next_dagrun for latest_only to 2022-09-22T22:50:09.995512+00:00, run_after=2022-09-23T02:50:09.995512+00:00
[2022-09-23 02:50:10,026] {processor.py:161} INFO - Processing /home/airflow/.local/lib/python3.7/site-packages/airflow/example_dags/example_latest_only.py took 0.443 seconds
[2022-09-23 02:50:40,704] {processor.py:153} INFO - Started process (PID=2173) to work on /home/airflow/.local/lib/python3.7/site-packages/airflow/example_dags/example_latest_only.py
[2022-09-23 02:50:40,705] {processor.py:641} INFO - Processing file /home/airflow/.local/lib/python3.7/site-packages/airflow/example_dags/example_latest_only.py for tasks to queue
[2022-09-23 02:50:40,706] {logging_mixin.py:115} INFO - [2022-09-23 02:50:40,706] {dagbag.py:508} INFO - Filling up the DagBag from /home/airflow/.local/lib/python3.7/site-packages/airflow/example_dags/example_latest_only.py
[2022-09-23 02:50:40,721] {processor.py:651} INFO - DAG(s) dict_keys(['latest_only']) retrieved from /home/airflow/.local/lib/python3.7/site-packages/airflow/example_dags/example_latest_only.py
[2022-09-23 02:50:41,022] {logging_mixin.py:115} INFO - [2022-09-23 02:50:41,022] {dag.py:2420} INFO - Sync 1 DAGs
[2022-09-23 02:50:41,066] {logging_mixin.py:115} INFO - [2022-09-23 02:50:41,066] {dag.py:2972} INFO - Setting next_dagrun for latest_only to 2022-09-22T22:50:41.065639+00:00, run_after=2022-09-23T02:50:41.065639+00:00
[2022-09-23 02:50:41,094] {processor.py:161} INFO - Processing /home/airflow/.local/lib/python3.7/site-packages/airflow/example_dags/example_latest_only.py took 0.396 seconds
[2022-09-23 02:51:11,326] {processor.py:153} INFO - Started process (PID=2226) to work on /home/airflow/.local/lib/python3.7/site-packages/airflow/example_dags/example_latest_only.py
[2022-09-23 02:51:11,327] {processor.py:641} INFO - Processing file /home/airflow/.local/lib/python3.7/site-packages/airflow/example_dags/example_latest_only.py for tasks to queue
[2022-09-23 02:51:11,328] {logging_mixin.py:115} INFO - [2022-09-23 02:51:11,328] {dagbag.py:508} INFO - Filling up the DagBag from /home/airflow/.local/lib/python3.7/site-packages/airflow/example_dags/example_latest_only.py
[2022-09-23 02:51:11,345] {processor.py:651} INFO - DAG(s) dict_keys(['latest_only']) retrieved from /home/airflow/.local/lib/python3.7/site-packages/airflow/example_dags/example_latest_only.py
[2022-09-23 02:51:11,657] {logging_mixin.py:115} INFO - [2022-09-23 02:51:11,656] {dag.py:2420} INFO - Sync 1 DAGs
[2022-09-23 02:51:11,704] {logging_mixin.py:115} INFO - [2022-09-23 02:51:11,704] {dag.py:2972} INFO - Setting next_dagrun for latest_only to 2022-09-22T22:51:11.703731+00:00, run_after=2022-09-23T02:51:11.703731+00:00
[2022-09-23 02:51:11,731] {processor.py:161} INFO - Processing /home/airflow/.local/lib/python3.7/site-packages/airflow/example_dags/example_latest_only.py took 0.410 seconds
[2022-09-23 02:51:42,854] {processor.py:153} INFO - Started process (PID=2288) to work on /home/airflow/.local/lib/python3.7/site-packages/airflow/example_dags/example_latest_only.py
[2022-09-23 02:51:42,855] {processor.py:641} INFO - Processing file /home/airflow/.local/lib/python3.7/site-packages/airflow/example_dags/example_latest_only.py for tasks to queue
[2022-09-23 02:51:42,856] {logging_mixin.py:115} INFO - [2022-09-23 02:51:42,856] {dagbag.py:508} INFO - Filling up the DagBag from /home/airflow/.local/lib/python3.7/site-packages/airflow/example_dags/example_latest_only.py
[2022-09-23 02:51:42,867] {processor.py:651} INFO - DAG(s) dict_keys(['latest_only']) retrieved from /home/airflow/.local/lib/python3.7/site-packages/airflow/example_dags/example_latest_only.py
[2022-09-23 02:51:43,230] {logging_mixin.py:115} INFO - [2022-09-23 02:51:43,230] {dag.py:2420} INFO - Sync 1 DAGs
[2022-09-23 02:51:43,283] {logging_mixin.py:115} INFO - [2022-09-23 02:51:43,283] {dag.py:2972} INFO - Setting next_dagrun for latest_only to 2022-09-22T22:51:43.283247+00:00, run_after=2022-09-23T02:51:43.283247+00:00
[2022-09-23 02:51:43,308] {processor.py:161} INFO - Processing /home/airflow/.local/lib/python3.7/site-packages/airflow/example_dags/example_latest_only.py took 0.460 seconds
[2022-09-23 02:52:13,401] {processor.py:153} INFO - Started process (PID=2341) to work on /home/airflow/.local/lib/python3.7/site-packages/airflow/example_dags/example_latest_only.py
[2022-09-23 02:52:13,402] {processor.py:641} INFO - Processing file /home/airflow/.local/lib/python3.7/site-packages/airflow/example_dags/example_latest_only.py for tasks to queue
[2022-09-23 02:52:13,403] {logging_mixin.py:115} INFO - [2022-09-23 02:52:13,403] {dagbag.py:508} INFO - Filling up the DagBag from /home/airflow/.local/lib/python3.7/site-packages/airflow/example_dags/example_latest_only.py
[2022-09-23 02:52:13,416] {processor.py:651} INFO - DAG(s) dict_keys(['latest_only']) retrieved from /home/airflow/.local/lib/python3.7/site-packages/airflow/example_dags/example_latest_only.py
[2022-09-23 02:52:13,720] {logging_mixin.py:115} INFO - [2022-09-23 02:52:13,720] {dag.py:2420} INFO - Sync 1 DAGs
[2022-09-23 02:52:13,765] {logging_mixin.py:115} INFO - [2022-09-23 02:52:13,765] {dag.py:2972} INFO - Setting next_dagrun for latest_only to 2022-09-22T22:52:13.764838+00:00, run_after=2022-09-23T02:52:13.764838+00:00
[2022-09-23 02:52:13,793] {processor.py:161} INFO - Processing /home/airflow/.local/lib/python3.7/site-packages/airflow/example_dags/example_latest_only.py took 0.399 seconds
[2022-09-23 02:52:43,983] {processor.py:153} INFO - Started process (PID=2395) to work on /home/airflow/.local/lib/python3.7/site-packages/airflow/example_dags/example_latest_only.py
[2022-09-23 02:52:43,984] {processor.py:641} INFO - Processing file /home/airflow/.local/lib/python3.7/site-packages/airflow/example_dags/example_latest_only.py for tasks to queue
[2022-09-23 02:52:43,985] {logging_mixin.py:115} INFO - [2022-09-23 02:52:43,985] {dagbag.py:508} INFO - Filling up the DagBag from /home/airflow/.local/lib/python3.7/site-packages/airflow/example_dags/example_latest_only.py
[2022-09-23 02:52:43,997] {processor.py:651} INFO - DAG(s) dict_keys(['latest_only']) retrieved from /home/airflow/.local/lib/python3.7/site-packages/airflow/example_dags/example_latest_only.py
[2022-09-23 02:52:44,329] {logging_mixin.py:115} INFO - [2022-09-23 02:52:44,329] {dag.py:2420} INFO - Sync 1 DAGs
[2022-09-23 02:52:44,374] {logging_mixin.py:115} INFO - [2022-09-23 02:52:44,374] {dag.py:2972} INFO - Setting next_dagrun for latest_only to 2022-09-22T22:52:44.374101+00:00, run_after=2022-09-23T02:52:44.374101+00:00
[2022-09-23 02:52:44,400] {processor.py:161} INFO - Processing /home/airflow/.local/lib/python3.7/site-packages/airflow/example_dags/example_latest_only.py took 0.422 seconds
[2022-09-23 02:53:14,660] {processor.py:153} INFO - Started process (PID=2457) to work on /home/airflow/.local/lib/python3.7/site-packages/airflow/example_dags/example_latest_only.py
[2022-09-23 02:53:14,661] {processor.py:641} INFO - Processing file /home/airflow/.local/lib/python3.7/site-packages/airflow/example_dags/example_latest_only.py for tasks to queue
[2022-09-23 02:53:14,663] {logging_mixin.py:115} INFO - [2022-09-23 02:53:14,663] {dagbag.py:508} INFO - Filling up the DagBag from /home/airflow/.local/lib/python3.7/site-packages/airflow/example_dags/example_latest_only.py
[2022-09-23 02:53:14,678] {processor.py:651} INFO - DAG(s) dict_keys(['latest_only']) retrieved from /home/airflow/.local/lib/python3.7/site-packages/airflow/example_dags/example_latest_only.py
[2022-09-23 02:53:15,019] {logging_mixin.py:115} INFO - [2022-09-23 02:53:15,019] {dag.py:2420} INFO - Sync 1 DAGs
[2022-09-23 02:53:15,082] {logging_mixin.py:115} INFO - [2022-09-23 02:53:15,082] {dag.py:2972} INFO - Setting next_dagrun for latest_only to 2022-09-22T22:53:15.081404+00:00, run_after=2022-09-23T02:53:15.081404+00:00
[2022-09-23 02:53:15,122] {processor.py:161} INFO - Processing /home/airflow/.local/lib/python3.7/site-packages/airflow/example_dags/example_latest_only.py took 0.468 seconds
[2022-09-23 02:53:45,731] {processor.py:153} INFO - Started process (PID=2509) to work on /home/airflow/.local/lib/python3.7/site-packages/airflow/example_dags/example_latest_only.py
[2022-09-23 02:53:45,732] {processor.py:641} INFO - Processing file /home/airflow/.local/lib/python3.7/site-packages/airflow/example_dags/example_latest_only.py for tasks to queue
[2022-09-23 02:53:45,733] {logging_mixin.py:115} INFO - [2022-09-23 02:53:45,733] {dagbag.py:508} INFO - Filling up the DagBag from /home/airflow/.local/lib/python3.7/site-packages/airflow/example_dags/example_latest_only.py
[2022-09-23 02:53:45,741] {processor.py:651} INFO - DAG(s) dict_keys(['latest_only']) retrieved from /home/airflow/.local/lib/python3.7/site-packages/airflow/example_dags/example_latest_only.py
[2022-09-23 02:53:45,981] {logging_mixin.py:115} INFO - [2022-09-23 02:53:45,980] {dag.py:2420} INFO - Sync 1 DAGs
[2022-09-23 02:53:46,020] {logging_mixin.py:115} INFO - [2022-09-23 02:53:46,020] {dag.py:2972} INFO - Setting next_dagrun for latest_only to 2022-09-22T22:53:46.019693+00:00, run_after=2022-09-23T02:53:46.019693+00:00
[2022-09-23 02:53:46,040] {processor.py:161} INFO - Processing /home/airflow/.local/lib/python3.7/site-packages/airflow/example_dags/example_latest_only.py took 0.313 seconds
[2022-09-23 02:54:16,396] {processor.py:153} INFO - Started process (PID=2562) to work on /home/airflow/.local/lib/python3.7/site-packages/airflow/example_dags/example_latest_only.py
[2022-09-23 02:54:16,398] {processor.py:641} INFO - Processing file /home/airflow/.local/lib/python3.7/site-packages/airflow/example_dags/example_latest_only.py for tasks to queue
[2022-09-23 02:54:16,399] {logging_mixin.py:115} INFO - [2022-09-23 02:54:16,399] {dagbag.py:508} INFO - Filling up the DagBag from /home/airflow/.local/lib/python3.7/site-packages/airflow/example_dags/example_latest_only.py
[2022-09-23 02:54:16,412] {processor.py:651} INFO - DAG(s) dict_keys(['latest_only']) retrieved from /home/airflow/.local/lib/python3.7/site-packages/airflow/example_dags/example_latest_only.py
[2022-09-23 02:54:16,709] {logging_mixin.py:115} INFO - [2022-09-23 02:54:16,709] {dag.py:2420} INFO - Sync 1 DAGs
[2022-09-23 02:54:16,752] {logging_mixin.py:115} INFO - [2022-09-23 02:54:16,752] {dag.py:2972} INFO - Setting next_dagrun for latest_only to 2022-09-22T22:54:16.751874+00:00, run_after=2022-09-23T02:54:16.751874+00:00
[2022-09-23 02:54:16,783] {processor.py:161} INFO - Processing /home/airflow/.local/lib/python3.7/site-packages/airflow/example_dags/example_latest_only.py took 0.394 seconds
[2022-09-23 02:54:47,440] {processor.py:153} INFO - Started process (PID=2623) to work on /home/airflow/.local/lib/python3.7/site-packages/airflow/example_dags/example_latest_only.py
[2022-09-23 02:54:47,441] {processor.py:641} INFO - Processing file /home/airflow/.local/lib/python3.7/site-packages/airflow/example_dags/example_latest_only.py for tasks to queue
[2022-09-23 02:54:47,442] {logging_mixin.py:115} INFO - [2022-09-23 02:54:47,442] {dagbag.py:508} INFO - Filling up the DagBag from /home/airflow/.local/lib/python3.7/site-packages/airflow/example_dags/example_latest_only.py
[2022-09-23 02:54:47,452] {processor.py:651} INFO - DAG(s) dict_keys(['latest_only']) retrieved from /home/airflow/.local/lib/python3.7/site-packages/airflow/example_dags/example_latest_only.py
[2022-09-23 02:54:47,879] {logging_mixin.py:115} INFO - [2022-09-23 02:54:47,879] {dag.py:2420} INFO - Sync 1 DAGs
[2022-09-23 02:54:47,943] {logging_mixin.py:115} INFO - [2022-09-23 02:54:47,943] {dag.py:2972} INFO - Setting next_dagrun for latest_only to 2022-09-22T22:54:47.942522+00:00, run_after=2022-09-23T02:54:47.942522+00:00
[2022-09-23 02:54:47,977] {processor.py:161} INFO - Processing /home/airflow/.local/lib/python3.7/site-packages/airflow/example_dags/example_latest_only.py took 0.543 seconds
[2022-09-23 02:55:18,101] {processor.py:153} INFO - Started process (PID=2678) to work on /home/airflow/.local/lib/python3.7/site-packages/airflow/example_dags/example_latest_only.py
[2022-09-23 02:55:18,102] {processor.py:641} INFO - Processing file /home/airflow/.local/lib/python3.7/site-packages/airflow/example_dags/example_latest_only.py for tasks to queue
[2022-09-23 02:55:18,103] {logging_mixin.py:115} INFO - [2022-09-23 02:55:18,102] {dagbag.py:508} INFO - Filling up the DagBag from /home/airflow/.local/lib/python3.7/site-packages/airflow/example_dags/example_latest_only.py
[2022-09-23 02:55:18,110] {processor.py:651} INFO - DAG(s) dict_keys(['latest_only']) retrieved from /home/airflow/.local/lib/python3.7/site-packages/airflow/example_dags/example_latest_only.py
[2022-09-23 02:55:18,433] {logging_mixin.py:115} INFO - [2022-09-23 02:55:18,433] {dag.py:2420} INFO - Sync 1 DAGs
[2022-09-23 02:55:18,482] {logging_mixin.py:115} INFO - [2022-09-23 02:55:18,482] {dag.py:2972} INFO - Setting next_dagrun for latest_only to 2022-09-22T22:55:18.482060+00:00, run_after=2022-09-23T02:55:18.482060+00:00
[2022-09-23 02:55:18,511] {processor.py:161} INFO - Processing /home/airflow/.local/lib/python3.7/site-packages/airflow/example_dags/example_latest_only.py took 0.415 seconds
[2022-09-23 02:55:48,747] {processor.py:153} INFO - Started process (PID=2731) to work on /home/airflow/.local/lib/python3.7/site-packages/airflow/example_dags/example_latest_only.py
[2022-09-23 02:55:48,748] {processor.py:641} INFO - Processing file /home/airflow/.local/lib/python3.7/site-packages/airflow/example_dags/example_latest_only.py for tasks to queue
[2022-09-23 02:55:48,749] {logging_mixin.py:115} INFO - [2022-09-23 02:55:48,749] {dagbag.py:508} INFO - Filling up the DagBag from /home/airflow/.local/lib/python3.7/site-packages/airflow/example_dags/example_latest_only.py
[2022-09-23 02:55:48,761] {processor.py:651} INFO - DAG(s) dict_keys(['latest_only']) retrieved from /home/airflow/.local/lib/python3.7/site-packages/airflow/example_dags/example_latest_only.py
[2022-09-23 02:55:49,063] {logging_mixin.py:115} INFO - [2022-09-23 02:55:49,063] {dag.py:2420} INFO - Sync 1 DAGs
[2022-09-23 02:55:49,113] {logging_mixin.py:115} INFO - [2022-09-23 02:55:49,113] {dag.py:2972} INFO - Setting next_dagrun for latest_only to 2022-09-22T22:55:49.113256+00:00, run_after=2022-09-23T02:55:49.113256+00:00
[2022-09-23 02:55:49,141] {processor.py:161} INFO - Processing /home/airflow/.local/lib/python3.7/site-packages/airflow/example_dags/example_latest_only.py took 0.399 seconds
[2022-09-23 02:56:19,444] {processor.py:153} INFO - Started process (PID=2784) to work on /home/airflow/.local/lib/python3.7/site-packages/airflow/example_dags/example_latest_only.py
[2022-09-23 02:56:19,445] {processor.py:641} INFO - Processing file /home/airflow/.local/lib/python3.7/site-packages/airflow/example_dags/example_latest_only.py for tasks to queue
[2022-09-23 02:56:19,446] {logging_mixin.py:115} INFO - [2022-09-23 02:56:19,446] {dagbag.py:508} INFO - Filling up the DagBag from /home/airflow/.local/lib/python3.7/site-packages/airflow/example_dags/example_latest_only.py
[2022-09-23 02:56:19,461] {processor.py:651} INFO - DAG(s) dict_keys(['latest_only']) retrieved from /home/airflow/.local/lib/python3.7/site-packages/airflow/example_dags/example_latest_only.py
[2022-09-23 02:56:19,816] {logging_mixin.py:115} INFO - [2022-09-23 02:56:19,816] {dag.py:2420} INFO - Sync 1 DAGs
[2022-09-23 02:56:19,885] {logging_mixin.py:115} INFO - [2022-09-23 02:56:19,885] {dag.py:2972} INFO - Setting next_dagrun for latest_only to 2022-09-22T22:56:19.884780+00:00, run_after=2022-09-23T02:56:19.884780+00:00
[2022-09-23 02:56:19,926] {processor.py:161} INFO - Processing /home/airflow/.local/lib/python3.7/site-packages/airflow/example_dags/example_latest_only.py took 0.489 seconds
[2022-09-23 02:56:50,725] {processor.py:153} INFO - Started process (PID=2847) to work on /home/airflow/.local/lib/python3.7/site-packages/airflow/example_dags/example_latest_only.py
[2022-09-23 02:56:50,726] {processor.py:641} INFO - Processing file /home/airflow/.local/lib/python3.7/site-packages/airflow/example_dags/example_latest_only.py for tasks to queue
[2022-09-23 02:56:50,728] {logging_mixin.py:115} INFO - [2022-09-23 02:56:50,728] {dagbag.py:508} INFO - Filling up the DagBag from /home/airflow/.local/lib/python3.7/site-packages/airflow/example_dags/example_latest_only.py
[2022-09-23 02:56:51,038] {processor.py:651} INFO - DAG(s) dict_keys(['latest_only']) retrieved from /home/airflow/.local/lib/python3.7/site-packages/airflow/example_dags/example_latest_only.py
[2022-09-23 02:56:51,088] {logging_mixin.py:115} INFO - [2022-09-23 02:56:51,088] {dag.py:2420} INFO - Sync 1 DAGs
[2022-09-23 02:56:51,143] {logging_mixin.py:115} INFO - [2022-09-23 02:56:51,143] {dag.py:2972} INFO - Setting next_dagrun for latest_only to 2022-09-22T22:56:51.142634+00:00, run_after=2022-09-23T02:56:51.142634+00:00
[2022-09-23 02:56:51,177] {processor.py:161} INFO - Processing /home/airflow/.local/lib/python3.7/site-packages/airflow/example_dags/example_latest_only.py took 0.462 seconds
[2022-09-23 02:57:21,576] {processor.py:153} INFO - Started process (PID=2900) to work on /home/airflow/.local/lib/python3.7/site-packages/airflow/example_dags/example_latest_only.py
[2022-09-23 02:57:21,577] {processor.py:641} INFO - Processing file /home/airflow/.local/lib/python3.7/site-packages/airflow/example_dags/example_latest_only.py for tasks to queue
[2022-09-23 02:57:21,579] {logging_mixin.py:115} INFO - [2022-09-23 02:57:21,578] {dagbag.py:508} INFO - Filling up the DagBag from /home/airflow/.local/lib/python3.7/site-packages/airflow/example_dags/example_latest_only.py
[2022-09-23 02:57:21,852] {processor.py:651} INFO - DAG(s) dict_keys(['latest_only']) retrieved from /home/airflow/.local/lib/python3.7/site-packages/airflow/example_dags/example_latest_only.py
[2022-09-23 02:57:21,890] {logging_mixin.py:115} INFO - [2022-09-23 02:57:21,889] {dag.py:2420} INFO - Sync 1 DAGs
[2022-09-23 02:57:21,932] {logging_mixin.py:115} INFO - [2022-09-23 02:57:21,932] {dag.py:2972} INFO - Setting next_dagrun for latest_only to 2022-09-22T22:57:21.932084+00:00, run_after=2022-09-23T02:57:21.932084+00:00
[2022-09-23 02:57:21,957] {processor.py:161} INFO - Processing /home/airflow/.local/lib/python3.7/site-packages/airflow/example_dags/example_latest_only.py took 0.388 seconds
[2022-09-23 02:57:52,191] {processor.py:153} INFO - Started process (PID=2960) to work on /home/airflow/.local/lib/python3.7/site-packages/airflow/example_dags/example_latest_only.py
[2022-09-23 02:57:52,192] {processor.py:641} INFO - Processing file /home/airflow/.local/lib/python3.7/site-packages/airflow/example_dags/example_latest_only.py for tasks to queue
[2022-09-23 02:57:52,193] {logging_mixin.py:115} INFO - [2022-09-23 02:57:52,193] {dagbag.py:508} INFO - Filling up the DagBag from /home/airflow/.local/lib/python3.7/site-packages/airflow/example_dags/example_latest_only.py
[2022-09-23 02:57:52,509] {processor.py:651} INFO - DAG(s) dict_keys(['latest_only']) retrieved from /home/airflow/.local/lib/python3.7/site-packages/airflow/example_dags/example_latest_only.py
[2022-09-23 02:57:52,558] {logging_mixin.py:115} INFO - [2022-09-23 02:57:52,558] {dag.py:2420} INFO - Sync 1 DAGs
[2022-09-23 02:57:52,615] {logging_mixin.py:115} INFO - [2022-09-23 02:57:52,614] {dag.py:2972} INFO - Setting next_dagrun for latest_only to 2022-09-22T22:57:52.614131+00:00, run_after=2022-09-23T02:57:52.614131+00:00
[2022-09-23 02:57:52,643] {processor.py:161} INFO - Processing /home/airflow/.local/lib/python3.7/site-packages/airflow/example_dags/example_latest_only.py took 0.460 seconds
[2022-09-23 02:58:23,019] {processor.py:153} INFO - Started process (PID=3015) to work on /home/airflow/.local/lib/python3.7/site-packages/airflow/example_dags/example_latest_only.py
[2022-09-23 02:58:23,020] {processor.py:641} INFO - Processing file /home/airflow/.local/lib/python3.7/site-packages/airflow/example_dags/example_latest_only.py for tasks to queue
[2022-09-23 02:58:23,021] {logging_mixin.py:115} INFO - [2022-09-23 02:58:23,021] {dagbag.py:508} INFO - Filling up the DagBag from /home/airflow/.local/lib/python3.7/site-packages/airflow/example_dags/example_latest_only.py
[2022-09-23 02:58:23,306] {processor.py:651} INFO - DAG(s) dict_keys(['latest_only']) retrieved from /home/airflow/.local/lib/python3.7/site-packages/airflow/example_dags/example_latest_only.py
[2022-09-23 02:58:23,343] {logging_mixin.py:115} INFO - [2022-09-23 02:58:23,342] {dag.py:2420} INFO - Sync 1 DAGs
[2022-09-23 02:58:23,387] {logging_mixin.py:115} INFO - [2022-09-23 02:58:23,387] {dag.py:2972} INFO - Setting next_dagrun for latest_only to 2022-09-22T22:58:23.387140+00:00, run_after=2022-09-23T02:58:23.387140+00:00
[2022-09-23 02:58:23,412] {processor.py:161} INFO - Processing /home/airflow/.local/lib/python3.7/site-packages/airflow/example_dags/example_latest_only.py took 0.400 seconds
[2022-09-23 02:58:53,524] {processor.py:153} INFO - Started process (PID=3068) to work on /home/airflow/.local/lib/python3.7/site-packages/airflow/example_dags/example_latest_only.py
[2022-09-23 02:58:53,526] {processor.py:641} INFO - Processing file /home/airflow/.local/lib/python3.7/site-packages/airflow/example_dags/example_latest_only.py for tasks to queue
[2022-09-23 02:58:53,527] {logging_mixin.py:115} INFO - [2022-09-23 02:58:53,527] {dagbag.py:508} INFO - Filling up the DagBag from /home/airflow/.local/lib/python3.7/site-packages/airflow/example_dags/example_latest_only.py
[2022-09-23 02:58:53,783] {processor.py:651} INFO - DAG(s) dict_keys(['latest_only']) retrieved from /home/airflow/.local/lib/python3.7/site-packages/airflow/example_dags/example_latest_only.py
[2022-09-23 02:58:53,818] {logging_mixin.py:115} INFO - [2022-09-23 02:58:53,818] {dag.py:2420} INFO - Sync 1 DAGs
[2022-09-23 02:58:53,861] {logging_mixin.py:115} INFO - [2022-09-23 02:58:53,861] {dag.py:2972} INFO - Setting next_dagrun for latest_only to 2022-09-22T22:58:53.860815+00:00, run_after=2022-09-23T02:58:53.860815+00:00
[2022-09-23 02:58:53,890] {processor.py:161} INFO - Processing /home/airflow/.local/lib/python3.7/site-packages/airflow/example_dags/example_latest_only.py took 0.371 seconds
[2022-09-23 02:59:24,514] {processor.py:153} INFO - Started process (PID=3128) to work on /home/airflow/.local/lib/python3.7/site-packages/airflow/example_dags/example_latest_only.py
[2022-09-23 02:59:24,516] {processor.py:641} INFO - Processing file /home/airflow/.local/lib/python3.7/site-packages/airflow/example_dags/example_latest_only.py for tasks to queue
[2022-09-23 02:59:24,517] {logging_mixin.py:115} INFO - [2022-09-23 02:59:24,517] {dagbag.py:508} INFO - Filling up the DagBag from /home/airflow/.local/lib/python3.7/site-packages/airflow/example_dags/example_latest_only.py
[2022-09-23 02:59:24,825] {processor.py:651} INFO - DAG(s) dict_keys(['latest_only']) retrieved from /home/airflow/.local/lib/python3.7/site-packages/airflow/example_dags/example_latest_only.py
[2022-09-23 02:59:24,872] {logging_mixin.py:115} INFO - [2022-09-23 02:59:24,872] {dag.py:2420} INFO - Sync 1 DAGs
[2022-09-23 02:59:24,918] {logging_mixin.py:115} INFO - [2022-09-23 02:59:24,918] {dag.py:2972} INFO - Setting next_dagrun for latest_only to 2022-09-22T22:59:24.918209+00:00, run_after=2022-09-23T02:59:24.918209+00:00
[2022-09-23 02:59:24,948] {processor.py:161} INFO - Processing /home/airflow/.local/lib/python3.7/site-packages/airflow/example_dags/example_latest_only.py took 0.441 seconds
[2022-09-23 02:59:55,399] {processor.py:153} INFO - Started process (PID=3183) to work on /home/airflow/.local/lib/python3.7/site-packages/airflow/example_dags/example_latest_only.py
[2022-09-23 02:59:55,400] {processor.py:641} INFO - Processing file /home/airflow/.local/lib/python3.7/site-packages/airflow/example_dags/example_latest_only.py for tasks to queue
[2022-09-23 02:59:55,401] {logging_mixin.py:115} INFO - [2022-09-23 02:59:55,401] {dagbag.py:508} INFO - Filling up the DagBag from /home/airflow/.local/lib/python3.7/site-packages/airflow/example_dags/example_latest_only.py
[2022-09-23 02:59:55,638] {processor.py:651} INFO - DAG(s) dict_keys(['latest_only']) retrieved from /home/airflow/.local/lib/python3.7/site-packages/airflow/example_dags/example_latest_only.py
[2022-09-23 02:59:55,674] {logging_mixin.py:115} INFO - [2022-09-23 02:59:55,674] {dag.py:2420} INFO - Sync 1 DAGs
[2022-09-23 02:59:55,712] {logging_mixin.py:115} INFO - [2022-09-23 02:59:55,712] {dag.py:2972} INFO - Setting next_dagrun for latest_only to 2022-09-22T22:59:55.712074+00:00, run_after=2022-09-23T02:59:55.712074+00:00
[2022-09-23 02:59:55,737] {processor.py:161} INFO - Processing /home/airflow/.local/lib/python3.7/site-packages/airflow/example_dags/example_latest_only.py took 0.343 seconds
[2022-09-23 03:00:26,125] {processor.py:153} INFO - Started process (PID=3236) to work on /home/airflow/.local/lib/python3.7/site-packages/airflow/example_dags/example_latest_only.py
[2022-09-23 03:00:26,127] {processor.py:641} INFO - Processing file /home/airflow/.local/lib/python3.7/site-packages/airflow/example_dags/example_latest_only.py for tasks to queue
[2022-09-23 03:00:26,128] {logging_mixin.py:115} INFO - [2022-09-23 03:00:26,128] {dagbag.py:508} INFO - Filling up the DagBag from /home/airflow/.local/lib/python3.7/site-packages/airflow/example_dags/example_latest_only.py
[2022-09-23 03:00:26,403] {processor.py:651} INFO - DAG(s) dict_keys(['latest_only']) retrieved from /home/airflow/.local/lib/python3.7/site-packages/airflow/example_dags/example_latest_only.py
[2022-09-23 03:00:26,447] {logging_mixin.py:115} INFO - [2022-09-23 03:00:26,446] {dag.py:2420} INFO - Sync 1 DAGs
[2022-09-23 03:00:26,488] {logging_mixin.py:115} INFO - [2022-09-23 03:00:26,487] {dag.py:2972} INFO - Setting next_dagrun for latest_only to 2022-09-22T23:00:26.487403+00:00, run_after=2022-09-23T03:00:26.487403+00:00
[2022-09-23 03:00:26,515] {processor.py:161} INFO - Processing /home/airflow/.local/lib/python3.7/site-packages/airflow/example_dags/example_latest_only.py took 0.395 seconds
[2022-09-23 03:00:57,639] {processor.py:153} INFO - Started process (PID=3298) to work on /home/airflow/.local/lib/python3.7/site-packages/airflow/example_dags/example_latest_only.py
[2022-09-23 03:00:57,640] {processor.py:641} INFO - Processing file /home/airflow/.local/lib/python3.7/site-packages/airflow/example_dags/example_latest_only.py for tasks to queue
[2022-09-23 03:00:57,641] {logging_mixin.py:115} INFO - [2022-09-23 03:00:57,641] {dagbag.py:508} INFO - Filling up the DagBag from /home/airflow/.local/lib/python3.7/site-packages/airflow/example_dags/example_latest_only.py
[2022-09-23 03:00:57,923] {processor.py:651} INFO - DAG(s) dict_keys(['latest_only']) retrieved from /home/airflow/.local/lib/python3.7/site-packages/airflow/example_dags/example_latest_only.py
[2022-09-23 03:00:57,964] {logging_mixin.py:115} INFO - [2022-09-23 03:00:57,964] {dag.py:2420} INFO - Sync 1 DAGs
[2022-09-23 03:00:58,020] {logging_mixin.py:115} INFO - [2022-09-23 03:00:58,020] {dag.py:2972} INFO - Setting next_dagrun for latest_only to 2022-09-22T23:00:58.019788+00:00, run_after=2022-09-23T03:00:58.019788+00:00
[2022-09-23 03:00:58,062] {processor.py:161} INFO - Processing /home/airflow/.local/lib/python3.7/site-packages/airflow/example_dags/example_latest_only.py took 0.429 seconds
[2022-09-23 03:01:28,623] {processor.py:153} INFO - Started process (PID=3350) to work on /home/airflow/.local/lib/python3.7/site-packages/airflow/example_dags/example_latest_only.py
[2022-09-23 03:01:28,625] {processor.py:641} INFO - Processing file /home/airflow/.local/lib/python3.7/site-packages/airflow/example_dags/example_latest_only.py for tasks to queue
[2022-09-23 03:01:28,625] {logging_mixin.py:115} INFO - [2022-09-23 03:01:28,625] {dagbag.py:508} INFO - Filling up the DagBag from /home/airflow/.local/lib/python3.7/site-packages/airflow/example_dags/example_latest_only.py
[2022-09-23 03:01:28,851] {processor.py:651} INFO - DAG(s) dict_keys(['latest_only']) retrieved from /home/airflow/.local/lib/python3.7/site-packages/airflow/example_dags/example_latest_only.py
[2022-09-23 03:01:28,886] {logging_mixin.py:115} INFO - [2022-09-23 03:01:28,886] {dag.py:2420} INFO - Sync 1 DAGs
[2022-09-23 03:01:28,924] {logging_mixin.py:115} INFO - [2022-09-23 03:01:28,924] {dag.py:2972} INFO - Setting next_dagrun for latest_only to 2022-09-22T23:01:28.923649+00:00, run_after=2022-09-23T03:01:28.923649+00:00
[2022-09-23 03:01:28,948] {processor.py:161} INFO - Processing /home/airflow/.local/lib/python3.7/site-packages/airflow/example_dags/example_latest_only.py took 0.331 seconds
[2022-09-23 03:01:59,742] {processor.py:153} INFO - Started process (PID=3403) to work on /home/airflow/.local/lib/python3.7/site-packages/airflow/example_dags/example_latest_only.py
[2022-09-23 03:01:59,743] {processor.py:641} INFO - Processing file /home/airflow/.local/lib/python3.7/site-packages/airflow/example_dags/example_latest_only.py for tasks to queue
[2022-09-23 03:01:59,744] {logging_mixin.py:115} INFO - [2022-09-23 03:01:59,744] {dagbag.py:508} INFO - Filling up the DagBag from /home/airflow/.local/lib/python3.7/site-packages/airflow/example_dags/example_latest_only.py
[2022-09-23 03:01:59,759] {processor.py:651} INFO - DAG(s) dict_keys(['latest_only']) retrieved from /home/airflow/.local/lib/python3.7/site-packages/airflow/example_dags/example_latest_only.py
[2022-09-23 03:01:59,806] {logging_mixin.py:115} INFO - [2022-09-23 03:01:59,805] {dag.py:2420} INFO - Sync 1 DAGs
[2022-09-23 03:01:59,854] {logging_mixin.py:115} INFO - [2022-09-23 03:01:59,854] {dag.py:2972} INFO - Setting next_dagrun for latest_only to 2022-09-22T23:01:59.853829+00:00, run_after=2022-09-23T03:01:59.853829+00:00
[2022-09-23 03:01:59,878] {processor.py:161} INFO - Processing /home/airflow/.local/lib/python3.7/site-packages/airflow/example_dags/example_latest_only.py took 0.142 seconds
[2022-09-23 03:02:30,612] {processor.py:153} INFO - Started process (PID=3465) to work on /home/airflow/.local/lib/python3.7/site-packages/airflow/example_dags/example_latest_only.py
[2022-09-23 03:02:30,614] {processor.py:641} INFO - Processing file /home/airflow/.local/lib/python3.7/site-packages/airflow/example_dags/example_latest_only.py for tasks to queue
[2022-09-23 03:02:30,616] {logging_mixin.py:115} INFO - [2022-09-23 03:02:30,616] {dagbag.py:508} INFO - Filling up the DagBag from /home/airflow/.local/lib/python3.7/site-packages/airflow/example_dags/example_latest_only.py
[2022-09-23 03:02:30,629] {processor.py:651} INFO - DAG(s) dict_keys(['latest_only']) retrieved from /home/airflow/.local/lib/python3.7/site-packages/airflow/example_dags/example_latest_only.py
[2022-09-23 03:02:30,696] {logging_mixin.py:115} INFO - [2022-09-23 03:02:30,696] {dag.py:2420} INFO - Sync 1 DAGs
[2022-09-23 03:02:30,754] {logging_mixin.py:115} INFO - [2022-09-23 03:02:30,753] {dag.py:2972} INFO - Setting next_dagrun for latest_only to 2022-09-22T23:02:30.753302+00:00, run_after=2022-09-23T03:02:30.753302+00:00
[2022-09-23 03:02:30,790] {processor.py:161} INFO - Processing /home/airflow/.local/lib/python3.7/site-packages/airflow/example_dags/example_latest_only.py took 0.184 seconds
[2022-09-23 03:03:00,965] {processor.py:153} INFO - Started process (PID=3518) to work on /home/airflow/.local/lib/python3.7/site-packages/airflow/example_dags/example_latest_only.py
[2022-09-23 03:03:00,966] {processor.py:641} INFO - Processing file /home/airflow/.local/lib/python3.7/site-packages/airflow/example_dags/example_latest_only.py for tasks to queue
[2022-09-23 03:03:00,966] {logging_mixin.py:115} INFO - [2022-09-23 03:03:00,966] {dagbag.py:508} INFO - Filling up the DagBag from /home/airflow/.local/lib/python3.7/site-packages/airflow/example_dags/example_latest_only.py
[2022-09-23 03:03:00,976] {processor.py:651} INFO - DAG(s) dict_keys(['latest_only']) retrieved from /home/airflow/.local/lib/python3.7/site-packages/airflow/example_dags/example_latest_only.py
[2022-09-23 03:03:01,023] {logging_mixin.py:115} INFO - [2022-09-23 03:03:01,023] {dag.py:2420} INFO - Sync 1 DAGs
[2022-09-23 03:03:01,068] {logging_mixin.py:115} INFO - [2022-09-23 03:03:01,067] {dag.py:2972} INFO - Setting next_dagrun for latest_only to 2022-09-22T23:03:01.067379+00:00, run_after=2022-09-23T03:03:01.067379+00:00
[2022-09-23 03:03:01,098] {processor.py:161} INFO - Processing /home/airflow/.local/lib/python3.7/site-packages/airflow/example_dags/example_latest_only.py took 0.138 seconds
[2022-09-23 03:03:31,335] {processor.py:153} INFO - Started process (PID=3571) to work on /home/airflow/.local/lib/python3.7/site-packages/airflow/example_dags/example_latest_only.py
[2022-09-23 03:03:31,336] {processor.py:641} INFO - Processing file /home/airflow/.local/lib/python3.7/site-packages/airflow/example_dags/example_latest_only.py for tasks to queue
[2022-09-23 03:03:31,337] {logging_mixin.py:115} INFO - [2022-09-23 03:03:31,337] {dagbag.py:508} INFO - Filling up the DagBag from /home/airflow/.local/lib/python3.7/site-packages/airflow/example_dags/example_latest_only.py
[2022-09-23 03:03:31,348] {processor.py:651} INFO - DAG(s) dict_keys(['latest_only']) retrieved from /home/airflow/.local/lib/python3.7/site-packages/airflow/example_dags/example_latest_only.py
[2022-09-23 03:03:31,396] {logging_mixin.py:115} INFO - [2022-09-23 03:03:31,395] {dag.py:2420} INFO - Sync 1 DAGs
[2022-09-23 03:03:31,438] {logging_mixin.py:115} INFO - [2022-09-23 03:03:31,438] {dag.py:2972} INFO - Setting next_dagrun for latest_only to 2022-09-22T23:03:31.437725+00:00, run_after=2022-09-23T03:03:31.437725+00:00
[2022-09-23 03:03:31,463] {processor.py:161} INFO - Processing /home/airflow/.local/lib/python3.7/site-packages/airflow/example_dags/example_latest_only.py took 0.135 seconds
[2022-09-23 03:04:02,145] {processor.py:153} INFO - Started process (PID=3631) to work on /home/airflow/.local/lib/python3.7/site-packages/airflow/example_dags/example_latest_only.py
[2022-09-23 03:04:02,147] {processor.py:641} INFO - Processing file /home/airflow/.local/lib/python3.7/site-packages/airflow/example_dags/example_latest_only.py for tasks to queue
[2022-09-23 03:04:02,149] {logging_mixin.py:115} INFO - [2022-09-23 03:04:02,148] {dagbag.py:508} INFO - Filling up the DagBag from /home/airflow/.local/lib/python3.7/site-packages/airflow/example_dags/example_latest_only.py
[2022-09-23 03:04:02,165] {processor.py:651} INFO - DAG(s) dict_keys(['latest_only']) retrieved from /home/airflow/.local/lib/python3.7/site-packages/airflow/example_dags/example_latest_only.py
[2022-09-23 03:04:02,219] {logging_mixin.py:115} INFO - [2022-09-23 03:04:02,219] {dag.py:2420} INFO - Sync 1 DAGs
[2022-09-23 03:04:02,281] {logging_mixin.py:115} INFO - [2022-09-23 03:04:02,281] {dag.py:2972} INFO - Setting next_dagrun for latest_only to 2022-09-22T23:04:02.280419+00:00, run_after=2022-09-23T03:04:02.280419+00:00
[2022-09-23 03:04:02,318] {processor.py:161} INFO - Processing /home/airflow/.local/lib/python3.7/site-packages/airflow/example_dags/example_latest_only.py took 0.180 seconds
[2022-09-23 03:04:32,672] {processor.py:153} INFO - Started process (PID=3686) to work on /home/airflow/.local/lib/python3.7/site-packages/airflow/example_dags/example_latest_only.py
[2022-09-23 03:04:32,674] {processor.py:641} INFO - Processing file /home/airflow/.local/lib/python3.7/site-packages/airflow/example_dags/example_latest_only.py for tasks to queue
[2022-09-23 03:04:32,675] {logging_mixin.py:115} INFO - [2022-09-23 03:04:32,674] {dagbag.py:508} INFO - Filling up the DagBag from /home/airflow/.local/lib/python3.7/site-packages/airflow/example_dags/example_latest_only.py
[2022-09-23 03:04:32,686] {processor.py:651} INFO - DAG(s) dict_keys(['latest_only']) retrieved from /home/airflow/.local/lib/python3.7/site-packages/airflow/example_dags/example_latest_only.py
[2022-09-23 03:04:32,733] {logging_mixin.py:115} INFO - [2022-09-23 03:04:32,733] {dag.py:2420} INFO - Sync 1 DAGs
[2022-09-23 03:04:32,794] {logging_mixin.py:115} INFO - [2022-09-23 03:04:32,793] {dag.py:2972} INFO - Setting next_dagrun for latest_only to 2022-09-22T23:04:32.793521+00:00, run_after=2022-09-23T03:04:32.793521+00:00
[2022-09-23 03:04:32,820] {processor.py:161} INFO - Processing /home/airflow/.local/lib/python3.7/site-packages/airflow/example_dags/example_latest_only.py took 0.153 seconds
[2022-09-23 03:05:02,994] {processor.py:153} INFO - Started process (PID=3739) to work on /home/airflow/.local/lib/python3.7/site-packages/airflow/example_dags/example_latest_only.py
[2022-09-23 03:05:02,995] {processor.py:641} INFO - Processing file /home/airflow/.local/lib/python3.7/site-packages/airflow/example_dags/example_latest_only.py for tasks to queue
[2022-09-23 03:05:02,996] {logging_mixin.py:115} INFO - [2022-09-23 03:05:02,996] {dagbag.py:508} INFO - Filling up the DagBag from /home/airflow/.local/lib/python3.7/site-packages/airflow/example_dags/example_latest_only.py
[2022-09-23 03:05:03,005] {processor.py:651} INFO - DAG(s) dict_keys(['latest_only']) retrieved from /home/airflow/.local/lib/python3.7/site-packages/airflow/example_dags/example_latest_only.py
[2022-09-23 03:05:03,056] {logging_mixin.py:115} INFO - [2022-09-23 03:05:03,056] {dag.py:2420} INFO - Sync 1 DAGs
[2022-09-23 03:05:03,103] {logging_mixin.py:115} INFO - [2022-09-23 03:05:03,103] {dag.py:2972} INFO - Setting next_dagrun for latest_only to 2022-09-22T23:05:03.103094+00:00, run_after=2022-09-23T03:05:03.103094+00:00
[2022-09-23 03:05:03,130] {processor.py:161} INFO - Processing /home/airflow/.local/lib/python3.7/site-packages/airflow/example_dags/example_latest_only.py took 0.141 seconds
[2022-09-23 03:05:33,832] {processor.py:153} INFO - Started process (PID=3800) to work on /home/airflow/.local/lib/python3.7/site-packages/airflow/example_dags/example_latest_only.py
[2022-09-23 03:05:33,834] {processor.py:641} INFO - Processing file /home/airflow/.local/lib/python3.7/site-packages/airflow/example_dags/example_latest_only.py for tasks to queue
[2022-09-23 03:05:33,836] {logging_mixin.py:115} INFO - [2022-09-23 03:05:33,836] {dagbag.py:508} INFO - Filling up the DagBag from /home/airflow/.local/lib/python3.7/site-packages/airflow/example_dags/example_latest_only.py
[2022-09-23 03:05:33,849] {processor.py:651} INFO - DAG(s) dict_keys(['latest_only']) retrieved from /home/airflow/.local/lib/python3.7/site-packages/airflow/example_dags/example_latest_only.py
[2022-09-23 03:05:33,920] {logging_mixin.py:115} INFO - [2022-09-23 03:05:33,920] {dag.py:2420} INFO - Sync 1 DAGs
[2022-09-23 03:05:33,970] {logging_mixin.py:115} INFO - [2022-09-23 03:05:33,970] {dag.py:2972} INFO - Setting next_dagrun for latest_only to 2022-09-22T23:05:33.969883+00:00, run_after=2022-09-23T03:05:33.969883+00:00
[2022-09-23 03:05:34,001] {processor.py:161} INFO - Processing /home/airflow/.local/lib/python3.7/site-packages/airflow/example_dags/example_latest_only.py took 0.175 seconds
[2022-09-23 03:06:04,843] {processor.py:153} INFO - Started process (PID=3855) to work on /home/airflow/.local/lib/python3.7/site-packages/airflow/example_dags/example_latest_only.py
[2022-09-23 03:06:04,844] {processor.py:641} INFO - Processing file /home/airflow/.local/lib/python3.7/site-packages/airflow/example_dags/example_latest_only.py for tasks to queue
[2022-09-23 03:06:04,845] {logging_mixin.py:115} INFO - [2022-09-23 03:06:04,845] {dagbag.py:508} INFO - Filling up the DagBag from /home/airflow/.local/lib/python3.7/site-packages/airflow/example_dags/example_latest_only.py
[2022-09-23 03:06:04,852] {processor.py:651} INFO - DAG(s) dict_keys(['latest_only']) retrieved from /home/airflow/.local/lib/python3.7/site-packages/airflow/example_dags/example_latest_only.py
[2022-09-23 03:06:04,894] {logging_mixin.py:115} INFO - [2022-09-23 03:06:04,894] {dag.py:2420} INFO - Sync 1 DAGs
[2022-09-23 03:06:04,946] {logging_mixin.py:115} INFO - [2022-09-23 03:06:04,946] {dag.py:2972} INFO - Setting next_dagrun for latest_only to 2022-09-22T23:06:04.945693+00:00, run_after=2022-09-23T03:06:04.945693+00:00
[2022-09-23 03:06:04,973] {processor.py:161} INFO - Processing /home/airflow/.local/lib/python3.7/site-packages/airflow/example_dags/example_latest_only.py took 0.135 seconds
[2022-09-23 03:06:35,378] {processor.py:153} INFO - Started process (PID=3908) to work on /home/airflow/.local/lib/python3.7/site-packages/airflow/example_dags/example_latest_only.py
[2022-09-23 03:06:35,379] {processor.py:641} INFO - Processing file /home/airflow/.local/lib/python3.7/site-packages/airflow/example_dags/example_latest_only.py for tasks to queue
[2022-09-23 03:06:35,380] {logging_mixin.py:115} INFO - [2022-09-23 03:06:35,379] {dagbag.py:508} INFO - Filling up the DagBag from /home/airflow/.local/lib/python3.7/site-packages/airflow/example_dags/example_latest_only.py
[2022-09-23 03:06:35,388] {processor.py:651} INFO - DAG(s) dict_keys(['latest_only']) retrieved from /home/airflow/.local/lib/python3.7/site-packages/airflow/example_dags/example_latest_only.py
[2022-09-23 03:06:35,435] {logging_mixin.py:115} INFO - [2022-09-23 03:06:35,435] {dag.py:2420} INFO - Sync 1 DAGs
[2022-09-23 03:06:35,482] {logging_mixin.py:115} INFO - [2022-09-23 03:06:35,481] {dag.py:2972} INFO - Setting next_dagrun for latest_only to 2022-09-22T23:06:35.481502+00:00, run_after=2022-09-23T03:06:35.481502+00:00
[2022-09-23 03:06:35,510] {processor.py:161} INFO - Processing /home/airflow/.local/lib/python3.7/site-packages/airflow/example_dags/example_latest_only.py took 0.136 seconds
[2022-09-23 03:07:05,968] {processor.py:153} INFO - Started process (PID=3968) to work on /home/airflow/.local/lib/python3.7/site-packages/airflow/example_dags/example_latest_only.py
[2022-09-23 03:07:05,969] {processor.py:641} INFO - Processing file /home/airflow/.local/lib/python3.7/site-packages/airflow/example_dags/example_latest_only.py for tasks to queue
[2022-09-23 03:07:05,970] {logging_mixin.py:115} INFO - [2022-09-23 03:07:05,970] {dagbag.py:508} INFO - Filling up the DagBag from /home/airflow/.local/lib/python3.7/site-packages/airflow/example_dags/example_latest_only.py
[2022-09-23 03:07:05,979] {processor.py:651} INFO - DAG(s) dict_keys(['latest_only']) retrieved from /home/airflow/.local/lib/python3.7/site-packages/airflow/example_dags/example_latest_only.py
[2022-09-23 03:07:06,029] {logging_mixin.py:115} INFO - [2022-09-23 03:07:06,028] {dag.py:2420} INFO - Sync 1 DAGs
[2022-09-23 03:07:06,082] {logging_mixin.py:115} INFO - [2022-09-23 03:07:06,082] {dag.py:2972} INFO - Setting next_dagrun for latest_only to 2022-09-22T23:07:06.081683+00:00, run_after=2022-09-23T03:07:06.081683+00:00
[2022-09-23 03:07:06,112] {processor.py:161} INFO - Processing /home/airflow/.local/lib/python3.7/site-packages/airflow/example_dags/example_latest_only.py took 0.151 seconds
[2022-09-23 03:07:36,414] {processor.py:153} INFO - Started process (PID=4023) to work on /home/airflow/.local/lib/python3.7/site-packages/airflow/example_dags/example_latest_only.py
[2022-09-23 03:07:36,415] {processor.py:641} INFO - Processing file /home/airflow/.local/lib/python3.7/site-packages/airflow/example_dags/example_latest_only.py for tasks to queue
[2022-09-23 03:07:36,417] {logging_mixin.py:115} INFO - [2022-09-23 03:07:36,416] {dagbag.py:508} INFO - Filling up the DagBag from /home/airflow/.local/lib/python3.7/site-packages/airflow/example_dags/example_latest_only.py
[2022-09-23 03:07:36,424] {processor.py:651} INFO - DAG(s) dict_keys(['latest_only']) retrieved from /home/airflow/.local/lib/python3.7/site-packages/airflow/example_dags/example_latest_only.py
[2022-09-23 03:07:36,468] {logging_mixin.py:115} INFO - [2022-09-23 03:07:36,468] {dag.py:2420} INFO - Sync 1 DAGs
[2022-09-23 03:07:36,518] {logging_mixin.py:115} INFO - [2022-09-23 03:07:36,518] {dag.py:2972} INFO - Setting next_dagrun for latest_only to 2022-09-22T23:07:36.517865+00:00, run_after=2022-09-23T03:07:36.517865+00:00
[2022-09-23 03:07:36,541] {processor.py:161} INFO - Processing /home/airflow/.local/lib/python3.7/site-packages/airflow/example_dags/example_latest_only.py took 0.132 seconds
[2022-09-23 03:08:06,923] {processor.py:153} INFO - Started process (PID=4077) to work on /home/airflow/.local/lib/python3.7/site-packages/airflow/example_dags/example_latest_only.py
[2022-09-23 03:08:06,924] {processor.py:641} INFO - Processing file /home/airflow/.local/lib/python3.7/site-packages/airflow/example_dags/example_latest_only.py for tasks to queue
[2022-09-23 03:08:06,925] {logging_mixin.py:115} INFO - [2022-09-23 03:08:06,925] {dagbag.py:508} INFO - Filling up the DagBag from /home/airflow/.local/lib/python3.7/site-packages/airflow/example_dags/example_latest_only.py
[2022-09-23 03:08:06,937] {processor.py:651} INFO - DAG(s) dict_keys(['latest_only']) retrieved from /home/airflow/.local/lib/python3.7/site-packages/airflow/example_dags/example_latest_only.py
[2022-09-23 03:08:06,982] {logging_mixin.py:115} INFO - [2022-09-23 03:08:06,982] {dag.py:2420} INFO - Sync 1 DAGs
[2022-09-23 03:08:07,029] {logging_mixin.py:115} INFO - [2022-09-23 03:08:07,029] {dag.py:2972} INFO - Setting next_dagrun for latest_only to 2022-09-22T23:08:07.029205+00:00, run_after=2022-09-23T03:08:07.029205+00:00
[2022-09-23 03:08:07,053] {processor.py:161} INFO - Processing /home/airflow/.local/lib/python3.7/site-packages/airflow/example_dags/example_latest_only.py took 0.138 seconds
[2022-09-23 03:08:37,360] {processor.py:153} INFO - Started process (PID=4138) to work on /home/airflow/.local/lib/python3.7/site-packages/airflow/example_dags/example_latest_only.py
[2022-09-23 03:08:37,362] {processor.py:641} INFO - Processing file /home/airflow/.local/lib/python3.7/site-packages/airflow/example_dags/example_latest_only.py for tasks to queue
[2022-09-23 03:08:37,363] {logging_mixin.py:115} INFO - [2022-09-23 03:08:37,363] {dagbag.py:508} INFO - Filling up the DagBag from /home/airflow/.local/lib/python3.7/site-packages/airflow/example_dags/example_latest_only.py
[2022-09-23 03:08:37,372] {processor.py:651} INFO - DAG(s) dict_keys(['latest_only']) retrieved from /home/airflow/.local/lib/python3.7/site-packages/airflow/example_dags/example_latest_only.py
[2022-09-23 03:08:37,429] {logging_mixin.py:115} INFO - [2022-09-23 03:08:37,429] {dag.py:2420} INFO - Sync 1 DAGs
[2022-09-23 03:08:37,485] {logging_mixin.py:115} INFO - [2022-09-23 03:08:37,484] {dag.py:2972} INFO - Setting next_dagrun for latest_only to 2022-09-22T23:08:37.484391+00:00, run_after=2022-09-23T03:08:37.484391+00:00
[2022-09-23 03:08:37,516] {processor.py:161} INFO - Processing /home/airflow/.local/lib/python3.7/site-packages/airflow/example_dags/example_latest_only.py took 0.161 seconds
