[2022-12-05 12:14:53,352] {processor.py:153} INFO - Started process (PID=95) to work on /home/airflow/.local/lib/python3.7/site-packages/airflow/example_dags/example_branch_day_of_week_operator.py
[2022-12-05 12:14:53,353] {processor.py:641} INFO - Processing file /home/airflow/.local/lib/python3.7/site-packages/airflow/example_dags/example_branch_day_of_week_operator.py for tasks to queue
[2022-12-05 12:14:53,355] {logging_mixin.py:115} INFO - [2022-12-05 12:14:53,354] {dagbag.py:508} INFO - Filling up the DagBag from /home/airflow/.local/lib/python3.7/site-packages/airflow/example_dags/example_branch_day_of_week_operator.py
[2022-12-05 12:14:53,381] {processor.py:651} INFO - DAG(s) dict_keys(['example_weekday_branch_operator']) retrieved from /home/airflow/.local/lib/python3.7/site-packages/airflow/example_dags/example_branch_day_of_week_operator.py
[2022-12-05 12:14:53,440] {logging_mixin.py:115} INFO - [2022-12-05 12:14:53,440] {dag.py:2420} INFO - Sync 1 DAGs
[2022-12-05 12:14:53,707] {logging_mixin.py:115} INFO - [2022-12-05 12:14:53,707] {dag.py:2972} INFO - Setting next_dagrun for example_weekday_branch_operator to 2022-12-04T00:00:00+00:00, run_after=2022-12-05T00:00:00+00:00
[2022-12-05 12:14:53,748] {processor.py:161} INFO - Processing /home/airflow/.local/lib/python3.7/site-packages/airflow/example_dags/example_branch_day_of_week_operator.py took 0.410 seconds
[2022-12-05 12:15:23,920] {processor.py:153} INFO - Started process (PID=148) to work on /home/airflow/.local/lib/python3.7/site-packages/airflow/example_dags/example_branch_day_of_week_operator.py
[2022-12-05 12:15:23,921] {processor.py:641} INFO - Processing file /home/airflow/.local/lib/python3.7/site-packages/airflow/example_dags/example_branch_day_of_week_operator.py for tasks to queue
[2022-12-05 12:15:23,921] {logging_mixin.py:115} INFO - [2022-12-05 12:15:23,921] {dagbag.py:508} INFO - Filling up the DagBag from /home/airflow/.local/lib/python3.7/site-packages/airflow/example_dags/example_branch_day_of_week_operator.py
[2022-12-05 12:15:23,932] {processor.py:651} INFO - DAG(s) dict_keys(['example_weekday_branch_operator']) retrieved from /home/airflow/.local/lib/python3.7/site-packages/airflow/example_dags/example_branch_day_of_week_operator.py
[2022-12-05 12:15:23,973] {logging_mixin.py:115} INFO - [2022-12-05 12:15:23,972] {dag.py:2420} INFO - Sync 1 DAGs
[2022-12-05 12:15:24,127] {logging_mixin.py:115} INFO - [2022-12-05 12:15:24,127] {dag.py:2972} INFO - Setting next_dagrun for example_weekday_branch_operator to 2022-12-04T00:00:00+00:00, run_after=2022-12-05T00:00:00+00:00
[2022-12-05 12:15:24,142] {processor.py:161} INFO - Processing /home/airflow/.local/lib/python3.7/site-packages/airflow/example_dags/example_branch_day_of_week_operator.py took 0.225 seconds
[2022-12-05 12:15:54,256] {processor.py:153} INFO - Started process (PID=211) to work on /home/airflow/.local/lib/python3.7/site-packages/airflow/example_dags/example_branch_day_of_week_operator.py
[2022-12-05 12:15:54,257] {processor.py:641} INFO - Processing file /home/airflow/.local/lib/python3.7/site-packages/airflow/example_dags/example_branch_day_of_week_operator.py for tasks to queue
[2022-12-05 12:15:54,257] {logging_mixin.py:115} INFO - [2022-12-05 12:15:54,257] {dagbag.py:508} INFO - Filling up the DagBag from /home/airflow/.local/lib/python3.7/site-packages/airflow/example_dags/example_branch_day_of_week_operator.py
[2022-12-05 12:15:54,265] {processor.py:651} INFO - DAG(s) dict_keys(['example_weekday_branch_operator']) retrieved from /home/airflow/.local/lib/python3.7/site-packages/airflow/example_dags/example_branch_day_of_week_operator.py
[2022-12-05 12:15:54,292] {logging_mixin.py:115} INFO - [2022-12-05 12:15:54,292] {dag.py:2420} INFO - Sync 1 DAGs
[2022-12-05 12:15:54,453] {logging_mixin.py:115} INFO - [2022-12-05 12:15:54,453] {dag.py:2972} INFO - Setting next_dagrun for example_weekday_branch_operator to 2022-12-04T00:00:00+00:00, run_after=2022-12-05T00:00:00+00:00
[2022-12-05 12:15:54,470] {processor.py:161} INFO - Processing /home/airflow/.local/lib/python3.7/site-packages/airflow/example_dags/example_branch_day_of_week_operator.py took 0.217 seconds
[2022-12-05 12:16:25,460] {processor.py:153} INFO - Started process (PID=267) to work on /home/airflow/.local/lib/python3.7/site-packages/airflow/example_dags/example_branch_day_of_week_operator.py
[2022-12-05 12:16:25,461] {processor.py:641} INFO - Processing file /home/airflow/.local/lib/python3.7/site-packages/airflow/example_dags/example_branch_day_of_week_operator.py for tasks to queue
[2022-12-05 12:16:25,461] {logging_mixin.py:115} INFO - [2022-12-05 12:16:25,461] {dagbag.py:508} INFO - Filling up the DagBag from /home/airflow/.local/lib/python3.7/site-packages/airflow/example_dags/example_branch_day_of_week_operator.py
[2022-12-05 12:16:25,475] {processor.py:651} INFO - DAG(s) dict_keys(['example_weekday_branch_operator']) retrieved from /home/airflow/.local/lib/python3.7/site-packages/airflow/example_dags/example_branch_day_of_week_operator.py
[2022-12-05 12:16:25,506] {logging_mixin.py:115} INFO - [2022-12-05 12:16:25,506] {dag.py:2420} INFO - Sync 1 DAGs
[2022-12-05 12:16:25,683] {logging_mixin.py:115} INFO - [2022-12-05 12:16:25,683] {dag.py:2972} INFO - Setting next_dagrun for example_weekday_branch_operator to 2022-12-04T00:00:00+00:00, run_after=2022-12-05T00:00:00+00:00
[2022-12-05 12:16:25,701] {processor.py:161} INFO - Processing /home/airflow/.local/lib/python3.7/site-packages/airflow/example_dags/example_branch_day_of_week_operator.py took 0.245 seconds
[2022-12-05 12:16:56,049] {processor.py:153} INFO - Started process (PID=330) to work on /home/airflow/.local/lib/python3.7/site-packages/airflow/example_dags/example_branch_day_of_week_operator.py
[2022-12-05 12:16:56,050] {processor.py:641} INFO - Processing file /home/airflow/.local/lib/python3.7/site-packages/airflow/example_dags/example_branch_day_of_week_operator.py for tasks to queue
[2022-12-05 12:16:56,050] {logging_mixin.py:115} INFO - [2022-12-05 12:16:56,050] {dagbag.py:508} INFO - Filling up the DagBag from /home/airflow/.local/lib/python3.7/site-packages/airflow/example_dags/example_branch_day_of_week_operator.py
[2022-12-05 12:16:56,058] {processor.py:651} INFO - DAG(s) dict_keys(['example_weekday_branch_operator']) retrieved from /home/airflow/.local/lib/python3.7/site-packages/airflow/example_dags/example_branch_day_of_week_operator.py
[2022-12-05 12:16:56,087] {logging_mixin.py:115} INFO - [2022-12-05 12:16:56,087] {dag.py:2420} INFO - Sync 1 DAGs
[2022-12-05 12:16:56,239] {logging_mixin.py:115} INFO - [2022-12-05 12:16:56,239] {dag.py:2972} INFO - Setting next_dagrun for example_weekday_branch_operator to 2022-12-04T00:00:00+00:00, run_after=2022-12-05T00:00:00+00:00
[2022-12-05 12:16:56,252] {processor.py:161} INFO - Processing /home/airflow/.local/lib/python3.7/site-packages/airflow/example_dags/example_branch_day_of_week_operator.py took 0.205 seconds
[2022-12-05 12:17:26,600] {processor.py:153} INFO - Started process (PID=393) to work on /home/airflow/.local/lib/python3.7/site-packages/airflow/example_dags/example_branch_day_of_week_operator.py
[2022-12-05 12:17:26,600] {processor.py:641} INFO - Processing file /home/airflow/.local/lib/python3.7/site-packages/airflow/example_dags/example_branch_day_of_week_operator.py for tasks to queue
[2022-12-05 12:17:26,601] {logging_mixin.py:115} INFO - [2022-12-05 12:17:26,601] {dagbag.py:508} INFO - Filling up the DagBag from /home/airflow/.local/lib/python3.7/site-packages/airflow/example_dags/example_branch_day_of_week_operator.py
[2022-12-05 12:17:26,614] {processor.py:651} INFO - DAG(s) dict_keys(['example_weekday_branch_operator']) retrieved from /home/airflow/.local/lib/python3.7/site-packages/airflow/example_dags/example_branch_day_of_week_operator.py
[2022-12-05 12:17:26,654] {logging_mixin.py:115} INFO - [2022-12-05 12:17:26,654] {dag.py:2420} INFO - Sync 1 DAGs
[2022-12-05 12:17:26,795] {logging_mixin.py:115} INFO - [2022-12-05 12:17:26,795] {dag.py:2972} INFO - Setting next_dagrun for example_weekday_branch_operator to 2022-12-04T00:00:00+00:00, run_after=2022-12-05T00:00:00+00:00
[2022-12-05 12:17:26,814] {processor.py:161} INFO - Processing /home/airflow/.local/lib/python3.7/site-packages/airflow/example_dags/example_branch_day_of_week_operator.py took 0.218 seconds
[2022-12-05 12:17:57,227] {processor.py:153} INFO - Started process (PID=447) to work on /home/airflow/.local/lib/python3.7/site-packages/airflow/example_dags/example_branch_day_of_week_operator.py
[2022-12-05 12:17:57,228] {processor.py:641} INFO - Processing file /home/airflow/.local/lib/python3.7/site-packages/airflow/example_dags/example_branch_day_of_week_operator.py for tasks to queue
[2022-12-05 12:17:57,228] {logging_mixin.py:115} INFO - [2022-12-05 12:17:57,228] {dagbag.py:508} INFO - Filling up the DagBag from /home/airflow/.local/lib/python3.7/site-packages/airflow/example_dags/example_branch_day_of_week_operator.py
[2022-12-05 12:17:57,235] {processor.py:651} INFO - DAG(s) dict_keys(['example_weekday_branch_operator']) retrieved from /home/airflow/.local/lib/python3.7/site-packages/airflow/example_dags/example_branch_day_of_week_operator.py
[2022-12-05 12:17:57,261] {logging_mixin.py:115} INFO - [2022-12-05 12:17:57,261] {dag.py:2420} INFO - Sync 1 DAGs
[2022-12-05 12:17:57,395] {logging_mixin.py:115} INFO - [2022-12-05 12:17:57,395] {dag.py:2972} INFO - Setting next_dagrun for example_weekday_branch_operator to 2022-12-04T00:00:00+00:00, run_after=2022-12-05T00:00:00+00:00
[2022-12-05 12:17:57,407] {processor.py:161} INFO - Processing /home/airflow/.local/lib/python3.7/site-packages/airflow/example_dags/example_branch_day_of_week_operator.py took 0.183 seconds
[2022-12-05 12:18:27,614] {processor.py:153} INFO - Started process (PID=510) to work on /home/airflow/.local/lib/python3.7/site-packages/airflow/example_dags/example_branch_day_of_week_operator.py
[2022-12-05 12:18:27,615] {processor.py:641} INFO - Processing file /home/airflow/.local/lib/python3.7/site-packages/airflow/example_dags/example_branch_day_of_week_operator.py for tasks to queue
[2022-12-05 12:18:27,615] {logging_mixin.py:115} INFO - [2022-12-05 12:18:27,615] {dagbag.py:508} INFO - Filling up the DagBag from /home/airflow/.local/lib/python3.7/site-packages/airflow/example_dags/example_branch_day_of_week_operator.py
[2022-12-05 12:18:27,623] {processor.py:651} INFO - DAG(s) dict_keys(['example_weekday_branch_operator']) retrieved from /home/airflow/.local/lib/python3.7/site-packages/airflow/example_dags/example_branch_day_of_week_operator.py
[2022-12-05 12:18:27,653] {logging_mixin.py:115} INFO - [2022-12-05 12:18:27,653] {dag.py:2420} INFO - Sync 1 DAGs
[2022-12-05 12:18:27,813] {logging_mixin.py:115} INFO - [2022-12-05 12:18:27,813] {dag.py:2972} INFO - Setting next_dagrun for example_weekday_branch_operator to 2022-12-04T00:00:00+00:00, run_after=2022-12-05T00:00:00+00:00
[2022-12-05 12:18:27,829] {processor.py:161} INFO - Processing /home/airflow/.local/lib/python3.7/site-packages/airflow/example_dags/example_branch_day_of_week_operator.py took 0.217 seconds
[2022-12-05 12:18:58,124] {processor.py:153} INFO - Started process (PID=564) to work on /home/airflow/.local/lib/python3.7/site-packages/airflow/example_dags/example_branch_day_of_week_operator.py
[2022-12-05 12:18:58,125] {processor.py:641} INFO - Processing file /home/airflow/.local/lib/python3.7/site-packages/airflow/example_dags/example_branch_day_of_week_operator.py for tasks to queue
[2022-12-05 12:18:58,126] {logging_mixin.py:115} INFO - [2022-12-05 12:18:58,126] {dagbag.py:508} INFO - Filling up the DagBag from /home/airflow/.local/lib/python3.7/site-packages/airflow/example_dags/example_branch_day_of_week_operator.py
[2022-12-05 12:18:58,135] {processor.py:651} INFO - DAG(s) dict_keys(['example_weekday_branch_operator']) retrieved from /home/airflow/.local/lib/python3.7/site-packages/airflow/example_dags/example_branch_day_of_week_operator.py
[2022-12-05 12:18:58,170] {logging_mixin.py:115} INFO - [2022-12-05 12:18:58,170] {dag.py:2420} INFO - Sync 1 DAGs
[2022-12-05 12:18:58,319] {logging_mixin.py:115} INFO - [2022-12-05 12:18:58,319] {dag.py:2972} INFO - Setting next_dagrun for example_weekday_branch_operator to 2022-12-04T00:00:00+00:00, run_after=2022-12-05T00:00:00+00:00
[2022-12-05 12:18:58,333] {processor.py:161} INFO - Processing /home/airflow/.local/lib/python3.7/site-packages/airflow/example_dags/example_branch_day_of_week_operator.py took 0.212 seconds
[2022-12-05 12:19:29,157] {processor.py:153} INFO - Started process (PID=627) to work on /home/airflow/.local/lib/python3.7/site-packages/airflow/example_dags/example_branch_day_of_week_operator.py
[2022-12-05 12:19:29,158] {processor.py:641} INFO - Processing file /home/airflow/.local/lib/python3.7/site-packages/airflow/example_dags/example_branch_day_of_week_operator.py for tasks to queue
[2022-12-05 12:19:29,159] {logging_mixin.py:115} INFO - [2022-12-05 12:19:29,159] {dagbag.py:508} INFO - Filling up the DagBag from /home/airflow/.local/lib/python3.7/site-packages/airflow/example_dags/example_branch_day_of_week_operator.py
[2022-12-05 12:19:29,167] {processor.py:651} INFO - DAG(s) dict_keys(['example_weekday_branch_operator']) retrieved from /home/airflow/.local/lib/python3.7/site-packages/airflow/example_dags/example_branch_day_of_week_operator.py
[2022-12-05 12:19:29,196] {logging_mixin.py:115} INFO - [2022-12-05 12:19:29,196] {dag.py:2420} INFO - Sync 1 DAGs
[2022-12-05 12:19:29,337] {logging_mixin.py:115} INFO - [2022-12-05 12:19:29,337] {dag.py:2972} INFO - Setting next_dagrun for example_weekday_branch_operator to 2022-12-04T00:00:00+00:00, run_after=2022-12-05T00:00:00+00:00
[2022-12-05 12:19:29,353] {processor.py:161} INFO - Processing /home/airflow/.local/lib/python3.7/site-packages/airflow/example_dags/example_branch_day_of_week_operator.py took 0.200 seconds
[2022-12-05 12:19:59,695] {processor.py:153} INFO - Started process (PID=690) to work on /home/airflow/.local/lib/python3.7/site-packages/airflow/example_dags/example_branch_day_of_week_operator.py
[2022-12-05 12:19:59,696] {processor.py:641} INFO - Processing file /home/airflow/.local/lib/python3.7/site-packages/airflow/example_dags/example_branch_day_of_week_operator.py for tasks to queue
[2022-12-05 12:19:59,697] {logging_mixin.py:115} INFO - [2022-12-05 12:19:59,697] {dagbag.py:508} INFO - Filling up the DagBag from /home/airflow/.local/lib/python3.7/site-packages/airflow/example_dags/example_branch_day_of_week_operator.py
[2022-12-05 12:19:59,706] {processor.py:651} INFO - DAG(s) dict_keys(['example_weekday_branch_operator']) retrieved from /home/airflow/.local/lib/python3.7/site-packages/airflow/example_dags/example_branch_day_of_week_operator.py
[2022-12-05 12:19:59,736] {logging_mixin.py:115} INFO - [2022-12-05 12:19:59,736] {dag.py:2420} INFO - Sync 1 DAGs
[2022-12-05 12:19:59,882] {logging_mixin.py:115} INFO - [2022-12-05 12:19:59,882] {dag.py:2972} INFO - Setting next_dagrun for example_weekday_branch_operator to 2022-12-04T00:00:00+00:00, run_after=2022-12-05T00:00:00+00:00
[2022-12-05 12:19:59,900] {processor.py:161} INFO - Processing /home/airflow/.local/lib/python3.7/site-packages/airflow/example_dags/example_branch_day_of_week_operator.py took 0.208 seconds
[2022-12-05 12:20:30,308] {processor.py:153} INFO - Started process (PID=746) to work on /home/airflow/.local/lib/python3.7/site-packages/airflow/example_dags/example_branch_day_of_week_operator.py
[2022-12-05 12:20:30,308] {processor.py:641} INFO - Processing file /home/airflow/.local/lib/python3.7/site-packages/airflow/example_dags/example_branch_day_of_week_operator.py for tasks to queue
[2022-12-05 12:20:30,309] {logging_mixin.py:115} INFO - [2022-12-05 12:20:30,309] {dagbag.py:508} INFO - Filling up the DagBag from /home/airflow/.local/lib/python3.7/site-packages/airflow/example_dags/example_branch_day_of_week_operator.py
[2022-12-05 12:20:30,318] {processor.py:651} INFO - DAG(s) dict_keys(['example_weekday_branch_operator']) retrieved from /home/airflow/.local/lib/python3.7/site-packages/airflow/example_dags/example_branch_day_of_week_operator.py
[2022-12-05 12:20:30,347] {logging_mixin.py:115} INFO - [2022-12-05 12:20:30,347] {dag.py:2420} INFO - Sync 1 DAGs
[2022-12-05 12:20:30,475] {logging_mixin.py:115} INFO - [2022-12-05 12:20:30,475] {dag.py:2972} INFO - Setting next_dagrun for example_weekday_branch_operator to 2022-12-04T00:00:00+00:00, run_after=2022-12-05T00:00:00+00:00
[2022-12-05 12:20:30,491] {processor.py:161} INFO - Processing /home/airflow/.local/lib/python3.7/site-packages/airflow/example_dags/example_branch_day_of_week_operator.py took 0.186 seconds
[2022-12-05 12:21:00,523] {processor.py:153} INFO - Started process (PID=808) to work on /home/airflow/.local/lib/python3.7/site-packages/airflow/example_dags/example_branch_day_of_week_operator.py
[2022-12-05 12:21:00,524] {processor.py:641} INFO - Processing file /home/airflow/.local/lib/python3.7/site-packages/airflow/example_dags/example_branch_day_of_week_operator.py for tasks to queue
[2022-12-05 12:21:00,524] {logging_mixin.py:115} INFO - [2022-12-05 12:21:00,524] {dagbag.py:508} INFO - Filling up the DagBag from /home/airflow/.local/lib/python3.7/site-packages/airflow/example_dags/example_branch_day_of_week_operator.py
[2022-12-05 12:21:00,532] {processor.py:651} INFO - DAG(s) dict_keys(['example_weekday_branch_operator']) retrieved from /home/airflow/.local/lib/python3.7/site-packages/airflow/example_dags/example_branch_day_of_week_operator.py
[2022-12-05 12:21:00,562] {logging_mixin.py:115} INFO - [2022-12-05 12:21:00,562] {dag.py:2420} INFO - Sync 1 DAGs
[2022-12-05 12:21:00,722] {logging_mixin.py:115} INFO - [2022-12-05 12:21:00,722] {dag.py:2972} INFO - Setting next_dagrun for example_weekday_branch_operator to 2022-12-04T00:00:00+00:00, run_after=2022-12-05T00:00:00+00:00
[2022-12-05 12:21:00,737] {processor.py:161} INFO - Processing /home/airflow/.local/lib/python3.7/site-packages/airflow/example_dags/example_branch_day_of_week_operator.py took 0.217 seconds
[2022-12-05 12:21:31,085] {processor.py:153} INFO - Started process (PID=871) to work on /home/airflow/.local/lib/python3.7/site-packages/airflow/example_dags/example_branch_day_of_week_operator.py
[2022-12-05 12:21:31,085] {processor.py:641} INFO - Processing file /home/airflow/.local/lib/python3.7/site-packages/airflow/example_dags/example_branch_day_of_week_operator.py for tasks to queue
[2022-12-05 12:21:31,086] {logging_mixin.py:115} INFO - [2022-12-05 12:21:31,086] {dagbag.py:508} INFO - Filling up the DagBag from /home/airflow/.local/lib/python3.7/site-packages/airflow/example_dags/example_branch_day_of_week_operator.py
[2022-12-05 12:21:31,095] {processor.py:651} INFO - DAG(s) dict_keys(['example_weekday_branch_operator']) retrieved from /home/airflow/.local/lib/python3.7/site-packages/airflow/example_dags/example_branch_day_of_week_operator.py
[2022-12-05 12:21:31,126] {logging_mixin.py:115} INFO - [2022-12-05 12:21:31,126] {dag.py:2420} INFO - Sync 1 DAGs
[2022-12-05 12:21:31,275] {logging_mixin.py:115} INFO - [2022-12-05 12:21:31,274] {dag.py:2972} INFO - Setting next_dagrun for example_weekday_branch_operator to 2022-12-04T00:00:00+00:00, run_after=2022-12-05T00:00:00+00:00
[2022-12-05 12:21:31,288] {processor.py:161} INFO - Processing /home/airflow/.local/lib/python3.7/site-packages/airflow/example_dags/example_branch_day_of_week_operator.py took 0.206 seconds
[2022-12-05 12:22:01,331] {processor.py:153} INFO - Started process (PID=925) to work on /home/airflow/.local/lib/python3.7/site-packages/airflow/example_dags/example_branch_day_of_week_operator.py
[2022-12-05 12:22:01,332] {processor.py:641} INFO - Processing file /home/airflow/.local/lib/python3.7/site-packages/airflow/example_dags/example_branch_day_of_week_operator.py for tasks to queue
[2022-12-05 12:22:01,332] {logging_mixin.py:115} INFO - [2022-12-05 12:22:01,332] {dagbag.py:508} INFO - Filling up the DagBag from /home/airflow/.local/lib/python3.7/site-packages/airflow/example_dags/example_branch_day_of_week_operator.py
[2022-12-05 12:22:01,341] {processor.py:651} INFO - DAG(s) dict_keys(['example_weekday_branch_operator']) retrieved from /home/airflow/.local/lib/python3.7/site-packages/airflow/example_dags/example_branch_day_of_week_operator.py
[2022-12-05 12:22:01,371] {logging_mixin.py:115} INFO - [2022-12-05 12:22:01,371] {dag.py:2420} INFO - Sync 1 DAGs
[2022-12-05 12:22:01,509] {logging_mixin.py:115} INFO - [2022-12-05 12:22:01,509] {dag.py:2972} INFO - Setting next_dagrun for example_weekday_branch_operator to 2022-12-04T00:00:00+00:00, run_after=2022-12-05T00:00:00+00:00
[2022-12-05 12:22:01,526] {processor.py:161} INFO - Processing /home/airflow/.local/lib/python3.7/site-packages/airflow/example_dags/example_branch_day_of_week_operator.py took 0.198 seconds
[2022-12-05 12:22:32,137] {processor.py:153} INFO - Started process (PID=988) to work on /home/airflow/.local/lib/python3.7/site-packages/airflow/example_dags/example_branch_day_of_week_operator.py
[2022-12-05 12:22:32,137] {processor.py:641} INFO - Processing file /home/airflow/.local/lib/python3.7/site-packages/airflow/example_dags/example_branch_day_of_week_operator.py for tasks to queue
[2022-12-05 12:22:32,138] {logging_mixin.py:115} INFO - [2022-12-05 12:22:32,138] {dagbag.py:508} INFO - Filling up the DagBag from /home/airflow/.local/lib/python3.7/site-packages/airflow/example_dags/example_branch_day_of_week_operator.py
[2022-12-05 12:22:32,145] {processor.py:651} INFO - DAG(s) dict_keys(['example_weekday_branch_operator']) retrieved from /home/airflow/.local/lib/python3.7/site-packages/airflow/example_dags/example_branch_day_of_week_operator.py
[2022-12-05 12:22:32,179] {logging_mixin.py:115} INFO - [2022-12-05 12:22:32,178] {dag.py:2420} INFO - Sync 1 DAGs
[2022-12-05 12:22:32,330] {logging_mixin.py:115} INFO - [2022-12-05 12:22:32,330] {dag.py:2972} INFO - Setting next_dagrun for example_weekday_branch_operator to 2022-12-04T00:00:00+00:00, run_after=2022-12-05T00:00:00+00:00
[2022-12-05 12:22:32,344] {processor.py:161} INFO - Processing /home/airflow/.local/lib/python3.7/site-packages/airflow/example_dags/example_branch_day_of_week_operator.py took 0.210 seconds
[2022-12-05 12:23:02,505] {processor.py:153} INFO - Started process (PID=1042) to work on /home/airflow/.local/lib/python3.7/site-packages/airflow/example_dags/example_branch_day_of_week_operator.py
[2022-12-05 12:23:02,506] {processor.py:641} INFO - Processing file /home/airflow/.local/lib/python3.7/site-packages/airflow/example_dags/example_branch_day_of_week_operator.py for tasks to queue
[2022-12-05 12:23:02,507] {logging_mixin.py:115} INFO - [2022-12-05 12:23:02,507] {dagbag.py:508} INFO - Filling up the DagBag from /home/airflow/.local/lib/python3.7/site-packages/airflow/example_dags/example_branch_day_of_week_operator.py
[2022-12-05 12:23:02,521] {processor.py:651} INFO - DAG(s) dict_keys(['example_weekday_branch_operator']) retrieved from /home/airflow/.local/lib/python3.7/site-packages/airflow/example_dags/example_branch_day_of_week_operator.py
[2022-12-05 12:23:02,568] {logging_mixin.py:115} INFO - [2022-12-05 12:23:02,568] {dag.py:2420} INFO - Sync 1 DAGs
[2022-12-05 12:23:02,709] {logging_mixin.py:115} INFO - [2022-12-05 12:23:02,709] {dag.py:2972} INFO - Setting next_dagrun for example_weekday_branch_operator to 2022-12-04T00:00:00+00:00, run_after=2022-12-05T00:00:00+00:00
[2022-12-05 12:23:02,722] {processor.py:161} INFO - Processing /home/airflow/.local/lib/python3.7/site-packages/airflow/example_dags/example_branch_day_of_week_operator.py took 0.221 seconds
[2022-12-05 12:23:32,896] {processor.py:153} INFO - Started process (PID=1106) to work on /home/airflow/.local/lib/python3.7/site-packages/airflow/example_dags/example_branch_day_of_week_operator.py
[2022-12-05 12:23:32,897] {processor.py:641} INFO - Processing file /home/airflow/.local/lib/python3.7/site-packages/airflow/example_dags/example_branch_day_of_week_operator.py for tasks to queue
[2022-12-05 12:23:32,897] {logging_mixin.py:115} INFO - [2022-12-05 12:23:32,897] {dagbag.py:508} INFO - Filling up the DagBag from /home/airflow/.local/lib/python3.7/site-packages/airflow/example_dags/example_branch_day_of_week_operator.py
[2022-12-05 12:23:32,905] {processor.py:651} INFO - DAG(s) dict_keys(['example_weekday_branch_operator']) retrieved from /home/airflow/.local/lib/python3.7/site-packages/airflow/example_dags/example_branch_day_of_week_operator.py
[2022-12-05 12:23:32,931] {logging_mixin.py:115} INFO - [2022-12-05 12:23:32,931] {dag.py:2420} INFO - Sync 1 DAGs
[2022-12-05 12:23:33,063] {logging_mixin.py:115} INFO - [2022-12-05 12:23:33,063] {dag.py:2972} INFO - Setting next_dagrun for example_weekday_branch_operator to 2022-12-04T00:00:00+00:00, run_after=2022-12-05T00:00:00+00:00
[2022-12-05 12:23:33,076] {processor.py:161} INFO - Processing /home/airflow/.local/lib/python3.7/site-packages/airflow/example_dags/example_branch_day_of_week_operator.py took 0.183 seconds
[2022-12-05 12:24:03,300] {processor.py:153} INFO - Started process (PID=1169) to work on /home/airflow/.local/lib/python3.7/site-packages/airflow/example_dags/example_branch_day_of_week_operator.py
[2022-12-05 12:24:03,300] {processor.py:641} INFO - Processing file /home/airflow/.local/lib/python3.7/site-packages/airflow/example_dags/example_branch_day_of_week_operator.py for tasks to queue
[2022-12-05 12:24:03,301] {logging_mixin.py:115} INFO - [2022-12-05 12:24:03,301] {dagbag.py:508} INFO - Filling up the DagBag from /home/airflow/.local/lib/python3.7/site-packages/airflow/example_dags/example_branch_day_of_week_operator.py
[2022-12-05 12:24:03,308] {processor.py:651} INFO - DAG(s) dict_keys(['example_weekday_branch_operator']) retrieved from /home/airflow/.local/lib/python3.7/site-packages/airflow/example_dags/example_branch_day_of_week_operator.py
[2022-12-05 12:24:03,334] {logging_mixin.py:115} INFO - [2022-12-05 12:24:03,334] {dag.py:2420} INFO - Sync 1 DAGs
[2022-12-05 12:24:03,462] {logging_mixin.py:115} INFO - [2022-12-05 12:24:03,462] {dag.py:2972} INFO - Setting next_dagrun for example_weekday_branch_operator to 2022-12-04T00:00:00+00:00, run_after=2022-12-05T00:00:00+00:00
[2022-12-05 12:24:03,476] {processor.py:161} INFO - Processing /home/airflow/.local/lib/python3.7/site-packages/airflow/example_dags/example_branch_day_of_week_operator.py took 0.179 seconds
[2022-12-05 12:24:33,547] {processor.py:153} INFO - Started process (PID=1223) to work on /home/airflow/.local/lib/python3.7/site-packages/airflow/example_dags/example_branch_day_of_week_operator.py
[2022-12-05 12:24:33,548] {processor.py:641} INFO - Processing file /home/airflow/.local/lib/python3.7/site-packages/airflow/example_dags/example_branch_day_of_week_operator.py for tasks to queue
[2022-12-05 12:24:33,548] {logging_mixin.py:115} INFO - [2022-12-05 12:24:33,548] {dagbag.py:508} INFO - Filling up the DagBag from /home/airflow/.local/lib/python3.7/site-packages/airflow/example_dags/example_branch_day_of_week_operator.py
[2022-12-05 12:24:33,556] {processor.py:651} INFO - DAG(s) dict_keys(['example_weekday_branch_operator']) retrieved from /home/airflow/.local/lib/python3.7/site-packages/airflow/example_dags/example_branch_day_of_week_operator.py
[2022-12-05 12:24:33,585] {logging_mixin.py:115} INFO - [2022-12-05 12:24:33,585] {dag.py:2420} INFO - Sync 1 DAGs
[2022-12-05 12:24:33,723] {logging_mixin.py:115} INFO - [2022-12-05 12:24:33,723] {dag.py:2972} INFO - Setting next_dagrun for example_weekday_branch_operator to 2022-12-04T00:00:00+00:00, run_after=2022-12-05T00:00:00+00:00
[2022-12-05 12:24:33,740] {processor.py:161} INFO - Processing /home/airflow/.local/lib/python3.7/site-packages/airflow/example_dags/example_branch_day_of_week_operator.py took 0.196 seconds
[2022-12-05 12:25:04,130] {processor.py:153} INFO - Started process (PID=1286) to work on /home/airflow/.local/lib/python3.7/site-packages/airflow/example_dags/example_branch_day_of_week_operator.py
[2022-12-05 12:25:04,130] {processor.py:641} INFO - Processing file /home/airflow/.local/lib/python3.7/site-packages/airflow/example_dags/example_branch_day_of_week_operator.py for tasks to queue
[2022-12-05 12:25:04,130] {logging_mixin.py:115} INFO - [2022-12-05 12:25:04,130] {dagbag.py:508} INFO - Filling up the DagBag from /home/airflow/.local/lib/python3.7/site-packages/airflow/example_dags/example_branch_day_of_week_operator.py
[2022-12-05 12:25:04,138] {processor.py:651} INFO - DAG(s) dict_keys(['example_weekday_branch_operator']) retrieved from /home/airflow/.local/lib/python3.7/site-packages/airflow/example_dags/example_branch_day_of_week_operator.py
[2022-12-05 12:25:04,287] {logging_mixin.py:115} INFO - [2022-12-05 12:25:04,287] {dag.py:2420} INFO - Sync 1 DAGs
[2022-12-05 12:25:04,313] {logging_mixin.py:115} INFO - [2022-12-05 12:25:04,313] {dag.py:2972} INFO - Setting next_dagrun for example_weekday_branch_operator to 2022-12-04T00:00:00+00:00, run_after=2022-12-05T00:00:00+00:00
[2022-12-05 12:25:04,329] {processor.py:161} INFO - Processing /home/airflow/.local/lib/python3.7/site-packages/airflow/example_dags/example_branch_day_of_week_operator.py took 0.203 seconds
[2022-12-05 12:25:34,681] {processor.py:153} INFO - Started process (PID=1339) to work on /home/airflow/.local/lib/python3.7/site-packages/airflow/example_dags/example_branch_day_of_week_operator.py
[2022-12-05 12:25:34,682] {processor.py:641} INFO - Processing file /home/airflow/.local/lib/python3.7/site-packages/airflow/example_dags/example_branch_day_of_week_operator.py for tasks to queue
[2022-12-05 12:25:34,683] {logging_mixin.py:115} INFO - [2022-12-05 12:25:34,683] {dagbag.py:508} INFO - Filling up the DagBag from /home/airflow/.local/lib/python3.7/site-packages/airflow/example_dags/example_branch_day_of_week_operator.py
[2022-12-05 12:25:34,698] {processor.py:651} INFO - DAG(s) dict_keys(['example_weekday_branch_operator']) retrieved from /home/airflow/.local/lib/python3.7/site-packages/airflow/example_dags/example_branch_day_of_week_operator.py
[2022-12-05 12:25:34,867] {logging_mixin.py:115} INFO - [2022-12-05 12:25:34,866] {dag.py:2420} INFO - Sync 1 DAGs
[2022-12-05 12:25:34,901] {logging_mixin.py:115} INFO - [2022-12-05 12:25:34,901] {dag.py:2972} INFO - Setting next_dagrun for example_weekday_branch_operator to 2022-12-04T00:00:00+00:00, run_after=2022-12-05T00:00:00+00:00
[2022-12-05 12:25:34,917] {processor.py:161} INFO - Processing /home/airflow/.local/lib/python3.7/site-packages/airflow/example_dags/example_branch_day_of_week_operator.py took 0.240 seconds
[2022-12-05 12:26:05,121] {processor.py:153} INFO - Started process (PID=1401) to work on /home/airflow/.local/lib/python3.7/site-packages/airflow/example_dags/example_branch_day_of_week_operator.py
[2022-12-05 12:26:05,122] {processor.py:641} INFO - Processing file /home/airflow/.local/lib/python3.7/site-packages/airflow/example_dags/example_branch_day_of_week_operator.py for tasks to queue
[2022-12-05 12:26:05,122] {logging_mixin.py:115} INFO - [2022-12-05 12:26:05,122] {dagbag.py:508} INFO - Filling up the DagBag from /home/airflow/.local/lib/python3.7/site-packages/airflow/example_dags/example_branch_day_of_week_operator.py
[2022-12-05 12:26:05,129] {processor.py:651} INFO - DAG(s) dict_keys(['example_weekday_branch_operator']) retrieved from /home/airflow/.local/lib/python3.7/site-packages/airflow/example_dags/example_branch_day_of_week_operator.py
[2022-12-05 12:26:05,263] {logging_mixin.py:115} INFO - [2022-12-05 12:26:05,263] {dag.py:2420} INFO - Sync 1 DAGs
[2022-12-05 12:26:05,287] {logging_mixin.py:115} INFO - [2022-12-05 12:26:05,287] {dag.py:2972} INFO - Setting next_dagrun for example_weekday_branch_operator to 2022-12-04T00:00:00+00:00, run_after=2022-12-05T00:00:00+00:00
[2022-12-05 12:26:05,300] {processor.py:161} INFO - Processing /home/airflow/.local/lib/python3.7/site-packages/airflow/example_dags/example_branch_day_of_week_operator.py took 0.181 seconds
[2022-12-05 12:26:35,951] {processor.py:153} INFO - Started process (PID=1464) to work on /home/airflow/.local/lib/python3.7/site-packages/airflow/example_dags/example_branch_day_of_week_operator.py
[2022-12-05 12:26:35,951] {processor.py:641} INFO - Processing file /home/airflow/.local/lib/python3.7/site-packages/airflow/example_dags/example_branch_day_of_week_operator.py for tasks to queue
[2022-12-05 12:26:35,952] {logging_mixin.py:115} INFO - [2022-12-05 12:26:35,952] {dagbag.py:508} INFO - Filling up the DagBag from /home/airflow/.local/lib/python3.7/site-packages/airflow/example_dags/example_branch_day_of_week_operator.py
[2022-12-05 12:26:35,970] {processor.py:651} INFO - DAG(s) dict_keys(['example_weekday_branch_operator']) retrieved from /home/airflow/.local/lib/python3.7/site-packages/airflow/example_dags/example_branch_day_of_week_operator.py
[2022-12-05 12:26:36,119] {logging_mixin.py:115} INFO - [2022-12-05 12:26:36,119] {dag.py:2420} INFO - Sync 1 DAGs
[2022-12-05 12:26:36,144] {logging_mixin.py:115} INFO - [2022-12-05 12:26:36,144] {dag.py:2972} INFO - Setting next_dagrun for example_weekday_branch_operator to 2022-12-04T00:00:00+00:00, run_after=2022-12-05T00:00:00+00:00
[2022-12-05 12:26:36,160] {processor.py:161} INFO - Processing /home/airflow/.local/lib/python3.7/site-packages/airflow/example_dags/example_branch_day_of_week_operator.py took 0.215 seconds
[2022-12-05 12:27:06,397] {processor.py:153} INFO - Started process (PID=1518) to work on /home/airflow/.local/lib/python3.7/site-packages/airflow/example_dags/example_branch_day_of_week_operator.py
[2022-12-05 12:27:06,398] {processor.py:641} INFO - Processing file /home/airflow/.local/lib/python3.7/site-packages/airflow/example_dags/example_branch_day_of_week_operator.py for tasks to queue
[2022-12-05 12:27:06,398] {logging_mixin.py:115} INFO - [2022-12-05 12:27:06,398] {dagbag.py:508} INFO - Filling up the DagBag from /home/airflow/.local/lib/python3.7/site-packages/airflow/example_dags/example_branch_day_of_week_operator.py
[2022-12-05 12:27:06,406] {processor.py:651} INFO - DAG(s) dict_keys(['example_weekday_branch_operator']) retrieved from /home/airflow/.local/lib/python3.7/site-packages/airflow/example_dags/example_branch_day_of_week_operator.py
[2022-12-05 12:27:06,561] {logging_mixin.py:115} INFO - [2022-12-05 12:27:06,561] {dag.py:2420} INFO - Sync 1 DAGs
[2022-12-05 12:27:06,585] {logging_mixin.py:115} INFO - [2022-12-05 12:27:06,585] {dag.py:2972} INFO - Setting next_dagrun for example_weekday_branch_operator to 2022-12-04T00:00:00+00:00, run_after=2022-12-05T00:00:00+00:00
[2022-12-05 12:27:06,600] {processor.py:161} INFO - Processing /home/airflow/.local/lib/python3.7/site-packages/airflow/example_dags/example_branch_day_of_week_operator.py took 0.207 seconds
[2022-12-05 12:27:36,821] {processor.py:153} INFO - Started process (PID=1581) to work on /home/airflow/.local/lib/python3.7/site-packages/airflow/example_dags/example_branch_day_of_week_operator.py
[2022-12-05 12:27:36,822] {processor.py:641} INFO - Processing file /home/airflow/.local/lib/python3.7/site-packages/airflow/example_dags/example_branch_day_of_week_operator.py for tasks to queue
[2022-12-05 12:27:36,822] {logging_mixin.py:115} INFO - [2022-12-05 12:27:36,822] {dagbag.py:508} INFO - Filling up the DagBag from /home/airflow/.local/lib/python3.7/site-packages/airflow/example_dags/example_branch_day_of_week_operator.py
[2022-12-05 12:27:36,829] {processor.py:651} INFO - DAG(s) dict_keys(['example_weekday_branch_operator']) retrieved from /home/airflow/.local/lib/python3.7/site-packages/airflow/example_dags/example_branch_day_of_week_operator.py
[2022-12-05 12:27:36,971] {logging_mixin.py:115} INFO - [2022-12-05 12:27:36,971] {dag.py:2420} INFO - Sync 1 DAGs
[2022-12-05 12:27:36,995] {logging_mixin.py:115} INFO - [2022-12-05 12:27:36,994] {dag.py:2972} INFO - Setting next_dagrun for example_weekday_branch_operator to 2022-12-04T00:00:00+00:00, run_after=2022-12-05T00:00:00+00:00
[2022-12-05 12:27:37,011] {processor.py:161} INFO - Processing /home/airflow/.local/lib/python3.7/site-packages/airflow/example_dags/example_branch_day_of_week_operator.py took 0.193 seconds
[2022-12-05 12:28:07,499] {processor.py:153} INFO - Started process (PID=1644) to work on /home/airflow/.local/lib/python3.7/site-packages/airflow/example_dags/example_branch_day_of_week_operator.py
[2022-12-05 12:28:07,499] {processor.py:641} INFO - Processing file /home/airflow/.local/lib/python3.7/site-packages/airflow/example_dags/example_branch_day_of_week_operator.py for tasks to queue
[2022-12-05 12:28:07,500] {logging_mixin.py:115} INFO - [2022-12-05 12:28:07,500] {dagbag.py:508} INFO - Filling up the DagBag from /home/airflow/.local/lib/python3.7/site-packages/airflow/example_dags/example_branch_day_of_week_operator.py
[2022-12-05 12:28:07,512] {processor.py:651} INFO - DAG(s) dict_keys(['example_weekday_branch_operator']) retrieved from /home/airflow/.local/lib/python3.7/site-packages/airflow/example_dags/example_branch_day_of_week_operator.py
[2022-12-05 12:28:07,675] {logging_mixin.py:115} INFO - [2022-12-05 12:28:07,675] {dag.py:2420} INFO - Sync 1 DAGs
[2022-12-05 12:28:07,717] {logging_mixin.py:115} INFO - [2022-12-05 12:28:07,717] {dag.py:2972} INFO - Setting next_dagrun for example_weekday_branch_operator to 2022-12-04T00:00:00+00:00, run_after=2022-12-05T00:00:00+00:00
[2022-12-05 12:28:07,738] {processor.py:161} INFO - Processing /home/airflow/.local/lib/python3.7/site-packages/airflow/example_dags/example_branch_day_of_week_operator.py took 0.244 seconds
[2022-12-05 12:28:38,030] {processor.py:153} INFO - Started process (PID=1698) to work on /home/airflow/.local/lib/python3.7/site-packages/airflow/example_dags/example_branch_day_of_week_operator.py
[2022-12-05 12:28:38,030] {processor.py:641} INFO - Processing file /home/airflow/.local/lib/python3.7/site-packages/airflow/example_dags/example_branch_day_of_week_operator.py for tasks to queue
[2022-12-05 12:28:38,031] {logging_mixin.py:115} INFO - [2022-12-05 12:28:38,031] {dagbag.py:508} INFO - Filling up the DagBag from /home/airflow/.local/lib/python3.7/site-packages/airflow/example_dags/example_branch_day_of_week_operator.py
[2022-12-05 12:28:38,046] {processor.py:651} INFO - DAG(s) dict_keys(['example_weekday_branch_operator']) retrieved from /home/airflow/.local/lib/python3.7/site-packages/airflow/example_dags/example_branch_day_of_week_operator.py
[2022-12-05 12:28:38,200] {logging_mixin.py:115} INFO - [2022-12-05 12:28:38,199] {dag.py:2420} INFO - Sync 1 DAGs
[2022-12-05 12:28:38,225] {logging_mixin.py:115} INFO - [2022-12-05 12:28:38,225] {dag.py:2972} INFO - Setting next_dagrun for example_weekday_branch_operator to 2022-12-04T00:00:00+00:00, run_after=2022-12-05T00:00:00+00:00
[2022-12-05 12:28:38,237] {processor.py:161} INFO - Processing /home/airflow/.local/lib/python3.7/site-packages/airflow/example_dags/example_branch_day_of_week_operator.py took 0.213 seconds
[2022-12-05 12:29:08,381] {processor.py:153} INFO - Started process (PID=1761) to work on /home/airflow/.local/lib/python3.7/site-packages/airflow/example_dags/example_branch_day_of_week_operator.py
[2022-12-05 12:29:08,381] {processor.py:641} INFO - Processing file /home/airflow/.local/lib/python3.7/site-packages/airflow/example_dags/example_branch_day_of_week_operator.py for tasks to queue
[2022-12-05 12:29:08,382] {logging_mixin.py:115} INFO - [2022-12-05 12:29:08,382] {dagbag.py:508} INFO - Filling up the DagBag from /home/airflow/.local/lib/python3.7/site-packages/airflow/example_dags/example_branch_day_of_week_operator.py
[2022-12-05 12:29:08,390] {processor.py:651} INFO - DAG(s) dict_keys(['example_weekday_branch_operator']) retrieved from /home/airflow/.local/lib/python3.7/site-packages/airflow/example_dags/example_branch_day_of_week_operator.py
[2022-12-05 12:29:08,516] {logging_mixin.py:115} INFO - [2022-12-05 12:29:08,516] {dag.py:2420} INFO - Sync 1 DAGs
[2022-12-05 12:29:08,542] {logging_mixin.py:115} INFO - [2022-12-05 12:29:08,542] {dag.py:2972} INFO - Setting next_dagrun for example_weekday_branch_operator to 2022-12-04T00:00:00+00:00, run_after=2022-12-05T00:00:00+00:00
[2022-12-05 12:29:08,555] {processor.py:161} INFO - Processing /home/airflow/.local/lib/python3.7/site-packages/airflow/example_dags/example_branch_day_of_week_operator.py took 0.178 seconds
[2022-12-05 12:29:39,371] {processor.py:153} INFO - Started process (PID=1814) to work on /home/airflow/.local/lib/python3.7/site-packages/airflow/example_dags/example_branch_day_of_week_operator.py
[2022-12-05 12:29:39,372] {processor.py:641} INFO - Processing file /home/airflow/.local/lib/python3.7/site-packages/airflow/example_dags/example_branch_day_of_week_operator.py for tasks to queue
[2022-12-05 12:29:39,372] {logging_mixin.py:115} INFO - [2022-12-05 12:29:39,372] {dagbag.py:508} INFO - Filling up the DagBag from /home/airflow/.local/lib/python3.7/site-packages/airflow/example_dags/example_branch_day_of_week_operator.py
[2022-12-05 12:29:39,387] {processor.py:651} INFO - DAG(s) dict_keys(['example_weekday_branch_operator']) retrieved from /home/airflow/.local/lib/python3.7/site-packages/airflow/example_dags/example_branch_day_of_week_operator.py
[2022-12-05 12:29:39,537] {logging_mixin.py:115} INFO - [2022-12-05 12:29:39,537] {dag.py:2420} INFO - Sync 1 DAGs
[2022-12-05 12:29:39,567] {logging_mixin.py:115} INFO - [2022-12-05 12:29:39,567] {dag.py:2972} INFO - Setting next_dagrun for example_weekday_branch_operator to 2022-12-04T00:00:00+00:00, run_after=2022-12-05T00:00:00+00:00
[2022-12-05 12:29:39,580] {processor.py:161} INFO - Processing /home/airflow/.local/lib/python3.7/site-packages/airflow/example_dags/example_branch_day_of_week_operator.py took 0.214 seconds
[2022-12-05 12:30:10,069] {processor.py:153} INFO - Started process (PID=1877) to work on /home/airflow/.local/lib/python3.7/site-packages/airflow/example_dags/example_branch_day_of_week_operator.py
[2022-12-05 12:30:10,070] {processor.py:641} INFO - Processing file /home/airflow/.local/lib/python3.7/site-packages/airflow/example_dags/example_branch_day_of_week_operator.py for tasks to queue
[2022-12-05 12:30:10,070] {logging_mixin.py:115} INFO - [2022-12-05 12:30:10,070] {dagbag.py:508} INFO - Filling up the DagBag from /home/airflow/.local/lib/python3.7/site-packages/airflow/example_dags/example_branch_day_of_week_operator.py
[2022-12-05 12:30:10,080] {processor.py:651} INFO - DAG(s) dict_keys(['example_weekday_branch_operator']) retrieved from /home/airflow/.local/lib/python3.7/site-packages/airflow/example_dags/example_branch_day_of_week_operator.py
[2022-12-05 12:30:10,226] {logging_mixin.py:115} INFO - [2022-12-05 12:30:10,226] {dag.py:2420} INFO - Sync 1 DAGs
[2022-12-05 12:30:10,254] {logging_mixin.py:115} INFO - [2022-12-05 12:30:10,254] {dag.py:2972} INFO - Setting next_dagrun for example_weekday_branch_operator to 2022-12-04T00:00:00+00:00, run_after=2022-12-05T00:00:00+00:00
[2022-12-05 12:30:10,267] {processor.py:161} INFO - Processing /home/airflow/.local/lib/python3.7/site-packages/airflow/example_dags/example_branch_day_of_week_operator.py took 0.201 seconds
[2022-12-05 12:30:41,033] {processor.py:153} INFO - Started process (PID=1940) to work on /home/airflow/.local/lib/python3.7/site-packages/airflow/example_dags/example_branch_day_of_week_operator.py
[2022-12-05 12:30:41,034] {processor.py:641} INFO - Processing file /home/airflow/.local/lib/python3.7/site-packages/airflow/example_dags/example_branch_day_of_week_operator.py for tasks to queue
[2022-12-05 12:30:41,035] {logging_mixin.py:115} INFO - [2022-12-05 12:30:41,035] {dagbag.py:508} INFO - Filling up the DagBag from /home/airflow/.local/lib/python3.7/site-packages/airflow/example_dags/example_branch_day_of_week_operator.py
[2022-12-05 12:30:41,052] {processor.py:651} INFO - DAG(s) dict_keys(['example_weekday_branch_operator']) retrieved from /home/airflow/.local/lib/python3.7/site-packages/airflow/example_dags/example_branch_day_of_week_operator.py
[2022-12-05 12:30:41,221] {logging_mixin.py:115} INFO - [2022-12-05 12:30:41,221] {dag.py:2420} INFO - Sync 1 DAGs
[2022-12-05 12:30:41,253] {logging_mixin.py:115} INFO - [2022-12-05 12:30:41,253] {dag.py:2972} INFO - Setting next_dagrun for example_weekday_branch_operator to 2022-12-04T00:00:00+00:00, run_after=2022-12-05T00:00:00+00:00
[2022-12-05 12:30:41,268] {processor.py:161} INFO - Processing /home/airflow/.local/lib/python3.7/site-packages/airflow/example_dags/example_branch_day_of_week_operator.py took 0.238 seconds
[2022-12-05 12:31:11,409] {processor.py:153} INFO - Started process (PID=1994) to work on /home/airflow/.local/lib/python3.7/site-packages/airflow/example_dags/example_branch_day_of_week_operator.py
[2022-12-05 12:31:11,409] {processor.py:641} INFO - Processing file /home/airflow/.local/lib/python3.7/site-packages/airflow/example_dags/example_branch_day_of_week_operator.py for tasks to queue
[2022-12-05 12:31:11,409] {logging_mixin.py:115} INFO - [2022-12-05 12:31:11,409] {dagbag.py:508} INFO - Filling up the DagBag from /home/airflow/.local/lib/python3.7/site-packages/airflow/example_dags/example_branch_day_of_week_operator.py
[2022-12-05 12:31:11,421] {processor.py:651} INFO - DAG(s) dict_keys(['example_weekday_branch_operator']) retrieved from /home/airflow/.local/lib/python3.7/site-packages/airflow/example_dags/example_branch_day_of_week_operator.py
[2022-12-05 12:31:11,556] {logging_mixin.py:115} INFO - [2022-12-05 12:31:11,556] {dag.py:2420} INFO - Sync 1 DAGs
[2022-12-05 12:31:11,582] {logging_mixin.py:115} INFO - [2022-12-05 12:31:11,581] {dag.py:2972} INFO - Setting next_dagrun for example_weekday_branch_operator to 2022-12-04T00:00:00+00:00, run_after=2022-12-05T00:00:00+00:00
[2022-12-05 12:31:11,594] {processor.py:161} INFO - Processing /home/airflow/.local/lib/python3.7/site-packages/airflow/example_dags/example_branch_day_of_week_operator.py took 0.188 seconds
[2022-12-05 12:31:42,283] {processor.py:153} INFO - Started process (PID=2057) to work on /home/airflow/.local/lib/python3.7/site-packages/airflow/example_dags/example_branch_day_of_week_operator.py
[2022-12-05 12:31:42,283] {processor.py:641} INFO - Processing file /home/airflow/.local/lib/python3.7/site-packages/airflow/example_dags/example_branch_day_of_week_operator.py for tasks to queue
[2022-12-05 12:31:42,284] {logging_mixin.py:115} INFO - [2022-12-05 12:31:42,284] {dagbag.py:508} INFO - Filling up the DagBag from /home/airflow/.local/lib/python3.7/site-packages/airflow/example_dags/example_branch_day_of_week_operator.py
[2022-12-05 12:31:42,296] {processor.py:651} INFO - DAG(s) dict_keys(['example_weekday_branch_operator']) retrieved from /home/airflow/.local/lib/python3.7/site-packages/airflow/example_dags/example_branch_day_of_week_operator.py
[2022-12-05 12:31:42,446] {logging_mixin.py:115} INFO - [2022-12-05 12:31:42,446] {dag.py:2420} INFO - Sync 1 DAGs
[2022-12-05 12:31:42,470] {logging_mixin.py:115} INFO - [2022-12-05 12:31:42,469] {dag.py:2972} INFO - Setting next_dagrun for example_weekday_branch_operator to 2022-12-04T00:00:00+00:00, run_after=2022-12-05T00:00:00+00:00
[2022-12-05 12:31:42,484] {processor.py:161} INFO - Processing /home/airflow/.local/lib/python3.7/site-packages/airflow/example_dags/example_branch_day_of_week_operator.py took 0.206 seconds
[2022-12-05 12:32:13,015] {processor.py:153} INFO - Started process (PID=2110) to work on /home/airflow/.local/lib/python3.7/site-packages/airflow/example_dags/example_branch_day_of_week_operator.py
[2022-12-05 12:32:13,015] {processor.py:641} INFO - Processing file /home/airflow/.local/lib/python3.7/site-packages/airflow/example_dags/example_branch_day_of_week_operator.py for tasks to queue
[2022-12-05 12:32:13,016] {logging_mixin.py:115} INFO - [2022-12-05 12:32:13,016] {dagbag.py:508} INFO - Filling up the DagBag from /home/airflow/.local/lib/python3.7/site-packages/airflow/example_dags/example_branch_day_of_week_operator.py
[2022-12-05 12:32:13,028] {processor.py:651} INFO - DAG(s) dict_keys(['example_weekday_branch_operator']) retrieved from /home/airflow/.local/lib/python3.7/site-packages/airflow/example_dags/example_branch_day_of_week_operator.py
[2022-12-05 12:32:13,172] {logging_mixin.py:115} INFO - [2022-12-05 12:32:13,172] {dag.py:2420} INFO - Sync 1 DAGs
[2022-12-05 12:32:13,203] {logging_mixin.py:115} INFO - [2022-12-05 12:32:13,203] {dag.py:2972} INFO - Setting next_dagrun for example_weekday_branch_operator to 2022-12-04T00:00:00+00:00, run_after=2022-12-05T00:00:00+00:00
[2022-12-05 12:32:13,219] {processor.py:161} INFO - Processing /home/airflow/.local/lib/python3.7/site-packages/airflow/example_dags/example_branch_day_of_week_operator.py took 0.207 seconds
[2022-12-05 12:32:43,615] {processor.py:153} INFO - Started process (PID=2174) to work on /home/airflow/.local/lib/python3.7/site-packages/airflow/example_dags/example_branch_day_of_week_operator.py
[2022-12-05 12:32:43,616] {processor.py:641} INFO - Processing file /home/airflow/.local/lib/python3.7/site-packages/airflow/example_dags/example_branch_day_of_week_operator.py for tasks to queue
[2022-12-05 12:32:43,617] {logging_mixin.py:115} INFO - [2022-12-05 12:32:43,617] {dagbag.py:508} INFO - Filling up the DagBag from /home/airflow/.local/lib/python3.7/site-packages/airflow/example_dags/example_branch_day_of_week_operator.py
[2022-12-05 12:32:43,639] {processor.py:651} INFO - DAG(s) dict_keys(['example_weekday_branch_operator']) retrieved from /home/airflow/.local/lib/python3.7/site-packages/airflow/example_dags/example_branch_day_of_week_operator.py
[2022-12-05 12:32:43,775] {logging_mixin.py:115} INFO - [2022-12-05 12:32:43,775] {dag.py:2420} INFO - Sync 1 DAGs
[2022-12-05 12:32:43,798] {logging_mixin.py:115} INFO - [2022-12-05 12:32:43,798] {dag.py:2972} INFO - Setting next_dagrun for example_weekday_branch_operator to 2022-12-04T00:00:00+00:00, run_after=2022-12-05T00:00:00+00:00
[2022-12-05 12:32:43,813] {processor.py:161} INFO - Processing /home/airflow/.local/lib/python3.7/site-packages/airflow/example_dags/example_branch_day_of_week_operator.py took 0.203 seconds
