[2022-12-05 12:14:54,061] {processor.py:153} INFO - Started process (PID=98) to work on /home/airflow/.local/lib/python3.7/site-packages/airflow/example_dags/example_task_group_decorator.py
[2022-12-05 12:14:54,062] {processor.py:641} INFO - Processing file /home/airflow/.local/lib/python3.7/site-packages/airflow/example_dags/example_task_group_decorator.py for tasks to queue
[2022-12-05 12:14:54,063] {logging_mixin.py:115} INFO - [2022-12-05 12:14:54,063] {dagbag.py:508} INFO - Filling up the DagBag from /home/airflow/.local/lib/python3.7/site-packages/airflow/example_dags/example_task_group_decorator.py
[2022-12-05 12:14:54,112] {processor.py:651} INFO - DAG(s) dict_keys(['example_task_group_decorator']) retrieved from /home/airflow/.local/lib/python3.7/site-packages/airflow/example_dags/example_task_group_decorator.py
[2022-12-05 12:14:54,464] {logging_mixin.py:115} INFO - [2022-12-05 12:14:54,464] {dag.py:2420} INFO - Sync 1 DAGs
[2022-12-05 12:14:54,524] {logging_mixin.py:115} INFO - [2022-12-05 12:14:54,524] {dag.py:2972} INFO - Setting next_dagrun for example_task_group_decorator to 2022-12-04T12:14:54.523832+00:00, run_after=2022-12-05T12:14:54.523832+00:00
[2022-12-05 12:14:54,566] {processor.py:161} INFO - Processing /home/airflow/.local/lib/python3.7/site-packages/airflow/example_dags/example_task_group_decorator.py took 0.510 seconds
[2022-12-05 12:15:25,178] {processor.py:153} INFO - Started process (PID=151) to work on /home/airflow/.local/lib/python3.7/site-packages/airflow/example_dags/example_task_group_decorator.py
[2022-12-05 12:15:25,178] {processor.py:641} INFO - Processing file /home/airflow/.local/lib/python3.7/site-packages/airflow/example_dags/example_task_group_decorator.py for tasks to queue
[2022-12-05 12:15:25,179] {logging_mixin.py:115} INFO - [2022-12-05 12:15:25,179] {dagbag.py:508} INFO - Filling up the DagBag from /home/airflow/.local/lib/python3.7/site-packages/airflow/example_dags/example_task_group_decorator.py
[2022-12-05 12:15:25,209] {processor.py:651} INFO - DAG(s) dict_keys(['example_task_group_decorator']) retrieved from /home/airflow/.local/lib/python3.7/site-packages/airflow/example_dags/example_task_group_decorator.py
[2022-12-05 12:15:25,408] {logging_mixin.py:115} INFO - [2022-12-05 12:15:25,408] {dag.py:2420} INFO - Sync 1 DAGs
[2022-12-05 12:15:25,444] {logging_mixin.py:115} INFO - [2022-12-05 12:15:25,444] {dag.py:2972} INFO - Setting next_dagrun for example_task_group_decorator to 2022-12-04T12:15:25.444068+00:00, run_after=2022-12-05T12:15:25.444068+00:00
[2022-12-05 12:15:25,462] {processor.py:161} INFO - Processing /home/airflow/.local/lib/python3.7/site-packages/airflow/example_dags/example_task_group_decorator.py took 0.288 seconds
[2022-12-05 12:15:55,503] {processor.py:153} INFO - Started process (PID=213) to work on /home/airflow/.local/lib/python3.7/site-packages/airflow/example_dags/example_task_group_decorator.py
[2022-12-05 12:15:55,506] {processor.py:641} INFO - Processing file /home/airflow/.local/lib/python3.7/site-packages/airflow/example_dags/example_task_group_decorator.py for tasks to queue
[2022-12-05 12:15:55,507] {logging_mixin.py:115} INFO - [2022-12-05 12:15:55,507] {dagbag.py:508} INFO - Filling up the DagBag from /home/airflow/.local/lib/python3.7/site-packages/airflow/example_dags/example_task_group_decorator.py
[2022-12-05 12:15:55,558] {processor.py:651} INFO - DAG(s) dict_keys(['example_task_group_decorator']) retrieved from /home/airflow/.local/lib/python3.7/site-packages/airflow/example_dags/example_task_group_decorator.py
[2022-12-05 12:15:55,740] {logging_mixin.py:115} INFO - [2022-12-05 12:15:55,740] {dag.py:2420} INFO - Sync 1 DAGs
[2022-12-05 12:15:55,769] {logging_mixin.py:115} INFO - [2022-12-05 12:15:55,769] {dag.py:2972} INFO - Setting next_dagrun for example_task_group_decorator to 2022-12-04T12:15:55.768837+00:00, run_after=2022-12-05T12:15:55.768837+00:00
[2022-12-05 12:15:55,790] {processor.py:161} INFO - Processing /home/airflow/.local/lib/python3.7/site-packages/airflow/example_dags/example_task_group_decorator.py took 0.292 seconds
[2022-12-05 12:16:26,733] {processor.py:153} INFO - Started process (PID=270) to work on /home/airflow/.local/lib/python3.7/site-packages/airflow/example_dags/example_task_group_decorator.py
[2022-12-05 12:16:26,734] {processor.py:641} INFO - Processing file /home/airflow/.local/lib/python3.7/site-packages/airflow/example_dags/example_task_group_decorator.py for tasks to queue
[2022-12-05 12:16:26,734] {logging_mixin.py:115} INFO - [2022-12-05 12:16:26,734] {dagbag.py:508} INFO - Filling up the DagBag from /home/airflow/.local/lib/python3.7/site-packages/airflow/example_dags/example_task_group_decorator.py
[2022-12-05 12:16:26,786] {processor.py:651} INFO - DAG(s) dict_keys(['example_task_group_decorator']) retrieved from /home/airflow/.local/lib/python3.7/site-packages/airflow/example_dags/example_task_group_decorator.py
[2022-12-05 12:16:27,045] {logging_mixin.py:115} INFO - [2022-12-05 12:16:27,045] {dag.py:2420} INFO - Sync 1 DAGs
[2022-12-05 12:16:27,078] {logging_mixin.py:115} INFO - [2022-12-05 12:16:27,078] {dag.py:2972} INFO - Setting next_dagrun for example_task_group_decorator to 2022-12-04T12:16:27.077967+00:00, run_after=2022-12-05T12:16:27.077967+00:00
[2022-12-05 12:16:27,106] {processor.py:161} INFO - Processing /home/airflow/.local/lib/python3.7/site-packages/airflow/example_dags/example_task_group_decorator.py took 0.378 seconds
[2022-12-05 12:16:57,287] {processor.py:153} INFO - Started process (PID=333) to work on /home/airflow/.local/lib/python3.7/site-packages/airflow/example_dags/example_task_group_decorator.py
[2022-12-05 12:16:57,288] {processor.py:641} INFO - Processing file /home/airflow/.local/lib/python3.7/site-packages/airflow/example_dags/example_task_group_decorator.py for tasks to queue
[2022-12-05 12:16:57,289] {logging_mixin.py:115} INFO - [2022-12-05 12:16:57,289] {dagbag.py:508} INFO - Filling up the DagBag from /home/airflow/.local/lib/python3.7/site-packages/airflow/example_dags/example_task_group_decorator.py
[2022-12-05 12:16:57,341] {processor.py:651} INFO - DAG(s) dict_keys(['example_task_group_decorator']) retrieved from /home/airflow/.local/lib/python3.7/site-packages/airflow/example_dags/example_task_group_decorator.py
[2022-12-05 12:16:57,483] {logging_mixin.py:115} INFO - [2022-12-05 12:16:57,483] {dag.py:2420} INFO - Sync 1 DAGs
[2022-12-05 12:16:57,507] {logging_mixin.py:115} INFO - [2022-12-05 12:16:57,507] {dag.py:2972} INFO - Setting next_dagrun for example_task_group_decorator to 2022-12-04T12:16:57.507248+00:00, run_after=2022-12-05T12:16:57.507248+00:00
[2022-12-05 12:16:57,524] {processor.py:161} INFO - Processing /home/airflow/.local/lib/python3.7/site-packages/airflow/example_dags/example_task_group_decorator.py took 0.242 seconds
[2022-12-05 12:17:27,885] {processor.py:153} INFO - Started process (PID=396) to work on /home/airflow/.local/lib/python3.7/site-packages/airflow/example_dags/example_task_group_decorator.py
[2022-12-05 12:17:27,886] {processor.py:641} INFO - Processing file /home/airflow/.local/lib/python3.7/site-packages/airflow/example_dags/example_task_group_decorator.py for tasks to queue
[2022-12-05 12:17:27,886] {logging_mixin.py:115} INFO - [2022-12-05 12:17:27,886] {dagbag.py:508} INFO - Filling up the DagBag from /home/airflow/.local/lib/python3.7/site-packages/airflow/example_dags/example_task_group_decorator.py
[2022-12-05 12:17:27,919] {processor.py:651} INFO - DAG(s) dict_keys(['example_task_group_decorator']) retrieved from /home/airflow/.local/lib/python3.7/site-packages/airflow/example_dags/example_task_group_decorator.py
[2022-12-05 12:17:28,066] {logging_mixin.py:115} INFO - [2022-12-05 12:17:28,065] {dag.py:2420} INFO - Sync 1 DAGs
[2022-12-05 12:17:28,091] {logging_mixin.py:115} INFO - [2022-12-05 12:17:28,091] {dag.py:2972} INFO - Setting next_dagrun for example_task_group_decorator to 2022-12-04T12:17:28.091010+00:00, run_after=2022-12-05T12:17:28.091010+00:00
[2022-12-05 12:17:28,109] {processor.py:161} INFO - Processing /home/airflow/.local/lib/python3.7/site-packages/airflow/example_dags/example_task_group_decorator.py took 0.229 seconds
[2022-12-05 12:17:58,442] {processor.py:153} INFO - Started process (PID=450) to work on /home/airflow/.local/lib/python3.7/site-packages/airflow/example_dags/example_task_group_decorator.py
[2022-12-05 12:17:58,443] {processor.py:641} INFO - Processing file /home/airflow/.local/lib/python3.7/site-packages/airflow/example_dags/example_task_group_decorator.py for tasks to queue
[2022-12-05 12:17:58,444] {logging_mixin.py:115} INFO - [2022-12-05 12:17:58,444] {dagbag.py:508} INFO - Filling up the DagBag from /home/airflow/.local/lib/python3.7/site-packages/airflow/example_dags/example_task_group_decorator.py
[2022-12-05 12:17:58,492] {processor.py:651} INFO - DAG(s) dict_keys(['example_task_group_decorator']) retrieved from /home/airflow/.local/lib/python3.7/site-packages/airflow/example_dags/example_task_group_decorator.py
[2022-12-05 12:17:58,669] {logging_mixin.py:115} INFO - [2022-12-05 12:17:58,669] {dag.py:2420} INFO - Sync 1 DAGs
[2022-12-05 12:17:58,690] {logging_mixin.py:115} INFO - [2022-12-05 12:17:58,690] {dag.py:2972} INFO - Setting next_dagrun for example_task_group_decorator to 2022-12-04T12:17:58.690447+00:00, run_after=2022-12-05T12:17:58.690447+00:00
[2022-12-05 12:17:58,749] {processor.py:161} INFO - Processing /home/airflow/.local/lib/python3.7/site-packages/airflow/example_dags/example_task_group_decorator.py took 0.312 seconds
[2022-12-05 12:18:28,862] {processor.py:153} INFO - Started process (PID=513) to work on /home/airflow/.local/lib/python3.7/site-packages/airflow/example_dags/example_task_group_decorator.py
[2022-12-05 12:18:28,863] {processor.py:641} INFO - Processing file /home/airflow/.local/lib/python3.7/site-packages/airflow/example_dags/example_task_group_decorator.py for tasks to queue
[2022-12-05 12:18:28,863] {logging_mixin.py:115} INFO - [2022-12-05 12:18:28,863] {dagbag.py:508} INFO - Filling up the DagBag from /home/airflow/.local/lib/python3.7/site-packages/airflow/example_dags/example_task_group_decorator.py
[2022-12-05 12:18:28,912] {processor.py:651} INFO - DAG(s) dict_keys(['example_task_group_decorator']) retrieved from /home/airflow/.local/lib/python3.7/site-packages/airflow/example_dags/example_task_group_decorator.py
[2022-12-05 12:18:29,086] {logging_mixin.py:115} INFO - [2022-12-05 12:18:29,086] {dag.py:2420} INFO - Sync 1 DAGs
[2022-12-05 12:18:29,107] {logging_mixin.py:115} INFO - [2022-12-05 12:18:29,107] {dag.py:2972} INFO - Setting next_dagrun for example_task_group_decorator to 2022-12-04T12:18:29.107502+00:00, run_after=2022-12-05T12:18:29.107502+00:00
[2022-12-05 12:18:29,128] {processor.py:161} INFO - Processing /home/airflow/.local/lib/python3.7/site-packages/airflow/example_dags/example_task_group_decorator.py took 0.269 seconds
[2022-12-05 12:18:59,374] {processor.py:153} INFO - Started process (PID=576) to work on /home/airflow/.local/lib/python3.7/site-packages/airflow/example_dags/example_task_group_decorator.py
[2022-12-05 12:18:59,375] {processor.py:641} INFO - Processing file /home/airflow/.local/lib/python3.7/site-packages/airflow/example_dags/example_task_group_decorator.py for tasks to queue
[2022-12-05 12:18:59,376] {logging_mixin.py:115} INFO - [2022-12-05 12:18:59,376] {dagbag.py:508} INFO - Filling up the DagBag from /home/airflow/.local/lib/python3.7/site-packages/airflow/example_dags/example_task_group_decorator.py
[2022-12-05 12:18:59,434] {processor.py:651} INFO - DAG(s) dict_keys(['example_task_group_decorator']) retrieved from /home/airflow/.local/lib/python3.7/site-packages/airflow/example_dags/example_task_group_decorator.py
[2022-12-05 12:18:59,597] {logging_mixin.py:115} INFO - [2022-12-05 12:18:59,597] {dag.py:2420} INFO - Sync 1 DAGs
[2022-12-05 12:18:59,622] {logging_mixin.py:115} INFO - [2022-12-05 12:18:59,622] {dag.py:2972} INFO - Setting next_dagrun for example_task_group_decorator to 2022-12-04T12:18:59.621932+00:00, run_after=2022-12-05T12:18:59.621932+00:00
[2022-12-05 12:18:59,636] {processor.py:161} INFO - Processing /home/airflow/.local/lib/python3.7/site-packages/airflow/example_dags/example_task_group_decorator.py took 0.270 seconds
[2022-12-05 12:19:30,390] {processor.py:153} INFO - Started process (PID=630) to work on /home/airflow/.local/lib/python3.7/site-packages/airflow/example_dags/example_task_group_decorator.py
[2022-12-05 12:19:30,390] {processor.py:641} INFO - Processing file /home/airflow/.local/lib/python3.7/site-packages/airflow/example_dags/example_task_group_decorator.py for tasks to queue
[2022-12-05 12:19:30,391] {logging_mixin.py:115} INFO - [2022-12-05 12:19:30,391] {dagbag.py:508} INFO - Filling up the DagBag from /home/airflow/.local/lib/python3.7/site-packages/airflow/example_dags/example_task_group_decorator.py
[2022-12-05 12:19:30,439] {processor.py:651} INFO - DAG(s) dict_keys(['example_task_group_decorator']) retrieved from /home/airflow/.local/lib/python3.7/site-packages/airflow/example_dags/example_task_group_decorator.py
[2022-12-05 12:19:30,579] {logging_mixin.py:115} INFO - [2022-12-05 12:19:30,579] {dag.py:2420} INFO - Sync 1 DAGs
[2022-12-05 12:19:30,611] {logging_mixin.py:115} INFO - [2022-12-05 12:19:30,611] {dag.py:2972} INFO - Setting next_dagrun for example_task_group_decorator to 2022-12-04T12:19:30.611089+00:00, run_after=2022-12-05T12:19:30.611089+00:00
[2022-12-05 12:19:30,630] {processor.py:161} INFO - Processing /home/airflow/.local/lib/python3.7/site-packages/airflow/example_dags/example_task_group_decorator.py took 0.246 seconds
[2022-12-05 12:20:00,937] {processor.py:153} INFO - Started process (PID=693) to work on /home/airflow/.local/lib/python3.7/site-packages/airflow/example_dags/example_task_group_decorator.py
[2022-12-05 12:20:00,939] {processor.py:641} INFO - Processing file /home/airflow/.local/lib/python3.7/site-packages/airflow/example_dags/example_task_group_decorator.py for tasks to queue
[2022-12-05 12:20:00,940] {logging_mixin.py:115} INFO - [2022-12-05 12:20:00,940] {dagbag.py:508} INFO - Filling up the DagBag from /home/airflow/.local/lib/python3.7/site-packages/airflow/example_dags/example_task_group_decorator.py
[2022-12-05 12:20:01,125] {processor.py:651} INFO - DAG(s) dict_keys(['example_task_group_decorator']) retrieved from /home/airflow/.local/lib/python3.7/site-packages/airflow/example_dags/example_task_group_decorator.py
[2022-12-05 12:20:01,201] {logging_mixin.py:115} INFO - [2022-12-05 12:20:01,201] {dag.py:2420} INFO - Sync 1 DAGs
[2022-12-05 12:20:01,222] {logging_mixin.py:115} INFO - [2022-12-05 12:20:01,222] {dag.py:2972} INFO - Setting next_dagrun for example_task_group_decorator to 2022-12-04T12:20:01.222566+00:00, run_after=2022-12-05T12:20:01.222566+00:00
[2022-12-05 12:20:01,241] {processor.py:161} INFO - Processing /home/airflow/.local/lib/python3.7/site-packages/airflow/example_dags/example_task_group_decorator.py took 0.311 seconds
[2022-12-05 12:20:31,530] {processor.py:153} INFO - Started process (PID=749) to work on /home/airflow/.local/lib/python3.7/site-packages/airflow/example_dags/example_task_group_decorator.py
[2022-12-05 12:20:31,530] {processor.py:641} INFO - Processing file /home/airflow/.local/lib/python3.7/site-packages/airflow/example_dags/example_task_group_decorator.py for tasks to queue
[2022-12-05 12:20:31,531] {logging_mixin.py:115} INFO - [2022-12-05 12:20:31,531] {dagbag.py:508} INFO - Filling up the DagBag from /home/airflow/.local/lib/python3.7/site-packages/airflow/example_dags/example_task_group_decorator.py
[2022-12-05 12:20:31,692] {processor.py:651} INFO - DAG(s) dict_keys(['example_task_group_decorator']) retrieved from /home/airflow/.local/lib/python3.7/site-packages/airflow/example_dags/example_task_group_decorator.py
[2022-12-05 12:20:31,767] {logging_mixin.py:115} INFO - [2022-12-05 12:20:31,767] {dag.py:2420} INFO - Sync 1 DAGs
[2022-12-05 12:20:31,791] {logging_mixin.py:115} INFO - [2022-12-05 12:20:31,790] {dag.py:2972} INFO - Setting next_dagrun for example_task_group_decorator to 2022-12-04T12:20:31.790761+00:00, run_after=2022-12-05T12:20:31.790761+00:00
[2022-12-05 12:20:31,813] {processor.py:161} INFO - Processing /home/airflow/.local/lib/python3.7/site-packages/airflow/example_dags/example_task_group_decorator.py took 0.286 seconds
[2022-12-05 12:21:02,023] {processor.py:153} INFO - Started process (PID=812) to work on /home/airflow/.local/lib/python3.7/site-packages/airflow/example_dags/example_task_group_decorator.py
[2022-12-05 12:21:02,024] {processor.py:641} INFO - Processing file /home/airflow/.local/lib/python3.7/site-packages/airflow/example_dags/example_task_group_decorator.py for tasks to queue
[2022-12-05 12:21:02,025] {logging_mixin.py:115} INFO - [2022-12-05 12:21:02,025] {dagbag.py:508} INFO - Filling up the DagBag from /home/airflow/.local/lib/python3.7/site-packages/airflow/example_dags/example_task_group_decorator.py
[2022-12-05 12:21:02,187] {processor.py:651} INFO - DAG(s) dict_keys(['example_task_group_decorator']) retrieved from /home/airflow/.local/lib/python3.7/site-packages/airflow/example_dags/example_task_group_decorator.py
[2022-12-05 12:21:02,259] {logging_mixin.py:115} INFO - [2022-12-05 12:21:02,258] {dag.py:2420} INFO - Sync 1 DAGs
[2022-12-05 12:21:02,282] {logging_mixin.py:115} INFO - [2022-12-05 12:21:02,281] {dag.py:2972} INFO - Setting next_dagrun for example_task_group_decorator to 2022-12-04T12:21:02.281740+00:00, run_after=2022-12-05T12:21:02.281740+00:00
[2022-12-05 12:21:02,302] {processor.py:161} INFO - Processing /home/airflow/.local/lib/python3.7/site-packages/airflow/example_dags/example_task_group_decorator.py took 0.284 seconds
[2022-12-05 12:21:32,443] {processor.py:153} INFO - Started process (PID=875) to work on /home/airflow/.local/lib/python3.7/site-packages/airflow/example_dags/example_task_group_decorator.py
[2022-12-05 12:21:32,444] {processor.py:641} INFO - Processing file /home/airflow/.local/lib/python3.7/site-packages/airflow/example_dags/example_task_group_decorator.py for tasks to queue
[2022-12-05 12:21:32,445] {logging_mixin.py:115} INFO - [2022-12-05 12:21:32,445] {dagbag.py:508} INFO - Filling up the DagBag from /home/airflow/.local/lib/python3.7/site-packages/airflow/example_dags/example_task_group_decorator.py
[2022-12-05 12:21:32,592] {processor.py:651} INFO - DAG(s) dict_keys(['example_task_group_decorator']) retrieved from /home/airflow/.local/lib/python3.7/site-packages/airflow/example_dags/example_task_group_decorator.py
[2022-12-05 12:21:32,617] {logging_mixin.py:115} INFO - [2022-12-05 12:21:32,616] {dag.py:2420} INFO - Sync 1 DAGs
[2022-12-05 12:21:32,638] {logging_mixin.py:115} INFO - [2022-12-05 12:21:32,638] {dag.py:2972} INFO - Setting next_dagrun for example_task_group_decorator to 2022-12-04T12:21:32.638498+00:00, run_after=2022-12-05T12:21:32.638498+00:00
[2022-12-05 12:21:32,654] {processor.py:161} INFO - Processing /home/airflow/.local/lib/python3.7/site-packages/airflow/example_dags/example_task_group_decorator.py took 0.217 seconds
[2022-12-05 12:22:02,836] {processor.py:153} INFO - Started process (PID=929) to work on /home/airflow/.local/lib/python3.7/site-packages/airflow/example_dags/example_task_group_decorator.py
[2022-12-05 12:22:02,837] {processor.py:641} INFO - Processing file /home/airflow/.local/lib/python3.7/site-packages/airflow/example_dags/example_task_group_decorator.py for tasks to queue
[2022-12-05 12:22:02,838] {logging_mixin.py:115} INFO - [2022-12-05 12:22:02,838] {dagbag.py:508} INFO - Filling up the DagBag from /home/airflow/.local/lib/python3.7/site-packages/airflow/example_dags/example_task_group_decorator.py
[2022-12-05 12:22:02,999] {processor.py:651} INFO - DAG(s) dict_keys(['example_task_group_decorator']) retrieved from /home/airflow/.local/lib/python3.7/site-packages/airflow/example_dags/example_task_group_decorator.py
[2022-12-05 12:22:03,025] {logging_mixin.py:115} INFO - [2022-12-05 12:22:03,025] {dag.py:2420} INFO - Sync 1 DAGs
[2022-12-05 12:22:03,049] {logging_mixin.py:115} INFO - [2022-12-05 12:22:03,048] {dag.py:2972} INFO - Setting next_dagrun for example_task_group_decorator to 2022-12-04T12:22:03.048769+00:00, run_after=2022-12-05T12:22:03.048769+00:00
[2022-12-05 12:22:03,065] {processor.py:161} INFO - Processing /home/airflow/.local/lib/python3.7/site-packages/airflow/example_dags/example_task_group_decorator.py took 0.234 seconds
[2022-12-05 12:22:33,379] {processor.py:153} INFO - Started process (PID=991) to work on /home/airflow/.local/lib/python3.7/site-packages/airflow/example_dags/example_task_group_decorator.py
[2022-12-05 12:22:33,380] {processor.py:641} INFO - Processing file /home/airflow/.local/lib/python3.7/site-packages/airflow/example_dags/example_task_group_decorator.py for tasks to queue
[2022-12-05 12:22:33,381] {logging_mixin.py:115} INFO - [2022-12-05 12:22:33,381] {dagbag.py:508} INFO - Filling up the DagBag from /home/airflow/.local/lib/python3.7/site-packages/airflow/example_dags/example_task_group_decorator.py
[2022-12-05 12:22:33,539] {processor.py:651} INFO - DAG(s) dict_keys(['example_task_group_decorator']) retrieved from /home/airflow/.local/lib/python3.7/site-packages/airflow/example_dags/example_task_group_decorator.py
[2022-12-05 12:22:33,564] {logging_mixin.py:115} INFO - [2022-12-05 12:22:33,564] {dag.py:2420} INFO - Sync 1 DAGs
[2022-12-05 12:22:33,588] {logging_mixin.py:115} INFO - [2022-12-05 12:22:33,587] {dag.py:2972} INFO - Setting next_dagrun for example_task_group_decorator to 2022-12-04T12:22:33.587775+00:00, run_after=2022-12-05T12:22:33.587775+00:00
[2022-12-05 12:22:33,604] {processor.py:161} INFO - Processing /home/airflow/.local/lib/python3.7/site-packages/airflow/example_dags/example_task_group_decorator.py took 0.230 seconds
[2022-12-05 12:23:03,753] {processor.py:153} INFO - Started process (PID=1054) to work on /home/airflow/.local/lib/python3.7/site-packages/airflow/example_dags/example_task_group_decorator.py
[2022-12-05 12:23:03,754] {processor.py:641} INFO - Processing file /home/airflow/.local/lib/python3.7/site-packages/airflow/example_dags/example_task_group_decorator.py for tasks to queue
[2022-12-05 12:23:03,755] {logging_mixin.py:115} INFO - [2022-12-05 12:23:03,755] {dagbag.py:508} INFO - Filling up the DagBag from /home/airflow/.local/lib/python3.7/site-packages/airflow/example_dags/example_task_group_decorator.py
[2022-12-05 12:23:03,933] {processor.py:651} INFO - DAG(s) dict_keys(['example_task_group_decorator']) retrieved from /home/airflow/.local/lib/python3.7/site-packages/airflow/example_dags/example_task_group_decorator.py
[2022-12-05 12:23:04,027] {logging_mixin.py:115} INFO - [2022-12-05 12:23:04,027] {dag.py:2420} INFO - Sync 1 DAGs
[2022-12-05 12:23:04,052] {logging_mixin.py:115} INFO - [2022-12-05 12:23:04,052] {dag.py:2972} INFO - Setting next_dagrun for example_task_group_decorator to 2022-12-04T12:23:04.052542+00:00, run_after=2022-12-05T12:23:04.052542+00:00
[2022-12-05 12:23:04,078] {processor.py:161} INFO - Processing /home/airflow/.local/lib/python3.7/site-packages/airflow/example_dags/example_task_group_decorator.py took 0.330 seconds
[2022-12-05 12:23:34,104] {processor.py:153} INFO - Started process (PID=1108) to work on /home/airflow/.local/lib/python3.7/site-packages/airflow/example_dags/example_task_group_decorator.py
[2022-12-05 12:23:34,108] {processor.py:641} INFO - Processing file /home/airflow/.local/lib/python3.7/site-packages/airflow/example_dags/example_task_group_decorator.py for tasks to queue
[2022-12-05 12:23:34,108] {logging_mixin.py:115} INFO - [2022-12-05 12:23:34,108] {dagbag.py:508} INFO - Filling up the DagBag from /home/airflow/.local/lib/python3.7/site-packages/airflow/example_dags/example_task_group_decorator.py
[2022-12-05 12:23:34,285] {processor.py:651} INFO - DAG(s) dict_keys(['example_task_group_decorator']) retrieved from /home/airflow/.local/lib/python3.7/site-packages/airflow/example_dags/example_task_group_decorator.py
[2022-12-05 12:23:34,361] {logging_mixin.py:115} INFO - [2022-12-05 12:23:34,361] {dag.py:2420} INFO - Sync 1 DAGs
[2022-12-05 12:23:34,384] {logging_mixin.py:115} INFO - [2022-12-05 12:23:34,384] {dag.py:2972} INFO - Setting next_dagrun for example_task_group_decorator to 2022-12-04T12:23:34.384305+00:00, run_after=2022-12-05T12:23:34.384305+00:00
[2022-12-05 12:23:34,407] {processor.py:161} INFO - Processing /home/airflow/.local/lib/python3.7/site-packages/airflow/example_dags/example_task_group_decorator.py took 0.307 seconds
[2022-12-05 12:24:04,511] {processor.py:153} INFO - Started process (PID=1172) to work on /home/airflow/.local/lib/python3.7/site-packages/airflow/example_dags/example_task_group_decorator.py
[2022-12-05 12:24:04,511] {processor.py:641} INFO - Processing file /home/airflow/.local/lib/python3.7/site-packages/airflow/example_dags/example_task_group_decorator.py for tasks to queue
[2022-12-05 12:24:04,512] {logging_mixin.py:115} INFO - [2022-12-05 12:24:04,512] {dagbag.py:508} INFO - Filling up the DagBag from /home/airflow/.local/lib/python3.7/site-packages/airflow/example_dags/example_task_group_decorator.py
[2022-12-05 12:24:04,657] {processor.py:651} INFO - DAG(s) dict_keys(['example_task_group_decorator']) retrieved from /home/airflow/.local/lib/python3.7/site-packages/airflow/example_dags/example_task_group_decorator.py
[2022-12-05 12:24:04,728] {logging_mixin.py:115} INFO - [2022-12-05 12:24:04,727] {dag.py:2420} INFO - Sync 1 DAGs
[2022-12-05 12:24:04,751] {logging_mixin.py:115} INFO - [2022-12-05 12:24:04,750] {dag.py:2972} INFO - Setting next_dagrun for example_task_group_decorator to 2022-12-04T12:24:04.750711+00:00, run_after=2022-12-05T12:24:04.750711+00:00
[2022-12-05 12:24:04,772] {processor.py:161} INFO - Processing /home/airflow/.local/lib/python3.7/site-packages/airflow/example_dags/example_task_group_decorator.py took 0.265 seconds
[2022-12-05 12:24:34,882] {processor.py:153} INFO - Started process (PID=1226) to work on /home/airflow/.local/lib/python3.7/site-packages/airflow/example_dags/example_task_group_decorator.py
[2022-12-05 12:24:34,882] {processor.py:641} INFO - Processing file /home/airflow/.local/lib/python3.7/site-packages/airflow/example_dags/example_task_group_decorator.py for tasks to queue
[2022-12-05 12:24:34,883] {logging_mixin.py:115} INFO - [2022-12-05 12:24:34,883] {dagbag.py:508} INFO - Filling up the DagBag from /home/airflow/.local/lib/python3.7/site-packages/airflow/example_dags/example_task_group_decorator.py
[2022-12-05 12:24:35,066] {processor.py:651} INFO - DAG(s) dict_keys(['example_task_group_decorator']) retrieved from /home/airflow/.local/lib/python3.7/site-packages/airflow/example_dags/example_task_group_decorator.py
[2022-12-05 12:24:35,091] {logging_mixin.py:115} INFO - [2022-12-05 12:24:35,091] {dag.py:2420} INFO - Sync 1 DAGs
[2022-12-05 12:24:35,113] {logging_mixin.py:115} INFO - [2022-12-05 12:24:35,113] {dag.py:2972} INFO - Setting next_dagrun for example_task_group_decorator to 2022-12-04T12:24:35.113605+00:00, run_after=2022-12-05T12:24:35.113605+00:00
[2022-12-05 12:24:35,127] {processor.py:161} INFO - Processing /home/airflow/.local/lib/python3.7/site-packages/airflow/example_dags/example_task_group_decorator.py took 0.251 seconds
[2022-12-05 12:25:05,430] {processor.py:153} INFO - Started process (PID=1289) to work on /home/airflow/.local/lib/python3.7/site-packages/airflow/example_dags/example_task_group_decorator.py
[2022-12-05 12:25:05,431] {processor.py:641} INFO - Processing file /home/airflow/.local/lib/python3.7/site-packages/airflow/example_dags/example_task_group_decorator.py for tasks to queue
[2022-12-05 12:25:05,432] {logging_mixin.py:115} INFO - [2022-12-05 12:25:05,431] {dagbag.py:508} INFO - Filling up the DagBag from /home/airflow/.local/lib/python3.7/site-packages/airflow/example_dags/example_task_group_decorator.py
[2022-12-05 12:25:05,602] {processor.py:651} INFO - DAG(s) dict_keys(['example_task_group_decorator']) retrieved from /home/airflow/.local/lib/python3.7/site-packages/airflow/example_dags/example_task_group_decorator.py
[2022-12-05 12:25:05,677] {logging_mixin.py:115} INFO - [2022-12-05 12:25:05,677] {dag.py:2420} INFO - Sync 1 DAGs
[2022-12-05 12:25:05,701] {logging_mixin.py:115} INFO - [2022-12-05 12:25:05,701] {dag.py:2972} INFO - Setting next_dagrun for example_task_group_decorator to 2022-12-04T12:25:05.700896+00:00, run_after=2022-12-05T12:25:05.700896+00:00
[2022-12-05 12:25:05,716] {processor.py:161} INFO - Processing /home/airflow/.local/lib/python3.7/site-packages/airflow/example_dags/example_task_group_decorator.py took 0.288 seconds
[2022-12-05 12:25:36,064] {processor.py:153} INFO - Started process (PID=1351) to work on /home/airflow/.local/lib/python3.7/site-packages/airflow/example_dags/example_task_group_decorator.py
[2022-12-05 12:25:36,065] {processor.py:641} INFO - Processing file /home/airflow/.local/lib/python3.7/site-packages/airflow/example_dags/example_task_group_decorator.py for tasks to queue
[2022-12-05 12:25:36,066] {logging_mixin.py:115} INFO - [2022-12-05 12:25:36,066] {dagbag.py:508} INFO - Filling up the DagBag from /home/airflow/.local/lib/python3.7/site-packages/airflow/example_dags/example_task_group_decorator.py
[2022-12-05 12:25:36,273] {processor.py:651} INFO - DAG(s) dict_keys(['example_task_group_decorator']) retrieved from /home/airflow/.local/lib/python3.7/site-packages/airflow/example_dags/example_task_group_decorator.py
[2022-12-05 12:25:36,365] {logging_mixin.py:115} INFO - [2022-12-05 12:25:36,365] {dag.py:2420} INFO - Sync 1 DAGs
[2022-12-05 12:25:36,393] {logging_mixin.py:115} INFO - [2022-12-05 12:25:36,392] {dag.py:2972} INFO - Setting next_dagrun for example_task_group_decorator to 2022-12-04T12:25:36.392722+00:00, run_after=2022-12-05T12:25:36.392722+00:00
[2022-12-05 12:25:36,413] {processor.py:161} INFO - Processing /home/airflow/.local/lib/python3.7/site-packages/airflow/example_dags/example_task_group_decorator.py took 0.355 seconds
[2022-12-05 12:26:06,473] {processor.py:153} INFO - Started process (PID=1405) to work on /home/airflow/.local/lib/python3.7/site-packages/airflow/example_dags/example_task_group_decorator.py
[2022-12-05 12:26:06,474] {processor.py:641} INFO - Processing file /home/airflow/.local/lib/python3.7/site-packages/airflow/example_dags/example_task_group_decorator.py for tasks to queue
[2022-12-05 12:26:06,474] {logging_mixin.py:115} INFO - [2022-12-05 12:26:06,474] {dagbag.py:508} INFO - Filling up the DagBag from /home/airflow/.local/lib/python3.7/site-packages/airflow/example_dags/example_task_group_decorator.py
[2022-12-05 12:26:06,625] {processor.py:651} INFO - DAG(s) dict_keys(['example_task_group_decorator']) retrieved from /home/airflow/.local/lib/python3.7/site-packages/airflow/example_dags/example_task_group_decorator.py
[2022-12-05 12:26:06,707] {logging_mixin.py:115} INFO - [2022-12-05 12:26:06,707] {dag.py:2420} INFO - Sync 1 DAGs
[2022-12-05 12:26:06,736] {logging_mixin.py:115} INFO - [2022-12-05 12:26:06,736] {dag.py:2972} INFO - Setting next_dagrun for example_task_group_decorator to 2022-12-04T12:26:06.735828+00:00, run_after=2022-12-05T12:26:06.735828+00:00
[2022-12-05 12:26:06,758] {processor.py:161} INFO - Processing /home/airflow/.local/lib/python3.7/site-packages/airflow/example_dags/example_task_group_decorator.py took 0.289 seconds
[2022-12-05 12:26:37,264] {processor.py:153} INFO - Started process (PID=1467) to work on /home/airflow/.local/lib/python3.7/site-packages/airflow/example_dags/example_task_group_decorator.py
[2022-12-05 12:26:37,265] {processor.py:641} INFO - Processing file /home/airflow/.local/lib/python3.7/site-packages/airflow/example_dags/example_task_group_decorator.py for tasks to queue
[2022-12-05 12:26:37,266] {logging_mixin.py:115} INFO - [2022-12-05 12:26:37,266] {dagbag.py:508} INFO - Filling up the DagBag from /home/airflow/.local/lib/python3.7/site-packages/airflow/example_dags/example_task_group_decorator.py
[2022-12-05 12:26:37,428] {processor.py:651} INFO - DAG(s) dict_keys(['example_task_group_decorator']) retrieved from /home/airflow/.local/lib/python3.7/site-packages/airflow/example_dags/example_task_group_decorator.py
[2022-12-05 12:26:37,459] {logging_mixin.py:115} INFO - [2022-12-05 12:26:37,459] {dag.py:2420} INFO - Sync 1 DAGs
[2022-12-05 12:26:37,487] {logging_mixin.py:115} INFO - [2022-12-05 12:26:37,487] {dag.py:2972} INFO - Setting next_dagrun for example_task_group_decorator to 2022-12-04T12:26:37.486917+00:00, run_after=2022-12-05T12:26:37.486917+00:00
[2022-12-05 12:26:37,501] {processor.py:161} INFO - Processing /home/airflow/.local/lib/python3.7/site-packages/airflow/example_dags/example_task_group_decorator.py took 0.241 seconds
[2022-12-05 12:27:07,752] {processor.py:153} INFO - Started process (PID=1521) to work on /home/airflow/.local/lib/python3.7/site-packages/airflow/example_dags/example_task_group_decorator.py
[2022-12-05 12:27:07,753] {processor.py:641} INFO - Processing file /home/airflow/.local/lib/python3.7/site-packages/airflow/example_dags/example_task_group_decorator.py for tasks to queue
[2022-12-05 12:27:07,753] {logging_mixin.py:115} INFO - [2022-12-05 12:27:07,753] {dagbag.py:508} INFO - Filling up the DagBag from /home/airflow/.local/lib/python3.7/site-packages/airflow/example_dags/example_task_group_decorator.py
[2022-12-05 12:27:07,916] {processor.py:651} INFO - DAG(s) dict_keys(['example_task_group_decorator']) retrieved from /home/airflow/.local/lib/python3.7/site-packages/airflow/example_dags/example_task_group_decorator.py
[2022-12-05 12:27:07,988] {logging_mixin.py:115} INFO - [2022-12-05 12:27:07,988] {dag.py:2420} INFO - Sync 1 DAGs
[2022-12-05 12:27:08,020] {logging_mixin.py:115} INFO - [2022-12-05 12:27:08,020] {dag.py:2972} INFO - Setting next_dagrun for example_task_group_decorator to 2022-12-04T12:27:08.019640+00:00, run_after=2022-12-05T12:27:08.019640+00:00
[2022-12-05 12:27:08,043] {processor.py:161} INFO - Processing /home/airflow/.local/lib/python3.7/site-packages/airflow/example_dags/example_task_group_decorator.py took 0.297 seconds
[2022-12-05 12:27:38,152] {processor.py:153} INFO - Started process (PID=1584) to work on /home/airflow/.local/lib/python3.7/site-packages/airflow/example_dags/example_task_group_decorator.py
[2022-12-05 12:27:38,153] {processor.py:641} INFO - Processing file /home/airflow/.local/lib/python3.7/site-packages/airflow/example_dags/example_task_group_decorator.py for tasks to queue
[2022-12-05 12:27:38,154] {logging_mixin.py:115} INFO - [2022-12-05 12:27:38,154] {dagbag.py:508} INFO - Filling up the DagBag from /home/airflow/.local/lib/python3.7/site-packages/airflow/example_dags/example_task_group_decorator.py
[2022-12-05 12:27:38,337] {processor.py:651} INFO - DAG(s) dict_keys(['example_task_group_decorator']) retrieved from /home/airflow/.local/lib/python3.7/site-packages/airflow/example_dags/example_task_group_decorator.py
[2022-12-05 12:27:38,364] {logging_mixin.py:115} INFO - [2022-12-05 12:27:38,364] {dag.py:2420} INFO - Sync 1 DAGs
[2022-12-05 12:27:38,387] {logging_mixin.py:115} INFO - [2022-12-05 12:27:38,387] {dag.py:2972} INFO - Setting next_dagrun for example_task_group_decorator to 2022-12-04T12:27:38.387580+00:00, run_after=2022-12-05T12:27:38.387580+00:00
[2022-12-05 12:27:38,404] {processor.py:161} INFO - Processing /home/airflow/.local/lib/python3.7/site-packages/airflow/example_dags/example_task_group_decorator.py took 0.257 seconds
[2022-12-05 12:28:08,782] {processor.py:153} INFO - Started process (PID=1647) to work on /home/airflow/.local/lib/python3.7/site-packages/airflow/example_dags/example_task_group_decorator.py
[2022-12-05 12:28:08,783] {processor.py:641} INFO - Processing file /home/airflow/.local/lib/python3.7/site-packages/airflow/example_dags/example_task_group_decorator.py for tasks to queue
[2022-12-05 12:28:08,783] {logging_mixin.py:115} INFO - [2022-12-05 12:28:08,783] {dagbag.py:508} INFO - Filling up the DagBag from /home/airflow/.local/lib/python3.7/site-packages/airflow/example_dags/example_task_group_decorator.py
[2022-12-05 12:28:08,944] {processor.py:651} INFO - DAG(s) dict_keys(['example_task_group_decorator']) retrieved from /home/airflow/.local/lib/python3.7/site-packages/airflow/example_dags/example_task_group_decorator.py
[2022-12-05 12:28:09,010] {logging_mixin.py:115} INFO - [2022-12-05 12:28:09,010] {dag.py:2420} INFO - Sync 1 DAGs
[2022-12-05 12:28:09,032] {logging_mixin.py:115} INFO - [2022-12-05 12:28:09,032] {dag.py:2972} INFO - Setting next_dagrun for example_task_group_decorator to 2022-12-04T12:28:09.031834+00:00, run_after=2022-12-05T12:28:09.031834+00:00
[2022-12-05 12:28:09,046] {processor.py:161} INFO - Processing /home/airflow/.local/lib/python3.7/site-packages/airflow/example_dags/example_task_group_decorator.py took 0.270 seconds
[2022-12-05 12:28:39,272] {processor.py:153} INFO - Started process (PID=1701) to work on /home/airflow/.local/lib/python3.7/site-packages/airflow/example_dags/example_task_group_decorator.py
[2022-12-05 12:28:39,273] {processor.py:641} INFO - Processing file /home/airflow/.local/lib/python3.7/site-packages/airflow/example_dags/example_task_group_decorator.py for tasks to queue
[2022-12-05 12:28:39,274] {logging_mixin.py:115} INFO - [2022-12-05 12:28:39,274] {dagbag.py:508} INFO - Filling up the DagBag from /home/airflow/.local/lib/python3.7/site-packages/airflow/example_dags/example_task_group_decorator.py
[2022-12-05 12:28:39,430] {processor.py:651} INFO - DAG(s) dict_keys(['example_task_group_decorator']) retrieved from /home/airflow/.local/lib/python3.7/site-packages/airflow/example_dags/example_task_group_decorator.py
[2022-12-05 12:28:39,455] {logging_mixin.py:115} INFO - [2022-12-05 12:28:39,455] {dag.py:2420} INFO - Sync 1 DAGs
[2022-12-05 12:28:39,479] {logging_mixin.py:115} INFO - [2022-12-05 12:28:39,478] {dag.py:2972} INFO - Setting next_dagrun for example_task_group_decorator to 2022-12-04T12:28:39.478642+00:00, run_after=2022-12-05T12:28:39.478642+00:00
[2022-12-05 12:28:39,495] {processor.py:161} INFO - Processing /home/airflow/.local/lib/python3.7/site-packages/airflow/example_dags/example_task_group_decorator.py took 0.228 seconds
[2022-12-05 12:29:09,593] {processor.py:153} INFO - Started process (PID=1764) to work on /home/airflow/.local/lib/python3.7/site-packages/airflow/example_dags/example_task_group_decorator.py
[2022-12-05 12:29:09,593] {processor.py:641} INFO - Processing file /home/airflow/.local/lib/python3.7/site-packages/airflow/example_dags/example_task_group_decorator.py for tasks to queue
[2022-12-05 12:29:09,594] {logging_mixin.py:115} INFO - [2022-12-05 12:29:09,594] {dagbag.py:508} INFO - Filling up the DagBag from /home/airflow/.local/lib/python3.7/site-packages/airflow/example_dags/example_task_group_decorator.py
[2022-12-05 12:29:09,752] {processor.py:651} INFO - DAG(s) dict_keys(['example_task_group_decorator']) retrieved from /home/airflow/.local/lib/python3.7/site-packages/airflow/example_dags/example_task_group_decorator.py
[2022-12-05 12:29:09,782] {logging_mixin.py:115} INFO - [2022-12-05 12:29:09,782] {dag.py:2420} INFO - Sync 1 DAGs
[2022-12-05 12:29:09,813] {logging_mixin.py:115} INFO - [2022-12-05 12:29:09,813] {dag.py:2972} INFO - Setting next_dagrun for example_task_group_decorator to 2022-12-04T12:29:09.813218+00:00, run_after=2022-12-05T12:29:09.813218+00:00
[2022-12-05 12:29:09,831] {processor.py:161} INFO - Processing /home/airflow/.local/lib/python3.7/site-packages/airflow/example_dags/example_task_group_decorator.py took 0.244 seconds
[2022-12-05 12:29:40,617] {processor.py:153} INFO - Started process (PID=1824) to work on /home/airflow/.local/lib/python3.7/site-packages/airflow/example_dags/example_task_group_decorator.py
[2022-12-05 12:29:40,618] {processor.py:641} INFO - Processing file /home/airflow/.local/lib/python3.7/site-packages/airflow/example_dags/example_task_group_decorator.py for tasks to queue
[2022-12-05 12:29:40,619] {logging_mixin.py:115} INFO - [2022-12-05 12:29:40,619] {dagbag.py:508} INFO - Filling up the DagBag from /home/airflow/.local/lib/python3.7/site-packages/airflow/example_dags/example_task_group_decorator.py
[2022-12-05 12:29:40,815] {processor.py:651} INFO - DAG(s) dict_keys(['example_task_group_decorator']) retrieved from /home/airflow/.local/lib/python3.7/site-packages/airflow/example_dags/example_task_group_decorator.py
[2022-12-05 12:29:40,920] {logging_mixin.py:115} INFO - [2022-12-05 12:29:40,920] {dag.py:2420} INFO - Sync 1 DAGs
[2022-12-05 12:29:40,957] {logging_mixin.py:115} INFO - [2022-12-05 12:29:40,957] {dag.py:2972} INFO - Setting next_dagrun for example_task_group_decorator to 2022-12-04T12:29:40.957043+00:00, run_after=2022-12-05T12:29:40.957043+00:00
[2022-12-05 12:29:40,982] {processor.py:161} INFO - Processing /home/airflow/.local/lib/python3.7/site-packages/airflow/example_dags/example_task_group_decorator.py took 0.373 seconds
[2022-12-05 12:30:11,303] {processor.py:153} INFO - Started process (PID=1880) to work on /home/airflow/.local/lib/python3.7/site-packages/airflow/example_dags/example_task_group_decorator.py
[2022-12-05 12:30:11,304] {processor.py:641} INFO - Processing file /home/airflow/.local/lib/python3.7/site-packages/airflow/example_dags/example_task_group_decorator.py for tasks to queue
[2022-12-05 12:30:11,305] {logging_mixin.py:115} INFO - [2022-12-05 12:30:11,305] {dagbag.py:508} INFO - Filling up the DagBag from /home/airflow/.local/lib/python3.7/site-packages/airflow/example_dags/example_task_group_decorator.py
[2022-12-05 12:30:11,466] {processor.py:651} INFO - DAG(s) dict_keys(['example_task_group_decorator']) retrieved from /home/airflow/.local/lib/python3.7/site-packages/airflow/example_dags/example_task_group_decorator.py
[2022-12-05 12:30:11,537] {logging_mixin.py:115} INFO - [2022-12-05 12:30:11,537] {dag.py:2420} INFO - Sync 1 DAGs
[2022-12-05 12:30:11,561] {logging_mixin.py:115} INFO - [2022-12-05 12:30:11,561] {dag.py:2972} INFO - Setting next_dagrun for example_task_group_decorator to 2022-12-04T12:30:11.560904+00:00, run_after=2022-12-05T12:30:11.560904+00:00
[2022-12-05 12:30:11,580] {processor.py:161} INFO - Processing /home/airflow/.local/lib/python3.7/site-packages/airflow/example_dags/example_task_group_decorator.py took 0.282 seconds
[2022-12-05 12:30:42,302] {processor.py:153} INFO - Started process (PID=1943) to work on /home/airflow/.local/lib/python3.7/site-packages/airflow/example_dags/example_task_group_decorator.py
[2022-12-05 12:30:42,303] {processor.py:641} INFO - Processing file /home/airflow/.local/lib/python3.7/site-packages/airflow/example_dags/example_task_group_decorator.py for tasks to queue
[2022-12-05 12:30:42,304] {logging_mixin.py:115} INFO - [2022-12-05 12:30:42,303] {dagbag.py:508} INFO - Filling up the DagBag from /home/airflow/.local/lib/python3.7/site-packages/airflow/example_dags/example_task_group_decorator.py
[2022-12-05 12:30:42,486] {processor.py:651} INFO - DAG(s) dict_keys(['example_task_group_decorator']) retrieved from /home/airflow/.local/lib/python3.7/site-packages/airflow/example_dags/example_task_group_decorator.py
[2022-12-05 12:30:42,514] {logging_mixin.py:115} INFO - [2022-12-05 12:30:42,514] {dag.py:2420} INFO - Sync 1 DAGs
[2022-12-05 12:30:42,539] {logging_mixin.py:115} INFO - [2022-12-05 12:30:42,539] {dag.py:2972} INFO - Setting next_dagrun for example_task_group_decorator to 2022-12-04T12:30:42.539409+00:00, run_after=2022-12-05T12:30:42.539409+00:00
[2022-12-05 12:30:42,557] {processor.py:161} INFO - Processing /home/airflow/.local/lib/python3.7/site-packages/airflow/example_dags/example_task_group_decorator.py took 0.260 seconds
[2022-12-05 12:31:12,622] {processor.py:153} INFO - Started process (PID=1996) to work on /home/airflow/.local/lib/python3.7/site-packages/airflow/example_dags/example_task_group_decorator.py
[2022-12-05 12:31:12,623] {processor.py:641} INFO - Processing file /home/airflow/.local/lib/python3.7/site-packages/airflow/example_dags/example_task_group_decorator.py for tasks to queue
[2022-12-05 12:31:12,624] {logging_mixin.py:115} INFO - [2022-12-05 12:31:12,624] {dagbag.py:508} INFO - Filling up the DagBag from /home/airflow/.local/lib/python3.7/site-packages/airflow/example_dags/example_task_group_decorator.py
[2022-12-05 12:31:12,784] {processor.py:651} INFO - DAG(s) dict_keys(['example_task_group_decorator']) retrieved from /home/airflow/.local/lib/python3.7/site-packages/airflow/example_dags/example_task_group_decorator.py
[2022-12-05 12:31:12,855] {logging_mixin.py:115} INFO - [2022-12-05 12:31:12,855] {dag.py:2420} INFO - Sync 1 DAGs
[2022-12-05 12:31:12,879] {logging_mixin.py:115} INFO - [2022-12-05 12:31:12,879] {dag.py:2972} INFO - Setting next_dagrun for example_task_group_decorator to 2022-12-04T12:31:12.879002+00:00, run_after=2022-12-05T12:31:12.879002+00:00
[2022-12-05 12:31:12,899] {processor.py:161} INFO - Processing /home/airflow/.local/lib/python3.7/site-packages/airflow/example_dags/example_task_group_decorator.py took 0.282 seconds
[2022-12-05 12:31:43,522] {processor.py:153} INFO - Started process (PID=2060) to work on /home/airflow/.local/lib/python3.7/site-packages/airflow/example_dags/example_task_group_decorator.py
[2022-12-05 12:31:43,522] {processor.py:641} INFO - Processing file /home/airflow/.local/lib/python3.7/site-packages/airflow/example_dags/example_task_group_decorator.py for tasks to queue
[2022-12-05 12:31:43,523] {logging_mixin.py:115} INFO - [2022-12-05 12:31:43,523] {dagbag.py:508} INFO - Filling up the DagBag from /home/airflow/.local/lib/python3.7/site-packages/airflow/example_dags/example_task_group_decorator.py
[2022-12-05 12:31:43,694] {processor.py:651} INFO - DAG(s) dict_keys(['example_task_group_decorator']) retrieved from /home/airflow/.local/lib/python3.7/site-packages/airflow/example_dags/example_task_group_decorator.py
[2022-12-05 12:31:43,767] {logging_mixin.py:115} INFO - [2022-12-05 12:31:43,766] {dag.py:2420} INFO - Sync 1 DAGs
[2022-12-05 12:31:43,790] {logging_mixin.py:115} INFO - [2022-12-05 12:31:43,790] {dag.py:2972} INFO - Setting next_dagrun for example_task_group_decorator to 2022-12-04T12:31:43.790180+00:00, run_after=2022-12-05T12:31:43.790180+00:00
[2022-12-05 12:31:43,810] {processor.py:161} INFO - Processing /home/airflow/.local/lib/python3.7/site-packages/airflow/example_dags/example_task_group_decorator.py took 0.294 seconds
[2022-12-05 12:32:14,257] {processor.py:153} INFO - Started process (PID=2123) to work on /home/airflow/.local/lib/python3.7/site-packages/airflow/example_dags/example_task_group_decorator.py
[2022-12-05 12:32:14,258] {processor.py:641} INFO - Processing file /home/airflow/.local/lib/python3.7/site-packages/airflow/example_dags/example_task_group_decorator.py for tasks to queue
[2022-12-05 12:32:14,259] {logging_mixin.py:115} INFO - [2022-12-05 12:32:14,259] {dagbag.py:508} INFO - Filling up the DagBag from /home/airflow/.local/lib/python3.7/site-packages/airflow/example_dags/example_task_group_decorator.py
[2022-12-05 12:32:14,436] {processor.py:651} INFO - DAG(s) dict_keys(['example_task_group_decorator']) retrieved from /home/airflow/.local/lib/python3.7/site-packages/airflow/example_dags/example_task_group_decorator.py
[2022-12-05 12:32:14,534] {logging_mixin.py:115} INFO - [2022-12-05 12:32:14,534] {dag.py:2420} INFO - Sync 1 DAGs
[2022-12-05 12:32:14,563] {logging_mixin.py:115} INFO - [2022-12-05 12:32:14,563] {dag.py:2972} INFO - Setting next_dagrun for example_task_group_decorator to 2022-12-04T12:32:14.562893+00:00, run_after=2022-12-05T12:32:14.562893+00:00
[2022-12-05 12:32:14,581] {processor.py:161} INFO - Processing /home/airflow/.local/lib/python3.7/site-packages/airflow/example_dags/example_task_group_decorator.py took 0.328 seconds
[2022-12-05 12:32:44,846] {processor.py:153} INFO - Started process (PID=2177) to work on /home/airflow/.local/lib/python3.7/site-packages/airflow/example_dags/example_task_group_decorator.py
[2022-12-05 12:32:44,848] {processor.py:641} INFO - Processing file /home/airflow/.local/lib/python3.7/site-packages/airflow/example_dags/example_task_group_decorator.py for tasks to queue
[2022-12-05 12:32:44,849] {logging_mixin.py:115} INFO - [2022-12-05 12:32:44,848] {dagbag.py:508} INFO - Filling up the DagBag from /home/airflow/.local/lib/python3.7/site-packages/airflow/example_dags/example_task_group_decorator.py
[2022-12-05 12:32:45,003] {processor.py:651} INFO - DAG(s) dict_keys(['example_task_group_decorator']) retrieved from /home/airflow/.local/lib/python3.7/site-packages/airflow/example_dags/example_task_group_decorator.py
[2022-12-05 12:32:45,070] {logging_mixin.py:115} INFO - [2022-12-05 12:32:45,070] {dag.py:2420} INFO - Sync 1 DAGs
[2022-12-05 12:32:45,093] {logging_mixin.py:115} INFO - [2022-12-05 12:32:45,092] {dag.py:2972} INFO - Setting next_dagrun for example_task_group_decorator to 2022-12-04T12:32:45.092734+00:00, run_after=2022-12-05T12:32:45.092734+00:00
[2022-12-05 12:32:45,111] {processor.py:161} INFO - Processing /home/airflow/.local/lib/python3.7/site-packages/airflow/example_dags/example_task_group_decorator.py took 0.268 seconds
