[2022-12-05 12:14:52,713] {processor.py:153} INFO - Started process (PID=93) to work on /home/airflow/.local/lib/python3.7/site-packages/airflow/example_dags/example_latest_only_with_trigger.py
[2022-12-05 12:14:52,713] {processor.py:641} INFO - Processing file /home/airflow/.local/lib/python3.7/site-packages/airflow/example_dags/example_latest_only_with_trigger.py for tasks to queue
[2022-12-05 12:14:52,714] {logging_mixin.py:115} INFO - [2022-12-05 12:14:52,714] {dagbag.py:508} INFO - Filling up the DagBag from /home/airflow/.local/lib/python3.7/site-packages/airflow/example_dags/example_latest_only_with_trigger.py
[2022-12-05 12:14:52,722] {processor.py:651} INFO - DAG(s) dict_keys(['latest_only_with_trigger']) retrieved from /home/airflow/.local/lib/python3.7/site-packages/airflow/example_dags/example_latest_only_with_trigger.py
[2022-12-05 12:14:52,768] {logging_mixin.py:115} INFO - [2022-12-05 12:14:52,768] {dag.py:2420} INFO - Sync 1 DAGs
[2022-12-05 12:14:52,948] {logging_mixin.py:115} INFO - [2022-12-05 12:14:52,948] {dag.py:2972} INFO - Setting next_dagrun for latest_only_with_trigger to 2022-12-05T08:14:52.948352+00:00, run_after=2022-12-05T12:14:52.948352+00:00
[2022-12-05 12:14:52,973] {processor.py:161} INFO - Processing /home/airflow/.local/lib/python3.7/site-packages/airflow/example_dags/example_latest_only_with_trigger.py took 0.264 seconds
[2022-12-05 12:15:23,387] {processor.py:153} INFO - Started process (PID=145) to work on /home/airflow/.local/lib/python3.7/site-packages/airflow/example_dags/example_latest_only_with_trigger.py
[2022-12-05 12:15:23,388] {processor.py:641} INFO - Processing file /home/airflow/.local/lib/python3.7/site-packages/airflow/example_dags/example_latest_only_with_trigger.py for tasks to queue
[2022-12-05 12:15:23,390] {logging_mixin.py:115} INFO - [2022-12-05 12:15:23,389] {dagbag.py:508} INFO - Filling up the DagBag from /home/airflow/.local/lib/python3.7/site-packages/airflow/example_dags/example_latest_only_with_trigger.py
[2022-12-05 12:15:23,397] {processor.py:651} INFO - DAG(s) dict_keys(['latest_only_with_trigger']) retrieved from /home/airflow/.local/lib/python3.7/site-packages/airflow/example_dags/example_latest_only_with_trigger.py
[2022-12-05 12:15:23,438] {logging_mixin.py:115} INFO - [2022-12-05 12:15:23,438] {dag.py:2420} INFO - Sync 1 DAGs
[2022-12-05 12:15:23,611] {logging_mixin.py:115} INFO - [2022-12-05 12:15:23,611] {dag.py:2972} INFO - Setting next_dagrun for latest_only_with_trigger to 2022-12-05T08:15:23.611362+00:00, run_after=2022-12-05T12:15:23.611362+00:00
[2022-12-05 12:15:23,631] {processor.py:161} INFO - Processing /home/airflow/.local/lib/python3.7/site-packages/airflow/example_dags/example_latest_only_with_trigger.py took 0.252 seconds
[2022-12-05 12:15:53,760] {processor.py:153} INFO - Started process (PID=208) to work on /home/airflow/.local/lib/python3.7/site-packages/airflow/example_dags/example_latest_only_with_trigger.py
[2022-12-05 12:15:53,761] {processor.py:641} INFO - Processing file /home/airflow/.local/lib/python3.7/site-packages/airflow/example_dags/example_latest_only_with_trigger.py for tasks to queue
[2022-12-05 12:15:53,761] {logging_mixin.py:115} INFO - [2022-12-05 12:15:53,761] {dagbag.py:508} INFO - Filling up the DagBag from /home/airflow/.local/lib/python3.7/site-packages/airflow/example_dags/example_latest_only_with_trigger.py
[2022-12-05 12:15:53,768] {processor.py:651} INFO - DAG(s) dict_keys(['latest_only_with_trigger']) retrieved from /home/airflow/.local/lib/python3.7/site-packages/airflow/example_dags/example_latest_only_with_trigger.py
[2022-12-05 12:15:53,804] {logging_mixin.py:115} INFO - [2022-12-05 12:15:53,804] {dag.py:2420} INFO - Sync 1 DAGs
[2022-12-05 12:15:53,968] {logging_mixin.py:115} INFO - [2022-12-05 12:15:53,967] {dag.py:2972} INFO - Setting next_dagrun for latest_only_with_trigger to 2022-12-05T08:15:53.967712+00:00, run_after=2022-12-05T12:15:53.967712+00:00
[2022-12-05 12:15:53,988] {processor.py:161} INFO - Processing /home/airflow/.local/lib/python3.7/site-packages/airflow/example_dags/example_latest_only_with_trigger.py took 0.231 seconds
[2022-12-05 12:16:25,220] {processor.py:153} INFO - Started process (PID=265) to work on /home/airflow/.local/lib/python3.7/site-packages/airflow/example_dags/example_latest_only_with_trigger.py
[2022-12-05 12:16:25,220] {processor.py:641} INFO - Processing file /home/airflow/.local/lib/python3.7/site-packages/airflow/example_dags/example_latest_only_with_trigger.py for tasks to queue
[2022-12-05 12:16:25,221] {logging_mixin.py:115} INFO - [2022-12-05 12:16:25,221] {dagbag.py:508} INFO - Filling up the DagBag from /home/airflow/.local/lib/python3.7/site-packages/airflow/example_dags/example_latest_only_with_trigger.py
[2022-12-05 12:16:25,226] {processor.py:651} INFO - DAG(s) dict_keys(['latest_only_with_trigger']) retrieved from /home/airflow/.local/lib/python3.7/site-packages/airflow/example_dags/example_latest_only_with_trigger.py
[2022-12-05 12:16:25,278] {logging_mixin.py:115} INFO - [2022-12-05 12:16:25,278] {dag.py:2420} INFO - Sync 1 DAGs
[2022-12-05 12:16:25,422] {logging_mixin.py:115} INFO - [2022-12-05 12:16:25,421] {dag.py:2972} INFO - Setting next_dagrun for latest_only_with_trigger to 2022-12-05T08:16:25.421724+00:00, run_after=2022-12-05T12:16:25.421724+00:00
[2022-12-05 12:16:25,438] {processor.py:161} INFO - Processing /home/airflow/.local/lib/python3.7/site-packages/airflow/example_dags/example_latest_only_with_trigger.py took 0.221 seconds
[2022-12-05 12:16:55,824] {processor.py:153} INFO - Started process (PID=328) to work on /home/airflow/.local/lib/python3.7/site-packages/airflow/example_dags/example_latest_only_with_trigger.py
[2022-12-05 12:16:55,825] {processor.py:641} INFO - Processing file /home/airflow/.local/lib/python3.7/site-packages/airflow/example_dags/example_latest_only_with_trigger.py for tasks to queue
[2022-12-05 12:16:55,826] {logging_mixin.py:115} INFO - [2022-12-05 12:16:55,826] {dagbag.py:508} INFO - Filling up the DagBag from /home/airflow/.local/lib/python3.7/site-packages/airflow/example_dags/example_latest_only_with_trigger.py
[2022-12-05 12:16:55,831] {processor.py:651} INFO - DAG(s) dict_keys(['latest_only_with_trigger']) retrieved from /home/airflow/.local/lib/python3.7/site-packages/airflow/example_dags/example_latest_only_with_trigger.py
[2022-12-05 12:16:55,859] {logging_mixin.py:115} INFO - [2022-12-05 12:16:55,859] {dag.py:2420} INFO - Sync 1 DAGs
[2022-12-05 12:16:56,015] {logging_mixin.py:115} INFO - [2022-12-05 12:16:56,015] {dag.py:2972} INFO - Setting next_dagrun for latest_only_with_trigger to 2022-12-05T08:16:56.015069+00:00, run_after=2022-12-05T12:16:56.015069+00:00
[2022-12-05 12:16:56,030] {processor.py:161} INFO - Processing /home/airflow/.local/lib/python3.7/site-packages/airflow/example_dags/example_latest_only_with_trigger.py took 0.208 seconds
[2022-12-05 12:17:26,378] {processor.py:153} INFO - Started process (PID=391) to work on /home/airflow/.local/lib/python3.7/site-packages/airflow/example_dags/example_latest_only_with_trigger.py
[2022-12-05 12:17:26,400] {processor.py:641} INFO - Processing file /home/airflow/.local/lib/python3.7/site-packages/airflow/example_dags/example_latest_only_with_trigger.py for tasks to queue
[2022-12-05 12:17:26,401] {logging_mixin.py:115} INFO - [2022-12-05 12:17:26,401] {dagbag.py:508} INFO - Filling up the DagBag from /home/airflow/.local/lib/python3.7/site-packages/airflow/example_dags/example_latest_only_with_trigger.py
[2022-12-05 12:17:26,407] {processor.py:651} INFO - DAG(s) dict_keys(['latest_only_with_trigger']) retrieved from /home/airflow/.local/lib/python3.7/site-packages/airflow/example_dags/example_latest_only_with_trigger.py
[2022-12-05 12:17:26,436] {logging_mixin.py:115} INFO - [2022-12-05 12:17:26,436] {dag.py:2420} INFO - Sync 1 DAGs
[2022-12-05 12:17:26,558] {logging_mixin.py:115} INFO - [2022-12-05 12:17:26,558] {dag.py:2972} INFO - Setting next_dagrun for latest_only_with_trigger to 2022-12-05T08:17:26.557857+00:00, run_after=2022-12-05T12:17:26.557857+00:00
[2022-12-05 12:17:26,571] {processor.py:161} INFO - Processing /home/airflow/.local/lib/python3.7/site-packages/airflow/example_dags/example_latest_only_with_trigger.py took 0.196 seconds
[2022-12-05 12:17:57,030] {processor.py:153} INFO - Started process (PID=445) to work on /home/airflow/.local/lib/python3.7/site-packages/airflow/example_dags/example_latest_only_with_trigger.py
[2022-12-05 12:17:57,030] {processor.py:641} INFO - Processing file /home/airflow/.local/lib/python3.7/site-packages/airflow/example_dags/example_latest_only_with_trigger.py for tasks to queue
[2022-12-05 12:17:57,031] {logging_mixin.py:115} INFO - [2022-12-05 12:17:57,031] {dagbag.py:508} INFO - Filling up the DagBag from /home/airflow/.local/lib/python3.7/site-packages/airflow/example_dags/example_latest_only_with_trigger.py
[2022-12-05 12:17:57,036] {processor.py:651} INFO - DAG(s) dict_keys(['latest_only_with_trigger']) retrieved from /home/airflow/.local/lib/python3.7/site-packages/airflow/example_dags/example_latest_only_with_trigger.py
[2022-12-05 12:17:57,065] {logging_mixin.py:115} INFO - [2022-12-05 12:17:57,064] {dag.py:2420} INFO - Sync 1 DAGs
[2022-12-05 12:17:57,197] {logging_mixin.py:115} INFO - [2022-12-05 12:17:57,197] {dag.py:2972} INFO - Setting next_dagrun for latest_only_with_trigger to 2022-12-05T08:17:57.197267+00:00, run_after=2022-12-05T12:17:57.197267+00:00
[2022-12-05 12:17:57,209] {processor.py:161} INFO - Processing /home/airflow/.local/lib/python3.7/site-packages/airflow/example_dags/example_latest_only_with_trigger.py took 0.182 seconds
[2022-12-05 12:18:27,285] {processor.py:153} INFO - Started process (PID=508) to work on /home/airflow/.local/lib/python3.7/site-packages/airflow/example_dags/example_latest_only_with_trigger.py
[2022-12-05 12:18:27,286] {processor.py:641} INFO - Processing file /home/airflow/.local/lib/python3.7/site-packages/airflow/example_dags/example_latest_only_with_trigger.py for tasks to queue
[2022-12-05 12:18:27,286] {logging_mixin.py:115} INFO - [2022-12-05 12:18:27,286] {dagbag.py:508} INFO - Filling up the DagBag from /home/airflow/.local/lib/python3.7/site-packages/airflow/example_dags/example_latest_only_with_trigger.py
[2022-12-05 12:18:27,291] {processor.py:651} INFO - DAG(s) dict_keys(['latest_only_with_trigger']) retrieved from /home/airflow/.local/lib/python3.7/site-packages/airflow/example_dags/example_latest_only_with_trigger.py
[2022-12-05 12:18:27,322] {logging_mixin.py:115} INFO - [2022-12-05 12:18:27,322] {dag.py:2420} INFO - Sync 1 DAGs
[2022-12-05 12:18:27,467] {logging_mixin.py:115} INFO - [2022-12-05 12:18:27,466] {dag.py:2972} INFO - Setting next_dagrun for latest_only_with_trigger to 2022-12-05T08:18:27.466586+00:00, run_after=2022-12-05T12:18:27.466586+00:00
[2022-12-05 12:18:27,486] {processor.py:161} INFO - Processing /home/airflow/.local/lib/python3.7/site-packages/airflow/example_dags/example_latest_only_with_trigger.py took 0.204 seconds
[2022-12-05 12:18:57,784] {processor.py:153} INFO - Started process (PID=562) to work on /home/airflow/.local/lib/python3.7/site-packages/airflow/example_dags/example_latest_only_with_trigger.py
[2022-12-05 12:18:57,784] {processor.py:641} INFO - Processing file /home/airflow/.local/lib/python3.7/site-packages/airflow/example_dags/example_latest_only_with_trigger.py for tasks to queue
[2022-12-05 12:18:57,785] {logging_mixin.py:115} INFO - [2022-12-05 12:18:57,785] {dagbag.py:508} INFO - Filling up the DagBag from /home/airflow/.local/lib/python3.7/site-packages/airflow/example_dags/example_latest_only_with_trigger.py
[2022-12-05 12:18:57,791] {processor.py:651} INFO - DAG(s) dict_keys(['latest_only_with_trigger']) retrieved from /home/airflow/.local/lib/python3.7/site-packages/airflow/example_dags/example_latest_only_with_trigger.py
[2022-12-05 12:18:57,868] {logging_mixin.py:115} INFO - [2022-12-05 12:18:57,868] {dag.py:2420} INFO - Sync 1 DAGs
[2022-12-05 12:18:58,002] {logging_mixin.py:115} INFO - [2022-12-05 12:18:58,002] {dag.py:2972} INFO - Setting next_dagrun for latest_only_with_trigger to 2022-12-05T08:18:58.002451+00:00, run_after=2022-12-05T12:18:58.002451+00:00
[2022-12-05 12:18:58,017] {processor.py:161} INFO - Processing /home/airflow/.local/lib/python3.7/site-packages/airflow/example_dags/example_latest_only_with_trigger.py took 0.236 seconds
[2022-12-05 12:19:28,948] {processor.py:153} INFO - Started process (PID=625) to work on /home/airflow/.local/lib/python3.7/site-packages/airflow/example_dags/example_latest_only_with_trigger.py
[2022-12-05 12:19:28,948] {processor.py:641} INFO - Processing file /home/airflow/.local/lib/python3.7/site-packages/airflow/example_dags/example_latest_only_with_trigger.py for tasks to queue
[2022-12-05 12:19:28,949] {logging_mixin.py:115} INFO - [2022-12-05 12:19:28,949] {dagbag.py:508} INFO - Filling up the DagBag from /home/airflow/.local/lib/python3.7/site-packages/airflow/example_dags/example_latest_only_with_trigger.py
[2022-12-05 12:19:28,953] {processor.py:651} INFO - DAG(s) dict_keys(['latest_only_with_trigger']) retrieved from /home/airflow/.local/lib/python3.7/site-packages/airflow/example_dags/example_latest_only_with_trigger.py
[2022-12-05 12:19:28,982] {logging_mixin.py:115} INFO - [2022-12-05 12:19:28,982] {dag.py:2420} INFO - Sync 1 DAGs
[2022-12-05 12:19:29,121] {logging_mixin.py:115} INFO - [2022-12-05 12:19:29,121] {dag.py:2972} INFO - Setting next_dagrun for latest_only_with_trigger to 2022-12-05T08:19:29.120999+00:00, run_after=2022-12-05T12:19:29.120999+00:00
[2022-12-05 12:19:29,134] {processor.py:161} INFO - Processing /home/airflow/.local/lib/python3.7/site-packages/airflow/example_dags/example_latest_only_with_trigger.py took 0.189 seconds
[2022-12-05 12:19:59,412] {processor.py:153} INFO - Started process (PID=688) to work on /home/airflow/.local/lib/python3.7/site-packages/airflow/example_dags/example_latest_only_with_trigger.py
[2022-12-05 12:19:59,413] {processor.py:641} INFO - Processing file /home/airflow/.local/lib/python3.7/site-packages/airflow/example_dags/example_latest_only_with_trigger.py for tasks to queue
[2022-12-05 12:19:59,414] {logging_mixin.py:115} INFO - [2022-12-05 12:19:59,414] {dagbag.py:508} INFO - Filling up the DagBag from /home/airflow/.local/lib/python3.7/site-packages/airflow/example_dags/example_latest_only_with_trigger.py
[2022-12-05 12:19:59,419] {processor.py:651} INFO - DAG(s) dict_keys(['latest_only_with_trigger']) retrieved from /home/airflow/.local/lib/python3.7/site-packages/airflow/example_dags/example_latest_only_with_trigger.py
[2022-12-05 12:19:59,463] {logging_mixin.py:115} INFO - [2022-12-05 12:19:59,463] {dag.py:2420} INFO - Sync 1 DAGs
[2022-12-05 12:19:59,590] {logging_mixin.py:115} INFO - [2022-12-05 12:19:59,590] {dag.py:2972} INFO - Setting next_dagrun for latest_only_with_trigger to 2022-12-05T08:19:59.590572+00:00, run_after=2022-12-05T12:19:59.590572+00:00
[2022-12-05 12:19:59,605] {processor.py:161} INFO - Processing /home/airflow/.local/lib/python3.7/site-packages/airflow/example_dags/example_latest_only_with_trigger.py took 0.195 seconds
[2022-12-05 12:20:30,075] {processor.py:153} INFO - Started process (PID=744) to work on /home/airflow/.local/lib/python3.7/site-packages/airflow/example_dags/example_latest_only_with_trigger.py
[2022-12-05 12:20:30,076] {processor.py:641} INFO - Processing file /home/airflow/.local/lib/python3.7/site-packages/airflow/example_dags/example_latest_only_with_trigger.py for tasks to queue
[2022-12-05 12:20:30,077] {logging_mixin.py:115} INFO - [2022-12-05 12:20:30,077] {dagbag.py:508} INFO - Filling up the DagBag from /home/airflow/.local/lib/python3.7/site-packages/airflow/example_dags/example_latest_only_with_trigger.py
[2022-12-05 12:20:30,088] {processor.py:651} INFO - DAG(s) dict_keys(['latest_only_with_trigger']) retrieved from /home/airflow/.local/lib/python3.7/site-packages/airflow/example_dags/example_latest_only_with_trigger.py
[2022-12-05 12:20:30,140] {logging_mixin.py:115} INFO - [2022-12-05 12:20:30,140] {dag.py:2420} INFO - Sync 1 DAGs
[2022-12-05 12:20:30,269] {logging_mixin.py:115} INFO - [2022-12-05 12:20:30,269] {dag.py:2972} INFO - Setting next_dagrun for latest_only_with_trigger to 2022-12-05T08:20:30.269359+00:00, run_after=2022-12-05T12:20:30.269359+00:00
[2022-12-05 12:20:30,283] {processor.py:161} INFO - Processing /home/airflow/.local/lib/python3.7/site-packages/airflow/example_dags/example_latest_only_with_trigger.py took 0.214 seconds
[2022-12-05 12:21:00,520] {processor.py:153} INFO - Started process (PID=807) to work on /home/airflow/.local/lib/python3.7/site-packages/airflow/example_dags/example_latest_only_with_trigger.py
[2022-12-05 12:21:00,521] {processor.py:641} INFO - Processing file /home/airflow/.local/lib/python3.7/site-packages/airflow/example_dags/example_latest_only_with_trigger.py for tasks to queue
[2022-12-05 12:21:00,522] {logging_mixin.py:115} INFO - [2022-12-05 12:21:00,522] {dagbag.py:508} INFO - Filling up the DagBag from /home/airflow/.local/lib/python3.7/site-packages/airflow/example_dags/example_latest_only_with_trigger.py
[2022-12-05 12:21:00,531] {processor.py:651} INFO - DAG(s) dict_keys(['latest_only_with_trigger']) retrieved from /home/airflow/.local/lib/python3.7/site-packages/airflow/example_dags/example_latest_only_with_trigger.py
[2022-12-05 12:21:00,578] {logging_mixin.py:115} INFO - [2022-12-05 12:21:00,578] {dag.py:2420} INFO - Sync 1 DAGs
[2022-12-05 12:21:00,712] {logging_mixin.py:115} INFO - [2022-12-05 12:21:00,712] {dag.py:2972} INFO - Setting next_dagrun for latest_only_with_trigger to 2022-12-05T08:21:00.711854+00:00, run_after=2022-12-05T12:21:00.711854+00:00
[2022-12-05 12:21:00,728] {processor.py:161} INFO - Processing /home/airflow/.local/lib/python3.7/site-packages/airflow/example_dags/example_latest_only_with_trigger.py took 0.212 seconds
[2022-12-05 12:21:30,828] {processor.py:153} INFO - Started process (PID=870) to work on /home/airflow/.local/lib/python3.7/site-packages/airflow/example_dags/example_latest_only_with_trigger.py
[2022-12-05 12:21:30,829] {processor.py:641} INFO - Processing file /home/airflow/.local/lib/python3.7/site-packages/airflow/example_dags/example_latest_only_with_trigger.py for tasks to queue
[2022-12-05 12:21:30,829] {logging_mixin.py:115} INFO - [2022-12-05 12:21:30,829] {dagbag.py:508} INFO - Filling up the DagBag from /home/airflow/.local/lib/python3.7/site-packages/airflow/example_dags/example_latest_only_with_trigger.py
[2022-12-05 12:21:30,837] {processor.py:651} INFO - DAG(s) dict_keys(['latest_only_with_trigger']) retrieved from /home/airflow/.local/lib/python3.7/site-packages/airflow/example_dags/example_latest_only_with_trigger.py
[2022-12-05 12:21:30,883] {logging_mixin.py:115} INFO - [2022-12-05 12:21:30,882] {dag.py:2420} INFO - Sync 1 DAGs
[2022-12-05 12:21:31,051] {logging_mixin.py:115} INFO - [2022-12-05 12:21:31,050] {dag.py:2972} INFO - Setting next_dagrun for latest_only_with_trigger to 2022-12-05T08:21:31.050795+00:00, run_after=2022-12-05T12:21:31.050795+00:00
[2022-12-05 12:21:31,064] {processor.py:161} INFO - Processing /home/airflow/.local/lib/python3.7/site-packages/airflow/example_dags/example_latest_only_with_trigger.py took 0.239 seconds
[2022-12-05 12:22:01,138] {processor.py:153} INFO - Started process (PID=923) to work on /home/airflow/.local/lib/python3.7/site-packages/airflow/example_dags/example_latest_only_with_trigger.py
[2022-12-05 12:22:01,139] {processor.py:641} INFO - Processing file /home/airflow/.local/lib/python3.7/site-packages/airflow/example_dags/example_latest_only_with_trigger.py for tasks to queue
[2022-12-05 12:22:01,139] {logging_mixin.py:115} INFO - [2022-12-05 12:22:01,139] {dagbag.py:508} INFO - Filling up the DagBag from /home/airflow/.local/lib/python3.7/site-packages/airflow/example_dags/example_latest_only_with_trigger.py
[2022-12-05 12:22:01,144] {processor.py:651} INFO - DAG(s) dict_keys(['latest_only_with_trigger']) retrieved from /home/airflow/.local/lib/python3.7/site-packages/airflow/example_dags/example_latest_only_with_trigger.py
[2022-12-05 12:22:01,168] {logging_mixin.py:115} INFO - [2022-12-05 12:22:01,168] {dag.py:2420} INFO - Sync 1 DAGs
[2022-12-05 12:22:01,295] {logging_mixin.py:115} INFO - [2022-12-05 12:22:01,295] {dag.py:2972} INFO - Setting next_dagrun for latest_only_with_trigger to 2022-12-05T08:22:01.295169+00:00, run_after=2022-12-05T12:22:01.295169+00:00
[2022-12-05 12:22:01,308] {processor.py:161} INFO - Processing /home/airflow/.local/lib/python3.7/site-packages/airflow/example_dags/example_latest_only_with_trigger.py took 0.172 seconds
[2022-12-05 12:22:31,716] {processor.py:153} INFO - Started process (PID=985) to work on /home/airflow/.local/lib/python3.7/site-packages/airflow/example_dags/example_latest_only_with_trigger.py
[2022-12-05 12:22:31,717] {processor.py:641} INFO - Processing file /home/airflow/.local/lib/python3.7/site-packages/airflow/example_dags/example_latest_only_with_trigger.py for tasks to queue
[2022-12-05 12:22:31,717] {logging_mixin.py:115} INFO - [2022-12-05 12:22:31,717] {dagbag.py:508} INFO - Filling up the DagBag from /home/airflow/.local/lib/python3.7/site-packages/airflow/example_dags/example_latest_only_with_trigger.py
[2022-12-05 12:22:31,721] {processor.py:651} INFO - DAG(s) dict_keys(['latest_only_with_trigger']) retrieved from /home/airflow/.local/lib/python3.7/site-packages/airflow/example_dags/example_latest_only_with_trigger.py
[2022-12-05 12:22:31,745] {logging_mixin.py:115} INFO - [2022-12-05 12:22:31,745] {dag.py:2420} INFO - Sync 1 DAGs
[2022-12-05 12:22:31,861] {logging_mixin.py:115} INFO - [2022-12-05 12:22:31,861] {dag.py:2972} INFO - Setting next_dagrun for latest_only_with_trigger to 2022-12-05T08:22:31.860975+00:00, run_after=2022-12-05T12:22:31.860975+00:00
[2022-12-05 12:22:31,872] {processor.py:161} INFO - Processing /home/airflow/.local/lib/python3.7/site-packages/airflow/example_dags/example_latest_only_with_trigger.py took 0.159 seconds
[2022-12-05 12:23:02,076] {processor.py:153} INFO - Started process (PID=1039) to work on /home/airflow/.local/lib/python3.7/site-packages/airflow/example_dags/example_latest_only_with_trigger.py
[2022-12-05 12:23:02,077] {processor.py:641} INFO - Processing file /home/airflow/.local/lib/python3.7/site-packages/airflow/example_dags/example_latest_only_with_trigger.py for tasks to queue
[2022-12-05 12:23:02,077] {logging_mixin.py:115} INFO - [2022-12-05 12:23:02,077] {dagbag.py:508} INFO - Filling up the DagBag from /home/airflow/.local/lib/python3.7/site-packages/airflow/example_dags/example_latest_only_with_trigger.py
[2022-12-05 12:23:02,082] {processor.py:651} INFO - DAG(s) dict_keys(['latest_only_with_trigger']) retrieved from /home/airflow/.local/lib/python3.7/site-packages/airflow/example_dags/example_latest_only_with_trigger.py
[2022-12-05 12:23:02,107] {logging_mixin.py:115} INFO - [2022-12-05 12:23:02,107] {dag.py:2420} INFO - Sync 1 DAGs
[2022-12-05 12:23:02,230] {logging_mixin.py:115} INFO - [2022-12-05 12:23:02,229] {dag.py:2972} INFO - Setting next_dagrun for latest_only_with_trigger to 2022-12-05T08:23:02.229804+00:00, run_after=2022-12-05T12:23:02.229804+00:00
[2022-12-05 12:23:02,241] {processor.py:161} INFO - Processing /home/airflow/.local/lib/python3.7/site-packages/airflow/example_dags/example_latest_only_with_trigger.py took 0.167 seconds
[2022-12-05 12:23:32,463] {processor.py:153} INFO - Started process (PID=1103) to work on /home/airflow/.local/lib/python3.7/site-packages/airflow/example_dags/example_latest_only_with_trigger.py
[2022-12-05 12:23:32,463] {processor.py:641} INFO - Processing file /home/airflow/.local/lib/python3.7/site-packages/airflow/example_dags/example_latest_only_with_trigger.py for tasks to queue
[2022-12-05 12:23:32,464] {logging_mixin.py:115} INFO - [2022-12-05 12:23:32,464] {dagbag.py:508} INFO - Filling up the DagBag from /home/airflow/.local/lib/python3.7/site-packages/airflow/example_dags/example_latest_only_with_trigger.py
[2022-12-05 12:23:32,468] {processor.py:651} INFO - DAG(s) dict_keys(['latest_only_with_trigger']) retrieved from /home/airflow/.local/lib/python3.7/site-packages/airflow/example_dags/example_latest_only_with_trigger.py
[2022-12-05 12:23:32,492] {logging_mixin.py:115} INFO - [2022-12-05 12:23:32,492] {dag.py:2420} INFO - Sync 1 DAGs
[2022-12-05 12:23:32,606] {logging_mixin.py:115} INFO - [2022-12-05 12:23:32,606] {dag.py:2972} INFO - Setting next_dagrun for latest_only_with_trigger to 2022-12-05T08:23:32.606463+00:00, run_after=2022-12-05T12:23:32.606463+00:00
[2022-12-05 12:23:32,617] {processor.py:161} INFO - Processing /home/airflow/.local/lib/python3.7/site-packages/airflow/example_dags/example_latest_only_with_trigger.py took 0.157 seconds
[2022-12-05 12:24:02,838] {processor.py:153} INFO - Started process (PID=1166) to work on /home/airflow/.local/lib/python3.7/site-packages/airflow/example_dags/example_latest_only_with_trigger.py
[2022-12-05 12:24:02,839] {processor.py:641} INFO - Processing file /home/airflow/.local/lib/python3.7/site-packages/airflow/example_dags/example_latest_only_with_trigger.py for tasks to queue
[2022-12-05 12:24:02,840] {logging_mixin.py:115} INFO - [2022-12-05 12:24:02,840] {dagbag.py:508} INFO - Filling up the DagBag from /home/airflow/.local/lib/python3.7/site-packages/airflow/example_dags/example_latest_only_with_trigger.py
[2022-12-05 12:24:02,846] {processor.py:651} INFO - DAG(s) dict_keys(['latest_only_with_trigger']) retrieved from /home/airflow/.local/lib/python3.7/site-packages/airflow/example_dags/example_latest_only_with_trigger.py
[2022-12-05 12:24:02,877] {logging_mixin.py:115} INFO - [2022-12-05 12:24:02,877] {dag.py:2420} INFO - Sync 1 DAGs
[2022-12-05 12:24:03,008] {logging_mixin.py:115} INFO - [2022-12-05 12:24:03,008] {dag.py:2972} INFO - Setting next_dagrun for latest_only_with_trigger to 2022-12-05T08:24:03.008056+00:00, run_after=2022-12-05T12:24:03.008056+00:00
[2022-12-05 12:24:03,021] {processor.py:161} INFO - Processing /home/airflow/.local/lib/python3.7/site-packages/airflow/example_dags/example_latest_only_with_trigger.py took 0.186 seconds
[2022-12-05 12:24:33,298] {processor.py:153} INFO - Started process (PID=1220) to work on /home/airflow/.local/lib/python3.7/site-packages/airflow/example_dags/example_latest_only_with_trigger.py
[2022-12-05 12:24:33,299] {processor.py:641} INFO - Processing file /home/airflow/.local/lib/python3.7/site-packages/airflow/example_dags/example_latest_only_with_trigger.py for tasks to queue
[2022-12-05 12:24:33,299] {logging_mixin.py:115} INFO - [2022-12-05 12:24:33,299] {dagbag.py:508} INFO - Filling up the DagBag from /home/airflow/.local/lib/python3.7/site-packages/airflow/example_dags/example_latest_only_with_trigger.py
[2022-12-05 12:24:33,306] {processor.py:651} INFO - DAG(s) dict_keys(['latest_only_with_trigger']) retrieved from /home/airflow/.local/lib/python3.7/site-packages/airflow/example_dags/example_latest_only_with_trigger.py
[2022-12-05 12:24:33,339] {logging_mixin.py:115} INFO - [2022-12-05 12:24:33,339] {dag.py:2420} INFO - Sync 1 DAGs
[2022-12-05 12:24:33,486] {logging_mixin.py:115} INFO - [2022-12-05 12:24:33,486] {dag.py:2972} INFO - Setting next_dagrun for latest_only_with_trigger to 2022-12-05T08:24:33.486180+00:00, run_after=2022-12-05T12:24:33.486180+00:00
[2022-12-05 12:24:33,504] {processor.py:161} INFO - Processing /home/airflow/.local/lib/python3.7/site-packages/airflow/example_dags/example_latest_only_with_trigger.py took 0.209 seconds
[2022-12-05 12:25:03,906] {processor.py:153} INFO - Started process (PID=1283) to work on /home/airflow/.local/lib/python3.7/site-packages/airflow/example_dags/example_latest_only_with_trigger.py
[2022-12-05 12:25:03,907] {processor.py:641} INFO - Processing file /home/airflow/.local/lib/python3.7/site-packages/airflow/example_dags/example_latest_only_with_trigger.py for tasks to queue
[2022-12-05 12:25:03,907] {logging_mixin.py:115} INFO - [2022-12-05 12:25:03,907] {dagbag.py:508} INFO - Filling up the DagBag from /home/airflow/.local/lib/python3.7/site-packages/airflow/example_dags/example_latest_only_with_trigger.py
[2022-12-05 12:25:03,912] {processor.py:651} INFO - DAG(s) dict_keys(['latest_only_with_trigger']) retrieved from /home/airflow/.local/lib/python3.7/site-packages/airflow/example_dags/example_latest_only_with_trigger.py
[2022-12-05 12:25:04,056] {logging_mixin.py:115} INFO - [2022-12-05 12:25:04,056] {dag.py:2420} INFO - Sync 1 DAGs
[2022-12-05 12:25:04,088] {logging_mixin.py:115} INFO - [2022-12-05 12:25:04,087] {dag.py:2972} INFO - Setting next_dagrun for latest_only_with_trigger to 2022-12-05T08:25:04.087755+00:00, run_after=2022-12-05T12:25:04.087755+00:00
[2022-12-05 12:25:04,100] {processor.py:161} INFO - Processing /home/airflow/.local/lib/python3.7/site-packages/airflow/example_dags/example_latest_only_with_trigger.py took 0.196 seconds
[2022-12-05 12:25:34,254] {processor.py:153} INFO - Started process (PID=1336) to work on /home/airflow/.local/lib/python3.7/site-packages/airflow/example_dags/example_latest_only_with_trigger.py
[2022-12-05 12:25:34,255] {processor.py:641} INFO - Processing file /home/airflow/.local/lib/python3.7/site-packages/airflow/example_dags/example_latest_only_with_trigger.py for tasks to queue
[2022-12-05 12:25:34,256] {logging_mixin.py:115} INFO - [2022-12-05 12:25:34,256] {dagbag.py:508} INFO - Filling up the DagBag from /home/airflow/.local/lib/python3.7/site-packages/airflow/example_dags/example_latest_only_with_trigger.py
[2022-12-05 12:25:34,267] {processor.py:651} INFO - DAG(s) dict_keys(['latest_only_with_trigger']) retrieved from /home/airflow/.local/lib/python3.7/site-packages/airflow/example_dags/example_latest_only_with_trigger.py
[2022-12-05 12:25:34,394] {logging_mixin.py:115} INFO - [2022-12-05 12:25:34,394] {dag.py:2420} INFO - Sync 1 DAGs
[2022-12-05 12:25:34,415] {logging_mixin.py:115} INFO - [2022-12-05 12:25:34,415] {dag.py:2972} INFO - Setting next_dagrun for latest_only_with_trigger to 2022-12-05T08:25:34.415213+00:00, run_after=2022-12-05T12:25:34.415213+00:00
[2022-12-05 12:25:34,427] {processor.py:161} INFO - Processing /home/airflow/.local/lib/python3.7/site-packages/airflow/example_dags/example_latest_only_with_trigger.py took 0.178 seconds
[2022-12-05 12:26:04,930] {processor.py:153} INFO - Started process (PID=1399) to work on /home/airflow/.local/lib/python3.7/site-packages/airflow/example_dags/example_latest_only_with_trigger.py
[2022-12-05 12:26:04,931] {processor.py:641} INFO - Processing file /home/airflow/.local/lib/python3.7/site-packages/airflow/example_dags/example_latest_only_with_trigger.py for tasks to queue
[2022-12-05 12:26:04,931] {logging_mixin.py:115} INFO - [2022-12-05 12:26:04,931] {dagbag.py:508} INFO - Filling up the DagBag from /home/airflow/.local/lib/python3.7/site-packages/airflow/example_dags/example_latest_only_with_trigger.py
[2022-12-05 12:26:04,936] {processor.py:651} INFO - DAG(s) dict_keys(['latest_only_with_trigger']) retrieved from /home/airflow/.local/lib/python3.7/site-packages/airflow/example_dags/example_latest_only_with_trigger.py
[2022-12-05 12:26:05,069] {logging_mixin.py:115} INFO - [2022-12-05 12:26:05,069] {dag.py:2420} INFO - Sync 1 DAGs
[2022-12-05 12:26:05,090] {logging_mixin.py:115} INFO - [2022-12-05 12:26:05,090] {dag.py:2972} INFO - Setting next_dagrun for latest_only_with_trigger to 2022-12-05T08:26:05.090631+00:00, run_after=2022-12-05T12:26:05.090631+00:00
[2022-12-05 12:26:05,103] {processor.py:161} INFO - Processing /home/airflow/.local/lib/python3.7/site-packages/airflow/example_dags/example_latest_only_with_trigger.py took 0.175 seconds
[2022-12-05 12:26:35,535] {processor.py:153} INFO - Started process (PID=1461) to work on /home/airflow/.local/lib/python3.7/site-packages/airflow/example_dags/example_latest_only_with_trigger.py
[2022-12-05 12:26:35,536] {processor.py:641} INFO - Processing file /home/airflow/.local/lib/python3.7/site-packages/airflow/example_dags/example_latest_only_with_trigger.py for tasks to queue
[2022-12-05 12:26:35,536] {logging_mixin.py:115} INFO - [2022-12-05 12:26:35,536] {dagbag.py:508} INFO - Filling up the DagBag from /home/airflow/.local/lib/python3.7/site-packages/airflow/example_dags/example_latest_only_with_trigger.py
[2022-12-05 12:26:35,541] {processor.py:651} INFO - DAG(s) dict_keys(['latest_only_with_trigger']) retrieved from /home/airflow/.local/lib/python3.7/site-packages/airflow/example_dags/example_latest_only_with_trigger.py
[2022-12-05 12:26:35,662] {logging_mixin.py:115} INFO - [2022-12-05 12:26:35,662] {dag.py:2420} INFO - Sync 1 DAGs
[2022-12-05 12:26:35,686] {logging_mixin.py:115} INFO - [2022-12-05 12:26:35,686] {dag.py:2972} INFO - Setting next_dagrun for latest_only_with_trigger to 2022-12-05T08:26:35.686087+00:00, run_after=2022-12-05T12:26:35.686087+00:00
[2022-12-05 12:26:35,698] {processor.py:161} INFO - Processing /home/airflow/.local/lib/python3.7/site-packages/airflow/example_dags/example_latest_only_with_trigger.py took 0.166 seconds
[2022-12-05 12:27:05,959] {processor.py:153} INFO - Started process (PID=1515) to work on /home/airflow/.local/lib/python3.7/site-packages/airflow/example_dags/example_latest_only_with_trigger.py
[2022-12-05 12:27:05,960] {processor.py:641} INFO - Processing file /home/airflow/.local/lib/python3.7/site-packages/airflow/example_dags/example_latest_only_with_trigger.py for tasks to queue
[2022-12-05 12:27:05,960] {logging_mixin.py:115} INFO - [2022-12-05 12:27:05,960] {dagbag.py:508} INFO - Filling up the DagBag from /home/airflow/.local/lib/python3.7/site-packages/airflow/example_dags/example_latest_only_with_trigger.py
[2022-12-05 12:27:05,966] {processor.py:651} INFO - DAG(s) dict_keys(['latest_only_with_trigger']) retrieved from /home/airflow/.local/lib/python3.7/site-packages/airflow/example_dags/example_latest_only_with_trigger.py
[2022-12-05 12:27:06,097] {logging_mixin.py:115} INFO - [2022-12-05 12:27:06,097] {dag.py:2420} INFO - Sync 1 DAGs
[2022-12-05 12:27:06,120] {logging_mixin.py:115} INFO - [2022-12-05 12:27:06,120] {dag.py:2972} INFO - Setting next_dagrun for latest_only_with_trigger to 2022-12-05T08:27:06.120008+00:00, run_after=2022-12-05T12:27:06.120008+00:00
[2022-12-05 12:27:06,133] {processor.py:161} INFO - Processing /home/airflow/.local/lib/python3.7/site-packages/airflow/example_dags/example_latest_only_with_trigger.py took 0.177 seconds
[2022-12-05 12:27:36,441] {processor.py:153} INFO - Started process (PID=1578) to work on /home/airflow/.local/lib/python3.7/site-packages/airflow/example_dags/example_latest_only_with_trigger.py
[2022-12-05 12:27:36,442] {processor.py:641} INFO - Processing file /home/airflow/.local/lib/python3.7/site-packages/airflow/example_dags/example_latest_only_with_trigger.py for tasks to queue
[2022-12-05 12:27:36,442] {logging_mixin.py:115} INFO - [2022-12-05 12:27:36,442] {dagbag.py:508} INFO - Filling up the DagBag from /home/airflow/.local/lib/python3.7/site-packages/airflow/example_dags/example_latest_only_with_trigger.py
[2022-12-05 12:27:36,447] {processor.py:651} INFO - DAG(s) dict_keys(['latest_only_with_trigger']) retrieved from /home/airflow/.local/lib/python3.7/site-packages/airflow/example_dags/example_latest_only_with_trigger.py
[2022-12-05 12:27:36,566] {logging_mixin.py:115} INFO - [2022-12-05 12:27:36,566] {dag.py:2420} INFO - Sync 1 DAGs
[2022-12-05 12:27:36,587] {logging_mixin.py:115} INFO - [2022-12-05 12:27:36,587] {dag.py:2972} INFO - Setting next_dagrun for latest_only_with_trigger to 2022-12-05T08:27:36.587391+00:00, run_after=2022-12-05T12:27:36.587391+00:00
[2022-12-05 12:27:36,599] {processor.py:161} INFO - Processing /home/airflow/.local/lib/python3.7/site-packages/airflow/example_dags/example_latest_only_with_trigger.py took 0.160 seconds
[2022-12-05 12:28:07,135] {processor.py:153} INFO - Started process (PID=1641) to work on /home/airflow/.local/lib/python3.7/site-packages/airflow/example_dags/example_latest_only_with_trigger.py
[2022-12-05 12:28:07,136] {processor.py:641} INFO - Processing file /home/airflow/.local/lib/python3.7/site-packages/airflow/example_dags/example_latest_only_with_trigger.py for tasks to queue
[2022-12-05 12:28:07,137] {logging_mixin.py:115} INFO - [2022-12-05 12:28:07,136] {dagbag.py:508} INFO - Filling up the DagBag from /home/airflow/.local/lib/python3.7/site-packages/airflow/example_dags/example_latest_only_with_trigger.py
[2022-12-05 12:28:07,142] {processor.py:651} INFO - DAG(s) dict_keys(['latest_only_with_trigger']) retrieved from /home/airflow/.local/lib/python3.7/site-packages/airflow/example_dags/example_latest_only_with_trigger.py
[2022-12-05 12:28:07,305] {logging_mixin.py:115} INFO - [2022-12-05 12:28:07,305] {dag.py:2420} INFO - Sync 1 DAGs
[2022-12-05 12:28:07,329] {logging_mixin.py:115} INFO - [2022-12-05 12:28:07,329] {dag.py:2972} INFO - Setting next_dagrun for latest_only_with_trigger to 2022-12-05T08:28:07.329216+00:00, run_after=2022-12-05T12:28:07.329216+00:00
[2022-12-05 12:28:07,343] {processor.py:161} INFO - Processing /home/airflow/.local/lib/python3.7/site-packages/airflow/example_dags/example_latest_only_with_trigger.py took 0.210 seconds
[2022-12-05 12:28:37,835] {processor.py:153} INFO - Started process (PID=1696) to work on /home/airflow/.local/lib/python3.7/site-packages/airflow/example_dags/example_latest_only_with_trigger.py
[2022-12-05 12:28:37,835] {processor.py:641} INFO - Processing file /home/airflow/.local/lib/python3.7/site-packages/airflow/example_dags/example_latest_only_with_trigger.py for tasks to queue
[2022-12-05 12:28:37,836] {logging_mixin.py:115} INFO - [2022-12-05 12:28:37,836] {dagbag.py:508} INFO - Filling up the DagBag from /home/airflow/.local/lib/python3.7/site-packages/airflow/example_dags/example_latest_only_with_trigger.py
[2022-12-05 12:28:37,841] {processor.py:651} INFO - DAG(s) dict_keys(['latest_only_with_trigger']) retrieved from /home/airflow/.local/lib/python3.7/site-packages/airflow/example_dags/example_latest_only_with_trigger.py
[2022-12-05 12:28:37,967] {logging_mixin.py:115} INFO - [2022-12-05 12:28:37,967] {dag.py:2420} INFO - Sync 1 DAGs
[2022-12-05 12:28:37,988] {logging_mixin.py:115} INFO - [2022-12-05 12:28:37,988] {dag.py:2972} INFO - Setting next_dagrun for latest_only_with_trigger to 2022-12-05T08:28:37.988327+00:00, run_after=2022-12-05T12:28:37.988327+00:00
[2022-12-05 12:28:38,000] {processor.py:161} INFO - Processing /home/airflow/.local/lib/python3.7/site-packages/airflow/example_dags/example_latest_only_with_trigger.py took 0.168 seconds
[2022-12-05 12:29:08,069] {processor.py:153} INFO - Started process (PID=1759) to work on /home/airflow/.local/lib/python3.7/site-packages/airflow/example_dags/example_latest_only_with_trigger.py
[2022-12-05 12:29:08,069] {processor.py:641} INFO - Processing file /home/airflow/.local/lib/python3.7/site-packages/airflow/example_dags/example_latest_only_with_trigger.py for tasks to queue
[2022-12-05 12:29:08,069] {logging_mixin.py:115} INFO - [2022-12-05 12:29:08,069] {dagbag.py:508} INFO - Filling up the DagBag from /home/airflow/.local/lib/python3.7/site-packages/airflow/example_dags/example_latest_only_with_trigger.py
[2022-12-05 12:29:08,074] {processor.py:651} INFO - DAG(s) dict_keys(['latest_only_with_trigger']) retrieved from /home/airflow/.local/lib/python3.7/site-packages/airflow/example_dags/example_latest_only_with_trigger.py
[2022-12-05 12:29:08,241] {logging_mixin.py:115} INFO - [2022-12-05 12:29:08,241] {dag.py:2420} INFO - Sync 1 DAGs
[2022-12-05 12:29:08,268] {logging_mixin.py:115} INFO - [2022-12-05 12:29:08,268] {dag.py:2972} INFO - Setting next_dagrun for latest_only_with_trigger to 2022-12-05T08:29:08.268209+00:00, run_after=2022-12-05T12:29:08.268209+00:00
[2022-12-05 12:29:08,282] {processor.py:161} INFO - Processing /home/airflow/.local/lib/python3.7/site-packages/airflow/example_dags/example_latest_only_with_trigger.py took 0.216 seconds
[2022-12-05 12:29:39,083] {processor.py:153} INFO - Started process (PID=1812) to work on /home/airflow/.local/lib/python3.7/site-packages/airflow/example_dags/example_latest_only_with_trigger.py
[2022-12-05 12:29:39,083] {processor.py:641} INFO - Processing file /home/airflow/.local/lib/python3.7/site-packages/airflow/example_dags/example_latest_only_with_trigger.py for tasks to queue
[2022-12-05 12:29:39,084] {logging_mixin.py:115} INFO - [2022-12-05 12:29:39,084] {dagbag.py:508} INFO - Filling up the DagBag from /home/airflow/.local/lib/python3.7/site-packages/airflow/example_dags/example_latest_only_with_trigger.py
[2022-12-05 12:29:39,088] {processor.py:651} INFO - DAG(s) dict_keys(['latest_only_with_trigger']) retrieved from /home/airflow/.local/lib/python3.7/site-packages/airflow/example_dags/example_latest_only_with_trigger.py
[2022-12-05 12:29:39,223] {logging_mixin.py:115} INFO - [2022-12-05 12:29:39,222] {dag.py:2420} INFO - Sync 1 DAGs
[2022-12-05 12:29:39,245] {logging_mixin.py:115} INFO - [2022-12-05 12:29:39,244] {dag.py:2972} INFO - Setting next_dagrun for latest_only_with_trigger to 2022-12-05T08:29:39.244727+00:00, run_after=2022-12-05T12:29:39.244727+00:00
[2022-12-05 12:29:39,257] {processor.py:161} INFO - Processing /home/airflow/.local/lib/python3.7/site-packages/airflow/example_dags/example_latest_only_with_trigger.py took 0.177 seconds
[2022-12-05 12:30:09,672] {processor.py:153} INFO - Started process (PID=1874) to work on /home/airflow/.local/lib/python3.7/site-packages/airflow/example_dags/example_latest_only_with_trigger.py
[2022-12-05 12:30:09,673] {processor.py:641} INFO - Processing file /home/airflow/.local/lib/python3.7/site-packages/airflow/example_dags/example_latest_only_with_trigger.py for tasks to queue
[2022-12-05 12:30:09,673] {logging_mixin.py:115} INFO - [2022-12-05 12:30:09,673] {dagbag.py:508} INFO - Filling up the DagBag from /home/airflow/.local/lib/python3.7/site-packages/airflow/example_dags/example_latest_only_with_trigger.py
[2022-12-05 12:30:09,680] {processor.py:651} INFO - DAG(s) dict_keys(['latest_only_with_trigger']) retrieved from /home/airflow/.local/lib/python3.7/site-packages/airflow/example_dags/example_latest_only_with_trigger.py
[2022-12-05 12:30:09,795] {logging_mixin.py:115} INFO - [2022-12-05 12:30:09,795] {dag.py:2420} INFO - Sync 1 DAGs
[2022-12-05 12:30:09,815] {logging_mixin.py:115} INFO - [2022-12-05 12:30:09,815] {dag.py:2972} INFO - Setting next_dagrun for latest_only_with_trigger to 2022-12-05T08:30:09.815233+00:00, run_after=2022-12-05T12:30:09.815233+00:00
[2022-12-05 12:30:09,826] {processor.py:161} INFO - Processing /home/airflow/.local/lib/python3.7/site-packages/airflow/example_dags/example_latest_only_with_trigger.py took 0.156 seconds
[2022-12-05 12:30:40,605] {processor.py:153} INFO - Started process (PID=1938) to work on /home/airflow/.local/lib/python3.7/site-packages/airflow/example_dags/example_latest_only_with_trigger.py
[2022-12-05 12:30:40,606] {processor.py:641} INFO - Processing file /home/airflow/.local/lib/python3.7/site-packages/airflow/example_dags/example_latest_only_with_trigger.py for tasks to queue
[2022-12-05 12:30:40,607] {logging_mixin.py:115} INFO - [2022-12-05 12:30:40,606] {dagbag.py:508} INFO - Filling up the DagBag from /home/airflow/.local/lib/python3.7/site-packages/airflow/example_dags/example_latest_only_with_trigger.py
[2022-12-05 12:30:40,617] {processor.py:651} INFO - DAG(s) dict_keys(['latest_only_with_trigger']) retrieved from /home/airflow/.local/lib/python3.7/site-packages/airflow/example_dags/example_latest_only_with_trigger.py
[2022-12-05 12:30:40,779] {logging_mixin.py:115} INFO - [2022-12-05 12:30:40,779] {dag.py:2420} INFO - Sync 1 DAGs
[2022-12-05 12:30:40,806] {logging_mixin.py:115} INFO - [2022-12-05 12:30:40,806] {dag.py:2972} INFO - Setting next_dagrun for latest_only_with_trigger to 2022-12-05T08:30:40.806606+00:00, run_after=2022-12-05T12:30:40.806606+00:00
[2022-12-05 12:30:40,823] {processor.py:161} INFO - Processing /home/airflow/.local/lib/python3.7/site-packages/airflow/example_dags/example_latest_only_with_trigger.py took 0.221 seconds
[2022-12-05 12:31:10,957] {processor.py:153} INFO - Started process (PID=1991) to work on /home/airflow/.local/lib/python3.7/site-packages/airflow/example_dags/example_latest_only_with_trigger.py
[2022-12-05 12:31:10,958] {processor.py:641} INFO - Processing file /home/airflow/.local/lib/python3.7/site-packages/airflow/example_dags/example_latest_only_with_trigger.py for tasks to queue
[2022-12-05 12:31:10,958] {logging_mixin.py:115} INFO - [2022-12-05 12:31:10,958] {dagbag.py:508} INFO - Filling up the DagBag from /home/airflow/.local/lib/python3.7/site-packages/airflow/example_dags/example_latest_only_with_trigger.py
[2022-12-05 12:31:10,965] {processor.py:651} INFO - DAG(s) dict_keys(['latest_only_with_trigger']) retrieved from /home/airflow/.local/lib/python3.7/site-packages/airflow/example_dags/example_latest_only_with_trigger.py
[2022-12-05 12:31:11,080] {logging_mixin.py:115} INFO - [2022-12-05 12:31:11,080] {dag.py:2420} INFO - Sync 1 DAGs
[2022-12-05 12:31:11,102] {logging_mixin.py:115} INFO - [2022-12-05 12:31:11,102] {dag.py:2972} INFO - Setting next_dagrun for latest_only_with_trigger to 2022-12-05T08:31:11.102329+00:00, run_after=2022-12-05T12:31:11.102329+00:00
[2022-12-05 12:31:11,114] {processor.py:161} INFO - Processing /home/airflow/.local/lib/python3.7/site-packages/airflow/example_dags/example_latest_only_with_trigger.py took 0.159 seconds
[2022-12-05 12:31:41,908] {processor.py:153} INFO - Started process (PID=2055) to work on /home/airflow/.local/lib/python3.7/site-packages/airflow/example_dags/example_latest_only_with_trigger.py
[2022-12-05 12:31:41,909] {processor.py:641} INFO - Processing file /home/airflow/.local/lib/python3.7/site-packages/airflow/example_dags/example_latest_only_with_trigger.py for tasks to queue
[2022-12-05 12:31:41,909] {logging_mixin.py:115} INFO - [2022-12-05 12:31:41,909] {dagbag.py:508} INFO - Filling up the DagBag from /home/airflow/.local/lib/python3.7/site-packages/airflow/example_dags/example_latest_only_with_trigger.py
[2022-12-05 12:31:41,923] {processor.py:651} INFO - DAG(s) dict_keys(['latest_only_with_trigger']) retrieved from /home/airflow/.local/lib/python3.7/site-packages/airflow/example_dags/example_latest_only_with_trigger.py
[2022-12-05 12:31:42,091] {logging_mixin.py:115} INFO - [2022-12-05 12:31:42,091] {dag.py:2420} INFO - Sync 1 DAGs
[2022-12-05 12:31:42,122] {logging_mixin.py:115} INFO - [2022-12-05 12:31:42,122] {dag.py:2972} INFO - Setting next_dagrun for latest_only_with_trigger to 2022-12-05T08:31:42.122529+00:00, run_after=2022-12-05T12:31:42.122529+00:00
[2022-12-05 12:31:42,139] {processor.py:161} INFO - Processing /home/airflow/.local/lib/python3.7/site-packages/airflow/example_dags/example_latest_only_with_trigger.py took 0.236 seconds
[2022-12-05 12:32:12,823] {processor.py:153} INFO - Started process (PID=2108) to work on /home/airflow/.local/lib/python3.7/site-packages/airflow/example_dags/example_latest_only_with_trigger.py
[2022-12-05 12:32:12,823] {processor.py:641} INFO - Processing file /home/airflow/.local/lib/python3.7/site-packages/airflow/example_dags/example_latest_only_with_trigger.py for tasks to queue
[2022-12-05 12:32:12,824] {logging_mixin.py:115} INFO - [2022-12-05 12:32:12,823] {dagbag.py:508} INFO - Filling up the DagBag from /home/airflow/.local/lib/python3.7/site-packages/airflow/example_dags/example_latest_only_with_trigger.py
[2022-12-05 12:32:12,831] {processor.py:651} INFO - DAG(s) dict_keys(['latest_only_with_trigger']) retrieved from /home/airflow/.local/lib/python3.7/site-packages/airflow/example_dags/example_latest_only_with_trigger.py
[2022-12-05 12:32:12,955] {logging_mixin.py:115} INFO - [2022-12-05 12:32:12,955] {dag.py:2420} INFO - Sync 1 DAGs
[2022-12-05 12:32:12,976] {logging_mixin.py:115} INFO - [2022-12-05 12:32:12,976] {dag.py:2972} INFO - Setting next_dagrun for latest_only_with_trigger to 2022-12-05T08:32:12.976430+00:00, run_after=2022-12-05T12:32:12.976430+00:00
[2022-12-05 12:32:12,988] {processor.py:161} INFO - Processing /home/airflow/.local/lib/python3.7/site-packages/airflow/example_dags/example_latest_only_with_trigger.py took 0.168 seconds
[2022-12-05 12:32:43,391] {processor.py:153} INFO - Started process (PID=2172) to work on /home/airflow/.local/lib/python3.7/site-packages/airflow/example_dags/example_latest_only_with_trigger.py
[2022-12-05 12:32:43,392] {processor.py:641} INFO - Processing file /home/airflow/.local/lib/python3.7/site-packages/airflow/example_dags/example_latest_only_with_trigger.py for tasks to queue
[2022-12-05 12:32:43,393] {logging_mixin.py:115} INFO - [2022-12-05 12:32:43,393] {dagbag.py:508} INFO - Filling up the DagBag from /home/airflow/.local/lib/python3.7/site-packages/airflow/example_dags/example_latest_only_with_trigger.py
[2022-12-05 12:32:43,408] {processor.py:651} INFO - DAG(s) dict_keys(['latest_only_with_trigger']) retrieved from /home/airflow/.local/lib/python3.7/site-packages/airflow/example_dags/example_latest_only_with_trigger.py
[2022-12-05 12:32:43,553] {logging_mixin.py:115} INFO - [2022-12-05 12:32:43,552] {dag.py:2420} INFO - Sync 1 DAGs
[2022-12-05 12:32:43,575] {logging_mixin.py:115} INFO - [2022-12-05 12:32:43,575] {dag.py:2972} INFO - Setting next_dagrun for latest_only_with_trigger to 2022-12-05T08:32:43.575544+00:00, run_after=2022-12-05T12:32:43.575544+00:00
[2022-12-05 12:32:43,592] {processor.py:161} INFO - Processing /home/airflow/.local/lib/python3.7/site-packages/airflow/example_dags/example_latest_only_with_trigger.py took 0.206 seconds
