[2022-12-05 12:14:55,344] {processor.py:153} INFO - Started process (PID=103) to work on /home/airflow/.local/lib/python3.7/site-packages/airflow/example_dags/example_sla_dag.py
[2022-12-05 12:14:55,345] {processor.py:641} INFO - Processing file /home/airflow/.local/lib/python3.7/site-packages/airflow/example_dags/example_sla_dag.py for tasks to queue
[2022-12-05 12:14:55,345] {logging_mixin.py:115} INFO - [2022-12-05 12:14:55,345] {dagbag.py:508} INFO - Filling up the DagBag from /home/airflow/.local/lib/python3.7/site-packages/airflow/example_dags/example_sla_dag.py
[2022-12-05 12:14:55,389] {processor.py:651} INFO - DAG(s) dict_keys(['example_sla_dag']) retrieved from /home/airflow/.local/lib/python3.7/site-packages/airflow/example_dags/example_sla_dag.py
[2022-12-05 12:14:55,648] {logging_mixin.py:115} INFO - [2022-12-05 12:14:55,648] {dag.py:2420} INFO - Sync 1 DAGs
[2022-12-05 12:14:55,724] {logging_mixin.py:115} INFO - [2022-12-05 12:14:55,724] {dag.py:2972} INFO - Setting next_dagrun for example_sla_dag to 2022-12-05T12:12:00+00:00, run_after=2022-12-05T12:14:00+00:00
[2022-12-05 12:14:55,750] {processor.py:161} INFO - Processing /home/airflow/.local/lib/python3.7/site-packages/airflow/example_dags/example_sla_dag.py took 0.413 seconds
[2022-12-05 12:15:26,191] {processor.py:153} INFO - Started process (PID=156) to work on /home/airflow/.local/lib/python3.7/site-packages/airflow/example_dags/example_sla_dag.py
[2022-12-05 12:15:26,192] {processor.py:641} INFO - Processing file /home/airflow/.local/lib/python3.7/site-packages/airflow/example_dags/example_sla_dag.py for tasks to queue
[2022-12-05 12:15:26,193] {logging_mixin.py:115} INFO - [2022-12-05 12:15:26,192] {dagbag.py:508} INFO - Filling up the DagBag from /home/airflow/.local/lib/python3.7/site-packages/airflow/example_dags/example_sla_dag.py
[2022-12-05 12:15:26,229] {processor.py:651} INFO - DAG(s) dict_keys(['example_sla_dag']) retrieved from /home/airflow/.local/lib/python3.7/site-packages/airflow/example_dags/example_sla_dag.py
[2022-12-05 12:15:26,428] {logging_mixin.py:115} INFO - [2022-12-05 12:15:26,428] {dag.py:2420} INFO - Sync 1 DAGs
[2022-12-05 12:15:26,470] {logging_mixin.py:115} INFO - [2022-12-05 12:15:26,470] {dag.py:2972} INFO - Setting next_dagrun for example_sla_dag to 2022-12-05T12:12:00+00:00, run_after=2022-12-05T12:14:00+00:00
[2022-12-05 12:15:26,491] {processor.py:161} INFO - Processing /home/airflow/.local/lib/python3.7/site-packages/airflow/example_dags/example_sla_dag.py took 0.304 seconds
[2022-12-05 12:15:56,548] {processor.py:153} INFO - Started process (PID=219) to work on /home/airflow/.local/lib/python3.7/site-packages/airflow/example_dags/example_sla_dag.py
[2022-12-05 12:15:56,549] {processor.py:641} INFO - Processing file /home/airflow/.local/lib/python3.7/site-packages/airflow/example_dags/example_sla_dag.py for tasks to queue
[2022-12-05 12:15:56,550] {logging_mixin.py:115} INFO - [2022-12-05 12:15:56,550] {dagbag.py:508} INFO - Filling up the DagBag from /home/airflow/.local/lib/python3.7/site-packages/airflow/example_dags/example_sla_dag.py
[2022-12-05 12:15:56,575] {processor.py:651} INFO - DAG(s) dict_keys(['example_sla_dag']) retrieved from /home/airflow/.local/lib/python3.7/site-packages/airflow/example_dags/example_sla_dag.py
[2022-12-05 12:15:56,739] {logging_mixin.py:115} INFO - [2022-12-05 12:15:56,738] {dag.py:2420} INFO - Sync 1 DAGs
[2022-12-05 12:15:56,769] {logging_mixin.py:115} INFO - [2022-12-05 12:15:56,769] {dag.py:2972} INFO - Setting next_dagrun for example_sla_dag to 2022-12-05T12:12:00+00:00, run_after=2022-12-05T12:14:00+00:00
[2022-12-05 12:15:56,785] {processor.py:161} INFO - Processing /home/airflow/.local/lib/python3.7/site-packages/airflow/example_dags/example_sla_dag.py took 0.240 seconds
[2022-12-05 12:16:27,683] {processor.py:153} INFO - Started process (PID=284) to work on /home/airflow/.local/lib/python3.7/site-packages/airflow/example_dags/example_sla_dag.py
[2022-12-05 12:16:27,684] {processor.py:641} INFO - Processing file /home/airflow/.local/lib/python3.7/site-packages/airflow/example_dags/example_sla_dag.py for tasks to queue
[2022-12-05 12:16:27,685] {logging_mixin.py:115} INFO - [2022-12-05 12:16:27,685] {dagbag.py:508} INFO - Filling up the DagBag from /home/airflow/.local/lib/python3.7/site-packages/airflow/example_dags/example_sla_dag.py
[2022-12-05 12:16:27,715] {processor.py:651} INFO - DAG(s) dict_keys(['example_sla_dag']) retrieved from /home/airflow/.local/lib/python3.7/site-packages/airflow/example_dags/example_sla_dag.py
[2022-12-05 12:16:27,937] {logging_mixin.py:115} INFO - [2022-12-05 12:16:27,936] {dag.py:2420} INFO - Sync 1 DAGs
[2022-12-05 12:16:27,989] {logging_mixin.py:115} INFO - [2022-12-05 12:16:27,988] {dag.py:2972} INFO - Setting next_dagrun for example_sla_dag to 2022-12-05T12:14:00+00:00, run_after=2022-12-05T12:16:00+00:00
[2022-12-05 12:16:28,008] {processor.py:161} INFO - Processing /home/airflow/.local/lib/python3.7/site-packages/airflow/example_dags/example_sla_dag.py took 0.329 seconds
[2022-12-05 12:16:58,813] {processor.py:153} INFO - Started process (PID=338) to work on /home/airflow/.local/lib/python3.7/site-packages/airflow/example_dags/example_sla_dag.py
[2022-12-05 12:16:58,817] {processor.py:641} INFO - Processing file /home/airflow/.local/lib/python3.7/site-packages/airflow/example_dags/example_sla_dag.py for tasks to queue
[2022-12-05 12:16:58,818] {logging_mixin.py:115} INFO - [2022-12-05 12:16:58,818] {dagbag.py:508} INFO - Filling up the DagBag from /home/airflow/.local/lib/python3.7/site-packages/airflow/example_dags/example_sla_dag.py
[2022-12-05 12:16:58,860] {processor.py:651} INFO - DAG(s) dict_keys(['example_sla_dag']) retrieved from /home/airflow/.local/lib/python3.7/site-packages/airflow/example_dags/example_sla_dag.py
[2022-12-05 12:16:58,995] {logging_mixin.py:115} INFO - [2022-12-05 12:16:58,995] {dag.py:2420} INFO - Sync 1 DAGs
[2022-12-05 12:16:59,021] {logging_mixin.py:115} INFO - [2022-12-05 12:16:59,021] {dag.py:2972} INFO - Setting next_dagrun for example_sla_dag to 2022-12-05T12:14:00+00:00, run_after=2022-12-05T12:16:00+00:00
[2022-12-05 12:16:59,032] {processor.py:161} INFO - Processing /home/airflow/.local/lib/python3.7/site-packages/airflow/example_dags/example_sla_dag.py took 0.224 seconds
[2022-12-05 12:17:29,598] {processor.py:153} INFO - Started process (PID=401) to work on /home/airflow/.local/lib/python3.7/site-packages/airflow/example_dags/example_sla_dag.py
[2022-12-05 12:17:29,601] {processor.py:641} INFO - Processing file /home/airflow/.local/lib/python3.7/site-packages/airflow/example_dags/example_sla_dag.py for tasks to queue
[2022-12-05 12:17:29,602] {logging_mixin.py:115} INFO - [2022-12-05 12:17:29,602] {dagbag.py:508} INFO - Filling up the DagBag from /home/airflow/.local/lib/python3.7/site-packages/airflow/example_dags/example_sla_dag.py
[2022-12-05 12:17:29,643] {processor.py:651} INFO - DAG(s) dict_keys(['example_sla_dag']) retrieved from /home/airflow/.local/lib/python3.7/site-packages/airflow/example_dags/example_sla_dag.py
[2022-12-05 12:17:29,780] {logging_mixin.py:115} INFO - [2022-12-05 12:17:29,780] {dag.py:2420} INFO - Sync 1 DAGs
[2022-12-05 12:17:29,805] {logging_mixin.py:115} INFO - [2022-12-05 12:17:29,805] {dag.py:2972} INFO - Setting next_dagrun for example_sla_dag to 2022-12-05T12:14:00+00:00, run_after=2022-12-05T12:16:00+00:00
[2022-12-05 12:17:29,817] {processor.py:161} INFO - Processing /home/airflow/.local/lib/python3.7/site-packages/airflow/example_dags/example_sla_dag.py took 0.226 seconds
[2022-12-05 12:18:00,272] {processor.py:153} INFO - Started process (PID=455) to work on /home/airflow/.local/lib/python3.7/site-packages/airflow/example_dags/example_sla_dag.py
[2022-12-05 12:18:00,275] {processor.py:641} INFO - Processing file /home/airflow/.local/lib/python3.7/site-packages/airflow/example_dags/example_sla_dag.py for tasks to queue
[2022-12-05 12:18:00,276] {logging_mixin.py:115} INFO - [2022-12-05 12:18:00,276] {dagbag.py:508} INFO - Filling up the DagBag from /home/airflow/.local/lib/python3.7/site-packages/airflow/example_dags/example_sla_dag.py
[2022-12-05 12:18:00,316] {processor.py:651} INFO - DAG(s) dict_keys(['example_sla_dag']) retrieved from /home/airflow/.local/lib/python3.7/site-packages/airflow/example_dags/example_sla_dag.py
[2022-12-05 12:18:00,463] {logging_mixin.py:115} INFO - [2022-12-05 12:18:00,463] {dag.py:2420} INFO - Sync 1 DAGs
[2022-12-05 12:18:00,496] {logging_mixin.py:115} INFO - [2022-12-05 12:18:00,496] {dag.py:2972} INFO - Setting next_dagrun for example_sla_dag to 2022-12-05T12:16:00+00:00, run_after=2022-12-05T12:18:00+00:00
[2022-12-05 12:18:00,511] {processor.py:161} INFO - Processing /home/airflow/.local/lib/python3.7/site-packages/airflow/example_dags/example_sla_dag.py took 0.244 seconds
[2022-12-05 12:18:30,608] {processor.py:153} INFO - Started process (PID=518) to work on /home/airflow/.local/lib/python3.7/site-packages/airflow/example_dags/example_sla_dag.py
[2022-12-05 12:18:30,608] {processor.py:641} INFO - Processing file /home/airflow/.local/lib/python3.7/site-packages/airflow/example_dags/example_sla_dag.py for tasks to queue
[2022-12-05 12:18:30,609] {logging_mixin.py:115} INFO - [2022-12-05 12:18:30,609] {dagbag.py:508} INFO - Filling up the DagBag from /home/airflow/.local/lib/python3.7/site-packages/airflow/example_dags/example_sla_dag.py
[2022-12-05 12:18:30,648] {processor.py:651} INFO - DAG(s) dict_keys(['example_sla_dag']) retrieved from /home/airflow/.local/lib/python3.7/site-packages/airflow/example_dags/example_sla_dag.py
[2022-12-05 12:18:30,787] {logging_mixin.py:115} INFO - [2022-12-05 12:18:30,787] {dag.py:2420} INFO - Sync 1 DAGs
[2022-12-05 12:18:30,813] {logging_mixin.py:115} INFO - [2022-12-05 12:18:30,813] {dag.py:2972} INFO - Setting next_dagrun for example_sla_dag to 2022-12-05T12:16:00+00:00, run_after=2022-12-05T12:18:00+00:00
[2022-12-05 12:18:30,827] {processor.py:161} INFO - Processing /home/airflow/.local/lib/python3.7/site-packages/airflow/example_dags/example_sla_dag.py took 0.225 seconds
[2022-12-05 12:19:01,194] {processor.py:153} INFO - Started process (PID=581) to work on /home/airflow/.local/lib/python3.7/site-packages/airflow/example_dags/example_sla_dag.py
[2022-12-05 12:19:01,195] {processor.py:641} INFO - Processing file /home/airflow/.local/lib/python3.7/site-packages/airflow/example_dags/example_sla_dag.py for tasks to queue
[2022-12-05 12:19:01,196] {logging_mixin.py:115} INFO - [2022-12-05 12:19:01,196] {dagbag.py:508} INFO - Filling up the DagBag from /home/airflow/.local/lib/python3.7/site-packages/airflow/example_dags/example_sla_dag.py
[2022-12-05 12:19:01,235] {processor.py:651} INFO - DAG(s) dict_keys(['example_sla_dag']) retrieved from /home/airflow/.local/lib/python3.7/site-packages/airflow/example_dags/example_sla_dag.py
[2022-12-05 12:19:01,368] {logging_mixin.py:115} INFO - [2022-12-05 12:19:01,368] {dag.py:2420} INFO - Sync 1 DAGs
[2022-12-05 12:19:01,394] {logging_mixin.py:115} INFO - [2022-12-05 12:19:01,394] {dag.py:2972} INFO - Setting next_dagrun for example_sla_dag to 2022-12-05T12:16:00+00:00, run_after=2022-12-05T12:18:00+00:00
[2022-12-05 12:19:01,406] {processor.py:161} INFO - Processing /home/airflow/.local/lib/python3.7/site-packages/airflow/example_dags/example_sla_dag.py took 0.217 seconds
[2022-12-05 12:19:32,120] {processor.py:153} INFO - Started process (PID=635) to work on /home/airflow/.local/lib/python3.7/site-packages/airflow/example_dags/example_sla_dag.py
[2022-12-05 12:19:32,120] {processor.py:641} INFO - Processing file /home/airflow/.local/lib/python3.7/site-packages/airflow/example_dags/example_sla_dag.py for tasks to queue
[2022-12-05 12:19:32,121] {logging_mixin.py:115} INFO - [2022-12-05 12:19:32,121] {dagbag.py:508} INFO - Filling up the DagBag from /home/airflow/.local/lib/python3.7/site-packages/airflow/example_dags/example_sla_dag.py
[2022-12-05 12:19:32,160] {processor.py:651} INFO - DAG(s) dict_keys(['example_sla_dag']) retrieved from /home/airflow/.local/lib/python3.7/site-packages/airflow/example_dags/example_sla_dag.py
[2022-12-05 12:19:32,303] {logging_mixin.py:115} INFO - [2022-12-05 12:19:32,303] {dag.py:2420} INFO - Sync 1 DAGs
[2022-12-05 12:19:32,331] {logging_mixin.py:115} INFO - [2022-12-05 12:19:32,331] {dag.py:2972} INFO - Setting next_dagrun for example_sla_dag to 2022-12-05T12:16:00+00:00, run_after=2022-12-05T12:18:00+00:00
[2022-12-05 12:19:32,344] {processor.py:161} INFO - Processing /home/airflow/.local/lib/python3.7/site-packages/airflow/example_dags/example_sla_dag.py took 0.230 seconds
[2022-12-05 12:20:02,899] {processor.py:153} INFO - Started process (PID=698) to work on /home/airflow/.local/lib/python3.7/site-packages/airflow/example_dags/example_sla_dag.py
[2022-12-05 12:20:02,900] {processor.py:641} INFO - Processing file /home/airflow/.local/lib/python3.7/site-packages/airflow/example_dags/example_sla_dag.py for tasks to queue
[2022-12-05 12:20:02,901] {logging_mixin.py:115} INFO - [2022-12-05 12:20:02,901] {dagbag.py:508} INFO - Filling up the DagBag from /home/airflow/.local/lib/python3.7/site-packages/airflow/example_dags/example_sla_dag.py
[2022-12-05 12:20:02,920] {processor.py:651} INFO - DAG(s) dict_keys(['example_sla_dag']) retrieved from /home/airflow/.local/lib/python3.7/site-packages/airflow/example_dags/example_sla_dag.py
[2022-12-05 12:20:03,068] {logging_mixin.py:115} INFO - [2022-12-05 12:20:03,068] {dag.py:2420} INFO - Sync 1 DAGs
[2022-12-05 12:20:03,101] {logging_mixin.py:115} INFO - [2022-12-05 12:20:03,101] {dag.py:2972} INFO - Setting next_dagrun for example_sla_dag to 2022-12-05T12:18:00+00:00, run_after=2022-12-05T12:20:00+00:00
[2022-12-05 12:20:03,118] {processor.py:161} INFO - Processing /home/airflow/.local/lib/python3.7/site-packages/airflow/example_dags/example_sla_dag.py took 0.222 seconds
[2022-12-05 12:20:33,351] {processor.py:153} INFO - Started process (PID=763) to work on /home/airflow/.local/lib/python3.7/site-packages/airflow/example_dags/example_sla_dag.py
[2022-12-05 12:20:33,352] {processor.py:641} INFO - Processing file /home/airflow/.local/lib/python3.7/site-packages/airflow/example_dags/example_sla_dag.py for tasks to queue
[2022-12-05 12:20:33,353] {logging_mixin.py:115} INFO - [2022-12-05 12:20:33,353] {dagbag.py:508} INFO - Filling up the DagBag from /home/airflow/.local/lib/python3.7/site-packages/airflow/example_dags/example_sla_dag.py
[2022-12-05 12:20:33,391] {processor.py:651} INFO - DAG(s) dict_keys(['example_sla_dag']) retrieved from /home/airflow/.local/lib/python3.7/site-packages/airflow/example_dags/example_sla_dag.py
[2022-12-05 12:20:33,556] {logging_mixin.py:115} INFO - [2022-12-05 12:20:33,556] {dag.py:2420} INFO - Sync 1 DAGs
[2022-12-05 12:20:33,584] {logging_mixin.py:115} INFO - [2022-12-05 12:20:33,584] {dag.py:2972} INFO - Setting next_dagrun for example_sla_dag to 2022-12-05T12:18:00+00:00, run_after=2022-12-05T12:20:00+00:00
[2022-12-05 12:20:33,597] {processor.py:161} INFO - Processing /home/airflow/.local/lib/python3.7/site-packages/airflow/example_dags/example_sla_dag.py took 0.250 seconds
[2022-12-05 12:21:03,782] {processor.py:153} INFO - Started process (PID=817) to work on /home/airflow/.local/lib/python3.7/site-packages/airflow/example_dags/example_sla_dag.py
[2022-12-05 12:21:03,783] {processor.py:641} INFO - Processing file /home/airflow/.local/lib/python3.7/site-packages/airflow/example_dags/example_sla_dag.py for tasks to queue
[2022-12-05 12:21:03,784] {logging_mixin.py:115} INFO - [2022-12-05 12:21:03,784] {dagbag.py:508} INFO - Filling up the DagBag from /home/airflow/.local/lib/python3.7/site-packages/airflow/example_dags/example_sla_dag.py
[2022-12-05 12:21:03,804] {processor.py:651} INFO - DAG(s) dict_keys(['example_sla_dag']) retrieved from /home/airflow/.local/lib/python3.7/site-packages/airflow/example_dags/example_sla_dag.py
[2022-12-05 12:21:03,940] {logging_mixin.py:115} INFO - [2022-12-05 12:21:03,940] {dag.py:2420} INFO - Sync 1 DAGs
[2022-12-05 12:21:03,965] {logging_mixin.py:115} INFO - [2022-12-05 12:21:03,965] {dag.py:2972} INFO - Setting next_dagrun for example_sla_dag to 2022-12-05T12:18:00+00:00, run_after=2022-12-05T12:20:00+00:00
[2022-12-05 12:21:03,980] {processor.py:161} INFO - Processing /home/airflow/.local/lib/python3.7/site-packages/airflow/example_dags/example_sla_dag.py took 0.203 seconds
[2022-12-05 12:21:34,161] {processor.py:153} INFO - Started process (PID=880) to work on /home/airflow/.local/lib/python3.7/site-packages/airflow/example_dags/example_sla_dag.py
[2022-12-05 12:21:34,162] {processor.py:641} INFO - Processing file /home/airflow/.local/lib/python3.7/site-packages/airflow/example_dags/example_sla_dag.py for tasks to queue
[2022-12-05 12:21:34,163] {logging_mixin.py:115} INFO - [2022-12-05 12:21:34,163] {dagbag.py:508} INFO - Filling up the DagBag from /home/airflow/.local/lib/python3.7/site-packages/airflow/example_dags/example_sla_dag.py
[2022-12-05 12:21:34,204] {processor.py:651} INFO - DAG(s) dict_keys(['example_sla_dag']) retrieved from /home/airflow/.local/lib/python3.7/site-packages/airflow/example_dags/example_sla_dag.py
[2022-12-05 12:21:34,357] {logging_mixin.py:115} INFO - [2022-12-05 12:21:34,357] {dag.py:2420} INFO - Sync 1 DAGs
[2022-12-05 12:21:34,384] {logging_mixin.py:115} INFO - [2022-12-05 12:21:34,383] {dag.py:2972} INFO - Setting next_dagrun for example_sla_dag to 2022-12-05T12:18:00+00:00, run_after=2022-12-05T12:20:00+00:00
[2022-12-05 12:21:34,395] {processor.py:161} INFO - Processing /home/airflow/.local/lib/python3.7/site-packages/airflow/example_dags/example_sla_dag.py took 0.238 seconds
[2022-12-05 12:22:04,508] {processor.py:153} INFO - Started process (PID=934) to work on /home/airflow/.local/lib/python3.7/site-packages/airflow/example_dags/example_sla_dag.py
[2022-12-05 12:22:04,511] {processor.py:641} INFO - Processing file /home/airflow/.local/lib/python3.7/site-packages/airflow/example_dags/example_sla_dag.py for tasks to queue
[2022-12-05 12:22:04,512] {logging_mixin.py:115} INFO - [2022-12-05 12:22:04,512] {dagbag.py:508} INFO - Filling up the DagBag from /home/airflow/.local/lib/python3.7/site-packages/airflow/example_dags/example_sla_dag.py
[2022-12-05 12:22:04,551] {processor.py:651} INFO - DAG(s) dict_keys(['example_sla_dag']) retrieved from /home/airflow/.local/lib/python3.7/site-packages/airflow/example_dags/example_sla_dag.py
[2022-12-05 12:22:04,709] {logging_mixin.py:115} INFO - [2022-12-05 12:22:04,709] {dag.py:2420} INFO - Sync 1 DAGs
[2022-12-05 12:22:04,736] {logging_mixin.py:115} INFO - [2022-12-05 12:22:04,736] {dag.py:2972} INFO - Setting next_dagrun for example_sla_dag to 2022-12-05T12:20:00+00:00, run_after=2022-12-05T12:22:00+00:00
[2022-12-05 12:22:04,749] {processor.py:161} INFO - Processing /home/airflow/.local/lib/python3.7/site-packages/airflow/example_dags/example_sla_dag.py took 0.246 seconds
[2022-12-05 12:22:35,068] {processor.py:153} INFO - Started process (PID=996) to work on /home/airflow/.local/lib/python3.7/site-packages/airflow/example_dags/example_sla_dag.py
[2022-12-05 12:22:35,071] {processor.py:641} INFO - Processing file /home/airflow/.local/lib/python3.7/site-packages/airflow/example_dags/example_sla_dag.py for tasks to queue
[2022-12-05 12:22:35,072] {logging_mixin.py:115} INFO - [2022-12-05 12:22:35,072] {dagbag.py:508} INFO - Filling up the DagBag from /home/airflow/.local/lib/python3.7/site-packages/airflow/example_dags/example_sla_dag.py
[2022-12-05 12:22:35,111] {processor.py:651} INFO - DAG(s) dict_keys(['example_sla_dag']) retrieved from /home/airflow/.local/lib/python3.7/site-packages/airflow/example_dags/example_sla_dag.py
[2022-12-05 12:22:35,253] {logging_mixin.py:115} INFO - [2022-12-05 12:22:35,253] {dag.py:2420} INFO - Sync 1 DAGs
[2022-12-05 12:22:35,281] {logging_mixin.py:115} INFO - [2022-12-05 12:22:35,281] {dag.py:2972} INFO - Setting next_dagrun for example_sla_dag to 2022-12-05T12:20:00+00:00, run_after=2022-12-05T12:22:00+00:00
[2022-12-05 12:22:35,294] {processor.py:161} INFO - Processing /home/airflow/.local/lib/python3.7/site-packages/airflow/example_dags/example_sla_dag.py took 0.232 seconds
[2022-12-05 12:23:05,626] {processor.py:153} INFO - Started process (PID=1059) to work on /home/airflow/.local/lib/python3.7/site-packages/airflow/example_dags/example_sla_dag.py
[2022-12-05 12:23:05,629] {processor.py:641} INFO - Processing file /home/airflow/.local/lib/python3.7/site-packages/airflow/example_dags/example_sla_dag.py for tasks to queue
[2022-12-05 12:23:05,630] {logging_mixin.py:115} INFO - [2022-12-05 12:23:05,630] {dagbag.py:508} INFO - Filling up the DagBag from /home/airflow/.local/lib/python3.7/site-packages/airflow/example_dags/example_sla_dag.py
[2022-12-05 12:23:05,672] {processor.py:651} INFO - DAG(s) dict_keys(['example_sla_dag']) retrieved from /home/airflow/.local/lib/python3.7/site-packages/airflow/example_dags/example_sla_dag.py
[2022-12-05 12:23:05,808] {logging_mixin.py:115} INFO - [2022-12-05 12:23:05,807] {dag.py:2420} INFO - Sync 1 DAGs
[2022-12-05 12:23:05,833] {logging_mixin.py:115} INFO - [2022-12-05 12:23:05,833] {dag.py:2972} INFO - Setting next_dagrun for example_sla_dag to 2022-12-05T12:20:00+00:00, run_after=2022-12-05T12:22:00+00:00
[2022-12-05 12:23:05,845] {processor.py:161} INFO - Processing /home/airflow/.local/lib/python3.7/site-packages/airflow/example_dags/example_sla_dag.py took 0.225 seconds
[2022-12-05 12:23:35,899] {processor.py:153} INFO - Started process (PID=1114) to work on /home/airflow/.local/lib/python3.7/site-packages/airflow/example_dags/example_sla_dag.py
[2022-12-05 12:23:35,900] {processor.py:641} INFO - Processing file /home/airflow/.local/lib/python3.7/site-packages/airflow/example_dags/example_sla_dag.py for tasks to queue
[2022-12-05 12:23:35,900] {logging_mixin.py:115} INFO - [2022-12-05 12:23:35,900] {dagbag.py:508} INFO - Filling up the DagBag from /home/airflow/.local/lib/python3.7/site-packages/airflow/example_dags/example_sla_dag.py
[2022-12-05 12:23:35,937] {processor.py:651} INFO - DAG(s) dict_keys(['example_sla_dag']) retrieved from /home/airflow/.local/lib/python3.7/site-packages/airflow/example_dags/example_sla_dag.py
[2022-12-05 12:23:36,068] {logging_mixin.py:115} INFO - [2022-12-05 12:23:36,068] {dag.py:2420} INFO - Sync 1 DAGs
[2022-12-05 12:23:36,093] {logging_mixin.py:115} INFO - [2022-12-05 12:23:36,093] {dag.py:2972} INFO - Setting next_dagrun for example_sla_dag to 2022-12-05T12:20:00+00:00, run_after=2022-12-05T12:22:00+00:00
[2022-12-05 12:23:36,105] {processor.py:161} INFO - Processing /home/airflow/.local/lib/python3.7/site-packages/airflow/example_dags/example_sla_dag.py took 0.212 seconds
[2022-12-05 12:24:06,218] {processor.py:153} INFO - Started process (PID=1177) to work on /home/airflow/.local/lib/python3.7/site-packages/airflow/example_dags/example_sla_dag.py
[2022-12-05 12:24:06,222] {processor.py:641} INFO - Processing file /home/airflow/.local/lib/python3.7/site-packages/airflow/example_dags/example_sla_dag.py for tasks to queue
[2022-12-05 12:24:06,223] {logging_mixin.py:115} INFO - [2022-12-05 12:24:06,223] {dagbag.py:508} INFO - Filling up the DagBag from /home/airflow/.local/lib/python3.7/site-packages/airflow/example_dags/example_sla_dag.py
[2022-12-05 12:24:06,256] {processor.py:651} INFO - DAG(s) dict_keys(['example_sla_dag']) retrieved from /home/airflow/.local/lib/python3.7/site-packages/airflow/example_dags/example_sla_dag.py
[2022-12-05 12:24:06,389] {logging_mixin.py:115} INFO - [2022-12-05 12:24:06,389] {dag.py:2420} INFO - Sync 1 DAGs
[2022-12-05 12:24:06,415] {logging_mixin.py:115} INFO - [2022-12-05 12:24:06,415] {dag.py:2972} INFO - Setting next_dagrun for example_sla_dag to 2022-12-05T12:22:00+00:00, run_after=2022-12-05T12:24:00+00:00
[2022-12-05 12:24:06,427] {processor.py:161} INFO - Processing /home/airflow/.local/lib/python3.7/site-packages/airflow/example_dags/example_sla_dag.py took 0.214 seconds
[2022-12-05 12:24:36,591] {processor.py:153} INFO - Started process (PID=1238) to work on /home/airflow/.local/lib/python3.7/site-packages/airflow/example_dags/example_sla_dag.py
[2022-12-05 12:24:36,594] {processor.py:641} INFO - Processing file /home/airflow/.local/lib/python3.7/site-packages/airflow/example_dags/example_sla_dag.py for tasks to queue
[2022-12-05 12:24:36,595] {logging_mixin.py:115} INFO - [2022-12-05 12:24:36,595] {dagbag.py:508} INFO - Filling up the DagBag from /home/airflow/.local/lib/python3.7/site-packages/airflow/example_dags/example_sla_dag.py
[2022-12-05 12:24:36,640] {processor.py:651} INFO - DAG(s) dict_keys(['example_sla_dag']) retrieved from /home/airflow/.local/lib/python3.7/site-packages/airflow/example_dags/example_sla_dag.py
[2022-12-05 12:24:36,802] {logging_mixin.py:115} INFO - [2022-12-05 12:24:36,802] {dag.py:2420} INFO - Sync 1 DAGs
[2022-12-05 12:24:36,838] {logging_mixin.py:115} INFO - [2022-12-05 12:24:36,838] {dag.py:2972} INFO - Setting next_dagrun for example_sla_dag to 2022-12-05T12:22:00+00:00, run_after=2022-12-05T12:24:00+00:00
[2022-12-05 12:24:36,854] {processor.py:161} INFO - Processing /home/airflow/.local/lib/python3.7/site-packages/airflow/example_dags/example_sla_dag.py took 0.268 seconds
[2022-12-05 12:25:07,223] {processor.py:153} INFO - Started process (PID=1294) to work on /home/airflow/.local/lib/python3.7/site-packages/airflow/example_dags/example_sla_dag.py
[2022-12-05 12:25:07,226] {processor.py:641} INFO - Processing file /home/airflow/.local/lib/python3.7/site-packages/airflow/example_dags/example_sla_dag.py for tasks to queue
[2022-12-05 12:25:07,227] {logging_mixin.py:115} INFO - [2022-12-05 12:25:07,227] {dagbag.py:508} INFO - Filling up the DagBag from /home/airflow/.local/lib/python3.7/site-packages/airflow/example_dags/example_sla_dag.py
[2022-12-05 12:25:07,382] {processor.py:651} INFO - DAG(s) dict_keys(['example_sla_dag']) retrieved from /home/airflow/.local/lib/python3.7/site-packages/airflow/example_dags/example_sla_dag.py
[2022-12-05 12:25:07,402] {logging_mixin.py:115} INFO - [2022-12-05 12:25:07,402] {dag.py:2420} INFO - Sync 1 DAGs
[2022-12-05 12:25:07,429] {logging_mixin.py:115} INFO - [2022-12-05 12:25:07,429] {dag.py:2972} INFO - Setting next_dagrun for example_sla_dag to 2022-12-05T12:22:00+00:00, run_after=2022-12-05T12:24:00+00:00
[2022-12-05 12:25:07,441] {processor.py:161} INFO - Processing /home/airflow/.local/lib/python3.7/site-packages/airflow/example_dags/example_sla_dag.py took 0.224 seconds
[2022-12-05 12:25:37,920] {processor.py:153} INFO - Started process (PID=1356) to work on /home/airflow/.local/lib/python3.7/site-packages/airflow/example_dags/example_sla_dag.py
[2022-12-05 12:25:37,923] {processor.py:641} INFO - Processing file /home/airflow/.local/lib/python3.7/site-packages/airflow/example_dags/example_sla_dag.py for tasks to queue
[2022-12-05 12:25:37,924] {logging_mixin.py:115} INFO - [2022-12-05 12:25:37,924] {dagbag.py:508} INFO - Filling up the DagBag from /home/airflow/.local/lib/python3.7/site-packages/airflow/example_dags/example_sla_dag.py
[2022-12-05 12:25:38,057] {processor.py:651} INFO - DAG(s) dict_keys(['example_sla_dag']) retrieved from /home/airflow/.local/lib/python3.7/site-packages/airflow/example_dags/example_sla_dag.py
[2022-12-05 12:25:38,078] {logging_mixin.py:115} INFO - [2022-12-05 12:25:38,078] {dag.py:2420} INFO - Sync 1 DAGs
[2022-12-05 12:25:38,105] {logging_mixin.py:115} INFO - [2022-12-05 12:25:38,105] {dag.py:2972} INFO - Setting next_dagrun for example_sla_dag to 2022-12-05T12:22:00+00:00, run_after=2022-12-05T12:24:00+00:00
[2022-12-05 12:25:38,120] {processor.py:161} INFO - Processing /home/airflow/.local/lib/python3.7/site-packages/airflow/example_dags/example_sla_dag.py took 0.203 seconds
[2022-12-05 12:26:08,299] {processor.py:153} INFO - Started process (PID=1410) to work on /home/airflow/.local/lib/python3.7/site-packages/airflow/example_dags/example_sla_dag.py
[2022-12-05 12:26:08,303] {processor.py:641} INFO - Processing file /home/airflow/.local/lib/python3.7/site-packages/airflow/example_dags/example_sla_dag.py for tasks to queue
[2022-12-05 12:26:08,304] {logging_mixin.py:115} INFO - [2022-12-05 12:26:08,304] {dagbag.py:508} INFO - Filling up the DagBag from /home/airflow/.local/lib/python3.7/site-packages/airflow/example_dags/example_sla_dag.py
[2022-12-05 12:26:08,468] {processor.py:651} INFO - DAG(s) dict_keys(['example_sla_dag']) retrieved from /home/airflow/.local/lib/python3.7/site-packages/airflow/example_dags/example_sla_dag.py
[2022-12-05 12:26:08,493] {logging_mixin.py:115} INFO - [2022-12-05 12:26:08,493] {dag.py:2420} INFO - Sync 1 DAGs
[2022-12-05 12:26:08,525] {logging_mixin.py:115} INFO - [2022-12-05 12:26:08,525] {dag.py:2972} INFO - Setting next_dagrun for example_sla_dag to 2022-12-05T12:24:00+00:00, run_after=2022-12-05T12:26:00+00:00
[2022-12-05 12:26:08,542] {processor.py:161} INFO - Processing /home/airflow/.local/lib/python3.7/site-packages/airflow/example_dags/example_sla_dag.py took 0.248 seconds
[2022-12-05 12:26:38,985] {processor.py:153} INFO - Started process (PID=1472) to work on /home/airflow/.local/lib/python3.7/site-packages/airflow/example_dags/example_sla_dag.py
[2022-12-05 12:26:38,985] {processor.py:641} INFO - Processing file /home/airflow/.local/lib/python3.7/site-packages/airflow/example_dags/example_sla_dag.py for tasks to queue
[2022-12-05 12:26:38,986] {logging_mixin.py:115} INFO - [2022-12-05 12:26:38,986] {dagbag.py:508} INFO - Filling up the DagBag from /home/airflow/.local/lib/python3.7/site-packages/airflow/example_dags/example_sla_dag.py
[2022-12-05 12:26:39,142] {processor.py:651} INFO - DAG(s) dict_keys(['example_sla_dag']) retrieved from /home/airflow/.local/lib/python3.7/site-packages/airflow/example_dags/example_sla_dag.py
[2022-12-05 12:26:39,163] {logging_mixin.py:115} INFO - [2022-12-05 12:26:39,163] {dag.py:2420} INFO - Sync 1 DAGs
[2022-12-05 12:26:39,189] {logging_mixin.py:115} INFO - [2022-12-05 12:26:39,189] {dag.py:2972} INFO - Setting next_dagrun for example_sla_dag to 2022-12-05T12:24:00+00:00, run_after=2022-12-05T12:26:00+00:00
[2022-12-05 12:26:39,201] {processor.py:161} INFO - Processing /home/airflow/.local/lib/python3.7/site-packages/airflow/example_dags/example_sla_dag.py took 0.222 seconds
[2022-12-05 12:27:09,650] {processor.py:153} INFO - Started process (PID=1535) to work on /home/airflow/.local/lib/python3.7/site-packages/airflow/example_dags/example_sla_dag.py
[2022-12-05 12:27:09,651] {processor.py:641} INFO - Processing file /home/airflow/.local/lib/python3.7/site-packages/airflow/example_dags/example_sla_dag.py for tasks to queue
[2022-12-05 12:27:09,652] {logging_mixin.py:115} INFO - [2022-12-05 12:27:09,652] {dagbag.py:508} INFO - Filling up the DagBag from /home/airflow/.local/lib/python3.7/site-packages/airflow/example_dags/example_sla_dag.py
[2022-12-05 12:27:09,830] {processor.py:651} INFO - DAG(s) dict_keys(['example_sla_dag']) retrieved from /home/airflow/.local/lib/python3.7/site-packages/airflow/example_dags/example_sla_dag.py
[2022-12-05 12:27:09,870] {logging_mixin.py:115} INFO - [2022-12-05 12:27:09,870] {dag.py:2420} INFO - Sync 1 DAGs
[2022-12-05 12:27:09,902] {logging_mixin.py:115} INFO - [2022-12-05 12:27:09,902] {dag.py:2972} INFO - Setting next_dagrun for example_sla_dag to 2022-12-05T12:24:00+00:00, run_after=2022-12-05T12:26:00+00:00
[2022-12-05 12:27:09,916] {processor.py:161} INFO - Processing /home/airflow/.local/lib/python3.7/site-packages/airflow/example_dags/example_sla_dag.py took 0.269 seconds
[2022-12-05 12:27:40,125] {processor.py:153} INFO - Started process (PID=1589) to work on /home/airflow/.local/lib/python3.7/site-packages/airflow/example_dags/example_sla_dag.py
[2022-12-05 12:27:40,126] {processor.py:641} INFO - Processing file /home/airflow/.local/lib/python3.7/site-packages/airflow/example_dags/example_sla_dag.py for tasks to queue
[2022-12-05 12:27:40,126] {logging_mixin.py:115} INFO - [2022-12-05 12:27:40,126] {dagbag.py:508} INFO - Filling up the DagBag from /home/airflow/.local/lib/python3.7/site-packages/airflow/example_dags/example_sla_dag.py
[2022-12-05 12:27:40,284] {processor.py:651} INFO - DAG(s) dict_keys(['example_sla_dag']) retrieved from /home/airflow/.local/lib/python3.7/site-packages/airflow/example_dags/example_sla_dag.py
[2022-12-05 12:27:40,305] {logging_mixin.py:115} INFO - [2022-12-05 12:27:40,305] {dag.py:2420} INFO - Sync 1 DAGs
[2022-12-05 12:27:40,335] {logging_mixin.py:115} INFO - [2022-12-05 12:27:40,335] {dag.py:2972} INFO - Setting next_dagrun for example_sla_dag to 2022-12-05T12:24:00+00:00, run_after=2022-12-05T12:26:00+00:00
[2022-12-05 12:27:40,347] {processor.py:161} INFO - Processing /home/airflow/.local/lib/python3.7/site-packages/airflow/example_dags/example_sla_dag.py took 0.226 seconds
[2022-12-05 12:28:10,539] {processor.py:153} INFO - Started process (PID=1652) to work on /home/airflow/.local/lib/python3.7/site-packages/airflow/example_dags/example_sla_dag.py
[2022-12-05 12:28:10,543] {processor.py:641} INFO - Processing file /home/airflow/.local/lib/python3.7/site-packages/airflow/example_dags/example_sla_dag.py for tasks to queue
[2022-12-05 12:28:10,544] {logging_mixin.py:115} INFO - [2022-12-05 12:28:10,544] {dagbag.py:508} INFO - Filling up the DagBag from /home/airflow/.local/lib/python3.7/site-packages/airflow/example_dags/example_sla_dag.py
[2022-12-05 12:28:10,693] {processor.py:651} INFO - DAG(s) dict_keys(['example_sla_dag']) retrieved from /home/airflow/.local/lib/python3.7/site-packages/airflow/example_dags/example_sla_dag.py
[2022-12-05 12:28:10,714] {logging_mixin.py:115} INFO - [2022-12-05 12:28:10,714] {dag.py:2420} INFO - Sync 1 DAGs
[2022-12-05 12:28:10,740] {logging_mixin.py:115} INFO - [2022-12-05 12:28:10,740] {dag.py:2972} INFO - Setting next_dagrun for example_sla_dag to 2022-12-05T12:26:00+00:00, run_after=2022-12-05T12:28:00+00:00
[2022-12-05 12:28:10,753] {processor.py:161} INFO - Processing /home/airflow/.local/lib/python3.7/site-packages/airflow/example_dags/example_sla_dag.py took 0.218 seconds
[2022-12-05 12:28:40,978] {processor.py:153} INFO - Started process (PID=1706) to work on /home/airflow/.local/lib/python3.7/site-packages/airflow/example_dags/example_sla_dag.py
[2022-12-05 12:28:40,979] {processor.py:641} INFO - Processing file /home/airflow/.local/lib/python3.7/site-packages/airflow/example_dags/example_sla_dag.py for tasks to queue
[2022-12-05 12:28:40,980] {logging_mixin.py:115} INFO - [2022-12-05 12:28:40,980] {dagbag.py:508} INFO - Filling up the DagBag from /home/airflow/.local/lib/python3.7/site-packages/airflow/example_dags/example_sla_dag.py
[2022-12-05 12:28:41,138] {processor.py:651} INFO - DAG(s) dict_keys(['example_sla_dag']) retrieved from /home/airflow/.local/lib/python3.7/site-packages/airflow/example_dags/example_sla_dag.py
[2022-12-05 12:28:41,161] {logging_mixin.py:115} INFO - [2022-12-05 12:28:41,161] {dag.py:2420} INFO - Sync 1 DAGs
[2022-12-05 12:28:41,194] {logging_mixin.py:115} INFO - [2022-12-05 12:28:41,194] {dag.py:2972} INFO - Setting next_dagrun for example_sla_dag to 2022-12-05T12:26:00+00:00, run_after=2022-12-05T12:28:00+00:00
[2022-12-05 12:28:41,211] {processor.py:161} INFO - Processing /home/airflow/.local/lib/python3.7/site-packages/airflow/example_dags/example_sla_dag.py took 0.238 seconds
[2022-12-05 12:29:11,309] {processor.py:153} INFO - Started process (PID=1769) to work on /home/airflow/.local/lib/python3.7/site-packages/airflow/example_dags/example_sla_dag.py
[2022-12-05 12:29:11,313] {processor.py:641} INFO - Processing file /home/airflow/.local/lib/python3.7/site-packages/airflow/example_dags/example_sla_dag.py for tasks to queue
[2022-12-05 12:29:11,314] {logging_mixin.py:115} INFO - [2022-12-05 12:29:11,314] {dagbag.py:508} INFO - Filling up the DagBag from /home/airflow/.local/lib/python3.7/site-packages/airflow/example_dags/example_sla_dag.py
[2022-12-05 12:29:11,471] {processor.py:651} INFO - DAG(s) dict_keys(['example_sla_dag']) retrieved from /home/airflow/.local/lib/python3.7/site-packages/airflow/example_dags/example_sla_dag.py
[2022-12-05 12:29:11,491] {logging_mixin.py:115} INFO - [2022-12-05 12:29:11,491] {dag.py:2420} INFO - Sync 1 DAGs
[2022-12-05 12:29:11,523] {logging_mixin.py:115} INFO - [2022-12-05 12:29:11,523] {dag.py:2972} INFO - Setting next_dagrun for example_sla_dag to 2022-12-05T12:26:00+00:00, run_after=2022-12-05T12:28:00+00:00
[2022-12-05 12:29:11,537] {processor.py:161} INFO - Processing /home/airflow/.local/lib/python3.7/site-packages/airflow/example_dags/example_sla_dag.py took 0.233 seconds
[2022-12-05 12:29:41,578] {processor.py:153} INFO - Started process (PID=1831) to work on /home/airflow/.local/lib/python3.7/site-packages/airflow/example_dags/example_sla_dag.py
[2022-12-05 12:29:41,578] {processor.py:641} INFO - Processing file /home/airflow/.local/lib/python3.7/site-packages/airflow/example_dags/example_sla_dag.py for tasks to queue
[2022-12-05 12:29:41,579] {logging_mixin.py:115} INFO - [2022-12-05 12:29:41,578] {dagbag.py:508} INFO - Filling up the DagBag from /home/airflow/.local/lib/python3.7/site-packages/airflow/example_dags/example_sla_dag.py
[2022-12-05 12:29:41,789] {processor.py:651} INFO - DAG(s) dict_keys(['example_sla_dag']) retrieved from /home/airflow/.local/lib/python3.7/site-packages/airflow/example_dags/example_sla_dag.py
[2022-12-05 12:29:41,821] {logging_mixin.py:115} INFO - [2022-12-05 12:29:41,820] {dag.py:2420} INFO - Sync 1 DAGs
[2022-12-05 12:29:41,855] {logging_mixin.py:115} INFO - [2022-12-05 12:29:41,855] {dag.py:2972} INFO - Setting next_dagrun for example_sla_dag to 2022-12-05T12:26:00+00:00, run_after=2022-12-05T12:28:00+00:00
[2022-12-05 12:29:41,870] {processor.py:161} INFO - Processing /home/airflow/.local/lib/python3.7/site-packages/airflow/example_dags/example_sla_dag.py took 0.296 seconds
[2022-12-05 12:30:12,056] {processor.py:153} INFO - Started process (PID=1885) to work on /home/airflow/.local/lib/python3.7/site-packages/airflow/example_dags/example_sla_dag.py
[2022-12-05 12:30:12,057] {processor.py:641} INFO - Processing file /home/airflow/.local/lib/python3.7/site-packages/airflow/example_dags/example_sla_dag.py for tasks to queue
[2022-12-05 12:30:12,058] {logging_mixin.py:115} INFO - [2022-12-05 12:30:12,058] {dagbag.py:508} INFO - Filling up the DagBag from /home/airflow/.local/lib/python3.7/site-packages/airflow/example_dags/example_sla_dag.py
[2022-12-05 12:30:12,201] {processor.py:651} INFO - DAG(s) dict_keys(['example_sla_dag']) retrieved from /home/airflow/.local/lib/python3.7/site-packages/airflow/example_dags/example_sla_dag.py
[2022-12-05 12:30:12,227] {logging_mixin.py:115} INFO - [2022-12-05 12:30:12,226] {dag.py:2420} INFO - Sync 1 DAGs
[2022-12-05 12:30:12,255] {logging_mixin.py:115} INFO - [2022-12-05 12:30:12,255] {dag.py:2972} INFO - Setting next_dagrun for example_sla_dag to 2022-12-05T12:28:00+00:00, run_after=2022-12-05T12:30:00+00:00
[2022-12-05 12:30:12,267] {processor.py:161} INFO - Processing /home/airflow/.local/lib/python3.7/site-packages/airflow/example_dags/example_sla_dag.py took 0.215 seconds
[2022-12-05 12:30:43,023] {processor.py:153} INFO - Started process (PID=1948) to work on /home/airflow/.local/lib/python3.7/site-packages/airflow/example_dags/example_sla_dag.py
[2022-12-05 12:30:43,024] {processor.py:641} INFO - Processing file /home/airflow/.local/lib/python3.7/site-packages/airflow/example_dags/example_sla_dag.py for tasks to queue
[2022-12-05 12:30:43,024] {logging_mixin.py:115} INFO - [2022-12-05 12:30:43,024] {dagbag.py:508} INFO - Filling up the DagBag from /home/airflow/.local/lib/python3.7/site-packages/airflow/example_dags/example_sla_dag.py
[2022-12-05 12:30:43,169] {processor.py:651} INFO - DAG(s) dict_keys(['example_sla_dag']) retrieved from /home/airflow/.local/lib/python3.7/site-packages/airflow/example_dags/example_sla_dag.py
[2022-12-05 12:30:43,221] {logging_mixin.py:115} INFO - [2022-12-05 12:30:43,220] {dag.py:2420} INFO - Sync 1 DAGs
[2022-12-05 12:30:43,258] {logging_mixin.py:115} INFO - [2022-12-05 12:30:43,258] {dag.py:2972} INFO - Setting next_dagrun for example_sla_dag to 2022-12-05T12:28:00+00:00, run_after=2022-12-05T12:30:00+00:00
[2022-12-05 12:30:43,271] {processor.py:161} INFO - Processing /home/airflow/.local/lib/python3.7/site-packages/airflow/example_dags/example_sla_dag.py took 0.253 seconds
[2022-12-05 12:31:13,392] {processor.py:153} INFO - Started process (PID=2002) to work on /home/airflow/.local/lib/python3.7/site-packages/airflow/example_dags/example_sla_dag.py
[2022-12-05 12:31:13,392] {processor.py:641} INFO - Processing file /home/airflow/.local/lib/python3.7/site-packages/airflow/example_dags/example_sla_dag.py for tasks to queue
[2022-12-05 12:31:13,392] {logging_mixin.py:115} INFO - [2022-12-05 12:31:13,392] {dagbag.py:508} INFO - Filling up the DagBag from /home/airflow/.local/lib/python3.7/site-packages/airflow/example_dags/example_sla_dag.py
[2022-12-05 12:31:13,514] {processor.py:651} INFO - DAG(s) dict_keys(['example_sla_dag']) retrieved from /home/airflow/.local/lib/python3.7/site-packages/airflow/example_dags/example_sla_dag.py
[2022-12-05 12:31:13,535] {logging_mixin.py:115} INFO - [2022-12-05 12:31:13,535] {dag.py:2420} INFO - Sync 1 DAGs
[2022-12-05 12:31:13,564] {logging_mixin.py:115} INFO - [2022-12-05 12:31:13,564] {dag.py:2972} INFO - Setting next_dagrun for example_sla_dag to 2022-12-05T12:28:00+00:00, run_after=2022-12-05T12:30:00+00:00
[2022-12-05 12:31:13,577] {processor.py:161} INFO - Processing /home/airflow/.local/lib/python3.7/site-packages/airflow/example_dags/example_sla_dag.py took 0.188 seconds
[2022-12-05 12:31:44,456] {processor.py:153} INFO - Started process (PID=2065) to work on /home/airflow/.local/lib/python3.7/site-packages/airflow/example_dags/example_sla_dag.py
[2022-12-05 12:31:44,458] {processor.py:641} INFO - Processing file /home/airflow/.local/lib/python3.7/site-packages/airflow/example_dags/example_sla_dag.py for tasks to queue
[2022-12-05 12:31:44,459] {logging_mixin.py:115} INFO - [2022-12-05 12:31:44,459] {dagbag.py:508} INFO - Filling up the DagBag from /home/airflow/.local/lib/python3.7/site-packages/airflow/example_dags/example_sla_dag.py
[2022-12-05 12:31:44,633] {processor.py:651} INFO - DAG(s) dict_keys(['example_sla_dag']) retrieved from /home/airflow/.local/lib/python3.7/site-packages/airflow/example_dags/example_sla_dag.py
[2022-12-05 12:31:44,656] {logging_mixin.py:115} INFO - [2022-12-05 12:31:44,656] {dag.py:2420} INFO - Sync 1 DAGs
[2022-12-05 12:31:44,686] {logging_mixin.py:115} INFO - [2022-12-05 12:31:44,685] {dag.py:2972} INFO - Setting next_dagrun for example_sla_dag to 2022-12-05T12:28:00+00:00, run_after=2022-12-05T12:30:00+00:00
[2022-12-05 12:31:44,699] {processor.py:161} INFO - Processing /home/airflow/.local/lib/python3.7/site-packages/airflow/example_dags/example_sla_dag.py took 0.249 seconds
[2022-12-05 12:32:15,163] {processor.py:153} INFO - Started process (PID=2128) to work on /home/airflow/.local/lib/python3.7/site-packages/airflow/example_dags/example_sla_dag.py
[2022-12-05 12:32:15,163] {processor.py:641} INFO - Processing file /home/airflow/.local/lib/python3.7/site-packages/airflow/example_dags/example_sla_dag.py for tasks to queue
[2022-12-05 12:32:15,164] {logging_mixin.py:115} INFO - [2022-12-05 12:32:15,164] {dagbag.py:508} INFO - Filling up the DagBag from /home/airflow/.local/lib/python3.7/site-packages/airflow/example_dags/example_sla_dag.py
[2022-12-05 12:32:15,319] {processor.py:651} INFO - DAG(s) dict_keys(['example_sla_dag']) retrieved from /home/airflow/.local/lib/python3.7/site-packages/airflow/example_dags/example_sla_dag.py
[2022-12-05 12:32:15,385] {logging_mixin.py:115} INFO - [2022-12-05 12:32:15,385] {dag.py:2420} INFO - Sync 1 DAGs
[2022-12-05 12:32:15,423] {logging_mixin.py:115} INFO - [2022-12-05 12:32:15,423] {dag.py:2972} INFO - Setting next_dagrun for example_sla_dag to 2022-12-05T12:30:00+00:00, run_after=2022-12-05T12:32:00+00:00
[2022-12-05 12:32:15,439] {processor.py:161} INFO - Processing /home/airflow/.local/lib/python3.7/site-packages/airflow/example_dags/example_sla_dag.py took 0.279 seconds
[2022-12-05 12:32:45,586] {processor.py:153} INFO - Started process (PID=2182) to work on /home/airflow/.local/lib/python3.7/site-packages/airflow/example_dags/example_sla_dag.py
[2022-12-05 12:32:45,587] {processor.py:641} INFO - Processing file /home/airflow/.local/lib/python3.7/site-packages/airflow/example_dags/example_sla_dag.py for tasks to queue
[2022-12-05 12:32:45,587] {logging_mixin.py:115} INFO - [2022-12-05 12:32:45,587] {dagbag.py:508} INFO - Filling up the DagBag from /home/airflow/.local/lib/python3.7/site-packages/airflow/example_dags/example_sla_dag.py
[2022-12-05 12:32:45,709] {processor.py:651} INFO - DAG(s) dict_keys(['example_sla_dag']) retrieved from /home/airflow/.local/lib/python3.7/site-packages/airflow/example_dags/example_sla_dag.py
[2022-12-05 12:32:45,731] {logging_mixin.py:115} INFO - [2022-12-05 12:32:45,731] {dag.py:2420} INFO - Sync 1 DAGs
[2022-12-05 12:32:45,761] {logging_mixin.py:115} INFO - [2022-12-05 12:32:45,761] {dag.py:2972} INFO - Setting next_dagrun for example_sla_dag to 2022-12-05T12:30:00+00:00, run_after=2022-12-05T12:32:00+00:00
[2022-12-05 12:32:45,777] {processor.py:161} INFO - Processing /home/airflow/.local/lib/python3.7/site-packages/airflow/example_dags/example_sla_dag.py took 0.194 seconds
