[2022-12-05 12:14:59,689] {processor.py:153} INFO - Started process (PID=123) to work on /home/airflow/.local/lib/python3.7/site-packages/airflow/example_dags/example_branch_operator_decorator.py
[2022-12-05 12:14:59,690] {processor.py:641} INFO - Processing file /home/airflow/.local/lib/python3.7/site-packages/airflow/example_dags/example_branch_operator_decorator.py for tasks to queue
[2022-12-05 12:14:59,690] {logging_mixin.py:115} INFO - [2022-12-05 12:14:59,690] {dagbag.py:508} INFO - Filling up the DagBag from /home/airflow/.local/lib/python3.7/site-packages/airflow/example_dags/example_branch_operator_decorator.py
[2022-12-05 12:14:59,736] {processor.py:651} INFO - DAG(s) dict_keys(['example_branch_python_operator_decorator']) retrieved from /home/airflow/.local/lib/python3.7/site-packages/airflow/example_dags/example_branch_operator_decorator.py
[2022-12-05 12:14:59,936] {logging_mixin.py:115} INFO - [2022-12-05 12:14:59,935] {dag.py:2420} INFO - Sync 1 DAGs
[2022-12-05 12:14:59,975] {logging_mixin.py:115} INFO - [2022-12-05 12:14:59,975] {dag.py:2972} INFO - Setting next_dagrun for example_branch_python_operator_decorator to 2022-12-04T00:00:00+00:00, run_after=2022-12-05T00:00:00+00:00
[2022-12-05 12:14:59,999] {processor.py:161} INFO - Processing /home/airflow/.local/lib/python3.7/site-packages/airflow/example_dags/example_branch_operator_decorator.py took 0.315 seconds
[2022-12-05 12:15:30,327] {processor.py:153} INFO - Started process (PID=187) to work on /home/airflow/.local/lib/python3.7/site-packages/airflow/example_dags/example_branch_operator_decorator.py
[2022-12-05 12:15:30,328] {processor.py:641} INFO - Processing file /home/airflow/.local/lib/python3.7/site-packages/airflow/example_dags/example_branch_operator_decorator.py for tasks to queue
[2022-12-05 12:15:30,328] {logging_mixin.py:115} INFO - [2022-12-05 12:15:30,328] {dagbag.py:508} INFO - Filling up the DagBag from /home/airflow/.local/lib/python3.7/site-packages/airflow/example_dags/example_branch_operator_decorator.py
[2022-12-05 12:15:30,360] {processor.py:651} INFO - DAG(s) dict_keys(['example_branch_python_operator_decorator']) retrieved from /home/airflow/.local/lib/python3.7/site-packages/airflow/example_dags/example_branch_operator_decorator.py
[2022-12-05 12:15:30,516] {logging_mixin.py:115} INFO - [2022-12-05 12:15:30,516] {dag.py:2420} INFO - Sync 1 DAGs
[2022-12-05 12:15:30,543] {logging_mixin.py:115} INFO - [2022-12-05 12:15:30,542] {dag.py:2972} INFO - Setting next_dagrun for example_branch_python_operator_decorator to 2022-12-04T00:00:00+00:00, run_after=2022-12-05T00:00:00+00:00
[2022-12-05 12:15:30,556] {processor.py:161} INFO - Processing /home/airflow/.local/lib/python3.7/site-packages/airflow/example_dags/example_branch_operator_decorator.py took 0.232 seconds
[2022-12-05 12:16:01,399] {processor.py:153} INFO - Started process (PID=239) to work on /home/airflow/.local/lib/python3.7/site-packages/airflow/example_dags/example_branch_operator_decorator.py
[2022-12-05 12:16:01,400] {processor.py:641} INFO - Processing file /home/airflow/.local/lib/python3.7/site-packages/airflow/example_dags/example_branch_operator_decorator.py for tasks to queue
[2022-12-05 12:16:01,401] {logging_mixin.py:115} INFO - [2022-12-05 12:16:01,401] {dagbag.py:508} INFO - Filling up the DagBag from /home/airflow/.local/lib/python3.7/site-packages/airflow/example_dags/example_branch_operator_decorator.py
[2022-12-05 12:16:01,435] {processor.py:651} INFO - DAG(s) dict_keys(['example_branch_python_operator_decorator']) retrieved from /home/airflow/.local/lib/python3.7/site-packages/airflow/example_dags/example_branch_operator_decorator.py
[2022-12-05 12:16:01,587] {logging_mixin.py:115} INFO - [2022-12-05 12:16:01,587] {dag.py:2420} INFO - Sync 1 DAGs
[2022-12-05 12:16:01,619] {logging_mixin.py:115} INFO - [2022-12-05 12:16:01,619] {dag.py:2972} INFO - Setting next_dagrun for example_branch_python_operator_decorator to 2022-12-04T00:00:00+00:00, run_after=2022-12-05T00:00:00+00:00
[2022-12-05 12:16:01,636] {processor.py:161} INFO - Processing /home/airflow/.local/lib/python3.7/site-packages/airflow/example_dags/example_branch_operator_decorator.py took 0.241 seconds
[2022-12-05 12:16:31,917] {processor.py:153} INFO - Started process (PID=304) to work on /home/airflow/.local/lib/python3.7/site-packages/airflow/example_dags/example_branch_operator_decorator.py
[2022-12-05 12:16:31,918] {processor.py:641} INFO - Processing file /home/airflow/.local/lib/python3.7/site-packages/airflow/example_dags/example_branch_operator_decorator.py for tasks to queue
[2022-12-05 12:16:31,919] {logging_mixin.py:115} INFO - [2022-12-05 12:16:31,919] {dagbag.py:508} INFO - Filling up the DagBag from /home/airflow/.local/lib/python3.7/site-packages/airflow/example_dags/example_branch_operator_decorator.py
[2022-12-05 12:16:31,960] {processor.py:651} INFO - DAG(s) dict_keys(['example_branch_python_operator_decorator']) retrieved from /home/airflow/.local/lib/python3.7/site-packages/airflow/example_dags/example_branch_operator_decorator.py
[2022-12-05 12:16:32,089] {logging_mixin.py:115} INFO - [2022-12-05 12:16:32,089] {dag.py:2420} INFO - Sync 1 DAGs
[2022-12-05 12:16:32,115] {logging_mixin.py:115} INFO - [2022-12-05 12:16:32,115] {dag.py:2972} INFO - Setting next_dagrun for example_branch_python_operator_decorator to 2022-12-04T00:00:00+00:00, run_after=2022-12-05T00:00:00+00:00
[2022-12-05 12:16:32,132] {processor.py:161} INFO - Processing /home/airflow/.local/lib/python3.7/site-packages/airflow/example_dags/example_branch_operator_decorator.py took 0.219 seconds
[2022-12-05 12:17:02,326] {processor.py:153} INFO - Started process (PID=358) to work on /home/airflow/.local/lib/python3.7/site-packages/airflow/example_dags/example_branch_operator_decorator.py
[2022-12-05 12:17:02,327] {processor.py:641} INFO - Processing file /home/airflow/.local/lib/python3.7/site-packages/airflow/example_dags/example_branch_operator_decorator.py for tasks to queue
[2022-12-05 12:17:02,327] {logging_mixin.py:115} INFO - [2022-12-05 12:17:02,327] {dagbag.py:508} INFO - Filling up the DagBag from /home/airflow/.local/lib/python3.7/site-packages/airflow/example_dags/example_branch_operator_decorator.py
[2022-12-05 12:17:02,360] {processor.py:651} INFO - DAG(s) dict_keys(['example_branch_python_operator_decorator']) retrieved from /home/airflow/.local/lib/python3.7/site-packages/airflow/example_dags/example_branch_operator_decorator.py
[2022-12-05 12:17:02,517] {logging_mixin.py:115} INFO - [2022-12-05 12:17:02,517] {dag.py:2420} INFO - Sync 1 DAGs
[2022-12-05 12:17:02,546] {logging_mixin.py:115} INFO - [2022-12-05 12:17:02,546] {dag.py:2972} INFO - Setting next_dagrun for example_branch_python_operator_decorator to 2022-12-04T00:00:00+00:00, run_after=2022-12-05T00:00:00+00:00
[2022-12-05 12:17:02,565] {processor.py:161} INFO - Processing /home/airflow/.local/lib/python3.7/site-packages/airflow/example_dags/example_branch_operator_decorator.py took 0.244 seconds
[2022-12-05 12:17:33,119] {processor.py:153} INFO - Started process (PID=421) to work on /home/airflow/.local/lib/python3.7/site-packages/airflow/example_dags/example_branch_operator_decorator.py
[2022-12-05 12:17:33,120] {processor.py:641} INFO - Processing file /home/airflow/.local/lib/python3.7/site-packages/airflow/example_dags/example_branch_operator_decorator.py for tasks to queue
[2022-12-05 12:17:33,121] {logging_mixin.py:115} INFO - [2022-12-05 12:17:33,121] {dagbag.py:508} INFO - Filling up the DagBag from /home/airflow/.local/lib/python3.7/site-packages/airflow/example_dags/example_branch_operator_decorator.py
[2022-12-05 12:17:33,161] {processor.py:651} INFO - DAG(s) dict_keys(['example_branch_python_operator_decorator']) retrieved from /home/airflow/.local/lib/python3.7/site-packages/airflow/example_dags/example_branch_operator_decorator.py
[2022-12-05 12:17:33,297] {logging_mixin.py:115} INFO - [2022-12-05 12:17:33,297] {dag.py:2420} INFO - Sync 1 DAGs
[2022-12-05 12:17:33,321] {logging_mixin.py:115} INFO - [2022-12-05 12:17:33,321] {dag.py:2972} INFO - Setting next_dagrun for example_branch_python_operator_decorator to 2022-12-04T00:00:00+00:00, run_after=2022-12-05T00:00:00+00:00
[2022-12-05 12:17:33,333] {processor.py:161} INFO - Processing /home/airflow/.local/lib/python3.7/site-packages/airflow/example_dags/example_branch_operator_decorator.py took 0.218 seconds
[2022-12-05 12:18:03,726] {processor.py:153} INFO - Started process (PID=484) to work on /home/airflow/.local/lib/python3.7/site-packages/airflow/example_dags/example_branch_operator_decorator.py
[2022-12-05 12:18:03,726] {processor.py:641} INFO - Processing file /home/airflow/.local/lib/python3.7/site-packages/airflow/example_dags/example_branch_operator_decorator.py for tasks to queue
[2022-12-05 12:18:03,727] {logging_mixin.py:115} INFO - [2022-12-05 12:18:03,727] {dagbag.py:508} INFO - Filling up the DagBag from /home/airflow/.local/lib/python3.7/site-packages/airflow/example_dags/example_branch_operator_decorator.py
[2022-12-05 12:18:03,752] {processor.py:651} INFO - DAG(s) dict_keys(['example_branch_python_operator_decorator']) retrieved from /home/airflow/.local/lib/python3.7/site-packages/airflow/example_dags/example_branch_operator_decorator.py
[2022-12-05 12:18:03,906] {logging_mixin.py:115} INFO - [2022-12-05 12:18:03,906] {dag.py:2420} INFO - Sync 1 DAGs
[2022-12-05 12:18:03,935] {logging_mixin.py:115} INFO - [2022-12-05 12:18:03,934] {dag.py:2972} INFO - Setting next_dagrun for example_branch_python_operator_decorator to 2022-12-04T00:00:00+00:00, run_after=2022-12-05T00:00:00+00:00
[2022-12-05 12:18:03,949] {processor.py:161} INFO - Processing /home/airflow/.local/lib/python3.7/site-packages/airflow/example_dags/example_branch_operator_decorator.py took 0.226 seconds
[2022-12-05 12:18:34,226] {processor.py:153} INFO - Started process (PID=538) to work on /home/airflow/.local/lib/python3.7/site-packages/airflow/example_dags/example_branch_operator_decorator.py
[2022-12-05 12:18:34,227] {processor.py:641} INFO - Processing file /home/airflow/.local/lib/python3.7/site-packages/airflow/example_dags/example_branch_operator_decorator.py for tasks to queue
[2022-12-05 12:18:34,228] {logging_mixin.py:115} INFO - [2022-12-05 12:18:34,227] {dagbag.py:508} INFO - Filling up the DagBag from /home/airflow/.local/lib/python3.7/site-packages/airflow/example_dags/example_branch_operator_decorator.py
[2022-12-05 12:18:34,247] {processor.py:651} INFO - DAG(s) dict_keys(['example_branch_python_operator_decorator']) retrieved from /home/airflow/.local/lib/python3.7/site-packages/airflow/example_dags/example_branch_operator_decorator.py
[2022-12-05 12:18:34,375] {logging_mixin.py:115} INFO - [2022-12-05 12:18:34,375] {dag.py:2420} INFO - Sync 1 DAGs
[2022-12-05 12:18:34,398] {logging_mixin.py:115} INFO - [2022-12-05 12:18:34,398] {dag.py:2972} INFO - Setting next_dagrun for example_branch_python_operator_decorator to 2022-12-04T00:00:00+00:00, run_after=2022-12-05T00:00:00+00:00
[2022-12-05 12:18:34,409] {processor.py:161} INFO - Processing /home/airflow/.local/lib/python3.7/site-packages/airflow/example_dags/example_branch_operator_decorator.py took 0.185 seconds
[2022-12-05 12:19:05,086] {processor.py:153} INFO - Started process (PID=601) to work on /home/airflow/.local/lib/python3.7/site-packages/airflow/example_dags/example_branch_operator_decorator.py
[2022-12-05 12:19:05,087] {processor.py:641} INFO - Processing file /home/airflow/.local/lib/python3.7/site-packages/airflow/example_dags/example_branch_operator_decorator.py for tasks to queue
[2022-12-05 12:19:05,087] {logging_mixin.py:115} INFO - [2022-12-05 12:19:05,087] {dagbag.py:508} INFO - Filling up the DagBag from /home/airflow/.local/lib/python3.7/site-packages/airflow/example_dags/example_branch_operator_decorator.py
[2022-12-05 12:19:05,110] {processor.py:651} INFO - DAG(s) dict_keys(['example_branch_python_operator_decorator']) retrieved from /home/airflow/.local/lib/python3.7/site-packages/airflow/example_dags/example_branch_operator_decorator.py
[2022-12-05 12:19:05,267] {logging_mixin.py:115} INFO - [2022-12-05 12:19:05,267] {dag.py:2420} INFO - Sync 1 DAGs
[2022-12-05 12:19:05,292] {logging_mixin.py:115} INFO - [2022-12-05 12:19:05,292] {dag.py:2972} INFO - Setting next_dagrun for example_branch_python_operator_decorator to 2022-12-04T00:00:00+00:00, run_after=2022-12-05T00:00:00+00:00
[2022-12-05 12:19:05,303] {processor.py:161} INFO - Processing /home/airflow/.local/lib/python3.7/site-packages/airflow/example_dags/example_branch_operator_decorator.py took 0.220 seconds
[2022-12-05 12:19:35,729] {processor.py:153} INFO - Started process (PID=665) to work on /home/airflow/.local/lib/python3.7/site-packages/airflow/example_dags/example_branch_operator_decorator.py
[2022-12-05 12:19:35,729] {processor.py:641} INFO - Processing file /home/airflow/.local/lib/python3.7/site-packages/airflow/example_dags/example_branch_operator_decorator.py for tasks to queue
[2022-12-05 12:19:35,730] {logging_mixin.py:115} INFO - [2022-12-05 12:19:35,730] {dagbag.py:508} INFO - Filling up the DagBag from /home/airflow/.local/lib/python3.7/site-packages/airflow/example_dags/example_branch_operator_decorator.py
[2022-12-05 12:19:35,752] {processor.py:651} INFO - DAG(s) dict_keys(['example_branch_python_operator_decorator']) retrieved from /home/airflow/.local/lib/python3.7/site-packages/airflow/example_dags/example_branch_operator_decorator.py
[2022-12-05 12:19:35,947] {logging_mixin.py:115} INFO - [2022-12-05 12:19:35,947] {dag.py:2420} INFO - Sync 1 DAGs
[2022-12-05 12:19:35,975] {logging_mixin.py:115} INFO - [2022-12-05 12:19:35,975] {dag.py:2972} INFO - Setting next_dagrun for example_branch_python_operator_decorator to 2022-12-04T00:00:00+00:00, run_after=2022-12-05T00:00:00+00:00
[2022-12-05 12:19:35,986] {processor.py:161} INFO - Processing /home/airflow/.local/lib/python3.7/site-packages/airflow/example_dags/example_branch_operator_decorator.py took 0.259 seconds
[2022-12-05 12:20:06,322] {processor.py:153} INFO - Started process (PID=719) to work on /home/airflow/.local/lib/python3.7/site-packages/airflow/example_dags/example_branch_operator_decorator.py
[2022-12-05 12:20:06,323] {processor.py:641} INFO - Processing file /home/airflow/.local/lib/python3.7/site-packages/airflow/example_dags/example_branch_operator_decorator.py for tasks to queue
[2022-12-05 12:20:06,324] {logging_mixin.py:115} INFO - [2022-12-05 12:20:06,323] {dagbag.py:508} INFO - Filling up the DagBag from /home/airflow/.local/lib/python3.7/site-packages/airflow/example_dags/example_branch_operator_decorator.py
[2022-12-05 12:20:06,343] {processor.py:651} INFO - DAG(s) dict_keys(['example_branch_python_operator_decorator']) retrieved from /home/airflow/.local/lib/python3.7/site-packages/airflow/example_dags/example_branch_operator_decorator.py
[2022-12-05 12:20:06,483] {logging_mixin.py:115} INFO - [2022-12-05 12:20:06,482] {dag.py:2420} INFO - Sync 1 DAGs
[2022-12-05 12:20:06,508] {logging_mixin.py:115} INFO - [2022-12-05 12:20:06,508] {dag.py:2972} INFO - Setting next_dagrun for example_branch_python_operator_decorator to 2022-12-04T00:00:00+00:00, run_after=2022-12-05T00:00:00+00:00
[2022-12-05 12:20:06,521] {processor.py:161} INFO - Processing /home/airflow/.local/lib/python3.7/site-packages/airflow/example_dags/example_branch_operator_decorator.py took 0.201 seconds
[2022-12-05 12:20:36,749] {processor.py:153} INFO - Started process (PID=785) to work on /home/airflow/.local/lib/python3.7/site-packages/airflow/example_dags/example_branch_operator_decorator.py
[2022-12-05 12:20:36,749] {processor.py:641} INFO - Processing file /home/airflow/.local/lib/python3.7/site-packages/airflow/example_dags/example_branch_operator_decorator.py for tasks to queue
[2022-12-05 12:20:36,750] {logging_mixin.py:115} INFO - [2022-12-05 12:20:36,750] {dagbag.py:508} INFO - Filling up the DagBag from /home/airflow/.local/lib/python3.7/site-packages/airflow/example_dags/example_branch_operator_decorator.py
[2022-12-05 12:20:36,772] {processor.py:651} INFO - DAG(s) dict_keys(['example_branch_python_operator_decorator']) retrieved from /home/airflow/.local/lib/python3.7/site-packages/airflow/example_dags/example_branch_operator_decorator.py
[2022-12-05 12:20:36,901] {logging_mixin.py:115} INFO - [2022-12-05 12:20:36,901] {dag.py:2420} INFO - Sync 1 DAGs
[2022-12-05 12:20:36,927] {logging_mixin.py:115} INFO - [2022-12-05 12:20:36,927] {dag.py:2972} INFO - Setting next_dagrun for example_branch_python_operator_decorator to 2022-12-04T00:00:00+00:00, run_after=2022-12-05T00:00:00+00:00
[2022-12-05 12:20:36,942] {processor.py:161} INFO - Processing /home/airflow/.local/lib/python3.7/site-packages/airflow/example_dags/example_branch_operator_decorator.py took 0.197 seconds
[2022-12-05 12:21:07,340] {processor.py:153} INFO - Started process (PID=848) to work on /home/airflow/.local/lib/python3.7/site-packages/airflow/example_dags/example_branch_operator_decorator.py
[2022-12-05 12:21:07,341] {processor.py:641} INFO - Processing file /home/airflow/.local/lib/python3.7/site-packages/airflow/example_dags/example_branch_operator_decorator.py for tasks to queue
[2022-12-05 12:21:07,341] {logging_mixin.py:115} INFO - [2022-12-05 12:21:07,341] {dagbag.py:508} INFO - Filling up the DagBag from /home/airflow/.local/lib/python3.7/site-packages/airflow/example_dags/example_branch_operator_decorator.py
[2022-12-05 12:21:07,367] {processor.py:651} INFO - DAG(s) dict_keys(['example_branch_python_operator_decorator']) retrieved from /home/airflow/.local/lib/python3.7/site-packages/airflow/example_dags/example_branch_operator_decorator.py
[2022-12-05 12:21:07,520] {logging_mixin.py:115} INFO - [2022-12-05 12:21:07,520] {dag.py:2420} INFO - Sync 1 DAGs
[2022-12-05 12:21:07,562] {logging_mixin.py:115} INFO - [2022-12-05 12:21:07,562] {dag.py:2972} INFO - Setting next_dagrun for example_branch_python_operator_decorator to 2022-12-04T00:00:00+00:00, run_after=2022-12-05T00:00:00+00:00
[2022-12-05 12:21:07,580] {processor.py:161} INFO - Processing /home/airflow/.local/lib/python3.7/site-packages/airflow/example_dags/example_branch_operator_decorator.py took 0.244 seconds
[2022-12-05 12:21:37,743] {processor.py:153} INFO - Started process (PID=902) to work on /home/airflow/.local/lib/python3.7/site-packages/airflow/example_dags/example_branch_operator_decorator.py
[2022-12-05 12:21:37,743] {processor.py:641} INFO - Processing file /home/airflow/.local/lib/python3.7/site-packages/airflow/example_dags/example_branch_operator_decorator.py for tasks to queue
[2022-12-05 12:21:37,744] {logging_mixin.py:115} INFO - [2022-12-05 12:21:37,744] {dagbag.py:508} INFO - Filling up the DagBag from /home/airflow/.local/lib/python3.7/site-packages/airflow/example_dags/example_branch_operator_decorator.py
[2022-12-05 12:21:37,785] {processor.py:651} INFO - DAG(s) dict_keys(['example_branch_python_operator_decorator']) retrieved from /home/airflow/.local/lib/python3.7/site-packages/airflow/example_dags/example_branch_operator_decorator.py
[2022-12-05 12:21:37,906] {logging_mixin.py:115} INFO - [2022-12-05 12:21:37,906] {dag.py:2420} INFO - Sync 1 DAGs
[2022-12-05 12:21:37,929] {logging_mixin.py:115} INFO - [2022-12-05 12:21:37,929] {dag.py:2972} INFO - Setting next_dagrun for example_branch_python_operator_decorator to 2022-12-04T00:00:00+00:00, run_after=2022-12-05T00:00:00+00:00
[2022-12-05 12:21:37,944] {processor.py:161} INFO - Processing /home/airflow/.local/lib/python3.7/site-packages/airflow/example_dags/example_branch_operator_decorator.py took 0.207 seconds
[2022-12-05 12:22:08,097] {processor.py:153} INFO - Started process (PID=964) to work on /home/airflow/.local/lib/python3.7/site-packages/airflow/example_dags/example_branch_operator_decorator.py
[2022-12-05 12:22:08,098] {processor.py:641} INFO - Processing file /home/airflow/.local/lib/python3.7/site-packages/airflow/example_dags/example_branch_operator_decorator.py for tasks to queue
[2022-12-05 12:22:08,099] {logging_mixin.py:115} INFO - [2022-12-05 12:22:08,099] {dagbag.py:508} INFO - Filling up the DagBag from /home/airflow/.local/lib/python3.7/site-packages/airflow/example_dags/example_branch_operator_decorator.py
[2022-12-05 12:22:08,144] {processor.py:651} INFO - DAG(s) dict_keys(['example_branch_python_operator_decorator']) retrieved from /home/airflow/.local/lib/python3.7/site-packages/airflow/example_dags/example_branch_operator_decorator.py
[2022-12-05 12:22:08,261] {logging_mixin.py:115} INFO - [2022-12-05 12:22:08,261] {dag.py:2420} INFO - Sync 1 DAGs
[2022-12-05 12:22:08,282] {logging_mixin.py:115} INFO - [2022-12-05 12:22:08,282] {dag.py:2972} INFO - Setting next_dagrun for example_branch_python_operator_decorator to 2022-12-04T00:00:00+00:00, run_after=2022-12-05T00:00:00+00:00
[2022-12-05 12:22:08,297] {processor.py:161} INFO - Processing /home/airflow/.local/lib/python3.7/site-packages/airflow/example_dags/example_branch_operator_decorator.py took 0.204 seconds
[2022-12-05 12:22:38,401] {processor.py:153} INFO - Started process (PID=1016) to work on /home/airflow/.local/lib/python3.7/site-packages/airflow/example_dags/example_branch_operator_decorator.py
[2022-12-05 12:22:38,402] {processor.py:641} INFO - Processing file /home/airflow/.local/lib/python3.7/site-packages/airflow/example_dags/example_branch_operator_decorator.py for tasks to queue
[2022-12-05 12:22:38,402] {logging_mixin.py:115} INFO - [2022-12-05 12:22:38,402] {dagbag.py:508} INFO - Filling up the DagBag from /home/airflow/.local/lib/python3.7/site-packages/airflow/example_dags/example_branch_operator_decorator.py
[2022-12-05 12:22:38,422] {processor.py:651} INFO - DAG(s) dict_keys(['example_branch_python_operator_decorator']) retrieved from /home/airflow/.local/lib/python3.7/site-packages/airflow/example_dags/example_branch_operator_decorator.py
[2022-12-05 12:22:38,564] {logging_mixin.py:115} INFO - [2022-12-05 12:22:38,563] {dag.py:2420} INFO - Sync 1 DAGs
[2022-12-05 12:22:38,588] {logging_mixin.py:115} INFO - [2022-12-05 12:22:38,588] {dag.py:2972} INFO - Setting next_dagrun for example_branch_python_operator_decorator to 2022-12-04T00:00:00+00:00, run_after=2022-12-05T00:00:00+00:00
[2022-12-05 12:22:38,604] {processor.py:161} INFO - Processing /home/airflow/.local/lib/python3.7/site-packages/airflow/example_dags/example_branch_operator_decorator.py took 0.205 seconds
[2022-12-05 12:23:08,795] {processor.py:153} INFO - Started process (PID=1079) to work on /home/airflow/.local/lib/python3.7/site-packages/airflow/example_dags/example_branch_operator_decorator.py
[2022-12-05 12:23:08,796] {processor.py:641} INFO - Processing file /home/airflow/.local/lib/python3.7/site-packages/airflow/example_dags/example_branch_operator_decorator.py for tasks to queue
[2022-12-05 12:23:08,796] {logging_mixin.py:115} INFO - [2022-12-05 12:23:08,796] {dagbag.py:508} INFO - Filling up the DagBag from /home/airflow/.local/lib/python3.7/site-packages/airflow/example_dags/example_branch_operator_decorator.py
[2022-12-05 12:23:08,838] {processor.py:651} INFO - DAG(s) dict_keys(['example_branch_python_operator_decorator']) retrieved from /home/airflow/.local/lib/python3.7/site-packages/airflow/example_dags/example_branch_operator_decorator.py
[2022-12-05 12:23:08,965] {logging_mixin.py:115} INFO - [2022-12-05 12:23:08,964] {dag.py:2420} INFO - Sync 1 DAGs
[2022-12-05 12:23:08,990] {logging_mixin.py:115} INFO - [2022-12-05 12:23:08,990] {dag.py:2972} INFO - Setting next_dagrun for example_branch_python_operator_decorator to 2022-12-04T00:00:00+00:00, run_after=2022-12-05T00:00:00+00:00
[2022-12-05 12:23:09,005] {processor.py:161} INFO - Processing /home/airflow/.local/lib/python3.7/site-packages/airflow/example_dags/example_branch_operator_decorator.py took 0.214 seconds
[2022-12-05 12:23:39,305] {processor.py:153} INFO - Started process (PID=1143) to work on /home/airflow/.local/lib/python3.7/site-packages/airflow/example_dags/example_branch_operator_decorator.py
[2022-12-05 12:23:39,306] {processor.py:641} INFO - Processing file /home/airflow/.local/lib/python3.7/site-packages/airflow/example_dags/example_branch_operator_decorator.py for tasks to queue
[2022-12-05 12:23:39,307] {logging_mixin.py:115} INFO - [2022-12-05 12:23:39,307] {dagbag.py:508} INFO - Filling up the DagBag from /home/airflow/.local/lib/python3.7/site-packages/airflow/example_dags/example_branch_operator_decorator.py
[2022-12-05 12:23:39,332] {processor.py:651} INFO - DAG(s) dict_keys(['example_branch_python_operator_decorator']) retrieved from /home/airflow/.local/lib/python3.7/site-packages/airflow/example_dags/example_branch_operator_decorator.py
[2022-12-05 12:23:39,490] {logging_mixin.py:115} INFO - [2022-12-05 12:23:39,490] {dag.py:2420} INFO - Sync 1 DAGs
[2022-12-05 12:23:39,522] {logging_mixin.py:115} INFO - [2022-12-05 12:23:39,521] {dag.py:2972} INFO - Setting next_dagrun for example_branch_python_operator_decorator to 2022-12-04T00:00:00+00:00, run_after=2022-12-05T00:00:00+00:00
[2022-12-05 12:23:39,542] {processor.py:161} INFO - Processing /home/airflow/.local/lib/python3.7/site-packages/airflow/example_dags/example_branch_operator_decorator.py took 0.241 seconds
[2022-12-05 12:24:09,789] {processor.py:153} INFO - Started process (PID=1197) to work on /home/airflow/.local/lib/python3.7/site-packages/airflow/example_dags/example_branch_operator_decorator.py
[2022-12-05 12:24:09,790] {processor.py:641} INFO - Processing file /home/airflow/.local/lib/python3.7/site-packages/airflow/example_dags/example_branch_operator_decorator.py for tasks to queue
[2022-12-05 12:24:09,791] {logging_mixin.py:115} INFO - [2022-12-05 12:24:09,790] {dagbag.py:508} INFO - Filling up the DagBag from /home/airflow/.local/lib/python3.7/site-packages/airflow/example_dags/example_branch_operator_decorator.py
[2022-12-05 12:24:09,828] {processor.py:651} INFO - DAG(s) dict_keys(['example_branch_python_operator_decorator']) retrieved from /home/airflow/.local/lib/python3.7/site-packages/airflow/example_dags/example_branch_operator_decorator.py
[2022-12-05 12:24:09,955] {logging_mixin.py:115} INFO - [2022-12-05 12:24:09,955] {dag.py:2420} INFO - Sync 1 DAGs
[2022-12-05 12:24:09,980] {logging_mixin.py:115} INFO - [2022-12-05 12:24:09,980] {dag.py:2972} INFO - Setting next_dagrun for example_branch_python_operator_decorator to 2022-12-04T00:00:00+00:00, run_after=2022-12-05T00:00:00+00:00
[2022-12-05 12:24:09,993] {processor.py:161} INFO - Processing /home/airflow/.local/lib/python3.7/site-packages/airflow/example_dags/example_branch_operator_decorator.py took 0.208 seconds
[2022-12-05 12:24:40,220] {processor.py:153} INFO - Started process (PID=1260) to work on /home/airflow/.local/lib/python3.7/site-packages/airflow/example_dags/example_branch_operator_decorator.py
[2022-12-05 12:24:40,221] {processor.py:641} INFO - Processing file /home/airflow/.local/lib/python3.7/site-packages/airflow/example_dags/example_branch_operator_decorator.py for tasks to queue
[2022-12-05 12:24:40,222] {logging_mixin.py:115} INFO - [2022-12-05 12:24:40,222] {dagbag.py:508} INFO - Filling up the DagBag from /home/airflow/.local/lib/python3.7/site-packages/airflow/example_dags/example_branch_operator_decorator.py
[2022-12-05 12:24:40,260] {processor.py:651} INFO - DAG(s) dict_keys(['example_branch_python_operator_decorator']) retrieved from /home/airflow/.local/lib/python3.7/site-packages/airflow/example_dags/example_branch_operator_decorator.py
[2022-12-05 12:24:40,389] {logging_mixin.py:115} INFO - [2022-12-05 12:24:40,389] {dag.py:2420} INFO - Sync 1 DAGs
[2022-12-05 12:24:40,413] {logging_mixin.py:115} INFO - [2022-12-05 12:24:40,413] {dag.py:2972} INFO - Setting next_dagrun for example_branch_python_operator_decorator to 2022-12-04T00:00:00+00:00, run_after=2022-12-05T00:00:00+00:00
[2022-12-05 12:24:40,427] {processor.py:161} INFO - Processing /home/airflow/.local/lib/python3.7/site-packages/airflow/example_dags/example_branch_operator_decorator.py took 0.211 seconds
[2022-12-05 12:25:10,678] {processor.py:153} INFO - Started process (PID=1314) to work on /home/airflow/.local/lib/python3.7/site-packages/airflow/example_dags/example_branch_operator_decorator.py
[2022-12-05 12:25:10,678] {processor.py:641} INFO - Processing file /home/airflow/.local/lib/python3.7/site-packages/airflow/example_dags/example_branch_operator_decorator.py for tasks to queue
[2022-12-05 12:25:10,678] {logging_mixin.py:115} INFO - [2022-12-05 12:25:10,678] {dagbag.py:508} INFO - Filling up the DagBag from /home/airflow/.local/lib/python3.7/site-packages/airflow/example_dags/example_branch_operator_decorator.py
[2022-12-05 12:25:10,804] {processor.py:651} INFO - DAG(s) dict_keys(['example_branch_python_operator_decorator']) retrieved from /home/airflow/.local/lib/python3.7/site-packages/airflow/example_dags/example_branch_operator_decorator.py
[2022-12-05 12:25:10,825] {logging_mixin.py:115} INFO - [2022-12-05 12:25:10,824] {dag.py:2420} INFO - Sync 1 DAGs
[2022-12-05 12:25:10,850] {logging_mixin.py:115} INFO - [2022-12-05 12:25:10,850] {dag.py:2972} INFO - Setting next_dagrun for example_branch_python_operator_decorator to 2022-12-04T00:00:00+00:00, run_after=2022-12-05T00:00:00+00:00
[2022-12-05 12:25:10,861] {processor.py:161} INFO - Processing /home/airflow/.local/lib/python3.7/site-packages/airflow/example_dags/example_branch_operator_decorator.py took 0.186 seconds
[2022-12-05 12:25:41,459] {processor.py:153} INFO - Started process (PID=1376) to work on /home/airflow/.local/lib/python3.7/site-packages/airflow/example_dags/example_branch_operator_decorator.py
[2022-12-05 12:25:41,459] {processor.py:641} INFO - Processing file /home/airflow/.local/lib/python3.7/site-packages/airflow/example_dags/example_branch_operator_decorator.py for tasks to queue
[2022-12-05 12:25:41,460] {logging_mixin.py:115} INFO - [2022-12-05 12:25:41,460] {dagbag.py:508} INFO - Filling up the DagBag from /home/airflow/.local/lib/python3.7/site-packages/airflow/example_dags/example_branch_operator_decorator.py
[2022-12-05 12:25:41,592] {processor.py:651} INFO - DAG(s) dict_keys(['example_branch_python_operator_decorator']) retrieved from /home/airflow/.local/lib/python3.7/site-packages/airflow/example_dags/example_branch_operator_decorator.py
[2022-12-05 12:25:41,614] {logging_mixin.py:115} INFO - [2022-12-05 12:25:41,614] {dag.py:2420} INFO - Sync 1 DAGs
[2022-12-05 12:25:41,637] {logging_mixin.py:115} INFO - [2022-12-05 12:25:41,637] {dag.py:2972} INFO - Setting next_dagrun for example_branch_python_operator_decorator to 2022-12-04T00:00:00+00:00, run_after=2022-12-05T00:00:00+00:00
[2022-12-05 12:25:41,650] {processor.py:161} INFO - Processing /home/airflow/.local/lib/python3.7/site-packages/airflow/example_dags/example_branch_operator_decorator.py took 0.194 seconds
[2022-12-05 12:26:11,910] {processor.py:153} INFO - Started process (PID=1438) to work on /home/airflow/.local/lib/python3.7/site-packages/airflow/example_dags/example_branch_operator_decorator.py
[2022-12-05 12:26:11,910] {processor.py:641} INFO - Processing file /home/airflow/.local/lib/python3.7/site-packages/airflow/example_dags/example_branch_operator_decorator.py for tasks to queue
[2022-12-05 12:26:11,911] {logging_mixin.py:115} INFO - [2022-12-05 12:26:11,910] {dagbag.py:508} INFO - Filling up the DagBag from /home/airflow/.local/lib/python3.7/site-packages/airflow/example_dags/example_branch_operator_decorator.py
[2022-12-05 12:26:12,050] {processor.py:651} INFO - DAG(s) dict_keys(['example_branch_python_operator_decorator']) retrieved from /home/airflow/.local/lib/python3.7/site-packages/airflow/example_dags/example_branch_operator_decorator.py
[2022-12-05 12:26:12,075] {logging_mixin.py:115} INFO - [2022-12-05 12:26:12,074] {dag.py:2420} INFO - Sync 1 DAGs
[2022-12-05 12:26:12,101] {logging_mixin.py:115} INFO - [2022-12-05 12:26:12,100] {dag.py:2972} INFO - Setting next_dagrun for example_branch_python_operator_decorator to 2022-12-04T00:00:00+00:00, run_after=2022-12-05T00:00:00+00:00
[2022-12-05 12:26:12,113] {processor.py:161} INFO - Processing /home/airflow/.local/lib/python3.7/site-packages/airflow/example_dags/example_branch_operator_decorator.py took 0.206 seconds
[2022-12-05 12:26:42,255] {processor.py:153} INFO - Started process (PID=1492) to work on /home/airflow/.local/lib/python3.7/site-packages/airflow/example_dags/example_branch_operator_decorator.py
[2022-12-05 12:26:42,256] {processor.py:641} INFO - Processing file /home/airflow/.local/lib/python3.7/site-packages/airflow/example_dags/example_branch_operator_decorator.py for tasks to queue
[2022-12-05 12:26:42,256] {logging_mixin.py:115} INFO - [2022-12-05 12:26:42,256] {dagbag.py:508} INFO - Filling up the DagBag from /home/airflow/.local/lib/python3.7/site-packages/airflow/example_dags/example_branch_operator_decorator.py
[2022-12-05 12:26:42,396] {processor.py:651} INFO - DAG(s) dict_keys(['example_branch_python_operator_decorator']) retrieved from /home/airflow/.local/lib/python3.7/site-packages/airflow/example_dags/example_branch_operator_decorator.py
[2022-12-05 12:26:42,423] {logging_mixin.py:115} INFO - [2022-12-05 12:26:42,423] {dag.py:2420} INFO - Sync 1 DAGs
[2022-12-05 12:26:42,453] {logging_mixin.py:115} INFO - [2022-12-05 12:26:42,452] {dag.py:2972} INFO - Setting next_dagrun for example_branch_python_operator_decorator to 2022-12-04T00:00:00+00:00, run_after=2022-12-05T00:00:00+00:00
[2022-12-05 12:26:42,469] {processor.py:161} INFO - Processing /home/airflow/.local/lib/python3.7/site-packages/airflow/example_dags/example_branch_operator_decorator.py took 0.217 seconds
[2022-12-05 12:27:12,943] {processor.py:153} INFO - Started process (PID=1555) to work on /home/airflow/.local/lib/python3.7/site-packages/airflow/example_dags/example_branch_operator_decorator.py
[2022-12-05 12:27:12,944] {processor.py:641} INFO - Processing file /home/airflow/.local/lib/python3.7/site-packages/airflow/example_dags/example_branch_operator_decorator.py for tasks to queue
[2022-12-05 12:27:12,944] {logging_mixin.py:115} INFO - [2022-12-05 12:27:12,944] {dagbag.py:508} INFO - Filling up the DagBag from /home/airflow/.local/lib/python3.7/site-packages/airflow/example_dags/example_branch_operator_decorator.py
[2022-12-05 12:27:13,073] {processor.py:651} INFO - DAG(s) dict_keys(['example_branch_python_operator_decorator']) retrieved from /home/airflow/.local/lib/python3.7/site-packages/airflow/example_dags/example_branch_operator_decorator.py
[2022-12-05 12:27:13,097] {logging_mixin.py:115} INFO - [2022-12-05 12:27:13,097] {dag.py:2420} INFO - Sync 1 DAGs
[2022-12-05 12:27:13,122] {logging_mixin.py:115} INFO - [2022-12-05 12:27:13,122] {dag.py:2972} INFO - Setting next_dagrun for example_branch_python_operator_decorator to 2022-12-04T00:00:00+00:00, run_after=2022-12-05T00:00:00+00:00
[2022-12-05 12:27:13,133] {processor.py:161} INFO - Processing /home/airflow/.local/lib/python3.7/site-packages/airflow/example_dags/example_branch_operator_decorator.py took 0.193 seconds
[2022-12-05 12:27:43,629] {processor.py:153} INFO - Started process (PID=1619) to work on /home/airflow/.local/lib/python3.7/site-packages/airflow/example_dags/example_branch_operator_decorator.py
[2022-12-05 12:27:43,629] {processor.py:641} INFO - Processing file /home/airflow/.local/lib/python3.7/site-packages/airflow/example_dags/example_branch_operator_decorator.py for tasks to queue
[2022-12-05 12:27:43,629] {logging_mixin.py:115} INFO - [2022-12-05 12:27:43,629] {dagbag.py:508} INFO - Filling up the DagBag from /home/airflow/.local/lib/python3.7/site-packages/airflow/example_dags/example_branch_operator_decorator.py
[2022-12-05 12:27:43,780] {processor.py:651} INFO - DAG(s) dict_keys(['example_branch_python_operator_decorator']) retrieved from /home/airflow/.local/lib/python3.7/site-packages/airflow/example_dags/example_branch_operator_decorator.py
[2022-12-05 12:27:43,804] {logging_mixin.py:115} INFO - [2022-12-05 12:27:43,803] {dag.py:2420} INFO - Sync 1 DAGs
[2022-12-05 12:27:43,830] {logging_mixin.py:115} INFO - [2022-12-05 12:27:43,830] {dag.py:2972} INFO - Setting next_dagrun for example_branch_python_operator_decorator to 2022-12-04T00:00:00+00:00, run_after=2022-12-05T00:00:00+00:00
[2022-12-05 12:27:43,846] {processor.py:161} INFO - Processing /home/airflow/.local/lib/python3.7/site-packages/airflow/example_dags/example_branch_operator_decorator.py took 0.220 seconds
[2022-12-05 12:28:14,012] {processor.py:153} INFO - Started process (PID=1674) to work on /home/airflow/.local/lib/python3.7/site-packages/airflow/example_dags/example_branch_operator_decorator.py
[2022-12-05 12:28:14,012] {processor.py:641} INFO - Processing file /home/airflow/.local/lib/python3.7/site-packages/airflow/example_dags/example_branch_operator_decorator.py for tasks to queue
[2022-12-05 12:28:14,013] {logging_mixin.py:115} INFO - [2022-12-05 12:28:14,013] {dagbag.py:508} INFO - Filling up the DagBag from /home/airflow/.local/lib/python3.7/site-packages/airflow/example_dags/example_branch_operator_decorator.py
[2022-12-05 12:28:14,128] {processor.py:651} INFO - DAG(s) dict_keys(['example_branch_python_operator_decorator']) retrieved from /home/airflow/.local/lib/python3.7/site-packages/airflow/example_dags/example_branch_operator_decorator.py
[2022-12-05 12:28:14,150] {logging_mixin.py:115} INFO - [2022-12-05 12:28:14,150] {dag.py:2420} INFO - Sync 1 DAGs
[2022-12-05 12:28:14,173] {logging_mixin.py:115} INFO - [2022-12-05 12:28:14,173] {dag.py:2972} INFO - Setting next_dagrun for example_branch_python_operator_decorator to 2022-12-04T00:00:00+00:00, run_after=2022-12-05T00:00:00+00:00
[2022-12-05 12:28:14,186] {processor.py:161} INFO - Processing /home/airflow/.local/lib/python3.7/site-packages/airflow/example_dags/example_branch_operator_decorator.py took 0.177 seconds
[2022-12-05 12:28:44,680] {processor.py:153} INFO - Started process (PID=1737) to work on /home/airflow/.local/lib/python3.7/site-packages/airflow/example_dags/example_branch_operator_decorator.py
[2022-12-05 12:28:44,681] {processor.py:641} INFO - Processing file /home/airflow/.local/lib/python3.7/site-packages/airflow/example_dags/example_branch_operator_decorator.py for tasks to queue
[2022-12-05 12:28:44,681] {logging_mixin.py:115} INFO - [2022-12-05 12:28:44,681] {dagbag.py:508} INFO - Filling up the DagBag from /home/airflow/.local/lib/python3.7/site-packages/airflow/example_dags/example_branch_operator_decorator.py
[2022-12-05 12:28:44,795] {processor.py:651} INFO - DAG(s) dict_keys(['example_branch_python_operator_decorator']) retrieved from /home/airflow/.local/lib/python3.7/site-packages/airflow/example_dags/example_branch_operator_decorator.py
[2022-12-05 12:28:44,817] {logging_mixin.py:115} INFO - [2022-12-05 12:28:44,817] {dag.py:2420} INFO - Sync 1 DAGs
[2022-12-05 12:28:44,840] {logging_mixin.py:115} INFO - [2022-12-05 12:28:44,839] {dag.py:2972} INFO - Setting next_dagrun for example_branch_python_operator_decorator to 2022-12-04T00:00:00+00:00, run_after=2022-12-05T00:00:00+00:00
[2022-12-05 12:28:44,851] {processor.py:161} INFO - Processing /home/airflow/.local/lib/python3.7/site-packages/airflow/example_dags/example_branch_operator_decorator.py took 0.173 seconds
[2022-12-05 12:29:15,596] {processor.py:153} INFO - Started process (PID=1789) to work on /home/airflow/.local/lib/python3.7/site-packages/airflow/example_dags/example_branch_operator_decorator.py
[2022-12-05 12:29:15,597] {processor.py:641} INFO - Processing file /home/airflow/.local/lib/python3.7/site-packages/airflow/example_dags/example_branch_operator_decorator.py for tasks to queue
[2022-12-05 12:29:15,597] {logging_mixin.py:115} INFO - [2022-12-05 12:29:15,597] {dagbag.py:508} INFO - Filling up the DagBag from /home/airflow/.local/lib/python3.7/site-packages/airflow/example_dags/example_branch_operator_decorator.py
[2022-12-05 12:29:15,718] {processor.py:651} INFO - DAG(s) dict_keys(['example_branch_python_operator_decorator']) retrieved from /home/airflow/.local/lib/python3.7/site-packages/airflow/example_dags/example_branch_operator_decorator.py
[2022-12-05 12:29:15,740] {logging_mixin.py:115} INFO - [2022-12-05 12:29:15,739] {dag.py:2420} INFO - Sync 1 DAGs
[2022-12-05 12:29:15,768] {logging_mixin.py:115} INFO - [2022-12-05 12:29:15,768] {dag.py:2972} INFO - Setting next_dagrun for example_branch_python_operator_decorator to 2022-12-04T00:00:00+00:00, run_after=2022-12-05T00:00:00+00:00
[2022-12-05 12:29:15,783] {processor.py:161} INFO - Processing /home/airflow/.local/lib/python3.7/site-packages/airflow/example_dags/example_branch_operator_decorator.py took 0.189 seconds
[2022-12-05 12:29:46,158] {processor.py:153} INFO - Started process (PID=1852) to work on /home/airflow/.local/lib/python3.7/site-packages/airflow/example_dags/example_branch_operator_decorator.py
[2022-12-05 12:29:46,158] {processor.py:641} INFO - Processing file /home/airflow/.local/lib/python3.7/site-packages/airflow/example_dags/example_branch_operator_decorator.py for tasks to queue
[2022-12-05 12:29:46,159] {logging_mixin.py:115} INFO - [2022-12-05 12:29:46,159] {dagbag.py:508} INFO - Filling up the DagBag from /home/airflow/.local/lib/python3.7/site-packages/airflow/example_dags/example_branch_operator_decorator.py
[2022-12-05 12:29:46,303] {processor.py:651} INFO - DAG(s) dict_keys(['example_branch_python_operator_decorator']) retrieved from /home/airflow/.local/lib/python3.7/site-packages/airflow/example_dags/example_branch_operator_decorator.py
[2022-12-05 12:29:46,325] {logging_mixin.py:115} INFO - [2022-12-05 12:29:46,325] {dag.py:2420} INFO - Sync 1 DAGs
[2022-12-05 12:29:46,348] {logging_mixin.py:115} INFO - [2022-12-05 12:29:46,348] {dag.py:2972} INFO - Setting next_dagrun for example_branch_python_operator_decorator to 2022-12-04T00:00:00+00:00, run_after=2022-12-05T00:00:00+00:00
[2022-12-05 12:29:46,363] {processor.py:161} INFO - Processing /home/airflow/.local/lib/python3.7/site-packages/airflow/example_dags/example_branch_operator_decorator.py took 0.207 seconds
[2022-12-05 12:30:16,792] {processor.py:153} INFO - Started process (PID=1914) to work on /home/airflow/.local/lib/python3.7/site-packages/airflow/example_dags/example_branch_operator_decorator.py
[2022-12-05 12:30:16,793] {processor.py:641} INFO - Processing file /home/airflow/.local/lib/python3.7/site-packages/airflow/example_dags/example_branch_operator_decorator.py for tasks to queue
[2022-12-05 12:30:16,794] {logging_mixin.py:115} INFO - [2022-12-05 12:30:16,794] {dagbag.py:508} INFO - Filling up the DagBag from /home/airflow/.local/lib/python3.7/site-packages/airflow/example_dags/example_branch_operator_decorator.py
[2022-12-05 12:30:16,929] {processor.py:651} INFO - DAG(s) dict_keys(['example_branch_python_operator_decorator']) retrieved from /home/airflow/.local/lib/python3.7/site-packages/airflow/example_dags/example_branch_operator_decorator.py
[2022-12-05 12:30:16,959] {logging_mixin.py:115} INFO - [2022-12-05 12:30:16,958] {dag.py:2420} INFO - Sync 1 DAGs
[2022-12-05 12:30:16,991] {logging_mixin.py:115} INFO - [2022-12-05 12:30:16,991] {dag.py:2972} INFO - Setting next_dagrun for example_branch_python_operator_decorator to 2022-12-04T00:00:00+00:00, run_after=2022-12-05T00:00:00+00:00
[2022-12-05 12:30:17,008] {processor.py:161} INFO - Processing /home/airflow/.local/lib/python3.7/site-packages/airflow/example_dags/example_branch_operator_decorator.py took 0.219 seconds
[2022-12-05 12:30:47,433] {processor.py:153} INFO - Started process (PID=1968) to work on /home/airflow/.local/lib/python3.7/site-packages/airflow/example_dags/example_branch_operator_decorator.py
[2022-12-05 12:30:47,434] {processor.py:641} INFO - Processing file /home/airflow/.local/lib/python3.7/site-packages/airflow/example_dags/example_branch_operator_decorator.py for tasks to queue
[2022-12-05 12:30:47,435] {logging_mixin.py:115} INFO - [2022-12-05 12:30:47,434] {dagbag.py:508} INFO - Filling up the DagBag from /home/airflow/.local/lib/python3.7/site-packages/airflow/example_dags/example_branch_operator_decorator.py
[2022-12-05 12:30:47,569] {processor.py:651} INFO - DAG(s) dict_keys(['example_branch_python_operator_decorator']) retrieved from /home/airflow/.local/lib/python3.7/site-packages/airflow/example_dags/example_branch_operator_decorator.py
[2022-12-05 12:30:47,589] {logging_mixin.py:115} INFO - [2022-12-05 12:30:47,588] {dag.py:2420} INFO - Sync 1 DAGs
[2022-12-05 12:30:47,610] {logging_mixin.py:115} INFO - [2022-12-05 12:30:47,610] {dag.py:2972} INFO - Setting next_dagrun for example_branch_python_operator_decorator to 2022-12-04T00:00:00+00:00, run_after=2022-12-05T00:00:00+00:00
[2022-12-05 12:30:47,621] {processor.py:161} INFO - Processing /home/airflow/.local/lib/python3.7/site-packages/airflow/example_dags/example_branch_operator_decorator.py took 0.192 seconds
[2022-12-05 12:31:18,208] {processor.py:153} INFO - Started process (PID=2031) to work on /home/airflow/.local/lib/python3.7/site-packages/airflow/example_dags/example_branch_operator_decorator.py
[2022-12-05 12:31:18,208] {processor.py:641} INFO - Processing file /home/airflow/.local/lib/python3.7/site-packages/airflow/example_dags/example_branch_operator_decorator.py for tasks to queue
[2022-12-05 12:31:18,209] {logging_mixin.py:115} INFO - [2022-12-05 12:31:18,209] {dagbag.py:508} INFO - Filling up the DagBag from /home/airflow/.local/lib/python3.7/site-packages/airflow/example_dags/example_branch_operator_decorator.py
[2022-12-05 12:31:18,338] {processor.py:651} INFO - DAG(s) dict_keys(['example_branch_python_operator_decorator']) retrieved from /home/airflow/.local/lib/python3.7/site-packages/airflow/example_dags/example_branch_operator_decorator.py
[2022-12-05 12:31:18,363] {logging_mixin.py:115} INFO - [2022-12-05 12:31:18,363] {dag.py:2420} INFO - Sync 1 DAGs
[2022-12-05 12:31:18,388] {logging_mixin.py:115} INFO - [2022-12-05 12:31:18,388] {dag.py:2972} INFO - Setting next_dagrun for example_branch_python_operator_decorator to 2022-12-04T00:00:00+00:00, run_after=2022-12-05T00:00:00+00:00
[2022-12-05 12:31:18,404] {processor.py:161} INFO - Processing /home/airflow/.local/lib/python3.7/site-packages/airflow/example_dags/example_branch_operator_decorator.py took 0.199 seconds
[2022-12-05 12:31:48,913] {processor.py:153} INFO - Started process (PID=2085) to work on /home/airflow/.local/lib/python3.7/site-packages/airflow/example_dags/example_branch_operator_decorator.py
[2022-12-05 12:31:48,913] {processor.py:641} INFO - Processing file /home/airflow/.local/lib/python3.7/site-packages/airflow/example_dags/example_branch_operator_decorator.py for tasks to queue
[2022-12-05 12:31:48,913] {logging_mixin.py:115} INFO - [2022-12-05 12:31:48,913] {dagbag.py:508} INFO - Filling up the DagBag from /home/airflow/.local/lib/python3.7/site-packages/airflow/example_dags/example_branch_operator_decorator.py
[2022-12-05 12:31:49,028] {processor.py:651} INFO - DAG(s) dict_keys(['example_branch_python_operator_decorator']) retrieved from /home/airflow/.local/lib/python3.7/site-packages/airflow/example_dags/example_branch_operator_decorator.py
[2022-12-05 12:31:49,053] {logging_mixin.py:115} INFO - [2022-12-05 12:31:49,053] {dag.py:2420} INFO - Sync 1 DAGs
[2022-12-05 12:31:49,082] {logging_mixin.py:115} INFO - [2022-12-05 12:31:49,081] {dag.py:2972} INFO - Setting next_dagrun for example_branch_python_operator_decorator to 2022-12-04T00:00:00+00:00, run_after=2022-12-05T00:00:00+00:00
[2022-12-05 12:31:49,094] {processor.py:161} INFO - Processing /home/airflow/.local/lib/python3.7/site-packages/airflow/example_dags/example_branch_operator_decorator.py took 0.184 seconds
[2022-12-05 12:32:19,646] {processor.py:153} INFO - Started process (PID=2148) to work on /home/airflow/.local/lib/python3.7/site-packages/airflow/example_dags/example_branch_operator_decorator.py
[2022-12-05 12:32:19,646] {processor.py:641} INFO - Processing file /home/airflow/.local/lib/python3.7/site-packages/airflow/example_dags/example_branch_operator_decorator.py for tasks to queue
[2022-12-05 12:32:19,647] {logging_mixin.py:115} INFO - [2022-12-05 12:32:19,647] {dagbag.py:508} INFO - Filling up the DagBag from /home/airflow/.local/lib/python3.7/site-packages/airflow/example_dags/example_branch_operator_decorator.py
[2022-12-05 12:32:19,769] {processor.py:651} INFO - DAG(s) dict_keys(['example_branch_python_operator_decorator']) retrieved from /home/airflow/.local/lib/python3.7/site-packages/airflow/example_dags/example_branch_operator_decorator.py
[2022-12-05 12:32:19,791] {logging_mixin.py:115} INFO - [2022-12-05 12:32:19,790] {dag.py:2420} INFO - Sync 1 DAGs
[2022-12-05 12:32:19,814] {logging_mixin.py:115} INFO - [2022-12-05 12:32:19,813] {dag.py:2972} INFO - Setting next_dagrun for example_branch_python_operator_decorator to 2022-12-04T00:00:00+00:00, run_after=2022-12-05T00:00:00+00:00
[2022-12-05 12:32:19,825] {processor.py:161} INFO - Processing /home/airflow/.local/lib/python3.7/site-packages/airflow/example_dags/example_branch_operator_decorator.py took 0.184 seconds
[2022-12-05 12:32:50,232] {processor.py:153} INFO - Started process (PID=2211) to work on /home/airflow/.local/lib/python3.7/site-packages/airflow/example_dags/example_branch_operator_decorator.py
[2022-12-05 12:32:50,233] {processor.py:641} INFO - Processing file /home/airflow/.local/lib/python3.7/site-packages/airflow/example_dags/example_branch_operator_decorator.py for tasks to queue
[2022-12-05 12:32:50,233] {logging_mixin.py:115} INFO - [2022-12-05 12:32:50,233] {dagbag.py:508} INFO - Filling up the DagBag from /home/airflow/.local/lib/python3.7/site-packages/airflow/example_dags/example_branch_operator_decorator.py
[2022-12-05 12:32:50,384] {processor.py:651} INFO - DAG(s) dict_keys(['example_branch_python_operator_decorator']) retrieved from /home/airflow/.local/lib/python3.7/site-packages/airflow/example_dags/example_branch_operator_decorator.py
[2022-12-05 12:32:50,413] {logging_mixin.py:115} INFO - [2022-12-05 12:32:50,412] {dag.py:2420} INFO - Sync 1 DAGs
[2022-12-05 12:32:50,441] {logging_mixin.py:115} INFO - [2022-12-05 12:32:50,441] {dag.py:2972} INFO - Setting next_dagrun for example_branch_python_operator_decorator to 2022-12-04T00:00:00+00:00, run_after=2022-12-05T00:00:00+00:00
[2022-12-05 12:32:50,454] {processor.py:161} INFO - Processing /home/airflow/.local/lib/python3.7/site-packages/airflow/example_dags/example_branch_operator_decorator.py took 0.224 seconds
