[2022-08-26 15:48:43,343] {processor.py:153} INFO - Started process (PID=94) to work on /home/airflow/.local/lib/python3.7/site-packages/airflow/example_dags/example_branch_day_of_week_operator.py
[2022-08-26 15:48:43,344] {processor.py:641} INFO - Processing file /home/airflow/.local/lib/python3.7/site-packages/airflow/example_dags/example_branch_day_of_week_operator.py for tasks to queue
[2022-08-26 15:48:43,345] {logging_mixin.py:115} INFO - [2022-08-26 15:48:43,345] {dagbag.py:508} INFO - Filling up the DagBag from /home/airflow/.local/lib/python3.7/site-packages/airflow/example_dags/example_branch_day_of_week_operator.py
[2022-08-26 15:48:43,393] {processor.py:651} INFO - DAG(s) dict_keys(['example_weekday_branch_operator']) retrieved from /home/airflow/.local/lib/python3.7/site-packages/airflow/example_dags/example_branch_day_of_week_operator.py
[2022-08-26 15:48:43,456] {logging_mixin.py:115} INFO - [2022-08-26 15:48:43,456] {dag.py:2420} INFO - Sync 1 DAGs
[2022-08-26 15:48:43,842] {logging_mixin.py:115} INFO - [2022-08-26 15:48:43,842] {dag.py:2972} INFO - Setting next_dagrun for example_weekday_branch_operator to 2022-08-25T00:00:00+00:00, run_after=2022-08-26T00:00:00+00:00
[2022-08-26 15:48:43,903] {processor.py:161} INFO - Processing /home/airflow/.local/lib/python3.7/site-packages/airflow/example_dags/example_branch_day_of_week_operator.py took 0.564 seconds
[2022-08-26 15:49:14,123] {processor.py:153} INFO - Started process (PID=145) to work on /home/airflow/.local/lib/python3.7/site-packages/airflow/example_dags/example_branch_day_of_week_operator.py
[2022-08-26 15:49:14,124] {processor.py:641} INFO - Processing file /home/airflow/.local/lib/python3.7/site-packages/airflow/example_dags/example_branch_day_of_week_operator.py for tasks to queue
[2022-08-26 15:49:14,125] {logging_mixin.py:115} INFO - [2022-08-26 15:49:14,125] {dagbag.py:508} INFO - Filling up the DagBag from /home/airflow/.local/lib/python3.7/site-packages/airflow/example_dags/example_branch_day_of_week_operator.py
[2022-08-26 15:49:14,145] {processor.py:651} INFO - DAG(s) dict_keys(['example_weekday_branch_operator']) retrieved from /home/airflow/.local/lib/python3.7/site-packages/airflow/example_dags/example_branch_day_of_week_operator.py
[2022-08-26 15:49:14,205] {logging_mixin.py:115} INFO - [2022-08-26 15:49:14,205] {dag.py:2420} INFO - Sync 1 DAGs
[2022-08-26 15:49:14,464] {logging_mixin.py:115} INFO - [2022-08-26 15:49:14,464] {dag.py:2972} INFO - Setting next_dagrun for example_weekday_branch_operator to 2022-08-25T00:00:00+00:00, run_after=2022-08-26T00:00:00+00:00
[2022-08-26 15:49:14,492] {processor.py:161} INFO - Processing /home/airflow/.local/lib/python3.7/site-packages/airflow/example_dags/example_branch_day_of_week_operator.py took 0.374 seconds
[2022-08-26 15:49:44,696] {processor.py:153} INFO - Started process (PID=198) to work on /home/airflow/.local/lib/python3.7/site-packages/airflow/example_dags/example_branch_day_of_week_operator.py
[2022-08-26 15:49:44,697] {processor.py:641} INFO - Processing file /home/airflow/.local/lib/python3.7/site-packages/airflow/example_dags/example_branch_day_of_week_operator.py for tasks to queue
[2022-08-26 15:49:44,698] {logging_mixin.py:115} INFO - [2022-08-26 15:49:44,698] {dagbag.py:508} INFO - Filling up the DagBag from /home/airflow/.local/lib/python3.7/site-packages/airflow/example_dags/example_branch_day_of_week_operator.py
[2022-08-26 15:49:44,715] {processor.py:651} INFO - DAG(s) dict_keys(['example_weekday_branch_operator']) retrieved from /home/airflow/.local/lib/python3.7/site-packages/airflow/example_dags/example_branch_day_of_week_operator.py
[2022-08-26 15:49:44,774] {logging_mixin.py:115} INFO - [2022-08-26 15:49:44,773] {dag.py:2420} INFO - Sync 1 DAGs
[2022-08-26 15:49:45,017] {logging_mixin.py:115} INFO - [2022-08-26 15:49:45,017] {dag.py:2972} INFO - Setting next_dagrun for example_weekday_branch_operator to 2022-08-25T00:00:00+00:00, run_after=2022-08-26T00:00:00+00:00
[2022-08-26 15:49:45,048] {processor.py:161} INFO - Processing /home/airflow/.local/lib/python3.7/site-packages/airflow/example_dags/example_branch_day_of_week_operator.py took 0.358 seconds
[2022-08-26 15:50:15,678] {processor.py:153} INFO - Started process (PID=251) to work on /home/airflow/.local/lib/python3.7/site-packages/airflow/example_dags/example_branch_day_of_week_operator.py
[2022-08-26 15:50:15,685] {processor.py:641} INFO - Processing file /home/airflow/.local/lib/python3.7/site-packages/airflow/example_dags/example_branch_day_of_week_operator.py for tasks to queue
[2022-08-26 15:50:15,686] {logging_mixin.py:115} INFO - [2022-08-26 15:50:15,686] {dagbag.py:508} INFO - Filling up the DagBag from /home/airflow/.local/lib/python3.7/site-packages/airflow/example_dags/example_branch_day_of_week_operator.py
[2022-08-26 15:50:15,700] {processor.py:651} INFO - DAG(s) dict_keys(['example_weekday_branch_operator']) retrieved from /home/airflow/.local/lib/python3.7/site-packages/airflow/example_dags/example_branch_day_of_week_operator.py
[2022-08-26 15:50:15,739] {logging_mixin.py:115} INFO - [2022-08-26 15:50:15,739] {dag.py:2420} INFO - Sync 1 DAGs
[2022-08-26 15:50:15,923] {logging_mixin.py:115} INFO - [2022-08-26 15:50:15,923] {dag.py:2972} INFO - Setting next_dagrun for example_weekday_branch_operator to 2022-08-25T00:00:00+00:00, run_after=2022-08-26T00:00:00+00:00
[2022-08-26 15:50:15,942] {processor.py:161} INFO - Processing /home/airflow/.local/lib/python3.7/site-packages/airflow/example_dags/example_branch_day_of_week_operator.py took 0.266 seconds
[2022-08-26 15:50:46,628] {processor.py:153} INFO - Started process (PID=313) to work on /home/airflow/.local/lib/python3.7/site-packages/airflow/example_dags/example_branch_day_of_week_operator.py
[2022-08-26 15:50:46,629] {processor.py:641} INFO - Processing file /home/airflow/.local/lib/python3.7/site-packages/airflow/example_dags/example_branch_day_of_week_operator.py for tasks to queue
[2022-08-26 15:50:46,630] {logging_mixin.py:115} INFO - [2022-08-26 15:50:46,630] {dagbag.py:508} INFO - Filling up the DagBag from /home/airflow/.local/lib/python3.7/site-packages/airflow/example_dags/example_branch_day_of_week_operator.py
[2022-08-26 15:50:46,644] {processor.py:651} INFO - DAG(s) dict_keys(['example_weekday_branch_operator']) retrieved from /home/airflow/.local/lib/python3.7/site-packages/airflow/example_dags/example_branch_day_of_week_operator.py
[2022-08-26 15:50:46,686] {logging_mixin.py:115} INFO - [2022-08-26 15:50:46,686] {dag.py:2420} INFO - Sync 1 DAGs
[2022-08-26 15:50:46,859] {logging_mixin.py:115} INFO - [2022-08-26 15:50:46,858] {dag.py:2972} INFO - Setting next_dagrun for example_weekday_branch_operator to 2022-08-25T00:00:00+00:00, run_after=2022-08-26T00:00:00+00:00
[2022-08-26 15:50:46,876] {processor.py:161} INFO - Processing /home/airflow/.local/lib/python3.7/site-packages/airflow/example_dags/example_branch_day_of_week_operator.py took 0.252 seconds
[2022-08-26 15:51:17,881] {processor.py:153} INFO - Started process (PID=367) to work on /home/airflow/.local/lib/python3.7/site-packages/airflow/example_dags/example_branch_day_of_week_operator.py
[2022-08-26 15:51:17,881] {processor.py:641} INFO - Processing file /home/airflow/.local/lib/python3.7/site-packages/airflow/example_dags/example_branch_day_of_week_operator.py for tasks to queue
[2022-08-26 15:51:17,882] {logging_mixin.py:115} INFO - [2022-08-26 15:51:17,882] {dagbag.py:508} INFO - Filling up the DagBag from /home/airflow/.local/lib/python3.7/site-packages/airflow/example_dags/example_branch_day_of_week_operator.py
[2022-08-26 15:51:17,892] {processor.py:651} INFO - DAG(s) dict_keys(['example_weekday_branch_operator']) retrieved from /home/airflow/.local/lib/python3.7/site-packages/airflow/example_dags/example_branch_day_of_week_operator.py
[2022-08-26 15:51:17,926] {logging_mixin.py:115} INFO - [2022-08-26 15:51:17,926] {dag.py:2420} INFO - Sync 1 DAGs
[2022-08-26 15:51:18,096] {logging_mixin.py:115} INFO - [2022-08-26 15:51:18,096] {dag.py:2972} INFO - Setting next_dagrun for example_weekday_branch_operator to 2022-08-25T00:00:00+00:00, run_after=2022-08-26T00:00:00+00:00
[2022-08-26 15:51:18,112] {processor.py:161} INFO - Processing /home/airflow/.local/lib/python3.7/site-packages/airflow/example_dags/example_branch_day_of_week_operator.py took 0.234 seconds
[2022-08-26 15:51:48,574] {processor.py:153} INFO - Started process (PID=431) to work on /home/airflow/.local/lib/python3.7/site-packages/airflow/example_dags/example_branch_day_of_week_operator.py
[2022-08-26 15:51:48,575] {processor.py:641} INFO - Processing file /home/airflow/.local/lib/python3.7/site-packages/airflow/example_dags/example_branch_day_of_week_operator.py for tasks to queue
[2022-08-26 15:51:48,575] {logging_mixin.py:115} INFO - [2022-08-26 15:51:48,575] {dagbag.py:508} INFO - Filling up the DagBag from /home/airflow/.local/lib/python3.7/site-packages/airflow/example_dags/example_branch_day_of_week_operator.py
[2022-08-26 15:51:48,584] {processor.py:651} INFO - DAG(s) dict_keys(['example_weekday_branch_operator']) retrieved from /home/airflow/.local/lib/python3.7/site-packages/airflow/example_dags/example_branch_day_of_week_operator.py
[2022-08-26 15:51:48,612] {logging_mixin.py:115} INFO - [2022-08-26 15:51:48,612] {dag.py:2420} INFO - Sync 1 DAGs
[2022-08-26 15:51:48,766] {logging_mixin.py:115} INFO - [2022-08-26 15:51:48,766] {dag.py:2972} INFO - Setting next_dagrun for example_weekday_branch_operator to 2022-08-25T00:00:00+00:00, run_after=2022-08-26T00:00:00+00:00
[2022-08-26 15:51:48,781] {processor.py:161} INFO - Processing /home/airflow/.local/lib/python3.7/site-packages/airflow/example_dags/example_branch_day_of_week_operator.py took 0.210 seconds
[2022-08-26 15:52:19,059] {processor.py:153} INFO - Started process (PID=492) to work on /home/airflow/.local/lib/python3.7/site-packages/airflow/example_dags/example_branch_day_of_week_operator.py
[2022-08-26 15:52:19,060] {processor.py:641} INFO - Processing file /home/airflow/.local/lib/python3.7/site-packages/airflow/example_dags/example_branch_day_of_week_operator.py for tasks to queue
[2022-08-26 15:52:19,061] {logging_mixin.py:115} INFO - [2022-08-26 15:52:19,060] {dagbag.py:508} INFO - Filling up the DagBag from /home/airflow/.local/lib/python3.7/site-packages/airflow/example_dags/example_branch_day_of_week_operator.py
[2022-08-26 15:52:19,071] {processor.py:651} INFO - DAG(s) dict_keys(['example_weekday_branch_operator']) retrieved from /home/airflow/.local/lib/python3.7/site-packages/airflow/example_dags/example_branch_day_of_week_operator.py
[2022-08-26 15:52:19,113] {logging_mixin.py:115} INFO - [2022-08-26 15:52:19,112] {dag.py:2420} INFO - Sync 1 DAGs
[2022-08-26 15:52:19,290] {logging_mixin.py:115} INFO - [2022-08-26 15:52:19,289] {dag.py:2972} INFO - Setting next_dagrun for example_weekday_branch_operator to 2022-08-25T00:00:00+00:00, run_after=2022-08-26T00:00:00+00:00
[2022-08-26 15:52:19,307] {processor.py:161} INFO - Processing /home/airflow/.local/lib/python3.7/site-packages/airflow/example_dags/example_branch_day_of_week_operator.py took 0.252 seconds
[2022-08-26 15:52:50,057] {processor.py:153} INFO - Started process (PID=547) to work on /home/airflow/.local/lib/python3.7/site-packages/airflow/example_dags/example_branch_day_of_week_operator.py
[2022-08-26 15:52:50,058] {processor.py:641} INFO - Processing file /home/airflow/.local/lib/python3.7/site-packages/airflow/example_dags/example_branch_day_of_week_operator.py for tasks to queue
[2022-08-26 15:52:50,059] {logging_mixin.py:115} INFO - [2022-08-26 15:52:50,059] {dagbag.py:508} INFO - Filling up the DagBag from /home/airflow/.local/lib/python3.7/site-packages/airflow/example_dags/example_branch_day_of_week_operator.py
[2022-08-26 15:52:50,071] {processor.py:651} INFO - DAG(s) dict_keys(['example_weekday_branch_operator']) retrieved from /home/airflow/.local/lib/python3.7/site-packages/airflow/example_dags/example_branch_day_of_week_operator.py
[2022-08-26 15:52:50,112] {logging_mixin.py:115} INFO - [2022-08-26 15:52:50,112] {dag.py:2420} INFO - Sync 1 DAGs
[2022-08-26 15:52:50,338] {logging_mixin.py:115} INFO - [2022-08-26 15:52:50,338] {dag.py:2972} INFO - Setting next_dagrun for example_weekday_branch_operator to 2022-08-25T00:00:00+00:00, run_after=2022-08-26T00:00:00+00:00
[2022-08-26 15:52:50,360] {processor.py:161} INFO - Processing /home/airflow/.local/lib/python3.7/site-packages/airflow/example_dags/example_branch_day_of_week_operator.py took 0.308 seconds
[2022-08-26 15:53:20,632] {processor.py:153} INFO - Started process (PID=607) to work on /home/airflow/.local/lib/python3.7/site-packages/airflow/example_dags/example_branch_day_of_week_operator.py
[2022-08-26 15:53:20,633] {processor.py:641} INFO - Processing file /home/airflow/.local/lib/python3.7/site-packages/airflow/example_dags/example_branch_day_of_week_operator.py for tasks to queue
[2022-08-26 15:53:20,634] {logging_mixin.py:115} INFO - [2022-08-26 15:53:20,634] {dagbag.py:508} INFO - Filling up the DagBag from /home/airflow/.local/lib/python3.7/site-packages/airflow/example_dags/example_branch_day_of_week_operator.py
[2022-08-26 15:53:20,644] {processor.py:651} INFO - DAG(s) dict_keys(['example_weekday_branch_operator']) retrieved from /home/airflow/.local/lib/python3.7/site-packages/airflow/example_dags/example_branch_day_of_week_operator.py
[2022-08-26 15:53:20,690] {logging_mixin.py:115} INFO - [2022-08-26 15:53:20,690] {dag.py:2420} INFO - Sync 1 DAGs
[2022-08-26 15:53:20,857] {logging_mixin.py:115} INFO - [2022-08-26 15:53:20,856] {dag.py:2972} INFO - Setting next_dagrun for example_weekday_branch_operator to 2022-08-25T00:00:00+00:00, run_after=2022-08-26T00:00:00+00:00
[2022-08-26 15:53:20,873] {processor.py:161} INFO - Processing /home/airflow/.local/lib/python3.7/site-packages/airflow/example_dags/example_branch_day_of_week_operator.py took 0.244 seconds
[2022-08-26 15:53:51,918] {processor.py:153} INFO - Started process (PID=662) to work on /home/airflow/.local/lib/python3.7/site-packages/airflow/example_dags/example_branch_day_of_week_operator.py
[2022-08-26 15:53:51,919] {processor.py:641} INFO - Processing file /home/airflow/.local/lib/python3.7/site-packages/airflow/example_dags/example_branch_day_of_week_operator.py for tasks to queue
[2022-08-26 15:53:51,920] {logging_mixin.py:115} INFO - [2022-08-26 15:53:51,919] {dagbag.py:508} INFO - Filling up the DagBag from /home/airflow/.local/lib/python3.7/site-packages/airflow/example_dags/example_branch_day_of_week_operator.py
[2022-08-26 15:53:51,931] {processor.py:651} INFO - DAG(s) dict_keys(['example_weekday_branch_operator']) retrieved from /home/airflow/.local/lib/python3.7/site-packages/airflow/example_dags/example_branch_day_of_week_operator.py
[2022-08-26 15:53:51,966] {logging_mixin.py:115} INFO - [2022-08-26 15:53:51,966] {dag.py:2420} INFO - Sync 1 DAGs
[2022-08-26 15:53:52,158] {logging_mixin.py:115} INFO - [2022-08-26 15:53:52,158] {dag.py:2972} INFO - Setting next_dagrun for example_weekday_branch_operator to 2022-08-25T00:00:00+00:00, run_after=2022-08-26T00:00:00+00:00
[2022-08-26 15:53:52,191] {processor.py:161} INFO - Processing /home/airflow/.local/lib/python3.7/site-packages/airflow/example_dags/example_branch_day_of_week_operator.py took 0.276 seconds
[2022-08-26 15:54:22,655] {processor.py:153} INFO - Started process (PID=724) to work on /home/airflow/.local/lib/python3.7/site-packages/airflow/example_dags/example_branch_day_of_week_operator.py
[2022-08-26 15:54:22,657] {processor.py:641} INFO - Processing file /home/airflow/.local/lib/python3.7/site-packages/airflow/example_dags/example_branch_day_of_week_operator.py for tasks to queue
[2022-08-26 15:54:22,658] {logging_mixin.py:115} INFO - [2022-08-26 15:54:22,658] {dagbag.py:508} INFO - Filling up the DagBag from /home/airflow/.local/lib/python3.7/site-packages/airflow/example_dags/example_branch_day_of_week_operator.py
[2022-08-26 15:54:22,679] {processor.py:651} INFO - DAG(s) dict_keys(['example_weekday_branch_operator']) retrieved from /home/airflow/.local/lib/python3.7/site-packages/airflow/example_dags/example_branch_day_of_week_operator.py
[2022-08-26 15:54:22,742] {logging_mixin.py:115} INFO - [2022-08-26 15:54:22,741] {dag.py:2420} INFO - Sync 1 DAGs
[2022-08-26 15:54:22,988] {logging_mixin.py:115} INFO - [2022-08-26 15:54:22,988] {dag.py:2972} INFO - Setting next_dagrun for example_weekday_branch_operator to 2022-08-25T00:00:00+00:00, run_after=2022-08-26T00:00:00+00:00
[2022-08-26 15:54:23,026] {processor.py:161} INFO - Processing /home/airflow/.local/lib/python3.7/site-packages/airflow/example_dags/example_branch_day_of_week_operator.py took 0.377 seconds
[2022-08-26 15:54:53,237] {processor.py:153} INFO - Started process (PID=779) to work on /home/airflow/.local/lib/python3.7/site-packages/airflow/example_dags/example_branch_day_of_week_operator.py
[2022-08-26 15:54:53,237] {processor.py:641} INFO - Processing file /home/airflow/.local/lib/python3.7/site-packages/airflow/example_dags/example_branch_day_of_week_operator.py for tasks to queue
[2022-08-26 15:54:53,238] {logging_mixin.py:115} INFO - [2022-08-26 15:54:53,238] {dagbag.py:508} INFO - Filling up the DagBag from /home/airflow/.local/lib/python3.7/site-packages/airflow/example_dags/example_branch_day_of_week_operator.py
[2022-08-26 15:54:53,248] {processor.py:651} INFO - DAG(s) dict_keys(['example_weekday_branch_operator']) retrieved from /home/airflow/.local/lib/python3.7/site-packages/airflow/example_dags/example_branch_day_of_week_operator.py
[2022-08-26 15:54:53,287] {logging_mixin.py:115} INFO - [2022-08-26 15:54:53,287] {dag.py:2420} INFO - Sync 1 DAGs
[2022-08-26 15:54:53,458] {logging_mixin.py:115} INFO - [2022-08-26 15:54:53,458] {dag.py:2972} INFO - Setting next_dagrun for example_weekday_branch_operator to 2022-08-25T00:00:00+00:00, run_after=2022-08-26T00:00:00+00:00
[2022-08-26 15:54:53,474] {processor.py:161} INFO - Processing /home/airflow/.local/lib/python3.7/site-packages/airflow/example_dags/example_branch_day_of_week_operator.py took 0.240 seconds
[2022-08-26 15:55:23,739] {processor.py:153} INFO - Started process (PID=833) to work on /home/airflow/.local/lib/python3.7/site-packages/airflow/example_dags/example_branch_day_of_week_operator.py
[2022-08-26 15:55:23,740] {processor.py:641} INFO - Processing file /home/airflow/.local/lib/python3.7/site-packages/airflow/example_dags/example_branch_day_of_week_operator.py for tasks to queue
[2022-08-26 15:55:23,741] {logging_mixin.py:115} INFO - [2022-08-26 15:55:23,741] {dagbag.py:508} INFO - Filling up the DagBag from /home/airflow/.local/lib/python3.7/site-packages/airflow/example_dags/example_branch_day_of_week_operator.py
[2022-08-26 15:55:23,755] {processor.py:651} INFO - DAG(s) dict_keys(['example_weekday_branch_operator']) retrieved from /home/airflow/.local/lib/python3.7/site-packages/airflow/example_dags/example_branch_day_of_week_operator.py
[2022-08-26 15:55:23,800] {logging_mixin.py:115} INFO - [2022-08-26 15:55:23,800] {dag.py:2420} INFO - Sync 1 DAGs
[2022-08-26 15:55:23,991] {logging_mixin.py:115} INFO - [2022-08-26 15:55:23,991] {dag.py:2972} INFO - Setting next_dagrun for example_weekday_branch_operator to 2022-08-25T00:00:00+00:00, run_after=2022-08-26T00:00:00+00:00
[2022-08-26 15:55:24,010] {processor.py:161} INFO - Processing /home/airflow/.local/lib/python3.7/site-packages/airflow/example_dags/example_branch_day_of_week_operator.py took 0.276 seconds
[2022-08-26 15:55:54,517] {processor.py:153} INFO - Started process (PID=895) to work on /home/airflow/.local/lib/python3.7/site-packages/airflow/example_dags/example_branch_day_of_week_operator.py
[2022-08-26 15:55:54,517] {processor.py:641} INFO - Processing file /home/airflow/.local/lib/python3.7/site-packages/airflow/example_dags/example_branch_day_of_week_operator.py for tasks to queue
[2022-08-26 15:55:54,518] {logging_mixin.py:115} INFO - [2022-08-26 15:55:54,518] {dagbag.py:508} INFO - Filling up the DagBag from /home/airflow/.local/lib/python3.7/site-packages/airflow/example_dags/example_branch_day_of_week_operator.py
[2022-08-26 15:55:54,527] {processor.py:651} INFO - DAG(s) dict_keys(['example_weekday_branch_operator']) retrieved from /home/airflow/.local/lib/python3.7/site-packages/airflow/example_dags/example_branch_day_of_week_operator.py
[2022-08-26 15:55:54,557] {logging_mixin.py:115} INFO - [2022-08-26 15:55:54,557] {dag.py:2420} INFO - Sync 1 DAGs
[2022-08-26 15:55:54,733] {logging_mixin.py:115} INFO - [2022-08-26 15:55:54,733] {dag.py:2972} INFO - Setting next_dagrun for example_weekday_branch_operator to 2022-08-25T00:00:00+00:00, run_after=2022-08-26T00:00:00+00:00
[2022-08-26 15:55:54,747] {processor.py:161} INFO - Processing /home/airflow/.local/lib/python3.7/site-packages/airflow/example_dags/example_branch_day_of_week_operator.py took 0.233 seconds
[2022-08-26 15:56:25,068] {processor.py:153} INFO - Started process (PID=957) to work on /home/airflow/.local/lib/python3.7/site-packages/airflow/example_dags/example_branch_day_of_week_operator.py
[2022-08-26 15:56:25,069] {processor.py:641} INFO - Processing file /home/airflow/.local/lib/python3.7/site-packages/airflow/example_dags/example_branch_day_of_week_operator.py for tasks to queue
[2022-08-26 15:56:25,070] {logging_mixin.py:115} INFO - [2022-08-26 15:56:25,070] {dagbag.py:508} INFO - Filling up the DagBag from /home/airflow/.local/lib/python3.7/site-packages/airflow/example_dags/example_branch_day_of_week_operator.py
[2022-08-26 15:56:25,088] {processor.py:651} INFO - DAG(s) dict_keys(['example_weekday_branch_operator']) retrieved from /home/airflow/.local/lib/python3.7/site-packages/airflow/example_dags/example_branch_day_of_week_operator.py
[2022-08-26 15:56:25,136] {logging_mixin.py:115} INFO - [2022-08-26 15:56:25,135] {dag.py:2420} INFO - Sync 1 DAGs
[2022-08-26 15:56:25,363] {logging_mixin.py:115} INFO - [2022-08-26 15:56:25,363] {dag.py:2972} INFO - Setting next_dagrun for example_weekday_branch_operator to 2022-08-25T00:00:00+00:00, run_after=2022-08-26T00:00:00+00:00
[2022-08-26 15:56:25,389] {processor.py:161} INFO - Processing /home/airflow/.local/lib/python3.7/site-packages/airflow/example_dags/example_branch_day_of_week_operator.py took 0.325 seconds
[2022-08-26 15:56:55,881] {processor.py:153} INFO - Started process (PID=1009) to work on /home/airflow/.local/lib/python3.7/site-packages/airflow/example_dags/example_branch_day_of_week_operator.py
[2022-08-26 15:56:55,882] {processor.py:641} INFO - Processing file /home/airflow/.local/lib/python3.7/site-packages/airflow/example_dags/example_branch_day_of_week_operator.py for tasks to queue
[2022-08-26 15:56:55,882] {logging_mixin.py:115} INFO - [2022-08-26 15:56:55,882] {dagbag.py:508} INFO - Filling up the DagBag from /home/airflow/.local/lib/python3.7/site-packages/airflow/example_dags/example_branch_day_of_week_operator.py
[2022-08-26 15:56:55,892] {processor.py:651} INFO - DAG(s) dict_keys(['example_weekday_branch_operator']) retrieved from /home/airflow/.local/lib/python3.7/site-packages/airflow/example_dags/example_branch_day_of_week_operator.py
[2022-08-26 15:56:55,934] {logging_mixin.py:115} INFO - [2022-08-26 15:56:55,934] {dag.py:2420} INFO - Sync 1 DAGs
[2022-08-26 15:56:56,109] {logging_mixin.py:115} INFO - [2022-08-26 15:56:56,109] {dag.py:2972} INFO - Setting next_dagrun for example_weekday_branch_operator to 2022-08-25T00:00:00+00:00, run_after=2022-08-26T00:00:00+00:00
[2022-08-26 15:56:56,125] {processor.py:161} INFO - Processing /home/airflow/.local/lib/python3.7/site-packages/airflow/example_dags/example_branch_day_of_week_operator.py took 0.247 seconds
[2022-08-26 15:57:26,238] {processor.py:153} INFO - Started process (PID=1071) to work on /home/airflow/.local/lib/python3.7/site-packages/airflow/example_dags/example_branch_day_of_week_operator.py
[2022-08-26 15:57:26,239] {processor.py:641} INFO - Processing file /home/airflow/.local/lib/python3.7/site-packages/airflow/example_dags/example_branch_day_of_week_operator.py for tasks to queue
[2022-08-26 15:57:26,240] {logging_mixin.py:115} INFO - [2022-08-26 15:57:26,239] {dagbag.py:508} INFO - Filling up the DagBag from /home/airflow/.local/lib/python3.7/site-packages/airflow/example_dags/example_branch_day_of_week_operator.py
[2022-08-26 15:57:26,253] {processor.py:651} INFO - DAG(s) dict_keys(['example_weekday_branch_operator']) retrieved from /home/airflow/.local/lib/python3.7/site-packages/airflow/example_dags/example_branch_day_of_week_operator.py
[2022-08-26 15:57:26,291] {logging_mixin.py:115} INFO - [2022-08-26 15:57:26,291] {dag.py:2420} INFO - Sync 1 DAGs
[2022-08-26 15:57:26,473] {logging_mixin.py:115} INFO - [2022-08-26 15:57:26,472] {dag.py:2972} INFO - Setting next_dagrun for example_weekday_branch_operator to 2022-08-25T00:00:00+00:00, run_after=2022-08-26T00:00:00+00:00
[2022-08-26 15:57:26,490] {processor.py:161} INFO - Processing /home/airflow/.local/lib/python3.7/site-packages/airflow/example_dags/example_branch_day_of_week_operator.py took 0.263 seconds
[2022-08-26 15:57:56,585] {processor.py:153} INFO - Started process (PID=1123) to work on /home/airflow/.local/lib/python3.7/site-packages/airflow/example_dags/example_branch_day_of_week_operator.py
[2022-08-26 15:57:56,603] {processor.py:641} INFO - Processing file /home/airflow/.local/lib/python3.7/site-packages/airflow/example_dags/example_branch_day_of_week_operator.py for tasks to queue
[2022-08-26 15:57:56,604] {logging_mixin.py:115} INFO - [2022-08-26 15:57:56,604] {dagbag.py:508} INFO - Filling up the DagBag from /home/airflow/.local/lib/python3.7/site-packages/airflow/example_dags/example_branch_day_of_week_operator.py
[2022-08-26 15:57:56,614] {processor.py:651} INFO - DAG(s) dict_keys(['example_weekday_branch_operator']) retrieved from /home/airflow/.local/lib/python3.7/site-packages/airflow/example_dags/example_branch_day_of_week_operator.py
[2022-08-26 15:57:56,657] {logging_mixin.py:115} INFO - [2022-08-26 15:57:56,657] {dag.py:2420} INFO - Sync 1 DAGs
[2022-08-26 15:57:56,816] {logging_mixin.py:115} INFO - [2022-08-26 15:57:56,816] {dag.py:2972} INFO - Setting next_dagrun for example_weekday_branch_operator to 2022-08-25T00:00:00+00:00, run_after=2022-08-26T00:00:00+00:00
[2022-08-26 15:57:56,845] {processor.py:161} INFO - Processing /home/airflow/.local/lib/python3.7/site-packages/airflow/example_dags/example_branch_day_of_week_operator.py took 0.263 seconds
[2022-08-26 15:58:27,034] {processor.py:153} INFO - Started process (PID=1186) to work on /home/airflow/.local/lib/python3.7/site-packages/airflow/example_dags/example_branch_day_of_week_operator.py
[2022-08-26 15:58:27,035] {processor.py:641} INFO - Processing file /home/airflow/.local/lib/python3.7/site-packages/airflow/example_dags/example_branch_day_of_week_operator.py for tasks to queue
[2022-08-26 15:58:27,036] {logging_mixin.py:115} INFO - [2022-08-26 15:58:27,036] {dagbag.py:508} INFO - Filling up the DagBag from /home/airflow/.local/lib/python3.7/site-packages/airflow/example_dags/example_branch_day_of_week_operator.py
[2022-08-26 15:58:27,053] {processor.py:651} INFO - DAG(s) dict_keys(['example_weekday_branch_operator']) retrieved from /home/airflow/.local/lib/python3.7/site-packages/airflow/example_dags/example_branch_day_of_week_operator.py
[2022-08-26 15:58:27,091] {logging_mixin.py:115} INFO - [2022-08-26 15:58:27,090] {dag.py:2420} INFO - Sync 1 DAGs
[2022-08-26 15:58:27,273] {logging_mixin.py:115} INFO - [2022-08-26 15:58:27,273] {dag.py:2972} INFO - Setting next_dagrun for example_weekday_branch_operator to 2022-08-25T00:00:00+00:00, run_after=2022-08-26T00:00:00+00:00
[2022-08-26 15:58:27,295] {processor.py:161} INFO - Processing /home/airflow/.local/lib/python3.7/site-packages/airflow/example_dags/example_branch_day_of_week_operator.py took 0.266 seconds
[2022-08-26 15:58:58,260] {processor.py:153} INFO - Started process (PID=1240) to work on /home/airflow/.local/lib/python3.7/site-packages/airflow/example_dags/example_branch_day_of_week_operator.py
[2022-08-26 15:58:58,260] {processor.py:641} INFO - Processing file /home/airflow/.local/lib/python3.7/site-packages/airflow/example_dags/example_branch_day_of_week_operator.py for tasks to queue
[2022-08-26 15:58:58,261] {logging_mixin.py:115} INFO - [2022-08-26 15:58:58,261] {dagbag.py:508} INFO - Filling up the DagBag from /home/airflow/.local/lib/python3.7/site-packages/airflow/example_dags/example_branch_day_of_week_operator.py
[2022-08-26 15:58:58,281] {processor.py:651} INFO - DAG(s) dict_keys(['example_weekday_branch_operator']) retrieved from /home/airflow/.local/lib/python3.7/site-packages/airflow/example_dags/example_branch_day_of_week_operator.py
[2022-08-26 15:58:58,462] {logging_mixin.py:115} INFO - [2022-08-26 15:58:58,462] {dag.py:2420} INFO - Sync 1 DAGs
[2022-08-26 15:58:58,492] {logging_mixin.py:115} INFO - [2022-08-26 15:58:58,492] {dag.py:2972} INFO - Setting next_dagrun for example_weekday_branch_operator to 2022-08-25T00:00:00+00:00, run_after=2022-08-26T00:00:00+00:00
[2022-08-26 15:58:58,513] {processor.py:161} INFO - Processing /home/airflow/.local/lib/python3.7/site-packages/airflow/example_dags/example_branch_day_of_week_operator.py took 0.259 seconds
[2022-08-26 15:59:28,842] {processor.py:153} INFO - Started process (PID=1302) to work on /home/airflow/.local/lib/python3.7/site-packages/airflow/example_dags/example_branch_day_of_week_operator.py
[2022-08-26 15:59:28,843] {processor.py:641} INFO - Processing file /home/airflow/.local/lib/python3.7/site-packages/airflow/example_dags/example_branch_day_of_week_operator.py for tasks to queue
[2022-08-26 15:59:28,843] {logging_mixin.py:115} INFO - [2022-08-26 15:59:28,843] {dagbag.py:508} INFO - Filling up the DagBag from /home/airflow/.local/lib/python3.7/site-packages/airflow/example_dags/example_branch_day_of_week_operator.py
[2022-08-26 15:59:28,852] {processor.py:651} INFO - DAG(s) dict_keys(['example_weekday_branch_operator']) retrieved from /home/airflow/.local/lib/python3.7/site-packages/airflow/example_dags/example_branch_day_of_week_operator.py
[2022-08-26 15:59:29,018] {logging_mixin.py:115} INFO - [2022-08-26 15:59:29,018] {dag.py:2420} INFO - Sync 1 DAGs
[2022-08-26 15:59:29,050] {logging_mixin.py:115} INFO - [2022-08-26 15:59:29,050] {dag.py:2972} INFO - Setting next_dagrun for example_weekday_branch_operator to 2022-08-25T00:00:00+00:00, run_after=2022-08-26T00:00:00+00:00
[2022-08-26 15:59:29,066] {processor.py:161} INFO - Processing /home/airflow/.local/lib/python3.7/site-packages/airflow/example_dags/example_branch_day_of_week_operator.py took 0.228 seconds
[2022-08-26 15:59:59,850] {processor.py:153} INFO - Started process (PID=1355) to work on /home/airflow/.local/lib/python3.7/site-packages/airflow/example_dags/example_branch_day_of_week_operator.py
[2022-08-26 15:59:59,851] {processor.py:641} INFO - Processing file /home/airflow/.local/lib/python3.7/site-packages/airflow/example_dags/example_branch_day_of_week_operator.py for tasks to queue
[2022-08-26 15:59:59,852] {logging_mixin.py:115} INFO - [2022-08-26 15:59:59,852] {dagbag.py:508} INFO - Filling up the DagBag from /home/airflow/.local/lib/python3.7/site-packages/airflow/example_dags/example_branch_day_of_week_operator.py
[2022-08-26 15:59:59,862] {processor.py:651} INFO - DAG(s) dict_keys(['example_weekday_branch_operator']) retrieved from /home/airflow/.local/lib/python3.7/site-packages/airflow/example_dags/example_branch_day_of_week_operator.py
[2022-08-26 16:00:00,056] {logging_mixin.py:115} INFO - [2022-08-26 16:00:00,056] {dag.py:2420} INFO - Sync 1 DAGs
[2022-08-26 16:00:00,095] {logging_mixin.py:115} INFO - [2022-08-26 16:00:00,095] {dag.py:2972} INFO - Setting next_dagrun for example_weekday_branch_operator to 2022-08-25T00:00:00+00:00, run_after=2022-08-26T00:00:00+00:00
[2022-08-26 16:00:00,112] {processor.py:161} INFO - Processing /home/airflow/.local/lib/python3.7/site-packages/airflow/example_dags/example_branch_day_of_week_operator.py took 0.265 seconds
[2022-08-26 16:00:30,667] {processor.py:153} INFO - Started process (PID=1416) to work on /home/airflow/.local/lib/python3.7/site-packages/airflow/example_dags/example_branch_day_of_week_operator.py
[2022-08-26 16:00:30,668] {processor.py:641} INFO - Processing file /home/airflow/.local/lib/python3.7/site-packages/airflow/example_dags/example_branch_day_of_week_operator.py for tasks to queue
[2022-08-26 16:00:30,669] {logging_mixin.py:115} INFO - [2022-08-26 16:00:30,669] {dagbag.py:508} INFO - Filling up the DagBag from /home/airflow/.local/lib/python3.7/site-packages/airflow/example_dags/example_branch_day_of_week_operator.py
[2022-08-26 16:00:30,682] {processor.py:651} INFO - DAG(s) dict_keys(['example_weekday_branch_operator']) retrieved from /home/airflow/.local/lib/python3.7/site-packages/airflow/example_dags/example_branch_day_of_week_operator.py
[2022-08-26 16:00:30,892] {logging_mixin.py:115} INFO - [2022-08-26 16:00:30,892] {dag.py:2420} INFO - Sync 1 DAGs
[2022-08-26 16:00:30,933] {logging_mixin.py:115} INFO - [2022-08-26 16:00:30,933] {dag.py:2972} INFO - Setting next_dagrun for example_weekday_branch_operator to 2022-08-25T00:00:00+00:00, run_after=2022-08-26T00:00:00+00:00
[2022-08-26 16:00:30,954] {processor.py:161} INFO - Processing /home/airflow/.local/lib/python3.7/site-packages/airflow/example_dags/example_branch_day_of_week_operator.py took 0.291 seconds
[2022-08-26 16:01:01,965] {processor.py:153} INFO - Started process (PID=1469) to work on /home/airflow/.local/lib/python3.7/site-packages/airflow/example_dags/example_branch_day_of_week_operator.py
[2022-08-26 16:01:01,966] {processor.py:641} INFO - Processing file /home/airflow/.local/lib/python3.7/site-packages/airflow/example_dags/example_branch_day_of_week_operator.py for tasks to queue
[2022-08-26 16:01:01,968] {logging_mixin.py:115} INFO - [2022-08-26 16:01:01,967] {dagbag.py:508} INFO - Filling up the DagBag from /home/airflow/.local/lib/python3.7/site-packages/airflow/example_dags/example_branch_day_of_week_operator.py
[2022-08-26 16:01:01,984] {processor.py:651} INFO - DAG(s) dict_keys(['example_weekday_branch_operator']) retrieved from /home/airflow/.local/lib/python3.7/site-packages/airflow/example_dags/example_branch_day_of_week_operator.py
[2022-08-26 16:01:02,159] {logging_mixin.py:115} INFO - [2022-08-26 16:01:02,159] {dag.py:2420} INFO - Sync 1 DAGs
[2022-08-26 16:01:02,201] {logging_mixin.py:115} INFO - [2022-08-26 16:01:02,201] {dag.py:2972} INFO - Setting next_dagrun for example_weekday_branch_operator to 2022-08-25T00:00:00+00:00, run_after=2022-08-26T00:00:00+00:00
[2022-08-26 16:01:02,220] {processor.py:161} INFO - Processing /home/airflow/.local/lib/python3.7/site-packages/airflow/example_dags/example_branch_day_of_week_operator.py took 0.261 seconds
[2022-08-26 16:01:32,845] {processor.py:153} INFO - Started process (PID=1532) to work on /home/airflow/.local/lib/python3.7/site-packages/airflow/example_dags/example_branch_day_of_week_operator.py
[2022-08-26 16:01:32,846] {processor.py:641} INFO - Processing file /home/airflow/.local/lib/python3.7/site-packages/airflow/example_dags/example_branch_day_of_week_operator.py for tasks to queue
[2022-08-26 16:01:32,847] {logging_mixin.py:115} INFO - [2022-08-26 16:01:32,847] {dagbag.py:508} INFO - Filling up the DagBag from /home/airflow/.local/lib/python3.7/site-packages/airflow/example_dags/example_branch_day_of_week_operator.py
[2022-08-26 16:01:32,860] {processor.py:651} INFO - DAG(s) dict_keys(['example_weekday_branch_operator']) retrieved from /home/airflow/.local/lib/python3.7/site-packages/airflow/example_dags/example_branch_day_of_week_operator.py
[2022-08-26 16:01:33,050] {logging_mixin.py:115} INFO - [2022-08-26 16:01:33,050] {dag.py:2420} INFO - Sync 1 DAGs
[2022-08-26 16:01:33,095] {logging_mixin.py:115} INFO - [2022-08-26 16:01:33,095] {dag.py:2972} INFO - Setting next_dagrun for example_weekday_branch_operator to 2022-08-25T00:00:00+00:00, run_after=2022-08-26T00:00:00+00:00
[2022-08-26 16:01:33,118] {processor.py:161} INFO - Processing /home/airflow/.local/lib/python3.7/site-packages/airflow/example_dags/example_branch_day_of_week_operator.py took 0.278 seconds
[2022-08-26 16:02:03,325] {processor.py:153} INFO - Started process (PID=1594) to work on /home/airflow/.local/lib/python3.7/site-packages/airflow/example_dags/example_branch_day_of_week_operator.py
[2022-08-26 16:02:03,326] {processor.py:641} INFO - Processing file /home/airflow/.local/lib/python3.7/site-packages/airflow/example_dags/example_branch_day_of_week_operator.py for tasks to queue
[2022-08-26 16:02:03,327] {logging_mixin.py:115} INFO - [2022-08-26 16:02:03,327] {dagbag.py:508} INFO - Filling up the DagBag from /home/airflow/.local/lib/python3.7/site-packages/airflow/example_dags/example_branch_day_of_week_operator.py
[2022-08-26 16:02:03,340] {processor.py:651} INFO - DAG(s) dict_keys(['example_weekday_branch_operator']) retrieved from /home/airflow/.local/lib/python3.7/site-packages/airflow/example_dags/example_branch_day_of_week_operator.py
[2022-08-26 16:02:03,534] {logging_mixin.py:115} INFO - [2022-08-26 16:02:03,533] {dag.py:2420} INFO - Sync 1 DAGs
[2022-08-26 16:02:03,567] {logging_mixin.py:115} INFO - [2022-08-26 16:02:03,567] {dag.py:2972} INFO - Setting next_dagrun for example_weekday_branch_operator to 2022-08-25T00:00:00+00:00, run_after=2022-08-26T00:00:00+00:00
[2022-08-26 16:02:03,583] {processor.py:161} INFO - Processing /home/airflow/.local/lib/python3.7/site-packages/airflow/example_dags/example_branch_day_of_week_operator.py took 0.265 seconds
[2022-08-26 16:02:33,681] {processor.py:153} INFO - Started process (PID=1646) to work on /home/airflow/.local/lib/python3.7/site-packages/airflow/example_dags/example_branch_day_of_week_operator.py
[2022-08-26 16:02:33,682] {processor.py:641} INFO - Processing file /home/airflow/.local/lib/python3.7/site-packages/airflow/example_dags/example_branch_day_of_week_operator.py for tasks to queue
[2022-08-26 16:02:33,683] {logging_mixin.py:115} INFO - [2022-08-26 16:02:33,683] {dagbag.py:508} INFO - Filling up the DagBag from /home/airflow/.local/lib/python3.7/site-packages/airflow/example_dags/example_branch_day_of_week_operator.py
[2022-08-26 16:02:33,692] {processor.py:651} INFO - DAG(s) dict_keys(['example_weekday_branch_operator']) retrieved from /home/airflow/.local/lib/python3.7/site-packages/airflow/example_dags/example_branch_day_of_week_operator.py
[2022-08-26 16:02:33,850] {logging_mixin.py:115} INFO - [2022-08-26 16:02:33,850] {dag.py:2420} INFO - Sync 1 DAGs
[2022-08-26 16:02:33,880] {logging_mixin.py:115} INFO - [2022-08-26 16:02:33,880] {dag.py:2972} INFO - Setting next_dagrun for example_weekday_branch_operator to 2022-08-25T00:00:00+00:00, run_after=2022-08-26T00:00:00+00:00
[2022-08-26 16:02:33,895] {processor.py:161} INFO - Processing /home/airflow/.local/lib/python3.7/site-packages/airflow/example_dags/example_branch_day_of_week_operator.py took 0.216 seconds
[2022-08-26 16:03:04,187] {processor.py:153} INFO - Started process (PID=1708) to work on /home/airflow/.local/lib/python3.7/site-packages/airflow/example_dags/example_branch_day_of_week_operator.py
[2022-08-26 16:03:04,188] {processor.py:641} INFO - Processing file /home/airflow/.local/lib/python3.7/site-packages/airflow/example_dags/example_branch_day_of_week_operator.py for tasks to queue
[2022-08-26 16:03:04,188] {logging_mixin.py:115} INFO - [2022-08-26 16:03:04,188] {dagbag.py:508} INFO - Filling up the DagBag from /home/airflow/.local/lib/python3.7/site-packages/airflow/example_dags/example_branch_day_of_week_operator.py
[2022-08-26 16:03:04,197] {processor.py:651} INFO - DAG(s) dict_keys(['example_weekday_branch_operator']) retrieved from /home/airflow/.local/lib/python3.7/site-packages/airflow/example_dags/example_branch_day_of_week_operator.py
[2022-08-26 16:03:04,346] {logging_mixin.py:115} INFO - [2022-08-26 16:03:04,346] {dag.py:2420} INFO - Sync 1 DAGs
[2022-08-26 16:03:04,373] {logging_mixin.py:115} INFO - [2022-08-26 16:03:04,372] {dag.py:2972} INFO - Setting next_dagrun for example_weekday_branch_operator to 2022-08-25T00:00:00+00:00, run_after=2022-08-26T00:00:00+00:00
[2022-08-26 16:03:04,386] {processor.py:161} INFO - Processing /home/airflow/.local/lib/python3.7/site-packages/airflow/example_dags/example_branch_day_of_week_operator.py took 0.202 seconds
[2022-08-26 16:03:34,982] {processor.py:153} INFO - Started process (PID=1761) to work on /home/airflow/.local/lib/python3.7/site-packages/airflow/example_dags/example_branch_day_of_week_operator.py
[2022-08-26 16:03:34,983] {processor.py:641} INFO - Processing file /home/airflow/.local/lib/python3.7/site-packages/airflow/example_dags/example_branch_day_of_week_operator.py for tasks to queue
[2022-08-26 16:03:34,984] {logging_mixin.py:115} INFO - [2022-08-26 16:03:34,984] {dagbag.py:508} INFO - Filling up the DagBag from /home/airflow/.local/lib/python3.7/site-packages/airflow/example_dags/example_branch_day_of_week_operator.py
[2022-08-26 16:03:34,992] {processor.py:651} INFO - DAG(s) dict_keys(['example_weekday_branch_operator']) retrieved from /home/airflow/.local/lib/python3.7/site-packages/airflow/example_dags/example_branch_day_of_week_operator.py
[2022-08-26 16:03:35,161] {logging_mixin.py:115} INFO - [2022-08-26 16:03:35,161] {dag.py:2420} INFO - Sync 1 DAGs
[2022-08-26 16:03:35,196] {logging_mixin.py:115} INFO - [2022-08-26 16:03:35,195] {dag.py:2972} INFO - Setting next_dagrun for example_weekday_branch_operator to 2022-08-25T00:00:00+00:00, run_after=2022-08-26T00:00:00+00:00
[2022-08-26 16:03:35,213] {processor.py:161} INFO - Processing /home/airflow/.local/lib/python3.7/site-packages/airflow/example_dags/example_branch_day_of_week_operator.py took 0.234 seconds
[2022-08-26 16:04:05,350] {processor.py:153} INFO - Started process (PID=1823) to work on /home/airflow/.local/lib/python3.7/site-packages/airflow/example_dags/example_branch_day_of_week_operator.py
[2022-08-26 16:04:05,350] {processor.py:641} INFO - Processing file /home/airflow/.local/lib/python3.7/site-packages/airflow/example_dags/example_branch_day_of_week_operator.py for tasks to queue
[2022-08-26 16:04:05,351] {logging_mixin.py:115} INFO - [2022-08-26 16:04:05,351] {dagbag.py:508} INFO - Filling up the DagBag from /home/airflow/.local/lib/python3.7/site-packages/airflow/example_dags/example_branch_day_of_week_operator.py
[2022-08-26 16:04:05,361] {processor.py:651} INFO - DAG(s) dict_keys(['example_weekday_branch_operator']) retrieved from /home/airflow/.local/lib/python3.7/site-packages/airflow/example_dags/example_branch_day_of_week_operator.py
[2022-08-26 16:04:05,517] {logging_mixin.py:115} INFO - [2022-08-26 16:04:05,517] {dag.py:2420} INFO - Sync 1 DAGs
[2022-08-26 16:04:05,545] {logging_mixin.py:115} INFO - [2022-08-26 16:04:05,544] {dag.py:2972} INFO - Setting next_dagrun for example_weekday_branch_operator to 2022-08-25T00:00:00+00:00, run_after=2022-08-26T00:00:00+00:00
[2022-08-26 16:04:05,559] {processor.py:161} INFO - Processing /home/airflow/.local/lib/python3.7/site-packages/airflow/example_dags/example_branch_day_of_week_operator.py took 0.212 seconds
[2022-08-26 16:04:35,849] {processor.py:153} INFO - Started process (PID=1876) to work on /home/airflow/.local/lib/python3.7/site-packages/airflow/example_dags/example_branch_day_of_week_operator.py
[2022-08-26 16:04:35,850] {processor.py:641} INFO - Processing file /home/airflow/.local/lib/python3.7/site-packages/airflow/example_dags/example_branch_day_of_week_operator.py for tasks to queue
[2022-08-26 16:04:35,851] {logging_mixin.py:115} INFO - [2022-08-26 16:04:35,851] {dagbag.py:508} INFO - Filling up the DagBag from /home/airflow/.local/lib/python3.7/site-packages/airflow/example_dags/example_branch_day_of_week_operator.py
[2022-08-26 16:04:35,864] {processor.py:651} INFO - DAG(s) dict_keys(['example_weekday_branch_operator']) retrieved from /home/airflow/.local/lib/python3.7/site-packages/airflow/example_dags/example_branch_day_of_week_operator.py
[2022-08-26 16:04:36,039] {logging_mixin.py:115} INFO - [2022-08-26 16:04:36,039] {dag.py:2420} INFO - Sync 1 DAGs
[2022-08-26 16:04:36,071] {logging_mixin.py:115} INFO - [2022-08-26 16:04:36,071] {dag.py:2972} INFO - Setting next_dagrun for example_weekday_branch_operator to 2022-08-25T00:00:00+00:00, run_after=2022-08-26T00:00:00+00:00
[2022-08-26 16:04:36,092] {processor.py:161} INFO - Processing /home/airflow/.local/lib/python3.7/site-packages/airflow/example_dags/example_branch_day_of_week_operator.py took 0.246 seconds
[2022-08-26 16:05:06,420] {processor.py:153} INFO - Started process (PID=1938) to work on /home/airflow/.local/lib/python3.7/site-packages/airflow/example_dags/example_branch_day_of_week_operator.py
[2022-08-26 16:05:06,420] {processor.py:641} INFO - Processing file /home/airflow/.local/lib/python3.7/site-packages/airflow/example_dags/example_branch_day_of_week_operator.py for tasks to queue
[2022-08-26 16:05:06,421] {logging_mixin.py:115} INFO - [2022-08-26 16:05:06,421] {dagbag.py:508} INFO - Filling up the DagBag from /home/airflow/.local/lib/python3.7/site-packages/airflow/example_dags/example_branch_day_of_week_operator.py
[2022-08-26 16:05:06,432] {processor.py:651} INFO - DAG(s) dict_keys(['example_weekday_branch_operator']) retrieved from /home/airflow/.local/lib/python3.7/site-packages/airflow/example_dags/example_branch_day_of_week_operator.py
[2022-08-26 16:05:06,605] {logging_mixin.py:115} INFO - [2022-08-26 16:05:06,605] {dag.py:2420} INFO - Sync 1 DAGs
[2022-08-26 16:05:06,635] {logging_mixin.py:115} INFO - [2022-08-26 16:05:06,635] {dag.py:2972} INFO - Setting next_dagrun for example_weekday_branch_operator to 2022-08-25T00:00:00+00:00, run_after=2022-08-26T00:00:00+00:00
[2022-08-26 16:05:06,649] {processor.py:161} INFO - Processing /home/airflow/.local/lib/python3.7/site-packages/airflow/example_dags/example_branch_day_of_week_operator.py took 0.232 seconds
[2022-08-26 16:05:36,950] {processor.py:153} INFO - Started process (PID=2001) to work on /home/airflow/.local/lib/python3.7/site-packages/airflow/example_dags/example_branch_day_of_week_operator.py
[2022-08-26 16:05:36,950] {processor.py:641} INFO - Processing file /home/airflow/.local/lib/python3.7/site-packages/airflow/example_dags/example_branch_day_of_week_operator.py for tasks to queue
[2022-08-26 16:05:36,951] {logging_mixin.py:115} INFO - [2022-08-26 16:05:36,951] {dagbag.py:508} INFO - Filling up the DagBag from /home/airflow/.local/lib/python3.7/site-packages/airflow/example_dags/example_branch_day_of_week_operator.py
[2022-08-26 16:05:36,970] {processor.py:651} INFO - DAG(s) dict_keys(['example_weekday_branch_operator']) retrieved from /home/airflow/.local/lib/python3.7/site-packages/airflow/example_dags/example_branch_day_of_week_operator.py
[2022-08-26 16:05:37,164] {logging_mixin.py:115} INFO - [2022-08-26 16:05:37,164] {dag.py:2420} INFO - Sync 1 DAGs
[2022-08-26 16:05:37,198] {logging_mixin.py:115} INFO - [2022-08-26 16:05:37,198] {dag.py:2972} INFO - Setting next_dagrun for example_weekday_branch_operator to 2022-08-25T00:00:00+00:00, run_after=2022-08-26T00:00:00+00:00
[2022-08-26 16:05:37,214] {processor.py:161} INFO - Processing /home/airflow/.local/lib/python3.7/site-packages/airflow/example_dags/example_branch_day_of_week_operator.py took 0.268 seconds
[2022-08-26 16:06:08,210] {processor.py:153} INFO - Started process (PID=2054) to work on /home/airflow/.local/lib/python3.7/site-packages/airflow/example_dags/example_branch_day_of_week_operator.py
[2022-08-26 16:06:08,211] {processor.py:641} INFO - Processing file /home/airflow/.local/lib/python3.7/site-packages/airflow/example_dags/example_branch_day_of_week_operator.py for tasks to queue
[2022-08-26 16:06:08,212] {logging_mixin.py:115} INFO - [2022-08-26 16:06:08,211] {dagbag.py:508} INFO - Filling up the DagBag from /home/airflow/.local/lib/python3.7/site-packages/airflow/example_dags/example_branch_day_of_week_operator.py
[2022-08-26 16:06:08,231] {processor.py:651} INFO - DAG(s) dict_keys(['example_weekday_branch_operator']) retrieved from /home/airflow/.local/lib/python3.7/site-packages/airflow/example_dags/example_branch_day_of_week_operator.py
[2022-08-26 16:06:08,409] {logging_mixin.py:115} INFO - [2022-08-26 16:06:08,409] {dag.py:2420} INFO - Sync 1 DAGs
[2022-08-26 16:06:08,443] {logging_mixin.py:115} INFO - [2022-08-26 16:06:08,442] {dag.py:2972} INFO - Setting next_dagrun for example_weekday_branch_operator to 2022-08-25T00:00:00+00:00, run_after=2022-08-26T00:00:00+00:00
[2022-08-26 16:06:08,459] {processor.py:161} INFO - Processing /home/airflow/.local/lib/python3.7/site-packages/airflow/example_dags/example_branch_day_of_week_operator.py took 0.254 seconds
[2022-08-26 16:06:39,104] {processor.py:153} INFO - Started process (PID=2116) to work on /home/airflow/.local/lib/python3.7/site-packages/airflow/example_dags/example_branch_day_of_week_operator.py
[2022-08-26 16:06:39,105] {processor.py:641} INFO - Processing file /home/airflow/.local/lib/python3.7/site-packages/airflow/example_dags/example_branch_day_of_week_operator.py for tasks to queue
[2022-08-26 16:06:39,106] {logging_mixin.py:115} INFO - [2022-08-26 16:06:39,105] {dagbag.py:508} INFO - Filling up the DagBag from /home/airflow/.local/lib/python3.7/site-packages/airflow/example_dags/example_branch_day_of_week_operator.py
[2022-08-26 16:06:39,122] {processor.py:651} INFO - DAG(s) dict_keys(['example_weekday_branch_operator']) retrieved from /home/airflow/.local/lib/python3.7/site-packages/airflow/example_dags/example_branch_day_of_week_operator.py
[2022-08-26 16:06:39,299] {logging_mixin.py:115} INFO - [2022-08-26 16:06:39,299] {dag.py:2420} INFO - Sync 1 DAGs
[2022-08-26 16:06:39,330] {logging_mixin.py:115} INFO - [2022-08-26 16:06:39,330] {dag.py:2972} INFO - Setting next_dagrun for example_weekday_branch_operator to 2022-08-25T00:00:00+00:00, run_after=2022-08-26T00:00:00+00:00
[2022-08-26 16:06:39,346] {processor.py:161} INFO - Processing /home/airflow/.local/lib/python3.7/site-packages/airflow/example_dags/example_branch_day_of_week_operator.py took 0.246 seconds
[2022-08-26 16:07:09,425] {processor.py:153} INFO - Started process (PID=2169) to work on /home/airflow/.local/lib/python3.7/site-packages/airflow/example_dags/example_branch_day_of_week_operator.py
[2022-08-26 16:07:09,425] {processor.py:641} INFO - Processing file /home/airflow/.local/lib/python3.7/site-packages/airflow/example_dags/example_branch_day_of_week_operator.py for tasks to queue
[2022-08-26 16:07:09,426] {logging_mixin.py:115} INFO - [2022-08-26 16:07:09,426] {dagbag.py:508} INFO - Filling up the DagBag from /home/airflow/.local/lib/python3.7/site-packages/airflow/example_dags/example_branch_day_of_week_operator.py
[2022-08-26 16:07:09,440] {processor.py:651} INFO - DAG(s) dict_keys(['example_weekday_branch_operator']) retrieved from /home/airflow/.local/lib/python3.7/site-packages/airflow/example_dags/example_branch_day_of_week_operator.py
[2022-08-26 16:07:09,599] {logging_mixin.py:115} INFO - [2022-08-26 16:07:09,599] {dag.py:2420} INFO - Sync 1 DAGs
[2022-08-26 16:07:09,627] {logging_mixin.py:115} INFO - [2022-08-26 16:07:09,627] {dag.py:2972} INFO - Setting next_dagrun for example_weekday_branch_operator to 2022-08-25T00:00:00+00:00, run_after=2022-08-26T00:00:00+00:00
[2022-08-26 16:07:09,645] {processor.py:161} INFO - Processing /home/airflow/.local/lib/python3.7/site-packages/airflow/example_dags/example_branch_day_of_week_operator.py took 0.223 seconds
[2022-08-26 16:07:40,644] {processor.py:153} INFO - Started process (PID=2231) to work on /home/airflow/.local/lib/python3.7/site-packages/airflow/example_dags/example_branch_day_of_week_operator.py
[2022-08-26 16:07:40,645] {processor.py:641} INFO - Processing file /home/airflow/.local/lib/python3.7/site-packages/airflow/example_dags/example_branch_day_of_week_operator.py for tasks to queue
[2022-08-26 16:07:40,646] {logging_mixin.py:115} INFO - [2022-08-26 16:07:40,646] {dagbag.py:508} INFO - Filling up the DagBag from /home/airflow/.local/lib/python3.7/site-packages/airflow/example_dags/example_branch_day_of_week_operator.py
[2022-08-26 16:07:40,668] {processor.py:651} INFO - DAG(s) dict_keys(['example_weekday_branch_operator']) retrieved from /home/airflow/.local/lib/python3.7/site-packages/airflow/example_dags/example_branch_day_of_week_operator.py
[2022-08-26 16:07:40,835] {logging_mixin.py:115} INFO - [2022-08-26 16:07:40,834] {dag.py:2420} INFO - Sync 1 DAGs
[2022-08-26 16:07:40,860] {logging_mixin.py:115} INFO - [2022-08-26 16:07:40,860] {dag.py:2972} INFO - Setting next_dagrun for example_weekday_branch_operator to 2022-08-25T00:00:00+00:00, run_after=2022-08-26T00:00:00+00:00
[2022-08-26 16:07:40,872] {processor.py:161} INFO - Processing /home/airflow/.local/lib/python3.7/site-packages/airflow/example_dags/example_branch_day_of_week_operator.py took 0.233 seconds
[2022-08-26 16:08:10,973] {processor.py:153} INFO - Started process (PID=2292) to work on /home/airflow/.local/lib/python3.7/site-packages/airflow/example_dags/example_branch_day_of_week_operator.py
[2022-08-26 16:08:10,974] {processor.py:641} INFO - Processing file /home/airflow/.local/lib/python3.7/site-packages/airflow/example_dags/example_branch_day_of_week_operator.py for tasks to queue
[2022-08-26 16:08:10,974] {logging_mixin.py:115} INFO - [2022-08-26 16:08:10,974] {dagbag.py:508} INFO - Filling up the DagBag from /home/airflow/.local/lib/python3.7/site-packages/airflow/example_dags/example_branch_day_of_week_operator.py
[2022-08-26 16:08:10,985] {processor.py:651} INFO - DAG(s) dict_keys(['example_weekday_branch_operator']) retrieved from /home/airflow/.local/lib/python3.7/site-packages/airflow/example_dags/example_branch_day_of_week_operator.py
[2022-08-26 16:08:11,117] {logging_mixin.py:115} INFO - [2022-08-26 16:08:11,117] {dag.py:2420} INFO - Sync 1 DAGs
[2022-08-26 16:08:11,144] {logging_mixin.py:115} INFO - [2022-08-26 16:08:11,144] {dag.py:2972} INFO - Setting next_dagrun for example_weekday_branch_operator to 2022-08-25T00:00:00+00:00, run_after=2022-08-26T00:00:00+00:00
[2022-08-26 16:08:11,161] {processor.py:161} INFO - Processing /home/airflow/.local/lib/python3.7/site-packages/airflow/example_dags/example_branch_day_of_week_operator.py took 0.192 seconds
[2022-08-26 16:08:41,477] {processor.py:153} INFO - Started process (PID=2345) to work on /home/airflow/.local/lib/python3.7/site-packages/airflow/example_dags/example_branch_day_of_week_operator.py
[2022-08-26 16:08:41,481] {processor.py:641} INFO - Processing file /home/airflow/.local/lib/python3.7/site-packages/airflow/example_dags/example_branch_day_of_week_operator.py for tasks to queue
[2022-08-26 16:08:41,482] {logging_mixin.py:115} INFO - [2022-08-26 16:08:41,482] {dagbag.py:508} INFO - Filling up the DagBag from /home/airflow/.local/lib/python3.7/site-packages/airflow/example_dags/example_branch_day_of_week_operator.py
[2022-08-26 16:08:41,509] {processor.py:651} INFO - DAG(s) dict_keys(['example_weekday_branch_operator']) retrieved from /home/airflow/.local/lib/python3.7/site-packages/airflow/example_dags/example_branch_day_of_week_operator.py
[2022-08-26 16:08:41,698] {logging_mixin.py:115} INFO - [2022-08-26 16:08:41,698] {dag.py:2420} INFO - Sync 1 DAGs
[2022-08-26 16:08:41,734] {logging_mixin.py:115} INFO - [2022-08-26 16:08:41,734] {dag.py:2972} INFO - Setting next_dagrun for example_weekday_branch_operator to 2022-08-25T00:00:00+00:00, run_after=2022-08-26T00:00:00+00:00
[2022-08-26 16:08:41,750] {processor.py:161} INFO - Processing /home/airflow/.local/lib/python3.7/site-packages/airflow/example_dags/example_branch_day_of_week_operator.py took 0.282 seconds
[2022-08-26 16:09:12,196] {processor.py:153} INFO - Started process (PID=2407) to work on /home/airflow/.local/lib/python3.7/site-packages/airflow/example_dags/example_branch_day_of_week_operator.py
[2022-08-26 16:09:12,196] {processor.py:641} INFO - Processing file /home/airflow/.local/lib/python3.7/site-packages/airflow/example_dags/example_branch_day_of_week_operator.py for tasks to queue
[2022-08-26 16:09:12,197] {logging_mixin.py:115} INFO - [2022-08-26 16:09:12,197] {dagbag.py:508} INFO - Filling up the DagBag from /home/airflow/.local/lib/python3.7/site-packages/airflow/example_dags/example_branch_day_of_week_operator.py
[2022-08-26 16:09:12,207] {processor.py:651} INFO - DAG(s) dict_keys(['example_weekday_branch_operator']) retrieved from /home/airflow/.local/lib/python3.7/site-packages/airflow/example_dags/example_branch_day_of_week_operator.py
[2022-08-26 16:09:12,360] {logging_mixin.py:115} INFO - [2022-08-26 16:09:12,360] {dag.py:2420} INFO - Sync 1 DAGs
[2022-08-26 16:09:12,391] {logging_mixin.py:115} INFO - [2022-08-26 16:09:12,390] {dag.py:2972} INFO - Setting next_dagrun for example_weekday_branch_operator to 2022-08-25T00:00:00+00:00, run_after=2022-08-26T00:00:00+00:00
[2022-08-26 16:09:12,410] {processor.py:161} INFO - Processing /home/airflow/.local/lib/python3.7/site-packages/airflow/example_dags/example_branch_day_of_week_operator.py took 0.217 seconds
[2022-08-26 16:09:43,360] {processor.py:153} INFO - Started process (PID=2460) to work on /home/airflow/.local/lib/python3.7/site-packages/airflow/example_dags/example_branch_day_of_week_operator.py
[2022-08-26 16:09:43,361] {processor.py:641} INFO - Processing file /home/airflow/.local/lib/python3.7/site-packages/airflow/example_dags/example_branch_day_of_week_operator.py for tasks to queue
[2022-08-26 16:09:43,362] {logging_mixin.py:115} INFO - [2022-08-26 16:09:43,362] {dagbag.py:508} INFO - Filling up the DagBag from /home/airflow/.local/lib/python3.7/site-packages/airflow/example_dags/example_branch_day_of_week_operator.py
[2022-08-26 16:09:43,378] {processor.py:651} INFO - DAG(s) dict_keys(['example_weekday_branch_operator']) retrieved from /home/airflow/.local/lib/python3.7/site-packages/airflow/example_dags/example_branch_day_of_week_operator.py
[2022-08-26 16:09:43,551] {logging_mixin.py:115} INFO - [2022-08-26 16:09:43,551] {dag.py:2420} INFO - Sync 1 DAGs
[2022-08-26 16:09:43,583] {logging_mixin.py:115} INFO - [2022-08-26 16:09:43,583] {dag.py:2972} INFO - Setting next_dagrun for example_weekday_branch_operator to 2022-08-25T00:00:00+00:00, run_after=2022-08-26T00:00:00+00:00
[2022-08-26 16:09:43,599] {processor.py:161} INFO - Processing /home/airflow/.local/lib/python3.7/site-packages/airflow/example_dags/example_branch_day_of_week_operator.py took 0.244 seconds
[2022-08-26 16:10:13,676] {processor.py:153} INFO - Started process (PID=2521) to work on /home/airflow/.local/lib/python3.7/site-packages/airflow/example_dags/example_branch_day_of_week_operator.py
[2022-08-26 16:10:13,677] {processor.py:641} INFO - Processing file /home/airflow/.local/lib/python3.7/site-packages/airflow/example_dags/example_branch_day_of_week_operator.py for tasks to queue
[2022-08-26 16:10:13,678] {logging_mixin.py:115} INFO - [2022-08-26 16:10:13,678] {dagbag.py:508} INFO - Filling up the DagBag from /home/airflow/.local/lib/python3.7/site-packages/airflow/example_dags/example_branch_day_of_week_operator.py
[2022-08-26 16:10:13,691] {processor.py:651} INFO - DAG(s) dict_keys(['example_weekday_branch_operator']) retrieved from /home/airflow/.local/lib/python3.7/site-packages/airflow/example_dags/example_branch_day_of_week_operator.py
[2022-08-26 16:10:13,830] {logging_mixin.py:115} INFO - [2022-08-26 16:10:13,830] {dag.py:2420} INFO - Sync 1 DAGs
[2022-08-26 16:10:13,856] {logging_mixin.py:115} INFO - [2022-08-26 16:10:13,856] {dag.py:2972} INFO - Setting next_dagrun for example_weekday_branch_operator to 2022-08-25T00:00:00+00:00, run_after=2022-08-26T00:00:00+00:00
[2022-08-26 16:10:13,869] {processor.py:161} INFO - Processing /home/airflow/.local/lib/python3.7/site-packages/airflow/example_dags/example_branch_day_of_week_operator.py took 0.197 seconds
[2022-08-26 16:10:44,058] {processor.py:153} INFO - Started process (PID=2583) to work on /home/airflow/.local/lib/python3.7/site-packages/airflow/example_dags/example_branch_day_of_week_operator.py
[2022-08-26 16:10:44,061] {processor.py:641} INFO - Processing file /home/airflow/.local/lib/python3.7/site-packages/airflow/example_dags/example_branch_day_of_week_operator.py for tasks to queue
[2022-08-26 16:10:44,062] {logging_mixin.py:115} INFO - [2022-08-26 16:10:44,062] {dagbag.py:508} INFO - Filling up the DagBag from /home/airflow/.local/lib/python3.7/site-packages/airflow/example_dags/example_branch_day_of_week_operator.py
[2022-08-26 16:10:44,077] {processor.py:651} INFO - DAG(s) dict_keys(['example_weekday_branch_operator']) retrieved from /home/airflow/.local/lib/python3.7/site-packages/airflow/example_dags/example_branch_day_of_week_operator.py
[2022-08-26 16:10:44,230] {logging_mixin.py:115} INFO - [2022-08-26 16:10:44,230] {dag.py:2420} INFO - Sync 1 DAGs
[2022-08-26 16:10:44,261] {logging_mixin.py:115} INFO - [2022-08-26 16:10:44,261] {dag.py:2972} INFO - Setting next_dagrun for example_weekday_branch_operator to 2022-08-25T00:00:00+00:00, run_after=2022-08-26T00:00:00+00:00
[2022-08-26 16:10:44,278] {processor.py:161} INFO - Processing /home/airflow/.local/lib/python3.7/site-packages/airflow/example_dags/example_branch_day_of_week_operator.py took 0.226 seconds
[2022-08-26 16:11:14,839] {processor.py:153} INFO - Started process (PID=2637) to work on /home/airflow/.local/lib/python3.7/site-packages/airflow/example_dags/example_branch_day_of_week_operator.py
[2022-08-26 16:11:14,840] {processor.py:641} INFO - Processing file /home/airflow/.local/lib/python3.7/site-packages/airflow/example_dags/example_branch_day_of_week_operator.py for tasks to queue
[2022-08-26 16:11:14,841] {logging_mixin.py:115} INFO - [2022-08-26 16:11:14,840] {dagbag.py:508} INFO - Filling up the DagBag from /home/airflow/.local/lib/python3.7/site-packages/airflow/example_dags/example_branch_day_of_week_operator.py
[2022-08-26 16:11:14,857] {processor.py:651} INFO - DAG(s) dict_keys(['example_weekday_branch_operator']) retrieved from /home/airflow/.local/lib/python3.7/site-packages/airflow/example_dags/example_branch_day_of_week_operator.py
[2022-08-26 16:11:14,997] {logging_mixin.py:115} INFO - [2022-08-26 16:11:14,997] {dag.py:2420} INFO - Sync 1 DAGs
[2022-08-26 16:11:15,021] {logging_mixin.py:115} INFO - [2022-08-26 16:11:15,021] {dag.py:2972} INFO - Setting next_dagrun for example_weekday_branch_operator to 2022-08-25T00:00:00+00:00, run_after=2022-08-26T00:00:00+00:00
[2022-08-26 16:11:15,036] {processor.py:161} INFO - Processing /home/airflow/.local/lib/python3.7/site-packages/airflow/example_dags/example_branch_day_of_week_operator.py took 0.202 seconds
[2022-08-26 16:11:45,114] {processor.py:153} INFO - Started process (PID=2699) to work on /home/airflow/.local/lib/python3.7/site-packages/airflow/example_dags/example_branch_day_of_week_operator.py
[2022-08-26 16:11:45,119] {processor.py:641} INFO - Processing file /home/airflow/.local/lib/python3.7/site-packages/airflow/example_dags/example_branch_day_of_week_operator.py for tasks to queue
[2022-08-26 16:11:45,119] {logging_mixin.py:115} INFO - [2022-08-26 16:11:45,119] {dagbag.py:508} INFO - Filling up the DagBag from /home/airflow/.local/lib/python3.7/site-packages/airflow/example_dags/example_branch_day_of_week_operator.py
[2022-08-26 16:11:45,128] {processor.py:651} INFO - DAG(s) dict_keys(['example_weekday_branch_operator']) retrieved from /home/airflow/.local/lib/python3.7/site-packages/airflow/example_dags/example_branch_day_of_week_operator.py
[2022-08-26 16:11:45,269] {logging_mixin.py:115} INFO - [2022-08-26 16:11:45,269] {dag.py:2420} INFO - Sync 1 DAGs
[2022-08-26 16:11:45,296] {logging_mixin.py:115} INFO - [2022-08-26 16:11:45,296] {dag.py:2972} INFO - Setting next_dagrun for example_weekday_branch_operator to 2022-08-25T00:00:00+00:00, run_after=2022-08-26T00:00:00+00:00
[2022-08-26 16:11:45,308] {processor.py:161} INFO - Processing /home/airflow/.local/lib/python3.7/site-packages/airflow/example_dags/example_branch_day_of_week_operator.py took 0.197 seconds
[2022-08-26 16:12:15,660] {processor.py:153} INFO - Started process (PID=2753) to work on /home/airflow/.local/lib/python3.7/site-packages/airflow/example_dags/example_branch_day_of_week_operator.py
[2022-08-26 16:12:15,661] {processor.py:641} INFO - Processing file /home/airflow/.local/lib/python3.7/site-packages/airflow/example_dags/example_branch_day_of_week_operator.py for tasks to queue
[2022-08-26 16:12:15,661] {logging_mixin.py:115} INFO - [2022-08-26 16:12:15,661] {dagbag.py:508} INFO - Filling up the DagBag from /home/airflow/.local/lib/python3.7/site-packages/airflow/example_dags/example_branch_day_of_week_operator.py
[2022-08-26 16:12:15,676] {processor.py:651} INFO - DAG(s) dict_keys(['example_weekday_branch_operator']) retrieved from /home/airflow/.local/lib/python3.7/site-packages/airflow/example_dags/example_branch_day_of_week_operator.py
[2022-08-26 16:12:15,825] {logging_mixin.py:115} INFO - [2022-08-26 16:12:15,825] {dag.py:2420} INFO - Sync 1 DAGs
[2022-08-26 16:12:15,855] {logging_mixin.py:115} INFO - [2022-08-26 16:12:15,855] {dag.py:2972} INFO - Setting next_dagrun for example_weekday_branch_operator to 2022-08-25T00:00:00+00:00, run_after=2022-08-26T00:00:00+00:00
[2022-08-26 16:12:15,869] {processor.py:161} INFO - Processing /home/airflow/.local/lib/python3.7/site-packages/airflow/example_dags/example_branch_day_of_week_operator.py took 0.214 seconds
[2022-08-26 16:12:45,944] {processor.py:153} INFO - Started process (PID=2814) to work on /home/airflow/.local/lib/python3.7/site-packages/airflow/example_dags/example_branch_day_of_week_operator.py
[2022-08-26 16:12:45,948] {processor.py:641} INFO - Processing file /home/airflow/.local/lib/python3.7/site-packages/airflow/example_dags/example_branch_day_of_week_operator.py for tasks to queue
[2022-08-26 16:12:45,949] {logging_mixin.py:115} INFO - [2022-08-26 16:12:45,948] {dagbag.py:508} INFO - Filling up the DagBag from /home/airflow/.local/lib/python3.7/site-packages/airflow/example_dags/example_branch_day_of_week_operator.py
[2022-08-26 16:12:45,964] {processor.py:651} INFO - DAG(s) dict_keys(['example_weekday_branch_operator']) retrieved from /home/airflow/.local/lib/python3.7/site-packages/airflow/example_dags/example_branch_day_of_week_operator.py
[2022-08-26 16:12:46,111] {logging_mixin.py:115} INFO - [2022-08-26 16:12:46,111] {dag.py:2420} INFO - Sync 1 DAGs
[2022-08-26 16:12:46,140] {logging_mixin.py:115} INFO - [2022-08-26 16:12:46,140] {dag.py:2972} INFO - Setting next_dagrun for example_weekday_branch_operator to 2022-08-25T00:00:00+00:00, run_after=2022-08-26T00:00:00+00:00
[2022-08-26 16:12:46,162] {processor.py:161} INFO - Processing /home/airflow/.local/lib/python3.7/site-packages/airflow/example_dags/example_branch_day_of_week_operator.py took 0.223 seconds
[2022-08-26 16:13:16,557] {processor.py:153} INFO - Started process (PID=2877) to work on /home/airflow/.local/lib/python3.7/site-packages/airflow/example_dags/example_branch_day_of_week_operator.py
[2022-08-26 16:13:16,558] {processor.py:641} INFO - Processing file /home/airflow/.local/lib/python3.7/site-packages/airflow/example_dags/example_branch_day_of_week_operator.py for tasks to queue
[2022-08-26 16:13:16,559] {logging_mixin.py:115} INFO - [2022-08-26 16:13:16,558] {dagbag.py:508} INFO - Filling up the DagBag from /home/airflow/.local/lib/python3.7/site-packages/airflow/example_dags/example_branch_day_of_week_operator.py
[2022-08-26 16:13:16,575] {processor.py:651} INFO - DAG(s) dict_keys(['example_weekday_branch_operator']) retrieved from /home/airflow/.local/lib/python3.7/site-packages/airflow/example_dags/example_branch_day_of_week_operator.py
[2022-08-26 16:13:16,727] {logging_mixin.py:115} INFO - [2022-08-26 16:13:16,727] {dag.py:2420} INFO - Sync 1 DAGs
[2022-08-26 16:13:16,753] {logging_mixin.py:115} INFO - [2022-08-26 16:13:16,753] {dag.py:2972} INFO - Setting next_dagrun for example_weekday_branch_operator to 2022-08-25T00:00:00+00:00, run_after=2022-08-26T00:00:00+00:00
[2022-08-26 16:13:16,771] {processor.py:161} INFO - Processing /home/airflow/.local/lib/python3.7/site-packages/airflow/example_dags/example_branch_day_of_week_operator.py took 0.219 seconds
[2022-08-26 16:13:47,277] {processor.py:153} INFO - Started process (PID=2930) to work on /home/airflow/.local/lib/python3.7/site-packages/airflow/example_dags/example_branch_day_of_week_operator.py
[2022-08-26 16:13:47,278] {processor.py:641} INFO - Processing file /home/airflow/.local/lib/python3.7/site-packages/airflow/example_dags/example_branch_day_of_week_operator.py for tasks to queue
[2022-08-26 16:13:47,279] {logging_mixin.py:115} INFO - [2022-08-26 16:13:47,279] {dagbag.py:508} INFO - Filling up the DagBag from /home/airflow/.local/lib/python3.7/site-packages/airflow/example_dags/example_branch_day_of_week_operator.py
[2022-08-26 16:13:47,418] {processor.py:651} INFO - DAG(s) dict_keys(['example_weekday_branch_operator']) retrieved from /home/airflow/.local/lib/python3.7/site-packages/airflow/example_dags/example_branch_day_of_week_operator.py
[2022-08-26 16:13:47,440] {logging_mixin.py:115} INFO - [2022-08-26 16:13:47,440] {dag.py:2420} INFO - Sync 1 DAGs
[2022-08-26 16:13:47,466] {logging_mixin.py:115} INFO - [2022-08-26 16:13:47,465] {dag.py:2972} INFO - Setting next_dagrun for example_weekday_branch_operator to 2022-08-25T00:00:00+00:00, run_after=2022-08-26T00:00:00+00:00
[2022-08-26 16:13:47,482] {processor.py:161} INFO - Processing /home/airflow/.local/lib/python3.7/site-packages/airflow/example_dags/example_branch_day_of_week_operator.py took 0.210 seconds
[2022-08-26 16:14:17,577] {processor.py:153} INFO - Started process (PID=2990) to work on /home/airflow/.local/lib/python3.7/site-packages/airflow/example_dags/example_branch_day_of_week_operator.py
[2022-08-26 16:14:17,578] {processor.py:641} INFO - Processing file /home/airflow/.local/lib/python3.7/site-packages/airflow/example_dags/example_branch_day_of_week_operator.py for tasks to queue
[2022-08-26 16:14:17,578] {logging_mixin.py:115} INFO - [2022-08-26 16:14:17,578] {dagbag.py:508} INFO - Filling up the DagBag from /home/airflow/.local/lib/python3.7/site-packages/airflow/example_dags/example_branch_day_of_week_operator.py
[2022-08-26 16:14:17,712] {processor.py:651} INFO - DAG(s) dict_keys(['example_weekday_branch_operator']) retrieved from /home/airflow/.local/lib/python3.7/site-packages/airflow/example_dags/example_branch_day_of_week_operator.py
[2022-08-26 16:14:17,734] {logging_mixin.py:115} INFO - [2022-08-26 16:14:17,733] {dag.py:2420} INFO - Sync 1 DAGs
[2022-08-26 16:14:17,757] {logging_mixin.py:115} INFO - [2022-08-26 16:14:17,757] {dag.py:2972} INFO - Setting next_dagrun for example_weekday_branch_operator to 2022-08-25T00:00:00+00:00, run_after=2022-08-26T00:00:00+00:00
[2022-08-26 16:14:17,772] {processor.py:161} INFO - Processing /home/airflow/.local/lib/python3.7/site-packages/airflow/example_dags/example_branch_day_of_week_operator.py took 0.201 seconds
[2022-08-26 16:14:48,141] {processor.py:153} INFO - Started process (PID=3051) to work on /home/airflow/.local/lib/python3.7/site-packages/airflow/example_dags/example_branch_day_of_week_operator.py
[2022-08-26 16:14:48,142] {processor.py:641} INFO - Processing file /home/airflow/.local/lib/python3.7/site-packages/airflow/example_dags/example_branch_day_of_week_operator.py for tasks to queue
[2022-08-26 16:14:48,143] {logging_mixin.py:115} INFO - [2022-08-26 16:14:48,142] {dagbag.py:508} INFO - Filling up the DagBag from /home/airflow/.local/lib/python3.7/site-packages/airflow/example_dags/example_branch_day_of_week_operator.py
[2022-08-26 16:14:48,295] {processor.py:651} INFO - DAG(s) dict_keys(['example_weekday_branch_operator']) retrieved from /home/airflow/.local/lib/python3.7/site-packages/airflow/example_dags/example_branch_day_of_week_operator.py
[2022-08-26 16:14:48,320] {logging_mixin.py:115} INFO - [2022-08-26 16:14:48,319] {dag.py:2420} INFO - Sync 1 DAGs
[2022-08-26 16:14:48,348] {logging_mixin.py:115} INFO - [2022-08-26 16:14:48,348] {dag.py:2972} INFO - Setting next_dagrun for example_weekday_branch_operator to 2022-08-25T00:00:00+00:00, run_after=2022-08-26T00:00:00+00:00
[2022-08-26 16:14:48,366] {processor.py:161} INFO - Processing /home/airflow/.local/lib/python3.7/site-packages/airflow/example_dags/example_branch_day_of_week_operator.py took 0.230 seconds
[2022-08-26 16:15:18,504] {processor.py:153} INFO - Started process (PID=3105) to work on /home/airflow/.local/lib/python3.7/site-packages/airflow/example_dags/example_branch_day_of_week_operator.py
[2022-08-26 16:15:18,505] {processor.py:641} INFO - Processing file /home/airflow/.local/lib/python3.7/site-packages/airflow/example_dags/example_branch_day_of_week_operator.py for tasks to queue
[2022-08-26 16:15:18,506] {logging_mixin.py:115} INFO - [2022-08-26 16:15:18,505] {dagbag.py:508} INFO - Filling up the DagBag from /home/airflow/.local/lib/python3.7/site-packages/airflow/example_dags/example_branch_day_of_week_operator.py
[2022-08-26 16:15:18,636] {processor.py:651} INFO - DAG(s) dict_keys(['example_weekday_branch_operator']) retrieved from /home/airflow/.local/lib/python3.7/site-packages/airflow/example_dags/example_branch_day_of_week_operator.py
[2022-08-26 16:15:18,657] {logging_mixin.py:115} INFO - [2022-08-26 16:15:18,657] {dag.py:2420} INFO - Sync 1 DAGs
[2022-08-26 16:15:18,680] {logging_mixin.py:115} INFO - [2022-08-26 16:15:18,680] {dag.py:2972} INFO - Setting next_dagrun for example_weekday_branch_operator to 2022-08-25T00:00:00+00:00, run_after=2022-08-26T00:00:00+00:00
[2022-08-26 16:15:18,695] {processor.py:161} INFO - Processing /home/airflow/.local/lib/python3.7/site-packages/airflow/example_dags/example_branch_day_of_week_operator.py took 0.196 seconds
[2022-08-26 16:15:48,914] {processor.py:153} INFO - Started process (PID=3167) to work on /home/airflow/.local/lib/python3.7/site-packages/airflow/example_dags/example_branch_day_of_week_operator.py
[2022-08-26 16:15:48,918] {processor.py:641} INFO - Processing file /home/airflow/.local/lib/python3.7/site-packages/airflow/example_dags/example_branch_day_of_week_operator.py for tasks to queue
[2022-08-26 16:15:48,919] {logging_mixin.py:115} INFO - [2022-08-26 16:15:48,919] {dagbag.py:508} INFO - Filling up the DagBag from /home/airflow/.local/lib/python3.7/site-packages/airflow/example_dags/example_branch_day_of_week_operator.py
[2022-08-26 16:15:49,061] {processor.py:651} INFO - DAG(s) dict_keys(['example_weekday_branch_operator']) retrieved from /home/airflow/.local/lib/python3.7/site-packages/airflow/example_dags/example_branch_day_of_week_operator.py
[2022-08-26 16:15:49,116] {logging_mixin.py:115} INFO - [2022-08-26 16:15:49,116] {dag.py:2420} INFO - Sync 1 DAGs
[2022-08-26 16:15:49,144] {logging_mixin.py:115} INFO - [2022-08-26 16:15:49,144] {dag.py:2972} INFO - Setting next_dagrun for example_weekday_branch_operator to 2022-08-25T00:00:00+00:00, run_after=2022-08-26T00:00:00+00:00
[2022-08-26 16:15:49,158] {processor.py:161} INFO - Processing /home/airflow/.local/lib/python3.7/site-packages/airflow/example_dags/example_branch_day_of_week_operator.py took 0.249 seconds
[2022-08-26 16:16:19,352] {processor.py:153} INFO - Started process (PID=3220) to work on /home/airflow/.local/lib/python3.7/site-packages/airflow/example_dags/example_branch_day_of_week_operator.py
[2022-08-26 16:16:19,352] {processor.py:641} INFO - Processing file /home/airflow/.local/lib/python3.7/site-packages/airflow/example_dags/example_branch_day_of_week_operator.py for tasks to queue
[2022-08-26 16:16:19,353] {logging_mixin.py:115} INFO - [2022-08-26 16:16:19,353] {dagbag.py:508} INFO - Filling up the DagBag from /home/airflow/.local/lib/python3.7/site-packages/airflow/example_dags/example_branch_day_of_week_operator.py
[2022-08-26 16:16:19,485] {processor.py:651} INFO - DAG(s) dict_keys(['example_weekday_branch_operator']) retrieved from /home/airflow/.local/lib/python3.7/site-packages/airflow/example_dags/example_branch_day_of_week_operator.py
[2022-08-26 16:16:19,509] {logging_mixin.py:115} INFO - [2022-08-26 16:16:19,509] {dag.py:2420} INFO - Sync 1 DAGs
[2022-08-26 16:16:19,536] {logging_mixin.py:115} INFO - [2022-08-26 16:16:19,536] {dag.py:2972} INFO - Setting next_dagrun for example_weekday_branch_operator to 2022-08-25T00:00:00+00:00, run_after=2022-08-26T00:00:00+00:00
[2022-08-26 16:16:19,552] {processor.py:161} INFO - Processing /home/airflow/.local/lib/python3.7/site-packages/airflow/example_dags/example_branch_day_of_week_operator.py took 0.205 seconds
[2022-08-26 17:28:14,284] {processor.py:153} INFO - Started process (PID=3245) to work on /home/airflow/.local/lib/python3.7/site-packages/airflow/example_dags/example_branch_day_of_week_operator.py
[2022-08-26 17:28:14,286] {processor.py:641} INFO - Processing file /home/airflow/.local/lib/python3.7/site-packages/airflow/example_dags/example_branch_day_of_week_operator.py for tasks to queue
[2022-08-26 17:28:14,287] {logging_mixin.py:115} INFO - [2022-08-26 17:28:14,287] {dagbag.py:508} INFO - Filling up the DagBag from /home/airflow/.local/lib/python3.7/site-packages/airflow/example_dags/example_branch_day_of_week_operator.py
[2022-08-26 17:28:14,303] {processor.py:651} INFO - DAG(s) dict_keys(['example_weekday_branch_operator']) retrieved from /home/airflow/.local/lib/python3.7/site-packages/airflow/example_dags/example_branch_day_of_week_operator.py
[2022-08-26 17:28:14,360] {logging_mixin.py:115} INFO - [2022-08-26 17:28:14,360] {dag.py:2420} INFO - Sync 1 DAGs
[2022-08-26 17:28:14,426] {logging_mixin.py:115} INFO - [2022-08-26 17:28:14,426] {dag.py:2972} INFO - Setting next_dagrun for example_weekday_branch_operator to 2022-08-25T00:00:00+00:00, run_after=2022-08-26T00:00:00+00:00
[2022-08-26 17:28:14,457] {processor.py:161} INFO - Processing /home/airflow/.local/lib/python3.7/site-packages/airflow/example_dags/example_branch_day_of_week_operator.py took 0.178 seconds
[2022-08-26 17:28:44,562] {processor.py:153} INFO - Started process (PID=3297) to work on /home/airflow/.local/lib/python3.7/site-packages/airflow/example_dags/example_branch_day_of_week_operator.py
[2022-08-26 17:28:44,563] {processor.py:641} INFO - Processing file /home/airflow/.local/lib/python3.7/site-packages/airflow/example_dags/example_branch_day_of_week_operator.py for tasks to queue
[2022-08-26 17:28:44,564] {logging_mixin.py:115} INFO - [2022-08-26 17:28:44,564] {dagbag.py:508} INFO - Filling up the DagBag from /home/airflow/.local/lib/python3.7/site-packages/airflow/example_dags/example_branch_day_of_week_operator.py
[2022-08-26 17:28:44,583] {processor.py:651} INFO - DAG(s) dict_keys(['example_weekday_branch_operator']) retrieved from /home/airflow/.local/lib/python3.7/site-packages/airflow/example_dags/example_branch_day_of_week_operator.py
[2022-08-26 17:28:44,632] {logging_mixin.py:115} INFO - [2022-08-26 17:28:44,632] {dag.py:2420} INFO - Sync 1 DAGs
[2022-08-26 17:28:44,681] {logging_mixin.py:115} INFO - [2022-08-26 17:28:44,681] {dag.py:2972} INFO - Setting next_dagrun for example_weekday_branch_operator to 2022-08-25T00:00:00+00:00, run_after=2022-08-26T00:00:00+00:00
[2022-08-26 17:28:44,703] {processor.py:161} INFO - Processing /home/airflow/.local/lib/python3.7/site-packages/airflow/example_dags/example_branch_day_of_week_operator.py took 0.148 seconds
[2022-08-26 17:29:15,086] {processor.py:153} INFO - Started process (PID=3350) to work on /home/airflow/.local/lib/python3.7/site-packages/airflow/example_dags/example_branch_day_of_week_operator.py
[2022-08-26 17:29:15,088] {processor.py:641} INFO - Processing file /home/airflow/.local/lib/python3.7/site-packages/airflow/example_dags/example_branch_day_of_week_operator.py for tasks to queue
[2022-08-26 17:29:15,089] {logging_mixin.py:115} INFO - [2022-08-26 17:29:15,089] {dagbag.py:508} INFO - Filling up the DagBag from /home/airflow/.local/lib/python3.7/site-packages/airflow/example_dags/example_branch_day_of_week_operator.py
[2022-08-26 17:29:15,107] {processor.py:651} INFO - DAG(s) dict_keys(['example_weekday_branch_operator']) retrieved from /home/airflow/.local/lib/python3.7/site-packages/airflow/example_dags/example_branch_day_of_week_operator.py
[2022-08-26 17:29:15,154] {logging_mixin.py:115} INFO - [2022-08-26 17:29:15,154] {dag.py:2420} INFO - Sync 1 DAGs
[2022-08-26 17:29:15,208] {logging_mixin.py:115} INFO - [2022-08-26 17:29:15,207] {dag.py:2972} INFO - Setting next_dagrun for example_weekday_branch_operator to 2022-08-25T00:00:00+00:00, run_after=2022-08-26T00:00:00+00:00
[2022-08-26 17:29:15,244] {processor.py:161} INFO - Processing /home/airflow/.local/lib/python3.7/site-packages/airflow/example_dags/example_branch_day_of_week_operator.py took 0.166 seconds
[2022-08-26 17:29:45,949] {processor.py:153} INFO - Started process (PID=3412) to work on /home/airflow/.local/lib/python3.7/site-packages/airflow/example_dags/example_branch_day_of_week_operator.py
[2022-08-26 17:29:45,950] {processor.py:641} INFO - Processing file /home/airflow/.local/lib/python3.7/site-packages/airflow/example_dags/example_branch_day_of_week_operator.py for tasks to queue
[2022-08-26 17:29:45,951] {logging_mixin.py:115} INFO - [2022-08-26 17:29:45,951] {dagbag.py:508} INFO - Filling up the DagBag from /home/airflow/.local/lib/python3.7/site-packages/airflow/example_dags/example_branch_day_of_week_operator.py
[2022-08-26 17:29:45,967] {processor.py:651} INFO - DAG(s) dict_keys(['example_weekday_branch_operator']) retrieved from /home/airflow/.local/lib/python3.7/site-packages/airflow/example_dags/example_branch_day_of_week_operator.py
[2022-08-26 17:29:46,019] {logging_mixin.py:115} INFO - [2022-08-26 17:29:46,019] {dag.py:2420} INFO - Sync 1 DAGs
[2022-08-26 17:29:46,069] {logging_mixin.py:115} INFO - [2022-08-26 17:29:46,069] {dag.py:2972} INFO - Setting next_dagrun for example_weekday_branch_operator to 2022-08-25T00:00:00+00:00, run_after=2022-08-26T00:00:00+00:00
[2022-08-26 17:29:46,099] {processor.py:161} INFO - Processing /home/airflow/.local/lib/python3.7/site-packages/airflow/example_dags/example_branch_day_of_week_operator.py took 0.156 seconds
[2022-08-26 17:30:16,543] {processor.py:153} INFO - Started process (PID=3464) to work on /home/airflow/.local/lib/python3.7/site-packages/airflow/example_dags/example_branch_day_of_week_operator.py
[2022-08-26 17:30:16,544] {processor.py:641} INFO - Processing file /home/airflow/.local/lib/python3.7/site-packages/airflow/example_dags/example_branch_day_of_week_operator.py for tasks to queue
[2022-08-26 17:30:16,544] {logging_mixin.py:115} INFO - [2022-08-26 17:30:16,544] {dagbag.py:508} INFO - Filling up the DagBag from /home/airflow/.local/lib/python3.7/site-packages/airflow/example_dags/example_branch_day_of_week_operator.py
[2022-08-26 17:30:16,559] {processor.py:651} INFO - DAG(s) dict_keys(['example_weekday_branch_operator']) retrieved from /home/airflow/.local/lib/python3.7/site-packages/airflow/example_dags/example_branch_day_of_week_operator.py
[2022-08-26 17:30:16,604] {logging_mixin.py:115} INFO - [2022-08-26 17:30:16,604] {dag.py:2420} INFO - Sync 1 DAGs
[2022-08-26 17:30:16,649] {logging_mixin.py:115} INFO - [2022-08-26 17:30:16,649] {dag.py:2972} INFO - Setting next_dagrun for example_weekday_branch_operator to 2022-08-25T00:00:00+00:00, run_after=2022-08-26T00:00:00+00:00
[2022-08-26 17:30:16,674] {processor.py:161} INFO - Processing /home/airflow/.local/lib/python3.7/site-packages/airflow/example_dags/example_branch_day_of_week_operator.py took 0.136 seconds
[2022-08-26 17:30:47,533] {processor.py:153} INFO - Started process (PID=3517) to work on /home/airflow/.local/lib/python3.7/site-packages/airflow/example_dags/example_branch_day_of_week_operator.py
[2022-08-26 17:30:47,534] {processor.py:641} INFO - Processing file /home/airflow/.local/lib/python3.7/site-packages/airflow/example_dags/example_branch_day_of_week_operator.py for tasks to queue
[2022-08-26 17:30:47,535] {logging_mixin.py:115} INFO - [2022-08-26 17:30:47,535] {dagbag.py:508} INFO - Filling up the DagBag from /home/airflow/.local/lib/python3.7/site-packages/airflow/example_dags/example_branch_day_of_week_operator.py
[2022-08-26 17:30:47,561] {processor.py:651} INFO - DAG(s) dict_keys(['example_weekday_branch_operator']) retrieved from /home/airflow/.local/lib/python3.7/site-packages/airflow/example_dags/example_branch_day_of_week_operator.py
[2022-08-26 17:30:47,660] {logging_mixin.py:115} INFO - [2022-08-26 17:30:47,660] {dag.py:2420} INFO - Sync 1 DAGs
[2022-08-26 17:30:47,733] {logging_mixin.py:115} INFO - [2022-08-26 17:30:47,732] {dag.py:2972} INFO - Setting next_dagrun for example_weekday_branch_operator to 2022-08-25T00:00:00+00:00, run_after=2022-08-26T00:00:00+00:00
[2022-08-26 17:30:47,777] {processor.py:161} INFO - Processing /home/airflow/.local/lib/python3.7/site-packages/airflow/example_dags/example_branch_day_of_week_operator.py took 0.251 seconds
[2022-08-26 17:31:18,681] {processor.py:153} INFO - Started process (PID=3579) to work on /home/airflow/.local/lib/python3.7/site-packages/airflow/example_dags/example_branch_day_of_week_operator.py
[2022-08-26 17:31:18,682] {processor.py:641} INFO - Processing file /home/airflow/.local/lib/python3.7/site-packages/airflow/example_dags/example_branch_day_of_week_operator.py for tasks to queue
[2022-08-26 17:31:18,684] {logging_mixin.py:115} INFO - [2022-08-26 17:31:18,684] {dagbag.py:508} INFO - Filling up the DagBag from /home/airflow/.local/lib/python3.7/site-packages/airflow/example_dags/example_branch_day_of_week_operator.py
[2022-08-26 17:31:18,704] {processor.py:651} INFO - DAG(s) dict_keys(['example_weekday_branch_operator']) retrieved from /home/airflow/.local/lib/python3.7/site-packages/airflow/example_dags/example_branch_day_of_week_operator.py
[2022-08-26 17:31:18,753] {logging_mixin.py:115} INFO - [2022-08-26 17:31:18,753] {dag.py:2420} INFO - Sync 1 DAGs
[2022-08-26 17:31:18,811] {logging_mixin.py:115} INFO - [2022-08-26 17:31:18,810] {dag.py:2972} INFO - Setting next_dagrun for example_weekday_branch_operator to 2022-08-25T00:00:00+00:00, run_after=2022-08-26T00:00:00+00:00
[2022-08-26 17:31:18,840] {processor.py:161} INFO - Processing /home/airflow/.local/lib/python3.7/site-packages/airflow/example_dags/example_branch_day_of_week_operator.py took 0.167 seconds
[2022-08-26 17:31:49,013] {processor.py:153} INFO - Started process (PID=3632) to work on /home/airflow/.local/lib/python3.7/site-packages/airflow/example_dags/example_branch_day_of_week_operator.py
[2022-08-26 17:31:49,014] {processor.py:641} INFO - Processing file /home/airflow/.local/lib/python3.7/site-packages/airflow/example_dags/example_branch_day_of_week_operator.py for tasks to queue
[2022-08-26 17:31:49,015] {logging_mixin.py:115} INFO - [2022-08-26 17:31:49,015] {dagbag.py:508} INFO - Filling up the DagBag from /home/airflow/.local/lib/python3.7/site-packages/airflow/example_dags/example_branch_day_of_week_operator.py
[2022-08-26 17:31:49,039] {processor.py:651} INFO - DAG(s) dict_keys(['example_weekday_branch_operator']) retrieved from /home/airflow/.local/lib/python3.7/site-packages/airflow/example_dags/example_branch_day_of_week_operator.py
[2022-08-26 17:31:49,097] {logging_mixin.py:115} INFO - [2022-08-26 17:31:49,097] {dag.py:2420} INFO - Sync 1 DAGs
[2022-08-26 17:31:49,174] {logging_mixin.py:115} INFO - [2022-08-26 17:31:49,173] {dag.py:2972} INFO - Setting next_dagrun for example_weekday_branch_operator to 2022-08-25T00:00:00+00:00, run_after=2022-08-26T00:00:00+00:00
[2022-08-26 17:31:49,230] {processor.py:161} INFO - Processing /home/airflow/.local/lib/python3.7/site-packages/airflow/example_dags/example_branch_day_of_week_operator.py took 0.223 seconds
[2022-08-26 17:32:19,886] {processor.py:153} INFO - Started process (PID=3683) to work on /home/airflow/.local/lib/python3.7/site-packages/airflow/example_dags/example_branch_day_of_week_operator.py
[2022-08-26 17:32:19,887] {processor.py:641} INFO - Processing file /home/airflow/.local/lib/python3.7/site-packages/airflow/example_dags/example_branch_day_of_week_operator.py for tasks to queue
[2022-08-26 17:32:19,888] {logging_mixin.py:115} INFO - [2022-08-26 17:32:19,888] {dagbag.py:508} INFO - Filling up the DagBag from /home/airflow/.local/lib/python3.7/site-packages/airflow/example_dags/example_branch_day_of_week_operator.py
[2022-08-26 17:32:19,903] {processor.py:651} INFO - DAG(s) dict_keys(['example_weekday_branch_operator']) retrieved from /home/airflow/.local/lib/python3.7/site-packages/airflow/example_dags/example_branch_day_of_week_operator.py
[2022-08-26 17:32:19,948] {logging_mixin.py:115} INFO - [2022-08-26 17:32:19,948] {dag.py:2420} INFO - Sync 1 DAGs
[2022-08-26 17:32:19,999] {logging_mixin.py:115} INFO - [2022-08-26 17:32:19,999] {dag.py:2972} INFO - Setting next_dagrun for example_weekday_branch_operator to 2022-08-25T00:00:00+00:00, run_after=2022-08-26T00:00:00+00:00
[2022-08-26 17:32:20,023] {processor.py:161} INFO - Processing /home/airflow/.local/lib/python3.7/site-packages/airflow/example_dags/example_branch_day_of_week_operator.py took 0.142 seconds
