[2022-08-26 15:48:47,227] {processor.py:153} INFO - Started process (PID=109) to work on /home/airflow/.local/lib/python3.7/site-packages/airflow/example_dags/example_branch_operator.py
[2022-08-26 15:48:47,227] {processor.py:641} INFO - Processing file /home/airflow/.local/lib/python3.7/site-packages/airflow/example_dags/example_branch_operator.py for tasks to queue
[2022-08-26 15:48:47,228] {logging_mixin.py:115} INFO - [2022-08-26 15:48:47,228] {dagbag.py:508} INFO - Filling up the DagBag from /home/airflow/.local/lib/python3.7/site-packages/airflow/example_dags/example_branch_operator.py
[2022-08-26 15:48:47,251] {processor.py:651} INFO - DAG(s) dict_keys(['example_branch_operator']) retrieved from /home/airflow/.local/lib/python3.7/site-packages/airflow/example_dags/example_branch_operator.py
[2022-08-26 15:48:47,307] {logging_mixin.py:115} INFO - [2022-08-26 15:48:47,306] {dag.py:2420} INFO - Sync 1 DAGs
[2022-08-26 15:48:47,610] {logging_mixin.py:115} INFO - [2022-08-26 15:48:47,609] {dag.py:2972} INFO - Setting next_dagrun for example_branch_operator to 2022-08-25T00:00:00+00:00, run_after=2022-08-26T00:00:00+00:00
[2022-08-26 15:48:47,638] {processor.py:161} INFO - Processing /home/airflow/.local/lib/python3.7/site-packages/airflow/example_dags/example_branch_operator.py took 0.417 seconds
[2022-08-26 15:49:17,786] {processor.py:153} INFO - Started process (PID=160) to work on /home/airflow/.local/lib/python3.7/site-packages/airflow/example_dags/example_branch_operator.py
[2022-08-26 15:49:17,787] {processor.py:641} INFO - Processing file /home/airflow/.local/lib/python3.7/site-packages/airflow/example_dags/example_branch_operator.py for tasks to queue
[2022-08-26 15:49:17,788] {logging_mixin.py:115} INFO - [2022-08-26 15:49:17,787] {dagbag.py:508} INFO - Filling up the DagBag from /home/airflow/.local/lib/python3.7/site-packages/airflow/example_dags/example_branch_operator.py
[2022-08-26 15:49:17,813] {processor.py:651} INFO - DAG(s) dict_keys(['example_branch_operator']) retrieved from /home/airflow/.local/lib/python3.7/site-packages/airflow/example_dags/example_branch_operator.py
[2022-08-26 15:49:17,868] {logging_mixin.py:115} INFO - [2022-08-26 15:49:17,868] {dag.py:2420} INFO - Sync 1 DAGs
[2022-08-26 15:49:18,093] {logging_mixin.py:115} INFO - [2022-08-26 15:49:18,093] {dag.py:2972} INFO - Setting next_dagrun for example_branch_operator to 2022-08-25T00:00:00+00:00, run_after=2022-08-26T00:00:00+00:00
[2022-08-26 15:49:18,119] {processor.py:161} INFO - Processing /home/airflow/.local/lib/python3.7/site-packages/airflow/example_dags/example_branch_operator.py took 0.339 seconds
[2022-08-26 15:49:49,152] {processor.py:153} INFO - Started process (PID=219) to work on /home/airflow/.local/lib/python3.7/site-packages/airflow/example_dags/example_branch_operator.py
[2022-08-26 15:49:49,158] {processor.py:641} INFO - Processing file /home/airflow/.local/lib/python3.7/site-packages/airflow/example_dags/example_branch_operator.py for tasks to queue
[2022-08-26 15:49:49,159] {logging_mixin.py:115} INFO - [2022-08-26 15:49:49,159] {dagbag.py:508} INFO - Filling up the DagBag from /home/airflow/.local/lib/python3.7/site-packages/airflow/example_dags/example_branch_operator.py
[2022-08-26 15:49:49,184] {processor.py:651} INFO - DAG(s) dict_keys(['example_branch_operator']) retrieved from /home/airflow/.local/lib/python3.7/site-packages/airflow/example_dags/example_branch_operator.py
[2022-08-26 15:49:49,241] {logging_mixin.py:115} INFO - [2022-08-26 15:49:49,241] {dag.py:2420} INFO - Sync 1 DAGs
[2022-08-26 15:49:49,558] {logging_mixin.py:115} INFO - [2022-08-26 15:49:49,558] {dag.py:2972} INFO - Setting next_dagrun for example_branch_operator to 2022-08-25T00:00:00+00:00, run_after=2022-08-26T00:00:00+00:00
[2022-08-26 15:49:49,624] {processor.py:161} INFO - Processing /home/airflow/.local/lib/python3.7/site-packages/airflow/example_dags/example_branch_operator.py took 0.479 seconds
[2022-08-26 15:50:19,715] {processor.py:153} INFO - Started process (PID=275) to work on /home/airflow/.local/lib/python3.7/site-packages/airflow/example_dags/example_branch_operator.py
[2022-08-26 15:50:19,717] {processor.py:641} INFO - Processing file /home/airflow/.local/lib/python3.7/site-packages/airflow/example_dags/example_branch_operator.py for tasks to queue
[2022-08-26 15:50:19,718] {logging_mixin.py:115} INFO - [2022-08-26 15:50:19,718] {dagbag.py:508} INFO - Filling up the DagBag from /home/airflow/.local/lib/python3.7/site-packages/airflow/example_dags/example_branch_operator.py
[2022-08-26 15:50:19,740] {processor.py:651} INFO - DAG(s) dict_keys(['example_branch_operator']) retrieved from /home/airflow/.local/lib/python3.7/site-packages/airflow/example_dags/example_branch_operator.py
[2022-08-26 15:50:19,797] {logging_mixin.py:115} INFO - [2022-08-26 15:50:19,797] {dag.py:2420} INFO - Sync 1 DAGs
[2022-08-26 15:50:20,023] {logging_mixin.py:115} INFO - [2022-08-26 15:50:20,023] {dag.py:2972} INFO - Setting next_dagrun for example_branch_operator to 2022-08-25T00:00:00+00:00, run_after=2022-08-26T00:00:00+00:00
[2022-08-26 15:50:20,046] {processor.py:161} INFO - Processing /home/airflow/.local/lib/python3.7/site-packages/airflow/example_dags/example_branch_operator.py took 0.341 seconds
[2022-08-26 15:50:50,274] {processor.py:153} INFO - Started process (PID=328) to work on /home/airflow/.local/lib/python3.7/site-packages/airflow/example_dags/example_branch_operator.py
[2022-08-26 15:50:50,274] {processor.py:641} INFO - Processing file /home/airflow/.local/lib/python3.7/site-packages/airflow/example_dags/example_branch_operator.py for tasks to queue
[2022-08-26 15:50:50,275] {logging_mixin.py:115} INFO - [2022-08-26 15:50:50,275] {dagbag.py:508} INFO - Filling up the DagBag from /home/airflow/.local/lib/python3.7/site-packages/airflow/example_dags/example_branch_operator.py
[2022-08-26 15:50:50,287] {processor.py:651} INFO - DAG(s) dict_keys(['example_branch_operator']) retrieved from /home/airflow/.local/lib/python3.7/site-packages/airflow/example_dags/example_branch_operator.py
[2022-08-26 15:50:50,319] {logging_mixin.py:115} INFO - [2022-08-26 15:50:50,319] {dag.py:2420} INFO - Sync 1 DAGs
[2022-08-26 15:50:50,445] {logging_mixin.py:115} INFO - [2022-08-26 15:50:50,445] {dag.py:2972} INFO - Setting next_dagrun for example_branch_operator to 2022-08-25T00:00:00+00:00, run_after=2022-08-26T00:00:00+00:00
[2022-08-26 15:50:50,458] {processor.py:161} INFO - Processing /home/airflow/.local/lib/python3.7/site-packages/airflow/example_dags/example_branch_operator.py took 0.188 seconds
[2022-08-26 15:51:20,955] {processor.py:153} INFO - Started process (PID=392) to work on /home/airflow/.local/lib/python3.7/site-packages/airflow/example_dags/example_branch_operator.py
[2022-08-26 15:51:20,956] {processor.py:641} INFO - Processing file /home/airflow/.local/lib/python3.7/site-packages/airflow/example_dags/example_branch_operator.py for tasks to queue
[2022-08-26 15:51:20,956] {logging_mixin.py:115} INFO - [2022-08-26 15:51:20,956] {dagbag.py:508} INFO - Filling up the DagBag from /home/airflow/.local/lib/python3.7/site-packages/airflow/example_dags/example_branch_operator.py
[2022-08-26 15:51:20,972] {processor.py:651} INFO - DAG(s) dict_keys(['example_branch_operator']) retrieved from /home/airflow/.local/lib/python3.7/site-packages/airflow/example_dags/example_branch_operator.py
[2022-08-26 15:51:21,015] {logging_mixin.py:115} INFO - [2022-08-26 15:51:21,014] {dag.py:2420} INFO - Sync 1 DAGs
[2022-08-26 15:51:21,185] {logging_mixin.py:115} INFO - [2022-08-26 15:51:21,185] {dag.py:2972} INFO - Setting next_dagrun for example_branch_operator to 2022-08-25T00:00:00+00:00, run_after=2022-08-26T00:00:00+00:00
[2022-08-26 15:51:21,203] {processor.py:161} INFO - Processing /home/airflow/.local/lib/python3.7/site-packages/airflow/example_dags/example_branch_operator.py took 0.253 seconds
[2022-08-26 15:51:51,315] {processor.py:153} INFO - Started process (PID=446) to work on /home/airflow/.local/lib/python3.7/site-packages/airflow/example_dags/example_branch_operator.py
[2022-08-26 15:51:51,316] {processor.py:641} INFO - Processing file /home/airflow/.local/lib/python3.7/site-packages/airflow/example_dags/example_branch_operator.py for tasks to queue
[2022-08-26 15:51:51,316] {logging_mixin.py:115} INFO - [2022-08-26 15:51:51,316] {dagbag.py:508} INFO - Filling up the DagBag from /home/airflow/.local/lib/python3.7/site-packages/airflow/example_dags/example_branch_operator.py
[2022-08-26 15:51:51,328] {processor.py:651} INFO - DAG(s) dict_keys(['example_branch_operator']) retrieved from /home/airflow/.local/lib/python3.7/site-packages/airflow/example_dags/example_branch_operator.py
[2022-08-26 15:51:51,363] {logging_mixin.py:115} INFO - [2022-08-26 15:51:51,363] {dag.py:2420} INFO - Sync 1 DAGs
[2022-08-26 15:51:51,530] {logging_mixin.py:115} INFO - [2022-08-26 15:51:51,530] {dag.py:2972} INFO - Setting next_dagrun for example_branch_operator to 2022-08-25T00:00:00+00:00, run_after=2022-08-26T00:00:00+00:00
[2022-08-26 15:51:51,546] {processor.py:161} INFO - Processing /home/airflow/.local/lib/python3.7/site-packages/airflow/example_dags/example_branch_operator.py took 0.234 seconds
[2022-08-26 15:52:22,089] {processor.py:153} INFO - Started process (PID=509) to work on /home/airflow/.local/lib/python3.7/site-packages/airflow/example_dags/example_branch_operator.py
[2022-08-26 15:52:22,090] {processor.py:641} INFO - Processing file /home/airflow/.local/lib/python3.7/site-packages/airflow/example_dags/example_branch_operator.py for tasks to queue
[2022-08-26 15:52:22,090] {logging_mixin.py:115} INFO - [2022-08-26 15:52:22,090] {dagbag.py:508} INFO - Filling up the DagBag from /home/airflow/.local/lib/python3.7/site-packages/airflow/example_dags/example_branch_operator.py
[2022-08-26 15:52:22,102] {processor.py:651} INFO - DAG(s) dict_keys(['example_branch_operator']) retrieved from /home/airflow/.local/lib/python3.7/site-packages/airflow/example_dags/example_branch_operator.py
[2022-08-26 15:52:22,144] {logging_mixin.py:115} INFO - [2022-08-26 15:52:22,144] {dag.py:2420} INFO - Sync 1 DAGs
[2022-08-26 15:52:22,310] {logging_mixin.py:115} INFO - [2022-08-26 15:52:22,310] {dag.py:2972} INFO - Setting next_dagrun for example_branch_operator to 2022-08-25T00:00:00+00:00, run_after=2022-08-26T00:00:00+00:00
[2022-08-26 15:52:22,326] {processor.py:161} INFO - Processing /home/airflow/.local/lib/python3.7/site-packages/airflow/example_dags/example_branch_operator.py took 0.240 seconds
[2022-08-26 15:52:53,382] {processor.py:153} INFO - Started process (PID=562) to work on /home/airflow/.local/lib/python3.7/site-packages/airflow/example_dags/example_branch_operator.py
[2022-08-26 15:52:53,382] {processor.py:641} INFO - Processing file /home/airflow/.local/lib/python3.7/site-packages/airflow/example_dags/example_branch_operator.py for tasks to queue
[2022-08-26 15:52:53,383] {logging_mixin.py:115} INFO - [2022-08-26 15:52:53,383] {dagbag.py:508} INFO - Filling up the DagBag from /home/airflow/.local/lib/python3.7/site-packages/airflow/example_dags/example_branch_operator.py
[2022-08-26 15:52:53,397] {processor.py:651} INFO - DAG(s) dict_keys(['example_branch_operator']) retrieved from /home/airflow/.local/lib/python3.7/site-packages/airflow/example_dags/example_branch_operator.py
[2022-08-26 15:52:53,455] {logging_mixin.py:115} INFO - [2022-08-26 15:52:53,455] {dag.py:2420} INFO - Sync 1 DAGs
[2022-08-26 15:52:53,715] {logging_mixin.py:115} INFO - [2022-08-26 15:52:53,714] {dag.py:2972} INFO - Setting next_dagrun for example_branch_operator to 2022-08-25T00:00:00+00:00, run_after=2022-08-26T00:00:00+00:00
[2022-08-26 15:52:53,741] {processor.py:161} INFO - Processing /home/airflow/.local/lib/python3.7/site-packages/airflow/example_dags/example_branch_operator.py took 0.364 seconds
[2022-08-26 15:53:23,980] {processor.py:153} INFO - Started process (PID=624) to work on /home/airflow/.local/lib/python3.7/site-packages/airflow/example_dags/example_branch_operator.py
[2022-08-26 15:53:23,981] {processor.py:641} INFO - Processing file /home/airflow/.local/lib/python3.7/site-packages/airflow/example_dags/example_branch_operator.py for tasks to queue
[2022-08-26 15:53:23,981] {logging_mixin.py:115} INFO - [2022-08-26 15:53:23,981] {dagbag.py:508} INFO - Filling up the DagBag from /home/airflow/.local/lib/python3.7/site-packages/airflow/example_dags/example_branch_operator.py
[2022-08-26 15:53:23,991] {processor.py:651} INFO - DAG(s) dict_keys(['example_branch_operator']) retrieved from /home/airflow/.local/lib/python3.7/site-packages/airflow/example_dags/example_branch_operator.py
[2022-08-26 15:53:24,028] {logging_mixin.py:115} INFO - [2022-08-26 15:53:24,027] {dag.py:2420} INFO - Sync 1 DAGs
[2022-08-26 15:53:24,204] {logging_mixin.py:115} INFO - [2022-08-26 15:53:24,203] {dag.py:2972} INFO - Setting next_dagrun for example_branch_operator to 2022-08-25T00:00:00+00:00, run_after=2022-08-26T00:00:00+00:00
[2022-08-26 15:53:24,217] {processor.py:161} INFO - Processing /home/airflow/.local/lib/python3.7/site-packages/airflow/example_dags/example_branch_operator.py took 0.239 seconds
[2022-08-26 15:53:54,368] {processor.py:153} INFO - Started process (PID=677) to work on /home/airflow/.local/lib/python3.7/site-packages/airflow/example_dags/example_branch_operator.py
[2022-08-26 15:53:54,379] {processor.py:641} INFO - Processing file /home/airflow/.local/lib/python3.7/site-packages/airflow/example_dags/example_branch_operator.py for tasks to queue
[2022-08-26 15:53:54,382] {logging_mixin.py:115} INFO - [2022-08-26 15:53:54,381] {dagbag.py:508} INFO - Filling up the DagBag from /home/airflow/.local/lib/python3.7/site-packages/airflow/example_dags/example_branch_operator.py
[2022-08-26 15:53:54,405] {processor.py:651} INFO - DAG(s) dict_keys(['example_branch_operator']) retrieved from /home/airflow/.local/lib/python3.7/site-packages/airflow/example_dags/example_branch_operator.py
[2022-08-26 15:53:54,452] {logging_mixin.py:115} INFO - [2022-08-26 15:53:54,452] {dag.py:2420} INFO - Sync 1 DAGs
[2022-08-26 15:53:54,711] {logging_mixin.py:115} INFO - [2022-08-26 15:53:54,711] {dag.py:2972} INFO - Setting next_dagrun for example_branch_operator to 2022-08-25T00:00:00+00:00, run_after=2022-08-26T00:00:00+00:00
[2022-08-26 15:53:54,769] {processor.py:161} INFO - Processing /home/airflow/.local/lib/python3.7/site-packages/airflow/example_dags/example_branch_operator.py took 0.406 seconds
[2022-08-26 15:54:25,816] {processor.py:153} INFO - Started process (PID=741) to work on /home/airflow/.local/lib/python3.7/site-packages/airflow/example_dags/example_branch_operator.py
[2022-08-26 15:54:25,823] {processor.py:641} INFO - Processing file /home/airflow/.local/lib/python3.7/site-packages/airflow/example_dags/example_branch_operator.py for tasks to queue
[2022-08-26 15:54:25,824] {logging_mixin.py:115} INFO - [2022-08-26 15:54:25,824] {dagbag.py:508} INFO - Filling up the DagBag from /home/airflow/.local/lib/python3.7/site-packages/airflow/example_dags/example_branch_operator.py
[2022-08-26 15:54:25,872] {processor.py:651} INFO - DAG(s) dict_keys(['example_branch_operator']) retrieved from /home/airflow/.local/lib/python3.7/site-packages/airflow/example_dags/example_branch_operator.py
[2022-08-26 15:54:25,947] {logging_mixin.py:115} INFO - [2022-08-26 15:54:25,947] {dag.py:2420} INFO - Sync 1 DAGs
[2022-08-26 15:54:26,173] {logging_mixin.py:115} INFO - [2022-08-26 15:54:26,172] {dag.py:2972} INFO - Setting next_dagrun for example_branch_operator to 2022-08-25T00:00:00+00:00, run_after=2022-08-26T00:00:00+00:00
[2022-08-26 15:54:26,193] {processor.py:161} INFO - Processing /home/airflow/.local/lib/python3.7/site-packages/airflow/example_dags/example_branch_operator.py took 0.392 seconds
[2022-08-26 15:54:56,499] {processor.py:153} INFO - Started process (PID=794) to work on /home/airflow/.local/lib/python3.7/site-packages/airflow/example_dags/example_branch_operator.py
[2022-08-26 15:54:56,500] {processor.py:641} INFO - Processing file /home/airflow/.local/lib/python3.7/site-packages/airflow/example_dags/example_branch_operator.py for tasks to queue
[2022-08-26 15:54:56,501] {logging_mixin.py:115} INFO - [2022-08-26 15:54:56,501] {dagbag.py:508} INFO - Filling up the DagBag from /home/airflow/.local/lib/python3.7/site-packages/airflow/example_dags/example_branch_operator.py
[2022-08-26 15:54:56,520] {processor.py:651} INFO - DAG(s) dict_keys(['example_branch_operator']) retrieved from /home/airflow/.local/lib/python3.7/site-packages/airflow/example_dags/example_branch_operator.py
[2022-08-26 15:54:56,561] {logging_mixin.py:115} INFO - [2022-08-26 15:54:56,561] {dag.py:2420} INFO - Sync 1 DAGs
[2022-08-26 15:54:56,731] {logging_mixin.py:115} INFO - [2022-08-26 15:54:56,731] {dag.py:2972} INFO - Setting next_dagrun for example_branch_operator to 2022-08-25T00:00:00+00:00, run_after=2022-08-26T00:00:00+00:00
[2022-08-26 15:54:56,750] {processor.py:161} INFO - Processing /home/airflow/.local/lib/python3.7/site-packages/airflow/example_dags/example_branch_operator.py took 0.255 seconds
[2022-08-26 15:55:27,226] {processor.py:153} INFO - Started process (PID=857) to work on /home/airflow/.local/lib/python3.7/site-packages/airflow/example_dags/example_branch_operator.py
[2022-08-26 15:55:27,227] {processor.py:641} INFO - Processing file /home/airflow/.local/lib/python3.7/site-packages/airflow/example_dags/example_branch_operator.py for tasks to queue
[2022-08-26 15:55:27,228] {logging_mixin.py:115} INFO - [2022-08-26 15:55:27,228] {dagbag.py:508} INFO - Filling up the DagBag from /home/airflow/.local/lib/python3.7/site-packages/airflow/example_dags/example_branch_operator.py
[2022-08-26 15:55:27,242] {processor.py:651} INFO - DAG(s) dict_keys(['example_branch_operator']) retrieved from /home/airflow/.local/lib/python3.7/site-packages/airflow/example_dags/example_branch_operator.py
[2022-08-26 15:55:27,278] {logging_mixin.py:115} INFO - [2022-08-26 15:55:27,278] {dag.py:2420} INFO - Sync 1 DAGs
[2022-08-26 15:55:27,442] {logging_mixin.py:115} INFO - [2022-08-26 15:55:27,442] {dag.py:2972} INFO - Setting next_dagrun for example_branch_operator to 2022-08-25T00:00:00+00:00, run_after=2022-08-26T00:00:00+00:00
[2022-08-26 15:55:27,455] {processor.py:161} INFO - Processing /home/airflow/.local/lib/python3.7/site-packages/airflow/example_dags/example_branch_operator.py took 0.233 seconds
[2022-08-26 15:55:57,602] {processor.py:153} INFO - Started process (PID=910) to work on /home/airflow/.local/lib/python3.7/site-packages/airflow/example_dags/example_branch_operator.py
[2022-08-26 15:55:57,603] {processor.py:641} INFO - Processing file /home/airflow/.local/lib/python3.7/site-packages/airflow/example_dags/example_branch_operator.py for tasks to queue
[2022-08-26 15:55:57,603] {logging_mixin.py:115} INFO - [2022-08-26 15:55:57,603] {dagbag.py:508} INFO - Filling up the DagBag from /home/airflow/.local/lib/python3.7/site-packages/airflow/example_dags/example_branch_operator.py
[2022-08-26 15:55:57,614] {processor.py:651} INFO - DAG(s) dict_keys(['example_branch_operator']) retrieved from /home/airflow/.local/lib/python3.7/site-packages/airflow/example_dags/example_branch_operator.py
[2022-08-26 15:55:57,649] {logging_mixin.py:115} INFO - [2022-08-26 15:55:57,649] {dag.py:2420} INFO - Sync 1 DAGs
[2022-08-26 15:55:57,816] {logging_mixin.py:115} INFO - [2022-08-26 15:55:57,816] {dag.py:2972} INFO - Setting next_dagrun for example_branch_operator to 2022-08-25T00:00:00+00:00, run_after=2022-08-26T00:00:00+00:00
[2022-08-26 15:55:57,841] {processor.py:161} INFO - Processing /home/airflow/.local/lib/python3.7/site-packages/airflow/example_dags/example_branch_operator.py took 0.242 seconds
[2022-08-26 15:56:28,290] {processor.py:153} INFO - Started process (PID=972) to work on /home/airflow/.local/lib/python3.7/site-packages/airflow/example_dags/example_branch_operator.py
[2022-08-26 15:56:28,290] {processor.py:641} INFO - Processing file /home/airflow/.local/lib/python3.7/site-packages/airflow/example_dags/example_branch_operator.py for tasks to queue
[2022-08-26 15:56:28,291] {logging_mixin.py:115} INFO - [2022-08-26 15:56:28,291] {dagbag.py:508} INFO - Filling up the DagBag from /home/airflow/.local/lib/python3.7/site-packages/airflow/example_dags/example_branch_operator.py
[2022-08-26 15:56:28,307] {processor.py:651} INFO - DAG(s) dict_keys(['example_branch_operator']) retrieved from /home/airflow/.local/lib/python3.7/site-packages/airflow/example_dags/example_branch_operator.py
[2022-08-26 15:56:28,346] {logging_mixin.py:115} INFO - [2022-08-26 15:56:28,345] {dag.py:2420} INFO - Sync 1 DAGs
[2022-08-26 15:56:28,501] {logging_mixin.py:115} INFO - [2022-08-26 15:56:28,501] {dag.py:2972} INFO - Setting next_dagrun for example_branch_operator to 2022-08-25T00:00:00+00:00, run_after=2022-08-26T00:00:00+00:00
[2022-08-26 15:56:28,519] {processor.py:161} INFO - Processing /home/airflow/.local/lib/python3.7/site-packages/airflow/example_dags/example_branch_operator.py took 0.234 seconds
[2022-08-26 15:56:59,017] {processor.py:153} INFO - Started process (PID=1024) to work on /home/airflow/.local/lib/python3.7/site-packages/airflow/example_dags/example_branch_operator.py
[2022-08-26 15:56:59,018] {processor.py:641} INFO - Processing file /home/airflow/.local/lib/python3.7/site-packages/airflow/example_dags/example_branch_operator.py for tasks to queue
[2022-08-26 15:56:59,019] {logging_mixin.py:115} INFO - [2022-08-26 15:56:59,019] {dagbag.py:508} INFO - Filling up the DagBag from /home/airflow/.local/lib/python3.7/site-packages/airflow/example_dags/example_branch_operator.py
[2022-08-26 15:56:59,036] {processor.py:651} INFO - DAG(s) dict_keys(['example_branch_operator']) retrieved from /home/airflow/.local/lib/python3.7/site-packages/airflow/example_dags/example_branch_operator.py
[2022-08-26 15:56:59,085] {logging_mixin.py:115} INFO - [2022-08-26 15:56:59,084] {dag.py:2420} INFO - Sync 1 DAGs
[2022-08-26 15:56:59,264] {logging_mixin.py:115} INFO - [2022-08-26 15:56:59,264] {dag.py:2972} INFO - Setting next_dagrun for example_branch_operator to 2022-08-25T00:00:00+00:00, run_after=2022-08-26T00:00:00+00:00
[2022-08-26 15:56:59,312] {processor.py:161} INFO - Processing /home/airflow/.local/lib/python3.7/site-packages/airflow/example_dags/example_branch_operator.py took 0.305 seconds
[2022-08-26 15:57:29,656] {processor.py:153} INFO - Started process (PID=1086) to work on /home/airflow/.local/lib/python3.7/site-packages/airflow/example_dags/example_branch_operator.py
[2022-08-26 15:57:29,656] {processor.py:641} INFO - Processing file /home/airflow/.local/lib/python3.7/site-packages/airflow/example_dags/example_branch_operator.py for tasks to queue
[2022-08-26 15:57:29,657] {logging_mixin.py:115} INFO - [2022-08-26 15:57:29,657] {dagbag.py:508} INFO - Filling up the DagBag from /home/airflow/.local/lib/python3.7/site-packages/airflow/example_dags/example_branch_operator.py
[2022-08-26 15:57:29,674] {processor.py:651} INFO - DAG(s) dict_keys(['example_branch_operator']) retrieved from /home/airflow/.local/lib/python3.7/site-packages/airflow/example_dags/example_branch_operator.py
[2022-08-26 15:57:29,716] {logging_mixin.py:115} INFO - [2022-08-26 15:57:29,715] {dag.py:2420} INFO - Sync 1 DAGs
[2022-08-26 15:57:29,894] {logging_mixin.py:115} INFO - [2022-08-26 15:57:29,894] {dag.py:2972} INFO - Setting next_dagrun for example_branch_operator to 2022-08-25T00:00:00+00:00, run_after=2022-08-26T00:00:00+00:00
[2022-08-26 15:57:29,911] {processor.py:161} INFO - Processing /home/airflow/.local/lib/python3.7/site-packages/airflow/example_dags/example_branch_operator.py took 0.259 seconds
[2022-08-26 15:58:00,892] {processor.py:153} INFO - Started process (PID=1139) to work on /home/airflow/.local/lib/python3.7/site-packages/airflow/example_dags/example_branch_operator.py
[2022-08-26 15:58:00,893] {processor.py:641} INFO - Processing file /home/airflow/.local/lib/python3.7/site-packages/airflow/example_dags/example_branch_operator.py for tasks to queue
[2022-08-26 15:58:00,894] {logging_mixin.py:115} INFO - [2022-08-26 15:58:00,894] {dagbag.py:508} INFO - Filling up the DagBag from /home/airflow/.local/lib/python3.7/site-packages/airflow/example_dags/example_branch_operator.py
[2022-08-26 15:58:00,910] {processor.py:651} INFO - DAG(s) dict_keys(['example_branch_operator']) retrieved from /home/airflow/.local/lib/python3.7/site-packages/airflow/example_dags/example_branch_operator.py
[2022-08-26 15:58:00,954] {logging_mixin.py:115} INFO - [2022-08-26 15:58:00,953] {dag.py:2420} INFO - Sync 1 DAGs
[2022-08-26 15:58:01,126] {logging_mixin.py:115} INFO - [2022-08-26 15:58:01,126] {dag.py:2972} INFO - Setting next_dagrun for example_branch_operator to 2022-08-25T00:00:00+00:00, run_after=2022-08-26T00:00:00+00:00
[2022-08-26 15:58:01,149] {processor.py:161} INFO - Processing /home/airflow/.local/lib/python3.7/site-packages/airflow/example_dags/example_branch_operator.py took 0.260 seconds
[2022-08-26 15:58:31,446] {processor.py:153} INFO - Started process (PID=1202) to work on /home/airflow/.local/lib/python3.7/site-packages/airflow/example_dags/example_branch_operator.py
[2022-08-26 15:58:31,447] {processor.py:641} INFO - Processing file /home/airflow/.local/lib/python3.7/site-packages/airflow/example_dags/example_branch_operator.py for tasks to queue
[2022-08-26 15:58:31,447] {logging_mixin.py:115} INFO - [2022-08-26 15:58:31,447] {dagbag.py:508} INFO - Filling up the DagBag from /home/airflow/.local/lib/python3.7/site-packages/airflow/example_dags/example_branch_operator.py
[2022-08-26 15:58:31,459] {processor.py:651} INFO - DAG(s) dict_keys(['example_branch_operator']) retrieved from /home/airflow/.local/lib/python3.7/site-packages/airflow/example_dags/example_branch_operator.py
[2022-08-26 15:58:31,501] {logging_mixin.py:115} INFO - [2022-08-26 15:58:31,501] {dag.py:2420} INFO - Sync 1 DAGs
[2022-08-26 15:58:31,662] {logging_mixin.py:115} INFO - [2022-08-26 15:58:31,662] {dag.py:2972} INFO - Setting next_dagrun for example_branch_operator to 2022-08-25T00:00:00+00:00, run_after=2022-08-26T00:00:00+00:00
[2022-08-26 15:58:31,676] {processor.py:161} INFO - Processing /home/airflow/.local/lib/python3.7/site-packages/airflow/example_dags/example_branch_operator.py took 0.233 seconds
[2022-08-26 15:59:02,227] {processor.py:153} INFO - Started process (PID=1262) to work on /home/airflow/.local/lib/python3.7/site-packages/airflow/example_dags/example_branch_operator.py
[2022-08-26 15:59:02,228] {processor.py:641} INFO - Processing file /home/airflow/.local/lib/python3.7/site-packages/airflow/example_dags/example_branch_operator.py for tasks to queue
[2022-08-26 15:59:02,229] {logging_mixin.py:115} INFO - [2022-08-26 15:59:02,228] {dagbag.py:508} INFO - Filling up the DagBag from /home/airflow/.local/lib/python3.7/site-packages/airflow/example_dags/example_branch_operator.py
[2022-08-26 15:59:02,251] {processor.py:651} INFO - DAG(s) dict_keys(['example_branch_operator']) retrieved from /home/airflow/.local/lib/python3.7/site-packages/airflow/example_dags/example_branch_operator.py
[2022-08-26 15:59:02,428] {logging_mixin.py:115} INFO - [2022-08-26 15:59:02,428] {dag.py:2420} INFO - Sync 1 DAGs
[2022-08-26 15:59:02,464] {logging_mixin.py:115} INFO - [2022-08-26 15:59:02,464] {dag.py:2972} INFO - Setting next_dagrun for example_branch_operator to 2022-08-25T00:00:00+00:00, run_after=2022-08-26T00:00:00+00:00
[2022-08-26 15:59:02,485] {processor.py:161} INFO - Processing /home/airflow/.local/lib/python3.7/site-packages/airflow/example_dags/example_branch_operator.py took 0.263 seconds
[2022-08-26 15:59:33,061] {processor.py:153} INFO - Started process (PID=1317) to work on /home/airflow/.local/lib/python3.7/site-packages/airflow/example_dags/example_branch_operator.py
[2022-08-26 15:59:33,062] {processor.py:641} INFO - Processing file /home/airflow/.local/lib/python3.7/site-packages/airflow/example_dags/example_branch_operator.py for tasks to queue
[2022-08-26 15:59:33,063] {logging_mixin.py:115} INFO - [2022-08-26 15:59:33,063] {dagbag.py:508} INFO - Filling up the DagBag from /home/airflow/.local/lib/python3.7/site-packages/airflow/example_dags/example_branch_operator.py
[2022-08-26 15:59:33,084] {processor.py:651} INFO - DAG(s) dict_keys(['example_branch_operator']) retrieved from /home/airflow/.local/lib/python3.7/site-packages/airflow/example_dags/example_branch_operator.py
[2022-08-26 15:59:33,263] {logging_mixin.py:115} INFO - [2022-08-26 15:59:33,263] {dag.py:2420} INFO - Sync 1 DAGs
[2022-08-26 15:59:33,296] {logging_mixin.py:115} INFO - [2022-08-26 15:59:33,296] {dag.py:2972} INFO - Setting next_dagrun for example_branch_operator to 2022-08-25T00:00:00+00:00, run_after=2022-08-26T00:00:00+00:00
[2022-08-26 15:59:33,310] {processor.py:161} INFO - Processing /home/airflow/.local/lib/python3.7/site-packages/airflow/example_dags/example_branch_operator.py took 0.252 seconds
[2022-08-26 16:00:03,998] {processor.py:153} INFO - Started process (PID=1379) to work on /home/airflow/.local/lib/python3.7/site-packages/airflow/example_dags/example_branch_operator.py
[2022-08-26 16:00:03,999] {processor.py:641} INFO - Processing file /home/airflow/.local/lib/python3.7/site-packages/airflow/example_dags/example_branch_operator.py for tasks to queue
[2022-08-26 16:00:04,000] {logging_mixin.py:115} INFO - [2022-08-26 16:00:04,000] {dagbag.py:508} INFO - Filling up the DagBag from /home/airflow/.local/lib/python3.7/site-packages/airflow/example_dags/example_branch_operator.py
[2022-08-26 16:00:04,016] {processor.py:651} INFO - DAG(s) dict_keys(['example_branch_operator']) retrieved from /home/airflow/.local/lib/python3.7/site-packages/airflow/example_dags/example_branch_operator.py
[2022-08-26 16:00:04,186] {logging_mixin.py:115} INFO - [2022-08-26 16:00:04,186] {dag.py:2420} INFO - Sync 1 DAGs
[2022-08-26 16:00:04,228] {logging_mixin.py:115} INFO - [2022-08-26 16:00:04,227] {dag.py:2972} INFO - Setting next_dagrun for example_branch_operator to 2022-08-25T00:00:00+00:00, run_after=2022-08-26T00:00:00+00:00
[2022-08-26 16:00:04,246] {processor.py:161} INFO - Processing /home/airflow/.local/lib/python3.7/site-packages/airflow/example_dags/example_branch_operator.py took 0.250 seconds
[2022-08-26 16:00:34,997] {processor.py:153} INFO - Started process (PID=1431) to work on /home/airflow/.local/lib/python3.7/site-packages/airflow/example_dags/example_branch_operator.py
[2022-08-26 16:00:34,997] {processor.py:641} INFO - Processing file /home/airflow/.local/lib/python3.7/site-packages/airflow/example_dags/example_branch_operator.py for tasks to queue
[2022-08-26 16:00:34,998] {logging_mixin.py:115} INFO - [2022-08-26 16:00:34,998] {dagbag.py:508} INFO - Filling up the DagBag from /home/airflow/.local/lib/python3.7/site-packages/airflow/example_dags/example_branch_operator.py
[2022-08-26 16:00:35,016] {processor.py:651} INFO - DAG(s) dict_keys(['example_branch_operator']) retrieved from /home/airflow/.local/lib/python3.7/site-packages/airflow/example_dags/example_branch_operator.py
[2022-08-26 16:00:35,198] {logging_mixin.py:115} INFO - [2022-08-26 16:00:35,198] {dag.py:2420} INFO - Sync 1 DAGs
[2022-08-26 16:00:35,230] {logging_mixin.py:115} INFO - [2022-08-26 16:00:35,230] {dag.py:2972} INFO - Setting next_dagrun for example_branch_operator to 2022-08-25T00:00:00+00:00, run_after=2022-08-26T00:00:00+00:00
[2022-08-26 16:00:35,249] {processor.py:161} INFO - Processing /home/airflow/.local/lib/python3.7/site-packages/airflow/example_dags/example_branch_operator.py took 0.256 seconds
[2022-08-26 16:01:06,099] {processor.py:153} INFO - Started process (PID=1493) to work on /home/airflow/.local/lib/python3.7/site-packages/airflow/example_dags/example_branch_operator.py
[2022-08-26 16:01:06,099] {processor.py:641} INFO - Processing file /home/airflow/.local/lib/python3.7/site-packages/airflow/example_dags/example_branch_operator.py for tasks to queue
[2022-08-26 16:01:06,100] {logging_mixin.py:115} INFO - [2022-08-26 16:01:06,100] {dagbag.py:508} INFO - Filling up the DagBag from /home/airflow/.local/lib/python3.7/site-packages/airflow/example_dags/example_branch_operator.py
[2022-08-26 16:01:06,119] {processor.py:651} INFO - DAG(s) dict_keys(['example_branch_operator']) retrieved from /home/airflow/.local/lib/python3.7/site-packages/airflow/example_dags/example_branch_operator.py
[2022-08-26 16:01:06,282] {logging_mixin.py:115} INFO - [2022-08-26 16:01:06,282] {dag.py:2420} INFO - Sync 1 DAGs
[2022-08-26 16:01:06,315] {logging_mixin.py:115} INFO - [2022-08-26 16:01:06,315] {dag.py:2972} INFO - Setting next_dagrun for example_branch_operator to 2022-08-25T00:00:00+00:00, run_after=2022-08-26T00:00:00+00:00
[2022-08-26 16:01:06,330] {processor.py:161} INFO - Processing /home/airflow/.local/lib/python3.7/site-packages/airflow/example_dags/example_branch_operator.py took 0.235 seconds
[2022-08-26 16:01:37,159] {processor.py:153} INFO - Started process (PID=1547) to work on /home/airflow/.local/lib/python3.7/site-packages/airflow/example_dags/example_branch_operator.py
[2022-08-26 16:01:37,160] {processor.py:641} INFO - Processing file /home/airflow/.local/lib/python3.7/site-packages/airflow/example_dags/example_branch_operator.py for tasks to queue
[2022-08-26 16:01:37,161] {logging_mixin.py:115} INFO - [2022-08-26 16:01:37,160] {dagbag.py:508} INFO - Filling up the DagBag from /home/airflow/.local/lib/python3.7/site-packages/airflow/example_dags/example_branch_operator.py
[2022-08-26 16:01:37,181] {processor.py:651} INFO - DAG(s) dict_keys(['example_branch_operator']) retrieved from /home/airflow/.local/lib/python3.7/site-packages/airflow/example_dags/example_branch_operator.py
[2022-08-26 16:01:37,362] {logging_mixin.py:115} INFO - [2022-08-26 16:01:37,362] {dag.py:2420} INFO - Sync 1 DAGs
[2022-08-26 16:01:37,400] {logging_mixin.py:115} INFO - [2022-08-26 16:01:37,400] {dag.py:2972} INFO - Setting next_dagrun for example_branch_operator to 2022-08-25T00:00:00+00:00, run_after=2022-08-26T00:00:00+00:00
[2022-08-26 16:01:37,419] {processor.py:161} INFO - Processing /home/airflow/.local/lib/python3.7/site-packages/airflow/example_dags/example_branch_operator.py took 0.266 seconds
[2022-08-26 16:02:07,533] {processor.py:153} INFO - Started process (PID=1609) to work on /home/airflow/.local/lib/python3.7/site-packages/airflow/example_dags/example_branch_operator.py
[2022-08-26 16:02:07,534] {processor.py:641} INFO - Processing file /home/airflow/.local/lib/python3.7/site-packages/airflow/example_dags/example_branch_operator.py for tasks to queue
[2022-08-26 16:02:07,535] {logging_mixin.py:115} INFO - [2022-08-26 16:02:07,535] {dagbag.py:508} INFO - Filling up the DagBag from /home/airflow/.local/lib/python3.7/site-packages/airflow/example_dags/example_branch_operator.py
[2022-08-26 16:02:07,553] {processor.py:651} INFO - DAG(s) dict_keys(['example_branch_operator']) retrieved from /home/airflow/.local/lib/python3.7/site-packages/airflow/example_dags/example_branch_operator.py
[2022-08-26 16:02:07,727] {logging_mixin.py:115} INFO - [2022-08-26 16:02:07,727] {dag.py:2420} INFO - Sync 1 DAGs
[2022-08-26 16:02:07,765] {logging_mixin.py:115} INFO - [2022-08-26 16:02:07,765] {dag.py:2972} INFO - Setting next_dagrun for example_branch_operator to 2022-08-25T00:00:00+00:00, run_after=2022-08-26T00:00:00+00:00
[2022-08-26 16:02:07,785] {processor.py:161} INFO - Processing /home/airflow/.local/lib/python3.7/site-packages/airflow/example_dags/example_branch_operator.py took 0.255 seconds
[2022-08-26 16:02:38,036] {processor.py:153} INFO - Started process (PID=1661) to work on /home/airflow/.local/lib/python3.7/site-packages/airflow/example_dags/example_branch_operator.py
[2022-08-26 16:02:38,037] {processor.py:641} INFO - Processing file /home/airflow/.local/lib/python3.7/site-packages/airflow/example_dags/example_branch_operator.py for tasks to queue
[2022-08-26 16:02:38,038] {logging_mixin.py:115} INFO - [2022-08-26 16:02:38,038] {dagbag.py:508} INFO - Filling up the DagBag from /home/airflow/.local/lib/python3.7/site-packages/airflow/example_dags/example_branch_operator.py
[2022-08-26 16:02:38,061] {processor.py:651} INFO - DAG(s) dict_keys(['example_branch_operator']) retrieved from /home/airflow/.local/lib/python3.7/site-packages/airflow/example_dags/example_branch_operator.py
[2022-08-26 16:02:38,265] {logging_mixin.py:115} INFO - [2022-08-26 16:02:38,265] {dag.py:2420} INFO - Sync 1 DAGs
[2022-08-26 16:02:38,308] {logging_mixin.py:115} INFO - [2022-08-26 16:02:38,308] {dag.py:2972} INFO - Setting next_dagrun for example_branch_operator to 2022-08-25T00:00:00+00:00, run_after=2022-08-26T00:00:00+00:00
[2022-08-26 16:02:38,327] {processor.py:161} INFO - Processing /home/airflow/.local/lib/python3.7/site-packages/airflow/example_dags/example_branch_operator.py took 0.295 seconds
[2022-08-26 16:03:09,112] {processor.py:153} INFO - Started process (PID=1723) to work on /home/airflow/.local/lib/python3.7/site-packages/airflow/example_dags/example_branch_operator.py
[2022-08-26 16:03:09,113] {processor.py:641} INFO - Processing file /home/airflow/.local/lib/python3.7/site-packages/airflow/example_dags/example_branch_operator.py for tasks to queue
[2022-08-26 16:03:09,113] {logging_mixin.py:115} INFO - [2022-08-26 16:03:09,113] {dagbag.py:508} INFO - Filling up the DagBag from /home/airflow/.local/lib/python3.7/site-packages/airflow/example_dags/example_branch_operator.py
[2022-08-26 16:03:09,141] {processor.py:651} INFO - DAG(s) dict_keys(['example_branch_operator']) retrieved from /home/airflow/.local/lib/python3.7/site-packages/airflow/example_dags/example_branch_operator.py
[2022-08-26 16:03:09,336] {logging_mixin.py:115} INFO - [2022-08-26 16:03:09,336] {dag.py:2420} INFO - Sync 1 DAGs
[2022-08-26 16:03:09,372] {logging_mixin.py:115} INFO - [2022-08-26 16:03:09,372] {dag.py:2972} INFO - Setting next_dagrun for example_branch_operator to 2022-08-25T00:00:00+00:00, run_after=2022-08-26T00:00:00+00:00
[2022-08-26 16:03:09,391] {processor.py:161} INFO - Processing /home/airflow/.local/lib/python3.7/site-packages/airflow/example_dags/example_branch_operator.py took 0.283 seconds
[2022-08-26 16:03:39,907] {processor.py:153} INFO - Started process (PID=1785) to work on /home/airflow/.local/lib/python3.7/site-packages/airflow/example_dags/example_branch_operator.py
[2022-08-26 16:03:39,908] {processor.py:641} INFO - Processing file /home/airflow/.local/lib/python3.7/site-packages/airflow/example_dags/example_branch_operator.py for tasks to queue
[2022-08-26 16:03:39,909] {logging_mixin.py:115} INFO - [2022-08-26 16:03:39,909] {dagbag.py:508} INFO - Filling up the DagBag from /home/airflow/.local/lib/python3.7/site-packages/airflow/example_dags/example_branch_operator.py
[2022-08-26 16:03:39,938] {processor.py:651} INFO - DAG(s) dict_keys(['example_branch_operator']) retrieved from /home/airflow/.local/lib/python3.7/site-packages/airflow/example_dags/example_branch_operator.py
[2022-08-26 16:03:40,096] {logging_mixin.py:115} INFO - [2022-08-26 16:03:40,096] {dag.py:2420} INFO - Sync 1 DAGs
[2022-08-26 16:03:40,122] {logging_mixin.py:115} INFO - [2022-08-26 16:03:40,122] {dag.py:2972} INFO - Setting next_dagrun for example_branch_operator to 2022-08-25T00:00:00+00:00, run_after=2022-08-26T00:00:00+00:00
[2022-08-26 16:03:40,137] {processor.py:161} INFO - Processing /home/airflow/.local/lib/python3.7/site-packages/airflow/example_dags/example_branch_operator.py took 0.235 seconds
[2022-08-26 16:04:10,380] {processor.py:153} INFO - Started process (PID=1838) to work on /home/airflow/.local/lib/python3.7/site-packages/airflow/example_dags/example_branch_operator.py
[2022-08-26 16:04:10,381] {processor.py:641} INFO - Processing file /home/airflow/.local/lib/python3.7/site-packages/airflow/example_dags/example_branch_operator.py for tasks to queue
[2022-08-26 16:04:10,382] {logging_mixin.py:115} INFO - [2022-08-26 16:04:10,381] {dagbag.py:508} INFO - Filling up the DagBag from /home/airflow/.local/lib/python3.7/site-packages/airflow/example_dags/example_branch_operator.py
[2022-08-26 16:04:10,400] {processor.py:651} INFO - DAG(s) dict_keys(['example_branch_operator']) retrieved from /home/airflow/.local/lib/python3.7/site-packages/airflow/example_dags/example_branch_operator.py
[2022-08-26 16:04:10,550] {logging_mixin.py:115} INFO - [2022-08-26 16:04:10,550] {dag.py:2420} INFO - Sync 1 DAGs
[2022-08-26 16:04:10,576] {logging_mixin.py:115} INFO - [2022-08-26 16:04:10,576] {dag.py:2972} INFO - Setting next_dagrun for example_branch_operator to 2022-08-25T00:00:00+00:00, run_after=2022-08-26T00:00:00+00:00
[2022-08-26 16:04:10,590] {processor.py:161} INFO - Processing /home/airflow/.local/lib/python3.7/site-packages/airflow/example_dags/example_branch_operator.py took 0.215 seconds
[2022-08-26 16:04:40,768] {processor.py:153} INFO - Started process (PID=1900) to work on /home/airflow/.local/lib/python3.7/site-packages/airflow/example_dags/example_branch_operator.py
[2022-08-26 16:04:40,769] {processor.py:641} INFO - Processing file /home/airflow/.local/lib/python3.7/site-packages/airflow/example_dags/example_branch_operator.py for tasks to queue
[2022-08-26 16:04:40,770] {logging_mixin.py:115} INFO - [2022-08-26 16:04:40,770] {dagbag.py:508} INFO - Filling up the DagBag from /home/airflow/.local/lib/python3.7/site-packages/airflow/example_dags/example_branch_operator.py
[2022-08-26 16:04:40,797] {processor.py:651} INFO - DAG(s) dict_keys(['example_branch_operator']) retrieved from /home/airflow/.local/lib/python3.7/site-packages/airflow/example_dags/example_branch_operator.py
[2022-08-26 16:04:40,935] {logging_mixin.py:115} INFO - [2022-08-26 16:04:40,934] {dag.py:2420} INFO - Sync 1 DAGs
[2022-08-26 16:04:40,960] {logging_mixin.py:115} INFO - [2022-08-26 16:04:40,959] {dag.py:2972} INFO - Setting next_dagrun for example_branch_operator to 2022-08-25T00:00:00+00:00, run_after=2022-08-26T00:00:00+00:00
[2022-08-26 16:04:40,975] {processor.py:161} INFO - Processing /home/airflow/.local/lib/python3.7/site-packages/airflow/example_dags/example_branch_operator.py took 0.211 seconds
[2022-08-26 16:05:11,195] {processor.py:153} INFO - Started process (PID=1953) to work on /home/airflow/.local/lib/python3.7/site-packages/airflow/example_dags/example_branch_operator.py
[2022-08-26 16:05:11,196] {processor.py:641} INFO - Processing file /home/airflow/.local/lib/python3.7/site-packages/airflow/example_dags/example_branch_operator.py for tasks to queue
[2022-08-26 16:05:11,197] {logging_mixin.py:115} INFO - [2022-08-26 16:05:11,197] {dagbag.py:508} INFO - Filling up the DagBag from /home/airflow/.local/lib/python3.7/site-packages/airflow/example_dags/example_branch_operator.py
[2022-08-26 16:05:11,215] {processor.py:651} INFO - DAG(s) dict_keys(['example_branch_operator']) retrieved from /home/airflow/.local/lib/python3.7/site-packages/airflow/example_dags/example_branch_operator.py
[2022-08-26 16:05:11,373] {logging_mixin.py:115} INFO - [2022-08-26 16:05:11,373] {dag.py:2420} INFO - Sync 1 DAGs
[2022-08-26 16:05:11,402] {logging_mixin.py:115} INFO - [2022-08-26 16:05:11,402] {dag.py:2972} INFO - Setting next_dagrun for example_branch_operator to 2022-08-25T00:00:00+00:00, run_after=2022-08-26T00:00:00+00:00
[2022-08-26 16:05:11,418] {processor.py:161} INFO - Processing /home/airflow/.local/lib/python3.7/site-packages/airflow/example_dags/example_branch_operator.py took 0.225 seconds
[2022-08-26 16:05:41,810] {processor.py:153} INFO - Started process (PID=2016) to work on /home/airflow/.local/lib/python3.7/site-packages/airflow/example_dags/example_branch_operator.py
[2022-08-26 16:05:41,811] {processor.py:641} INFO - Processing file /home/airflow/.local/lib/python3.7/site-packages/airflow/example_dags/example_branch_operator.py for tasks to queue
[2022-08-26 16:05:41,812] {logging_mixin.py:115} INFO - [2022-08-26 16:05:41,812] {dagbag.py:508} INFO - Filling up the DagBag from /home/airflow/.local/lib/python3.7/site-packages/airflow/example_dags/example_branch_operator.py
[2022-08-26 16:05:41,843] {processor.py:651} INFO - DAG(s) dict_keys(['example_branch_operator']) retrieved from /home/airflow/.local/lib/python3.7/site-packages/airflow/example_dags/example_branch_operator.py
[2022-08-26 16:05:41,991] {logging_mixin.py:115} INFO - [2022-08-26 16:05:41,991] {dag.py:2420} INFO - Sync 1 DAGs
[2022-08-26 16:05:42,023] {logging_mixin.py:115} INFO - [2022-08-26 16:05:42,023] {dag.py:2972} INFO - Setting next_dagrun for example_branch_operator to 2022-08-25T00:00:00+00:00, run_after=2022-08-26T00:00:00+00:00
[2022-08-26 16:05:42,040] {processor.py:161} INFO - Processing /home/airflow/.local/lib/python3.7/site-packages/airflow/example_dags/example_branch_operator.py took 0.237 seconds
[2022-08-26 16:06:12,309] {processor.py:153} INFO - Started process (PID=2078) to work on /home/airflow/.local/lib/python3.7/site-packages/airflow/example_dags/example_branch_operator.py
[2022-08-26 16:06:12,311] {processor.py:641} INFO - Processing file /home/airflow/.local/lib/python3.7/site-packages/airflow/example_dags/example_branch_operator.py for tasks to queue
[2022-08-26 16:06:12,312] {logging_mixin.py:115} INFO - [2022-08-26 16:06:12,311] {dagbag.py:508} INFO - Filling up the DagBag from /home/airflow/.local/lib/python3.7/site-packages/airflow/example_dags/example_branch_operator.py
[2022-08-26 16:06:12,334] {processor.py:651} INFO - DAG(s) dict_keys(['example_branch_operator']) retrieved from /home/airflow/.local/lib/python3.7/site-packages/airflow/example_dags/example_branch_operator.py
[2022-08-26 16:06:12,565] {logging_mixin.py:115} INFO - [2022-08-26 16:06:12,565] {dag.py:2420} INFO - Sync 1 DAGs
[2022-08-26 16:06:12,605] {logging_mixin.py:115} INFO - [2022-08-26 16:06:12,604] {dag.py:2972} INFO - Setting next_dagrun for example_branch_operator to 2022-08-25T00:00:00+00:00, run_after=2022-08-26T00:00:00+00:00
[2022-08-26 16:06:12,627] {processor.py:161} INFO - Processing /home/airflow/.local/lib/python3.7/site-packages/airflow/example_dags/example_branch_operator.py took 0.322 seconds
[2022-08-26 16:06:43,173] {processor.py:153} INFO - Started process (PID=2131) to work on /home/airflow/.local/lib/python3.7/site-packages/airflow/example_dags/example_branch_operator.py
[2022-08-26 16:06:43,174] {processor.py:641} INFO - Processing file /home/airflow/.local/lib/python3.7/site-packages/airflow/example_dags/example_branch_operator.py for tasks to queue
[2022-08-26 16:06:43,174] {logging_mixin.py:115} INFO - [2022-08-26 16:06:43,174] {dagbag.py:508} INFO - Filling up the DagBag from /home/airflow/.local/lib/python3.7/site-packages/airflow/example_dags/example_branch_operator.py
[2022-08-26 16:06:43,194] {processor.py:651} INFO - DAG(s) dict_keys(['example_branch_operator']) retrieved from /home/airflow/.local/lib/python3.7/site-packages/airflow/example_dags/example_branch_operator.py
[2022-08-26 16:06:43,386] {logging_mixin.py:115} INFO - [2022-08-26 16:06:43,386] {dag.py:2420} INFO - Sync 1 DAGs
[2022-08-26 16:06:43,423] {logging_mixin.py:115} INFO - [2022-08-26 16:06:43,423] {dag.py:2972} INFO - Setting next_dagrun for example_branch_operator to 2022-08-25T00:00:00+00:00, run_after=2022-08-26T00:00:00+00:00
[2022-08-26 16:06:43,440] {processor.py:161} INFO - Processing /home/airflow/.local/lib/python3.7/site-packages/airflow/example_dags/example_branch_operator.py took 0.271 seconds
[2022-08-26 16:07:13,755] {processor.py:153} INFO - Started process (PID=2193) to work on /home/airflow/.local/lib/python3.7/site-packages/airflow/example_dags/example_branch_operator.py
[2022-08-26 16:07:13,756] {processor.py:641} INFO - Processing file /home/airflow/.local/lib/python3.7/site-packages/airflow/example_dags/example_branch_operator.py for tasks to queue
[2022-08-26 16:07:13,756] {logging_mixin.py:115} INFO - [2022-08-26 16:07:13,756] {dagbag.py:508} INFO - Filling up the DagBag from /home/airflow/.local/lib/python3.7/site-packages/airflow/example_dags/example_branch_operator.py
[2022-08-26 16:07:13,774] {processor.py:651} INFO - DAG(s) dict_keys(['example_branch_operator']) retrieved from /home/airflow/.local/lib/python3.7/site-packages/airflow/example_dags/example_branch_operator.py
[2022-08-26 16:07:13,944] {logging_mixin.py:115} INFO - [2022-08-26 16:07:13,944] {dag.py:2420} INFO - Sync 1 DAGs
[2022-08-26 16:07:13,982] {logging_mixin.py:115} INFO - [2022-08-26 16:07:13,982] {dag.py:2972} INFO - Setting next_dagrun for example_branch_operator to 2022-08-25T00:00:00+00:00, run_after=2022-08-26T00:00:00+00:00
[2022-08-26 16:07:14,000] {processor.py:161} INFO - Processing /home/airflow/.local/lib/python3.7/site-packages/airflow/example_dags/example_branch_operator.py took 0.248 seconds
[2022-08-26 16:07:44,485] {processor.py:153} INFO - Started process (PID=2246) to work on /home/airflow/.local/lib/python3.7/site-packages/airflow/example_dags/example_branch_operator.py
[2022-08-26 16:07:44,485] {processor.py:641} INFO - Processing file /home/airflow/.local/lib/python3.7/site-packages/airflow/example_dags/example_branch_operator.py for tasks to queue
[2022-08-26 16:07:44,486] {logging_mixin.py:115} INFO - [2022-08-26 16:07:44,486] {dagbag.py:508} INFO - Filling up the DagBag from /home/airflow/.local/lib/python3.7/site-packages/airflow/example_dags/example_branch_operator.py
[2022-08-26 16:07:44,500] {processor.py:651} INFO - DAG(s) dict_keys(['example_branch_operator']) retrieved from /home/airflow/.local/lib/python3.7/site-packages/airflow/example_dags/example_branch_operator.py
[2022-08-26 16:07:44,648] {logging_mixin.py:115} INFO - [2022-08-26 16:07:44,648] {dag.py:2420} INFO - Sync 1 DAGs
[2022-08-26 16:07:44,674] {logging_mixin.py:115} INFO - [2022-08-26 16:07:44,673] {dag.py:2972} INFO - Setting next_dagrun for example_branch_operator to 2022-08-25T00:00:00+00:00, run_after=2022-08-26T00:00:00+00:00
[2022-08-26 16:07:44,689] {processor.py:161} INFO - Processing /home/airflow/.local/lib/python3.7/site-packages/airflow/example_dags/example_branch_operator.py took 0.207 seconds
[2022-08-26 16:08:15,309] {processor.py:153} INFO - Started process (PID=2308) to work on /home/airflow/.local/lib/python3.7/site-packages/airflow/example_dags/example_branch_operator.py
[2022-08-26 16:08:15,309] {processor.py:641} INFO - Processing file /home/airflow/.local/lib/python3.7/site-packages/airflow/example_dags/example_branch_operator.py for tasks to queue
[2022-08-26 16:08:15,310] {logging_mixin.py:115} INFO - [2022-08-26 16:08:15,309] {dagbag.py:508} INFO - Filling up the DagBag from /home/airflow/.local/lib/python3.7/site-packages/airflow/example_dags/example_branch_operator.py
[2022-08-26 16:08:15,325] {processor.py:651} INFO - DAG(s) dict_keys(['example_branch_operator']) retrieved from /home/airflow/.local/lib/python3.7/site-packages/airflow/example_dags/example_branch_operator.py
[2022-08-26 16:08:15,478] {logging_mixin.py:115} INFO - [2022-08-26 16:08:15,478] {dag.py:2420} INFO - Sync 1 DAGs
[2022-08-26 16:08:15,505] {logging_mixin.py:115} INFO - [2022-08-26 16:08:15,504] {dag.py:2972} INFO - Setting next_dagrun for example_branch_operator to 2022-08-25T00:00:00+00:00, run_after=2022-08-26T00:00:00+00:00
[2022-08-26 16:08:15,517] {processor.py:161} INFO - Processing /home/airflow/.local/lib/python3.7/site-packages/airflow/example_dags/example_branch_operator.py took 0.212 seconds
[2022-08-26 16:08:46,226] {processor.py:153} INFO - Started process (PID=2369) to work on /home/airflow/.local/lib/python3.7/site-packages/airflow/example_dags/example_branch_operator.py
[2022-08-26 16:08:46,228] {processor.py:641} INFO - Processing file /home/airflow/.local/lib/python3.7/site-packages/airflow/example_dags/example_branch_operator.py for tasks to queue
[2022-08-26 16:08:46,229] {logging_mixin.py:115} INFO - [2022-08-26 16:08:46,229] {dagbag.py:508} INFO - Filling up the DagBag from /home/airflow/.local/lib/python3.7/site-packages/airflow/example_dags/example_branch_operator.py
[2022-08-26 16:08:46,418] {processor.py:651} INFO - DAG(s) dict_keys(['example_branch_operator']) retrieved from /home/airflow/.local/lib/python3.7/site-packages/airflow/example_dags/example_branch_operator.py
[2022-08-26 16:08:46,451] {logging_mixin.py:115} INFO - [2022-08-26 16:08:46,451] {dag.py:2420} INFO - Sync 1 DAGs
[2022-08-26 16:08:46,503] {logging_mixin.py:115} INFO - [2022-08-26 16:08:46,502] {dag.py:2972} INFO - Setting next_dagrun for example_branch_operator to 2022-08-25T00:00:00+00:00, run_after=2022-08-26T00:00:00+00:00
[2022-08-26 16:08:46,532] {processor.py:161} INFO - Processing /home/airflow/.local/lib/python3.7/site-packages/airflow/example_dags/example_branch_operator.py took 0.311 seconds
[2022-08-26 16:09:16,755] {processor.py:153} INFO - Started process (PID=2422) to work on /home/airflow/.local/lib/python3.7/site-packages/airflow/example_dags/example_branch_operator.py
[2022-08-26 16:09:16,756] {processor.py:641} INFO - Processing file /home/airflow/.local/lib/python3.7/site-packages/airflow/example_dags/example_branch_operator.py for tasks to queue
[2022-08-26 16:09:16,756] {logging_mixin.py:115} INFO - [2022-08-26 16:09:16,756] {dagbag.py:508} INFO - Filling up the DagBag from /home/airflow/.local/lib/python3.7/site-packages/airflow/example_dags/example_branch_operator.py
[2022-08-26 16:09:16,911] {processor.py:651} INFO - DAG(s) dict_keys(['example_branch_operator']) retrieved from /home/airflow/.local/lib/python3.7/site-packages/airflow/example_dags/example_branch_operator.py
[2022-08-26 16:09:16,937] {logging_mixin.py:115} INFO - [2022-08-26 16:09:16,937] {dag.py:2420} INFO - Sync 1 DAGs
[2022-08-26 16:09:16,963] {logging_mixin.py:115} INFO - [2022-08-26 16:09:16,963] {dag.py:2972} INFO - Setting next_dagrun for example_branch_operator to 2022-08-25T00:00:00+00:00, run_after=2022-08-26T00:00:00+00:00
[2022-08-26 16:09:16,977] {processor.py:161} INFO - Processing /home/airflow/.local/lib/python3.7/site-packages/airflow/example_dags/example_branch_operator.py took 0.226 seconds
[2022-08-26 16:09:47,516] {processor.py:153} INFO - Started process (PID=2484) to work on /home/airflow/.local/lib/python3.7/site-packages/airflow/example_dags/example_branch_operator.py
[2022-08-26 16:09:47,516] {processor.py:641} INFO - Processing file /home/airflow/.local/lib/python3.7/site-packages/airflow/example_dags/example_branch_operator.py for tasks to queue
[2022-08-26 16:09:47,517] {logging_mixin.py:115} INFO - [2022-08-26 16:09:47,517] {dagbag.py:508} INFO - Filling up the DagBag from /home/airflow/.local/lib/python3.7/site-packages/airflow/example_dags/example_branch_operator.py
[2022-08-26 16:09:47,649] {processor.py:651} INFO - DAG(s) dict_keys(['example_branch_operator']) retrieved from /home/airflow/.local/lib/python3.7/site-packages/airflow/example_dags/example_branch_operator.py
[2022-08-26 16:09:47,674] {logging_mixin.py:115} INFO - [2022-08-26 16:09:47,674] {dag.py:2420} INFO - Sync 1 DAGs
[2022-08-26 16:09:47,700] {logging_mixin.py:115} INFO - [2022-08-26 16:09:47,699] {dag.py:2972} INFO - Setting next_dagrun for example_branch_operator to 2022-08-25T00:00:00+00:00, run_after=2022-08-26T00:00:00+00:00
[2022-08-26 16:09:47,712] {processor.py:161} INFO - Processing /home/airflow/.local/lib/python3.7/site-packages/airflow/example_dags/example_branch_operator.py took 0.200 seconds
[2022-08-26 16:10:17,906] {processor.py:153} INFO - Started process (PID=2537) to work on /home/airflow/.local/lib/python3.7/site-packages/airflow/example_dags/example_branch_operator.py
[2022-08-26 16:10:17,906] {processor.py:641} INFO - Processing file /home/airflow/.local/lib/python3.7/site-packages/airflow/example_dags/example_branch_operator.py for tasks to queue
[2022-08-26 16:10:17,907] {logging_mixin.py:115} INFO - [2022-08-26 16:10:17,907] {dagbag.py:508} INFO - Filling up the DagBag from /home/airflow/.local/lib/python3.7/site-packages/airflow/example_dags/example_branch_operator.py
[2022-08-26 16:10:18,029] {processor.py:651} INFO - DAG(s) dict_keys(['example_branch_operator']) retrieved from /home/airflow/.local/lib/python3.7/site-packages/airflow/example_dags/example_branch_operator.py
[2022-08-26 16:10:18,051] {logging_mixin.py:115} INFO - [2022-08-26 16:10:18,051] {dag.py:2420} INFO - Sync 1 DAGs
[2022-08-26 16:10:18,081] {logging_mixin.py:115} INFO - [2022-08-26 16:10:18,081] {dag.py:2972} INFO - Setting next_dagrun for example_branch_operator to 2022-08-25T00:00:00+00:00, run_after=2022-08-26T00:00:00+00:00
[2022-08-26 16:10:18,095] {processor.py:161} INFO - Processing /home/airflow/.local/lib/python3.7/site-packages/airflow/example_dags/example_branch_operator.py took 0.193 seconds
[2022-08-26 16:10:48,565] {processor.py:153} INFO - Started process (PID=2599) to work on /home/airflow/.local/lib/python3.7/site-packages/airflow/example_dags/example_branch_operator.py
[2022-08-26 16:10:48,566] {processor.py:641} INFO - Processing file /home/airflow/.local/lib/python3.7/site-packages/airflow/example_dags/example_branch_operator.py for tasks to queue
[2022-08-26 16:10:48,567] {logging_mixin.py:115} INFO - [2022-08-26 16:10:48,567] {dagbag.py:508} INFO - Filling up the DagBag from /home/airflow/.local/lib/python3.7/site-packages/airflow/example_dags/example_branch_operator.py
[2022-08-26 16:10:48,700] {processor.py:651} INFO - DAG(s) dict_keys(['example_branch_operator']) retrieved from /home/airflow/.local/lib/python3.7/site-packages/airflow/example_dags/example_branch_operator.py
[2022-08-26 16:10:48,726] {logging_mixin.py:115} INFO - [2022-08-26 16:10:48,726] {dag.py:2420} INFO - Sync 1 DAGs
[2022-08-26 16:10:48,752] {logging_mixin.py:115} INFO - [2022-08-26 16:10:48,752] {dag.py:2972} INFO - Setting next_dagrun for example_branch_operator to 2022-08-25T00:00:00+00:00, run_after=2022-08-26T00:00:00+00:00
[2022-08-26 16:10:48,765] {processor.py:161} INFO - Processing /home/airflow/.local/lib/python3.7/site-packages/airflow/example_dags/example_branch_operator.py took 0.203 seconds
[2022-08-26 16:11:18,926] {processor.py:153} INFO - Started process (PID=2662) to work on /home/airflow/.local/lib/python3.7/site-packages/airflow/example_dags/example_branch_operator.py
[2022-08-26 16:11:18,926] {processor.py:641} INFO - Processing file /home/airflow/.local/lib/python3.7/site-packages/airflow/example_dags/example_branch_operator.py for tasks to queue
[2022-08-26 16:11:18,927] {logging_mixin.py:115} INFO - [2022-08-26 16:11:18,927] {dagbag.py:508} INFO - Filling up the DagBag from /home/airflow/.local/lib/python3.7/site-packages/airflow/example_dags/example_branch_operator.py
[2022-08-26 16:11:19,055] {processor.py:651} INFO - DAG(s) dict_keys(['example_branch_operator']) retrieved from /home/airflow/.local/lib/python3.7/site-packages/airflow/example_dags/example_branch_operator.py
[2022-08-26 16:11:19,080] {logging_mixin.py:115} INFO - [2022-08-26 16:11:19,080] {dag.py:2420} INFO - Sync 1 DAGs
[2022-08-26 16:11:19,108] {logging_mixin.py:115} INFO - [2022-08-26 16:11:19,108] {dag.py:2972} INFO - Setting next_dagrun for example_branch_operator to 2022-08-25T00:00:00+00:00, run_after=2022-08-26T00:00:00+00:00
[2022-08-26 16:11:19,123] {processor.py:161} INFO - Processing /home/airflow/.local/lib/python3.7/site-packages/airflow/example_dags/example_branch_operator.py took 0.200 seconds
[2022-08-26 16:11:49,480] {processor.py:153} INFO - Started process (PID=2715) to work on /home/airflow/.local/lib/python3.7/site-packages/airflow/example_dags/example_branch_operator.py
[2022-08-26 16:11:49,481] {processor.py:641} INFO - Processing file /home/airflow/.local/lib/python3.7/site-packages/airflow/example_dags/example_branch_operator.py for tasks to queue
[2022-08-26 16:11:49,481] {logging_mixin.py:115} INFO - [2022-08-26 16:11:49,481] {dagbag.py:508} INFO - Filling up the DagBag from /home/airflow/.local/lib/python3.7/site-packages/airflow/example_dags/example_branch_operator.py
[2022-08-26 16:11:49,617] {processor.py:651} INFO - DAG(s) dict_keys(['example_branch_operator']) retrieved from /home/airflow/.local/lib/python3.7/site-packages/airflow/example_dags/example_branch_operator.py
[2022-08-26 16:11:49,645] {logging_mixin.py:115} INFO - [2022-08-26 16:11:49,645] {dag.py:2420} INFO - Sync 1 DAGs
[2022-08-26 16:11:49,676] {logging_mixin.py:115} INFO - [2022-08-26 16:11:49,676] {dag.py:2972} INFO - Setting next_dagrun for example_branch_operator to 2022-08-25T00:00:00+00:00, run_after=2022-08-26T00:00:00+00:00
[2022-08-26 16:11:49,693] {processor.py:161} INFO - Processing /home/airflow/.local/lib/python3.7/site-packages/airflow/example_dags/example_branch_operator.py took 0.216 seconds
[2022-08-26 16:12:19,935] {processor.py:153} INFO - Started process (PID=2777) to work on /home/airflow/.local/lib/python3.7/site-packages/airflow/example_dags/example_branch_operator.py
[2022-08-26 16:12:19,936] {processor.py:641} INFO - Processing file /home/airflow/.local/lib/python3.7/site-packages/airflow/example_dags/example_branch_operator.py for tasks to queue
[2022-08-26 16:12:19,937] {logging_mixin.py:115} INFO - [2022-08-26 16:12:19,937] {dagbag.py:508} INFO - Filling up the DagBag from /home/airflow/.local/lib/python3.7/site-packages/airflow/example_dags/example_branch_operator.py
[2022-08-26 16:12:20,072] {processor.py:651} INFO - DAG(s) dict_keys(['example_branch_operator']) retrieved from /home/airflow/.local/lib/python3.7/site-packages/airflow/example_dags/example_branch_operator.py
[2022-08-26 16:12:20,093] {logging_mixin.py:115} INFO - [2022-08-26 16:12:20,093] {dag.py:2420} INFO - Sync 1 DAGs
[2022-08-26 16:12:20,118] {logging_mixin.py:115} INFO - [2022-08-26 16:12:20,118] {dag.py:2972} INFO - Setting next_dagrun for example_branch_operator to 2022-08-25T00:00:00+00:00, run_after=2022-08-26T00:00:00+00:00
[2022-08-26 16:12:20,131] {processor.py:161} INFO - Processing /home/airflow/.local/lib/python3.7/site-packages/airflow/example_dags/example_branch_operator.py took 0.201 seconds
[2022-08-26 16:12:50,168] {processor.py:153} INFO - Started process (PID=2830) to work on /home/airflow/.local/lib/python3.7/site-packages/airflow/example_dags/example_branch_operator.py
[2022-08-26 16:12:50,169] {processor.py:641} INFO - Processing file /home/airflow/.local/lib/python3.7/site-packages/airflow/example_dags/example_branch_operator.py for tasks to queue
[2022-08-26 16:12:50,169] {logging_mixin.py:115} INFO - [2022-08-26 16:12:50,169] {dagbag.py:508} INFO - Filling up the DagBag from /home/airflow/.local/lib/python3.7/site-packages/airflow/example_dags/example_branch_operator.py
[2022-08-26 16:12:50,325] {processor.py:651} INFO - DAG(s) dict_keys(['example_branch_operator']) retrieved from /home/airflow/.local/lib/python3.7/site-packages/airflow/example_dags/example_branch_operator.py
[2022-08-26 16:12:50,351] {logging_mixin.py:115} INFO - [2022-08-26 16:12:50,351] {dag.py:2420} INFO - Sync 1 DAGs
[2022-08-26 16:12:50,379] {logging_mixin.py:115} INFO - [2022-08-26 16:12:50,379] {dag.py:2972} INFO - Setting next_dagrun for example_branch_operator to 2022-08-25T00:00:00+00:00, run_after=2022-08-26T00:00:00+00:00
[2022-08-26 16:12:50,392] {processor.py:161} INFO - Processing /home/airflow/.local/lib/python3.7/site-packages/airflow/example_dags/example_branch_operator.py took 0.229 seconds
[2022-08-26 16:13:20,453] {processor.py:153} INFO - Started process (PID=2892) to work on /home/airflow/.local/lib/python3.7/site-packages/airflow/example_dags/example_branch_operator.py
[2022-08-26 16:13:20,453] {processor.py:641} INFO - Processing file /home/airflow/.local/lib/python3.7/site-packages/airflow/example_dags/example_branch_operator.py for tasks to queue
[2022-08-26 16:13:20,454] {logging_mixin.py:115} INFO - [2022-08-26 16:13:20,454] {dagbag.py:508} INFO - Filling up the DagBag from /home/airflow/.local/lib/python3.7/site-packages/airflow/example_dags/example_branch_operator.py
[2022-08-26 16:13:20,581] {processor.py:651} INFO - DAG(s) dict_keys(['example_branch_operator']) retrieved from /home/airflow/.local/lib/python3.7/site-packages/airflow/example_dags/example_branch_operator.py
[2022-08-26 16:13:20,606] {logging_mixin.py:115} INFO - [2022-08-26 16:13:20,606] {dag.py:2420} INFO - Sync 1 DAGs
[2022-08-26 16:13:20,636] {logging_mixin.py:115} INFO - [2022-08-26 16:13:20,636] {dag.py:2972} INFO - Setting next_dagrun for example_branch_operator to 2022-08-25T00:00:00+00:00, run_after=2022-08-26T00:00:00+00:00
[2022-08-26 16:13:20,652] {processor.py:161} INFO - Processing /home/airflow/.local/lib/python3.7/site-packages/airflow/example_dags/example_branch_operator.py took 0.202 seconds
[2022-08-26 16:13:51,261] {processor.py:153} INFO - Started process (PID=2954) to work on /home/airflow/.local/lib/python3.7/site-packages/airflow/example_dags/example_branch_operator.py
[2022-08-26 16:13:51,261] {processor.py:641} INFO - Processing file /home/airflow/.local/lib/python3.7/site-packages/airflow/example_dags/example_branch_operator.py for tasks to queue
[2022-08-26 16:13:51,262] {logging_mixin.py:115} INFO - [2022-08-26 16:13:51,262] {dagbag.py:508} INFO - Filling up the DagBag from /home/airflow/.local/lib/python3.7/site-packages/airflow/example_dags/example_branch_operator.py
[2022-08-26 16:13:51,418] {processor.py:651} INFO - DAG(s) dict_keys(['example_branch_operator']) retrieved from /home/airflow/.local/lib/python3.7/site-packages/airflow/example_dags/example_branch_operator.py
[2022-08-26 16:13:51,449] {logging_mixin.py:115} INFO - [2022-08-26 16:13:51,448] {dag.py:2420} INFO - Sync 1 DAGs
[2022-08-26 16:13:51,480] {logging_mixin.py:115} INFO - [2022-08-26 16:13:51,480] {dag.py:2972} INFO - Setting next_dagrun for example_branch_operator to 2022-08-25T00:00:00+00:00, run_after=2022-08-26T00:00:00+00:00
[2022-08-26 16:13:51,500] {processor.py:161} INFO - Processing /home/airflow/.local/lib/python3.7/site-packages/airflow/example_dags/example_branch_operator.py took 0.243 seconds
[2022-08-26 16:14:21,628] {processor.py:153} INFO - Started process (PID=3006) to work on /home/airflow/.local/lib/python3.7/site-packages/airflow/example_dags/example_branch_operator.py
[2022-08-26 16:14:21,630] {processor.py:641} INFO - Processing file /home/airflow/.local/lib/python3.7/site-packages/airflow/example_dags/example_branch_operator.py for tasks to queue
[2022-08-26 16:14:21,631] {logging_mixin.py:115} INFO - [2022-08-26 16:14:21,631] {dagbag.py:508} INFO - Filling up the DagBag from /home/airflow/.local/lib/python3.7/site-packages/airflow/example_dags/example_branch_operator.py
[2022-08-26 16:14:21,782] {processor.py:651} INFO - DAG(s) dict_keys(['example_branch_operator']) retrieved from /home/airflow/.local/lib/python3.7/site-packages/airflow/example_dags/example_branch_operator.py
[2022-08-26 16:14:21,811] {logging_mixin.py:115} INFO - [2022-08-26 16:14:21,811] {dag.py:2420} INFO - Sync 1 DAGs
[2022-08-26 16:14:21,844] {logging_mixin.py:115} INFO - [2022-08-26 16:14:21,844] {dag.py:2972} INFO - Setting next_dagrun for example_branch_operator to 2022-08-25T00:00:00+00:00, run_after=2022-08-26T00:00:00+00:00
[2022-08-26 16:14:21,863] {processor.py:161} INFO - Processing /home/airflow/.local/lib/python3.7/site-packages/airflow/example_dags/example_branch_operator.py took 0.238 seconds
[2022-08-26 16:14:52,254] {processor.py:153} INFO - Started process (PID=3068) to work on /home/airflow/.local/lib/python3.7/site-packages/airflow/example_dags/example_branch_operator.py
[2022-08-26 16:14:52,255] {processor.py:641} INFO - Processing file /home/airflow/.local/lib/python3.7/site-packages/airflow/example_dags/example_branch_operator.py for tasks to queue
[2022-08-26 16:14:52,255] {logging_mixin.py:115} INFO - [2022-08-26 16:14:52,255] {dagbag.py:508} INFO - Filling up the DagBag from /home/airflow/.local/lib/python3.7/site-packages/airflow/example_dags/example_branch_operator.py
[2022-08-26 16:14:52,376] {processor.py:651} INFO - DAG(s) dict_keys(['example_branch_operator']) retrieved from /home/airflow/.local/lib/python3.7/site-packages/airflow/example_dags/example_branch_operator.py
[2022-08-26 16:14:52,400] {logging_mixin.py:115} INFO - [2022-08-26 16:14:52,400] {dag.py:2420} INFO - Sync 1 DAGs
[2022-08-26 16:14:52,429] {logging_mixin.py:115} INFO - [2022-08-26 16:14:52,429] {dag.py:2972} INFO - Setting next_dagrun for example_branch_operator to 2022-08-25T00:00:00+00:00, run_after=2022-08-26T00:00:00+00:00
[2022-08-26 16:14:52,443] {processor.py:161} INFO - Processing /home/airflow/.local/lib/python3.7/site-packages/airflow/example_dags/example_branch_operator.py took 0.192 seconds
[2022-08-26 16:15:22,642] {processor.py:153} INFO - Started process (PID=3121) to work on /home/airflow/.local/lib/python3.7/site-packages/airflow/example_dags/example_branch_operator.py
[2022-08-26 16:15:22,642] {processor.py:641} INFO - Processing file /home/airflow/.local/lib/python3.7/site-packages/airflow/example_dags/example_branch_operator.py for tasks to queue
[2022-08-26 16:15:22,643] {logging_mixin.py:115} INFO - [2022-08-26 16:15:22,643] {dagbag.py:508} INFO - Filling up the DagBag from /home/airflow/.local/lib/python3.7/site-packages/airflow/example_dags/example_branch_operator.py
[2022-08-26 16:15:22,785] {processor.py:651} INFO - DAG(s) dict_keys(['example_branch_operator']) retrieved from /home/airflow/.local/lib/python3.7/site-packages/airflow/example_dags/example_branch_operator.py
[2022-08-26 16:15:22,811] {logging_mixin.py:115} INFO - [2022-08-26 16:15:22,811] {dag.py:2420} INFO - Sync 1 DAGs
[2022-08-26 16:15:22,844] {logging_mixin.py:115} INFO - [2022-08-26 16:15:22,844] {dag.py:2972} INFO - Setting next_dagrun for example_branch_operator to 2022-08-25T00:00:00+00:00, run_after=2022-08-26T00:00:00+00:00
[2022-08-26 16:15:22,859] {processor.py:161} INFO - Processing /home/airflow/.local/lib/python3.7/site-packages/airflow/example_dags/example_branch_operator.py took 0.221 seconds
[2022-08-26 16:15:53,127] {processor.py:153} INFO - Started process (PID=3183) to work on /home/airflow/.local/lib/python3.7/site-packages/airflow/example_dags/example_branch_operator.py
[2022-08-26 16:15:53,127] {processor.py:641} INFO - Processing file /home/airflow/.local/lib/python3.7/site-packages/airflow/example_dags/example_branch_operator.py for tasks to queue
[2022-08-26 16:15:53,128] {logging_mixin.py:115} INFO - [2022-08-26 16:15:53,128] {dagbag.py:508} INFO - Filling up the DagBag from /home/airflow/.local/lib/python3.7/site-packages/airflow/example_dags/example_branch_operator.py
[2022-08-26 16:15:53,274] {processor.py:651} INFO - DAG(s) dict_keys(['example_branch_operator']) retrieved from /home/airflow/.local/lib/python3.7/site-packages/airflow/example_dags/example_branch_operator.py
[2022-08-26 16:15:53,297] {logging_mixin.py:115} INFO - [2022-08-26 16:15:53,297] {dag.py:2420} INFO - Sync 1 DAGs
[2022-08-26 16:15:53,323] {logging_mixin.py:115} INFO - [2022-08-26 16:15:53,323] {dag.py:2972} INFO - Setting next_dagrun for example_branch_operator to 2022-08-25T00:00:00+00:00, run_after=2022-08-26T00:00:00+00:00
[2022-08-26 16:15:53,337] {processor.py:161} INFO - Processing /home/airflow/.local/lib/python3.7/site-packages/airflow/example_dags/example_branch_operator.py took 0.217 seconds
[2022-08-26 17:28:16,428] {processor.py:153} INFO - Started process (PID=3258) to work on /home/airflow/.local/lib/python3.7/site-packages/airflow/example_dags/example_branch_operator.py
[2022-08-26 17:28:16,432] {processor.py:641} INFO - Processing file /home/airflow/.local/lib/python3.7/site-packages/airflow/example_dags/example_branch_operator.py for tasks to queue
[2022-08-26 17:28:16,434] {logging_mixin.py:115} INFO - [2022-08-26 17:28:16,433] {dagbag.py:508} INFO - Filling up the DagBag from /home/airflow/.local/lib/python3.7/site-packages/airflow/example_dags/example_branch_operator.py
[2022-08-26 17:28:16,469] {processor.py:651} INFO - DAG(s) dict_keys(['example_branch_operator']) retrieved from /home/airflow/.local/lib/python3.7/site-packages/airflow/example_dags/example_branch_operator.py
[2022-08-26 17:28:16,540] {logging_mixin.py:115} INFO - [2022-08-26 17:28:16,539] {dag.py:2420} INFO - Sync 1 DAGs
[2022-08-26 17:28:16,613] {logging_mixin.py:115} INFO - [2022-08-26 17:28:16,613] {dag.py:2972} INFO - Setting next_dagrun for example_branch_operator to 2022-08-25T00:00:00+00:00, run_after=2022-08-26T00:00:00+00:00
[2022-08-26 17:28:16,647] {processor.py:161} INFO - Processing /home/airflow/.local/lib/python3.7/site-packages/airflow/example_dags/example_branch_operator.py took 0.236 seconds
[2022-08-26 17:28:46,837] {processor.py:153} INFO - Started process (PID=3310) to work on /home/airflow/.local/lib/python3.7/site-packages/airflow/example_dags/example_branch_operator.py
[2022-08-26 17:28:46,838] {processor.py:641} INFO - Processing file /home/airflow/.local/lib/python3.7/site-packages/airflow/example_dags/example_branch_operator.py for tasks to queue
[2022-08-26 17:28:46,840] {logging_mixin.py:115} INFO - [2022-08-26 17:28:46,840] {dagbag.py:508} INFO - Filling up the DagBag from /home/airflow/.local/lib/python3.7/site-packages/airflow/example_dags/example_branch_operator.py
[2022-08-26 17:28:46,861] {processor.py:651} INFO - DAG(s) dict_keys(['example_branch_operator']) retrieved from /home/airflow/.local/lib/python3.7/site-packages/airflow/example_dags/example_branch_operator.py
[2022-08-26 17:28:46,911] {logging_mixin.py:115} INFO - [2022-08-26 17:28:46,910] {dag.py:2420} INFO - Sync 1 DAGs
[2022-08-26 17:28:46,967] {logging_mixin.py:115} INFO - [2022-08-26 17:28:46,967] {dag.py:2972} INFO - Setting next_dagrun for example_branch_operator to 2022-08-25T00:00:00+00:00, run_after=2022-08-26T00:00:00+00:00
[2022-08-26 17:28:46,993] {processor.py:161} INFO - Processing /home/airflow/.local/lib/python3.7/site-packages/airflow/example_dags/example_branch_operator.py took 0.161 seconds
[2022-08-26 17:29:18,394] {processor.py:153} INFO - Started process (PID=3372) to work on /home/airflow/.local/lib/python3.7/site-packages/airflow/example_dags/example_branch_operator.py
[2022-08-26 17:29:18,396] {processor.py:641} INFO - Processing file /home/airflow/.local/lib/python3.7/site-packages/airflow/example_dags/example_branch_operator.py for tasks to queue
[2022-08-26 17:29:18,397] {logging_mixin.py:115} INFO - [2022-08-26 17:29:18,397] {dagbag.py:508} INFO - Filling up the DagBag from /home/airflow/.local/lib/python3.7/site-packages/airflow/example_dags/example_branch_operator.py
[2022-08-26 17:29:18,428] {processor.py:651} INFO - DAG(s) dict_keys(['example_branch_operator']) retrieved from /home/airflow/.local/lib/python3.7/site-packages/airflow/example_dags/example_branch_operator.py
[2022-08-26 17:29:18,494] {logging_mixin.py:115} INFO - [2022-08-26 17:29:18,493] {dag.py:2420} INFO - Sync 1 DAGs
[2022-08-26 17:29:18,567] {logging_mixin.py:115} INFO - [2022-08-26 17:29:18,567] {dag.py:2972} INFO - Setting next_dagrun for example_branch_operator to 2022-08-25T00:00:00+00:00, run_after=2022-08-26T00:00:00+00:00
[2022-08-26 17:29:18,607] {processor.py:161} INFO - Processing /home/airflow/.local/lib/python3.7/site-packages/airflow/example_dags/example_branch_operator.py took 0.222 seconds
[2022-08-26 17:29:49,446] {processor.py:153} INFO - Started process (PID=3425) to work on /home/airflow/.local/lib/python3.7/site-packages/airflow/example_dags/example_branch_operator.py
[2022-08-26 17:29:49,447] {processor.py:641} INFO - Processing file /home/airflow/.local/lib/python3.7/site-packages/airflow/example_dags/example_branch_operator.py for tasks to queue
[2022-08-26 17:29:49,449] {logging_mixin.py:115} INFO - [2022-08-26 17:29:49,449] {dagbag.py:508} INFO - Filling up the DagBag from /home/airflow/.local/lib/python3.7/site-packages/airflow/example_dags/example_branch_operator.py
[2022-08-26 17:29:49,481] {processor.py:651} INFO - DAG(s) dict_keys(['example_branch_operator']) retrieved from /home/airflow/.local/lib/python3.7/site-packages/airflow/example_dags/example_branch_operator.py
[2022-08-26 17:29:49,524] {logging_mixin.py:115} INFO - [2022-08-26 17:29:49,524] {dag.py:2420} INFO - Sync 1 DAGs
[2022-08-26 17:29:49,566] {logging_mixin.py:115} INFO - [2022-08-26 17:29:49,566] {dag.py:2972} INFO - Setting next_dagrun for example_branch_operator to 2022-08-25T00:00:00+00:00, run_after=2022-08-26T00:00:00+00:00
[2022-08-26 17:29:49,589] {processor.py:161} INFO - Processing /home/airflow/.local/lib/python3.7/site-packages/airflow/example_dags/example_branch_operator.py took 0.152 seconds
[2022-08-26 17:30:20,079] {processor.py:153} INFO - Started process (PID=3479) to work on /home/airflow/.local/lib/python3.7/site-packages/airflow/example_dags/example_branch_operator.py
[2022-08-26 17:30:20,080] {processor.py:641} INFO - Processing file /home/airflow/.local/lib/python3.7/site-packages/airflow/example_dags/example_branch_operator.py for tasks to queue
[2022-08-26 17:30:20,080] {logging_mixin.py:115} INFO - [2022-08-26 17:30:20,080] {dagbag.py:508} INFO - Filling up the DagBag from /home/airflow/.local/lib/python3.7/site-packages/airflow/example_dags/example_branch_operator.py
[2022-08-26 17:30:20,103] {processor.py:651} INFO - DAG(s) dict_keys(['example_branch_operator']) retrieved from /home/airflow/.local/lib/python3.7/site-packages/airflow/example_dags/example_branch_operator.py
[2022-08-26 17:30:20,160] {logging_mixin.py:115} INFO - [2022-08-26 17:30:20,159] {dag.py:2420} INFO - Sync 1 DAGs
[2022-08-26 17:30:20,215] {logging_mixin.py:115} INFO - [2022-08-26 17:30:20,215] {dag.py:2972} INFO - Setting next_dagrun for example_branch_operator to 2022-08-25T00:00:00+00:00, run_after=2022-08-26T00:00:00+00:00
[2022-08-26 17:30:20,243] {processor.py:161} INFO - Processing /home/airflow/.local/lib/python3.7/site-packages/airflow/example_dags/example_branch_operator.py took 0.170 seconds
[2022-08-26 17:30:51,113] {processor.py:153} INFO - Started process (PID=3541) to work on /home/airflow/.local/lib/python3.7/site-packages/airflow/example_dags/example_branch_operator.py
[2022-08-26 17:30:51,115] {processor.py:641} INFO - Processing file /home/airflow/.local/lib/python3.7/site-packages/airflow/example_dags/example_branch_operator.py for tasks to queue
[2022-08-26 17:30:51,117] {logging_mixin.py:115} INFO - [2022-08-26 17:30:51,117] {dagbag.py:508} INFO - Filling up the DagBag from /home/airflow/.local/lib/python3.7/site-packages/airflow/example_dags/example_branch_operator.py
[2022-08-26 17:30:51,157] {processor.py:651} INFO - DAG(s) dict_keys(['example_branch_operator']) retrieved from /home/airflow/.local/lib/python3.7/site-packages/airflow/example_dags/example_branch_operator.py
[2022-08-26 17:30:51,243] {logging_mixin.py:115} INFO - [2022-08-26 17:30:51,242] {dag.py:2420} INFO - Sync 1 DAGs
[2022-08-26 17:30:51,320] {logging_mixin.py:115} INFO - [2022-08-26 17:30:51,319] {dag.py:2972} INFO - Setting next_dagrun for example_branch_operator to 2022-08-25T00:00:00+00:00, run_after=2022-08-26T00:00:00+00:00
[2022-08-26 17:30:51,366] {processor.py:161} INFO - Processing /home/airflow/.local/lib/python3.7/site-packages/airflow/example_dags/example_branch_operator.py took 0.266 seconds
[2022-08-26 17:31:21,440] {processor.py:153} INFO - Started process (PID=3594) to work on /home/airflow/.local/lib/python3.7/site-packages/airflow/example_dags/example_branch_operator.py
[2022-08-26 17:31:21,441] {processor.py:641} INFO - Processing file /home/airflow/.local/lib/python3.7/site-packages/airflow/example_dags/example_branch_operator.py for tasks to queue
[2022-08-26 17:31:21,442] {logging_mixin.py:115} INFO - [2022-08-26 17:31:21,442] {dagbag.py:508} INFO - Filling up the DagBag from /home/airflow/.local/lib/python3.7/site-packages/airflow/example_dags/example_branch_operator.py
[2022-08-26 17:31:21,472] {processor.py:651} INFO - DAG(s) dict_keys(['example_branch_operator']) retrieved from /home/airflow/.local/lib/python3.7/site-packages/airflow/example_dags/example_branch_operator.py
[2022-08-26 17:31:21,535] {logging_mixin.py:115} INFO - [2022-08-26 17:31:21,535] {dag.py:2420} INFO - Sync 1 DAGs
[2022-08-26 17:31:21,596] {logging_mixin.py:115} INFO - [2022-08-26 17:31:21,596] {dag.py:2972} INFO - Setting next_dagrun for example_branch_operator to 2022-08-25T00:00:00+00:00, run_after=2022-08-26T00:00:00+00:00
[2022-08-26 17:31:21,626] {processor.py:161} INFO - Processing /home/airflow/.local/lib/python3.7/site-packages/airflow/example_dags/example_branch_operator.py took 0.193 seconds
[2022-08-26 17:31:51,719] {processor.py:153} INFO - Started process (PID=3647) to work on /home/airflow/.local/lib/python3.7/site-packages/airflow/example_dags/example_branch_operator.py
[2022-08-26 17:31:51,721] {processor.py:641} INFO - Processing file /home/airflow/.local/lib/python3.7/site-packages/airflow/example_dags/example_branch_operator.py for tasks to queue
[2022-08-26 17:31:51,723] {logging_mixin.py:115} INFO - [2022-08-26 17:31:51,722] {dagbag.py:508} INFO - Filling up the DagBag from /home/airflow/.local/lib/python3.7/site-packages/airflow/example_dags/example_branch_operator.py
[2022-08-26 17:31:51,761] {processor.py:651} INFO - DAG(s) dict_keys(['example_branch_operator']) retrieved from /home/airflow/.local/lib/python3.7/site-packages/airflow/example_dags/example_branch_operator.py
[2022-08-26 17:31:51,836] {logging_mixin.py:115} INFO - [2022-08-26 17:31:51,835] {dag.py:2420} INFO - Sync 1 DAGs
[2022-08-26 17:31:51,895] {logging_mixin.py:115} INFO - [2022-08-26 17:31:51,895] {dag.py:2972} INFO - Setting next_dagrun for example_branch_operator to 2022-08-25T00:00:00+00:00, run_after=2022-08-26T00:00:00+00:00
[2022-08-26 17:31:51,915] {processor.py:161} INFO - Processing /home/airflow/.local/lib/python3.7/site-packages/airflow/example_dags/example_branch_operator.py took 0.205 seconds
