[2022-10-09 14:15:46,448] {processor.py:153} INFO - Started process (PID=2543) to work on /home/airflow/.local/lib/python3.7/site-packages/airflow/example_dags/example_branch_operator.py
[2022-10-09 14:15:46,448] {processor.py:641} INFO - Processing file /home/airflow/.local/lib/python3.7/site-packages/airflow/example_dags/example_branch_operator.py for tasks to queue
[2022-10-09 14:15:46,449] {logging_mixin.py:115} INFO - [2022-10-09 14:15:46,449] {dagbag.py:508} INFO - Filling up the DagBag from /home/airflow/.local/lib/python3.7/site-packages/airflow/example_dags/example_branch_operator.py
[2022-10-09 14:15:46,648] {processor.py:651} INFO - DAG(s) dict_keys(['example_branch_operator']) retrieved from /home/airflow/.local/lib/python3.7/site-packages/airflow/example_dags/example_branch_operator.py
[2022-10-09 14:15:46,687] {logging_mixin.py:115} INFO - [2022-10-09 14:15:46,686] {dag.py:2420} INFO - Sync 1 DAGs
[2022-10-09 14:15:46,738] {logging_mixin.py:115} INFO - [2022-10-09 14:15:46,737] {dag.py:2972} INFO - Setting next_dagrun for example_branch_operator to 2022-10-08T00:00:00+00:00, run_after=2022-10-09T00:00:00+00:00
[2022-10-09 14:15:46,762] {processor.py:161} INFO - Processing /home/airflow/.local/lib/python3.7/site-packages/airflow/example_dags/example_branch_operator.py took 0.318 seconds
[2022-10-09 14:16:17,738] {processor.py:153} INFO - Started process (PID=2595) to work on /home/airflow/.local/lib/python3.7/site-packages/airflow/example_dags/example_branch_operator.py
[2022-10-09 14:16:17,739] {processor.py:641} INFO - Processing file /home/airflow/.local/lib/python3.7/site-packages/airflow/example_dags/example_branch_operator.py for tasks to queue
[2022-10-09 14:16:17,740] {logging_mixin.py:115} INFO - [2022-10-09 14:16:17,740] {dagbag.py:508} INFO - Filling up the DagBag from /home/airflow/.local/lib/python3.7/site-packages/airflow/example_dags/example_branch_operator.py
[2022-10-09 14:16:17,935] {processor.py:651} INFO - DAG(s) dict_keys(['example_branch_operator']) retrieved from /home/airflow/.local/lib/python3.7/site-packages/airflow/example_dags/example_branch_operator.py
[2022-10-09 14:16:18,006] {logging_mixin.py:115} INFO - [2022-10-09 14:16:18,006] {dag.py:2420} INFO - Sync 1 DAGs
[2022-10-09 14:16:18,071] {logging_mixin.py:115} INFO - [2022-10-09 14:16:18,071] {dag.py:2972} INFO - Setting next_dagrun for example_branch_operator to 2022-10-08T00:00:00+00:00, run_after=2022-10-09T00:00:00+00:00
[2022-10-09 14:16:18,099] {processor.py:161} INFO - Processing /home/airflow/.local/lib/python3.7/site-packages/airflow/example_dags/example_branch_operator.py took 0.364 seconds
[2022-10-09 14:16:49,128] {processor.py:153} INFO - Started process (PID=2647) to work on /home/airflow/.local/lib/python3.7/site-packages/airflow/example_dags/example_branch_operator.py
[2022-10-09 14:16:49,129] {processor.py:641} INFO - Processing file /home/airflow/.local/lib/python3.7/site-packages/airflow/example_dags/example_branch_operator.py for tasks to queue
[2022-10-09 14:16:49,131] {logging_mixin.py:115} INFO - [2022-10-09 14:16:49,130] {dagbag.py:508} INFO - Filling up the DagBag from /home/airflow/.local/lib/python3.7/site-packages/airflow/example_dags/example_branch_operator.py
[2022-10-09 14:16:49,524] {processor.py:651} INFO - DAG(s) dict_keys(['example_branch_operator']) retrieved from /home/airflow/.local/lib/python3.7/site-packages/airflow/example_dags/example_branch_operator.py
[2022-10-09 14:16:49,583] {logging_mixin.py:115} INFO - [2022-10-09 14:16:49,583] {dag.py:2420} INFO - Sync 1 DAGs
[2022-10-09 14:16:49,641] {logging_mixin.py:115} INFO - [2022-10-09 14:16:49,641] {dag.py:2972} INFO - Setting next_dagrun for example_branch_operator to 2022-10-08T00:00:00+00:00, run_after=2022-10-09T00:00:00+00:00
[2022-10-09 14:16:49,678] {processor.py:161} INFO - Processing /home/airflow/.local/lib/python3.7/site-packages/airflow/example_dags/example_branch_operator.py took 0.557 seconds
[2022-10-09 14:17:20,320] {processor.py:153} INFO - Started process (PID=2710) to work on /home/airflow/.local/lib/python3.7/site-packages/airflow/example_dags/example_branch_operator.py
[2022-10-09 14:17:20,322] {processor.py:641} INFO - Processing file /home/airflow/.local/lib/python3.7/site-packages/airflow/example_dags/example_branch_operator.py for tasks to queue
[2022-10-09 14:17:20,323] {logging_mixin.py:115} INFO - [2022-10-09 14:17:20,323] {dagbag.py:508} INFO - Filling up the DagBag from /home/airflow/.local/lib/python3.7/site-packages/airflow/example_dags/example_branch_operator.py
[2022-10-09 14:17:20,644] {processor.py:651} INFO - DAG(s) dict_keys(['example_branch_operator']) retrieved from /home/airflow/.local/lib/python3.7/site-packages/airflow/example_dags/example_branch_operator.py
[2022-10-09 14:17:20,698] {logging_mixin.py:115} INFO - [2022-10-09 14:17:20,697] {dag.py:2420} INFO - Sync 1 DAGs
[2022-10-09 14:17:20,743] {logging_mixin.py:115} INFO - [2022-10-09 14:17:20,743] {dag.py:2972} INFO - Setting next_dagrun for example_branch_operator to 2022-10-08T00:00:00+00:00, run_after=2022-10-09T00:00:00+00:00
[2022-10-09 14:17:20,771] {processor.py:161} INFO - Processing /home/airflow/.local/lib/python3.7/site-packages/airflow/example_dags/example_branch_operator.py took 0.457 seconds
[2022-10-09 14:17:51,010] {processor.py:153} INFO - Started process (PID=2763) to work on /home/airflow/.local/lib/python3.7/site-packages/airflow/example_dags/example_branch_operator.py
[2022-10-09 14:17:51,010] {processor.py:641} INFO - Processing file /home/airflow/.local/lib/python3.7/site-packages/airflow/example_dags/example_branch_operator.py for tasks to queue
[2022-10-09 14:17:51,011] {logging_mixin.py:115} INFO - [2022-10-09 14:17:51,011] {dagbag.py:508} INFO - Filling up the DagBag from /home/airflow/.local/lib/python3.7/site-packages/airflow/example_dags/example_branch_operator.py
[2022-10-09 14:17:51,170] {processor.py:651} INFO - DAG(s) dict_keys(['example_branch_operator']) retrieved from /home/airflow/.local/lib/python3.7/site-packages/airflow/example_dags/example_branch_operator.py
[2022-10-09 14:17:51,200] {logging_mixin.py:115} INFO - [2022-10-09 14:17:51,199] {dag.py:2420} INFO - Sync 1 DAGs
[2022-10-09 14:17:51,236] {logging_mixin.py:115} INFO - [2022-10-09 14:17:51,236] {dag.py:2972} INFO - Setting next_dagrun for example_branch_operator to 2022-10-08T00:00:00+00:00, run_after=2022-10-09T00:00:00+00:00
[2022-10-09 14:17:51,255] {processor.py:161} INFO - Processing /home/airflow/.local/lib/python3.7/site-packages/airflow/example_dags/example_branch_operator.py took 0.249 seconds
[2022-10-09 14:18:22,506] {processor.py:153} INFO - Started process (PID=2815) to work on /home/airflow/.local/lib/python3.7/site-packages/airflow/example_dags/example_branch_operator.py
[2022-10-09 14:18:22,507] {processor.py:641} INFO - Processing file /home/airflow/.local/lib/python3.7/site-packages/airflow/example_dags/example_branch_operator.py for tasks to queue
[2022-10-09 14:18:22,508] {logging_mixin.py:115} INFO - [2022-10-09 14:18:22,508] {dagbag.py:508} INFO - Filling up the DagBag from /home/airflow/.local/lib/python3.7/site-packages/airflow/example_dags/example_branch_operator.py
[2022-10-09 14:18:22,794] {processor.py:651} INFO - DAG(s) dict_keys(['example_branch_operator']) retrieved from /home/airflow/.local/lib/python3.7/site-packages/airflow/example_dags/example_branch_operator.py
[2022-10-09 14:18:22,831] {logging_mixin.py:115} INFO - [2022-10-09 14:18:22,831] {dag.py:2420} INFO - Sync 1 DAGs
[2022-10-09 14:18:22,874] {logging_mixin.py:115} INFO - [2022-10-09 14:18:22,874] {dag.py:2972} INFO - Setting next_dagrun for example_branch_operator to 2022-10-08T00:00:00+00:00, run_after=2022-10-09T00:00:00+00:00
[2022-10-09 14:18:22,898] {processor.py:161} INFO - Processing /home/airflow/.local/lib/python3.7/site-packages/airflow/example_dags/example_branch_operator.py took 0.397 seconds
[2022-10-09 14:18:53,577] {processor.py:153} INFO - Started process (PID=2877) to work on /home/airflow/.local/lib/python3.7/site-packages/airflow/example_dags/example_branch_operator.py
[2022-10-09 14:18:53,578] {processor.py:641} INFO - Processing file /home/airflow/.local/lib/python3.7/site-packages/airflow/example_dags/example_branch_operator.py for tasks to queue
[2022-10-09 14:18:53,579] {logging_mixin.py:115} INFO - [2022-10-09 14:18:53,579] {dagbag.py:508} INFO - Filling up the DagBag from /home/airflow/.local/lib/python3.7/site-packages/airflow/example_dags/example_branch_operator.py
[2022-10-09 14:18:53,768] {processor.py:651} INFO - DAG(s) dict_keys(['example_branch_operator']) retrieved from /home/airflow/.local/lib/python3.7/site-packages/airflow/example_dags/example_branch_operator.py
[2022-10-09 14:18:53,812] {logging_mixin.py:115} INFO - [2022-10-09 14:18:53,812] {dag.py:2420} INFO - Sync 1 DAGs
[2022-10-09 14:18:53,862] {logging_mixin.py:115} INFO - [2022-10-09 14:18:53,862] {dag.py:2972} INFO - Setting next_dagrun for example_branch_operator to 2022-10-08T00:00:00+00:00, run_after=2022-10-09T00:00:00+00:00
[2022-10-09 14:18:53,888] {processor.py:161} INFO - Processing /home/airflow/.local/lib/python3.7/site-packages/airflow/example_dags/example_branch_operator.py took 0.314 seconds
[2022-10-09 14:19:24,593] {processor.py:153} INFO - Started process (PID=2930) to work on /home/airflow/.local/lib/python3.7/site-packages/airflow/example_dags/example_branch_operator.py
[2022-10-09 14:19:24,594] {processor.py:641} INFO - Processing file /home/airflow/.local/lib/python3.7/site-packages/airflow/example_dags/example_branch_operator.py for tasks to queue
[2022-10-09 14:19:24,596] {logging_mixin.py:115} INFO - [2022-10-09 14:19:24,595] {dagbag.py:508} INFO - Filling up the DagBag from /home/airflow/.local/lib/python3.7/site-packages/airflow/example_dags/example_branch_operator.py
[2022-10-09 14:19:25,083] {processor.py:651} INFO - DAG(s) dict_keys(['example_branch_operator']) retrieved from /home/airflow/.local/lib/python3.7/site-packages/airflow/example_dags/example_branch_operator.py
[2022-10-09 14:19:25,151] {logging_mixin.py:115} INFO - [2022-10-09 14:19:25,150] {dag.py:2420} INFO - Sync 1 DAGs
[2022-10-09 14:19:25,243] {logging_mixin.py:115} INFO - [2022-10-09 14:19:25,243] {dag.py:2972} INFO - Setting next_dagrun for example_branch_operator to 2022-10-08T00:00:00+00:00, run_after=2022-10-09T00:00:00+00:00
[2022-10-09 14:19:25,279] {processor.py:161} INFO - Processing /home/airflow/.local/lib/python3.7/site-packages/airflow/example_dags/example_branch_operator.py took 0.693 seconds
[2022-10-09 14:19:55,341] {processor.py:153} INFO - Started process (PID=2983) to work on /home/airflow/.local/lib/python3.7/site-packages/airflow/example_dags/example_branch_operator.py
[2022-10-09 14:19:55,341] {processor.py:641} INFO - Processing file /home/airflow/.local/lib/python3.7/site-packages/airflow/example_dags/example_branch_operator.py for tasks to queue
[2022-10-09 14:19:55,342] {logging_mixin.py:115} INFO - [2022-10-09 14:19:55,342] {dagbag.py:508} INFO - Filling up the DagBag from /home/airflow/.local/lib/python3.7/site-packages/airflow/example_dags/example_branch_operator.py
[2022-10-09 14:19:55,510] {processor.py:651} INFO - DAG(s) dict_keys(['example_branch_operator']) retrieved from /home/airflow/.local/lib/python3.7/site-packages/airflow/example_dags/example_branch_operator.py
[2022-10-09 14:19:55,543] {logging_mixin.py:115} INFO - [2022-10-09 14:19:55,543] {dag.py:2420} INFO - Sync 1 DAGs
[2022-10-09 14:19:55,582] {logging_mixin.py:115} INFO - [2022-10-09 14:19:55,582] {dag.py:2972} INFO - Setting next_dagrun for example_branch_operator to 2022-10-08T00:00:00+00:00, run_after=2022-10-09T00:00:00+00:00
[2022-10-09 14:19:55,604] {processor.py:161} INFO - Processing /home/airflow/.local/lib/python3.7/site-packages/airflow/example_dags/example_branch_operator.py took 0.267 seconds
[2022-10-09 14:20:26,076] {processor.py:153} INFO - Started process (PID=3046) to work on /home/airflow/.local/lib/python3.7/site-packages/airflow/example_dags/example_branch_operator.py
[2022-10-09 14:20:26,078] {processor.py:641} INFO - Processing file /home/airflow/.local/lib/python3.7/site-packages/airflow/example_dags/example_branch_operator.py for tasks to queue
[2022-10-09 14:20:26,079] {logging_mixin.py:115} INFO - [2022-10-09 14:20:26,079] {dagbag.py:508} INFO - Filling up the DagBag from /home/airflow/.local/lib/python3.7/site-packages/airflow/example_dags/example_branch_operator.py
[2022-10-09 14:20:26,270] {processor.py:651} INFO - DAG(s) dict_keys(['example_branch_operator']) retrieved from /home/airflow/.local/lib/python3.7/site-packages/airflow/example_dags/example_branch_operator.py
[2022-10-09 14:20:26,304] {logging_mixin.py:115} INFO - [2022-10-09 14:20:26,303] {dag.py:2420} INFO - Sync 1 DAGs
[2022-10-09 14:20:26,346] {logging_mixin.py:115} INFO - [2022-10-09 14:20:26,346] {dag.py:2972} INFO - Setting next_dagrun for example_branch_operator to 2022-10-08T00:00:00+00:00, run_after=2022-10-09T00:00:00+00:00
[2022-10-09 14:20:26,368] {processor.py:161} INFO - Processing /home/airflow/.local/lib/python3.7/site-packages/airflow/example_dags/example_branch_operator.py took 0.297 seconds
[2022-10-09 14:20:57,033] {processor.py:153} INFO - Started process (PID=3099) to work on /home/airflow/.local/lib/python3.7/site-packages/airflow/example_dags/example_branch_operator.py
[2022-10-09 14:20:57,034] {processor.py:641} INFO - Processing file /home/airflow/.local/lib/python3.7/site-packages/airflow/example_dags/example_branch_operator.py for tasks to queue
[2022-10-09 14:20:57,035] {logging_mixin.py:115} INFO - [2022-10-09 14:20:57,035] {dagbag.py:508} INFO - Filling up the DagBag from /home/airflow/.local/lib/python3.7/site-packages/airflow/example_dags/example_branch_operator.py
[2022-10-09 14:20:57,066] {processor.py:651} INFO - DAG(s) dict_keys(['example_branch_operator']) retrieved from /home/airflow/.local/lib/python3.7/site-packages/airflow/example_dags/example_branch_operator.py
[2022-10-09 14:20:57,129] {logging_mixin.py:115} INFO - [2022-10-09 14:20:57,129] {dag.py:2420} INFO - Sync 1 DAGs
[2022-10-09 14:20:57,180] {logging_mixin.py:115} INFO - [2022-10-09 14:20:57,180] {dag.py:2972} INFO - Setting next_dagrun for example_branch_operator to 2022-10-08T00:00:00+00:00, run_after=2022-10-09T00:00:00+00:00
[2022-10-09 14:20:57,211] {processor.py:161} INFO - Processing /home/airflow/.local/lib/python3.7/site-packages/airflow/example_dags/example_branch_operator.py took 0.184 seconds
[2022-10-09 14:21:27,815] {processor.py:153} INFO - Started process (PID=3152) to work on /home/airflow/.local/lib/python3.7/site-packages/airflow/example_dags/example_branch_operator.py
[2022-10-09 14:21:27,816] {processor.py:641} INFO - Processing file /home/airflow/.local/lib/python3.7/site-packages/airflow/example_dags/example_branch_operator.py for tasks to queue
[2022-10-09 14:21:27,818] {logging_mixin.py:115} INFO - [2022-10-09 14:21:27,817] {dagbag.py:508} INFO - Filling up the DagBag from /home/airflow/.local/lib/python3.7/site-packages/airflow/example_dags/example_branch_operator.py
[2022-10-09 14:21:27,842] {processor.py:651} INFO - DAG(s) dict_keys(['example_branch_operator']) retrieved from /home/airflow/.local/lib/python3.7/site-packages/airflow/example_dags/example_branch_operator.py
[2022-10-09 14:21:27,899] {logging_mixin.py:115} INFO - [2022-10-09 14:21:27,899] {dag.py:2420} INFO - Sync 1 DAGs
[2022-10-09 14:21:27,952] {logging_mixin.py:115} INFO - [2022-10-09 14:21:27,951] {dag.py:2972} INFO - Setting next_dagrun for example_branch_operator to 2022-10-08T00:00:00+00:00, run_after=2022-10-09T00:00:00+00:00
[2022-10-09 14:21:27,979] {processor.py:161} INFO - Processing /home/airflow/.local/lib/python3.7/site-packages/airflow/example_dags/example_branch_operator.py took 0.170 seconds
[2022-10-09 14:21:58,873] {processor.py:153} INFO - Started process (PID=3214) to work on /home/airflow/.local/lib/python3.7/site-packages/airflow/example_dags/example_branch_operator.py
[2022-10-09 14:21:58,875] {processor.py:641} INFO - Processing file /home/airflow/.local/lib/python3.7/site-packages/airflow/example_dags/example_branch_operator.py for tasks to queue
[2022-10-09 14:21:58,875] {logging_mixin.py:115} INFO - [2022-10-09 14:21:58,875] {dagbag.py:508} INFO - Filling up the DagBag from /home/airflow/.local/lib/python3.7/site-packages/airflow/example_dags/example_branch_operator.py
[2022-10-09 14:21:58,898] {processor.py:651} INFO - DAG(s) dict_keys(['example_branch_operator']) retrieved from /home/airflow/.local/lib/python3.7/site-packages/airflow/example_dags/example_branch_operator.py
[2022-10-09 14:21:58,944] {logging_mixin.py:115} INFO - [2022-10-09 14:21:58,944] {dag.py:2420} INFO - Sync 1 DAGs
[2022-10-09 14:21:58,987] {logging_mixin.py:115} INFO - [2022-10-09 14:21:58,986] {dag.py:2972} INFO - Setting next_dagrun for example_branch_operator to 2022-10-08T00:00:00+00:00, run_after=2022-10-09T00:00:00+00:00
[2022-10-09 14:21:59,007] {processor.py:161} INFO - Processing /home/airflow/.local/lib/python3.7/site-packages/airflow/example_dags/example_branch_operator.py took 0.139 seconds
[2022-10-09 14:22:29,644] {processor.py:153} INFO - Started process (PID=3267) to work on /home/airflow/.local/lib/python3.7/site-packages/airflow/example_dags/example_branch_operator.py
[2022-10-09 14:22:29,645] {processor.py:641} INFO - Processing file /home/airflow/.local/lib/python3.7/site-packages/airflow/example_dags/example_branch_operator.py for tasks to queue
[2022-10-09 14:22:29,646] {logging_mixin.py:115} INFO - [2022-10-09 14:22:29,646] {dagbag.py:508} INFO - Filling up the DagBag from /home/airflow/.local/lib/python3.7/site-packages/airflow/example_dags/example_branch_operator.py
[2022-10-09 14:22:29,669] {processor.py:651} INFO - DAG(s) dict_keys(['example_branch_operator']) retrieved from /home/airflow/.local/lib/python3.7/site-packages/airflow/example_dags/example_branch_operator.py
[2022-10-09 14:22:29,723] {logging_mixin.py:115} INFO - [2022-10-09 14:22:29,722] {dag.py:2420} INFO - Sync 1 DAGs
[2022-10-09 14:22:29,773] {logging_mixin.py:115} INFO - [2022-10-09 14:22:29,773] {dag.py:2972} INFO - Setting next_dagrun for example_branch_operator to 2022-10-08T00:00:00+00:00, run_after=2022-10-09T00:00:00+00:00
[2022-10-09 14:22:29,797] {processor.py:161} INFO - Processing /home/airflow/.local/lib/python3.7/site-packages/airflow/example_dags/example_branch_operator.py took 0.157 seconds
[2022-10-09 14:23:00,252] {processor.py:153} INFO - Started process (PID=3328) to work on /home/airflow/.local/lib/python3.7/site-packages/airflow/example_dags/example_branch_operator.py
[2022-10-09 14:23:00,253] {processor.py:641} INFO - Processing file /home/airflow/.local/lib/python3.7/site-packages/airflow/example_dags/example_branch_operator.py for tasks to queue
[2022-10-09 14:23:00,255] {logging_mixin.py:115} INFO - [2022-10-09 14:23:00,254] {dagbag.py:508} INFO - Filling up the DagBag from /home/airflow/.local/lib/python3.7/site-packages/airflow/example_dags/example_branch_operator.py
[2022-10-09 14:23:00,284] {processor.py:651} INFO - DAG(s) dict_keys(['example_branch_operator']) retrieved from /home/airflow/.local/lib/python3.7/site-packages/airflow/example_dags/example_branch_operator.py
[2022-10-09 14:23:00,336] {logging_mixin.py:115} INFO - [2022-10-09 14:23:00,335] {dag.py:2420} INFO - Sync 1 DAGs
[2022-10-09 14:23:00,394] {logging_mixin.py:115} INFO - [2022-10-09 14:23:00,393] {dag.py:2972} INFO - Setting next_dagrun for example_branch_operator to 2022-10-08T00:00:00+00:00, run_after=2022-10-09T00:00:00+00:00
[2022-10-09 14:23:00,423] {processor.py:161} INFO - Processing /home/airflow/.local/lib/python3.7/site-packages/airflow/example_dags/example_branch_operator.py took 0.176 seconds
[2022-10-09 14:23:31,085] {processor.py:153} INFO - Started process (PID=3383) to work on /home/airflow/.local/lib/python3.7/site-packages/airflow/example_dags/example_branch_operator.py
[2022-10-09 14:23:31,085] {processor.py:641} INFO - Processing file /home/airflow/.local/lib/python3.7/site-packages/airflow/example_dags/example_branch_operator.py for tasks to queue
[2022-10-09 14:23:31,086] {logging_mixin.py:115} INFO - [2022-10-09 14:23:31,086] {dagbag.py:508} INFO - Filling up the DagBag from /home/airflow/.local/lib/python3.7/site-packages/airflow/example_dags/example_branch_operator.py
[2022-10-09 14:23:31,109] {processor.py:651} INFO - DAG(s) dict_keys(['example_branch_operator']) retrieved from /home/airflow/.local/lib/python3.7/site-packages/airflow/example_dags/example_branch_operator.py
[2022-10-09 14:23:31,158] {logging_mixin.py:115} INFO - [2022-10-09 14:23:31,158] {dag.py:2420} INFO - Sync 1 DAGs
[2022-10-09 14:23:31,213] {logging_mixin.py:115} INFO - [2022-10-09 14:23:31,213] {dag.py:2972} INFO - Setting next_dagrun for example_branch_operator to 2022-10-08T00:00:00+00:00, run_after=2022-10-09T00:00:00+00:00
[2022-10-09 14:23:31,244] {processor.py:161} INFO - Processing /home/airflow/.local/lib/python3.7/site-packages/airflow/example_dags/example_branch_operator.py took 0.164 seconds
[2022-10-09 14:24:01,948] {processor.py:153} INFO - Started process (PID=3435) to work on /home/airflow/.local/lib/python3.7/site-packages/airflow/example_dags/example_branch_operator.py
[2022-10-09 14:24:01,949] {processor.py:641} INFO - Processing file /home/airflow/.local/lib/python3.7/site-packages/airflow/example_dags/example_branch_operator.py for tasks to queue
[2022-10-09 14:24:01,951] {logging_mixin.py:115} INFO - [2022-10-09 14:24:01,950] {dagbag.py:508} INFO - Filling up the DagBag from /home/airflow/.local/lib/python3.7/site-packages/airflow/example_dags/example_branch_operator.py
[2022-10-09 14:24:01,979] {processor.py:651} INFO - DAG(s) dict_keys(['example_branch_operator']) retrieved from /home/airflow/.local/lib/python3.7/site-packages/airflow/example_dags/example_branch_operator.py
[2022-10-09 14:24:02,046] {logging_mixin.py:115} INFO - [2022-10-09 14:24:02,046] {dag.py:2420} INFO - Sync 1 DAGs
[2022-10-09 14:24:02,113] {logging_mixin.py:115} INFO - [2022-10-09 14:24:02,113] {dag.py:2972} INFO - Setting next_dagrun for example_branch_operator to 2022-10-08T00:00:00+00:00, run_after=2022-10-09T00:00:00+00:00
[2022-10-09 14:24:02,144] {processor.py:161} INFO - Processing /home/airflow/.local/lib/python3.7/site-packages/airflow/example_dags/example_branch_operator.py took 0.202 seconds
[2022-10-09 14:24:32,677] {processor.py:153} INFO - Started process (PID=3497) to work on /home/airflow/.local/lib/python3.7/site-packages/airflow/example_dags/example_branch_operator.py
[2022-10-09 14:24:32,678] {processor.py:641} INFO - Processing file /home/airflow/.local/lib/python3.7/site-packages/airflow/example_dags/example_branch_operator.py for tasks to queue
[2022-10-09 14:24:32,680] {logging_mixin.py:115} INFO - [2022-10-09 14:24:32,679] {dagbag.py:508} INFO - Filling up the DagBag from /home/airflow/.local/lib/python3.7/site-packages/airflow/example_dags/example_branch_operator.py
[2022-10-09 14:24:32,703] {processor.py:651} INFO - DAG(s) dict_keys(['example_branch_operator']) retrieved from /home/airflow/.local/lib/python3.7/site-packages/airflow/example_dags/example_branch_operator.py
[2022-10-09 14:24:32,758] {logging_mixin.py:115} INFO - [2022-10-09 14:24:32,758] {dag.py:2420} INFO - Sync 1 DAGs
[2022-10-09 14:24:32,825] {logging_mixin.py:115} INFO - [2022-10-09 14:24:32,825] {dag.py:2972} INFO - Setting next_dagrun for example_branch_operator to 2022-10-08T00:00:00+00:00, run_after=2022-10-09T00:00:00+00:00
[2022-10-09 14:24:32,854] {processor.py:161} INFO - Processing /home/airflow/.local/lib/python3.7/site-packages/airflow/example_dags/example_branch_operator.py took 0.184 seconds
[2022-10-09 14:25:03,502] {processor.py:153} INFO - Started process (PID=3550) to work on /home/airflow/.local/lib/python3.7/site-packages/airflow/example_dags/example_branch_operator.py
[2022-10-09 14:25:03,503] {processor.py:641} INFO - Processing file /home/airflow/.local/lib/python3.7/site-packages/airflow/example_dags/example_branch_operator.py for tasks to queue
[2022-10-09 14:25:03,505] {logging_mixin.py:115} INFO - [2022-10-09 14:25:03,505] {dagbag.py:508} INFO - Filling up the DagBag from /home/airflow/.local/lib/python3.7/site-packages/airflow/example_dags/example_branch_operator.py
[2022-10-09 14:25:03,540] {processor.py:651} INFO - DAG(s) dict_keys(['example_branch_operator']) retrieved from /home/airflow/.local/lib/python3.7/site-packages/airflow/example_dags/example_branch_operator.py
[2022-10-09 14:25:03,611] {logging_mixin.py:115} INFO - [2022-10-09 14:25:03,611] {dag.py:2420} INFO - Sync 1 DAGs
[2022-10-09 14:25:03,690] {logging_mixin.py:115} INFO - [2022-10-09 14:25:03,689] {dag.py:2972} INFO - Setting next_dagrun for example_branch_operator to 2022-10-08T00:00:00+00:00, run_after=2022-10-09T00:00:00+00:00
[2022-10-09 14:25:03,746] {processor.py:161} INFO - Processing /home/airflow/.local/lib/python3.7/site-packages/airflow/example_dags/example_branch_operator.py took 0.253 seconds
[2022-10-09 14:25:33,983] {processor.py:153} INFO - Started process (PID=3603) to work on /home/airflow/.local/lib/python3.7/site-packages/airflow/example_dags/example_branch_operator.py
[2022-10-09 14:25:33,984] {processor.py:641} INFO - Processing file /home/airflow/.local/lib/python3.7/site-packages/airflow/example_dags/example_branch_operator.py for tasks to queue
[2022-10-09 14:25:33,985] {logging_mixin.py:115} INFO - [2022-10-09 14:25:33,984] {dagbag.py:508} INFO - Filling up the DagBag from /home/airflow/.local/lib/python3.7/site-packages/airflow/example_dags/example_branch_operator.py
[2022-10-09 14:25:34,006] {processor.py:651} INFO - DAG(s) dict_keys(['example_branch_operator']) retrieved from /home/airflow/.local/lib/python3.7/site-packages/airflow/example_dags/example_branch_operator.py
[2022-10-09 14:25:34,055] {logging_mixin.py:115} INFO - [2022-10-09 14:25:34,055] {dag.py:2420} INFO - Sync 1 DAGs
[2022-10-09 14:25:34,112] {logging_mixin.py:115} INFO - [2022-10-09 14:25:34,112] {dag.py:2972} INFO - Setting next_dagrun for example_branch_operator to 2022-10-08T00:00:00+00:00, run_after=2022-10-09T00:00:00+00:00
[2022-10-09 14:25:34,137] {processor.py:161} INFO - Processing /home/airflow/.local/lib/python3.7/site-packages/airflow/example_dags/example_branch_operator.py took 0.160 seconds
[2022-10-09 14:26:04,358] {processor.py:153} INFO - Started process (PID=3666) to work on /home/airflow/.local/lib/python3.7/site-packages/airflow/example_dags/example_branch_operator.py
[2022-10-09 14:26:04,360] {processor.py:641} INFO - Processing file /home/airflow/.local/lib/python3.7/site-packages/airflow/example_dags/example_branch_operator.py for tasks to queue
[2022-10-09 14:26:04,361] {logging_mixin.py:115} INFO - [2022-10-09 14:26:04,360] {dagbag.py:508} INFO - Filling up the DagBag from /home/airflow/.local/lib/python3.7/site-packages/airflow/example_dags/example_branch_operator.py
[2022-10-09 14:26:04,388] {processor.py:651} INFO - DAG(s) dict_keys(['example_branch_operator']) retrieved from /home/airflow/.local/lib/python3.7/site-packages/airflow/example_dags/example_branch_operator.py
[2022-10-09 14:26:04,450] {logging_mixin.py:115} INFO - [2022-10-09 14:26:04,449] {dag.py:2420} INFO - Sync 1 DAGs
[2022-10-09 14:26:04,508] {logging_mixin.py:115} INFO - [2022-10-09 14:26:04,507] {dag.py:2972} INFO - Setting next_dagrun for example_branch_operator to 2022-10-08T00:00:00+00:00, run_after=2022-10-09T00:00:00+00:00
[2022-10-09 14:26:04,532] {processor.py:161} INFO - Processing /home/airflow/.local/lib/python3.7/site-packages/airflow/example_dags/example_branch_operator.py took 0.180 seconds
[2022-10-09 14:26:35,376] {processor.py:153} INFO - Started process (PID=3720) to work on /home/airflow/.local/lib/python3.7/site-packages/airflow/example_dags/example_branch_operator.py
[2022-10-09 14:26:35,377] {processor.py:641} INFO - Processing file /home/airflow/.local/lib/python3.7/site-packages/airflow/example_dags/example_branch_operator.py for tasks to queue
[2022-10-09 14:26:35,378] {logging_mixin.py:115} INFO - [2022-10-09 14:26:35,378] {dagbag.py:508} INFO - Filling up the DagBag from /home/airflow/.local/lib/python3.7/site-packages/airflow/example_dags/example_branch_operator.py
[2022-10-09 14:26:35,396] {processor.py:651} INFO - DAG(s) dict_keys(['example_branch_operator']) retrieved from /home/airflow/.local/lib/python3.7/site-packages/airflow/example_dags/example_branch_operator.py
[2022-10-09 14:26:35,440] {logging_mixin.py:115} INFO - [2022-10-09 14:26:35,440] {dag.py:2420} INFO - Sync 1 DAGs
[2022-10-09 14:26:35,484] {logging_mixin.py:115} INFO - [2022-10-09 14:26:35,484] {dag.py:2972} INFO - Setting next_dagrun for example_branch_operator to 2022-10-08T00:00:00+00:00, run_after=2022-10-09T00:00:00+00:00
[2022-10-09 14:26:35,507] {processor.py:161} INFO - Processing /home/airflow/.local/lib/python3.7/site-packages/airflow/example_dags/example_branch_operator.py took 0.136 seconds
[2022-10-09 14:27:05,923] {processor.py:153} INFO - Started process (PID=3773) to work on /home/airflow/.local/lib/python3.7/site-packages/airflow/example_dags/example_branch_operator.py
[2022-10-09 14:27:05,924] {processor.py:641} INFO - Processing file /home/airflow/.local/lib/python3.7/site-packages/airflow/example_dags/example_branch_operator.py for tasks to queue
[2022-10-09 14:27:05,924] {logging_mixin.py:115} INFO - [2022-10-09 14:27:05,924] {dagbag.py:508} INFO - Filling up the DagBag from /home/airflow/.local/lib/python3.7/site-packages/airflow/example_dags/example_branch_operator.py
[2022-10-09 14:27:05,944] {processor.py:651} INFO - DAG(s) dict_keys(['example_branch_operator']) retrieved from /home/airflow/.local/lib/python3.7/site-packages/airflow/example_dags/example_branch_operator.py
[2022-10-09 14:27:05,997] {logging_mixin.py:115} INFO - [2022-10-09 14:27:05,997] {dag.py:2420} INFO - Sync 1 DAGs
[2022-10-09 14:27:06,047] {logging_mixin.py:115} INFO - [2022-10-09 14:27:06,047] {dag.py:2972} INFO - Setting next_dagrun for example_branch_operator to 2022-10-08T00:00:00+00:00, run_after=2022-10-09T00:00:00+00:00
[2022-10-09 14:27:06,075] {processor.py:161} INFO - Processing /home/airflow/.local/lib/python3.7/site-packages/airflow/example_dags/example_branch_operator.py took 0.156 seconds
[2022-10-09 14:27:36,419] {processor.py:153} INFO - Started process (PID=3835) to work on /home/airflow/.local/lib/python3.7/site-packages/airflow/example_dags/example_branch_operator.py
[2022-10-09 14:27:36,420] {processor.py:641} INFO - Processing file /home/airflow/.local/lib/python3.7/site-packages/airflow/example_dags/example_branch_operator.py for tasks to queue
[2022-10-09 14:27:36,421] {logging_mixin.py:115} INFO - [2022-10-09 14:27:36,421] {dagbag.py:508} INFO - Filling up the DagBag from /home/airflow/.local/lib/python3.7/site-packages/airflow/example_dags/example_branch_operator.py
[2022-10-09 14:27:36,444] {processor.py:651} INFO - DAG(s) dict_keys(['example_branch_operator']) retrieved from /home/airflow/.local/lib/python3.7/site-packages/airflow/example_dags/example_branch_operator.py
[2022-10-09 14:27:36,502] {logging_mixin.py:115} INFO - [2022-10-09 14:27:36,501] {dag.py:2420} INFO - Sync 1 DAGs
[2022-10-09 14:27:36,559] {logging_mixin.py:115} INFO - [2022-10-09 14:27:36,559] {dag.py:2972} INFO - Setting next_dagrun for example_branch_operator to 2022-10-08T00:00:00+00:00, run_after=2022-10-09T00:00:00+00:00
[2022-10-09 14:27:36,588] {processor.py:161} INFO - Processing /home/airflow/.local/lib/python3.7/site-packages/airflow/example_dags/example_branch_operator.py took 0.175 seconds
[2022-10-09 14:28:06,924] {processor.py:153} INFO - Started process (PID=3888) to work on /home/airflow/.local/lib/python3.7/site-packages/airflow/example_dags/example_branch_operator.py
[2022-10-09 14:28:06,926] {processor.py:641} INFO - Processing file /home/airflow/.local/lib/python3.7/site-packages/airflow/example_dags/example_branch_operator.py for tasks to queue
[2022-10-09 14:28:06,927] {logging_mixin.py:115} INFO - [2022-10-09 14:28:06,927] {dagbag.py:508} INFO - Filling up the DagBag from /home/airflow/.local/lib/python3.7/site-packages/airflow/example_dags/example_branch_operator.py
[2022-10-09 14:28:06,954] {processor.py:651} INFO - DAG(s) dict_keys(['example_branch_operator']) retrieved from /home/airflow/.local/lib/python3.7/site-packages/airflow/example_dags/example_branch_operator.py
[2022-10-09 14:28:07,022] {logging_mixin.py:115} INFO - [2022-10-09 14:28:07,021] {dag.py:2420} INFO - Sync 1 DAGs
[2022-10-09 14:28:07,104] {logging_mixin.py:115} INFO - [2022-10-09 14:28:07,103] {dag.py:2972} INFO - Setting next_dagrun for example_branch_operator to 2022-10-08T00:00:00+00:00, run_after=2022-10-09T00:00:00+00:00
[2022-10-09 14:28:07,147] {processor.py:161} INFO - Processing /home/airflow/.local/lib/python3.7/site-packages/airflow/example_dags/example_branch_operator.py took 0.229 seconds
[2022-10-09 14:28:37,375] {processor.py:153} INFO - Started process (PID=3941) to work on /home/airflow/.local/lib/python3.7/site-packages/airflow/example_dags/example_branch_operator.py
[2022-10-09 14:28:37,376] {processor.py:641} INFO - Processing file /home/airflow/.local/lib/python3.7/site-packages/airflow/example_dags/example_branch_operator.py for tasks to queue
[2022-10-09 14:28:37,376] {logging_mixin.py:115} INFO - [2022-10-09 14:28:37,376] {dagbag.py:508} INFO - Filling up the DagBag from /home/airflow/.local/lib/python3.7/site-packages/airflow/example_dags/example_branch_operator.py
[2022-10-09 14:28:37,396] {processor.py:651} INFO - DAG(s) dict_keys(['example_branch_operator']) retrieved from /home/airflow/.local/lib/python3.7/site-packages/airflow/example_dags/example_branch_operator.py
[2022-10-09 14:28:37,442] {logging_mixin.py:115} INFO - [2022-10-09 14:28:37,441] {dag.py:2420} INFO - Sync 1 DAGs
[2022-10-09 14:28:37,491] {logging_mixin.py:115} INFO - [2022-10-09 14:28:37,491] {dag.py:2972} INFO - Setting next_dagrun for example_branch_operator to 2022-10-08T00:00:00+00:00, run_after=2022-10-09T00:00:00+00:00
[2022-10-09 14:28:37,516] {processor.py:161} INFO - Processing /home/airflow/.local/lib/python3.7/site-packages/airflow/example_dags/example_branch_operator.py took 0.147 seconds
[2022-10-09 14:29:07,674] {processor.py:153} INFO - Started process (PID=4003) to work on /home/airflow/.local/lib/python3.7/site-packages/airflow/example_dags/example_branch_operator.py
[2022-10-09 14:29:07,676] {processor.py:641} INFO - Processing file /home/airflow/.local/lib/python3.7/site-packages/airflow/example_dags/example_branch_operator.py for tasks to queue
[2022-10-09 14:29:07,677] {logging_mixin.py:115} INFO - [2022-10-09 14:29:07,676] {dagbag.py:508} INFO - Filling up the DagBag from /home/airflow/.local/lib/python3.7/site-packages/airflow/example_dags/example_branch_operator.py
[2022-10-09 14:29:07,699] {processor.py:651} INFO - DAG(s) dict_keys(['example_branch_operator']) retrieved from /home/airflow/.local/lib/python3.7/site-packages/airflow/example_dags/example_branch_operator.py
[2022-10-09 14:29:07,746] {logging_mixin.py:115} INFO - [2022-10-09 14:29:07,746] {dag.py:2420} INFO - Sync 1 DAGs
[2022-10-09 14:29:07,808] {logging_mixin.py:115} INFO - [2022-10-09 14:29:07,808] {dag.py:2972} INFO - Setting next_dagrun for example_branch_operator to 2022-10-08T00:00:00+00:00, run_after=2022-10-09T00:00:00+00:00
[2022-10-09 14:29:07,841] {processor.py:161} INFO - Processing /home/airflow/.local/lib/python3.7/site-packages/airflow/example_dags/example_branch_operator.py took 0.172 seconds
[2022-10-09 14:29:38,128] {processor.py:153} INFO - Started process (PID=4057) to work on /home/airflow/.local/lib/python3.7/site-packages/airflow/example_dags/example_branch_operator.py
[2022-10-09 14:29:38,129] {processor.py:641} INFO - Processing file /home/airflow/.local/lib/python3.7/site-packages/airflow/example_dags/example_branch_operator.py for tasks to queue
[2022-10-09 14:29:38,130] {logging_mixin.py:115} INFO - [2022-10-09 14:29:38,130] {dagbag.py:508} INFO - Filling up the DagBag from /home/airflow/.local/lib/python3.7/site-packages/airflow/example_dags/example_branch_operator.py
[2022-10-09 14:29:38,157] {processor.py:651} INFO - DAG(s) dict_keys(['example_branch_operator']) retrieved from /home/airflow/.local/lib/python3.7/site-packages/airflow/example_dags/example_branch_operator.py
[2022-10-09 14:29:38,210] {logging_mixin.py:115} INFO - [2022-10-09 14:29:38,210] {dag.py:2420} INFO - Sync 1 DAGs
[2022-10-09 14:29:38,261] {logging_mixin.py:115} INFO - [2022-10-09 14:29:38,261] {dag.py:2972} INFO - Setting next_dagrun for example_branch_operator to 2022-10-08T00:00:00+00:00, run_after=2022-10-09T00:00:00+00:00
[2022-10-09 14:29:38,289] {processor.py:161} INFO - Processing /home/airflow/.local/lib/python3.7/site-packages/airflow/example_dags/example_branch_operator.py took 0.165 seconds
[2022-10-09 14:30:08,527] {processor.py:153} INFO - Started process (PID=4110) to work on /home/airflow/.local/lib/python3.7/site-packages/airflow/example_dags/example_branch_operator.py
[2022-10-09 14:30:08,528] {processor.py:641} INFO - Processing file /home/airflow/.local/lib/python3.7/site-packages/airflow/example_dags/example_branch_operator.py for tasks to queue
[2022-10-09 14:30:08,529] {logging_mixin.py:115} INFO - [2022-10-09 14:30:08,529] {dagbag.py:508} INFO - Filling up the DagBag from /home/airflow/.local/lib/python3.7/site-packages/airflow/example_dags/example_branch_operator.py
[2022-10-09 14:30:08,547] {processor.py:651} INFO - DAG(s) dict_keys(['example_branch_operator']) retrieved from /home/airflow/.local/lib/python3.7/site-packages/airflow/example_dags/example_branch_operator.py
[2022-10-09 14:30:08,588] {logging_mixin.py:115} INFO - [2022-10-09 14:30:08,588] {dag.py:2420} INFO - Sync 1 DAGs
[2022-10-09 14:30:08,630] {logging_mixin.py:115} INFO - [2022-10-09 14:30:08,629] {dag.py:2972} INFO - Setting next_dagrun for example_branch_operator to 2022-10-08T00:00:00+00:00, run_after=2022-10-09T00:00:00+00:00
[2022-10-09 14:30:08,651] {processor.py:161} INFO - Processing /home/airflow/.local/lib/python3.7/site-packages/airflow/example_dags/example_branch_operator.py took 0.128 seconds
[2022-10-09 14:30:39,521] {processor.py:153} INFO - Started process (PID=4172) to work on /home/airflow/.local/lib/python3.7/site-packages/airflow/example_dags/example_branch_operator.py
[2022-10-09 14:30:39,522] {processor.py:641} INFO - Processing file /home/airflow/.local/lib/python3.7/site-packages/airflow/example_dags/example_branch_operator.py for tasks to queue
[2022-10-09 14:30:39,523] {logging_mixin.py:115} INFO - [2022-10-09 14:30:39,523] {dagbag.py:508} INFO - Filling up the DagBag from /home/airflow/.local/lib/python3.7/site-packages/airflow/example_dags/example_branch_operator.py
[2022-10-09 14:30:39,541] {processor.py:651} INFO - DAG(s) dict_keys(['example_branch_operator']) retrieved from /home/airflow/.local/lib/python3.7/site-packages/airflow/example_dags/example_branch_operator.py
[2022-10-09 14:30:39,587] {logging_mixin.py:115} INFO - [2022-10-09 14:30:39,587] {dag.py:2420} INFO - Sync 1 DAGs
[2022-10-09 14:30:39,629] {logging_mixin.py:115} INFO - [2022-10-09 14:30:39,629] {dag.py:2972} INFO - Setting next_dagrun for example_branch_operator to 2022-10-08T00:00:00+00:00, run_after=2022-10-09T00:00:00+00:00
[2022-10-09 14:30:39,651] {processor.py:161} INFO - Processing /home/airflow/.local/lib/python3.7/site-packages/airflow/example_dags/example_branch_operator.py took 0.135 seconds
[2022-10-09 14:31:10,730] {processor.py:153} INFO - Started process (PID=4225) to work on /home/airflow/.local/lib/python3.7/site-packages/airflow/example_dags/example_branch_operator.py
[2022-10-09 14:31:10,731] {processor.py:641} INFO - Processing file /home/airflow/.local/lib/python3.7/site-packages/airflow/example_dags/example_branch_operator.py for tasks to queue
[2022-10-09 14:31:10,733] {logging_mixin.py:115} INFO - [2022-10-09 14:31:10,732] {dagbag.py:508} INFO - Filling up the DagBag from /home/airflow/.local/lib/python3.7/site-packages/airflow/example_dags/example_branch_operator.py
[2022-10-09 14:31:10,771] {processor.py:651} INFO - DAG(s) dict_keys(['example_branch_operator']) retrieved from /home/airflow/.local/lib/python3.7/site-packages/airflow/example_dags/example_branch_operator.py
[2022-10-09 14:31:10,840] {logging_mixin.py:115} INFO - [2022-10-09 14:31:10,840] {dag.py:2420} INFO - Sync 1 DAGs
[2022-10-09 14:31:10,908] {logging_mixin.py:115} INFO - [2022-10-09 14:31:10,908] {dag.py:2972} INFO - Setting next_dagrun for example_branch_operator to 2022-10-08T00:00:00+00:00, run_after=2022-10-09T00:00:00+00:00
[2022-10-09 14:31:10,943] {processor.py:161} INFO - Processing /home/airflow/.local/lib/python3.7/site-packages/airflow/example_dags/example_branch_operator.py took 0.221 seconds
[2022-10-09 14:31:41,372] {processor.py:153} INFO - Started process (PID=4286) to work on /home/airflow/.local/lib/python3.7/site-packages/airflow/example_dags/example_branch_operator.py
[2022-10-09 14:31:41,373] {processor.py:641} INFO - Processing file /home/airflow/.local/lib/python3.7/site-packages/airflow/example_dags/example_branch_operator.py for tasks to queue
[2022-10-09 14:31:41,374] {logging_mixin.py:115} INFO - [2022-10-09 14:31:41,374] {dagbag.py:508} INFO - Filling up the DagBag from /home/airflow/.local/lib/python3.7/site-packages/airflow/example_dags/example_branch_operator.py
[2022-10-09 14:31:41,396] {processor.py:651} INFO - DAG(s) dict_keys(['example_branch_operator']) retrieved from /home/airflow/.local/lib/python3.7/site-packages/airflow/example_dags/example_branch_operator.py
[2022-10-09 14:31:41,460] {logging_mixin.py:115} INFO - [2022-10-09 14:31:41,460] {dag.py:2420} INFO - Sync 1 DAGs
[2022-10-09 14:31:41,526] {logging_mixin.py:115} INFO - [2022-10-09 14:31:41,526] {dag.py:2972} INFO - Setting next_dagrun for example_branch_operator to 2022-10-08T00:00:00+00:00, run_after=2022-10-09T00:00:00+00:00
[2022-10-09 14:31:41,562] {processor.py:161} INFO - Processing /home/airflow/.local/lib/python3.7/site-packages/airflow/example_dags/example_branch_operator.py took 0.196 seconds
[2022-10-09 14:32:12,262] {processor.py:153} INFO - Started process (PID=4339) to work on /home/airflow/.local/lib/python3.7/site-packages/airflow/example_dags/example_branch_operator.py
[2022-10-09 14:32:12,263] {processor.py:641} INFO - Processing file /home/airflow/.local/lib/python3.7/site-packages/airflow/example_dags/example_branch_operator.py for tasks to queue
[2022-10-09 14:32:12,264] {logging_mixin.py:115} INFO - [2022-10-09 14:32:12,264] {dagbag.py:508} INFO - Filling up the DagBag from /home/airflow/.local/lib/python3.7/site-packages/airflow/example_dags/example_branch_operator.py
[2022-10-09 14:32:12,295] {processor.py:651} INFO - DAG(s) dict_keys(['example_branch_operator']) retrieved from /home/airflow/.local/lib/python3.7/site-packages/airflow/example_dags/example_branch_operator.py
[2022-10-09 14:32:12,344] {logging_mixin.py:115} INFO - [2022-10-09 14:32:12,344] {dag.py:2420} INFO - Sync 1 DAGs
[2022-10-09 14:32:12,412] {logging_mixin.py:115} INFO - [2022-10-09 14:32:12,412] {dag.py:2972} INFO - Setting next_dagrun for example_branch_operator to 2022-10-08T00:00:00+00:00, run_after=2022-10-09T00:00:00+00:00
[2022-10-09 14:32:12,440] {processor.py:161} INFO - Processing /home/airflow/.local/lib/python3.7/site-packages/airflow/example_dags/example_branch_operator.py took 0.185 seconds
[2022-10-09 14:32:43,643] {processor.py:153} INFO - Started process (PID=4392) to work on /home/airflow/.local/lib/python3.7/site-packages/airflow/example_dags/example_branch_operator.py
[2022-10-09 14:32:43,645] {processor.py:641} INFO - Processing file /home/airflow/.local/lib/python3.7/site-packages/airflow/example_dags/example_branch_operator.py for tasks to queue
[2022-10-09 14:32:43,646] {logging_mixin.py:115} INFO - [2022-10-09 14:32:43,646] {dagbag.py:508} INFO - Filling up the DagBag from /home/airflow/.local/lib/python3.7/site-packages/airflow/example_dags/example_branch_operator.py
[2022-10-09 14:32:43,674] {processor.py:651} INFO - DAG(s) dict_keys(['example_branch_operator']) retrieved from /home/airflow/.local/lib/python3.7/site-packages/airflow/example_dags/example_branch_operator.py
[2022-10-09 14:32:43,741] {logging_mixin.py:115} INFO - [2022-10-09 14:32:43,741] {dag.py:2420} INFO - Sync 1 DAGs
[2022-10-09 14:32:43,824] {logging_mixin.py:115} INFO - [2022-10-09 14:32:43,824] {dag.py:2972} INFO - Setting next_dagrun for example_branch_operator to 2022-10-08T00:00:00+00:00, run_after=2022-10-09T00:00:00+00:00
[2022-10-09 14:32:43,861] {processor.py:161} INFO - Processing /home/airflow/.local/lib/python3.7/site-packages/airflow/example_dags/example_branch_operator.py took 0.225 seconds
[2022-10-09 14:33:13,963] {processor.py:153} INFO - Started process (PID=4454) to work on /home/airflow/.local/lib/python3.7/site-packages/airflow/example_dags/example_branch_operator.py
[2022-10-09 14:33:13,965] {processor.py:641} INFO - Processing file /home/airflow/.local/lib/python3.7/site-packages/airflow/example_dags/example_branch_operator.py for tasks to queue
[2022-10-09 14:33:13,966] {logging_mixin.py:115} INFO - [2022-10-09 14:33:13,966] {dagbag.py:508} INFO - Filling up the DagBag from /home/airflow/.local/lib/python3.7/site-packages/airflow/example_dags/example_branch_operator.py
[2022-10-09 14:33:14,001] {processor.py:651} INFO - DAG(s) dict_keys(['example_branch_operator']) retrieved from /home/airflow/.local/lib/python3.7/site-packages/airflow/example_dags/example_branch_operator.py
[2022-10-09 14:33:14,068] {logging_mixin.py:115} INFO - [2022-10-09 14:33:14,068] {dag.py:2420} INFO - Sync 1 DAGs
[2022-10-09 14:33:14,127] {logging_mixin.py:115} INFO - [2022-10-09 14:33:14,127] {dag.py:2972} INFO - Setting next_dagrun for example_branch_operator to 2022-10-08T00:00:00+00:00, run_after=2022-10-09T00:00:00+00:00
[2022-10-09 14:33:14,168] {processor.py:161} INFO - Processing /home/airflow/.local/lib/python3.7/site-packages/airflow/example_dags/example_branch_operator.py took 0.210 seconds
[2022-10-09 14:33:44,282] {processor.py:153} INFO - Started process (PID=4507) to work on /home/airflow/.local/lib/python3.7/site-packages/airflow/example_dags/example_branch_operator.py
[2022-10-09 14:33:44,284] {processor.py:641} INFO - Processing file /home/airflow/.local/lib/python3.7/site-packages/airflow/example_dags/example_branch_operator.py for tasks to queue
[2022-10-09 14:33:44,285] {logging_mixin.py:115} INFO - [2022-10-09 14:33:44,285] {dagbag.py:508} INFO - Filling up the DagBag from /home/airflow/.local/lib/python3.7/site-packages/airflow/example_dags/example_branch_operator.py
[2022-10-09 14:33:44,306] {processor.py:651} INFO - DAG(s) dict_keys(['example_branch_operator']) retrieved from /home/airflow/.local/lib/python3.7/site-packages/airflow/example_dags/example_branch_operator.py
[2022-10-09 14:33:44,358] {logging_mixin.py:115} INFO - [2022-10-09 14:33:44,358] {dag.py:2420} INFO - Sync 1 DAGs
[2022-10-09 14:33:44,416] {logging_mixin.py:115} INFO - [2022-10-09 14:33:44,416] {dag.py:2972} INFO - Setting next_dagrun for example_branch_operator to 2022-10-08T00:00:00+00:00, run_after=2022-10-09T00:00:00+00:00
[2022-10-09 14:33:44,442] {processor.py:161} INFO - Processing /home/airflow/.local/lib/python3.7/site-packages/airflow/example_dags/example_branch_operator.py took 0.166 seconds
[2022-10-09 14:34:14,569] {processor.py:153} INFO - Started process (PID=4561) to work on /home/airflow/.local/lib/python3.7/site-packages/airflow/example_dags/example_branch_operator.py
[2022-10-09 14:34:14,570] {processor.py:641} INFO - Processing file /home/airflow/.local/lib/python3.7/site-packages/airflow/example_dags/example_branch_operator.py for tasks to queue
[2022-10-09 14:34:14,570] {logging_mixin.py:115} INFO - [2022-10-09 14:34:14,570] {dagbag.py:508} INFO - Filling up the DagBag from /home/airflow/.local/lib/python3.7/site-packages/airflow/example_dags/example_branch_operator.py
[2022-10-09 14:34:14,590] {processor.py:651} INFO - DAG(s) dict_keys(['example_branch_operator']) retrieved from /home/airflow/.local/lib/python3.7/site-packages/airflow/example_dags/example_branch_operator.py
[2022-10-09 14:34:14,631] {logging_mixin.py:115} INFO - [2022-10-09 14:34:14,631] {dag.py:2420} INFO - Sync 1 DAGs
[2022-10-09 14:34:14,680] {logging_mixin.py:115} INFO - [2022-10-09 14:34:14,680] {dag.py:2972} INFO - Setting next_dagrun for example_branch_operator to 2022-10-08T00:00:00+00:00, run_after=2022-10-09T00:00:00+00:00
[2022-10-09 14:34:14,704] {processor.py:161} INFO - Processing /home/airflow/.local/lib/python3.7/site-packages/airflow/example_dags/example_branch_operator.py took 0.140 seconds
[2022-10-09 14:34:44,978] {processor.py:153} INFO - Started process (PID=4623) to work on /home/airflow/.local/lib/python3.7/site-packages/airflow/example_dags/example_branch_operator.py
[2022-10-09 14:34:44,979] {processor.py:641} INFO - Processing file /home/airflow/.local/lib/python3.7/site-packages/airflow/example_dags/example_branch_operator.py for tasks to queue
[2022-10-09 14:34:44,980] {logging_mixin.py:115} INFO - [2022-10-09 14:34:44,980] {dagbag.py:508} INFO - Filling up the DagBag from /home/airflow/.local/lib/python3.7/site-packages/airflow/example_dags/example_branch_operator.py
[2022-10-09 14:34:44,999] {processor.py:651} INFO - DAG(s) dict_keys(['example_branch_operator']) retrieved from /home/airflow/.local/lib/python3.7/site-packages/airflow/example_dags/example_branch_operator.py
[2022-10-09 14:34:45,058] {logging_mixin.py:115} INFO - [2022-10-09 14:34:45,058] {dag.py:2420} INFO - Sync 1 DAGs
[2022-10-09 14:34:45,134] {logging_mixin.py:115} INFO - [2022-10-09 14:34:45,133] {dag.py:2972} INFO - Setting next_dagrun for example_branch_operator to 2022-10-08T00:00:00+00:00, run_after=2022-10-09T00:00:00+00:00
[2022-10-09 14:34:45,170] {processor.py:161} INFO - Processing /home/airflow/.local/lib/python3.7/site-packages/airflow/example_dags/example_branch_operator.py took 0.196 seconds
[2022-10-09 14:35:15,775] {processor.py:153} INFO - Started process (PID=4676) to work on /home/airflow/.local/lib/python3.7/site-packages/airflow/example_dags/example_branch_operator.py
[2022-10-09 14:35:15,776] {processor.py:641} INFO - Processing file /home/airflow/.local/lib/python3.7/site-packages/airflow/example_dags/example_branch_operator.py for tasks to queue
[2022-10-09 14:35:15,777] {logging_mixin.py:115} INFO - [2022-10-09 14:35:15,777] {dagbag.py:508} INFO - Filling up the DagBag from /home/airflow/.local/lib/python3.7/site-packages/airflow/example_dags/example_branch_operator.py
[2022-10-09 14:35:15,806] {processor.py:651} INFO - DAG(s) dict_keys(['example_branch_operator']) retrieved from /home/airflow/.local/lib/python3.7/site-packages/airflow/example_dags/example_branch_operator.py
[2022-10-09 14:35:15,851] {logging_mixin.py:115} INFO - [2022-10-09 14:35:15,850] {dag.py:2420} INFO - Sync 1 DAGs
[2022-10-09 14:35:15,894] {logging_mixin.py:115} INFO - [2022-10-09 14:35:15,894] {dag.py:2972} INFO - Setting next_dagrun for example_branch_operator to 2022-10-08T00:00:00+00:00, run_after=2022-10-09T00:00:00+00:00
[2022-10-09 14:35:15,916] {processor.py:161} INFO - Processing /home/airflow/.local/lib/python3.7/site-packages/airflow/example_dags/example_branch_operator.py took 0.148 seconds
[2022-10-09 14:35:46,818] {processor.py:153} INFO - Started process (PID=4729) to work on /home/airflow/.local/lib/python3.7/site-packages/airflow/example_dags/example_branch_operator.py
[2022-10-09 14:35:46,819] {processor.py:641} INFO - Processing file /home/airflow/.local/lib/python3.7/site-packages/airflow/example_dags/example_branch_operator.py for tasks to queue
[2022-10-09 14:35:46,820] {logging_mixin.py:115} INFO - [2022-10-09 14:35:46,820] {dagbag.py:508} INFO - Filling up the DagBag from /home/airflow/.local/lib/python3.7/site-packages/airflow/example_dags/example_branch_operator.py
[2022-10-09 14:35:46,843] {processor.py:651} INFO - DAG(s) dict_keys(['example_branch_operator']) retrieved from /home/airflow/.local/lib/python3.7/site-packages/airflow/example_dags/example_branch_operator.py
[2022-10-09 14:35:46,890] {logging_mixin.py:115} INFO - [2022-10-09 14:35:46,890] {dag.py:2420} INFO - Sync 1 DAGs
[2022-10-09 14:35:46,941] {logging_mixin.py:115} INFO - [2022-10-09 14:35:46,941] {dag.py:2972} INFO - Setting next_dagrun for example_branch_operator to 2022-10-08T00:00:00+00:00, run_after=2022-10-09T00:00:00+00:00
[2022-10-09 14:35:46,970] {processor.py:161} INFO - Processing /home/airflow/.local/lib/python3.7/site-packages/airflow/example_dags/example_branch_operator.py took 0.158 seconds
[2022-10-09 14:36:18,019] {processor.py:153} INFO - Started process (PID=4791) to work on /home/airflow/.local/lib/python3.7/site-packages/airflow/example_dags/example_branch_operator.py
[2022-10-09 14:36:18,020] {processor.py:641} INFO - Processing file /home/airflow/.local/lib/python3.7/site-packages/airflow/example_dags/example_branch_operator.py for tasks to queue
[2022-10-09 14:36:18,021] {logging_mixin.py:115} INFO - [2022-10-09 14:36:18,020] {dagbag.py:508} INFO - Filling up the DagBag from /home/airflow/.local/lib/python3.7/site-packages/airflow/example_dags/example_branch_operator.py
[2022-10-09 14:36:18,040] {processor.py:651} INFO - DAG(s) dict_keys(['example_branch_operator']) retrieved from /home/airflow/.local/lib/python3.7/site-packages/airflow/example_dags/example_branch_operator.py
[2022-10-09 14:36:18,096] {logging_mixin.py:115} INFO - [2022-10-09 14:36:18,096] {dag.py:2420} INFO - Sync 1 DAGs
[2022-10-09 14:36:18,145] {logging_mixin.py:115} INFO - [2022-10-09 14:36:18,145] {dag.py:2972} INFO - Setting next_dagrun for example_branch_operator to 2022-10-08T00:00:00+00:00, run_after=2022-10-09T00:00:00+00:00
[2022-10-09 14:36:18,169] {processor.py:161} INFO - Processing /home/airflow/.local/lib/python3.7/site-packages/airflow/example_dags/example_branch_operator.py took 0.155 seconds
[2022-10-09 14:36:49,157] {processor.py:153} INFO - Started process (PID=4844) to work on /home/airflow/.local/lib/python3.7/site-packages/airflow/example_dags/example_branch_operator.py
[2022-10-09 14:36:49,158] {processor.py:641} INFO - Processing file /home/airflow/.local/lib/python3.7/site-packages/airflow/example_dags/example_branch_operator.py for tasks to queue
[2022-10-09 14:36:49,159] {logging_mixin.py:115} INFO - [2022-10-09 14:36:49,159] {dagbag.py:508} INFO - Filling up the DagBag from /home/airflow/.local/lib/python3.7/site-packages/airflow/example_dags/example_branch_operator.py
[2022-10-09 14:36:49,182] {processor.py:651} INFO - DAG(s) dict_keys(['example_branch_operator']) retrieved from /home/airflow/.local/lib/python3.7/site-packages/airflow/example_dags/example_branch_operator.py
[2022-10-09 14:36:49,234] {logging_mixin.py:115} INFO - [2022-10-09 14:36:49,234] {dag.py:2420} INFO - Sync 1 DAGs
[2022-10-09 14:36:49,292] {logging_mixin.py:115} INFO - [2022-10-09 14:36:49,291] {dag.py:2972} INFO - Setting next_dagrun for example_branch_operator to 2022-10-08T00:00:00+00:00, run_after=2022-10-09T00:00:00+00:00
[2022-10-09 14:36:49,321] {processor.py:161} INFO - Processing /home/airflow/.local/lib/python3.7/site-packages/airflow/example_dags/example_branch_operator.py took 0.170 seconds
[2022-10-09 14:37:19,499] {processor.py:153} INFO - Started process (PID=4898) to work on /home/airflow/.local/lib/python3.7/site-packages/airflow/example_dags/example_branch_operator.py
[2022-10-09 14:37:19,501] {processor.py:641} INFO - Processing file /home/airflow/.local/lib/python3.7/site-packages/airflow/example_dags/example_branch_operator.py for tasks to queue
[2022-10-09 14:37:19,502] {logging_mixin.py:115} INFO - [2022-10-09 14:37:19,501] {dagbag.py:508} INFO - Filling up the DagBag from /home/airflow/.local/lib/python3.7/site-packages/airflow/example_dags/example_branch_operator.py
[2022-10-09 14:37:19,527] {processor.py:651} INFO - DAG(s) dict_keys(['example_branch_operator']) retrieved from /home/airflow/.local/lib/python3.7/site-packages/airflow/example_dags/example_branch_operator.py
[2022-10-09 14:37:19,585] {logging_mixin.py:115} INFO - [2022-10-09 14:37:19,585] {dag.py:2420} INFO - Sync 1 DAGs
[2022-10-09 14:37:19,646] {logging_mixin.py:115} INFO - [2022-10-09 14:37:19,646] {dag.py:2972} INFO - Setting next_dagrun for example_branch_operator to 2022-10-08T00:00:00+00:00, run_after=2022-10-09T00:00:00+00:00
[2022-10-09 14:37:19,680] {processor.py:161} INFO - Processing /home/airflow/.local/lib/python3.7/site-packages/airflow/example_dags/example_branch_operator.py took 0.188 seconds
[2022-10-09 14:37:49,978] {processor.py:153} INFO - Started process (PID=4961) to work on /home/airflow/.local/lib/python3.7/site-packages/airflow/example_dags/example_branch_operator.py
[2022-10-09 14:37:49,979] {processor.py:641} INFO - Processing file /home/airflow/.local/lib/python3.7/site-packages/airflow/example_dags/example_branch_operator.py for tasks to queue
[2022-10-09 14:37:49,981] {logging_mixin.py:115} INFO - [2022-10-09 14:37:49,980] {dagbag.py:508} INFO - Filling up the DagBag from /home/airflow/.local/lib/python3.7/site-packages/airflow/example_dags/example_branch_operator.py
[2022-10-09 14:37:50,008] {processor.py:651} INFO - DAG(s) dict_keys(['example_branch_operator']) retrieved from /home/airflow/.local/lib/python3.7/site-packages/airflow/example_dags/example_branch_operator.py
[2022-10-09 14:37:50,068] {logging_mixin.py:115} INFO - [2022-10-09 14:37:50,068] {dag.py:2420} INFO - Sync 1 DAGs
[2022-10-09 14:37:50,118] {logging_mixin.py:115} INFO - [2022-10-09 14:37:50,118] {dag.py:2972} INFO - Setting next_dagrun for example_branch_operator to 2022-10-08T00:00:00+00:00, run_after=2022-10-09T00:00:00+00:00
[2022-10-09 14:37:50,142] {processor.py:161} INFO - Processing /home/airflow/.local/lib/python3.7/site-packages/airflow/example_dags/example_branch_operator.py took 0.170 seconds
[2022-10-09 14:38:20,604] {processor.py:153} INFO - Started process (PID=5014) to work on /home/airflow/.local/lib/python3.7/site-packages/airflow/example_dags/example_branch_operator.py
[2022-10-09 14:38:20,605] {processor.py:641} INFO - Processing file /home/airflow/.local/lib/python3.7/site-packages/airflow/example_dags/example_branch_operator.py for tasks to queue
[2022-10-09 14:38:20,606] {logging_mixin.py:115} INFO - [2022-10-09 14:38:20,605] {dagbag.py:508} INFO - Filling up the DagBag from /home/airflow/.local/lib/python3.7/site-packages/airflow/example_dags/example_branch_operator.py
[2022-10-09 14:38:20,623] {processor.py:651} INFO - DAG(s) dict_keys(['example_branch_operator']) retrieved from /home/airflow/.local/lib/python3.7/site-packages/airflow/example_dags/example_branch_operator.py
[2022-10-09 14:38:20,668] {logging_mixin.py:115} INFO - [2022-10-09 14:38:20,668] {dag.py:2420} INFO - Sync 1 DAGs
[2022-10-09 14:38:20,715] {logging_mixin.py:115} INFO - [2022-10-09 14:38:20,714] {dag.py:2972} INFO - Setting next_dagrun for example_branch_operator to 2022-10-08T00:00:00+00:00, run_after=2022-10-09T00:00:00+00:00
[2022-10-09 14:38:20,737] {processor.py:161} INFO - Processing /home/airflow/.local/lib/python3.7/site-packages/airflow/example_dags/example_branch_operator.py took 0.138 seconds
[2022-10-09 14:38:51,293] {processor.py:153} INFO - Started process (PID=5076) to work on /home/airflow/.local/lib/python3.7/site-packages/airflow/example_dags/example_branch_operator.py
[2022-10-09 14:38:51,293] {processor.py:641} INFO - Processing file /home/airflow/.local/lib/python3.7/site-packages/airflow/example_dags/example_branch_operator.py for tasks to queue
[2022-10-09 14:38:51,294] {logging_mixin.py:115} INFO - [2022-10-09 14:38:51,294] {dagbag.py:508} INFO - Filling up the DagBag from /home/airflow/.local/lib/python3.7/site-packages/airflow/example_dags/example_branch_operator.py
[2022-10-09 14:38:51,312] {processor.py:651} INFO - DAG(s) dict_keys(['example_branch_operator']) retrieved from /home/airflow/.local/lib/python3.7/site-packages/airflow/example_dags/example_branch_operator.py
[2022-10-09 14:38:51,366] {logging_mixin.py:115} INFO - [2022-10-09 14:38:51,366] {dag.py:2420} INFO - Sync 1 DAGs
[2022-10-09 14:38:51,415] {logging_mixin.py:115} INFO - [2022-10-09 14:38:51,415] {dag.py:2972} INFO - Setting next_dagrun for example_branch_operator to 2022-10-08T00:00:00+00:00, run_after=2022-10-09T00:00:00+00:00
[2022-10-09 14:38:51,440] {processor.py:161} INFO - Processing /home/airflow/.local/lib/python3.7/site-packages/airflow/example_dags/example_branch_operator.py took 0.152 seconds
[2022-10-09 14:39:21,957] {processor.py:153} INFO - Started process (PID=5129) to work on /home/airflow/.local/lib/python3.7/site-packages/airflow/example_dags/example_branch_operator.py
[2022-10-09 14:39:21,959] {processor.py:641} INFO - Processing file /home/airflow/.local/lib/python3.7/site-packages/airflow/example_dags/example_branch_operator.py for tasks to queue
[2022-10-09 14:39:21,960] {logging_mixin.py:115} INFO - [2022-10-09 14:39:21,960] {dagbag.py:508} INFO - Filling up the DagBag from /home/airflow/.local/lib/python3.7/site-packages/airflow/example_dags/example_branch_operator.py
[2022-10-09 14:39:21,986] {processor.py:651} INFO - DAG(s) dict_keys(['example_branch_operator']) retrieved from /home/airflow/.local/lib/python3.7/site-packages/airflow/example_dags/example_branch_operator.py
[2022-10-09 14:39:22,044] {logging_mixin.py:115} INFO - [2022-10-09 14:39:22,044] {dag.py:2420} INFO - Sync 1 DAGs
[2022-10-09 14:39:22,118] {logging_mixin.py:115} INFO - [2022-10-09 14:39:22,118] {dag.py:2972} INFO - Setting next_dagrun for example_branch_operator to 2022-10-08T00:00:00+00:00, run_after=2022-10-09T00:00:00+00:00
[2022-10-09 14:39:22,148] {processor.py:161} INFO - Processing /home/airflow/.local/lib/python3.7/site-packages/airflow/example_dags/example_branch_operator.py took 0.200 seconds
[2022-10-09 14:39:52,961] {processor.py:153} INFO - Started process (PID=5182) to work on /home/airflow/.local/lib/python3.7/site-packages/airflow/example_dags/example_branch_operator.py
[2022-10-09 14:39:52,962] {processor.py:641} INFO - Processing file /home/airflow/.local/lib/python3.7/site-packages/airflow/example_dags/example_branch_operator.py for tasks to queue
[2022-10-09 14:39:52,964] {logging_mixin.py:115} INFO - [2022-10-09 14:39:52,963] {dagbag.py:508} INFO - Filling up the DagBag from /home/airflow/.local/lib/python3.7/site-packages/airflow/example_dags/example_branch_operator.py
[2022-10-09 14:39:52,989] {processor.py:651} INFO - DAG(s) dict_keys(['example_branch_operator']) retrieved from /home/airflow/.local/lib/python3.7/site-packages/airflow/example_dags/example_branch_operator.py
[2022-10-09 14:39:53,043] {logging_mixin.py:115} INFO - [2022-10-09 14:39:53,043] {dag.py:2420} INFO - Sync 1 DAGs
[2022-10-09 14:39:53,095] {logging_mixin.py:115} INFO - [2022-10-09 14:39:53,095] {dag.py:2972} INFO - Setting next_dagrun for example_branch_operator to 2022-10-08T00:00:00+00:00, run_after=2022-10-09T00:00:00+00:00
[2022-10-09 14:39:53,123] {processor.py:161} INFO - Processing /home/airflow/.local/lib/python3.7/site-packages/airflow/example_dags/example_branch_operator.py took 0.169 seconds
[2022-10-09 14:40:23,788] {processor.py:153} INFO - Started process (PID=5244) to work on /home/airflow/.local/lib/python3.7/site-packages/airflow/example_dags/example_branch_operator.py
[2022-10-09 14:40:23,789] {processor.py:641} INFO - Processing file /home/airflow/.local/lib/python3.7/site-packages/airflow/example_dags/example_branch_operator.py for tasks to queue
[2022-10-09 14:40:23,790] {logging_mixin.py:115} INFO - [2022-10-09 14:40:23,790] {dagbag.py:508} INFO - Filling up the DagBag from /home/airflow/.local/lib/python3.7/site-packages/airflow/example_dags/example_branch_operator.py
[2022-10-09 14:40:23,813] {processor.py:651} INFO - DAG(s) dict_keys(['example_branch_operator']) retrieved from /home/airflow/.local/lib/python3.7/site-packages/airflow/example_dags/example_branch_operator.py
[2022-10-09 14:40:23,863] {logging_mixin.py:115} INFO - [2022-10-09 14:40:23,862] {dag.py:2420} INFO - Sync 1 DAGs
[2022-10-09 14:40:23,920] {logging_mixin.py:115} INFO - [2022-10-09 14:40:23,920] {dag.py:2972} INFO - Setting next_dagrun for example_branch_operator to 2022-10-08T00:00:00+00:00, run_after=2022-10-09T00:00:00+00:00
[2022-10-09 14:40:23,966] {processor.py:161} INFO - Processing /home/airflow/.local/lib/python3.7/site-packages/airflow/example_dags/example_branch_operator.py took 0.182 seconds
