[2022-10-09 14:15:47,249] {processor.py:153} INFO - Started process (PID=2547) to work on /home/airflow/.local/lib/python3.7/site-packages/airflow/example_dags/example_branch_python_dop_operator_3.py
[2022-10-09 14:15:47,249] {processor.py:641} INFO - Processing file /home/airflow/.local/lib/python3.7/site-packages/airflow/example_dags/example_branch_python_dop_operator_3.py for tasks to queue
[2022-10-09 14:15:47,250] {logging_mixin.py:115} INFO - [2022-10-09 14:15:47,250] {dagbag.py:508} INFO - Filling up the DagBag from /home/airflow/.local/lib/python3.7/site-packages/airflow/example_dags/example_branch_python_dop_operator_3.py
[2022-10-09 14:15:47,485] {processor.py:651} INFO - DAG(s) dict_keys(['example_branch_dop_operator_v3']) retrieved from /home/airflow/.local/lib/python3.7/site-packages/airflow/example_dags/example_branch_python_dop_operator_3.py
[2022-10-09 14:15:47,529] {logging_mixin.py:115} INFO - [2022-10-09 14:15:47,529] {dag.py:2420} INFO - Sync 1 DAGs
[2022-10-09 14:15:47,598] {logging_mixin.py:115} INFO - [2022-10-09 14:15:47,598] {dag.py:2972} INFO - Setting next_dagrun for example_branch_dop_operator_v3 to 2022-10-09T14:14:00+00:00, run_after=2022-10-09T14:15:00+00:00
[2022-10-09 14:15:47,630] {processor.py:161} INFO - Processing /home/airflow/.local/lib/python3.7/site-packages/airflow/example_dags/example_branch_python_dop_operator_3.py took 0.387 seconds
[2022-10-09 14:16:18,530] {processor.py:153} INFO - Started process (PID=2599) to work on /home/airflow/.local/lib/python3.7/site-packages/airflow/example_dags/example_branch_python_dop_operator_3.py
[2022-10-09 14:16:18,531] {processor.py:641} INFO - Processing file /home/airflow/.local/lib/python3.7/site-packages/airflow/example_dags/example_branch_python_dop_operator_3.py for tasks to queue
[2022-10-09 14:16:18,533] {logging_mixin.py:115} INFO - [2022-10-09 14:16:18,532] {dagbag.py:508} INFO - Filling up the DagBag from /home/airflow/.local/lib/python3.7/site-packages/airflow/example_dags/example_branch_python_dop_operator_3.py
[2022-10-09 14:16:18,892] {processor.py:651} INFO - DAG(s) dict_keys(['example_branch_dop_operator_v3']) retrieved from /home/airflow/.local/lib/python3.7/site-packages/airflow/example_dags/example_branch_python_dop_operator_3.py
[2022-10-09 14:16:18,948] {logging_mixin.py:115} INFO - [2022-10-09 14:16:18,948] {dag.py:2420} INFO - Sync 1 DAGs
[2022-10-09 14:16:19,026] {logging_mixin.py:115} INFO - [2022-10-09 14:16:19,026] {dag.py:2972} INFO - Setting next_dagrun for example_branch_dop_operator_v3 to 2022-10-09T14:15:00+00:00, run_after=2022-10-09T14:16:00+00:00
[2022-10-09 14:16:19,063] {processor.py:161} INFO - Processing /home/airflow/.local/lib/python3.7/site-packages/airflow/example_dags/example_branch_python_dop_operator_3.py took 0.540 seconds
[2022-10-09 14:16:50,737] {processor.py:153} INFO - Started process (PID=2661) to work on /home/airflow/.local/lib/python3.7/site-packages/airflow/example_dags/example_branch_python_dop_operator_3.py
[2022-10-09 14:16:50,738] {processor.py:641} INFO - Processing file /home/airflow/.local/lib/python3.7/site-packages/airflow/example_dags/example_branch_python_dop_operator_3.py for tasks to queue
[2022-10-09 14:16:50,739] {logging_mixin.py:115} INFO - [2022-10-09 14:16:50,739] {dagbag.py:508} INFO - Filling up the DagBag from /home/airflow/.local/lib/python3.7/site-packages/airflow/example_dags/example_branch_python_dop_operator_3.py
[2022-10-09 14:16:50,941] {processor.py:651} INFO - DAG(s) dict_keys(['example_branch_dop_operator_v3']) retrieved from /home/airflow/.local/lib/python3.7/site-packages/airflow/example_dags/example_branch_python_dop_operator_3.py
[2022-10-09 14:16:50,976] {logging_mixin.py:115} INFO - [2022-10-09 14:16:50,976] {dag.py:2420} INFO - Sync 1 DAGs
[2022-10-09 14:16:51,023] {logging_mixin.py:115} INFO - [2022-10-09 14:16:51,023] {dag.py:2972} INFO - Setting next_dagrun for example_branch_dop_operator_v3 to 2022-10-09T14:15:00+00:00, run_after=2022-10-09T14:16:00+00:00
[2022-10-09 14:16:51,040] {processor.py:161} INFO - Processing /home/airflow/.local/lib/python3.7/site-packages/airflow/example_dags/example_branch_python_dop_operator_3.py took 0.307 seconds
[2022-10-09 14:17:21,182] {processor.py:153} INFO - Started process (PID=2714) to work on /home/airflow/.local/lib/python3.7/site-packages/airflow/example_dags/example_branch_python_dop_operator_3.py
[2022-10-09 14:17:21,183] {processor.py:641} INFO - Processing file /home/airflow/.local/lib/python3.7/site-packages/airflow/example_dags/example_branch_python_dop_operator_3.py for tasks to queue
[2022-10-09 14:17:21,184] {logging_mixin.py:115} INFO - [2022-10-09 14:17:21,184] {dagbag.py:508} INFO - Filling up the DagBag from /home/airflow/.local/lib/python3.7/site-packages/airflow/example_dags/example_branch_python_dop_operator_3.py
[2022-10-09 14:17:21,385] {processor.py:651} INFO - DAG(s) dict_keys(['example_branch_dop_operator_v3']) retrieved from /home/airflow/.local/lib/python3.7/site-packages/airflow/example_dags/example_branch_python_dop_operator_3.py
[2022-10-09 14:17:21,412] {logging_mixin.py:115} INFO - [2022-10-09 14:17:21,411] {dag.py:2420} INFO - Sync 1 DAGs
[2022-10-09 14:17:21,453] {logging_mixin.py:115} INFO - [2022-10-09 14:17:21,453] {dag.py:2972} INFO - Setting next_dagrun for example_branch_dop_operator_v3 to 2022-10-09T14:16:00+00:00, run_after=2022-10-09T14:17:00+00:00
[2022-10-09 14:17:21,472] {processor.py:161} INFO - Processing /home/airflow/.local/lib/python3.7/site-packages/airflow/example_dags/example_branch_python_dop_operator_3.py took 0.294 seconds
[2022-10-09 14:17:51,662] {processor.py:153} INFO - Started process (PID=2767) to work on /home/airflow/.local/lib/python3.7/site-packages/airflow/example_dags/example_branch_python_dop_operator_3.py
[2022-10-09 14:17:51,663] {processor.py:641} INFO - Processing file /home/airflow/.local/lib/python3.7/site-packages/airflow/example_dags/example_branch_python_dop_operator_3.py for tasks to queue
[2022-10-09 14:17:51,665] {logging_mixin.py:115} INFO - [2022-10-09 14:17:51,665] {dagbag.py:508} INFO - Filling up the DagBag from /home/airflow/.local/lib/python3.7/site-packages/airflow/example_dags/example_branch_python_dop_operator_3.py
[2022-10-09 14:17:51,988] {processor.py:651} INFO - DAG(s) dict_keys(['example_branch_dop_operator_v3']) retrieved from /home/airflow/.local/lib/python3.7/site-packages/airflow/example_dags/example_branch_python_dop_operator_3.py
[2022-10-09 14:17:52,029] {logging_mixin.py:115} INFO - [2022-10-09 14:17:52,029] {dag.py:2420} INFO - Sync 1 DAGs
[2022-10-09 14:17:52,084] {logging_mixin.py:115} INFO - [2022-10-09 14:17:52,084] {dag.py:2972} INFO - Setting next_dagrun for example_branch_dop_operator_v3 to 2022-10-09T14:16:00+00:00, run_after=2022-10-09T14:17:00+00:00
[2022-10-09 14:17:52,112] {processor.py:161} INFO - Processing /home/airflow/.local/lib/python3.7/site-packages/airflow/example_dags/example_branch_python_dop_operator_3.py took 0.459 seconds
[2022-10-09 14:18:23,387] {processor.py:153} INFO - Started process (PID=2819) to work on /home/airflow/.local/lib/python3.7/site-packages/airflow/example_dags/example_branch_python_dop_operator_3.py
[2022-10-09 14:18:23,388] {processor.py:641} INFO - Processing file /home/airflow/.local/lib/python3.7/site-packages/airflow/example_dags/example_branch_python_dop_operator_3.py for tasks to queue
[2022-10-09 14:18:23,389] {logging_mixin.py:115} INFO - [2022-10-09 14:18:23,389] {dagbag.py:508} INFO - Filling up the DagBag from /home/airflow/.local/lib/python3.7/site-packages/airflow/example_dags/example_branch_python_dop_operator_3.py
[2022-10-09 14:18:23,691] {processor.py:651} INFO - DAG(s) dict_keys(['example_branch_dop_operator_v3']) retrieved from /home/airflow/.local/lib/python3.7/site-packages/airflow/example_dags/example_branch_python_dop_operator_3.py
[2022-10-09 14:18:23,728] {logging_mixin.py:115} INFO - [2022-10-09 14:18:23,727] {dag.py:2420} INFO - Sync 1 DAGs
[2022-10-09 14:18:23,780] {logging_mixin.py:115} INFO - [2022-10-09 14:18:23,780] {dag.py:2972} INFO - Setting next_dagrun for example_branch_dop_operator_v3 to 2022-10-09T14:17:00+00:00, run_after=2022-10-09T14:18:00+00:00
[2022-10-09 14:18:23,804] {processor.py:161} INFO - Processing /home/airflow/.local/lib/python3.7/site-packages/airflow/example_dags/example_branch_python_dop_operator_3.py took 0.423 seconds
[2022-10-09 14:18:54,296] {processor.py:153} INFO - Started process (PID=2881) to work on /home/airflow/.local/lib/python3.7/site-packages/airflow/example_dags/example_branch_python_dop_operator_3.py
[2022-10-09 14:18:54,297] {processor.py:641} INFO - Processing file /home/airflow/.local/lib/python3.7/site-packages/airflow/example_dags/example_branch_python_dop_operator_3.py for tasks to queue
[2022-10-09 14:18:54,298] {logging_mixin.py:115} INFO - [2022-10-09 14:18:54,298] {dagbag.py:508} INFO - Filling up the DagBag from /home/airflow/.local/lib/python3.7/site-packages/airflow/example_dags/example_branch_python_dop_operator_3.py
[2022-10-09 14:18:54,539] {processor.py:651} INFO - DAG(s) dict_keys(['example_branch_dop_operator_v3']) retrieved from /home/airflow/.local/lib/python3.7/site-packages/airflow/example_dags/example_branch_python_dop_operator_3.py
[2022-10-09 14:18:54,618] {logging_mixin.py:115} INFO - [2022-10-09 14:18:54,617] {dag.py:2420} INFO - Sync 1 DAGs
[2022-10-09 14:18:54,700] {logging_mixin.py:115} INFO - [2022-10-09 14:18:54,699] {dag.py:2972} INFO - Setting next_dagrun for example_branch_dop_operator_v3 to 2022-10-09T14:17:00+00:00, run_after=2022-10-09T14:18:00+00:00
[2022-10-09 14:18:54,729] {processor.py:161} INFO - Processing /home/airflow/.local/lib/python3.7/site-packages/airflow/example_dags/example_branch_python_dop_operator_3.py took 0.437 seconds
[2022-10-09 14:19:25,980] {processor.py:153} INFO - Started process (PID=2934) to work on /home/airflow/.local/lib/python3.7/site-packages/airflow/example_dags/example_branch_python_dop_operator_3.py
[2022-10-09 14:19:25,981] {processor.py:641} INFO - Processing file /home/airflow/.local/lib/python3.7/site-packages/airflow/example_dags/example_branch_python_dop_operator_3.py for tasks to queue
[2022-10-09 14:19:25,982] {logging_mixin.py:115} INFO - [2022-10-09 14:19:25,982] {dagbag.py:508} INFO - Filling up the DagBag from /home/airflow/.local/lib/python3.7/site-packages/airflow/example_dags/example_branch_python_dop_operator_3.py
[2022-10-09 14:19:26,204] {processor.py:651} INFO - DAG(s) dict_keys(['example_branch_dop_operator_v3']) retrieved from /home/airflow/.local/lib/python3.7/site-packages/airflow/example_dags/example_branch_python_dop_operator_3.py
[2022-10-09 14:19:26,246] {logging_mixin.py:115} INFO - [2022-10-09 14:19:26,246] {dag.py:2420} INFO - Sync 1 DAGs
[2022-10-09 14:19:26,306] {logging_mixin.py:115} INFO - [2022-10-09 14:19:26,305] {dag.py:2972} INFO - Setting next_dagrun for example_branch_dop_operator_v3 to 2022-10-09T14:18:00+00:00, run_after=2022-10-09T14:19:00+00:00
[2022-10-09 14:19:26,325] {processor.py:161} INFO - Processing /home/airflow/.local/lib/python3.7/site-packages/airflow/example_dags/example_branch_python_dop_operator_3.py took 0.349 seconds
[2022-10-09 14:19:56,567] {processor.py:153} INFO - Started process (PID=2987) to work on /home/airflow/.local/lib/python3.7/site-packages/airflow/example_dags/example_branch_python_dop_operator_3.py
[2022-10-09 14:19:56,568] {processor.py:641} INFO - Processing file /home/airflow/.local/lib/python3.7/site-packages/airflow/example_dags/example_branch_python_dop_operator_3.py for tasks to queue
[2022-10-09 14:19:56,570] {logging_mixin.py:115} INFO - [2022-10-09 14:19:56,569] {dagbag.py:508} INFO - Filling up the DagBag from /home/airflow/.local/lib/python3.7/site-packages/airflow/example_dags/example_branch_python_dop_operator_3.py
[2022-10-09 14:19:56,845] {processor.py:651} INFO - DAG(s) dict_keys(['example_branch_dop_operator_v3']) retrieved from /home/airflow/.local/lib/python3.7/site-packages/airflow/example_dags/example_branch_python_dop_operator_3.py
[2022-10-09 14:19:56,891] {logging_mixin.py:115} INFO - [2022-10-09 14:19:56,891] {dag.py:2420} INFO - Sync 1 DAGs
[2022-10-09 14:19:56,948] {logging_mixin.py:115} INFO - [2022-10-09 14:19:56,948] {dag.py:2972} INFO - Setting next_dagrun for example_branch_dop_operator_v3 to 2022-10-09T14:18:00+00:00, run_after=2022-10-09T14:19:00+00:00
[2022-10-09 14:19:56,986] {processor.py:161} INFO - Processing /home/airflow/.local/lib/python3.7/site-packages/airflow/example_dags/example_branch_python_dop_operator_3.py took 0.427 seconds
[2022-10-09 14:20:27,633] {processor.py:153} INFO - Started process (PID=3050) to work on /home/airflow/.local/lib/python3.7/site-packages/airflow/example_dags/example_branch_python_dop_operator_3.py
[2022-10-09 14:20:27,635] {processor.py:641} INFO - Processing file /home/airflow/.local/lib/python3.7/site-packages/airflow/example_dags/example_branch_python_dop_operator_3.py for tasks to queue
[2022-10-09 14:20:27,636] {logging_mixin.py:115} INFO - [2022-10-09 14:20:27,636] {dagbag.py:508} INFO - Filling up the DagBag from /home/airflow/.local/lib/python3.7/site-packages/airflow/example_dags/example_branch_python_dop_operator_3.py
[2022-10-09 14:20:27,932] {processor.py:651} INFO - DAG(s) dict_keys(['example_branch_dop_operator_v3']) retrieved from /home/airflow/.local/lib/python3.7/site-packages/airflow/example_dags/example_branch_python_dop_operator_3.py
[2022-10-09 14:20:27,971] {logging_mixin.py:115} INFO - [2022-10-09 14:20:27,971] {dag.py:2420} INFO - Sync 1 DAGs
[2022-10-09 14:20:28,021] {logging_mixin.py:115} INFO - [2022-10-09 14:20:28,021] {dag.py:2972} INFO - Setting next_dagrun for example_branch_dop_operator_v3 to 2022-10-09T14:19:00+00:00, run_after=2022-10-09T14:20:00+00:00
[2022-10-09 14:20:28,048] {processor.py:161} INFO - Processing /home/airflow/.local/lib/python3.7/site-packages/airflow/example_dags/example_branch_python_dop_operator_3.py took 0.423 seconds
[2022-10-09 14:20:58,333] {processor.py:153} INFO - Started process (PID=3103) to work on /home/airflow/.local/lib/python3.7/site-packages/airflow/example_dags/example_branch_python_dop_operator_3.py
[2022-10-09 14:20:58,334] {processor.py:641} INFO - Processing file /home/airflow/.local/lib/python3.7/site-packages/airflow/example_dags/example_branch_python_dop_operator_3.py for tasks to queue
[2022-10-09 14:20:58,335] {logging_mixin.py:115} INFO - [2022-10-09 14:20:58,334] {dagbag.py:508} INFO - Filling up the DagBag from /home/airflow/.local/lib/python3.7/site-packages/airflow/example_dags/example_branch_python_dop_operator_3.py
[2022-10-09 14:20:58,359] {processor.py:651} INFO - DAG(s) dict_keys(['example_branch_dop_operator_v3']) retrieved from /home/airflow/.local/lib/python3.7/site-packages/airflow/example_dags/example_branch_python_dop_operator_3.py
[2022-10-09 14:20:58,420] {logging_mixin.py:115} INFO - [2022-10-09 14:20:58,420] {dag.py:2420} INFO - Sync 1 DAGs
[2022-10-09 14:20:58,501] {logging_mixin.py:115} INFO - [2022-10-09 14:20:58,501] {dag.py:2972} INFO - Setting next_dagrun for example_branch_dop_operator_v3 to 2022-10-09T14:19:00+00:00, run_after=2022-10-09T14:20:00+00:00
[2022-10-09 14:20:58,543] {processor.py:161} INFO - Processing /home/airflow/.local/lib/python3.7/site-packages/airflow/example_dags/example_branch_python_dop_operator_3.py took 0.218 seconds
[2022-10-09 14:21:29,092] {processor.py:153} INFO - Started process (PID=3163) to work on /home/airflow/.local/lib/python3.7/site-packages/airflow/example_dags/example_branch_python_dop_operator_3.py
[2022-10-09 14:21:29,093] {processor.py:641} INFO - Processing file /home/airflow/.local/lib/python3.7/site-packages/airflow/example_dags/example_branch_python_dop_operator_3.py for tasks to queue
[2022-10-09 14:21:29,094] {logging_mixin.py:115} INFO - [2022-10-09 14:21:29,094] {dagbag.py:508} INFO - Filling up the DagBag from /home/airflow/.local/lib/python3.7/site-packages/airflow/example_dags/example_branch_python_dop_operator_3.py
[2022-10-09 14:21:29,116] {processor.py:651} INFO - DAG(s) dict_keys(['example_branch_dop_operator_v3']) retrieved from /home/airflow/.local/lib/python3.7/site-packages/airflow/example_dags/example_branch_python_dop_operator_3.py
[2022-10-09 14:21:29,160] {logging_mixin.py:115} INFO - [2022-10-09 14:21:29,160] {dag.py:2420} INFO - Sync 1 DAGs
[2022-10-09 14:21:29,218] {logging_mixin.py:115} INFO - [2022-10-09 14:21:29,218] {dag.py:2972} INFO - Setting next_dagrun for example_branch_dop_operator_v3 to 2022-10-09T14:20:00+00:00, run_after=2022-10-09T14:21:00+00:00
[2022-10-09 14:21:29,245] {processor.py:161} INFO - Processing /home/airflow/.local/lib/python3.7/site-packages/airflow/example_dags/example_branch_python_dop_operator_3.py took 0.160 seconds
[2022-10-09 14:22:00,164] {processor.py:153} INFO - Started process (PID=3218) to work on /home/airflow/.local/lib/python3.7/site-packages/airflow/example_dags/example_branch_python_dop_operator_3.py
[2022-10-09 14:22:00,165] {processor.py:641} INFO - Processing file /home/airflow/.local/lib/python3.7/site-packages/airflow/example_dags/example_branch_python_dop_operator_3.py for tasks to queue
[2022-10-09 14:22:00,166] {logging_mixin.py:115} INFO - [2022-10-09 14:22:00,166] {dagbag.py:508} INFO - Filling up the DagBag from /home/airflow/.local/lib/python3.7/site-packages/airflow/example_dags/example_branch_python_dop_operator_3.py
[2022-10-09 14:22:00,187] {processor.py:651} INFO - DAG(s) dict_keys(['example_branch_dop_operator_v3']) retrieved from /home/airflow/.local/lib/python3.7/site-packages/airflow/example_dags/example_branch_python_dop_operator_3.py
[2022-10-09 14:22:00,241] {logging_mixin.py:115} INFO - [2022-10-09 14:22:00,241] {dag.py:2420} INFO - Sync 1 DAGs
[2022-10-09 14:22:00,292] {logging_mixin.py:115} INFO - [2022-10-09 14:22:00,291] {dag.py:2972} INFO - Setting next_dagrun for example_branch_dop_operator_v3 to 2022-10-09T14:21:00+00:00, run_after=2022-10-09T14:22:00+00:00
[2022-10-09 14:22:00,314] {processor.py:161} INFO - Processing /home/airflow/.local/lib/python3.7/site-packages/airflow/example_dags/example_branch_python_dop_operator_3.py took 0.156 seconds
[2022-10-09 14:22:30,927] {processor.py:153} INFO - Started process (PID=3271) to work on /home/airflow/.local/lib/python3.7/site-packages/airflow/example_dags/example_branch_python_dop_operator_3.py
[2022-10-09 14:22:30,929] {processor.py:641} INFO - Processing file /home/airflow/.local/lib/python3.7/site-packages/airflow/example_dags/example_branch_python_dop_operator_3.py for tasks to queue
[2022-10-09 14:22:30,930] {logging_mixin.py:115} INFO - [2022-10-09 14:22:30,930] {dagbag.py:508} INFO - Filling up the DagBag from /home/airflow/.local/lib/python3.7/site-packages/airflow/example_dags/example_branch_python_dop_operator_3.py
[2022-10-09 14:22:30,956] {processor.py:651} INFO - DAG(s) dict_keys(['example_branch_dop_operator_v3']) retrieved from /home/airflow/.local/lib/python3.7/site-packages/airflow/example_dags/example_branch_python_dop_operator_3.py
[2022-10-09 14:22:31,003] {logging_mixin.py:115} INFO - [2022-10-09 14:22:31,003] {dag.py:2420} INFO - Sync 1 DAGs
[2022-10-09 14:22:31,054] {logging_mixin.py:115} INFO - [2022-10-09 14:22:31,054] {dag.py:2972} INFO - Setting next_dagrun for example_branch_dop_operator_v3 to 2022-10-09T14:21:00+00:00, run_after=2022-10-09T14:22:00+00:00
[2022-10-09 14:22:31,079] {processor.py:161} INFO - Processing /home/airflow/.local/lib/python3.7/site-packages/airflow/example_dags/example_branch_python_dop_operator_3.py took 0.160 seconds
[2022-10-09 14:23:01,622] {processor.py:153} INFO - Started process (PID=3334) to work on /home/airflow/.local/lib/python3.7/site-packages/airflow/example_dags/example_branch_python_dop_operator_3.py
[2022-10-09 14:23:01,624] {processor.py:641} INFO - Processing file /home/airflow/.local/lib/python3.7/site-packages/airflow/example_dags/example_branch_python_dop_operator_3.py for tasks to queue
[2022-10-09 14:23:01,626] {logging_mixin.py:115} INFO - [2022-10-09 14:23:01,625] {dagbag.py:508} INFO - Filling up the DagBag from /home/airflow/.local/lib/python3.7/site-packages/airflow/example_dags/example_branch_python_dop_operator_3.py
[2022-10-09 14:23:01,649] {processor.py:651} INFO - DAG(s) dict_keys(['example_branch_dop_operator_v3']) retrieved from /home/airflow/.local/lib/python3.7/site-packages/airflow/example_dags/example_branch_python_dop_operator_3.py
[2022-10-09 14:23:01,709] {logging_mixin.py:115} INFO - [2022-10-09 14:23:01,709] {dag.py:2420} INFO - Sync 1 DAGs
[2022-10-09 14:23:01,772] {logging_mixin.py:115} INFO - [2022-10-09 14:23:01,772] {dag.py:2972} INFO - Setting next_dagrun for example_branch_dop_operator_v3 to 2022-10-09T14:22:00+00:00, run_after=2022-10-09T14:23:00+00:00
[2022-10-09 14:23:01,798] {processor.py:161} INFO - Processing /home/airflow/.local/lib/python3.7/site-packages/airflow/example_dags/example_branch_python_dop_operator_3.py took 0.186 seconds
[2022-10-09 14:23:32,444] {processor.py:153} INFO - Started process (PID=3387) to work on /home/airflow/.local/lib/python3.7/site-packages/airflow/example_dags/example_branch_python_dop_operator_3.py
[2022-10-09 14:23:32,445] {processor.py:641} INFO - Processing file /home/airflow/.local/lib/python3.7/site-packages/airflow/example_dags/example_branch_python_dop_operator_3.py for tasks to queue
[2022-10-09 14:23:32,447] {logging_mixin.py:115} INFO - [2022-10-09 14:23:32,446] {dagbag.py:508} INFO - Filling up the DagBag from /home/airflow/.local/lib/python3.7/site-packages/airflow/example_dags/example_branch_python_dop_operator_3.py
[2022-10-09 14:23:32,473] {processor.py:651} INFO - DAG(s) dict_keys(['example_branch_dop_operator_v3']) retrieved from /home/airflow/.local/lib/python3.7/site-packages/airflow/example_dags/example_branch_python_dop_operator_3.py
[2022-10-09 14:23:32,521] {logging_mixin.py:115} INFO - [2022-10-09 14:23:32,521] {dag.py:2420} INFO - Sync 1 DAGs
[2022-10-09 14:23:32,579] {logging_mixin.py:115} INFO - [2022-10-09 14:23:32,578] {dag.py:2972} INFO - Setting next_dagrun for example_branch_dop_operator_v3 to 2022-10-09T14:22:00+00:00, run_after=2022-10-09T14:23:00+00:00
[2022-10-09 14:23:32,605] {processor.py:161} INFO - Processing /home/airflow/.local/lib/python3.7/site-packages/airflow/example_dags/example_branch_python_dop_operator_3.py took 0.169 seconds
[2022-10-09 14:24:03,330] {processor.py:153} INFO - Started process (PID=3439) to work on /home/airflow/.local/lib/python3.7/site-packages/airflow/example_dags/example_branch_python_dop_operator_3.py
[2022-10-09 14:24:03,333] {processor.py:641} INFO - Processing file /home/airflow/.local/lib/python3.7/site-packages/airflow/example_dags/example_branch_python_dop_operator_3.py for tasks to queue
[2022-10-09 14:24:03,335] {logging_mixin.py:115} INFO - [2022-10-09 14:24:03,335] {dagbag.py:508} INFO - Filling up the DagBag from /home/airflow/.local/lib/python3.7/site-packages/airflow/example_dags/example_branch_python_dop_operator_3.py
[2022-10-09 14:24:03,359] {processor.py:651} INFO - DAG(s) dict_keys(['example_branch_dop_operator_v3']) retrieved from /home/airflow/.local/lib/python3.7/site-packages/airflow/example_dags/example_branch_python_dop_operator_3.py
[2022-10-09 14:24:03,423] {logging_mixin.py:115} INFO - [2022-10-09 14:24:03,423] {dag.py:2420} INFO - Sync 1 DAGs
[2022-10-09 14:24:03,490] {logging_mixin.py:115} INFO - [2022-10-09 14:24:03,489] {dag.py:2972} INFO - Setting next_dagrun for example_branch_dop_operator_v3 to 2022-10-09T14:23:00+00:00, run_after=2022-10-09T14:24:00+00:00
[2022-10-09 14:24:03,521] {processor.py:161} INFO - Processing /home/airflow/.local/lib/python3.7/site-packages/airflow/example_dags/example_branch_python_dop_operator_3.py took 0.200 seconds
[2022-10-09 14:24:34,051] {processor.py:153} INFO - Started process (PID=3501) to work on /home/airflow/.local/lib/python3.7/site-packages/airflow/example_dags/example_branch_python_dop_operator_3.py
[2022-10-09 14:24:34,052] {processor.py:641} INFO - Processing file /home/airflow/.local/lib/python3.7/site-packages/airflow/example_dags/example_branch_python_dop_operator_3.py for tasks to queue
[2022-10-09 14:24:34,053] {logging_mixin.py:115} INFO - [2022-10-09 14:24:34,053] {dagbag.py:508} INFO - Filling up the DagBag from /home/airflow/.local/lib/python3.7/site-packages/airflow/example_dags/example_branch_python_dop_operator_3.py
[2022-10-09 14:24:34,085] {processor.py:651} INFO - DAG(s) dict_keys(['example_branch_dop_operator_v3']) retrieved from /home/airflow/.local/lib/python3.7/site-packages/airflow/example_dags/example_branch_python_dop_operator_3.py
[2022-10-09 14:24:34,134] {logging_mixin.py:115} INFO - [2022-10-09 14:24:34,134] {dag.py:2420} INFO - Sync 1 DAGs
[2022-10-09 14:24:34,189] {logging_mixin.py:115} INFO - [2022-10-09 14:24:34,189] {dag.py:2972} INFO - Setting next_dagrun for example_branch_dop_operator_v3 to 2022-10-09T14:23:00+00:00, run_after=2022-10-09T14:24:00+00:00
[2022-10-09 14:24:34,215] {processor.py:161} INFO - Processing /home/airflow/.local/lib/python3.7/site-packages/airflow/example_dags/example_branch_python_dop_operator_3.py took 0.172 seconds
[2022-10-09 14:25:04,966] {processor.py:153} INFO - Started process (PID=3554) to work on /home/airflow/.local/lib/python3.7/site-packages/airflow/example_dags/example_branch_python_dop_operator_3.py
[2022-10-09 14:25:04,967] {processor.py:641} INFO - Processing file /home/airflow/.local/lib/python3.7/site-packages/airflow/example_dags/example_branch_python_dop_operator_3.py for tasks to queue
[2022-10-09 14:25:04,968] {logging_mixin.py:115} INFO - [2022-10-09 14:25:04,968] {dagbag.py:508} INFO - Filling up the DagBag from /home/airflow/.local/lib/python3.7/site-packages/airflow/example_dags/example_branch_python_dop_operator_3.py
[2022-10-09 14:25:04,985] {processor.py:651} INFO - DAG(s) dict_keys(['example_branch_dop_operator_v3']) retrieved from /home/airflow/.local/lib/python3.7/site-packages/airflow/example_dags/example_branch_python_dop_operator_3.py
[2022-10-09 14:25:05,050] {logging_mixin.py:115} INFO - [2022-10-09 14:25:05,050] {dag.py:2420} INFO - Sync 1 DAGs
[2022-10-09 14:25:05,124] {logging_mixin.py:115} INFO - [2022-10-09 14:25:05,123] {dag.py:2972} INFO - Setting next_dagrun for example_branch_dop_operator_v3 to 2022-10-09T14:24:00+00:00, run_after=2022-10-09T14:25:00+00:00
[2022-10-09 14:25:05,159] {processor.py:161} INFO - Processing /home/airflow/.local/lib/python3.7/site-packages/airflow/example_dags/example_branch_python_dop_operator_3.py took 0.197 seconds
[2022-10-09 14:25:35,291] {processor.py:153} INFO - Started process (PID=3607) to work on /home/airflow/.local/lib/python3.7/site-packages/airflow/example_dags/example_branch_python_dop_operator_3.py
[2022-10-09 14:25:35,294] {processor.py:641} INFO - Processing file /home/airflow/.local/lib/python3.7/site-packages/airflow/example_dags/example_branch_python_dop_operator_3.py for tasks to queue
[2022-10-09 14:25:35,296] {logging_mixin.py:115} INFO - [2022-10-09 14:25:35,296] {dagbag.py:508} INFO - Filling up the DagBag from /home/airflow/.local/lib/python3.7/site-packages/airflow/example_dags/example_branch_python_dop_operator_3.py
[2022-10-09 14:25:35,330] {processor.py:651} INFO - DAG(s) dict_keys(['example_branch_dop_operator_v3']) retrieved from /home/airflow/.local/lib/python3.7/site-packages/airflow/example_dags/example_branch_python_dop_operator_3.py
[2022-10-09 14:25:35,400] {logging_mixin.py:115} INFO - [2022-10-09 14:25:35,399] {dag.py:2420} INFO - Sync 1 DAGs
[2022-10-09 14:25:35,477] {logging_mixin.py:115} INFO - [2022-10-09 14:25:35,476] {dag.py:2972} INFO - Setting next_dagrun for example_branch_dop_operator_v3 to 2022-10-09T14:24:00+00:00, run_after=2022-10-09T14:25:00+00:00
[2022-10-09 14:25:35,517] {processor.py:161} INFO - Processing /home/airflow/.local/lib/python3.7/site-packages/airflow/example_dags/example_branch_python_dop_operator_3.py took 0.237 seconds
[2022-10-09 14:26:05,639] {processor.py:153} INFO - Started process (PID=3670) to work on /home/airflow/.local/lib/python3.7/site-packages/airflow/example_dags/example_branch_python_dop_operator_3.py
[2022-10-09 14:26:05,640] {processor.py:641} INFO - Processing file /home/airflow/.local/lib/python3.7/site-packages/airflow/example_dags/example_branch_python_dop_operator_3.py for tasks to queue
[2022-10-09 14:26:05,641] {logging_mixin.py:115} INFO - [2022-10-09 14:26:05,640] {dagbag.py:508} INFO - Filling up the DagBag from /home/airflow/.local/lib/python3.7/site-packages/airflow/example_dags/example_branch_python_dop_operator_3.py
[2022-10-09 14:26:05,662] {processor.py:651} INFO - DAG(s) dict_keys(['example_branch_dop_operator_v3']) retrieved from /home/airflow/.local/lib/python3.7/site-packages/airflow/example_dags/example_branch_python_dop_operator_3.py
[2022-10-09 14:26:05,713] {logging_mixin.py:115} INFO - [2022-10-09 14:26:05,713] {dag.py:2420} INFO - Sync 1 DAGs
[2022-10-09 14:26:05,764] {logging_mixin.py:115} INFO - [2022-10-09 14:26:05,764] {dag.py:2972} INFO - Setting next_dagrun for example_branch_dop_operator_v3 to 2022-10-09T14:25:00+00:00, run_after=2022-10-09T14:26:00+00:00
[2022-10-09 14:26:05,787] {processor.py:161} INFO - Processing /home/airflow/.local/lib/python3.7/site-packages/airflow/example_dags/example_branch_python_dop_operator_3.py took 0.154 seconds
[2022-10-09 14:26:36,745] {processor.py:153} INFO - Started process (PID=3724) to work on /home/airflow/.local/lib/python3.7/site-packages/airflow/example_dags/example_branch_python_dop_operator_3.py
[2022-10-09 14:26:36,747] {processor.py:641} INFO - Processing file /home/airflow/.local/lib/python3.7/site-packages/airflow/example_dags/example_branch_python_dop_operator_3.py for tasks to queue
[2022-10-09 14:26:36,748] {logging_mixin.py:115} INFO - [2022-10-09 14:26:36,748] {dagbag.py:508} INFO - Filling up the DagBag from /home/airflow/.local/lib/python3.7/site-packages/airflow/example_dags/example_branch_python_dop_operator_3.py
[2022-10-09 14:26:36,771] {processor.py:651} INFO - DAG(s) dict_keys(['example_branch_dop_operator_v3']) retrieved from /home/airflow/.local/lib/python3.7/site-packages/airflow/example_dags/example_branch_python_dop_operator_3.py
[2022-10-09 14:26:36,823] {logging_mixin.py:115} INFO - [2022-10-09 14:26:36,823] {dag.py:2420} INFO - Sync 1 DAGs
[2022-10-09 14:26:36,882] {logging_mixin.py:115} INFO - [2022-10-09 14:26:36,882] {dag.py:2972} INFO - Setting next_dagrun for example_branch_dop_operator_v3 to 2022-10-09T14:25:00+00:00, run_after=2022-10-09T14:26:00+00:00
[2022-10-09 14:26:36,912] {processor.py:161} INFO - Processing /home/airflow/.local/lib/python3.7/site-packages/airflow/example_dags/example_branch_python_dop_operator_3.py took 0.176 seconds
[2022-10-09 14:27:07,294] {processor.py:153} INFO - Started process (PID=3777) to work on /home/airflow/.local/lib/python3.7/site-packages/airflow/example_dags/example_branch_python_dop_operator_3.py
[2022-10-09 14:27:07,295] {processor.py:641} INFO - Processing file /home/airflow/.local/lib/python3.7/site-packages/airflow/example_dags/example_branch_python_dop_operator_3.py for tasks to queue
[2022-10-09 14:27:07,296] {logging_mixin.py:115} INFO - [2022-10-09 14:27:07,296] {dagbag.py:508} INFO - Filling up the DagBag from /home/airflow/.local/lib/python3.7/site-packages/airflow/example_dags/example_branch_python_dop_operator_3.py
[2022-10-09 14:27:07,323] {processor.py:651} INFO - DAG(s) dict_keys(['example_branch_dop_operator_v3']) retrieved from /home/airflow/.local/lib/python3.7/site-packages/airflow/example_dags/example_branch_python_dop_operator_3.py
[2022-10-09 14:27:07,363] {logging_mixin.py:115} INFO - [2022-10-09 14:27:07,363] {dag.py:2420} INFO - Sync 1 DAGs
[2022-10-09 14:27:07,415] {logging_mixin.py:115} INFO - [2022-10-09 14:27:07,415] {dag.py:2972} INFO - Setting next_dagrun for example_branch_dop_operator_v3 to 2022-10-09T14:26:00+00:00, run_after=2022-10-09T14:27:00+00:00
[2022-10-09 14:27:07,440] {processor.py:161} INFO - Processing /home/airflow/.local/lib/python3.7/site-packages/airflow/example_dags/example_branch_python_dop_operator_3.py took 0.154 seconds
[2022-10-09 14:27:37,712] {processor.py:153} INFO - Started process (PID=3839) to work on /home/airflow/.local/lib/python3.7/site-packages/airflow/example_dags/example_branch_python_dop_operator_3.py
[2022-10-09 14:27:37,713] {processor.py:641} INFO - Processing file /home/airflow/.local/lib/python3.7/site-packages/airflow/example_dags/example_branch_python_dop_operator_3.py for tasks to queue
[2022-10-09 14:27:37,714] {logging_mixin.py:115} INFO - [2022-10-09 14:27:37,714] {dagbag.py:508} INFO - Filling up the DagBag from /home/airflow/.local/lib/python3.7/site-packages/airflow/example_dags/example_branch_python_dop_operator_3.py
[2022-10-09 14:27:37,740] {processor.py:651} INFO - DAG(s) dict_keys(['example_branch_dop_operator_v3']) retrieved from /home/airflow/.local/lib/python3.7/site-packages/airflow/example_dags/example_branch_python_dop_operator_3.py
[2022-10-09 14:27:37,793] {logging_mixin.py:115} INFO - [2022-10-09 14:27:37,793] {dag.py:2420} INFO - Sync 1 DAGs
[2022-10-09 14:27:37,861] {logging_mixin.py:115} INFO - [2022-10-09 14:27:37,861] {dag.py:2972} INFO - Setting next_dagrun for example_branch_dop_operator_v3 to 2022-10-09T14:26:00+00:00, run_after=2022-10-09T14:27:00+00:00
[2022-10-09 14:27:37,888] {processor.py:161} INFO - Processing /home/airflow/.local/lib/python3.7/site-packages/airflow/example_dags/example_branch_python_dop_operator_3.py took 0.185 seconds
[2022-10-09 14:28:08,417] {processor.py:153} INFO - Started process (PID=3892) to work on /home/airflow/.local/lib/python3.7/site-packages/airflow/example_dags/example_branch_python_dop_operator_3.py
[2022-10-09 14:28:08,419] {processor.py:641} INFO - Processing file /home/airflow/.local/lib/python3.7/site-packages/airflow/example_dags/example_branch_python_dop_operator_3.py for tasks to queue
[2022-10-09 14:28:08,420] {logging_mixin.py:115} INFO - [2022-10-09 14:28:08,420] {dagbag.py:508} INFO - Filling up the DagBag from /home/airflow/.local/lib/python3.7/site-packages/airflow/example_dags/example_branch_python_dop_operator_3.py
[2022-10-09 14:28:08,452] {processor.py:651} INFO - DAG(s) dict_keys(['example_branch_dop_operator_v3']) retrieved from /home/airflow/.local/lib/python3.7/site-packages/airflow/example_dags/example_branch_python_dop_operator_3.py
[2022-10-09 14:28:08,500] {logging_mixin.py:115} INFO - [2022-10-09 14:28:08,500] {dag.py:2420} INFO - Sync 1 DAGs
[2022-10-09 14:28:08,558] {logging_mixin.py:115} INFO - [2022-10-09 14:28:08,558] {dag.py:2972} INFO - Setting next_dagrun for example_branch_dop_operator_v3 to 2022-10-09T14:27:00+00:00, run_after=2022-10-09T14:28:00+00:00
[2022-10-09 14:28:08,583] {processor.py:161} INFO - Processing /home/airflow/.local/lib/python3.7/site-packages/airflow/example_dags/example_branch_python_dop_operator_3.py took 0.175 seconds
[2022-10-09 14:28:38,751] {processor.py:153} INFO - Started process (PID=3952) to work on /home/airflow/.local/lib/python3.7/site-packages/airflow/example_dags/example_branch_python_dop_operator_3.py
[2022-10-09 14:28:38,752] {processor.py:641} INFO - Processing file /home/airflow/.local/lib/python3.7/site-packages/airflow/example_dags/example_branch_python_dop_operator_3.py for tasks to queue
[2022-10-09 14:28:38,753] {logging_mixin.py:115} INFO - [2022-10-09 14:28:38,753] {dagbag.py:508} INFO - Filling up the DagBag from /home/airflow/.local/lib/python3.7/site-packages/airflow/example_dags/example_branch_python_dop_operator_3.py
[2022-10-09 14:28:38,770] {processor.py:651} INFO - DAG(s) dict_keys(['example_branch_dop_operator_v3']) retrieved from /home/airflow/.local/lib/python3.7/site-packages/airflow/example_dags/example_branch_python_dop_operator_3.py
[2022-10-09 14:28:38,833] {logging_mixin.py:115} INFO - [2022-10-09 14:28:38,832] {dag.py:2420} INFO - Sync 1 DAGs
[2022-10-09 14:28:38,909] {logging_mixin.py:115} INFO - [2022-10-09 14:28:38,909] {dag.py:2972} INFO - Setting next_dagrun for example_branch_dop_operator_v3 to 2022-10-09T14:27:00+00:00, run_after=2022-10-09T14:28:00+00:00
[2022-10-09 14:28:38,933] {processor.py:161} INFO - Processing /home/airflow/.local/lib/python3.7/site-packages/airflow/example_dags/example_branch_python_dop_operator_3.py took 0.187 seconds
[2022-10-09 14:29:09,013] {processor.py:153} INFO - Started process (PID=4006) to work on /home/airflow/.local/lib/python3.7/site-packages/airflow/example_dags/example_branch_python_dop_operator_3.py
[2022-10-09 14:29:09,017] {processor.py:641} INFO - Processing file /home/airflow/.local/lib/python3.7/site-packages/airflow/example_dags/example_branch_python_dop_operator_3.py for tasks to queue
[2022-10-09 14:29:09,019] {logging_mixin.py:115} INFO - [2022-10-09 14:29:09,018] {dagbag.py:508} INFO - Filling up the DagBag from /home/airflow/.local/lib/python3.7/site-packages/airflow/example_dags/example_branch_python_dop_operator_3.py
[2022-10-09 14:29:09,041] {processor.py:651} INFO - DAG(s) dict_keys(['example_branch_dop_operator_v3']) retrieved from /home/airflow/.local/lib/python3.7/site-packages/airflow/example_dags/example_branch_python_dop_operator_3.py
[2022-10-09 14:29:09,107] {logging_mixin.py:115} INFO - [2022-10-09 14:29:09,106] {dag.py:2420} INFO - Sync 1 DAGs
[2022-10-09 14:29:09,180] {logging_mixin.py:115} INFO - [2022-10-09 14:29:09,180] {dag.py:2972} INFO - Setting next_dagrun for example_branch_dop_operator_v3 to 2022-10-09T14:28:00+00:00, run_after=2022-10-09T14:29:00+00:00
[2022-10-09 14:29:09,213] {processor.py:161} INFO - Processing /home/airflow/.local/lib/python3.7/site-packages/airflow/example_dags/example_branch_python_dop_operator_3.py took 0.205 seconds
[2022-10-09 14:29:39,592] {processor.py:153} INFO - Started process (PID=4061) to work on /home/airflow/.local/lib/python3.7/site-packages/airflow/example_dags/example_branch_python_dop_operator_3.py
[2022-10-09 14:29:39,594] {processor.py:641} INFO - Processing file /home/airflow/.local/lib/python3.7/site-packages/airflow/example_dags/example_branch_python_dop_operator_3.py for tasks to queue
[2022-10-09 14:29:39,595] {logging_mixin.py:115} INFO - [2022-10-09 14:29:39,595] {dagbag.py:508} INFO - Filling up the DagBag from /home/airflow/.local/lib/python3.7/site-packages/airflow/example_dags/example_branch_python_dop_operator_3.py
[2022-10-09 14:29:39,620] {processor.py:651} INFO - DAG(s) dict_keys(['example_branch_dop_operator_v3']) retrieved from /home/airflow/.local/lib/python3.7/site-packages/airflow/example_dags/example_branch_python_dop_operator_3.py
[2022-10-09 14:29:39,671] {logging_mixin.py:115} INFO - [2022-10-09 14:29:39,670] {dag.py:2420} INFO - Sync 1 DAGs
[2022-10-09 14:29:39,725] {logging_mixin.py:115} INFO - [2022-10-09 14:29:39,724] {dag.py:2972} INFO - Setting next_dagrun for example_branch_dop_operator_v3 to 2022-10-09T14:28:00+00:00, run_after=2022-10-09T14:29:00+00:00
[2022-10-09 14:29:39,748] {processor.py:161} INFO - Processing /home/airflow/.local/lib/python3.7/site-packages/airflow/example_dags/example_branch_python_dop_operator_3.py took 0.164 seconds
[2022-10-09 14:30:09,947] {processor.py:153} INFO - Started process (PID=4123) to work on /home/airflow/.local/lib/python3.7/site-packages/airflow/example_dags/example_branch_python_dop_operator_3.py
[2022-10-09 14:30:09,948] {processor.py:641} INFO - Processing file /home/airflow/.local/lib/python3.7/site-packages/airflow/example_dags/example_branch_python_dop_operator_3.py for tasks to queue
[2022-10-09 14:30:09,949] {logging_mixin.py:115} INFO - [2022-10-09 14:30:09,949] {dagbag.py:508} INFO - Filling up the DagBag from /home/airflow/.local/lib/python3.7/site-packages/airflow/example_dags/example_branch_python_dop_operator_3.py
[2022-10-09 14:30:09,968] {processor.py:651} INFO - DAG(s) dict_keys(['example_branch_dop_operator_v3']) retrieved from /home/airflow/.local/lib/python3.7/site-packages/airflow/example_dags/example_branch_python_dop_operator_3.py
[2022-10-09 14:30:10,022] {logging_mixin.py:115} INFO - [2022-10-09 14:30:10,022] {dag.py:2420} INFO - Sync 1 DAGs
[2022-10-09 14:30:10,099] {logging_mixin.py:115} INFO - [2022-10-09 14:30:10,098] {dag.py:2972} INFO - Setting next_dagrun for example_branch_dop_operator_v3 to 2022-10-09T14:29:00+00:00, run_after=2022-10-09T14:30:00+00:00
[2022-10-09 14:30:10,128] {processor.py:161} INFO - Processing /home/airflow/.local/lib/python3.7/site-packages/airflow/example_dags/example_branch_python_dop_operator_3.py took 0.188 seconds
[2022-10-09 14:30:40,838] {processor.py:153} INFO - Started process (PID=4176) to work on /home/airflow/.local/lib/python3.7/site-packages/airflow/example_dags/example_branch_python_dop_operator_3.py
[2022-10-09 14:30:40,839] {processor.py:641} INFO - Processing file /home/airflow/.local/lib/python3.7/site-packages/airflow/example_dags/example_branch_python_dop_operator_3.py for tasks to queue
[2022-10-09 14:30:40,840] {logging_mixin.py:115} INFO - [2022-10-09 14:30:40,840] {dagbag.py:508} INFO - Filling up the DagBag from /home/airflow/.local/lib/python3.7/site-packages/airflow/example_dags/example_branch_python_dop_operator_3.py
[2022-10-09 14:30:40,868] {processor.py:651} INFO - DAG(s) dict_keys(['example_branch_dop_operator_v3']) retrieved from /home/airflow/.local/lib/python3.7/site-packages/airflow/example_dags/example_branch_python_dop_operator_3.py
[2022-10-09 14:30:40,916] {logging_mixin.py:115} INFO - [2022-10-09 14:30:40,916] {dag.py:2420} INFO - Sync 1 DAGs
[2022-10-09 14:30:40,968] {logging_mixin.py:115} INFO - [2022-10-09 14:30:40,967] {dag.py:2972} INFO - Setting next_dagrun for example_branch_dop_operator_v3 to 2022-10-09T14:29:00+00:00, run_after=2022-10-09T14:30:00+00:00
[2022-10-09 14:30:40,993] {processor.py:161} INFO - Processing /home/airflow/.local/lib/python3.7/site-packages/airflow/example_dags/example_branch_python_dop_operator_3.py took 0.163 seconds
[2022-10-09 14:31:11,072] {processor.py:153} INFO - Started process (PID=4228) to work on /home/airflow/.local/lib/python3.7/site-packages/airflow/example_dags/example_branch_python_dop_operator_3.py
[2022-10-09 14:31:11,074] {processor.py:641} INFO - Processing file /home/airflow/.local/lib/python3.7/site-packages/airflow/example_dags/example_branch_python_dop_operator_3.py for tasks to queue
[2022-10-09 14:31:11,074] {logging_mixin.py:115} INFO - [2022-10-09 14:31:11,074] {dagbag.py:508} INFO - Filling up the DagBag from /home/airflow/.local/lib/python3.7/site-packages/airflow/example_dags/example_branch_python_dop_operator_3.py
[2022-10-09 14:31:11,094] {processor.py:651} INFO - DAG(s) dict_keys(['example_branch_dop_operator_v3']) retrieved from /home/airflow/.local/lib/python3.7/site-packages/airflow/example_dags/example_branch_python_dop_operator_3.py
[2022-10-09 14:31:11,156] {logging_mixin.py:115} INFO - [2022-10-09 14:31:11,156] {dag.py:2420} INFO - Sync 1 DAGs
[2022-10-09 14:31:11,237] {logging_mixin.py:115} INFO - [2022-10-09 14:31:11,237] {dag.py:2972} INFO - Setting next_dagrun for example_branch_dop_operator_v3 to 2022-10-09T14:30:00+00:00, run_after=2022-10-09T14:31:00+00:00
[2022-10-09 14:31:11,278] {processor.py:161} INFO - Processing /home/airflow/.local/lib/python3.7/site-packages/airflow/example_dags/example_branch_python_dop_operator_3.py took 0.213 seconds
[2022-10-09 14:31:41,751] {processor.py:153} INFO - Started process (PID=4289) to work on /home/airflow/.local/lib/python3.7/site-packages/airflow/example_dags/example_branch_python_dop_operator_3.py
[2022-10-09 14:31:41,753] {processor.py:641} INFO - Processing file /home/airflow/.local/lib/python3.7/site-packages/airflow/example_dags/example_branch_python_dop_operator_3.py for tasks to queue
[2022-10-09 14:31:41,754] {logging_mixin.py:115} INFO - [2022-10-09 14:31:41,754] {dagbag.py:508} INFO - Filling up the DagBag from /home/airflow/.local/lib/python3.7/site-packages/airflow/example_dags/example_branch_python_dop_operator_3.py
[2022-10-09 14:31:41,775] {processor.py:651} INFO - DAG(s) dict_keys(['example_branch_dop_operator_v3']) retrieved from /home/airflow/.local/lib/python3.7/site-packages/airflow/example_dags/example_branch_python_dop_operator_3.py
[2022-10-09 14:31:41,835] {logging_mixin.py:115} INFO - [2022-10-09 14:31:41,835] {dag.py:2420} INFO - Sync 1 DAGs
[2022-10-09 14:31:41,918] {logging_mixin.py:115} INFO - [2022-10-09 14:31:41,918] {dag.py:2972} INFO - Setting next_dagrun for example_branch_dop_operator_v3 to 2022-10-09T14:30:00+00:00, run_after=2022-10-09T14:31:00+00:00
[2022-10-09 14:31:41,951] {processor.py:161} INFO - Processing /home/airflow/.local/lib/python3.7/site-packages/airflow/example_dags/example_branch_python_dop_operator_3.py took 0.207 seconds
[2022-10-09 14:32:12,713] {processor.py:153} INFO - Started process (PID=4343) to work on /home/airflow/.local/lib/python3.7/site-packages/airflow/example_dags/example_branch_python_dop_operator_3.py
[2022-10-09 14:32:12,715] {processor.py:641} INFO - Processing file /home/airflow/.local/lib/python3.7/site-packages/airflow/example_dags/example_branch_python_dop_operator_3.py for tasks to queue
[2022-10-09 14:32:12,716] {logging_mixin.py:115} INFO - [2022-10-09 14:32:12,716] {dagbag.py:508} INFO - Filling up the DagBag from /home/airflow/.local/lib/python3.7/site-packages/airflow/example_dags/example_branch_python_dop_operator_3.py
[2022-10-09 14:32:12,737] {processor.py:651} INFO - DAG(s) dict_keys(['example_branch_dop_operator_v3']) retrieved from /home/airflow/.local/lib/python3.7/site-packages/airflow/example_dags/example_branch_python_dop_operator_3.py
[2022-10-09 14:32:12,792] {logging_mixin.py:115} INFO - [2022-10-09 14:32:12,792] {dag.py:2420} INFO - Sync 1 DAGs
[2022-10-09 14:32:12,857] {logging_mixin.py:115} INFO - [2022-10-09 14:32:12,857] {dag.py:2972} INFO - Setting next_dagrun for example_branch_dop_operator_v3 to 2022-10-09T14:31:00+00:00, run_after=2022-10-09T14:32:00+00:00
[2022-10-09 14:32:12,892] {processor.py:161} INFO - Processing /home/airflow/.local/lib/python3.7/site-packages/airflow/example_dags/example_branch_python_dop_operator_3.py took 0.184 seconds
[2022-10-09 14:32:44,110] {processor.py:153} INFO - Started process (PID=4396) to work on /home/airflow/.local/lib/python3.7/site-packages/airflow/example_dags/example_branch_python_dop_operator_3.py
[2022-10-09 14:32:44,111] {processor.py:641} INFO - Processing file /home/airflow/.local/lib/python3.7/site-packages/airflow/example_dags/example_branch_python_dop_operator_3.py for tasks to queue
[2022-10-09 14:32:44,113] {logging_mixin.py:115} INFO - [2022-10-09 14:32:44,112] {dagbag.py:508} INFO - Filling up the DagBag from /home/airflow/.local/lib/python3.7/site-packages/airflow/example_dags/example_branch_python_dop_operator_3.py
[2022-10-09 14:32:44,132] {processor.py:651} INFO - DAG(s) dict_keys(['example_branch_dop_operator_v3']) retrieved from /home/airflow/.local/lib/python3.7/site-packages/airflow/example_dags/example_branch_python_dop_operator_3.py
[2022-10-09 14:32:44,197] {logging_mixin.py:115} INFO - [2022-10-09 14:32:44,197] {dag.py:2420} INFO - Sync 1 DAGs
[2022-10-09 14:32:44,271] {logging_mixin.py:115} INFO - [2022-10-09 14:32:44,271] {dag.py:2972} INFO - Setting next_dagrun for example_branch_dop_operator_v3 to 2022-10-09T14:31:00+00:00, run_after=2022-10-09T14:32:00+00:00
[2022-10-09 14:32:44,304] {processor.py:161} INFO - Processing /home/airflow/.local/lib/python3.7/site-packages/airflow/example_dags/example_branch_python_dop_operator_3.py took 0.199 seconds
[2022-10-09 14:33:14,526] {processor.py:153} INFO - Started process (PID=4458) to work on /home/airflow/.local/lib/python3.7/site-packages/airflow/example_dags/example_branch_python_dop_operator_3.py
[2022-10-09 14:33:14,527] {processor.py:641} INFO - Processing file /home/airflow/.local/lib/python3.7/site-packages/airflow/example_dags/example_branch_python_dop_operator_3.py for tasks to queue
[2022-10-09 14:33:14,529] {logging_mixin.py:115} INFO - [2022-10-09 14:33:14,528] {dagbag.py:508} INFO - Filling up the DagBag from /home/airflow/.local/lib/python3.7/site-packages/airflow/example_dags/example_branch_python_dop_operator_3.py
[2022-10-09 14:33:14,556] {processor.py:651} INFO - DAG(s) dict_keys(['example_branch_dop_operator_v3']) retrieved from /home/airflow/.local/lib/python3.7/site-packages/airflow/example_dags/example_branch_python_dop_operator_3.py
[2022-10-09 14:33:14,674] {logging_mixin.py:115} INFO - [2022-10-09 14:33:14,673] {dag.py:2420} INFO - Sync 1 DAGs
[2022-10-09 14:33:14,784] {logging_mixin.py:115} INFO - [2022-10-09 14:33:14,784] {dag.py:2972} INFO - Setting next_dagrun for example_branch_dop_operator_v3 to 2022-10-09T14:32:00+00:00, run_after=2022-10-09T14:33:00+00:00
[2022-10-09 14:33:14,823] {processor.py:161} INFO - Processing /home/airflow/.local/lib/python3.7/site-packages/airflow/example_dags/example_branch_python_dop_operator_3.py took 0.306 seconds
[2022-10-09 14:33:45,594] {processor.py:153} INFO - Started process (PID=4511) to work on /home/airflow/.local/lib/python3.7/site-packages/airflow/example_dags/example_branch_python_dop_operator_3.py
[2022-10-09 14:33:45,595] {processor.py:641} INFO - Processing file /home/airflow/.local/lib/python3.7/site-packages/airflow/example_dags/example_branch_python_dop_operator_3.py for tasks to queue
[2022-10-09 14:33:45,596] {logging_mixin.py:115} INFO - [2022-10-09 14:33:45,596] {dagbag.py:508} INFO - Filling up the DagBag from /home/airflow/.local/lib/python3.7/site-packages/airflow/example_dags/example_branch_python_dop_operator_3.py
[2022-10-09 14:33:45,618] {processor.py:651} INFO - DAG(s) dict_keys(['example_branch_dop_operator_v3']) retrieved from /home/airflow/.local/lib/python3.7/site-packages/airflow/example_dags/example_branch_python_dop_operator_3.py
[2022-10-09 14:33:45,677] {logging_mixin.py:115} INFO - [2022-10-09 14:33:45,677] {dag.py:2420} INFO - Sync 1 DAGs
[2022-10-09 14:33:45,741] {logging_mixin.py:115} INFO - [2022-10-09 14:33:45,741] {dag.py:2972} INFO - Setting next_dagrun for example_branch_dop_operator_v3 to 2022-10-09T14:32:00+00:00, run_after=2022-10-09T14:33:00+00:00
[2022-10-09 14:33:45,772] {processor.py:161} INFO - Processing /home/airflow/.local/lib/python3.7/site-packages/airflow/example_dags/example_branch_python_dop_operator_3.py took 0.183 seconds
[2022-10-09 14:34:15,856] {processor.py:153} INFO - Started process (PID=4564) to work on /home/airflow/.local/lib/python3.7/site-packages/airflow/example_dags/example_branch_python_dop_operator_3.py
[2022-10-09 14:34:15,857] {processor.py:641} INFO - Processing file /home/airflow/.local/lib/python3.7/site-packages/airflow/example_dags/example_branch_python_dop_operator_3.py for tasks to queue
[2022-10-09 14:34:15,858] {logging_mixin.py:115} INFO - [2022-10-09 14:34:15,858] {dagbag.py:508} INFO - Filling up the DagBag from /home/airflow/.local/lib/python3.7/site-packages/airflow/example_dags/example_branch_python_dop_operator_3.py
[2022-10-09 14:34:15,884] {processor.py:651} INFO - DAG(s) dict_keys(['example_branch_dop_operator_v3']) retrieved from /home/airflow/.local/lib/python3.7/site-packages/airflow/example_dags/example_branch_python_dop_operator_3.py
[2022-10-09 14:34:15,932] {logging_mixin.py:115} INFO - [2022-10-09 14:34:15,932] {dag.py:2420} INFO - Sync 1 DAGs
[2022-10-09 14:34:15,990] {logging_mixin.py:115} INFO - [2022-10-09 14:34:15,990] {dag.py:2972} INFO - Setting next_dagrun for example_branch_dop_operator_v3 to 2022-10-09T14:33:00+00:00, run_after=2022-10-09T14:34:00+00:00
[2022-10-09 14:34:16,015] {processor.py:161} INFO - Processing /home/airflow/.local/lib/python3.7/site-packages/airflow/example_dags/example_branch_python_dop_operator_3.py took 0.166 seconds
[2022-10-09 14:34:46,277] {processor.py:153} INFO - Started process (PID=4626) to work on /home/airflow/.local/lib/python3.7/site-packages/airflow/example_dags/example_branch_python_dop_operator_3.py
[2022-10-09 14:34:46,289] {processor.py:641} INFO - Processing file /home/airflow/.local/lib/python3.7/site-packages/airflow/example_dags/example_branch_python_dop_operator_3.py for tasks to queue
[2022-10-09 14:34:46,291] {logging_mixin.py:115} INFO - [2022-10-09 14:34:46,291] {dagbag.py:508} INFO - Filling up the DagBag from /home/airflow/.local/lib/python3.7/site-packages/airflow/example_dags/example_branch_python_dop_operator_3.py
[2022-10-09 14:34:46,320] {processor.py:651} INFO - DAG(s) dict_keys(['example_branch_dop_operator_v3']) retrieved from /home/airflow/.local/lib/python3.7/site-packages/airflow/example_dags/example_branch_python_dop_operator_3.py
[2022-10-09 14:34:46,378] {logging_mixin.py:115} INFO - [2022-10-09 14:34:46,378] {dag.py:2420} INFO - Sync 1 DAGs
[2022-10-09 14:34:46,441] {logging_mixin.py:115} INFO - [2022-10-09 14:34:46,441] {dag.py:2972} INFO - Setting next_dagrun for example_branch_dop_operator_v3 to 2022-10-09T14:33:00+00:00, run_after=2022-10-09T14:34:00+00:00
[2022-10-09 14:34:46,472] {processor.py:161} INFO - Processing /home/airflow/.local/lib/python3.7/site-packages/airflow/example_dags/example_branch_python_dop_operator_3.py took 0.207 seconds
[2022-10-09 14:35:17,129] {processor.py:153} INFO - Started process (PID=4680) to work on /home/airflow/.local/lib/python3.7/site-packages/airflow/example_dags/example_branch_python_dop_operator_3.py
[2022-10-09 14:35:17,130] {processor.py:641} INFO - Processing file /home/airflow/.local/lib/python3.7/site-packages/airflow/example_dags/example_branch_python_dop_operator_3.py for tasks to queue
[2022-10-09 14:35:17,131] {logging_mixin.py:115} INFO - [2022-10-09 14:35:17,131] {dagbag.py:508} INFO - Filling up the DagBag from /home/airflow/.local/lib/python3.7/site-packages/airflow/example_dags/example_branch_python_dop_operator_3.py
[2022-10-09 14:35:17,149] {processor.py:651} INFO - DAG(s) dict_keys(['example_branch_dop_operator_v3']) retrieved from /home/airflow/.local/lib/python3.7/site-packages/airflow/example_dags/example_branch_python_dop_operator_3.py
[2022-10-09 14:35:17,196] {logging_mixin.py:115} INFO - [2022-10-09 14:35:17,195] {dag.py:2420} INFO - Sync 1 DAGs
[2022-10-09 14:35:17,253] {logging_mixin.py:115} INFO - [2022-10-09 14:35:17,253] {dag.py:2972} INFO - Setting next_dagrun for example_branch_dop_operator_v3 to 2022-10-09T14:34:00+00:00, run_after=2022-10-09T14:35:00+00:00
[2022-10-09 14:35:17,279] {processor.py:161} INFO - Processing /home/airflow/.local/lib/python3.7/site-packages/airflow/example_dags/example_branch_python_dop_operator_3.py took 0.155 seconds
[2022-10-09 14:35:48,120] {processor.py:153} INFO - Started process (PID=4733) to work on /home/airflow/.local/lib/python3.7/site-packages/airflow/example_dags/example_branch_python_dop_operator_3.py
[2022-10-09 14:35:48,121] {processor.py:641} INFO - Processing file /home/airflow/.local/lib/python3.7/site-packages/airflow/example_dags/example_branch_python_dop_operator_3.py for tasks to queue
[2022-10-09 14:35:48,123] {logging_mixin.py:115} INFO - [2022-10-09 14:35:48,122] {dagbag.py:508} INFO - Filling up the DagBag from /home/airflow/.local/lib/python3.7/site-packages/airflow/example_dags/example_branch_python_dop_operator_3.py
[2022-10-09 14:35:48,150] {processor.py:651} INFO - DAG(s) dict_keys(['example_branch_dop_operator_v3']) retrieved from /home/airflow/.local/lib/python3.7/site-packages/airflow/example_dags/example_branch_python_dop_operator_3.py
[2022-10-09 14:35:48,198] {logging_mixin.py:115} INFO - [2022-10-09 14:35:48,197] {dag.py:2420} INFO - Sync 1 DAGs
[2022-10-09 14:35:48,255] {logging_mixin.py:115} INFO - [2022-10-09 14:35:48,255] {dag.py:2972} INFO - Setting next_dagrun for example_branch_dop_operator_v3 to 2022-10-09T14:34:00+00:00, run_after=2022-10-09T14:35:00+00:00
[2022-10-09 14:35:48,282] {processor.py:161} INFO - Processing /home/airflow/.local/lib/python3.7/site-packages/airflow/example_dags/example_branch_python_dop_operator_3.py took 0.169 seconds
[2022-10-09 14:36:18,549] {processor.py:153} INFO - Started process (PID=4795) to work on /home/airflow/.local/lib/python3.7/site-packages/airflow/example_dags/example_branch_python_dop_operator_3.py
[2022-10-09 14:36:18,550] {processor.py:641} INFO - Processing file /home/airflow/.local/lib/python3.7/site-packages/airflow/example_dags/example_branch_python_dop_operator_3.py for tasks to queue
[2022-10-09 14:36:18,552] {logging_mixin.py:115} INFO - [2022-10-09 14:36:18,551] {dagbag.py:508} INFO - Filling up the DagBag from /home/airflow/.local/lib/python3.7/site-packages/airflow/example_dags/example_branch_python_dop_operator_3.py
[2022-10-09 14:36:18,576] {processor.py:651} INFO - DAG(s) dict_keys(['example_branch_dop_operator_v3']) retrieved from /home/airflow/.local/lib/python3.7/site-packages/airflow/example_dags/example_branch_python_dop_operator_3.py
[2022-10-09 14:36:18,628] {logging_mixin.py:115} INFO - [2022-10-09 14:36:18,628] {dag.py:2420} INFO - Sync 1 DAGs
[2022-10-09 14:36:18,688] {logging_mixin.py:115} INFO - [2022-10-09 14:36:18,687] {dag.py:2972} INFO - Setting next_dagrun for example_branch_dop_operator_v3 to 2022-10-09T14:35:00+00:00, run_after=2022-10-09T14:36:00+00:00
[2022-10-09 14:36:18,714] {processor.py:161} INFO - Processing /home/airflow/.local/lib/python3.7/site-packages/airflow/example_dags/example_branch_python_dop_operator_3.py took 0.173 seconds
[2022-10-09 14:36:49,560] {processor.py:153} INFO - Started process (PID=4848) to work on /home/airflow/.local/lib/python3.7/site-packages/airflow/example_dags/example_branch_python_dop_operator_3.py
[2022-10-09 14:36:49,562] {processor.py:641} INFO - Processing file /home/airflow/.local/lib/python3.7/site-packages/airflow/example_dags/example_branch_python_dop_operator_3.py for tasks to queue
[2022-10-09 14:36:49,564] {logging_mixin.py:115} INFO - [2022-10-09 14:36:49,563] {dagbag.py:508} INFO - Filling up the DagBag from /home/airflow/.local/lib/python3.7/site-packages/airflow/example_dags/example_branch_python_dop_operator_3.py
[2022-10-09 14:36:49,598] {processor.py:651} INFO - DAG(s) dict_keys(['example_branch_dop_operator_v3']) retrieved from /home/airflow/.local/lib/python3.7/site-packages/airflow/example_dags/example_branch_python_dop_operator_3.py
[2022-10-09 14:36:49,653] {logging_mixin.py:115} INFO - [2022-10-09 14:36:49,653] {dag.py:2420} INFO - Sync 1 DAGs
[2022-10-09 14:36:49,726] {logging_mixin.py:115} INFO - [2022-10-09 14:36:49,726] {dag.py:2972} INFO - Setting next_dagrun for example_branch_dop_operator_v3 to 2022-10-09T14:35:00+00:00, run_after=2022-10-09T14:36:00+00:00
[2022-10-09 14:36:49,761] {processor.py:161} INFO - Processing /home/airflow/.local/lib/python3.7/site-packages/airflow/example_dags/example_branch_python_dop_operator_3.py took 0.208 seconds
[2022-10-09 14:37:19,919] {processor.py:153} INFO - Started process (PID=4902) to work on /home/airflow/.local/lib/python3.7/site-packages/airflow/example_dags/example_branch_python_dop_operator_3.py
[2022-10-09 14:37:19,920] {processor.py:641} INFO - Processing file /home/airflow/.local/lib/python3.7/site-packages/airflow/example_dags/example_branch_python_dop_operator_3.py for tasks to queue
[2022-10-09 14:37:19,922] {logging_mixin.py:115} INFO - [2022-10-09 14:37:19,922] {dagbag.py:508} INFO - Filling up the DagBag from /home/airflow/.local/lib/python3.7/site-packages/airflow/example_dags/example_branch_python_dop_operator_3.py
[2022-10-09 14:37:19,953] {processor.py:651} INFO - DAG(s) dict_keys(['example_branch_dop_operator_v3']) retrieved from /home/airflow/.local/lib/python3.7/site-packages/airflow/example_dags/example_branch_python_dop_operator_3.py
[2022-10-09 14:37:20,007] {logging_mixin.py:115} INFO - [2022-10-09 14:37:20,007] {dag.py:2420} INFO - Sync 1 DAGs
[2022-10-09 14:37:20,065] {logging_mixin.py:115} INFO - [2022-10-09 14:37:20,065] {dag.py:2972} INFO - Setting next_dagrun for example_branch_dop_operator_v3 to 2022-10-09T14:36:00+00:00, run_after=2022-10-09T14:37:00+00:00
[2022-10-09 14:37:20,088] {processor.py:161} INFO - Processing /home/airflow/.local/lib/python3.7/site-packages/airflow/example_dags/example_branch_python_dop_operator_3.py took 0.177 seconds
[2022-10-09 14:37:50,362] {processor.py:153} INFO - Started process (PID=4965) to work on /home/airflow/.local/lib/python3.7/site-packages/airflow/example_dags/example_branch_python_dop_operator_3.py
[2022-10-09 14:37:50,363] {processor.py:641} INFO - Processing file /home/airflow/.local/lib/python3.7/site-packages/airflow/example_dags/example_branch_python_dop_operator_3.py for tasks to queue
[2022-10-09 14:37:50,364] {logging_mixin.py:115} INFO - [2022-10-09 14:37:50,364] {dagbag.py:508} INFO - Filling up the DagBag from /home/airflow/.local/lib/python3.7/site-packages/airflow/example_dags/example_branch_python_dop_operator_3.py
[2022-10-09 14:37:50,387] {processor.py:651} INFO - DAG(s) dict_keys(['example_branch_dop_operator_v3']) retrieved from /home/airflow/.local/lib/python3.7/site-packages/airflow/example_dags/example_branch_python_dop_operator_3.py
[2022-10-09 14:37:50,430] {logging_mixin.py:115} INFO - [2022-10-09 14:37:50,430] {dag.py:2420} INFO - Sync 1 DAGs
[2022-10-09 14:37:50,484] {logging_mixin.py:115} INFO - [2022-10-09 14:37:50,484] {dag.py:2972} INFO - Setting next_dagrun for example_branch_dop_operator_v3 to 2022-10-09T14:36:00+00:00, run_after=2022-10-09T14:37:00+00:00
[2022-10-09 14:37:50,509] {processor.py:161} INFO - Processing /home/airflow/.local/lib/python3.7/site-packages/airflow/example_dags/example_branch_python_dop_operator_3.py took 0.154 seconds
[2022-10-09 14:38:20,945] {processor.py:153} INFO - Started process (PID=5018) to work on /home/airflow/.local/lib/python3.7/site-packages/airflow/example_dags/example_branch_python_dop_operator_3.py
[2022-10-09 14:38:20,946] {processor.py:641} INFO - Processing file /home/airflow/.local/lib/python3.7/site-packages/airflow/example_dags/example_branch_python_dop_operator_3.py for tasks to queue
[2022-10-09 14:38:20,947] {logging_mixin.py:115} INFO - [2022-10-09 14:38:20,947] {dagbag.py:508} INFO - Filling up the DagBag from /home/airflow/.local/lib/python3.7/site-packages/airflow/example_dags/example_branch_python_dop_operator_3.py
[2022-10-09 14:38:20,965] {processor.py:651} INFO - DAG(s) dict_keys(['example_branch_dop_operator_v3']) retrieved from /home/airflow/.local/lib/python3.7/site-packages/airflow/example_dags/example_branch_python_dop_operator_3.py
[2022-10-09 14:38:21,012] {logging_mixin.py:115} INFO - [2022-10-09 14:38:21,011] {dag.py:2420} INFO - Sync 1 DAGs
[2022-10-09 14:38:21,067] {logging_mixin.py:115} INFO - [2022-10-09 14:38:21,066] {dag.py:2972} INFO - Setting next_dagrun for example_branch_dop_operator_v3 to 2022-10-09T14:37:00+00:00, run_after=2022-10-09T14:38:00+00:00
[2022-10-09 14:38:21,092] {processor.py:161} INFO - Processing /home/airflow/.local/lib/python3.7/site-packages/airflow/example_dags/example_branch_python_dop_operator_3.py took 0.153 seconds
[2022-10-09 14:38:51,482] {processor.py:153} INFO - Started process (PID=5079) to work on /home/airflow/.local/lib/python3.7/site-packages/airflow/example_dags/example_branch_python_dop_operator_3.py
[2022-10-09 14:38:51,483] {processor.py:641} INFO - Processing file /home/airflow/.local/lib/python3.7/site-packages/airflow/example_dags/example_branch_python_dop_operator_3.py for tasks to queue
[2022-10-09 14:38:51,484] {logging_mixin.py:115} INFO - [2022-10-09 14:38:51,484] {dagbag.py:508} INFO - Filling up the DagBag from /home/airflow/.local/lib/python3.7/site-packages/airflow/example_dags/example_branch_python_dop_operator_3.py
[2022-10-09 14:38:51,499] {processor.py:651} INFO - DAG(s) dict_keys(['example_branch_dop_operator_v3']) retrieved from /home/airflow/.local/lib/python3.7/site-packages/airflow/example_dags/example_branch_python_dop_operator_3.py
[2022-10-09 14:38:51,541] {logging_mixin.py:115} INFO - [2022-10-09 14:38:51,541] {dag.py:2420} INFO - Sync 1 DAGs
[2022-10-09 14:38:51,592] {logging_mixin.py:115} INFO - [2022-10-09 14:38:51,592] {dag.py:2972} INFO - Setting next_dagrun for example_branch_dop_operator_v3 to 2022-10-09T14:37:00+00:00, run_after=2022-10-09T14:38:00+00:00
[2022-10-09 14:38:51,616] {processor.py:161} INFO - Processing /home/airflow/.local/lib/python3.7/site-packages/airflow/example_dags/example_branch_python_dop_operator_3.py took 0.139 seconds
[2022-10-09 14:39:22,417] {processor.py:153} INFO - Started process (PID=5133) to work on /home/airflow/.local/lib/python3.7/site-packages/airflow/example_dags/example_branch_python_dop_operator_3.py
[2022-10-09 14:39:22,418] {processor.py:641} INFO - Processing file /home/airflow/.local/lib/python3.7/site-packages/airflow/example_dags/example_branch_python_dop_operator_3.py for tasks to queue
[2022-10-09 14:39:22,419] {logging_mixin.py:115} INFO - [2022-10-09 14:39:22,418] {dagbag.py:508} INFO - Filling up the DagBag from /home/airflow/.local/lib/python3.7/site-packages/airflow/example_dags/example_branch_python_dop_operator_3.py
[2022-10-09 14:39:22,441] {processor.py:651} INFO - DAG(s) dict_keys(['example_branch_dop_operator_v3']) retrieved from /home/airflow/.local/lib/python3.7/site-packages/airflow/example_dags/example_branch_python_dop_operator_3.py
[2022-10-09 14:39:22,506] {logging_mixin.py:115} INFO - [2022-10-09 14:39:22,506] {dag.py:2420} INFO - Sync 1 DAGs
[2022-10-09 14:39:22,588] {logging_mixin.py:115} INFO - [2022-10-09 14:39:22,587] {dag.py:2972} INFO - Setting next_dagrun for example_branch_dop_operator_v3 to 2022-10-09T14:38:00+00:00, run_after=2022-10-09T14:39:00+00:00
[2022-10-09 14:39:22,622] {processor.py:161} INFO - Processing /home/airflow/.local/lib/python3.7/site-packages/airflow/example_dags/example_branch_python_dop_operator_3.py took 0.211 seconds
[2022-10-09 14:39:53,535] {processor.py:153} INFO - Started process (PID=5186) to work on /home/airflow/.local/lib/python3.7/site-packages/airflow/example_dags/example_branch_python_dop_operator_3.py
[2022-10-09 14:39:53,536] {processor.py:641} INFO - Processing file /home/airflow/.local/lib/python3.7/site-packages/airflow/example_dags/example_branch_python_dop_operator_3.py for tasks to queue
[2022-10-09 14:39:53,537] {logging_mixin.py:115} INFO - [2022-10-09 14:39:53,536] {dagbag.py:508} INFO - Filling up the DagBag from /home/airflow/.local/lib/python3.7/site-packages/airflow/example_dags/example_branch_python_dop_operator_3.py
[2022-10-09 14:39:53,559] {processor.py:651} INFO - DAG(s) dict_keys(['example_branch_dop_operator_v3']) retrieved from /home/airflow/.local/lib/python3.7/site-packages/airflow/example_dags/example_branch_python_dop_operator_3.py
[2022-10-09 14:39:53,615] {logging_mixin.py:115} INFO - [2022-10-09 14:39:53,615] {dag.py:2420} INFO - Sync 1 DAGs
[2022-10-09 14:39:53,692] {logging_mixin.py:115} INFO - [2022-10-09 14:39:53,691] {dag.py:2972} INFO - Setting next_dagrun for example_branch_dop_operator_v3 to 2022-10-09T14:38:00+00:00, run_after=2022-10-09T14:39:00+00:00
[2022-10-09 14:39:53,718] {processor.py:161} INFO - Processing /home/airflow/.local/lib/python3.7/site-packages/airflow/example_dags/example_branch_python_dop_operator_3.py took 0.190 seconds
[2022-10-09 14:40:24,180] {processor.py:153} INFO - Started process (PID=5248) to work on /home/airflow/.local/lib/python3.7/site-packages/airflow/example_dags/example_branch_python_dop_operator_3.py
[2022-10-09 14:40:24,182] {processor.py:641} INFO - Processing file /home/airflow/.local/lib/python3.7/site-packages/airflow/example_dags/example_branch_python_dop_operator_3.py for tasks to queue
[2022-10-09 14:40:24,183] {logging_mixin.py:115} INFO - [2022-10-09 14:40:24,182] {dagbag.py:508} INFO - Filling up the DagBag from /home/airflow/.local/lib/python3.7/site-packages/airflow/example_dags/example_branch_python_dop_operator_3.py
[2022-10-09 14:40:24,209] {processor.py:651} INFO - DAG(s) dict_keys(['example_branch_dop_operator_v3']) retrieved from /home/airflow/.local/lib/python3.7/site-packages/airflow/example_dags/example_branch_python_dop_operator_3.py
[2022-10-09 14:40:24,250] {logging_mixin.py:115} INFO - [2022-10-09 14:40:24,250] {dag.py:2420} INFO - Sync 1 DAGs
[2022-10-09 14:40:24,299] {logging_mixin.py:115} INFO - [2022-10-09 14:40:24,298] {dag.py:2972} INFO - Setting next_dagrun for example_branch_dop_operator_v3 to 2022-10-09T14:39:00+00:00, run_after=2022-10-09T14:40:00+00:00
[2022-10-09 14:40:24,322] {processor.py:161} INFO - Processing /home/airflow/.local/lib/python3.7/site-packages/airflow/example_dags/example_branch_python_dop_operator_3.py took 0.149 seconds
