[2022-10-09 14:15:43,725] {processor.py:153} INFO - Started process (PID=2532) to work on /home/airflow/.local/lib/python3.7/site-packages/airflow/example_dags/example_trigger_target_dag.py
[2022-10-09 14:15:43,726] {processor.py:641} INFO - Processing file /home/airflow/.local/lib/python3.7/site-packages/airflow/example_dags/example_trigger_target_dag.py for tasks to queue
[2022-10-09 14:15:43,728] {logging_mixin.py:115} INFO - [2022-10-09 14:15:43,727] {dagbag.py:508} INFO - Filling up the DagBag from /home/airflow/.local/lib/python3.7/site-packages/airflow/example_dags/example_trigger_target_dag.py
[2022-10-09 14:15:44,073] {processor.py:651} INFO - DAG(s) dict_keys(['example_trigger_target_dag']) retrieved from /home/airflow/.local/lib/python3.7/site-packages/airflow/example_dags/example_trigger_target_dag.py
[2022-10-09 14:15:44,133] {logging_mixin.py:115} INFO - [2022-10-09 14:15:44,132] {dag.py:2420} INFO - Sync 1 DAGs
[2022-10-09 14:15:44,212] {logging_mixin.py:115} INFO - [2022-10-09 14:15:44,211] {dag.py:2972} INFO - Setting next_dagrun for example_trigger_target_dag to None, run_after=None
[2022-10-09 14:15:44,259] {processor.py:161} INFO - Processing /home/airflow/.local/lib/python3.7/site-packages/airflow/example_dags/example_trigger_target_dag.py took 0.542 seconds
[2022-10-09 14:16:14,457] {processor.py:153} INFO - Started process (PID=2584) to work on /home/airflow/.local/lib/python3.7/site-packages/airflow/example_dags/example_trigger_target_dag.py
[2022-10-09 14:16:14,458] {processor.py:641} INFO - Processing file /home/airflow/.local/lib/python3.7/site-packages/airflow/example_dags/example_trigger_target_dag.py for tasks to queue
[2022-10-09 14:16:14,459] {logging_mixin.py:115} INFO - [2022-10-09 14:16:14,459] {dagbag.py:508} INFO - Filling up the DagBag from /home/airflow/.local/lib/python3.7/site-packages/airflow/example_dags/example_trigger_target_dag.py
[2022-10-09 14:16:14,621] {processor.py:651} INFO - DAG(s) dict_keys(['example_trigger_target_dag']) retrieved from /home/airflow/.local/lib/python3.7/site-packages/airflow/example_dags/example_trigger_target_dag.py
[2022-10-09 14:16:14,649] {logging_mixin.py:115} INFO - [2022-10-09 14:16:14,649] {dag.py:2420} INFO - Sync 1 DAGs
[2022-10-09 14:16:14,679] {logging_mixin.py:115} INFO - [2022-10-09 14:16:14,679] {dag.py:2972} INFO - Setting next_dagrun for example_trigger_target_dag to None, run_after=None
[2022-10-09 14:16:14,697] {processor.py:161} INFO - Processing /home/airflow/.local/lib/python3.7/site-packages/airflow/example_dags/example_trigger_target_dag.py took 0.244 seconds
[2022-10-09 14:16:45,694] {processor.py:153} INFO - Started process (PID=2636) to work on /home/airflow/.local/lib/python3.7/site-packages/airflow/example_dags/example_trigger_target_dag.py
[2022-10-09 14:16:45,695] {processor.py:641} INFO - Processing file /home/airflow/.local/lib/python3.7/site-packages/airflow/example_dags/example_trigger_target_dag.py for tasks to queue
[2022-10-09 14:16:45,696] {logging_mixin.py:115} INFO - [2022-10-09 14:16:45,696] {dagbag.py:508} INFO - Filling up the DagBag from /home/airflow/.local/lib/python3.7/site-packages/airflow/example_dags/example_trigger_target_dag.py
[2022-10-09 14:16:46,007] {processor.py:651} INFO - DAG(s) dict_keys(['example_trigger_target_dag']) retrieved from /home/airflow/.local/lib/python3.7/site-packages/airflow/example_dags/example_trigger_target_dag.py
[2022-10-09 14:16:46,062] {logging_mixin.py:115} INFO - [2022-10-09 14:16:46,062] {dag.py:2420} INFO - Sync 1 DAGs
[2022-10-09 14:16:46,121] {logging_mixin.py:115} INFO - [2022-10-09 14:16:46,120] {dag.py:2972} INFO - Setting next_dagrun for example_trigger_target_dag to None, run_after=None
[2022-10-09 14:16:46,142] {processor.py:161} INFO - Processing /home/airflow/.local/lib/python3.7/site-packages/airflow/example_dags/example_trigger_target_dag.py took 0.453 seconds
[2022-10-09 14:17:16,760] {processor.py:153} INFO - Started process (PID=2699) to work on /home/airflow/.local/lib/python3.7/site-packages/airflow/example_dags/example_trigger_target_dag.py
[2022-10-09 14:17:16,762] {processor.py:641} INFO - Processing file /home/airflow/.local/lib/python3.7/site-packages/airflow/example_dags/example_trigger_target_dag.py for tasks to queue
[2022-10-09 14:17:16,763] {logging_mixin.py:115} INFO - [2022-10-09 14:17:16,763] {dagbag.py:508} INFO - Filling up the DagBag from /home/airflow/.local/lib/python3.7/site-packages/airflow/example_dags/example_trigger_target_dag.py
[2022-10-09 14:17:17,252] {processor.py:651} INFO - DAG(s) dict_keys(['example_trigger_target_dag']) retrieved from /home/airflow/.local/lib/python3.7/site-packages/airflow/example_dags/example_trigger_target_dag.py
[2022-10-09 14:17:17,315] {logging_mixin.py:115} INFO - [2022-10-09 14:17:17,315] {dag.py:2420} INFO - Sync 1 DAGs
[2022-10-09 14:17:17,386] {logging_mixin.py:115} INFO - [2022-10-09 14:17:17,385] {dag.py:2972} INFO - Setting next_dagrun for example_trigger_target_dag to None, run_after=None
[2022-10-09 14:17:17,425] {processor.py:161} INFO - Processing /home/airflow/.local/lib/python3.7/site-packages/airflow/example_dags/example_trigger_target_dag.py took 0.674 seconds
[2022-10-09 14:17:47,931] {processor.py:153} INFO - Started process (PID=2752) to work on /home/airflow/.local/lib/python3.7/site-packages/airflow/example_dags/example_trigger_target_dag.py
[2022-10-09 14:17:47,931] {processor.py:641} INFO - Processing file /home/airflow/.local/lib/python3.7/site-packages/airflow/example_dags/example_trigger_target_dag.py for tasks to queue
[2022-10-09 14:17:47,932] {logging_mixin.py:115} INFO - [2022-10-09 14:17:47,932] {dagbag.py:508} INFO - Filling up the DagBag from /home/airflow/.local/lib/python3.7/site-packages/airflow/example_dags/example_trigger_target_dag.py
[2022-10-09 14:17:48,110] {processor.py:651} INFO - DAG(s) dict_keys(['example_trigger_target_dag']) retrieved from /home/airflow/.local/lib/python3.7/site-packages/airflow/example_dags/example_trigger_target_dag.py
[2022-10-09 14:17:48,142] {logging_mixin.py:115} INFO - [2022-10-09 14:17:48,141] {dag.py:2420} INFO - Sync 1 DAGs
[2022-10-09 14:17:48,183] {logging_mixin.py:115} INFO - [2022-10-09 14:17:48,183] {dag.py:2972} INFO - Setting next_dagrun for example_trigger_target_dag to None, run_after=None
[2022-10-09 14:17:48,206] {processor.py:161} INFO - Processing /home/airflow/.local/lib/python3.7/site-packages/airflow/example_dags/example_trigger_target_dag.py took 0.279 seconds
[2022-10-09 14:18:18,836] {processor.py:153} INFO - Started process (PID=2804) to work on /home/airflow/.local/lib/python3.7/site-packages/airflow/example_dags/example_trigger_target_dag.py
[2022-10-09 14:18:18,838] {processor.py:641} INFO - Processing file /home/airflow/.local/lib/python3.7/site-packages/airflow/example_dags/example_trigger_target_dag.py for tasks to queue
[2022-10-09 14:18:18,840] {logging_mixin.py:115} INFO - [2022-10-09 14:18:18,840] {dagbag.py:508} INFO - Filling up the DagBag from /home/airflow/.local/lib/python3.7/site-packages/airflow/example_dags/example_trigger_target_dag.py
[2022-10-09 14:18:19,026] {processor.py:651} INFO - DAG(s) dict_keys(['example_trigger_target_dag']) retrieved from /home/airflow/.local/lib/python3.7/site-packages/airflow/example_dags/example_trigger_target_dag.py
[2022-10-09 14:18:19,055] {logging_mixin.py:115} INFO - [2022-10-09 14:18:19,055] {dag.py:2420} INFO - Sync 1 DAGs
[2022-10-09 14:18:19,091] {logging_mixin.py:115} INFO - [2022-10-09 14:18:19,091] {dag.py:2972} INFO - Setting next_dagrun for example_trigger_target_dag to None, run_after=None
[2022-10-09 14:18:19,111] {processor.py:161} INFO - Processing /home/airflow/.local/lib/python3.7/site-packages/airflow/example_dags/example_trigger_target_dag.py took 0.283 seconds
[2022-10-09 14:18:49,794] {processor.py:153} INFO - Started process (PID=2857) to work on /home/airflow/.local/lib/python3.7/site-packages/airflow/example_dags/example_trigger_target_dag.py
[2022-10-09 14:18:49,795] {processor.py:641} INFO - Processing file /home/airflow/.local/lib/python3.7/site-packages/airflow/example_dags/example_trigger_target_dag.py for tasks to queue
[2022-10-09 14:18:49,796] {logging_mixin.py:115} INFO - [2022-10-09 14:18:49,795] {dagbag.py:508} INFO - Filling up the DagBag from /home/airflow/.local/lib/python3.7/site-packages/airflow/example_dags/example_trigger_target_dag.py
[2022-10-09 14:18:50,003] {processor.py:651} INFO - DAG(s) dict_keys(['example_trigger_target_dag']) retrieved from /home/airflow/.local/lib/python3.7/site-packages/airflow/example_dags/example_trigger_target_dag.py
[2022-10-09 14:18:50,039] {logging_mixin.py:115} INFO - [2022-10-09 14:18:50,038] {dag.py:2420} INFO - Sync 1 DAGs
[2022-10-09 14:18:50,080] {logging_mixin.py:115} INFO - [2022-10-09 14:18:50,080] {dag.py:2972} INFO - Setting next_dagrun for example_trigger_target_dag to None, run_after=None
[2022-10-09 14:18:50,102] {processor.py:161} INFO - Processing /home/airflow/.local/lib/python3.7/site-packages/airflow/example_dags/example_trigger_target_dag.py took 0.313 seconds
[2022-10-09 14:19:20,590] {processor.py:153} INFO - Started process (PID=2919) to work on /home/airflow/.local/lib/python3.7/site-packages/airflow/example_dags/example_trigger_target_dag.py
[2022-10-09 14:19:20,592] {processor.py:641} INFO - Processing file /home/airflow/.local/lib/python3.7/site-packages/airflow/example_dags/example_trigger_target_dag.py for tasks to queue
[2022-10-09 14:19:20,593] {logging_mixin.py:115} INFO - [2022-10-09 14:19:20,593] {dagbag.py:508} INFO - Filling up the DagBag from /home/airflow/.local/lib/python3.7/site-packages/airflow/example_dags/example_trigger_target_dag.py
[2022-10-09 14:19:20,867] {processor.py:651} INFO - DAG(s) dict_keys(['example_trigger_target_dag']) retrieved from /home/airflow/.local/lib/python3.7/site-packages/airflow/example_dags/example_trigger_target_dag.py
[2022-10-09 14:19:20,903] {logging_mixin.py:115} INFO - [2022-10-09 14:19:20,903] {dag.py:2420} INFO - Sync 1 DAGs
[2022-10-09 14:19:20,944] {logging_mixin.py:115} INFO - [2022-10-09 14:19:20,944] {dag.py:2972} INFO - Setting next_dagrun for example_trigger_target_dag to None, run_after=None
[2022-10-09 14:19:20,971] {processor.py:161} INFO - Processing /home/airflow/.local/lib/python3.7/site-packages/airflow/example_dags/example_trigger_target_dag.py took 0.388 seconds
[2022-10-09 14:19:51,875] {processor.py:153} INFO - Started process (PID=2972) to work on /home/airflow/.local/lib/python3.7/site-packages/airflow/example_dags/example_trigger_target_dag.py
[2022-10-09 14:19:51,876] {processor.py:641} INFO - Processing file /home/airflow/.local/lib/python3.7/site-packages/airflow/example_dags/example_trigger_target_dag.py for tasks to queue
[2022-10-09 14:19:51,877] {logging_mixin.py:115} INFO - [2022-10-09 14:19:51,876] {dagbag.py:508} INFO - Filling up the DagBag from /home/airflow/.local/lib/python3.7/site-packages/airflow/example_dags/example_trigger_target_dag.py
[2022-10-09 14:19:52,164] {processor.py:651} INFO - DAG(s) dict_keys(['example_trigger_target_dag']) retrieved from /home/airflow/.local/lib/python3.7/site-packages/airflow/example_dags/example_trigger_target_dag.py
[2022-10-09 14:19:52,214] {logging_mixin.py:115} INFO - [2022-10-09 14:19:52,214] {dag.py:2420} INFO - Sync 1 DAGs
[2022-10-09 14:19:52,289] {logging_mixin.py:115} INFO - [2022-10-09 14:19:52,289] {dag.py:2972} INFO - Setting next_dagrun for example_trigger_target_dag to None, run_after=None
[2022-10-09 14:19:52,328] {processor.py:161} INFO - Processing /home/airflow/.local/lib/python3.7/site-packages/airflow/example_dags/example_trigger_target_dag.py took 0.458 seconds
[2022-10-09 14:20:23,122] {processor.py:153} INFO - Started process (PID=3026) to work on /home/airflow/.local/lib/python3.7/site-packages/airflow/example_dags/example_trigger_target_dag.py
[2022-10-09 14:20:23,124] {processor.py:641} INFO - Processing file /home/airflow/.local/lib/python3.7/site-packages/airflow/example_dags/example_trigger_target_dag.py for tasks to queue
[2022-10-09 14:20:23,125] {logging_mixin.py:115} INFO - [2022-10-09 14:20:23,125] {dagbag.py:508} INFO - Filling up the DagBag from /home/airflow/.local/lib/python3.7/site-packages/airflow/example_dags/example_trigger_target_dag.py
[2022-10-09 14:20:23,438] {processor.py:651} INFO - DAG(s) dict_keys(['example_trigger_target_dag']) retrieved from /home/airflow/.local/lib/python3.7/site-packages/airflow/example_dags/example_trigger_target_dag.py
[2022-10-09 14:20:23,478] {logging_mixin.py:115} INFO - [2022-10-09 14:20:23,478] {dag.py:2420} INFO - Sync 1 DAGs
[2022-10-09 14:20:23,531] {logging_mixin.py:115} INFO - [2022-10-09 14:20:23,530] {dag.py:2972} INFO - Setting next_dagrun for example_trigger_target_dag to None, run_after=None
[2022-10-09 14:20:23,699] {processor.py:161} INFO - Processing /home/airflow/.local/lib/python3.7/site-packages/airflow/example_dags/example_trigger_target_dag.py took 0.585 seconds
[2022-10-09 14:20:54,241] {processor.py:153} INFO - Started process (PID=3088) to work on /home/airflow/.local/lib/python3.7/site-packages/airflow/example_dags/example_trigger_target_dag.py
[2022-10-09 14:20:54,243] {processor.py:641} INFO - Processing file /home/airflow/.local/lib/python3.7/site-packages/airflow/example_dags/example_trigger_target_dag.py for tasks to queue
[2022-10-09 14:20:54,245] {logging_mixin.py:115} INFO - [2022-10-09 14:20:54,244] {dagbag.py:508} INFO - Filling up the DagBag from /home/airflow/.local/lib/python3.7/site-packages/airflow/example_dags/example_trigger_target_dag.py
[2022-10-09 14:20:54,283] {processor.py:651} INFO - DAG(s) dict_keys(['example_trigger_target_dag']) retrieved from /home/airflow/.local/lib/python3.7/site-packages/airflow/example_dags/example_trigger_target_dag.py
[2022-10-09 14:20:54,338] {logging_mixin.py:115} INFO - [2022-10-09 14:20:54,338] {dag.py:2420} INFO - Sync 1 DAGs
[2022-10-09 14:20:54,391] {logging_mixin.py:115} INFO - [2022-10-09 14:20:54,391] {dag.py:2972} INFO - Setting next_dagrun for example_trigger_target_dag to None, run_after=None
[2022-10-09 14:20:54,419] {processor.py:161} INFO - Processing /home/airflow/.local/lib/python3.7/site-packages/airflow/example_dags/example_trigger_target_dag.py took 0.185 seconds
[2022-10-09 14:21:25,155] {processor.py:153} INFO - Started process (PID=3141) to work on /home/airflow/.local/lib/python3.7/site-packages/airflow/example_dags/example_trigger_target_dag.py
[2022-10-09 14:21:25,156] {processor.py:641} INFO - Processing file /home/airflow/.local/lib/python3.7/site-packages/airflow/example_dags/example_trigger_target_dag.py for tasks to queue
[2022-10-09 14:21:25,158] {logging_mixin.py:115} INFO - [2022-10-09 14:21:25,157] {dagbag.py:508} INFO - Filling up the DagBag from /home/airflow/.local/lib/python3.7/site-packages/airflow/example_dags/example_trigger_target_dag.py
[2022-10-09 14:21:25,196] {processor.py:651} INFO - DAG(s) dict_keys(['example_trigger_target_dag']) retrieved from /home/airflow/.local/lib/python3.7/site-packages/airflow/example_dags/example_trigger_target_dag.py
[2022-10-09 14:21:25,246] {logging_mixin.py:115} INFO - [2022-10-09 14:21:25,246] {dag.py:2420} INFO - Sync 1 DAGs
[2022-10-09 14:21:25,299] {logging_mixin.py:115} INFO - [2022-10-09 14:21:25,299] {dag.py:2972} INFO - Setting next_dagrun for example_trigger_target_dag to None, run_after=None
[2022-10-09 14:21:25,322] {processor.py:161} INFO - Processing /home/airflow/.local/lib/python3.7/site-packages/airflow/example_dags/example_trigger_target_dag.py took 0.174 seconds
[2022-10-09 14:21:55,506] {processor.py:153} INFO - Started process (PID=3201) to work on /home/airflow/.local/lib/python3.7/site-packages/airflow/example_dags/example_trigger_target_dag.py
[2022-10-09 14:21:55,507] {processor.py:641} INFO - Processing file /home/airflow/.local/lib/python3.7/site-packages/airflow/example_dags/example_trigger_target_dag.py for tasks to queue
[2022-10-09 14:21:55,509] {logging_mixin.py:115} INFO - [2022-10-09 14:21:55,509] {dagbag.py:508} INFO - Filling up the DagBag from /home/airflow/.local/lib/python3.7/site-packages/airflow/example_dags/example_trigger_target_dag.py
[2022-10-09 14:21:55,548] {processor.py:651} INFO - DAG(s) dict_keys(['example_trigger_target_dag']) retrieved from /home/airflow/.local/lib/python3.7/site-packages/airflow/example_dags/example_trigger_target_dag.py
[2022-10-09 14:21:55,598] {logging_mixin.py:115} INFO - [2022-10-09 14:21:55,598] {dag.py:2420} INFO - Sync 1 DAGs
[2022-10-09 14:21:55,649] {logging_mixin.py:115} INFO - [2022-10-09 14:21:55,649] {dag.py:2972} INFO - Setting next_dagrun for example_trigger_target_dag to None, run_after=None
[2022-10-09 14:21:55,676] {processor.py:161} INFO - Processing /home/airflow/.local/lib/python3.7/site-packages/airflow/example_dags/example_trigger_target_dag.py took 0.178 seconds
[2022-10-09 14:22:26,275] {processor.py:153} INFO - Started process (PID=3256) to work on /home/airflow/.local/lib/python3.7/site-packages/airflow/example_dags/example_trigger_target_dag.py
[2022-10-09 14:22:26,276] {processor.py:641} INFO - Processing file /home/airflow/.local/lib/python3.7/site-packages/airflow/example_dags/example_trigger_target_dag.py for tasks to queue
[2022-10-09 14:22:26,278] {logging_mixin.py:115} INFO - [2022-10-09 14:22:26,278] {dagbag.py:508} INFO - Filling up the DagBag from /home/airflow/.local/lib/python3.7/site-packages/airflow/example_dags/example_trigger_target_dag.py
[2022-10-09 14:22:26,315] {processor.py:651} INFO - DAG(s) dict_keys(['example_trigger_target_dag']) retrieved from /home/airflow/.local/lib/python3.7/site-packages/airflow/example_dags/example_trigger_target_dag.py
[2022-10-09 14:22:26,370] {logging_mixin.py:115} INFO - [2022-10-09 14:22:26,370] {dag.py:2420} INFO - Sync 1 DAGs
[2022-10-09 14:22:26,427] {logging_mixin.py:115} INFO - [2022-10-09 14:22:26,427] {dag.py:2972} INFO - Setting next_dagrun for example_trigger_target_dag to None, run_after=None
[2022-10-09 14:22:26,454] {processor.py:161} INFO - Processing /home/airflow/.local/lib/python3.7/site-packages/airflow/example_dags/example_trigger_target_dag.py took 0.186 seconds
[2022-10-09 14:22:56,866] {processor.py:153} INFO - Started process (PID=3310) to work on /home/airflow/.local/lib/python3.7/site-packages/airflow/example_dags/example_trigger_target_dag.py
[2022-10-09 14:22:56,867] {processor.py:641} INFO - Processing file /home/airflow/.local/lib/python3.7/site-packages/airflow/example_dags/example_trigger_target_dag.py for tasks to queue
[2022-10-09 14:22:56,868] {logging_mixin.py:115} INFO - [2022-10-09 14:22:56,868] {dagbag.py:508} INFO - Filling up the DagBag from /home/airflow/.local/lib/python3.7/site-packages/airflow/example_dags/example_trigger_target_dag.py
[2022-10-09 14:22:56,898] {processor.py:651} INFO - DAG(s) dict_keys(['example_trigger_target_dag']) retrieved from /home/airflow/.local/lib/python3.7/site-packages/airflow/example_dags/example_trigger_target_dag.py
[2022-10-09 14:22:56,949] {logging_mixin.py:115} INFO - [2022-10-09 14:22:56,949] {dag.py:2420} INFO - Sync 1 DAGs
[2022-10-09 14:22:57,005] {logging_mixin.py:115} INFO - [2022-10-09 14:22:57,004] {dag.py:2972} INFO - Setting next_dagrun for example_trigger_target_dag to None, run_after=None
[2022-10-09 14:22:57,032] {processor.py:161} INFO - Processing /home/airflow/.local/lib/python3.7/site-packages/airflow/example_dags/example_trigger_target_dag.py took 0.172 seconds
[2022-10-09 14:23:27,817] {processor.py:153} INFO - Started process (PID=3372) to work on /home/airflow/.local/lib/python3.7/site-packages/airflow/example_dags/example_trigger_target_dag.py
[2022-10-09 14:23:27,819] {processor.py:641} INFO - Processing file /home/airflow/.local/lib/python3.7/site-packages/airflow/example_dags/example_trigger_target_dag.py for tasks to queue
[2022-10-09 14:23:27,820] {logging_mixin.py:115} INFO - [2022-10-09 14:23:27,820] {dagbag.py:508} INFO - Filling up the DagBag from /home/airflow/.local/lib/python3.7/site-packages/airflow/example_dags/example_trigger_target_dag.py
[2022-10-09 14:23:27,860] {processor.py:651} INFO - DAG(s) dict_keys(['example_trigger_target_dag']) retrieved from /home/airflow/.local/lib/python3.7/site-packages/airflow/example_dags/example_trigger_target_dag.py
[2022-10-09 14:23:27,937] {logging_mixin.py:115} INFO - [2022-10-09 14:23:27,937] {dag.py:2420} INFO - Sync 1 DAGs
[2022-10-09 14:23:27,997] {logging_mixin.py:115} INFO - [2022-10-09 14:23:27,996] {dag.py:2972} INFO - Setting next_dagrun for example_trigger_target_dag to None, run_after=None
[2022-10-09 14:23:28,030] {processor.py:161} INFO - Processing /home/airflow/.local/lib/python3.7/site-packages/airflow/example_dags/example_trigger_target_dag.py took 0.221 seconds
[2022-10-09 14:23:58,725] {processor.py:153} INFO - Started process (PID=3424) to work on /home/airflow/.local/lib/python3.7/site-packages/airflow/example_dags/example_trigger_target_dag.py
[2022-10-09 14:23:58,727] {processor.py:641} INFO - Processing file /home/airflow/.local/lib/python3.7/site-packages/airflow/example_dags/example_trigger_target_dag.py for tasks to queue
[2022-10-09 14:23:58,728] {logging_mixin.py:115} INFO - [2022-10-09 14:23:58,728] {dagbag.py:508} INFO - Filling up the DagBag from /home/airflow/.local/lib/python3.7/site-packages/airflow/example_dags/example_trigger_target_dag.py
[2022-10-09 14:23:58,761] {processor.py:651} INFO - DAG(s) dict_keys(['example_trigger_target_dag']) retrieved from /home/airflow/.local/lib/python3.7/site-packages/airflow/example_dags/example_trigger_target_dag.py
[2022-10-09 14:23:58,819] {logging_mixin.py:115} INFO - [2022-10-09 14:23:58,818] {dag.py:2420} INFO - Sync 1 DAGs
[2022-10-09 14:23:58,880] {logging_mixin.py:115} INFO - [2022-10-09 14:23:58,880] {dag.py:2972} INFO - Setting next_dagrun for example_trigger_target_dag to None, run_after=None
[2022-10-09 14:23:58,912] {processor.py:161} INFO - Processing /home/airflow/.local/lib/python3.7/site-packages/airflow/example_dags/example_trigger_target_dag.py took 0.192 seconds
[2022-10-09 14:24:29,436] {processor.py:153} INFO - Started process (PID=3484) to work on /home/airflow/.local/lib/python3.7/site-packages/airflow/example_dags/example_trigger_target_dag.py
[2022-10-09 14:24:29,438] {processor.py:641} INFO - Processing file /home/airflow/.local/lib/python3.7/site-packages/airflow/example_dags/example_trigger_target_dag.py for tasks to queue
[2022-10-09 14:24:29,439] {logging_mixin.py:115} INFO - [2022-10-09 14:24:29,438] {dagbag.py:508} INFO - Filling up the DagBag from /home/airflow/.local/lib/python3.7/site-packages/airflow/example_dags/example_trigger_target_dag.py
[2022-10-09 14:24:29,466] {processor.py:651} INFO - DAG(s) dict_keys(['example_trigger_target_dag']) retrieved from /home/airflow/.local/lib/python3.7/site-packages/airflow/example_dags/example_trigger_target_dag.py
[2022-10-09 14:24:29,512] {logging_mixin.py:115} INFO - [2022-10-09 14:24:29,512] {dag.py:2420} INFO - Sync 1 DAGs
[2022-10-09 14:24:29,560] {logging_mixin.py:115} INFO - [2022-10-09 14:24:29,560] {dag.py:2972} INFO - Setting next_dagrun for example_trigger_target_dag to None, run_after=None
[2022-10-09 14:24:29,590] {processor.py:161} INFO - Processing /home/airflow/.local/lib/python3.7/site-packages/airflow/example_dags/example_trigger_target_dag.py took 0.159 seconds
[2022-10-09 14:25:00,062] {processor.py:153} INFO - Started process (PID=3539) to work on /home/airflow/.local/lib/python3.7/site-packages/airflow/example_dags/example_trigger_target_dag.py
[2022-10-09 14:25:00,063] {processor.py:641} INFO - Processing file /home/airflow/.local/lib/python3.7/site-packages/airflow/example_dags/example_trigger_target_dag.py for tasks to queue
[2022-10-09 14:25:00,064] {logging_mixin.py:115} INFO - [2022-10-09 14:25:00,064] {dagbag.py:508} INFO - Filling up the DagBag from /home/airflow/.local/lib/python3.7/site-packages/airflow/example_dags/example_trigger_target_dag.py
[2022-10-09 14:25:00,095] {processor.py:651} INFO - DAG(s) dict_keys(['example_trigger_target_dag']) retrieved from /home/airflow/.local/lib/python3.7/site-packages/airflow/example_dags/example_trigger_target_dag.py
[2022-10-09 14:25:00,152] {logging_mixin.py:115} INFO - [2022-10-09 14:25:00,152] {dag.py:2420} INFO - Sync 1 DAGs
[2022-10-09 14:25:00,201] {logging_mixin.py:115} INFO - [2022-10-09 14:25:00,201] {dag.py:2972} INFO - Setting next_dagrun for example_trigger_target_dag to None, run_after=None
[2022-10-09 14:25:00,229] {processor.py:161} INFO - Processing /home/airflow/.local/lib/python3.7/site-packages/airflow/example_dags/example_trigger_target_dag.py took 0.172 seconds
[2022-10-09 14:25:30,448] {processor.py:153} INFO - Started process (PID=3592) to work on /home/airflow/.local/lib/python3.7/site-packages/airflow/example_dags/example_trigger_target_dag.py
[2022-10-09 14:25:30,450] {processor.py:641} INFO - Processing file /home/airflow/.local/lib/python3.7/site-packages/airflow/example_dags/example_trigger_target_dag.py for tasks to queue
[2022-10-09 14:25:30,451] {logging_mixin.py:115} INFO - [2022-10-09 14:25:30,451] {dagbag.py:508} INFO - Filling up the DagBag from /home/airflow/.local/lib/python3.7/site-packages/airflow/example_dags/example_trigger_target_dag.py
[2022-10-09 14:25:30,487] {processor.py:651} INFO - DAG(s) dict_keys(['example_trigger_target_dag']) retrieved from /home/airflow/.local/lib/python3.7/site-packages/airflow/example_dags/example_trigger_target_dag.py
[2022-10-09 14:25:30,543] {logging_mixin.py:115} INFO - [2022-10-09 14:25:30,543] {dag.py:2420} INFO - Sync 1 DAGs
[2022-10-09 14:25:30,612] {logging_mixin.py:115} INFO - [2022-10-09 14:25:30,611] {dag.py:2972} INFO - Setting next_dagrun for example_trigger_target_dag to None, run_after=None
[2022-10-09 14:25:30,650] {processor.py:161} INFO - Processing /home/airflow/.local/lib/python3.7/site-packages/airflow/example_dags/example_trigger_target_dag.py took 0.208 seconds
[2022-10-09 14:26:00,970] {processor.py:153} INFO - Started process (PID=3645) to work on /home/airflow/.local/lib/python3.7/site-packages/airflow/example_dags/example_trigger_target_dag.py
[2022-10-09 14:26:00,971] {processor.py:641} INFO - Processing file /home/airflow/.local/lib/python3.7/site-packages/airflow/example_dags/example_trigger_target_dag.py for tasks to queue
[2022-10-09 14:26:00,973] {logging_mixin.py:115} INFO - [2022-10-09 14:26:00,972] {dagbag.py:508} INFO - Filling up the DagBag from /home/airflow/.local/lib/python3.7/site-packages/airflow/example_dags/example_trigger_target_dag.py
[2022-10-09 14:26:01,004] {processor.py:651} INFO - DAG(s) dict_keys(['example_trigger_target_dag']) retrieved from /home/airflow/.local/lib/python3.7/site-packages/airflow/example_dags/example_trigger_target_dag.py
[2022-10-09 14:26:01,060] {logging_mixin.py:115} INFO - [2022-10-09 14:26:01,060] {dag.py:2420} INFO - Sync 1 DAGs
[2022-10-09 14:26:01,127] {logging_mixin.py:115} INFO - [2022-10-09 14:26:01,127] {dag.py:2972} INFO - Setting next_dagrun for example_trigger_target_dag to None, run_after=None
[2022-10-09 14:26:01,158] {processor.py:161} INFO - Processing /home/airflow/.local/lib/python3.7/site-packages/airflow/example_dags/example_trigger_target_dag.py took 0.194 seconds
[2022-10-09 14:26:31,951] {processor.py:153} INFO - Started process (PID=3708) to work on /home/airflow/.local/lib/python3.7/site-packages/airflow/example_dags/example_trigger_target_dag.py
[2022-10-09 14:26:31,953] {processor.py:641} INFO - Processing file /home/airflow/.local/lib/python3.7/site-packages/airflow/example_dags/example_trigger_target_dag.py for tasks to queue
[2022-10-09 14:26:31,954] {logging_mixin.py:115} INFO - [2022-10-09 14:26:31,954] {dagbag.py:508} INFO - Filling up the DagBag from /home/airflow/.local/lib/python3.7/site-packages/airflow/example_dags/example_trigger_target_dag.py
[2022-10-09 14:26:31,986] {processor.py:651} INFO - DAG(s) dict_keys(['example_trigger_target_dag']) retrieved from /home/airflow/.local/lib/python3.7/site-packages/airflow/example_dags/example_trigger_target_dag.py
[2022-10-09 14:26:32,031] {logging_mixin.py:115} INFO - [2022-10-09 14:26:32,031] {dag.py:2420} INFO - Sync 1 DAGs
[2022-10-09 14:26:32,079] {logging_mixin.py:115} INFO - [2022-10-09 14:26:32,079] {dag.py:2972} INFO - Setting next_dagrun for example_trigger_target_dag to None, run_after=None
[2022-10-09 14:26:32,104] {processor.py:161} INFO - Processing /home/airflow/.local/lib/python3.7/site-packages/airflow/example_dags/example_trigger_target_dag.py took 0.159 seconds
[2022-10-09 14:27:02,947] {processor.py:153} INFO - Started process (PID=3762) to work on /home/airflow/.local/lib/python3.7/site-packages/airflow/example_dags/example_trigger_target_dag.py
[2022-10-09 14:27:02,948] {processor.py:641} INFO - Processing file /home/airflow/.local/lib/python3.7/site-packages/airflow/example_dags/example_trigger_target_dag.py for tasks to queue
[2022-10-09 14:27:02,949] {logging_mixin.py:115} INFO - [2022-10-09 14:27:02,949] {dagbag.py:508} INFO - Filling up the DagBag from /home/airflow/.local/lib/python3.7/site-packages/airflow/example_dags/example_trigger_target_dag.py
[2022-10-09 14:27:02,993] {processor.py:651} INFO - DAG(s) dict_keys(['example_trigger_target_dag']) retrieved from /home/airflow/.local/lib/python3.7/site-packages/airflow/example_dags/example_trigger_target_dag.py
[2022-10-09 14:27:03,043] {logging_mixin.py:115} INFO - [2022-10-09 14:27:03,043] {dag.py:2420} INFO - Sync 1 DAGs
[2022-10-09 14:27:03,094] {logging_mixin.py:115} INFO - [2022-10-09 14:27:03,094] {dag.py:2972} INFO - Setting next_dagrun for example_trigger_target_dag to None, run_after=None
[2022-10-09 14:27:03,126] {processor.py:161} INFO - Processing /home/airflow/.local/lib/python3.7/site-packages/airflow/example_dags/example_trigger_target_dag.py took 0.187 seconds
[2022-10-09 14:27:34,007] {processor.py:153} INFO - Started process (PID=3815) to work on /home/airflow/.local/lib/python3.7/site-packages/airflow/example_dags/example_trigger_target_dag.py
[2022-10-09 14:27:34,008] {processor.py:641} INFO - Processing file /home/airflow/.local/lib/python3.7/site-packages/airflow/example_dags/example_trigger_target_dag.py for tasks to queue
[2022-10-09 14:27:34,009] {logging_mixin.py:115} INFO - [2022-10-09 14:27:34,008] {dagbag.py:508} INFO - Filling up the DagBag from /home/airflow/.local/lib/python3.7/site-packages/airflow/example_dags/example_trigger_target_dag.py
[2022-10-09 14:27:34,034] {processor.py:651} INFO - DAG(s) dict_keys(['example_trigger_target_dag']) retrieved from /home/airflow/.local/lib/python3.7/site-packages/airflow/example_dags/example_trigger_target_dag.py
[2022-10-09 14:27:34,077] {logging_mixin.py:115} INFO - [2022-10-09 14:27:34,077] {dag.py:2420} INFO - Sync 1 DAGs
[2022-10-09 14:27:34,120] {logging_mixin.py:115} INFO - [2022-10-09 14:27:34,120] {dag.py:2972} INFO - Setting next_dagrun for example_trigger_target_dag to None, run_after=None
[2022-10-09 14:27:34,145] {processor.py:161} INFO - Processing /home/airflow/.local/lib/python3.7/site-packages/airflow/example_dags/example_trigger_target_dag.py took 0.142 seconds
[2022-10-09 14:28:04,409] {processor.py:153} INFO - Started process (PID=3877) to work on /home/airflow/.local/lib/python3.7/site-packages/airflow/example_dags/example_trigger_target_dag.py
[2022-10-09 14:28:04,410] {processor.py:641} INFO - Processing file /home/airflow/.local/lib/python3.7/site-packages/airflow/example_dags/example_trigger_target_dag.py for tasks to queue
[2022-10-09 14:28:04,411] {logging_mixin.py:115} INFO - [2022-10-09 14:28:04,410] {dagbag.py:508} INFO - Filling up the DagBag from /home/airflow/.local/lib/python3.7/site-packages/airflow/example_dags/example_trigger_target_dag.py
[2022-10-09 14:28:04,439] {processor.py:651} INFO - DAG(s) dict_keys(['example_trigger_target_dag']) retrieved from /home/airflow/.local/lib/python3.7/site-packages/airflow/example_dags/example_trigger_target_dag.py
[2022-10-09 14:28:04,491] {logging_mixin.py:115} INFO - [2022-10-09 14:28:04,490] {dag.py:2420} INFO - Sync 1 DAGs
[2022-10-09 14:28:04,544] {logging_mixin.py:115} INFO - [2022-10-09 14:28:04,543] {dag.py:2972} INFO - Setting next_dagrun for example_trigger_target_dag to None, run_after=None
[2022-10-09 14:28:04,575] {processor.py:161} INFO - Processing /home/airflow/.local/lib/python3.7/site-packages/airflow/example_dags/example_trigger_target_dag.py took 0.171 seconds
[2022-10-09 14:28:34,857] {processor.py:153} INFO - Started process (PID=3930) to work on /home/airflow/.local/lib/python3.7/site-packages/airflow/example_dags/example_trigger_target_dag.py
[2022-10-09 14:28:34,858] {processor.py:641} INFO - Processing file /home/airflow/.local/lib/python3.7/site-packages/airflow/example_dags/example_trigger_target_dag.py for tasks to queue
[2022-10-09 14:28:34,859] {logging_mixin.py:115} INFO - [2022-10-09 14:28:34,858] {dagbag.py:508} INFO - Filling up the DagBag from /home/airflow/.local/lib/python3.7/site-packages/airflow/example_dags/example_trigger_target_dag.py
[2022-10-09 14:28:34,884] {processor.py:651} INFO - DAG(s) dict_keys(['example_trigger_target_dag']) retrieved from /home/airflow/.local/lib/python3.7/site-packages/airflow/example_dags/example_trigger_target_dag.py
[2022-10-09 14:28:34,935] {logging_mixin.py:115} INFO - [2022-10-09 14:28:34,935] {dag.py:2420} INFO - Sync 1 DAGs
[2022-10-09 14:28:34,993] {logging_mixin.py:115} INFO - [2022-10-09 14:28:34,992] {dag.py:2972} INFO - Setting next_dagrun for example_trigger_target_dag to None, run_after=None
[2022-10-09 14:28:35,016] {processor.py:161} INFO - Processing /home/airflow/.local/lib/python3.7/site-packages/airflow/example_dags/example_trigger_target_dag.py took 0.163 seconds
[2022-10-09 14:29:05,430] {processor.py:153} INFO - Started process (PID=3992) to work on /home/airflow/.local/lib/python3.7/site-packages/airflow/example_dags/example_trigger_target_dag.py
[2022-10-09 14:29:05,431] {processor.py:641} INFO - Processing file /home/airflow/.local/lib/python3.7/site-packages/airflow/example_dags/example_trigger_target_dag.py for tasks to queue
[2022-10-09 14:29:05,433] {logging_mixin.py:115} INFO - [2022-10-09 14:29:05,433] {dagbag.py:508} INFO - Filling up the DagBag from /home/airflow/.local/lib/python3.7/site-packages/airflow/example_dags/example_trigger_target_dag.py
[2022-10-09 14:29:05,481] {processor.py:651} INFO - DAG(s) dict_keys(['example_trigger_target_dag']) retrieved from /home/airflow/.local/lib/python3.7/site-packages/airflow/example_dags/example_trigger_target_dag.py
[2022-10-09 14:29:05,566] {logging_mixin.py:115} INFO - [2022-10-09 14:29:05,565] {dag.py:2420} INFO - Sync 1 DAGs
[2022-10-09 14:29:05,634] {logging_mixin.py:115} INFO - [2022-10-09 14:29:05,634] {dag.py:2972} INFO - Setting next_dagrun for example_trigger_target_dag to None, run_after=None
[2022-10-09 14:29:05,671] {processor.py:161} INFO - Processing /home/airflow/.local/lib/python3.7/site-packages/airflow/example_dags/example_trigger_target_dag.py took 0.251 seconds
[2022-10-09 14:29:35,780] {processor.py:153} INFO - Started process (PID=4046) to work on /home/airflow/.local/lib/python3.7/site-packages/airflow/example_dags/example_trigger_target_dag.py
[2022-10-09 14:29:35,781] {processor.py:641} INFO - Processing file /home/airflow/.local/lib/python3.7/site-packages/airflow/example_dags/example_trigger_target_dag.py for tasks to queue
[2022-10-09 14:29:35,782] {logging_mixin.py:115} INFO - [2022-10-09 14:29:35,782] {dagbag.py:508} INFO - Filling up the DagBag from /home/airflow/.local/lib/python3.7/site-packages/airflow/example_dags/example_trigger_target_dag.py
[2022-10-09 14:29:35,810] {processor.py:651} INFO - DAG(s) dict_keys(['example_trigger_target_dag']) retrieved from /home/airflow/.local/lib/python3.7/site-packages/airflow/example_dags/example_trigger_target_dag.py
[2022-10-09 14:29:35,855] {logging_mixin.py:115} INFO - [2022-10-09 14:29:35,855] {dag.py:2420} INFO - Sync 1 DAGs
[2022-10-09 14:29:35,901] {logging_mixin.py:115} INFO - [2022-10-09 14:29:35,901] {dag.py:2972} INFO - Setting next_dagrun for example_trigger_target_dag to None, run_after=None
[2022-10-09 14:29:35,925] {processor.py:161} INFO - Processing /home/airflow/.local/lib/python3.7/site-packages/airflow/example_dags/example_trigger_target_dag.py took 0.150 seconds
[2022-10-09 14:30:06,196] {processor.py:153} INFO - Started process (PID=4099) to work on /home/airflow/.local/lib/python3.7/site-packages/airflow/example_dags/example_trigger_target_dag.py
[2022-10-09 14:30:06,197] {processor.py:641} INFO - Processing file /home/airflow/.local/lib/python3.7/site-packages/airflow/example_dags/example_trigger_target_dag.py for tasks to queue
[2022-10-09 14:30:06,197] {logging_mixin.py:115} INFO - [2022-10-09 14:30:06,197] {dagbag.py:508} INFO - Filling up the DagBag from /home/airflow/.local/lib/python3.7/site-packages/airflow/example_dags/example_trigger_target_dag.py
[2022-10-09 14:30:06,225] {processor.py:651} INFO - DAG(s) dict_keys(['example_trigger_target_dag']) retrieved from /home/airflow/.local/lib/python3.7/site-packages/airflow/example_dags/example_trigger_target_dag.py
[2022-10-09 14:30:06,266] {logging_mixin.py:115} INFO - [2022-10-09 14:30:06,266] {dag.py:2420} INFO - Sync 1 DAGs
[2022-10-09 14:30:06,313] {logging_mixin.py:115} INFO - [2022-10-09 14:30:06,313] {dag.py:2972} INFO - Setting next_dagrun for example_trigger_target_dag to None, run_after=None
[2022-10-09 14:30:06,335] {processor.py:161} INFO - Processing /home/airflow/.local/lib/python3.7/site-packages/airflow/example_dags/example_trigger_target_dag.py took 0.143 seconds
[2022-10-09 14:30:37,501] {processor.py:153} INFO - Started process (PID=4161) to work on /home/airflow/.local/lib/python3.7/site-packages/airflow/example_dags/example_trigger_target_dag.py
[2022-10-09 14:30:37,502] {processor.py:641} INFO - Processing file /home/airflow/.local/lib/python3.7/site-packages/airflow/example_dags/example_trigger_target_dag.py for tasks to queue
[2022-10-09 14:30:37,504] {logging_mixin.py:115} INFO - [2022-10-09 14:30:37,503] {dagbag.py:508} INFO - Filling up the DagBag from /home/airflow/.local/lib/python3.7/site-packages/airflow/example_dags/example_trigger_target_dag.py
[2022-10-09 14:30:37,545] {processor.py:651} INFO - DAG(s) dict_keys(['example_trigger_target_dag']) retrieved from /home/airflow/.local/lib/python3.7/site-packages/airflow/example_dags/example_trigger_target_dag.py
[2022-10-09 14:30:37,592] {logging_mixin.py:115} INFO - [2022-10-09 14:30:37,592] {dag.py:2420} INFO - Sync 1 DAGs
[2022-10-09 14:30:37,638] {logging_mixin.py:115} INFO - [2022-10-09 14:30:37,638] {dag.py:2972} INFO - Setting next_dagrun for example_trigger_target_dag to None, run_after=None
[2022-10-09 14:30:37,660] {processor.py:161} INFO - Processing /home/airflow/.local/lib/python3.7/site-packages/airflow/example_dags/example_trigger_target_dag.py took 0.165 seconds
[2022-10-09 14:31:08,420] {processor.py:153} INFO - Started process (PID=4214) to work on /home/airflow/.local/lib/python3.7/site-packages/airflow/example_dags/example_trigger_target_dag.py
[2022-10-09 14:31:08,422] {processor.py:641} INFO - Processing file /home/airflow/.local/lib/python3.7/site-packages/airflow/example_dags/example_trigger_target_dag.py for tasks to queue
[2022-10-09 14:31:08,423] {logging_mixin.py:115} INFO - [2022-10-09 14:31:08,423] {dagbag.py:508} INFO - Filling up the DagBag from /home/airflow/.local/lib/python3.7/site-packages/airflow/example_dags/example_trigger_target_dag.py
[2022-10-09 14:31:08,453] {processor.py:651} INFO - DAG(s) dict_keys(['example_trigger_target_dag']) retrieved from /home/airflow/.local/lib/python3.7/site-packages/airflow/example_dags/example_trigger_target_dag.py
[2022-10-09 14:31:08,503] {logging_mixin.py:115} INFO - [2022-10-09 14:31:08,502] {dag.py:2420} INFO - Sync 1 DAGs
[2022-10-09 14:31:08,550] {logging_mixin.py:115} INFO - [2022-10-09 14:31:08,549] {dag.py:2972} INFO - Setting next_dagrun for example_trigger_target_dag to None, run_after=None
[2022-10-09 14:31:08,574] {processor.py:161} INFO - Processing /home/airflow/.local/lib/python3.7/site-packages/airflow/example_dags/example_trigger_target_dag.py took 0.161 seconds
[2022-10-09 14:31:39,378] {processor.py:153} INFO - Started process (PID=4267) to work on /home/airflow/.local/lib/python3.7/site-packages/airflow/example_dags/example_trigger_target_dag.py
[2022-10-09 14:31:39,379] {processor.py:641} INFO - Processing file /home/airflow/.local/lib/python3.7/site-packages/airflow/example_dags/example_trigger_target_dag.py for tasks to queue
[2022-10-09 14:31:39,379] {logging_mixin.py:115} INFO - [2022-10-09 14:31:39,379] {dagbag.py:508} INFO - Filling up the DagBag from /home/airflow/.local/lib/python3.7/site-packages/airflow/example_dags/example_trigger_target_dag.py
[2022-10-09 14:31:39,404] {processor.py:651} INFO - DAG(s) dict_keys(['example_trigger_target_dag']) retrieved from /home/airflow/.local/lib/python3.7/site-packages/airflow/example_dags/example_trigger_target_dag.py
[2022-10-09 14:31:39,443] {logging_mixin.py:115} INFO - [2022-10-09 14:31:39,443] {dag.py:2420} INFO - Sync 1 DAGs
[2022-10-09 14:31:39,485] {logging_mixin.py:115} INFO - [2022-10-09 14:31:39,484] {dag.py:2972} INFO - Setting next_dagrun for example_trigger_target_dag to None, run_after=None
[2022-10-09 14:31:39,507] {processor.py:161} INFO - Processing /home/airflow/.local/lib/python3.7/site-packages/airflow/example_dags/example_trigger_target_dag.py took 0.134 seconds
[2022-10-09 14:32:10,206] {processor.py:153} INFO - Started process (PID=4328) to work on /home/airflow/.local/lib/python3.7/site-packages/airflow/example_dags/example_trigger_target_dag.py
[2022-10-09 14:32:10,207] {processor.py:641} INFO - Processing file /home/airflow/.local/lib/python3.7/site-packages/airflow/example_dags/example_trigger_target_dag.py for tasks to queue
[2022-10-09 14:32:10,208] {logging_mixin.py:115} INFO - [2022-10-09 14:32:10,208] {dagbag.py:508} INFO - Filling up the DagBag from /home/airflow/.local/lib/python3.7/site-packages/airflow/example_dags/example_trigger_target_dag.py
[2022-10-09 14:32:10,238] {processor.py:651} INFO - DAG(s) dict_keys(['example_trigger_target_dag']) retrieved from /home/airflow/.local/lib/python3.7/site-packages/airflow/example_dags/example_trigger_target_dag.py
[2022-10-09 14:32:10,286] {logging_mixin.py:115} INFO - [2022-10-09 14:32:10,285] {dag.py:2420} INFO - Sync 1 DAGs
[2022-10-09 14:32:10,334] {logging_mixin.py:115} INFO - [2022-10-09 14:32:10,334] {dag.py:2972} INFO - Setting next_dagrun for example_trigger_target_dag to None, run_after=None
[2022-10-09 14:32:10,357] {processor.py:161} INFO - Processing /home/airflow/.local/lib/python3.7/site-packages/airflow/example_dags/example_trigger_target_dag.py took 0.157 seconds
[2022-10-09 14:32:41,235] {processor.py:153} INFO - Started process (PID=4381) to work on /home/airflow/.local/lib/python3.7/site-packages/airflow/example_dags/example_trigger_target_dag.py
[2022-10-09 14:32:41,243] {processor.py:641} INFO - Processing file /home/airflow/.local/lib/python3.7/site-packages/airflow/example_dags/example_trigger_target_dag.py for tasks to queue
[2022-10-09 14:32:41,244] {logging_mixin.py:115} INFO - [2022-10-09 14:32:41,244] {dagbag.py:508} INFO - Filling up the DagBag from /home/airflow/.local/lib/python3.7/site-packages/airflow/example_dags/example_trigger_target_dag.py
[2022-10-09 14:32:41,282] {processor.py:651} INFO - DAG(s) dict_keys(['example_trigger_target_dag']) retrieved from /home/airflow/.local/lib/python3.7/site-packages/airflow/example_dags/example_trigger_target_dag.py
[2022-10-09 14:32:41,336] {logging_mixin.py:115} INFO - [2022-10-09 14:32:41,336] {dag.py:2420} INFO - Sync 1 DAGs
[2022-10-09 14:32:41,386] {logging_mixin.py:115} INFO - [2022-10-09 14:32:41,386] {dag.py:2972} INFO - Setting next_dagrun for example_trigger_target_dag to None, run_after=None
[2022-10-09 14:32:41,414] {processor.py:161} INFO - Processing /home/airflow/.local/lib/python3.7/site-packages/airflow/example_dags/example_trigger_target_dag.py took 0.186 seconds
[2022-10-09 14:33:11,573] {processor.py:153} INFO - Started process (PID=4434) to work on /home/airflow/.local/lib/python3.7/site-packages/airflow/example_dags/example_trigger_target_dag.py
[2022-10-09 14:33:11,575] {processor.py:641} INFO - Processing file /home/airflow/.local/lib/python3.7/site-packages/airflow/example_dags/example_trigger_target_dag.py for tasks to queue
[2022-10-09 14:33:11,576] {logging_mixin.py:115} INFO - [2022-10-09 14:33:11,576] {dagbag.py:508} INFO - Filling up the DagBag from /home/airflow/.local/lib/python3.7/site-packages/airflow/example_dags/example_trigger_target_dag.py
[2022-10-09 14:33:11,604] {processor.py:651} INFO - DAG(s) dict_keys(['example_trigger_target_dag']) retrieved from /home/airflow/.local/lib/python3.7/site-packages/airflow/example_dags/example_trigger_target_dag.py
[2022-10-09 14:33:11,654] {logging_mixin.py:115} INFO - [2022-10-09 14:33:11,654] {dag.py:2420} INFO - Sync 1 DAGs
[2022-10-09 14:33:11,703] {logging_mixin.py:115} INFO - [2022-10-09 14:33:11,703] {dag.py:2972} INFO - Setting next_dagrun for example_trigger_target_dag to None, run_after=None
[2022-10-09 14:33:11,742] {processor.py:161} INFO - Processing /home/airflow/.local/lib/python3.7/site-packages/airflow/example_dags/example_trigger_target_dag.py took 0.174 seconds
[2022-10-09 14:33:41,993] {processor.py:153} INFO - Started process (PID=4496) to work on /home/airflow/.local/lib/python3.7/site-packages/airflow/example_dags/example_trigger_target_dag.py
[2022-10-09 14:33:41,994] {processor.py:641} INFO - Processing file /home/airflow/.local/lib/python3.7/site-packages/airflow/example_dags/example_trigger_target_dag.py for tasks to queue
[2022-10-09 14:33:41,995] {logging_mixin.py:115} INFO - [2022-10-09 14:33:41,995] {dagbag.py:508} INFO - Filling up the DagBag from /home/airflow/.local/lib/python3.7/site-packages/airflow/example_dags/example_trigger_target_dag.py
[2022-10-09 14:33:42,031] {processor.py:651} INFO - DAG(s) dict_keys(['example_trigger_target_dag']) retrieved from /home/airflow/.local/lib/python3.7/site-packages/airflow/example_dags/example_trigger_target_dag.py
[2022-10-09 14:33:42,073] {logging_mixin.py:115} INFO - [2022-10-09 14:33:42,073] {dag.py:2420} INFO - Sync 1 DAGs
[2022-10-09 14:33:42,114] {logging_mixin.py:115} INFO - [2022-10-09 14:33:42,113] {dag.py:2972} INFO - Setting next_dagrun for example_trigger_target_dag to None, run_after=None
[2022-10-09 14:33:42,137] {processor.py:161} INFO - Processing /home/airflow/.local/lib/python3.7/site-packages/airflow/example_dags/example_trigger_target_dag.py took 0.150 seconds
[2022-10-09 14:34:12,270] {processor.py:153} INFO - Started process (PID=4549) to work on /home/airflow/.local/lib/python3.7/site-packages/airflow/example_dags/example_trigger_target_dag.py
[2022-10-09 14:34:12,271] {processor.py:641} INFO - Processing file /home/airflow/.local/lib/python3.7/site-packages/airflow/example_dags/example_trigger_target_dag.py for tasks to queue
[2022-10-09 14:34:12,272] {logging_mixin.py:115} INFO - [2022-10-09 14:34:12,272] {dagbag.py:508} INFO - Filling up the DagBag from /home/airflow/.local/lib/python3.7/site-packages/airflow/example_dags/example_trigger_target_dag.py
[2022-10-09 14:34:12,304] {processor.py:651} INFO - DAG(s) dict_keys(['example_trigger_target_dag']) retrieved from /home/airflow/.local/lib/python3.7/site-packages/airflow/example_dags/example_trigger_target_dag.py
[2022-10-09 14:34:12,348] {logging_mixin.py:115} INFO - [2022-10-09 14:34:12,348] {dag.py:2420} INFO - Sync 1 DAGs
[2022-10-09 14:34:12,392] {logging_mixin.py:115} INFO - [2022-10-09 14:34:12,391] {dag.py:2972} INFO - Setting next_dagrun for example_trigger_target_dag to None, run_after=None
[2022-10-09 14:34:12,417] {processor.py:161} INFO - Processing /home/airflow/.local/lib/python3.7/site-packages/airflow/example_dags/example_trigger_target_dag.py took 0.152 seconds
[2022-10-09 14:34:43,507] {processor.py:153} INFO - Started process (PID=4610) to work on /home/airflow/.local/lib/python3.7/site-packages/airflow/example_dags/example_trigger_target_dag.py
[2022-10-09 14:34:43,509] {processor.py:641} INFO - Processing file /home/airflow/.local/lib/python3.7/site-packages/airflow/example_dags/example_trigger_target_dag.py for tasks to queue
[2022-10-09 14:34:43,511] {logging_mixin.py:115} INFO - [2022-10-09 14:34:43,510] {dagbag.py:508} INFO - Filling up the DagBag from /home/airflow/.local/lib/python3.7/site-packages/airflow/example_dags/example_trigger_target_dag.py
[2022-10-09 14:34:43,558] {processor.py:651} INFO - DAG(s) dict_keys(['example_trigger_target_dag']) retrieved from /home/airflow/.local/lib/python3.7/site-packages/airflow/example_dags/example_trigger_target_dag.py
[2022-10-09 14:34:43,616] {logging_mixin.py:115} INFO - [2022-10-09 14:34:43,616] {dag.py:2420} INFO - Sync 1 DAGs
[2022-10-09 14:34:43,671] {logging_mixin.py:115} INFO - [2022-10-09 14:34:43,671] {dag.py:2972} INFO - Setting next_dagrun for example_trigger_target_dag to None, run_after=None
[2022-10-09 14:34:43,699] {processor.py:161} INFO - Processing /home/airflow/.local/lib/python3.7/site-packages/airflow/example_dags/example_trigger_target_dag.py took 0.200 seconds
[2022-10-09 14:35:14,487] {processor.py:153} INFO - Started process (PID=4665) to work on /home/airflow/.local/lib/python3.7/site-packages/airflow/example_dags/example_trigger_target_dag.py
[2022-10-09 14:35:14,488] {processor.py:641} INFO - Processing file /home/airflow/.local/lib/python3.7/site-packages/airflow/example_dags/example_trigger_target_dag.py for tasks to queue
[2022-10-09 14:35:14,489] {logging_mixin.py:115} INFO - [2022-10-09 14:35:14,488] {dagbag.py:508} INFO - Filling up the DagBag from /home/airflow/.local/lib/python3.7/site-packages/airflow/example_dags/example_trigger_target_dag.py
[2022-10-09 14:35:14,519] {processor.py:651} INFO - DAG(s) dict_keys(['example_trigger_target_dag']) retrieved from /home/airflow/.local/lib/python3.7/site-packages/airflow/example_dags/example_trigger_target_dag.py
[2022-10-09 14:35:14,584] {logging_mixin.py:115} INFO - [2022-10-09 14:35:14,584] {dag.py:2420} INFO - Sync 1 DAGs
[2022-10-09 14:35:14,630] {logging_mixin.py:115} INFO - [2022-10-09 14:35:14,630] {dag.py:2972} INFO - Setting next_dagrun for example_trigger_target_dag to None, run_after=None
[2022-10-09 14:35:14,658] {processor.py:161} INFO - Processing /home/airflow/.local/lib/python3.7/site-packages/airflow/example_dags/example_trigger_target_dag.py took 0.178 seconds
[2022-10-09 14:35:45,522] {processor.py:153} INFO - Started process (PID=4718) to work on /home/airflow/.local/lib/python3.7/site-packages/airflow/example_dags/example_trigger_target_dag.py
[2022-10-09 14:35:45,524] {processor.py:641} INFO - Processing file /home/airflow/.local/lib/python3.7/site-packages/airflow/example_dags/example_trigger_target_dag.py for tasks to queue
[2022-10-09 14:35:45,525] {logging_mixin.py:115} INFO - [2022-10-09 14:35:45,524] {dagbag.py:508} INFO - Filling up the DagBag from /home/airflow/.local/lib/python3.7/site-packages/airflow/example_dags/example_trigger_target_dag.py
[2022-10-09 14:35:45,561] {processor.py:651} INFO - DAG(s) dict_keys(['example_trigger_target_dag']) retrieved from /home/airflow/.local/lib/python3.7/site-packages/airflow/example_dags/example_trigger_target_dag.py
[2022-10-09 14:35:45,608] {logging_mixin.py:115} INFO - [2022-10-09 14:35:45,608] {dag.py:2420} INFO - Sync 1 DAGs
[2022-10-09 14:35:45,649] {logging_mixin.py:115} INFO - [2022-10-09 14:35:45,649] {dag.py:2972} INFO - Setting next_dagrun for example_trigger_target_dag to None, run_after=None
[2022-10-09 14:35:45,672] {processor.py:161} INFO - Processing /home/airflow/.local/lib/python3.7/site-packages/airflow/example_dags/example_trigger_target_dag.py took 0.157 seconds
[2022-10-09 14:36:16,613] {processor.py:153} INFO - Started process (PID=4780) to work on /home/airflow/.local/lib/python3.7/site-packages/airflow/example_dags/example_trigger_target_dag.py
[2022-10-09 14:36:16,614] {processor.py:641} INFO - Processing file /home/airflow/.local/lib/python3.7/site-packages/airflow/example_dags/example_trigger_target_dag.py for tasks to queue
[2022-10-09 14:36:16,615] {logging_mixin.py:115} INFO - [2022-10-09 14:36:16,615] {dagbag.py:508} INFO - Filling up the DagBag from /home/airflow/.local/lib/python3.7/site-packages/airflow/example_dags/example_trigger_target_dag.py
[2022-10-09 14:36:16,651] {processor.py:651} INFO - DAG(s) dict_keys(['example_trigger_target_dag']) retrieved from /home/airflow/.local/lib/python3.7/site-packages/airflow/example_dags/example_trigger_target_dag.py
[2022-10-09 14:36:16,703] {logging_mixin.py:115} INFO - [2022-10-09 14:36:16,703] {dag.py:2420} INFO - Sync 1 DAGs
[2022-10-09 14:36:16,752] {logging_mixin.py:115} INFO - [2022-10-09 14:36:16,752] {dag.py:2972} INFO - Setting next_dagrun for example_trigger_target_dag to None, run_after=None
[2022-10-09 14:36:16,778] {processor.py:161} INFO - Processing /home/airflow/.local/lib/python3.7/site-packages/airflow/example_dags/example_trigger_target_dag.py took 0.171 seconds
[2022-10-09 14:36:47,594] {processor.py:153} INFO - Started process (PID=4833) to work on /home/airflow/.local/lib/python3.7/site-packages/airflow/example_dags/example_trigger_target_dag.py
[2022-10-09 14:36:47,596] {processor.py:641} INFO - Processing file /home/airflow/.local/lib/python3.7/site-packages/airflow/example_dags/example_trigger_target_dag.py for tasks to queue
[2022-10-09 14:36:47,598] {logging_mixin.py:115} INFO - [2022-10-09 14:36:47,597] {dagbag.py:508} INFO - Filling up the DagBag from /home/airflow/.local/lib/python3.7/site-packages/airflow/example_dags/example_trigger_target_dag.py
[2022-10-09 14:36:47,639] {processor.py:651} INFO - DAG(s) dict_keys(['example_trigger_target_dag']) retrieved from /home/airflow/.local/lib/python3.7/site-packages/airflow/example_dags/example_trigger_target_dag.py
[2022-10-09 14:36:47,686] {logging_mixin.py:115} INFO - [2022-10-09 14:36:47,686] {dag.py:2420} INFO - Sync 1 DAGs
[2022-10-09 14:36:47,731] {logging_mixin.py:115} INFO - [2022-10-09 14:36:47,731] {dag.py:2972} INFO - Setting next_dagrun for example_trigger_target_dag to None, run_after=None
[2022-10-09 14:36:47,760] {processor.py:161} INFO - Processing /home/airflow/.local/lib/python3.7/site-packages/airflow/example_dags/example_trigger_target_dag.py took 0.173 seconds
[2022-10-09 14:37:17,909] {processor.py:153} INFO - Started process (PID=4887) to work on /home/airflow/.local/lib/python3.7/site-packages/airflow/example_dags/example_trigger_target_dag.py
[2022-10-09 14:37:17,910] {processor.py:641} INFO - Processing file /home/airflow/.local/lib/python3.7/site-packages/airflow/example_dags/example_trigger_target_dag.py for tasks to queue
[2022-10-09 14:37:17,911] {logging_mixin.py:115} INFO - [2022-10-09 14:37:17,911] {dagbag.py:508} INFO - Filling up the DagBag from /home/airflow/.local/lib/python3.7/site-packages/airflow/example_dags/example_trigger_target_dag.py
[2022-10-09 14:37:17,940] {processor.py:651} INFO - DAG(s) dict_keys(['example_trigger_target_dag']) retrieved from /home/airflow/.local/lib/python3.7/site-packages/airflow/example_dags/example_trigger_target_dag.py
[2022-10-09 14:37:17,996] {logging_mixin.py:115} INFO - [2022-10-09 14:37:17,996] {dag.py:2420} INFO - Sync 1 DAGs
[2022-10-09 14:37:18,055] {logging_mixin.py:115} INFO - [2022-10-09 14:37:18,055] {dag.py:2972} INFO - Setting next_dagrun for example_trigger_target_dag to None, run_after=None
[2022-10-09 14:37:18,079] {processor.py:161} INFO - Processing /home/airflow/.local/lib/python3.7/site-packages/airflow/example_dags/example_trigger_target_dag.py took 0.175 seconds
[2022-10-09 14:37:48,266] {processor.py:153} INFO - Started process (PID=4950) to work on /home/airflow/.local/lib/python3.7/site-packages/airflow/example_dags/example_trigger_target_dag.py
[2022-10-09 14:37:48,267] {processor.py:641} INFO - Processing file /home/airflow/.local/lib/python3.7/site-packages/airflow/example_dags/example_trigger_target_dag.py for tasks to queue
[2022-10-09 14:37:48,268] {logging_mixin.py:115} INFO - [2022-10-09 14:37:48,268] {dagbag.py:508} INFO - Filling up the DagBag from /home/airflow/.local/lib/python3.7/site-packages/airflow/example_dags/example_trigger_target_dag.py
[2022-10-09 14:37:48,303] {processor.py:651} INFO - DAG(s) dict_keys(['example_trigger_target_dag']) retrieved from /home/airflow/.local/lib/python3.7/site-packages/airflow/example_dags/example_trigger_target_dag.py
[2022-10-09 14:37:48,360] {logging_mixin.py:115} INFO - [2022-10-09 14:37:48,360] {dag.py:2420} INFO - Sync 1 DAGs
[2022-10-09 14:37:48,408] {logging_mixin.py:115} INFO - [2022-10-09 14:37:48,408] {dag.py:2972} INFO - Setting next_dagrun for example_trigger_target_dag to None, run_after=None
[2022-10-09 14:37:48,434] {processor.py:161} INFO - Processing /home/airflow/.local/lib/python3.7/site-packages/airflow/example_dags/example_trigger_target_dag.py took 0.175 seconds
[2022-10-09 14:38:19,288] {processor.py:153} INFO - Started process (PID=5003) to work on /home/airflow/.local/lib/python3.7/site-packages/airflow/example_dags/example_trigger_target_dag.py
[2022-10-09 14:38:19,289] {processor.py:641} INFO - Processing file /home/airflow/.local/lib/python3.7/site-packages/airflow/example_dags/example_trigger_target_dag.py for tasks to queue
[2022-10-09 14:38:19,290] {logging_mixin.py:115} INFO - [2022-10-09 14:38:19,290] {dagbag.py:508} INFO - Filling up the DagBag from /home/airflow/.local/lib/python3.7/site-packages/airflow/example_dags/example_trigger_target_dag.py
[2022-10-09 14:38:19,322] {processor.py:651} INFO - DAG(s) dict_keys(['example_trigger_target_dag']) retrieved from /home/airflow/.local/lib/python3.7/site-packages/airflow/example_dags/example_trigger_target_dag.py
[2022-10-09 14:38:19,363] {logging_mixin.py:115} INFO - [2022-10-09 14:38:19,363] {dag.py:2420} INFO - Sync 1 DAGs
[2022-10-09 14:38:19,403] {logging_mixin.py:115} INFO - [2022-10-09 14:38:19,403] {dag.py:2972} INFO - Setting next_dagrun for example_trigger_target_dag to None, run_after=None
[2022-10-09 14:38:19,427] {processor.py:161} INFO - Processing /home/airflow/.local/lib/python3.7/site-packages/airflow/example_dags/example_trigger_target_dag.py took 0.144 seconds
[2022-10-09 14:38:49,820] {processor.py:153} INFO - Started process (PID=5056) to work on /home/airflow/.local/lib/python3.7/site-packages/airflow/example_dags/example_trigger_target_dag.py
[2022-10-09 14:38:49,821] {processor.py:641} INFO - Processing file /home/airflow/.local/lib/python3.7/site-packages/airflow/example_dags/example_trigger_target_dag.py for tasks to queue
[2022-10-09 14:38:49,822] {logging_mixin.py:115} INFO - [2022-10-09 14:38:49,822] {dagbag.py:508} INFO - Filling up the DagBag from /home/airflow/.local/lib/python3.7/site-packages/airflow/example_dags/example_trigger_target_dag.py
[2022-10-09 14:38:49,847] {processor.py:651} INFO - DAG(s) dict_keys(['example_trigger_target_dag']) retrieved from /home/airflow/.local/lib/python3.7/site-packages/airflow/example_dags/example_trigger_target_dag.py
[2022-10-09 14:38:49,896] {logging_mixin.py:115} INFO - [2022-10-09 14:38:49,895] {dag.py:2420} INFO - Sync 1 DAGs
[2022-10-09 14:38:49,944] {logging_mixin.py:115} INFO - [2022-10-09 14:38:49,944] {dag.py:2972} INFO - Setting next_dagrun for example_trigger_target_dag to None, run_after=None
[2022-10-09 14:38:49,968] {processor.py:161} INFO - Processing /home/airflow/.local/lib/python3.7/site-packages/airflow/example_dags/example_trigger_target_dag.py took 0.155 seconds
[2022-10-09 14:39:20,382] {processor.py:153} INFO - Started process (PID=5118) to work on /home/airflow/.local/lib/python3.7/site-packages/airflow/example_dags/example_trigger_target_dag.py
[2022-10-09 14:39:20,383] {processor.py:641} INFO - Processing file /home/airflow/.local/lib/python3.7/site-packages/airflow/example_dags/example_trigger_target_dag.py for tasks to queue
[2022-10-09 14:39:20,385] {logging_mixin.py:115} INFO - [2022-10-09 14:39:20,384] {dagbag.py:508} INFO - Filling up the DagBag from /home/airflow/.local/lib/python3.7/site-packages/airflow/example_dags/example_trigger_target_dag.py
[2022-10-09 14:39:20,421] {processor.py:651} INFO - DAG(s) dict_keys(['example_trigger_target_dag']) retrieved from /home/airflow/.local/lib/python3.7/site-packages/airflow/example_dags/example_trigger_target_dag.py
[2022-10-09 14:39:20,463] {logging_mixin.py:115} INFO - [2022-10-09 14:39:20,463] {dag.py:2420} INFO - Sync 1 DAGs
[2022-10-09 14:39:20,507] {logging_mixin.py:115} INFO - [2022-10-09 14:39:20,507] {dag.py:2972} INFO - Setting next_dagrun for example_trigger_target_dag to None, run_after=None
[2022-10-09 14:39:20,530] {processor.py:161} INFO - Processing /home/airflow/.local/lib/python3.7/site-packages/airflow/example_dags/example_trigger_target_dag.py took 0.155 seconds
[2022-10-09 14:39:50,654] {processor.py:153} INFO - Started process (PID=5170) to work on /home/airflow/.local/lib/python3.7/site-packages/airflow/example_dags/example_trigger_target_dag.py
[2022-10-09 14:39:50,655] {processor.py:641} INFO - Processing file /home/airflow/.local/lib/python3.7/site-packages/airflow/example_dags/example_trigger_target_dag.py for tasks to queue
[2022-10-09 14:39:50,655] {logging_mixin.py:115} INFO - [2022-10-09 14:39:50,655] {dagbag.py:508} INFO - Filling up the DagBag from /home/airflow/.local/lib/python3.7/site-packages/airflow/example_dags/example_trigger_target_dag.py
[2022-10-09 14:39:50,676] {processor.py:651} INFO - DAG(s) dict_keys(['example_trigger_target_dag']) retrieved from /home/airflow/.local/lib/python3.7/site-packages/airflow/example_dags/example_trigger_target_dag.py
[2022-10-09 14:39:50,719] {logging_mixin.py:115} INFO - [2022-10-09 14:39:50,719] {dag.py:2420} INFO - Sync 1 DAGs
[2022-10-09 14:39:50,758] {logging_mixin.py:115} INFO - [2022-10-09 14:39:50,758] {dag.py:2972} INFO - Setting next_dagrun for example_trigger_target_dag to None, run_after=None
[2022-10-09 14:39:50,779] {processor.py:161} INFO - Processing /home/airflow/.local/lib/python3.7/site-packages/airflow/example_dags/example_trigger_target_dag.py took 0.130 seconds
[2022-10-09 14:40:21,675] {processor.py:153} INFO - Started process (PID=5233) to work on /home/airflow/.local/lib/python3.7/site-packages/airflow/example_dags/example_trigger_target_dag.py
[2022-10-09 14:40:21,676] {processor.py:641} INFO - Processing file /home/airflow/.local/lib/python3.7/site-packages/airflow/example_dags/example_trigger_target_dag.py for tasks to queue
[2022-10-09 14:40:21,678] {logging_mixin.py:115} INFO - [2022-10-09 14:40:21,677] {dagbag.py:508} INFO - Filling up the DagBag from /home/airflow/.local/lib/python3.7/site-packages/airflow/example_dags/example_trigger_target_dag.py
[2022-10-09 14:40:21,712] {processor.py:651} INFO - DAG(s) dict_keys(['example_trigger_target_dag']) retrieved from /home/airflow/.local/lib/python3.7/site-packages/airflow/example_dags/example_trigger_target_dag.py
[2022-10-09 14:40:21,756] {logging_mixin.py:115} INFO - [2022-10-09 14:40:21,756] {dag.py:2420} INFO - Sync 1 DAGs
[2022-10-09 14:40:21,801] {logging_mixin.py:115} INFO - [2022-10-09 14:40:21,801] {dag.py:2972} INFO - Setting next_dagrun for example_trigger_target_dag to None, run_after=None
[2022-10-09 14:40:21,824] {processor.py:161} INFO - Processing /home/airflow/.local/lib/python3.7/site-packages/airflow/example_dags/example_trigger_target_dag.py took 0.155 seconds
