[2022-12-13 00:00:28,959] {processor.py:153} INFO - Started process (PID=10894) to work on /home/airflow/.local/lib/python3.7/site-packages/airflow/example_dags/example_skip_dag.py
[2022-12-13 00:00:28,960] {processor.py:641} INFO - Processing file /home/airflow/.local/lib/python3.7/site-packages/airflow/example_dags/example_skip_dag.py for tasks to queue
[2022-12-13 00:00:28,960] {logging_mixin.py:115} INFO - [2022-12-13 00:00:28,960] {dagbag.py:508} INFO - Filling up the DagBag from /home/airflow/.local/lib/python3.7/site-packages/airflow/example_dags/example_skip_dag.py
[2022-12-13 00:00:28,965] {processor.py:651} INFO - DAG(s) dict_keys(['example_skip_dag']) retrieved from /home/airflow/.local/lib/python3.7/site-packages/airflow/example_dags/example_skip_dag.py
[2022-12-13 00:00:28,997] {logging_mixin.py:115} INFO - [2022-12-13 00:00:28,997] {dag.py:2420} INFO - Sync 1 DAGs
[2022-12-13 00:00:29,029] {logging_mixin.py:115} INFO - [2022-12-13 00:00:29,029] {dag.py:2972} INFO - Setting next_dagrun for example_skip_dag to 2022-12-12T00:00:29.028752+00:00, run_after=2022-12-13T00:00:29.028752+00:00
[2022-12-13 00:00:29,046] {processor.py:161} INFO - Processing /home/airflow/.local/lib/python3.7/site-packages/airflow/example_dags/example_skip_dag.py took 0.089 seconds
[2022-12-13 00:00:59,664] {processor.py:153} INFO - Started process (PID=10948) to work on /home/airflow/.local/lib/python3.7/site-packages/airflow/example_dags/example_skip_dag.py
[2022-12-13 00:00:59,664] {processor.py:641} INFO - Processing file /home/airflow/.local/lib/python3.7/site-packages/airflow/example_dags/example_skip_dag.py for tasks to queue
[2022-12-13 00:00:59,665] {logging_mixin.py:115} INFO - [2022-12-13 00:00:59,665] {dagbag.py:508} INFO - Filling up the DagBag from /home/airflow/.local/lib/python3.7/site-packages/airflow/example_dags/example_skip_dag.py
[2022-12-13 00:00:59,671] {processor.py:651} INFO - DAG(s) dict_keys(['example_skip_dag']) retrieved from /home/airflow/.local/lib/python3.7/site-packages/airflow/example_dags/example_skip_dag.py
[2022-12-13 00:00:59,703] {logging_mixin.py:115} INFO - [2022-12-13 00:00:59,702] {dag.py:2420} INFO - Sync 1 DAGs
[2022-12-13 00:00:59,733] {logging_mixin.py:115} INFO - [2022-12-13 00:00:59,732] {dag.py:2972} INFO - Setting next_dagrun for example_skip_dag to 2022-12-12T00:00:59.732621+00:00, run_after=2022-12-13T00:00:59.732621+00:00
[2022-12-13 00:00:59,751] {processor.py:161} INFO - Processing /home/airflow/.local/lib/python3.7/site-packages/airflow/example_dags/example_skip_dag.py took 0.090 seconds
[2022-12-13 00:01:30,152] {processor.py:153} INFO - Started process (PID=11011) to work on /home/airflow/.local/lib/python3.7/site-packages/airflow/example_dags/example_skip_dag.py
[2022-12-13 00:01:30,153] {processor.py:641} INFO - Processing file /home/airflow/.local/lib/python3.7/site-packages/airflow/example_dags/example_skip_dag.py for tasks to queue
[2022-12-13 00:01:30,154] {logging_mixin.py:115} INFO - [2022-12-13 00:01:30,153] {dagbag.py:508} INFO - Filling up the DagBag from /home/airflow/.local/lib/python3.7/site-packages/airflow/example_dags/example_skip_dag.py
[2022-12-13 00:01:30,163] {processor.py:651} INFO - DAG(s) dict_keys(['example_skip_dag']) retrieved from /home/airflow/.local/lib/python3.7/site-packages/airflow/example_dags/example_skip_dag.py
[2022-12-13 00:01:30,205] {logging_mixin.py:115} INFO - [2022-12-13 00:01:30,204] {dag.py:2420} INFO - Sync 1 DAGs
[2022-12-13 00:01:30,230] {logging_mixin.py:115} INFO - [2022-12-13 00:01:30,230] {dag.py:2972} INFO - Setting next_dagrun for example_skip_dag to 2022-12-12T00:01:30.229990+00:00, run_after=2022-12-13T00:01:30.229990+00:00
[2022-12-13 00:01:30,242] {processor.py:161} INFO - Processing /home/airflow/.local/lib/python3.7/site-packages/airflow/example_dags/example_skip_dag.py took 0.095 seconds
