[2022-12-13 00:00:29,354] {processor.py:153} INFO - Started process (PID=10900) to work on /home/airflow/.local/lib/python3.7/site-packages/airflow/example_dags/example_python_operator.py
[2022-12-13 00:00:29,355] {processor.py:641} INFO - Processing file /home/airflow/.local/lib/python3.7/site-packages/airflow/example_dags/example_python_operator.py for tasks to queue
[2022-12-13 00:00:29,355] {logging_mixin.py:115} INFO - [2022-12-13 00:00:29,355] {dagbag.py:508} INFO - Filling up the DagBag from /home/airflow/.local/lib/python3.7/site-packages/airflow/example_dags/example_python_operator.py
[2022-12-13 00:00:29,375] {processor.py:651} INFO - DAG(s) dict_keys(['example_python_operator']) retrieved from /home/airflow/.local/lib/python3.7/site-packages/airflow/example_dags/example_python_operator.py
[2022-12-13 00:00:29,405] {logging_mixin.py:115} INFO - [2022-12-13 00:00:29,405] {dag.py:2420} INFO - Sync 1 DAGs
[2022-12-13 00:00:29,436] {logging_mixin.py:115} INFO - [2022-12-13 00:00:29,436] {dag.py:2972} INFO - Setting next_dagrun for example_python_operator to None, run_after=None
[2022-12-13 00:00:29,452] {processor.py:161} INFO - Processing /home/airflow/.local/lib/python3.7/site-packages/airflow/example_dags/example_python_operator.py took 0.101 seconds
[2022-12-13 00:01:00,097] {processor.py:153} INFO - Started process (PID=10954) to work on /home/airflow/.local/lib/python3.7/site-packages/airflow/example_dags/example_python_operator.py
[2022-12-13 00:01:00,097] {processor.py:641} INFO - Processing file /home/airflow/.local/lib/python3.7/site-packages/airflow/example_dags/example_python_operator.py for tasks to queue
[2022-12-13 00:01:00,098] {logging_mixin.py:115} INFO - [2022-12-13 00:01:00,098] {dagbag.py:508} INFO - Filling up the DagBag from /home/airflow/.local/lib/python3.7/site-packages/airflow/example_dags/example_python_operator.py
[2022-12-13 00:01:00,118] {processor.py:651} INFO - DAG(s) dict_keys(['example_python_operator']) retrieved from /home/airflow/.local/lib/python3.7/site-packages/airflow/example_dags/example_python_operator.py
[2022-12-13 00:01:00,153] {logging_mixin.py:115} INFO - [2022-12-13 00:01:00,153] {dag.py:2420} INFO - Sync 1 DAGs
[2022-12-13 00:01:00,188] {logging_mixin.py:115} INFO - [2022-12-13 00:01:00,188] {dag.py:2972} INFO - Setting next_dagrun for example_python_operator to None, run_after=None
[2022-12-13 00:01:00,207] {processor.py:161} INFO - Processing /home/airflow/.local/lib/python3.7/site-packages/airflow/example_dags/example_python_operator.py took 0.114 seconds
[2022-12-13 00:01:30,490] {processor.py:153} INFO - Started process (PID=11017) to work on /home/airflow/.local/lib/python3.7/site-packages/airflow/example_dags/example_python_operator.py
[2022-12-13 00:01:30,491] {processor.py:641} INFO - Processing file /home/airflow/.local/lib/python3.7/site-packages/airflow/example_dags/example_python_operator.py for tasks to queue
[2022-12-13 00:01:30,491] {logging_mixin.py:115} INFO - [2022-12-13 00:01:30,491] {dagbag.py:508} INFO - Filling up the DagBag from /home/airflow/.local/lib/python3.7/site-packages/airflow/example_dags/example_python_operator.py
[2022-12-13 00:01:30,506] {processor.py:651} INFO - DAG(s) dict_keys(['example_python_operator']) retrieved from /home/airflow/.local/lib/python3.7/site-packages/airflow/example_dags/example_python_operator.py
[2022-12-13 00:01:30,532] {logging_mixin.py:115} INFO - [2022-12-13 00:01:30,532] {dag.py:2420} INFO - Sync 1 DAGs
[2022-12-13 00:01:30,557] {logging_mixin.py:115} INFO - [2022-12-13 00:01:30,557] {dag.py:2972} INFO - Setting next_dagrun for example_python_operator to None, run_after=None
[2022-12-13 00:01:30,570] {processor.py:161} INFO - Processing /home/airflow/.local/lib/python3.7/site-packages/airflow/example_dags/example_python_operator.py took 0.082 seconds
