[2022-12-13 00:00:28,696] {processor.py:153} INFO - Started process (PID=10891) to work on /home/airflow/.local/lib/python3.7/site-packages/airflow/example_dags/example_subdag_operator.py
[2022-12-13 00:00:28,697] {processor.py:641} INFO - Processing file /home/airflow/.local/lib/python3.7/site-packages/airflow/example_dags/example_subdag_operator.py for tasks to queue
[2022-12-13 00:00:28,698] {logging_mixin.py:115} INFO - [2022-12-13 00:00:28,698] {dagbag.py:508} INFO - Filling up the DagBag from /home/airflow/.local/lib/python3.7/site-packages/airflow/example_dags/example_subdag_operator.py
[2022-12-13 00:00:28,737] {processor.py:651} INFO - DAG(s) dict_keys(['example_subdag_operator.section-1', 'example_subdag_operator.section-2', 'example_subdag_operator']) retrieved from /home/airflow/.local/lib/python3.7/site-packages/airflow/example_dags/example_subdag_operator.py
[2022-12-13 00:00:28,876] {logging_mixin.py:115} INFO - [2022-12-13 00:00:28,876] {dag.py:2420} INFO - Sync 3 DAGs
[2022-12-13 00:00:28,906] {logging_mixin.py:115} INFO - [2022-12-13 00:00:28,906] {dag.py:2972} INFO - Setting next_dagrun for example_subdag_operator to 2022-01-01T00:00:00+00:00, run_after=2022-01-01T00:00:00+00:00
[2022-12-13 00:00:28,907] {logging_mixin.py:115} INFO - [2022-12-13 00:00:28,906] {dag.py:2972} INFO - Setting next_dagrun for example_subdag_operator.section-1 to None, run_after=None
[2022-12-13 00:00:28,907] {logging_mixin.py:115} INFO - [2022-12-13 00:00:28,907] {dag.py:2972} INFO - Setting next_dagrun for example_subdag_operator.section-2 to None, run_after=None
[2022-12-13 00:00:28,916] {logging_mixin.py:115} INFO - [2022-12-13 00:00:28,916] {dag.py:2420} INFO - Sync 2 DAGs
[2022-12-13 00:00:28,926] {logging_mixin.py:115} INFO - [2022-12-13 00:00:28,925] {dag.py:2972} INFO - Setting next_dagrun for example_subdag_operator.section-1 to None, run_after=None
[2022-12-13 00:00:28,926] {logging_mixin.py:115} INFO - [2022-12-13 00:00:28,926] {dag.py:2972} INFO - Setting next_dagrun for example_subdag_operator.section-2 to None, run_after=None
[2022-12-13 00:00:28,937] {processor.py:161} INFO - Processing /home/airflow/.local/lib/python3.7/site-packages/airflow/example_dags/example_subdag_operator.py took 0.246 seconds
[2022-12-13 00:00:59,379] {processor.py:153} INFO - Started process (PID=10945) to work on /home/airflow/.local/lib/python3.7/site-packages/airflow/example_dags/example_subdag_operator.py
[2022-12-13 00:00:59,379] {processor.py:641} INFO - Processing file /home/airflow/.local/lib/python3.7/site-packages/airflow/example_dags/example_subdag_operator.py for tasks to queue
[2022-12-13 00:00:59,380] {logging_mixin.py:115} INFO - [2022-12-13 00:00:59,380] {dagbag.py:508} INFO - Filling up the DagBag from /home/airflow/.local/lib/python3.7/site-packages/airflow/example_dags/example_subdag_operator.py
[2022-12-13 00:00:59,415] {processor.py:651} INFO - DAG(s) dict_keys(['example_subdag_operator.section-1', 'example_subdag_operator.section-2', 'example_subdag_operator']) retrieved from /home/airflow/.local/lib/python3.7/site-packages/airflow/example_dags/example_subdag_operator.py
[2022-12-13 00:00:59,558] {logging_mixin.py:115} INFO - [2022-12-13 00:00:59,558] {dag.py:2420} INFO - Sync 3 DAGs
[2022-12-13 00:00:59,586] {logging_mixin.py:115} INFO - [2022-12-13 00:00:59,586] {dag.py:2972} INFO - Setting next_dagrun for example_subdag_operator to 2022-01-01T00:00:00+00:00, run_after=2022-01-01T00:00:00+00:00
[2022-12-13 00:00:59,586] {logging_mixin.py:115} INFO - [2022-12-13 00:00:59,586] {dag.py:2972} INFO - Setting next_dagrun for example_subdag_operator.section-1 to None, run_after=None
[2022-12-13 00:00:59,586] {logging_mixin.py:115} INFO - [2022-12-13 00:00:59,586] {dag.py:2972} INFO - Setting next_dagrun for example_subdag_operator.section-2 to None, run_after=None
[2022-12-13 00:00:59,595] {logging_mixin.py:115} INFO - [2022-12-13 00:00:59,595] {dag.py:2420} INFO - Sync 2 DAGs
[2022-12-13 00:00:59,603] {logging_mixin.py:115} INFO - [2022-12-13 00:00:59,603] {dag.py:2972} INFO - Setting next_dagrun for example_subdag_operator.section-1 to None, run_after=None
[2022-12-13 00:00:59,604] {logging_mixin.py:115} INFO - [2022-12-13 00:00:59,604] {dag.py:2972} INFO - Setting next_dagrun for example_subdag_operator.section-2 to None, run_after=None
[2022-12-13 00:00:59,613] {processor.py:161} INFO - Processing /home/airflow/.local/lib/python3.7/site-packages/airflow/example_dags/example_subdag_operator.py took 0.239 seconds
[2022-12-13 00:01:29,898] {processor.py:153} INFO - Started process (PID=11008) to work on /home/airflow/.local/lib/python3.7/site-packages/airflow/example_dags/example_subdag_operator.py
[2022-12-13 00:01:29,899] {processor.py:641} INFO - Processing file /home/airflow/.local/lib/python3.7/site-packages/airflow/example_dags/example_subdag_operator.py for tasks to queue
[2022-12-13 00:01:29,900] {logging_mixin.py:115} INFO - [2022-12-13 00:01:29,900] {dagbag.py:508} INFO - Filling up the DagBag from /home/airflow/.local/lib/python3.7/site-packages/airflow/example_dags/example_subdag_operator.py
[2022-12-13 00:01:29,950] {processor.py:651} INFO - DAG(s) dict_keys(['example_subdag_operator.section-1', 'example_subdag_operator.section-2', 'example_subdag_operator']) retrieved from /home/airflow/.local/lib/python3.7/site-packages/airflow/example_dags/example_subdag_operator.py
[2022-12-13 00:01:30,078] {logging_mixin.py:115} INFO - [2022-12-13 00:01:30,078] {dag.py:2420} INFO - Sync 3 DAGs
[2022-12-13 00:01:30,103] {logging_mixin.py:115} INFO - [2022-12-13 00:01:30,103] {dag.py:2972} INFO - Setting next_dagrun for example_subdag_operator to 2022-01-01T00:00:00+00:00, run_after=2022-01-01T00:00:00+00:00
[2022-12-13 00:01:30,104] {logging_mixin.py:115} INFO - [2022-12-13 00:01:30,104] {dag.py:2972} INFO - Setting next_dagrun for example_subdag_operator.section-1 to None, run_after=None
[2022-12-13 00:01:30,104] {logging_mixin.py:115} INFO - [2022-12-13 00:01:30,104] {dag.py:2972} INFO - Setting next_dagrun for example_subdag_operator.section-2 to None, run_after=None
[2022-12-13 00:01:30,112] {logging_mixin.py:115} INFO - [2022-12-13 00:01:30,111] {dag.py:2420} INFO - Sync 2 DAGs
[2022-12-13 00:01:30,119] {logging_mixin.py:115} INFO - [2022-12-13 00:01:30,119] {dag.py:2972} INFO - Setting next_dagrun for example_subdag_operator.section-1 to None, run_after=None
[2022-12-13 00:01:30,119] {logging_mixin.py:115} INFO - [2022-12-13 00:01:30,119] {dag.py:2972} INFO - Setting next_dagrun for example_subdag_operator.section-2 to None, run_after=None
[2022-12-13 00:01:30,128] {processor.py:161} INFO - Processing /home/airflow/.local/lib/python3.7/site-packages/airflow/example_dags/example_subdag_operator.py took 0.235 seconds
