[2022-08-24 09:55:28,512] {processor.py:153} INFO - Started process (PID=15504) to work on /opt/airflow/dags/extract_data_from_ftp_to_s3.py
[2022-08-24 09:55:28,514] {processor.py:641} INFO - Processing file /opt/airflow/dags/extract_data_from_ftp_to_s3.py for tasks to queue
[2022-08-24 09:55:28,515] {logging_mixin.py:115} INFO - [2022-08-24 09:55:28,515] {dagbag.py:508} INFO - Filling up the DagBag from /opt/airflow/dags/extract_data_from_ftp_to_s3.py
[2022-08-24 09:55:29,122] {processor.py:651} INFO - DAG(s) dict_keys(['extract_data_from_ftp_to_s3']) retrieved from /opt/airflow/dags/extract_data_from_ftp_to_s3.py
[2022-08-24 09:55:29,215] {logging_mixin.py:115} INFO - [2022-08-24 09:55:29,214] {dag.py:2420} INFO - Sync 1 DAGs
[2022-08-24 09:55:29,414] {processor.py:161} INFO - Processing /opt/airflow/dags/extract_data_from_ftp_to_s3.py took 0.934 seconds
[2022-08-24 09:56:00,345] {processor.py:153} INFO - Started process (PID=15556) to work on /opt/airflow/dags/extract_data_from_ftp_to_s3.py
[2022-08-24 09:56:00,347] {processor.py:641} INFO - Processing file /opt/airflow/dags/extract_data_from_ftp_to_s3.py for tasks to queue
[2022-08-24 09:56:00,349] {logging_mixin.py:115} INFO - [2022-08-24 09:56:00,349] {dagbag.py:508} INFO - Filling up the DagBag from /opt/airflow/dags/extract_data_from_ftp_to_s3.py
[2022-08-24 09:56:00,671] {processor.py:651} INFO - DAG(s) dict_keys(['extract_data_from_ftp_to_s3']) retrieved from /opt/airflow/dags/extract_data_from_ftp_to_s3.py
[2022-08-24 09:56:00,717] {logging_mixin.py:115} INFO - [2022-08-24 09:56:00,717] {dag.py:2420} INFO - Sync 1 DAGs
[2022-08-24 09:56:00,789] {processor.py:161} INFO - Processing /opt/airflow/dags/extract_data_from_ftp_to_s3.py took 0.454 seconds
[2022-08-24 09:56:32,573] {processor.py:153} INFO - Started process (PID=15609) to work on /opt/airflow/dags/extract_data_from_ftp_to_s3.py
[2022-08-24 09:56:32,576] {processor.py:641} INFO - Processing file /opt/airflow/dags/extract_data_from_ftp_to_s3.py for tasks to queue
[2022-08-24 09:56:32,578] {logging_mixin.py:115} INFO - [2022-08-24 09:56:32,578] {dagbag.py:508} INFO - Filling up the DagBag from /opt/airflow/dags/extract_data_from_ftp_to_s3.py
[2022-08-24 09:56:32,987] {processor.py:651} INFO - DAG(s) dict_keys(['extract_data_from_ftp_to_s3']) retrieved from /opt/airflow/dags/extract_data_from_ftp_to_s3.py
[2022-08-24 09:56:33,039] {logging_mixin.py:115} INFO - [2022-08-24 09:56:33,038] {dag.py:2420} INFO - Sync 1 DAGs
[2022-08-24 09:56:33,154] {processor.py:161} INFO - Processing /opt/airflow/dags/extract_data_from_ftp_to_s3.py took 0.603 seconds
[2022-08-24 09:57:04,557] {processor.py:153} INFO - Started process (PID=15668) to work on /opt/airflow/dags/extract_data_from_ftp_to_s3.py
[2022-08-24 09:57:04,567] {processor.py:641} INFO - Processing file /opt/airflow/dags/extract_data_from_ftp_to_s3.py for tasks to queue
[2022-08-24 09:57:04,571] {logging_mixin.py:115} INFO - [2022-08-24 09:57:04,568] {dagbag.py:508} INFO - Filling up the DagBag from /opt/airflow/dags/extract_data_from_ftp_to_s3.py
[2022-08-24 09:57:04,965] {processor.py:651} INFO - DAG(s) dict_keys(['extract_data_from_ftp_to_s3']) retrieved from /opt/airflow/dags/extract_data_from_ftp_to_s3.py
[2022-08-24 09:57:05,022] {logging_mixin.py:115} INFO - [2022-08-24 09:57:05,021] {dag.py:2420} INFO - Sync 1 DAGs
[2022-08-24 09:57:05,135] {processor.py:161} INFO - Processing /opt/airflow/dags/extract_data_from_ftp_to_s3.py took 0.588 seconds
[2022-08-24 09:57:36,324] {processor.py:153} INFO - Started process (PID=15724) to work on /opt/airflow/dags/extract_data_from_ftp_to_s3.py
[2022-08-24 09:57:36,326] {processor.py:641} INFO - Processing file /opt/airflow/dags/extract_data_from_ftp_to_s3.py for tasks to queue
[2022-08-24 09:57:36,329] {logging_mixin.py:115} INFO - [2022-08-24 09:57:36,328] {dagbag.py:508} INFO - Filling up the DagBag from /opt/airflow/dags/extract_data_from_ftp_to_s3.py
[2022-08-24 09:57:36,682] {processor.py:651} INFO - DAG(s) dict_keys(['extract_data_from_ftp_to_s3']) retrieved from /opt/airflow/dags/extract_data_from_ftp_to_s3.py
[2022-08-24 09:57:36,728] {logging_mixin.py:115} INFO - [2022-08-24 09:57:36,728] {dag.py:2420} INFO - Sync 1 DAGs
[2022-08-24 09:57:36,841] {processor.py:161} INFO - Processing /opt/airflow/dags/extract_data_from_ftp_to_s3.py took 0.529 seconds
[2022-08-24 09:58:08,524] {processor.py:153} INFO - Started process (PID=15777) to work on /opt/airflow/dags/extract_data_from_ftp_to_s3.py
[2022-08-24 09:58:08,527] {processor.py:641} INFO - Processing file /opt/airflow/dags/extract_data_from_ftp_to_s3.py for tasks to queue
[2022-08-24 09:58:08,529] {logging_mixin.py:115} INFO - [2022-08-24 09:58:08,529] {dagbag.py:508} INFO - Filling up the DagBag from /opt/airflow/dags/extract_data_from_ftp_to_s3.py
[2022-08-24 09:58:08,883] {processor.py:651} INFO - DAG(s) dict_keys(['extract_data_from_ftp_to_s3']) retrieved from /opt/airflow/dags/extract_data_from_ftp_to_s3.py
[2022-08-24 09:58:08,931] {logging_mixin.py:115} INFO - [2022-08-24 09:58:08,931] {dag.py:2420} INFO - Sync 1 DAGs
[2022-08-24 09:58:09,002] {processor.py:161} INFO - Processing /opt/airflow/dags/extract_data_from_ftp_to_s3.py took 0.489 seconds
[2022-08-24 09:58:40,590] {processor.py:153} INFO - Started process (PID=15830) to work on /opt/airflow/dags/extract_data_from_ftp_to_s3.py
[2022-08-24 09:58:40,591] {processor.py:641} INFO - Processing file /opt/airflow/dags/extract_data_from_ftp_to_s3.py for tasks to queue
[2022-08-24 09:58:40,594] {logging_mixin.py:115} INFO - [2022-08-24 09:58:40,593] {dagbag.py:508} INFO - Filling up the DagBag from /opt/airflow/dags/extract_data_from_ftp_to_s3.py
[2022-08-24 09:58:41,018] {processor.py:651} INFO - DAG(s) dict_keys(['extract_data_from_ftp_to_s3']) retrieved from /opt/airflow/dags/extract_data_from_ftp_to_s3.py
[2022-08-24 09:58:41,068] {logging_mixin.py:115} INFO - [2022-08-24 09:58:41,068] {dag.py:2420} INFO - Sync 1 DAGs
[2022-08-24 09:58:41,170] {processor.py:161} INFO - Processing /opt/airflow/dags/extract_data_from_ftp_to_s3.py took 0.589 seconds
[2022-08-24 09:59:13,565] {processor.py:153} INFO - Started process (PID=15891) to work on /opt/airflow/dags/extract_data_from_ftp_to_s3.py
[2022-08-24 09:59:13,568] {processor.py:641} INFO - Processing file /opt/airflow/dags/extract_data_from_ftp_to_s3.py for tasks to queue
[2022-08-24 09:59:13,570] {logging_mixin.py:115} INFO - [2022-08-24 09:59:13,570] {dagbag.py:508} INFO - Filling up the DagBag from /opt/airflow/dags/extract_data_from_ftp_to_s3.py
[2022-08-24 09:59:13,962] {processor.py:651} INFO - DAG(s) dict_keys(['extract_data_from_ftp_to_s3']) retrieved from /opt/airflow/dags/extract_data_from_ftp_to_s3.py
[2022-08-24 09:59:14,060] {logging_mixin.py:115} INFO - [2022-08-24 09:59:14,059] {dag.py:2420} INFO - Sync 1 DAGs
[2022-08-24 09:59:14,252] {processor.py:161} INFO - Processing /opt/airflow/dags/extract_data_from_ftp_to_s3.py took 0.704 seconds
[2022-08-24 09:59:45,536] {processor.py:153} INFO - Started process (PID=15947) to work on /opt/airflow/dags/extract_data_from_ftp_to_s3.py
[2022-08-24 09:59:45,538] {processor.py:641} INFO - Processing file /opt/airflow/dags/extract_data_from_ftp_to_s3.py for tasks to queue
[2022-08-24 09:59:45,540] {logging_mixin.py:115} INFO - [2022-08-24 09:59:45,540] {dagbag.py:508} INFO - Filling up the DagBag from /opt/airflow/dags/extract_data_from_ftp_to_s3.py
[2022-08-24 09:59:45,904] {processor.py:651} INFO - DAG(s) dict_keys(['extract_data_from_ftp_to_s3']) retrieved from /opt/airflow/dags/extract_data_from_ftp_to_s3.py
[2022-08-24 09:59:45,966] {logging_mixin.py:115} INFO - [2022-08-24 09:59:45,966] {dag.py:2420} INFO - Sync 1 DAGs
[2022-08-24 09:59:46,054] {processor.py:161} INFO - Processing /opt/airflow/dags/extract_data_from_ftp_to_s3.py took 0.527 seconds
[2022-08-24 10:00:17,298] {processor.py:153} INFO - Started process (PID=16000) to work on /opt/airflow/dags/extract_data_from_ftp_to_s3.py
[2022-08-24 10:00:17,300] {processor.py:641} INFO - Processing file /opt/airflow/dags/extract_data_from_ftp_to_s3.py for tasks to queue
[2022-08-24 10:00:17,302] {logging_mixin.py:115} INFO - [2022-08-24 10:00:17,301] {dagbag.py:508} INFO - Filling up the DagBag from /opt/airflow/dags/extract_data_from_ftp_to_s3.py
[2022-08-24 10:00:17,640] {processor.py:651} INFO - DAG(s) dict_keys(['extract_data_from_ftp_to_s3']) retrieved from /opt/airflow/dags/extract_data_from_ftp_to_s3.py
[2022-08-24 10:00:17,690] {logging_mixin.py:115} INFO - [2022-08-24 10:00:17,690] {dag.py:2420} INFO - Sync 1 DAGs
[2022-08-24 10:00:17,751] {processor.py:161} INFO - Processing /opt/airflow/dags/extract_data_from_ftp_to_s3.py took 0.467 seconds
[2022-08-24 10:00:51,073] {processor.py:153} INFO - Started process (PID=16053) to work on /opt/airflow/dags/extract_data_from_ftp_to_s3.py
[2022-08-24 10:00:51,081] {processor.py:641} INFO - Processing file /opt/airflow/dags/extract_data_from_ftp_to_s3.py for tasks to queue
[2022-08-24 10:00:51,083] {logging_mixin.py:115} INFO - [2022-08-24 10:00:51,083] {dagbag.py:508} INFO - Filling up the DagBag from /opt/airflow/dags/extract_data_from_ftp_to_s3.py
[2022-08-24 10:00:56,055] {processor.py:651} INFO - DAG(s) dict_keys(['extract_data_from_ftp_to_s3']) retrieved from /opt/airflow/dags/extract_data_from_ftp_to_s3.py
[2022-08-24 10:00:56,112] {logging_mixin.py:115} INFO - [2022-08-24 10:00:56,112] {dag.py:2420} INFO - Sync 1 DAGs
[2022-08-24 10:00:56,189] {processor.py:161} INFO - Processing /opt/airflow/dags/extract_data_from_ftp_to_s3.py took 3.250 seconds
[2022-08-24 10:01:26,342] {processor.py:153} INFO - Started process (PID=16106) to work on /opt/airflow/dags/extract_data_from_ftp_to_s3.py
[2022-08-24 10:01:26,343] {processor.py:641} INFO - Processing file /opt/airflow/dags/extract_data_from_ftp_to_s3.py for tasks to queue
[2022-08-24 10:01:26,344] {logging_mixin.py:115} INFO - [2022-08-24 10:01:26,344] {dagbag.py:508} INFO - Filling up the DagBag from /opt/airflow/dags/extract_data_from_ftp_to_s3.py
[2022-08-24 10:01:26,537] {processor.py:651} INFO - DAG(s) dict_keys(['extract_data_from_ftp_to_s3']) retrieved from /opt/airflow/dags/extract_data_from_ftp_to_s3.py
[2022-08-24 10:01:26,584] {logging_mixin.py:115} INFO - [2022-08-24 10:01:26,584] {dag.py:2420} INFO - Sync 1 DAGs
[2022-08-24 10:01:26,656] {processor.py:161} INFO - Processing /opt/airflow/dags/extract_data_from_ftp_to_s3.py took 0.318 seconds
[2022-08-24 10:01:56,836] {processor.py:153} INFO - Started process (PID=16160) to work on /opt/airflow/dags/extract_data_from_ftp_to_s3.py
[2022-08-24 10:01:56,837] {processor.py:641} INFO - Processing file /opt/airflow/dags/extract_data_from_ftp_to_s3.py for tasks to queue
[2022-08-24 10:01:56,838] {logging_mixin.py:115} INFO - [2022-08-24 10:01:56,838] {dagbag.py:508} INFO - Filling up the DagBag from /opt/airflow/dags/extract_data_from_ftp_to_s3.py
[2022-08-24 10:01:57,035] {processor.py:651} INFO - DAG(s) dict_keys(['extract_data_from_ftp_to_s3']) retrieved from /opt/airflow/dags/extract_data_from_ftp_to_s3.py
[2022-08-24 10:01:57,103] {logging_mixin.py:115} INFO - [2022-08-24 10:01:57,103] {dag.py:2420} INFO - Sync 1 DAGs
[2022-08-24 10:01:57,180] {processor.py:161} INFO - Processing /opt/airflow/dags/extract_data_from_ftp_to_s3.py took 0.351 seconds
[2022-08-24 10:02:27,317] {processor.py:153} INFO - Started process (PID=16213) to work on /opt/airflow/dags/extract_data_from_ftp_to_s3.py
[2022-08-24 10:02:27,321] {processor.py:641} INFO - Processing file /opt/airflow/dags/extract_data_from_ftp_to_s3.py for tasks to queue
[2022-08-24 10:02:27,323] {logging_mixin.py:115} INFO - [2022-08-24 10:02:27,323] {dagbag.py:508} INFO - Filling up the DagBag from /opt/airflow/dags/extract_data_from_ftp_to_s3.py
[2022-08-24 10:02:27,567] {processor.py:651} INFO - DAG(s) dict_keys(['extract_data_from_ftp_to_s3']) retrieved from /opt/airflow/dags/extract_data_from_ftp_to_s3.py
[2022-08-24 10:02:27,614] {logging_mixin.py:115} INFO - [2022-08-24 10:02:27,614] {dag.py:2420} INFO - Sync 1 DAGs
[2022-08-24 10:02:27,719] {processor.py:161} INFO - Processing /opt/airflow/dags/extract_data_from_ftp_to_s3.py took 0.410 seconds
[2022-08-24 10:02:58,328] {processor.py:153} INFO - Started process (PID=16275) to work on /opt/airflow/dags/extract_data_from_ftp_to_s3.py
[2022-08-24 10:02:58,332] {processor.py:641} INFO - Processing file /opt/airflow/dags/extract_data_from_ftp_to_s3.py for tasks to queue
[2022-08-24 10:02:58,333] {logging_mixin.py:115} INFO - [2022-08-24 10:02:58,333] {dagbag.py:508} INFO - Filling up the DagBag from /opt/airflow/dags/extract_data_from_ftp_to_s3.py
[2022-08-24 10:02:58,540] {processor.py:651} INFO - DAG(s) dict_keys(['extract_data_from_ftp_to_s3']) retrieved from /opt/airflow/dags/extract_data_from_ftp_to_s3.py
[2022-08-24 10:02:58,588] {logging_mixin.py:115} INFO - [2022-08-24 10:02:58,587] {dag.py:2420} INFO - Sync 1 DAGs
[2022-08-24 10:02:58,661] {processor.py:161} INFO - Processing /opt/airflow/dags/extract_data_from_ftp_to_s3.py took 0.340 seconds
[2022-08-24 10:03:29,537] {processor.py:153} INFO - Started process (PID=16319) to work on /opt/airflow/dags/extract_data_from_ftp_to_s3.py
[2022-08-24 10:03:29,545] {processor.py:641} INFO - Processing file /opt/airflow/dags/extract_data_from_ftp_to_s3.py for tasks to queue
[2022-08-24 10:03:29,554] {logging_mixin.py:115} INFO - [2022-08-24 10:03:29,553] {dagbag.py:508} INFO - Filling up the DagBag from /opt/airflow/dags/extract_data_from_ftp_to_s3.py
[2022-08-24 10:03:30,879] {processor.py:651} INFO - DAG(s) dict_keys(['extract_data_from_ftp_to_s3']) retrieved from /opt/airflow/dags/extract_data_from_ftp_to_s3.py
[2022-08-24 10:03:31,143] {logging_mixin.py:115} INFO - [2022-08-24 10:03:31,142] {dag.py:2420} INFO - Sync 1 DAGs
[2022-08-24 10:03:31,493] {processor.py:161} INFO - Processing /opt/airflow/dags/extract_data_from_ftp_to_s3.py took 1.988 seconds
[2022-08-24 10:04:01,885] {processor.py:153} INFO - Started process (PID=16372) to work on /opt/airflow/dags/extract_data_from_ftp_to_s3.py
[2022-08-24 10:04:01,911] {processor.py:641} INFO - Processing file /opt/airflow/dags/extract_data_from_ftp_to_s3.py for tasks to queue
[2022-08-24 10:04:01,937] {logging_mixin.py:115} INFO - [2022-08-24 10:04:01,935] {dagbag.py:508} INFO - Filling up the DagBag from /opt/airflow/dags/extract_data_from_ftp_to_s3.py
[2022-08-24 10:04:03,684] {processor.py:651} INFO - DAG(s) dict_keys(['extract_data_from_ftp_to_s3']) retrieved from /opt/airflow/dags/extract_data_from_ftp_to_s3.py
[2022-08-24 10:04:03,884] {logging_mixin.py:115} INFO - [2022-08-24 10:04:03,883] {dag.py:2420} INFO - Sync 1 DAGs
[2022-08-24 10:04:04,276] {processor.py:161} INFO - Processing /opt/airflow/dags/extract_data_from_ftp_to_s3.py took 2.419 seconds
[2022-08-24 10:04:35,367] {processor.py:153} INFO - Started process (PID=16417) to work on /opt/airflow/dags/extract_data_from_ftp_to_s3.py
[2022-08-24 10:04:35,385] {processor.py:641} INFO - Processing file /opt/airflow/dags/extract_data_from_ftp_to_s3.py for tasks to queue
[2022-08-24 10:04:35,395] {logging_mixin.py:115} INFO - [2022-08-24 10:04:35,394] {dagbag.py:508} INFO - Filling up the DagBag from /opt/airflow/dags/extract_data_from_ftp_to_s3.py
[2022-08-24 10:04:36,931] {processor.py:651} INFO - DAG(s) dict_keys(['extract_data_from_ftp_to_s3']) retrieved from /opt/airflow/dags/extract_data_from_ftp_to_s3.py
[2022-08-24 10:04:37,187] {logging_mixin.py:115} INFO - [2022-08-24 10:04:37,186] {dag.py:2420} INFO - Sync 1 DAGs
[2022-08-24 10:04:37,551] {processor.py:161} INFO - Processing /opt/airflow/dags/extract_data_from_ftp_to_s3.py took 2.214 seconds
[2022-08-24 10:05:07,900] {processor.py:153} INFO - Started process (PID=16470) to work on /opt/airflow/dags/extract_data_from_ftp_to_s3.py
[2022-08-24 10:05:07,906] {processor.py:641} INFO - Processing file /opt/airflow/dags/extract_data_from_ftp_to_s3.py for tasks to queue
[2022-08-24 10:05:07,914] {logging_mixin.py:115} INFO - [2022-08-24 10:05:07,912] {dagbag.py:508} INFO - Filling up the DagBag from /opt/airflow/dags/extract_data_from_ftp_to_s3.py
[2022-08-24 10:05:09,461] {processor.py:651} INFO - DAG(s) dict_keys(['extract_data_from_ftp_to_s3']) retrieved from /opt/airflow/dags/extract_data_from_ftp_to_s3.py
[2022-08-24 10:05:09,695] {logging_mixin.py:115} INFO - [2022-08-24 10:05:09,693] {dag.py:2420} INFO - Sync 1 DAGs
[2022-08-24 10:05:10,079] {processor.py:161} INFO - Processing /opt/airflow/dags/extract_data_from_ftp_to_s3.py took 2.251 seconds
[2022-08-24 10:05:40,588] {processor.py:153} INFO - Started process (PID=16514) to work on /opt/airflow/dags/extract_data_from_ftp_to_s3.py
[2022-08-24 10:05:40,594] {processor.py:641} INFO - Processing file /opt/airflow/dags/extract_data_from_ftp_to_s3.py for tasks to queue
[2022-08-24 10:05:40,600] {logging_mixin.py:115} INFO - [2022-08-24 10:05:40,599] {dagbag.py:508} INFO - Filling up the DagBag from /opt/airflow/dags/extract_data_from_ftp_to_s3.py
[2022-08-24 10:05:41,857] {processor.py:651} INFO - DAG(s) dict_keys(['extract_data_from_ftp_to_s3']) retrieved from /opt/airflow/dags/extract_data_from_ftp_to_s3.py
[2022-08-24 10:05:42,138] {logging_mixin.py:115} INFO - [2022-08-24 10:05:42,137] {dag.py:2420} INFO - Sync 1 DAGs
[2022-08-24 10:05:42,580] {processor.py:161} INFO - Processing /opt/airflow/dags/extract_data_from_ftp_to_s3.py took 2.014 seconds
[2022-08-24 10:06:12,891] {processor.py:153} INFO - Started process (PID=16570) to work on /opt/airflow/dags/extract_data_from_ftp_to_s3.py
[2022-08-24 10:06:12,894] {processor.py:641} INFO - Processing file /opt/airflow/dags/extract_data_from_ftp_to_s3.py for tasks to queue
[2022-08-24 10:06:12,899] {logging_mixin.py:115} INFO - [2022-08-24 10:06:12,898] {dagbag.py:508} INFO - Filling up the DagBag from /opt/airflow/dags/extract_data_from_ftp_to_s3.py
[2022-08-24 10:06:14,245] {processor.py:651} INFO - DAG(s) dict_keys(['extract_data_from_ftp_to_s3']) retrieved from /opt/airflow/dags/extract_data_from_ftp_to_s3.py
[2022-08-24 10:06:14,525] {logging_mixin.py:115} INFO - [2022-08-24 10:06:14,524] {dag.py:2420} INFO - Sync 1 DAGs
[2022-08-24 10:06:14,877] {processor.py:161} INFO - Processing /opt/airflow/dags/extract_data_from_ftp_to_s3.py took 2.013 seconds
[2022-08-24 10:06:45,085] {processor.py:153} INFO - Started process (PID=16613) to work on /opt/airflow/dags/extract_data_from_ftp_to_s3.py
[2022-08-24 10:06:45,094] {processor.py:641} INFO - Processing file /opt/airflow/dags/extract_data_from_ftp_to_s3.py for tasks to queue
[2022-08-24 10:06:45,099] {logging_mixin.py:115} INFO - [2022-08-24 10:06:45,098] {dagbag.py:508} INFO - Filling up the DagBag from /opt/airflow/dags/extract_data_from_ftp_to_s3.py
[2022-08-24 10:06:46,531] {processor.py:651} INFO - DAG(s) dict_keys(['extract_data_from_ftp_to_s3']) retrieved from /opt/airflow/dags/extract_data_from_ftp_to_s3.py
[2022-08-24 10:06:46,750] {logging_mixin.py:115} INFO - [2022-08-24 10:06:46,749] {dag.py:2420} INFO - Sync 1 DAGs
[2022-08-24 10:06:47,102] {processor.py:161} INFO - Processing /opt/airflow/dags/extract_data_from_ftp_to_s3.py took 2.041 seconds
[2022-08-24 10:07:17,972] {processor.py:153} INFO - Started process (PID=16666) to work on /opt/airflow/dags/extract_data_from_ftp_to_s3.py
[2022-08-24 10:07:17,981] {processor.py:641} INFO - Processing file /opt/airflow/dags/extract_data_from_ftp_to_s3.py for tasks to queue
[2022-08-24 10:07:17,986] {logging_mixin.py:115} INFO - [2022-08-24 10:07:17,985] {dagbag.py:508} INFO - Filling up the DagBag from /opt/airflow/dags/extract_data_from_ftp_to_s3.py
[2022-08-24 10:07:19,141] {processor.py:651} INFO - DAG(s) dict_keys(['extract_data_from_ftp_to_s3']) retrieved from /opt/airflow/dags/extract_data_from_ftp_to_s3.py
[2022-08-24 10:07:19,397] {logging_mixin.py:115} INFO - [2022-08-24 10:07:19,396] {dag.py:2420} INFO - Sync 1 DAGs
[2022-08-24 10:07:19,799] {processor.py:161} INFO - Processing /opt/airflow/dags/extract_data_from_ftp_to_s3.py took 1.861 seconds
[2022-08-24 10:07:50,157] {processor.py:153} INFO - Started process (PID=16712) to work on /opt/airflow/dags/extract_data_from_ftp_to_s3.py
[2022-08-24 10:07:50,161] {processor.py:641} INFO - Processing file /opt/airflow/dags/extract_data_from_ftp_to_s3.py for tasks to queue
[2022-08-24 10:07:50,167] {logging_mixin.py:115} INFO - [2022-08-24 10:07:50,166] {dagbag.py:508} INFO - Filling up the DagBag from /opt/airflow/dags/extract_data_from_ftp_to_s3.py
[2022-08-24 10:07:51,465] {processor.py:651} INFO - DAG(s) dict_keys(['extract_data_from_ftp_to_s3']) retrieved from /opt/airflow/dags/extract_data_from_ftp_to_s3.py
[2022-08-24 10:07:51,693] {logging_mixin.py:115} INFO - [2022-08-24 10:07:51,692] {dag.py:2420} INFO - Sync 1 DAGs
[2022-08-24 10:07:52,039] {processor.py:161} INFO - Processing /opt/airflow/dags/extract_data_from_ftp_to_s3.py took 1.909 seconds
[2022-08-24 10:08:22,694] {processor.py:153} INFO - Started process (PID=16767) to work on /opt/airflow/dags/extract_data_from_ftp_to_s3.py
[2022-08-24 10:08:22,703] {processor.py:641} INFO - Processing file /opt/airflow/dags/extract_data_from_ftp_to_s3.py for tasks to queue
[2022-08-24 10:08:22,710] {logging_mixin.py:115} INFO - [2022-08-24 10:08:22,709] {dagbag.py:508} INFO - Filling up the DagBag from /opt/airflow/dags/extract_data_from_ftp_to_s3.py
[2022-08-24 10:08:23,830] {processor.py:651} INFO - DAG(s) dict_keys(['extract_data_from_ftp_to_s3']) retrieved from /opt/airflow/dags/extract_data_from_ftp_to_s3.py
[2022-08-24 10:08:24,018] {logging_mixin.py:115} INFO - [2022-08-24 10:08:24,018] {dag.py:2420} INFO - Sync 1 DAGs
[2022-08-24 10:08:24,357] {processor.py:161} INFO - Processing /opt/airflow/dags/extract_data_from_ftp_to_s3.py took 1.691 seconds
[2022-08-24 10:08:54,866] {processor.py:153} INFO - Started process (PID=16811) to work on /opt/airflow/dags/extract_data_from_ftp_to_s3.py
[2022-08-24 10:08:54,870] {processor.py:641} INFO - Processing file /opt/airflow/dags/extract_data_from_ftp_to_s3.py for tasks to queue
[2022-08-24 10:08:54,891] {logging_mixin.py:115} INFO - [2022-08-24 10:08:54,890] {dagbag.py:508} INFO - Filling up the DagBag from /opt/airflow/dags/extract_data_from_ftp_to_s3.py
[2022-08-24 10:08:55,919] {processor.py:651} INFO - DAG(s) dict_keys(['extract_data_from_ftp_to_s3']) retrieved from /opt/airflow/dags/extract_data_from_ftp_to_s3.py
[2022-08-24 10:08:56,141] {logging_mixin.py:115} INFO - [2022-08-24 10:08:56,140] {dag.py:2420} INFO - Sync 1 DAGs
[2022-08-24 10:08:56,533] {processor.py:161} INFO - Processing /opt/airflow/dags/extract_data_from_ftp_to_s3.py took 1.700 seconds
[2022-08-24 10:09:27,151] {processor.py:153} INFO - Started process (PID=16864) to work on /opt/airflow/dags/extract_data_from_ftp_to_s3.py
[2022-08-24 10:09:27,157] {processor.py:641} INFO - Processing file /opt/airflow/dags/extract_data_from_ftp_to_s3.py for tasks to queue
[2022-08-24 10:09:27,163] {logging_mixin.py:115} INFO - [2022-08-24 10:09:27,161] {dagbag.py:508} INFO - Filling up the DagBag from /opt/airflow/dags/extract_data_from_ftp_to_s3.py
[2022-08-24 10:09:28,490] {processor.py:651} INFO - DAG(s) dict_keys(['extract_data_from_ftp_to_s3']) retrieved from /opt/airflow/dags/extract_data_from_ftp_to_s3.py
[2022-08-24 10:09:28,722] {logging_mixin.py:115} INFO - [2022-08-24 10:09:28,721] {dag.py:2420} INFO - Sync 1 DAGs
[2022-08-24 10:09:29,141] {processor.py:161} INFO - Processing /opt/airflow/dags/extract_data_from_ftp_to_s3.py took 2.019 seconds
[2022-08-24 10:09:59,551] {processor.py:153} INFO - Started process (PID=16908) to work on /opt/airflow/dags/extract_data_from_ftp_to_s3.py
[2022-08-24 10:09:59,556] {processor.py:641} INFO - Processing file /opt/airflow/dags/extract_data_from_ftp_to_s3.py for tasks to queue
[2022-08-24 10:09:59,561] {logging_mixin.py:115} INFO - [2022-08-24 10:09:59,561] {dagbag.py:508} INFO - Filling up the DagBag from /opt/airflow/dags/extract_data_from_ftp_to_s3.py
[2022-08-24 10:10:00,899] {processor.py:651} INFO - DAG(s) dict_keys(['extract_data_from_ftp_to_s3']) retrieved from /opt/airflow/dags/extract_data_from_ftp_to_s3.py
[2022-08-24 10:10:01,135] {logging_mixin.py:115} INFO - [2022-08-24 10:10:01,134] {dag.py:2420} INFO - Sync 1 DAGs
[2022-08-24 10:10:01,536] {processor.py:161} INFO - Processing /opt/airflow/dags/extract_data_from_ftp_to_s3.py took 2.016 seconds
[2022-08-24 10:10:33,025] {processor.py:153} INFO - Started process (PID=16961) to work on /opt/airflow/dags/extract_data_from_ftp_to_s3.py
[2022-08-24 10:10:33,032] {processor.py:641} INFO - Processing file /opt/airflow/dags/extract_data_from_ftp_to_s3.py for tasks to queue
[2022-08-24 10:10:33,038] {logging_mixin.py:115} INFO - [2022-08-24 10:10:33,037] {dagbag.py:508} INFO - Filling up the DagBag from /opt/airflow/dags/extract_data_from_ftp_to_s3.py
[2022-08-24 10:10:34,259] {processor.py:651} INFO - DAG(s) dict_keys(['extract_data_from_ftp_to_s3']) retrieved from /opt/airflow/dags/extract_data_from_ftp_to_s3.py
[2022-08-24 10:10:34,525] {logging_mixin.py:115} INFO - [2022-08-24 10:10:34,521] {dag.py:2420} INFO - Sync 1 DAGs
[2022-08-24 10:10:35,212] {processor.py:161} INFO - Processing /opt/airflow/dags/extract_data_from_ftp_to_s3.py took 2.215 seconds
[2022-08-24 10:11:05,671] {processor.py:153} INFO - Started process (PID=17005) to work on /opt/airflow/dags/extract_data_from_ftp_to_s3.py
[2022-08-24 10:11:05,675] {processor.py:641} INFO - Processing file /opt/airflow/dags/extract_data_from_ftp_to_s3.py for tasks to queue
[2022-08-24 10:11:05,680] {logging_mixin.py:115} INFO - [2022-08-24 10:11:05,679] {dagbag.py:508} INFO - Filling up the DagBag from /opt/airflow/dags/extract_data_from_ftp_to_s3.py
[2022-08-24 10:11:06,793] {processor.py:651} INFO - DAG(s) dict_keys(['extract_data_from_ftp_to_s3']) retrieved from /opt/airflow/dags/extract_data_from_ftp_to_s3.py
[2022-08-24 10:11:07,085] {logging_mixin.py:115} INFO - [2022-08-24 10:11:07,084] {dag.py:2420} INFO - Sync 1 DAGs
[2022-08-24 10:11:07,500] {processor.py:161} INFO - Processing /opt/airflow/dags/extract_data_from_ftp_to_s3.py took 1.862 seconds
[2022-08-24 10:11:38,234] {processor.py:153} INFO - Started process (PID=17057) to work on /opt/airflow/dags/extract_data_from_ftp_to_s3.py
[2022-08-24 10:11:38,240] {processor.py:641} INFO - Processing file /opt/airflow/dags/extract_data_from_ftp_to_s3.py for tasks to queue
[2022-08-24 10:11:38,245] {logging_mixin.py:115} INFO - [2022-08-24 10:11:38,244] {dagbag.py:508} INFO - Filling up the DagBag from /opt/airflow/dags/extract_data_from_ftp_to_s3.py
[2022-08-24 10:11:39,656] {processor.py:651} INFO - DAG(s) dict_keys(['extract_data_from_ftp_to_s3']) retrieved from /opt/airflow/dags/extract_data_from_ftp_to_s3.py
[2022-08-24 10:11:39,923] {logging_mixin.py:115} INFO - [2022-08-24 10:11:39,922] {dag.py:2420} INFO - Sync 1 DAGs
[2022-08-24 10:11:40,312] {processor.py:161} INFO - Processing /opt/airflow/dags/extract_data_from_ftp_to_s3.py took 2.104 seconds
[2022-08-24 10:12:11,321] {processor.py:153} INFO - Started process (PID=17102) to work on /opt/airflow/dags/extract_data_from_ftp_to_s3.py
[2022-08-24 10:12:11,327] {processor.py:641} INFO - Processing file /opt/airflow/dags/extract_data_from_ftp_to_s3.py for tasks to queue
[2022-08-24 10:12:11,332] {logging_mixin.py:115} INFO - [2022-08-24 10:12:11,331] {dagbag.py:508} INFO - Filling up the DagBag from /opt/airflow/dags/extract_data_from_ftp_to_s3.py
[2022-08-24 10:12:12,629] {processor.py:651} INFO - DAG(s) dict_keys(['extract_data_from_ftp_to_s3']) retrieved from /opt/airflow/dags/extract_data_from_ftp_to_s3.py
[2022-08-24 10:12:12,908] {logging_mixin.py:115} INFO - [2022-08-24 10:12:12,907] {dag.py:2420} INFO - Sync 1 DAGs
[2022-08-24 10:12:13,409] {processor.py:161} INFO - Processing /opt/airflow/dags/extract_data_from_ftp_to_s3.py took 2.115 seconds
[2022-08-24 10:12:44,187] {processor.py:153} INFO - Started process (PID=17156) to work on /opt/airflow/dags/extract_data_from_ftp_to_s3.py
[2022-08-24 10:12:44,206] {processor.py:641} INFO - Processing file /opt/airflow/dags/extract_data_from_ftp_to_s3.py for tasks to queue
[2022-08-24 10:12:44,217] {logging_mixin.py:115} INFO - [2022-08-24 10:12:44,216] {dagbag.py:508} INFO - Filling up the DagBag from /opt/airflow/dags/extract_data_from_ftp_to_s3.py
[2022-08-24 10:12:45,880] {processor.py:651} INFO - DAG(s) dict_keys(['extract_data_from_ftp_to_s3']) retrieved from /opt/airflow/dags/extract_data_from_ftp_to_s3.py
[2022-08-24 10:12:46,226] {logging_mixin.py:115} INFO - [2022-08-24 10:12:46,225] {dag.py:2420} INFO - Sync 1 DAGs
[2022-08-24 10:12:46,653] {processor.py:161} INFO - Processing /opt/airflow/dags/extract_data_from_ftp_to_s3.py took 2.518 seconds
[2022-08-24 10:13:17,520] {processor.py:153} INFO - Started process (PID=17207) to work on /opt/airflow/dags/extract_data_from_ftp_to_s3.py
[2022-08-24 10:13:17,527] {processor.py:641} INFO - Processing file /opt/airflow/dags/extract_data_from_ftp_to_s3.py for tasks to queue
[2022-08-24 10:13:17,532] {logging_mixin.py:115} INFO - [2022-08-24 10:13:17,531] {dagbag.py:508} INFO - Filling up the DagBag from /opt/airflow/dags/extract_data_from_ftp_to_s3.py
[2022-08-24 10:13:18,939] {processor.py:651} INFO - DAG(s) dict_keys(['extract_data_from_ftp_to_s3']) retrieved from /opt/airflow/dags/extract_data_from_ftp_to_s3.py
[2022-08-24 10:13:19,546] {logging_mixin.py:115} INFO - [2022-08-24 10:13:19,545] {dag.py:2420} INFO - Sync 1 DAGs
[2022-08-24 10:13:20,069] {processor.py:161} INFO - Processing /opt/airflow/dags/extract_data_from_ftp_to_s3.py took 2.577 seconds
[2022-08-24 10:13:50,346] {processor.py:153} INFO - Started process (PID=17254) to work on /opt/airflow/dags/extract_data_from_ftp_to_s3.py
[2022-08-24 10:13:50,368] {processor.py:641} INFO - Processing file /opt/airflow/dags/extract_data_from_ftp_to_s3.py for tasks to queue
[2022-08-24 10:13:50,374] {logging_mixin.py:115} INFO - [2022-08-24 10:13:50,373] {dagbag.py:508} INFO - Filling up the DagBag from /opt/airflow/dags/extract_data_from_ftp_to_s3.py
[2022-08-24 10:13:51,736] {processor.py:651} INFO - DAG(s) dict_keys(['extract_data_from_ftp_to_s3']) retrieved from /opt/airflow/dags/extract_data_from_ftp_to_s3.py
[2022-08-24 10:13:52,062] {logging_mixin.py:115} INFO - [2022-08-24 10:13:52,061] {dag.py:2420} INFO - Sync 1 DAGs
[2022-08-24 10:13:52,492] {processor.py:161} INFO - Processing /opt/airflow/dags/extract_data_from_ftp_to_s3.py took 2.186 seconds
[2022-08-24 10:14:22,889] {processor.py:153} INFO - Started process (PID=17304) to work on /opt/airflow/dags/extract_data_from_ftp_to_s3.py
[2022-08-24 10:14:22,896] {processor.py:641} INFO - Processing file /opt/airflow/dags/extract_data_from_ftp_to_s3.py for tasks to queue
[2022-08-24 10:14:22,901] {logging_mixin.py:115} INFO - [2022-08-24 10:14:22,900] {dagbag.py:508} INFO - Filling up the DagBag from /opt/airflow/dags/extract_data_from_ftp_to_s3.py
[2022-08-24 10:14:24,205] {processor.py:651} INFO - DAG(s) dict_keys(['extract_data_from_ftp_to_s3']) retrieved from /opt/airflow/dags/extract_data_from_ftp_to_s3.py
[2022-08-24 10:14:24,416] {logging_mixin.py:115} INFO - [2022-08-24 10:14:24,415] {dag.py:2420} INFO - Sync 1 DAGs
[2022-08-24 10:14:24,742] {processor.py:161} INFO - Processing /opt/airflow/dags/extract_data_from_ftp_to_s3.py took 1.880 seconds
[2022-08-24 10:14:55,374] {processor.py:153} INFO - Started process (PID=17349) to work on /opt/airflow/dags/extract_data_from_ftp_to_s3.py
[2022-08-24 10:14:55,381] {processor.py:641} INFO - Processing file /opt/airflow/dags/extract_data_from_ftp_to_s3.py for tasks to queue
[2022-08-24 10:14:55,386] {logging_mixin.py:115} INFO - [2022-08-24 10:14:55,385] {dagbag.py:508} INFO - Filling up the DagBag from /opt/airflow/dags/extract_data_from_ftp_to_s3.py
[2022-08-24 10:14:56,844] {processor.py:651} INFO - DAG(s) dict_keys(['extract_data_from_ftp_to_s3']) retrieved from /opt/airflow/dags/extract_data_from_ftp_to_s3.py
[2022-08-24 10:14:57,057] {logging_mixin.py:115} INFO - [2022-08-24 10:14:57,056] {dag.py:2420} INFO - Sync 1 DAGs
[2022-08-24 10:14:57,440] {processor.py:161} INFO - Processing /opt/airflow/dags/extract_data_from_ftp_to_s3.py took 2.094 seconds
[2022-08-24 10:15:28,260] {processor.py:153} INFO - Started process (PID=17399) to work on /opt/airflow/dags/extract_data_from_ftp_to_s3.py
[2022-08-24 10:15:28,267] {processor.py:641} INFO - Processing file /opt/airflow/dags/extract_data_from_ftp_to_s3.py for tasks to queue
[2022-08-24 10:15:28,272] {logging_mixin.py:115} INFO - [2022-08-24 10:15:28,271] {dagbag.py:508} INFO - Filling up the DagBag from /opt/airflow/dags/extract_data_from_ftp_to_s3.py
[2022-08-24 10:15:29,707] {processor.py:651} INFO - DAG(s) dict_keys(['extract_data_from_ftp_to_s3']) retrieved from /opt/airflow/dags/extract_data_from_ftp_to_s3.py
[2022-08-24 10:15:29,918] {logging_mixin.py:115} INFO - [2022-08-24 10:15:29,917] {dag.py:2420} INFO - Sync 1 DAGs
[2022-08-24 10:15:30,398] {processor.py:161} INFO - Processing /opt/airflow/dags/extract_data_from_ftp_to_s3.py took 2.167 seconds
[2022-08-24 10:16:00,874] {processor.py:153} INFO - Started process (PID=17446) to work on /opt/airflow/dags/extract_data_from_ftp_to_s3.py
[2022-08-24 10:16:00,879] {processor.py:641} INFO - Processing file /opt/airflow/dags/extract_data_from_ftp_to_s3.py for tasks to queue
[2022-08-24 10:16:00,884] {logging_mixin.py:115} INFO - [2022-08-24 10:16:00,883] {dagbag.py:508} INFO - Filling up the DagBag from /opt/airflow/dags/extract_data_from_ftp_to_s3.py
[2022-08-24 10:16:02,483] {processor.py:651} INFO - DAG(s) dict_keys(['extract_data_from_ftp_to_s3']) retrieved from /opt/airflow/dags/extract_data_from_ftp_to_s3.py
[2022-08-24 10:16:02,861] {logging_mixin.py:115} INFO - [2022-08-24 10:16:02,860] {dag.py:2420} INFO - Sync 1 DAGs
[2022-08-24 10:16:03,320] {processor.py:161} INFO - Processing /opt/airflow/dags/extract_data_from_ftp_to_s3.py took 2.473 seconds
[2022-08-24 10:16:34,113] {processor.py:153} INFO - Started process (PID=17498) to work on /opt/airflow/dags/extract_data_from_ftp_to_s3.py
[2022-08-24 10:16:34,119] {processor.py:641} INFO - Processing file /opt/airflow/dags/extract_data_from_ftp_to_s3.py for tasks to queue
[2022-08-24 10:16:34,126] {logging_mixin.py:115} INFO - [2022-08-24 10:16:34,125] {dagbag.py:508} INFO - Filling up the DagBag from /opt/airflow/dags/extract_data_from_ftp_to_s3.py
[2022-08-24 10:16:35,440] {processor.py:651} INFO - DAG(s) dict_keys(['extract_data_from_ftp_to_s3']) retrieved from /opt/airflow/dags/extract_data_from_ftp_to_s3.py
[2022-08-24 10:16:35,792] {logging_mixin.py:115} INFO - [2022-08-24 10:16:35,791] {dag.py:2420} INFO - Sync 1 DAGs
[2022-08-24 10:16:36,393] {processor.py:161} INFO - Processing /opt/airflow/dags/extract_data_from_ftp_to_s3.py took 2.316 seconds
[2022-08-24 10:17:06,962] {processor.py:153} INFO - Started process (PID=17545) to work on /opt/airflow/dags/extract_data_from_ftp_to_s3.py
[2022-08-24 10:17:06,970] {processor.py:641} INFO - Processing file /opt/airflow/dags/extract_data_from_ftp_to_s3.py for tasks to queue
[2022-08-24 10:17:06,977] {logging_mixin.py:115} INFO - [2022-08-24 10:17:06,976] {dagbag.py:508} INFO - Filling up the DagBag from /opt/airflow/dags/extract_data_from_ftp_to_s3.py
[2022-08-24 10:17:08,373] {processor.py:651} INFO - DAG(s) dict_keys(['extract_data_from_ftp_to_s3']) retrieved from /opt/airflow/dags/extract_data_from_ftp_to_s3.py
[2022-08-24 10:17:08,581] {logging_mixin.py:115} INFO - [2022-08-24 10:17:08,580] {dag.py:2420} INFO - Sync 1 DAGs
[2022-08-24 10:17:08,964] {processor.py:161} INFO - Processing /opt/airflow/dags/extract_data_from_ftp_to_s3.py took 2.058 seconds
[2022-08-24 10:17:39,432] {processor.py:153} INFO - Started process (PID=17596) to work on /opt/airflow/dags/extract_data_from_ftp_to_s3.py
[2022-08-24 10:17:39,439] {processor.py:641} INFO - Processing file /opt/airflow/dags/extract_data_from_ftp_to_s3.py for tasks to queue
[2022-08-24 10:17:39,444] {logging_mixin.py:115} INFO - [2022-08-24 10:17:39,443] {dagbag.py:508} INFO - Filling up the DagBag from /opt/airflow/dags/extract_data_from_ftp_to_s3.py
[2022-08-24 10:17:40,667] {processor.py:651} INFO - DAG(s) dict_keys(['extract_data_from_ftp_to_s3']) retrieved from /opt/airflow/dags/extract_data_from_ftp_to_s3.py
[2022-08-24 10:17:40,909] {logging_mixin.py:115} INFO - [2022-08-24 10:17:40,909] {dag.py:2420} INFO - Sync 1 DAGs
[2022-08-24 10:17:41,314] {processor.py:161} INFO - Processing /opt/airflow/dags/extract_data_from_ftp_to_s3.py took 1.910 seconds
[2022-08-24 10:18:12,028] {processor.py:153} INFO - Started process (PID=17642) to work on /opt/airflow/dags/extract_data_from_ftp_to_s3.py
[2022-08-24 10:18:12,034] {processor.py:641} INFO - Processing file /opt/airflow/dags/extract_data_from_ftp_to_s3.py for tasks to queue
[2022-08-24 10:18:12,040] {logging_mixin.py:115} INFO - [2022-08-24 10:18:12,039] {dagbag.py:508} INFO - Filling up the DagBag from /opt/airflow/dags/extract_data_from_ftp_to_s3.py
[2022-08-24 10:18:13,170] {processor.py:651} INFO - DAG(s) dict_keys(['extract_data_from_ftp_to_s3']) retrieved from /opt/airflow/dags/extract_data_from_ftp_to_s3.py
[2022-08-24 10:18:13,390] {logging_mixin.py:115} INFO - [2022-08-24 10:18:13,389] {dag.py:2420} INFO - Sync 1 DAGs
[2022-08-24 10:18:13,745] {processor.py:161} INFO - Processing /opt/airflow/dags/extract_data_from_ftp_to_s3.py took 1.749 seconds
