[2022-11-02 16:51:57,225] {processor.py:153} INFO - Started process (PID=49) to work on /home/airflow/.local/lib/python3.7/site-packages/airflow/example_dags/example_latest_only_with_trigger.py
[2022-11-02 16:51:57,226] {processor.py:641} INFO - Processing file /home/airflow/.local/lib/python3.7/site-packages/airflow/example_dags/example_latest_only_with_trigger.py for tasks to queue
[2022-11-02 16:51:57,227] {logging_mixin.py:115} INFO - [2022-11-02 16:51:57,227] {dagbag.py:508} INFO - Filling up the DagBag from /home/airflow/.local/lib/python3.7/site-packages/airflow/example_dags/example_latest_only_with_trigger.py
[2022-11-02 16:51:57,240] {processor.py:651} INFO - DAG(s) dict_keys(['latest_only_with_trigger']) retrieved from /home/airflow/.local/lib/python3.7/site-packages/airflow/example_dags/example_latest_only_with_trigger.py
[2022-11-02 16:51:57,295] {logging_mixin.py:115} INFO - [2022-11-02 16:51:57,295] {dag.py:2420} INFO - Sync 1 DAGs
[2022-11-02 16:51:57,587] {logging_mixin.py:115} INFO - [2022-11-02 16:51:57,586] {dag.py:2972} INFO - Setting next_dagrun for latest_only_with_trigger to 2022-11-02T12:51:57.586045+00:00, run_after=2022-11-02T16:51:57.586045+00:00
[2022-11-02 16:51:57,632] {processor.py:161} INFO - Processing /home/airflow/.local/lib/python3.7/site-packages/airflow/example_dags/example_latest_only_with_trigger.py took 0.413 seconds
[2022-11-02 16:52:29,227] {processor.py:153} INFO - Started process (PID=144) to work on /home/airflow/.local/lib/python3.7/site-packages/airflow/example_dags/example_latest_only_with_trigger.py
[2022-11-02 16:52:29,228] {processor.py:641} INFO - Processing file /home/airflow/.local/lib/python3.7/site-packages/airflow/example_dags/example_latest_only_with_trigger.py for tasks to queue
[2022-11-02 16:52:29,229] {logging_mixin.py:115} INFO - [2022-11-02 16:52:29,229] {dagbag.py:508} INFO - Filling up the DagBag from /home/airflow/.local/lib/python3.7/site-packages/airflow/example_dags/example_latest_only_with_trigger.py
[2022-11-02 16:52:29,248] {processor.py:651} INFO - DAG(s) dict_keys(['latest_only_with_trigger']) retrieved from /home/airflow/.local/lib/python3.7/site-packages/airflow/example_dags/example_latest_only_with_trigger.py
[2022-11-02 16:52:29,312] {logging_mixin.py:115} INFO - [2022-11-02 16:52:29,312] {dag.py:2420} INFO - Sync 1 DAGs
[2022-11-02 16:52:29,769] {logging_mixin.py:115} INFO - [2022-11-02 16:52:29,769] {dag.py:2972} INFO - Setting next_dagrun for latest_only_with_trigger to 2022-11-02T12:52:29.768321+00:00, run_after=2022-11-02T16:52:29.768321+00:00
[2022-11-02 16:52:29,808] {processor.py:161} INFO - Processing /home/airflow/.local/lib/python3.7/site-packages/airflow/example_dags/example_latest_only_with_trigger.py took 0.586 seconds
[2022-11-02 16:52:59,933] {processor.py:153} INFO - Started process (PID=198) to work on /home/airflow/.local/lib/python3.7/site-packages/airflow/example_dags/example_latest_only_with_trigger.py
[2022-11-02 16:52:59,936] {processor.py:641} INFO - Processing file /home/airflow/.local/lib/python3.7/site-packages/airflow/example_dags/example_latest_only_with_trigger.py for tasks to queue
[2022-11-02 16:52:59,938] {logging_mixin.py:115} INFO - [2022-11-02 16:52:59,938] {dagbag.py:508} INFO - Filling up the DagBag from /home/airflow/.local/lib/python3.7/site-packages/airflow/example_dags/example_latest_only_with_trigger.py
[2022-11-02 16:52:59,958] {processor.py:651} INFO - DAG(s) dict_keys(['latest_only_with_trigger']) retrieved from /home/airflow/.local/lib/python3.7/site-packages/airflow/example_dags/example_latest_only_with_trigger.py
[2022-11-02 16:53:00,049] {logging_mixin.py:115} INFO - [2022-11-02 16:53:00,048] {dag.py:2420} INFO - Sync 1 DAGs
[2022-11-02 16:53:00,498] {logging_mixin.py:115} INFO - [2022-11-02 16:53:00,498] {dag.py:2972} INFO - Setting next_dagrun for latest_only_with_trigger to 2022-11-02T12:53:00.497849+00:00, run_after=2022-11-02T16:53:00.497849+00:00
[2022-11-02 16:53:00,536] {processor.py:161} INFO - Processing /home/airflow/.local/lib/python3.7/site-packages/airflow/example_dags/example_latest_only_with_trigger.py took 0.610 seconds
[2022-11-02 16:53:30,698] {processor.py:153} INFO - Started process (PID=251) to work on /home/airflow/.local/lib/python3.7/site-packages/airflow/example_dags/example_latest_only_with_trigger.py
[2022-11-02 16:53:30,700] {processor.py:641} INFO - Processing file /home/airflow/.local/lib/python3.7/site-packages/airflow/example_dags/example_latest_only_with_trigger.py for tasks to queue
[2022-11-02 16:53:30,701] {logging_mixin.py:115} INFO - [2022-11-02 16:53:30,701] {dagbag.py:508} INFO - Filling up the DagBag from /home/airflow/.local/lib/python3.7/site-packages/airflow/example_dags/example_latest_only_with_trigger.py
[2022-11-02 16:53:30,711] {processor.py:651} INFO - DAG(s) dict_keys(['latest_only_with_trigger']) retrieved from /home/airflow/.local/lib/python3.7/site-packages/airflow/example_dags/example_latest_only_with_trigger.py
[2022-11-02 16:53:30,766] {logging_mixin.py:115} INFO - [2022-11-02 16:53:30,766] {dag.py:2420} INFO - Sync 1 DAGs
[2022-11-02 16:53:31,059] {logging_mixin.py:115} INFO - [2022-11-02 16:53:31,059] {dag.py:2972} INFO - Setting next_dagrun for latest_only_with_trigger to 2022-11-02T12:53:31.058822+00:00, run_after=2022-11-02T16:53:31.058822+00:00
[2022-11-02 16:53:31,080] {processor.py:161} INFO - Processing /home/airflow/.local/lib/python3.7/site-packages/airflow/example_dags/example_latest_only_with_trigger.py took 0.388 seconds
[2022-11-02 16:54:01,533] {processor.py:153} INFO - Started process (PID=305) to work on /home/airflow/.local/lib/python3.7/site-packages/airflow/example_dags/example_latest_only_with_trigger.py
[2022-11-02 16:54:01,537] {processor.py:641} INFO - Processing file /home/airflow/.local/lib/python3.7/site-packages/airflow/example_dags/example_latest_only_with_trigger.py for tasks to queue
[2022-11-02 16:54:01,538] {logging_mixin.py:115} INFO - [2022-11-02 16:54:01,538] {dagbag.py:508} INFO - Filling up the DagBag from /home/airflow/.local/lib/python3.7/site-packages/airflow/example_dags/example_latest_only_with_trigger.py
[2022-11-02 16:54:01,545] {processor.py:651} INFO - DAG(s) dict_keys(['latest_only_with_trigger']) retrieved from /home/airflow/.local/lib/python3.7/site-packages/airflow/example_dags/example_latest_only_with_trigger.py
[2022-11-02 16:54:01,591] {logging_mixin.py:115} INFO - [2022-11-02 16:54:01,591] {dag.py:2420} INFO - Sync 1 DAGs
[2022-11-02 16:54:01,843] {logging_mixin.py:115} INFO - [2022-11-02 16:54:01,843] {dag.py:2972} INFO - Setting next_dagrun for latest_only_with_trigger to 2022-11-02T12:54:01.842836+00:00, run_after=2022-11-02T16:54:01.842836+00:00
[2022-11-02 16:54:01,865] {processor.py:161} INFO - Processing /home/airflow/.local/lib/python3.7/site-packages/airflow/example_dags/example_latest_only_with_trigger.py took 0.335 seconds
[2022-11-02 16:54:32,337] {processor.py:153} INFO - Started process (PID=359) to work on /home/airflow/.local/lib/python3.7/site-packages/airflow/example_dags/example_latest_only_with_trigger.py
[2022-11-02 16:54:32,338] {processor.py:641} INFO - Processing file /home/airflow/.local/lib/python3.7/site-packages/airflow/example_dags/example_latest_only_with_trigger.py for tasks to queue
[2022-11-02 16:54:32,339] {logging_mixin.py:115} INFO - [2022-11-02 16:54:32,339] {dagbag.py:508} INFO - Filling up the DagBag from /home/airflow/.local/lib/python3.7/site-packages/airflow/example_dags/example_latest_only_with_trigger.py
[2022-11-02 16:54:32,351] {processor.py:651} INFO - DAG(s) dict_keys(['latest_only_with_trigger']) retrieved from /home/airflow/.local/lib/python3.7/site-packages/airflow/example_dags/example_latest_only_with_trigger.py
[2022-11-02 16:54:32,443] {logging_mixin.py:115} INFO - [2022-11-02 16:54:32,442] {dag.py:2420} INFO - Sync 1 DAGs
[2022-11-02 16:54:32,683] {logging_mixin.py:115} INFO - [2022-11-02 16:54:32,683] {dag.py:2972} INFO - Setting next_dagrun for latest_only_with_trigger to 2022-11-02T12:54:32.682709+00:00, run_after=2022-11-02T16:54:32.682709+00:00
[2022-11-02 16:54:32,711] {processor.py:161} INFO - Processing /home/airflow/.local/lib/python3.7/site-packages/airflow/example_dags/example_latest_only_with_trigger.py took 0.379 seconds
[2022-11-02 16:55:02,796] {processor.py:153} INFO - Started process (PID=422) to work on /home/airflow/.local/lib/python3.7/site-packages/airflow/example_dags/example_latest_only_with_trigger.py
[2022-11-02 16:55:02,798] {processor.py:641} INFO - Processing file /home/airflow/.local/lib/python3.7/site-packages/airflow/example_dags/example_latest_only_with_trigger.py for tasks to queue
[2022-11-02 16:55:02,799] {logging_mixin.py:115} INFO - [2022-11-02 16:55:02,799] {dagbag.py:508} INFO - Filling up the DagBag from /home/airflow/.local/lib/python3.7/site-packages/airflow/example_dags/example_latest_only_with_trigger.py
[2022-11-02 16:55:02,814] {processor.py:651} INFO - DAG(s) dict_keys(['latest_only_with_trigger']) retrieved from /home/airflow/.local/lib/python3.7/site-packages/airflow/example_dags/example_latest_only_with_trigger.py
[2022-11-02 16:55:02,880] {logging_mixin.py:115} INFO - [2022-11-02 16:55:02,880] {dag.py:2420} INFO - Sync 1 DAGs
[2022-11-02 16:55:03,158] {logging_mixin.py:115} INFO - [2022-11-02 16:55:03,158] {dag.py:2972} INFO - Setting next_dagrun for latest_only_with_trigger to 2022-11-02T12:55:03.158316+00:00, run_after=2022-11-02T16:55:03.158316+00:00
[2022-11-02 16:55:03,181] {processor.py:161} INFO - Processing /home/airflow/.local/lib/python3.7/site-packages/airflow/example_dags/example_latest_only_with_trigger.py took 0.393 seconds
[2022-11-02 16:55:33,417] {processor.py:153} INFO - Started process (PID=476) to work on /home/airflow/.local/lib/python3.7/site-packages/airflow/example_dags/example_latest_only_with_trigger.py
[2022-11-02 16:55:33,418] {processor.py:641} INFO - Processing file /home/airflow/.local/lib/python3.7/site-packages/airflow/example_dags/example_latest_only_with_trigger.py for tasks to queue
[2022-11-02 16:55:33,419] {logging_mixin.py:115} INFO - [2022-11-02 16:55:33,419] {dagbag.py:508} INFO - Filling up the DagBag from /home/airflow/.local/lib/python3.7/site-packages/airflow/example_dags/example_latest_only_with_trigger.py
[2022-11-02 16:55:33,428] {processor.py:651} INFO - DAG(s) dict_keys(['latest_only_with_trigger']) retrieved from /home/airflow/.local/lib/python3.7/site-packages/airflow/example_dags/example_latest_only_with_trigger.py
[2022-11-02 16:55:33,475] {logging_mixin.py:115} INFO - [2022-11-02 16:55:33,475] {dag.py:2420} INFO - Sync 1 DAGs
[2022-11-02 16:55:33,742] {logging_mixin.py:115} INFO - [2022-11-02 16:55:33,742] {dag.py:2972} INFO - Setting next_dagrun for latest_only_with_trigger to 2022-11-02T12:55:33.742085+00:00, run_after=2022-11-02T16:55:33.742085+00:00
[2022-11-02 16:55:33,766] {processor.py:161} INFO - Processing /home/airflow/.local/lib/python3.7/site-packages/airflow/example_dags/example_latest_only_with_trigger.py took 0.354 seconds
[2022-11-02 16:56:04,708] {processor.py:153} INFO - Started process (PID=530) to work on /home/airflow/.local/lib/python3.7/site-packages/airflow/example_dags/example_latest_only_with_trigger.py
[2022-11-02 16:56:04,710] {processor.py:641} INFO - Processing file /home/airflow/.local/lib/python3.7/site-packages/airflow/example_dags/example_latest_only_with_trigger.py for tasks to queue
[2022-11-02 16:56:04,712] {logging_mixin.py:115} INFO - [2022-11-02 16:56:04,711] {dagbag.py:508} INFO - Filling up the DagBag from /home/airflow/.local/lib/python3.7/site-packages/airflow/example_dags/example_latest_only_with_trigger.py
[2022-11-02 16:56:04,731] {processor.py:651} INFO - DAG(s) dict_keys(['latest_only_with_trigger']) retrieved from /home/airflow/.local/lib/python3.7/site-packages/airflow/example_dags/example_latest_only_with_trigger.py
[2022-11-02 16:56:04,798] {logging_mixin.py:115} INFO - [2022-11-02 16:56:04,798] {dag.py:2420} INFO - Sync 1 DAGs
[2022-11-02 16:56:05,152] {logging_mixin.py:115} INFO - [2022-11-02 16:56:05,152] {dag.py:2972} INFO - Setting next_dagrun for latest_only_with_trigger to 2022-11-02T12:56:05.152316+00:00, run_after=2022-11-02T16:56:05.152316+00:00
[2022-11-02 16:56:05,183] {processor.py:161} INFO - Processing /home/airflow/.local/lib/python3.7/site-packages/airflow/example_dags/example_latest_only_with_trigger.py took 0.485 seconds
[2022-11-02 16:56:36,197] {processor.py:153} INFO - Started process (PID=593) to work on /home/airflow/.local/lib/python3.7/site-packages/airflow/example_dags/example_latest_only_with_trigger.py
[2022-11-02 16:56:36,198] {processor.py:641} INFO - Processing file /home/airflow/.local/lib/python3.7/site-packages/airflow/example_dags/example_latest_only_with_trigger.py for tasks to queue
[2022-11-02 16:56:36,199] {logging_mixin.py:115} INFO - [2022-11-02 16:56:36,199] {dagbag.py:508} INFO - Filling up the DagBag from /home/airflow/.local/lib/python3.7/site-packages/airflow/example_dags/example_latest_only_with_trigger.py
[2022-11-02 16:56:36,207] {processor.py:651} INFO - DAG(s) dict_keys(['latest_only_with_trigger']) retrieved from /home/airflow/.local/lib/python3.7/site-packages/airflow/example_dags/example_latest_only_with_trigger.py
[2022-11-02 16:56:36,255] {logging_mixin.py:115} INFO - [2022-11-02 16:56:36,255] {dag.py:2420} INFO - Sync 1 DAGs
[2022-11-02 16:56:36,521] {logging_mixin.py:115} INFO - [2022-11-02 16:56:36,520] {dag.py:2972} INFO - Setting next_dagrun for latest_only_with_trigger to 2022-11-02T12:56:36.520231+00:00, run_after=2022-11-02T16:56:36.520231+00:00
[2022-11-02 16:56:36,547] {processor.py:161} INFO - Processing /home/airflow/.local/lib/python3.7/site-packages/airflow/example_dags/example_latest_only_with_trigger.py took 0.355 seconds
[2022-11-02 16:57:07,196] {processor.py:153} INFO - Started process (PID=647) to work on /home/airflow/.local/lib/python3.7/site-packages/airflow/example_dags/example_latest_only_with_trigger.py
[2022-11-02 16:57:07,197] {processor.py:641} INFO - Processing file /home/airflow/.local/lib/python3.7/site-packages/airflow/example_dags/example_latest_only_with_trigger.py for tasks to queue
[2022-11-02 16:57:07,197] {logging_mixin.py:115} INFO - [2022-11-02 16:57:07,197] {dagbag.py:508} INFO - Filling up the DagBag from /home/airflow/.local/lib/python3.7/site-packages/airflow/example_dags/example_latest_only_with_trigger.py
[2022-11-02 16:57:07,207] {processor.py:651} INFO - DAG(s) dict_keys(['latest_only_with_trigger']) retrieved from /home/airflow/.local/lib/python3.7/site-packages/airflow/example_dags/example_latest_only_with_trigger.py
[2022-11-02 16:57:07,256] {logging_mixin.py:115} INFO - [2022-11-02 16:57:07,256] {dag.py:2420} INFO - Sync 1 DAGs
[2022-11-02 16:57:07,541] {logging_mixin.py:115} INFO - [2022-11-02 16:57:07,541] {dag.py:2972} INFO - Setting next_dagrun for latest_only_with_trigger to 2022-11-02T12:57:07.541206+00:00, run_after=2022-11-02T16:57:07.541206+00:00
[2022-11-02 16:57:07,570] {processor.py:161} INFO - Processing /home/airflow/.local/lib/python3.7/site-packages/airflow/example_dags/example_latest_only_with_trigger.py took 0.380 seconds
[2022-11-02 16:57:37,972] {processor.py:153} INFO - Started process (PID=701) to work on /home/airflow/.local/lib/python3.7/site-packages/airflow/example_dags/example_latest_only_with_trigger.py
[2022-11-02 16:57:37,974] {processor.py:641} INFO - Processing file /home/airflow/.local/lib/python3.7/site-packages/airflow/example_dags/example_latest_only_with_trigger.py for tasks to queue
[2022-11-02 16:57:37,975] {logging_mixin.py:115} INFO - [2022-11-02 16:57:37,975] {dagbag.py:508} INFO - Filling up the DagBag from /home/airflow/.local/lib/python3.7/site-packages/airflow/example_dags/example_latest_only_with_trigger.py
[2022-11-02 16:57:37,984] {processor.py:651} INFO - DAG(s) dict_keys(['latest_only_with_trigger']) retrieved from /home/airflow/.local/lib/python3.7/site-packages/airflow/example_dags/example_latest_only_with_trigger.py
[2022-11-02 16:57:38,044] {logging_mixin.py:115} INFO - [2022-11-02 16:57:38,044] {dag.py:2420} INFO - Sync 1 DAGs
[2022-11-02 16:57:38,415] {logging_mixin.py:115} INFO - [2022-11-02 16:57:38,415] {dag.py:2972} INFO - Setting next_dagrun for latest_only_with_trigger to 2022-11-02T12:57:38.415094+00:00, run_after=2022-11-02T16:57:38.415094+00:00
[2022-11-02 16:57:38,443] {processor.py:161} INFO - Processing /home/airflow/.local/lib/python3.7/site-packages/airflow/example_dags/example_latest_only_with_trigger.py took 0.476 seconds
[2022-11-02 16:58:08,997] {processor.py:153} INFO - Started process (PID=764) to work on /home/airflow/.local/lib/python3.7/site-packages/airflow/example_dags/example_latest_only_with_trigger.py
[2022-11-02 16:58:08,998] {processor.py:641} INFO - Processing file /home/airflow/.local/lib/python3.7/site-packages/airflow/example_dags/example_latest_only_with_trigger.py for tasks to queue
[2022-11-02 16:58:08,999] {logging_mixin.py:115} INFO - [2022-11-02 16:58:08,999] {dagbag.py:508} INFO - Filling up the DagBag from /home/airflow/.local/lib/python3.7/site-packages/airflow/example_dags/example_latest_only_with_trigger.py
[2022-11-02 16:58:09,008] {processor.py:651} INFO - DAG(s) dict_keys(['latest_only_with_trigger']) retrieved from /home/airflow/.local/lib/python3.7/site-packages/airflow/example_dags/example_latest_only_with_trigger.py
[2022-11-02 16:58:09,062] {logging_mixin.py:115} INFO - [2022-11-02 16:58:09,061] {dag.py:2420} INFO - Sync 1 DAGs
[2022-11-02 16:58:09,330] {logging_mixin.py:115} INFO - [2022-11-02 16:58:09,329] {dag.py:2972} INFO - Setting next_dagrun for latest_only_with_trigger to 2022-11-02T12:58:09.329303+00:00, run_after=2022-11-02T16:58:09.329303+00:00
[2022-11-02 16:58:09,374] {processor.py:161} INFO - Processing /home/airflow/.local/lib/python3.7/site-packages/airflow/example_dags/example_latest_only_with_trigger.py took 0.382 seconds
[2022-11-02 16:58:40,174] {processor.py:153} INFO - Started process (PID=818) to work on /home/airflow/.local/lib/python3.7/site-packages/airflow/example_dags/example_latest_only_with_trigger.py
[2022-11-02 16:58:40,175] {processor.py:641} INFO - Processing file /home/airflow/.local/lib/python3.7/site-packages/airflow/example_dags/example_latest_only_with_trigger.py for tasks to queue
[2022-11-02 16:58:40,175] {logging_mixin.py:115} INFO - [2022-11-02 16:58:40,175] {dagbag.py:508} INFO - Filling up the DagBag from /home/airflow/.local/lib/python3.7/site-packages/airflow/example_dags/example_latest_only_with_trigger.py
[2022-11-02 16:58:40,183] {processor.py:651} INFO - DAG(s) dict_keys(['latest_only_with_trigger']) retrieved from /home/airflow/.local/lib/python3.7/site-packages/airflow/example_dags/example_latest_only_with_trigger.py
[2022-11-02 16:58:40,239] {logging_mixin.py:115} INFO - [2022-11-02 16:58:40,238] {dag.py:2420} INFO - Sync 1 DAGs
[2022-11-02 16:58:40,535] {logging_mixin.py:115} INFO - [2022-11-02 16:58:40,535] {dag.py:2972} INFO - Setting next_dagrun for latest_only_with_trigger to 2022-11-02T12:58:40.535130+00:00, run_after=2022-11-02T16:58:40.535130+00:00
[2022-11-02 16:58:40,572] {processor.py:161} INFO - Processing /home/airflow/.local/lib/python3.7/site-packages/airflow/example_dags/example_latest_only_with_trigger.py took 0.403 seconds
[2022-11-02 16:59:11,401] {processor.py:153} INFO - Started process (PID=881) to work on /home/airflow/.local/lib/python3.7/site-packages/airflow/example_dags/example_latest_only_with_trigger.py
[2022-11-02 16:59:11,403] {processor.py:641} INFO - Processing file /home/airflow/.local/lib/python3.7/site-packages/airflow/example_dags/example_latest_only_with_trigger.py for tasks to queue
[2022-11-02 16:59:11,404] {logging_mixin.py:115} INFO - [2022-11-02 16:59:11,403] {dagbag.py:508} INFO - Filling up the DagBag from /home/airflow/.local/lib/python3.7/site-packages/airflow/example_dags/example_latest_only_with_trigger.py
[2022-11-02 16:59:11,419] {processor.py:651} INFO - DAG(s) dict_keys(['latest_only_with_trigger']) retrieved from /home/airflow/.local/lib/python3.7/site-packages/airflow/example_dags/example_latest_only_with_trigger.py
[2022-11-02 16:59:11,496] {logging_mixin.py:115} INFO - [2022-11-02 16:59:11,496] {dag.py:2420} INFO - Sync 1 DAGs
[2022-11-02 16:59:11,825] {logging_mixin.py:115} INFO - [2022-11-02 16:59:11,825] {dag.py:2972} INFO - Setting next_dagrun for latest_only_with_trigger to 2022-11-02T12:59:11.824666+00:00, run_after=2022-11-02T16:59:11.824666+00:00
[2022-11-02 16:59:11,856] {processor.py:161} INFO - Processing /home/airflow/.local/lib/python3.7/site-packages/airflow/example_dags/example_latest_only_with_trigger.py took 0.464 seconds
[2022-11-02 16:59:42,143] {processor.py:153} INFO - Started process (PID=934) to work on /home/airflow/.local/lib/python3.7/site-packages/airflow/example_dags/example_latest_only_with_trigger.py
[2022-11-02 16:59:42,144] {processor.py:641} INFO - Processing file /home/airflow/.local/lib/python3.7/site-packages/airflow/example_dags/example_latest_only_with_trigger.py for tasks to queue
[2022-11-02 16:59:42,145] {logging_mixin.py:115} INFO - [2022-11-02 16:59:42,145] {dagbag.py:508} INFO - Filling up the DagBag from /home/airflow/.local/lib/python3.7/site-packages/airflow/example_dags/example_latest_only_with_trigger.py
[2022-11-02 16:59:42,158] {processor.py:651} INFO - DAG(s) dict_keys(['latest_only_with_trigger']) retrieved from /home/airflow/.local/lib/python3.7/site-packages/airflow/example_dags/example_latest_only_with_trigger.py
[2022-11-02 16:59:42,221] {logging_mixin.py:115} INFO - [2022-11-02 16:59:42,221] {dag.py:2420} INFO - Sync 1 DAGs
[2022-11-02 16:59:42,467] {logging_mixin.py:115} INFO - [2022-11-02 16:59:42,467] {dag.py:2972} INFO - Setting next_dagrun for latest_only_with_trigger to 2022-11-02T12:59:42.467030+00:00, run_after=2022-11-02T16:59:42.467030+00:00
[2022-11-02 16:59:42,492] {processor.py:161} INFO - Processing /home/airflow/.local/lib/python3.7/site-packages/airflow/example_dags/example_latest_only_with_trigger.py took 0.356 seconds
[2022-11-02 17:00:13,220] {processor.py:153} INFO - Started process (PID=986) to work on /home/airflow/.local/lib/python3.7/site-packages/airflow/example_dags/example_latest_only_with_trigger.py
[2022-11-02 17:00:13,221] {processor.py:641} INFO - Processing file /home/airflow/.local/lib/python3.7/site-packages/airflow/example_dags/example_latest_only_with_trigger.py for tasks to queue
[2022-11-02 17:00:13,222] {logging_mixin.py:115} INFO - [2022-11-02 17:00:13,222] {dagbag.py:508} INFO - Filling up the DagBag from /home/airflow/.local/lib/python3.7/site-packages/airflow/example_dags/example_latest_only_with_trigger.py
[2022-11-02 17:00:13,230] {processor.py:651} INFO - DAG(s) dict_keys(['latest_only_with_trigger']) retrieved from /home/airflow/.local/lib/python3.7/site-packages/airflow/example_dags/example_latest_only_with_trigger.py
[2022-11-02 17:00:13,288] {logging_mixin.py:115} INFO - [2022-11-02 17:00:13,288] {dag.py:2420} INFO - Sync 1 DAGs
[2022-11-02 17:00:13,600] {logging_mixin.py:115} INFO - [2022-11-02 17:00:13,599] {dag.py:2972} INFO - Setting next_dagrun for latest_only_with_trigger to 2022-11-02T13:00:13.599386+00:00, run_after=2022-11-02T17:00:13.599386+00:00
[2022-11-02 17:00:13,635] {processor.py:161} INFO - Processing /home/airflow/.local/lib/python3.7/site-packages/airflow/example_dags/example_latest_only_with_trigger.py took 0.419 seconds
[2022-11-02 17:00:44,046] {processor.py:153} INFO - Started process (PID=1041) to work on /home/airflow/.local/lib/python3.7/site-packages/airflow/example_dags/example_latest_only_with_trigger.py
[2022-11-02 17:00:44,047] {processor.py:641} INFO - Processing file /home/airflow/.local/lib/python3.7/site-packages/airflow/example_dags/example_latest_only_with_trigger.py for tasks to queue
[2022-11-02 17:00:44,048] {logging_mixin.py:115} INFO - [2022-11-02 17:00:44,048] {dagbag.py:508} INFO - Filling up the DagBag from /home/airflow/.local/lib/python3.7/site-packages/airflow/example_dags/example_latest_only_with_trigger.py
[2022-11-02 17:00:44,056] {processor.py:651} INFO - DAG(s) dict_keys(['latest_only_with_trigger']) retrieved from /home/airflow/.local/lib/python3.7/site-packages/airflow/example_dags/example_latest_only_with_trigger.py
[2022-11-02 17:00:44,118] {logging_mixin.py:115} INFO - [2022-11-02 17:00:44,118] {dag.py:2420} INFO - Sync 1 DAGs
[2022-11-02 17:00:44,377] {logging_mixin.py:115} INFO - [2022-11-02 17:00:44,377] {dag.py:2972} INFO - Setting next_dagrun for latest_only_with_trigger to 2022-11-02T13:00:44.376720+00:00, run_after=2022-11-02T17:00:44.376720+00:00
[2022-11-02 17:00:44,404] {processor.py:161} INFO - Processing /home/airflow/.local/lib/python3.7/site-packages/airflow/example_dags/example_latest_only_with_trigger.py took 0.363 seconds
[2022-11-02 17:01:15,147] {processor.py:153} INFO - Started process (PID=1102) to work on /home/airflow/.local/lib/python3.7/site-packages/airflow/example_dags/example_latest_only_with_trigger.py
[2022-11-02 17:01:15,148] {processor.py:641} INFO - Processing file /home/airflow/.local/lib/python3.7/site-packages/airflow/example_dags/example_latest_only_with_trigger.py for tasks to queue
[2022-11-02 17:01:15,150] {logging_mixin.py:115} INFO - [2022-11-02 17:01:15,150] {dagbag.py:508} INFO - Filling up the DagBag from /home/airflow/.local/lib/python3.7/site-packages/airflow/example_dags/example_latest_only_with_trigger.py
[2022-11-02 17:01:15,167] {processor.py:651} INFO - DAG(s) dict_keys(['latest_only_with_trigger']) retrieved from /home/airflow/.local/lib/python3.7/site-packages/airflow/example_dags/example_latest_only_with_trigger.py
[2022-11-02 17:01:15,239] {logging_mixin.py:115} INFO - [2022-11-02 17:01:15,239] {dag.py:2420} INFO - Sync 1 DAGs
[2022-11-02 17:01:15,513] {logging_mixin.py:115} INFO - [2022-11-02 17:01:15,513] {dag.py:2972} INFO - Setting next_dagrun for latest_only_with_trigger to 2022-11-02T13:01:15.513075+00:00, run_after=2022-11-02T17:01:15.513075+00:00
[2022-11-02 17:01:15,535] {processor.py:161} INFO - Processing /home/airflow/.local/lib/python3.7/site-packages/airflow/example_dags/example_latest_only_with_trigger.py took 0.397 seconds
[2022-11-02 17:01:46,462] {processor.py:153} INFO - Started process (PID=1157) to work on /home/airflow/.local/lib/python3.7/site-packages/airflow/example_dags/example_latest_only_with_trigger.py
[2022-11-02 17:01:46,463] {processor.py:641} INFO - Processing file /home/airflow/.local/lib/python3.7/site-packages/airflow/example_dags/example_latest_only_with_trigger.py for tasks to queue
[2022-11-02 17:01:46,463] {logging_mixin.py:115} INFO - [2022-11-02 17:01:46,463] {dagbag.py:508} INFO - Filling up the DagBag from /home/airflow/.local/lib/python3.7/site-packages/airflow/example_dags/example_latest_only_with_trigger.py
[2022-11-02 17:01:46,475] {processor.py:651} INFO - DAG(s) dict_keys(['latest_only_with_trigger']) retrieved from /home/airflow/.local/lib/python3.7/site-packages/airflow/example_dags/example_latest_only_with_trigger.py
[2022-11-02 17:01:46,524] {logging_mixin.py:115} INFO - [2022-11-02 17:01:46,523] {dag.py:2420} INFO - Sync 1 DAGs
[2022-11-02 17:01:46,779] {logging_mixin.py:115} INFO - [2022-11-02 17:01:46,779] {dag.py:2972} INFO - Setting next_dagrun for latest_only_with_trigger to 2022-11-02T13:01:46.778843+00:00, run_after=2022-11-02T17:01:46.778843+00:00
[2022-11-02 17:01:46,804] {processor.py:161} INFO - Processing /home/airflow/.local/lib/python3.7/site-packages/airflow/example_dags/example_latest_only_with_trigger.py took 0.348 seconds
[2022-11-02 17:02:58,222] {processor.py:153} INFO - Started process (PID=1204) to work on /home/airflow/.local/lib/python3.7/site-packages/airflow/example_dags/example_latest_only_with_trigger.py
[2022-11-02 17:02:58,223] {processor.py:641} INFO - Processing file /home/airflow/.local/lib/python3.7/site-packages/airflow/example_dags/example_latest_only_with_trigger.py for tasks to queue
[2022-11-02 17:02:58,224] {logging_mixin.py:115} INFO - [2022-11-02 17:02:58,224] {dagbag.py:508} INFO - Filling up the DagBag from /home/airflow/.local/lib/python3.7/site-packages/airflow/example_dags/example_latest_only_with_trigger.py
[2022-11-02 17:02:58,234] {processor.py:651} INFO - DAG(s) dict_keys(['latest_only_with_trigger']) retrieved from /home/airflow/.local/lib/python3.7/site-packages/airflow/example_dags/example_latest_only_with_trigger.py
[2022-11-02 17:02:58,286] {logging_mixin.py:115} INFO - [2022-11-02 17:02:58,286] {dag.py:2420} INFO - Sync 1 DAGs
[2022-11-02 17:02:58,602] {logging_mixin.py:115} INFO - [2022-11-02 17:02:58,602] {dag.py:2972} INFO - Setting next_dagrun for latest_only_with_trigger to 2022-11-02T13:02:58.601826+00:00, run_after=2022-11-02T17:02:58.601826+00:00
[2022-11-02 17:02:58,628] {processor.py:161} INFO - Processing /home/airflow/.local/lib/python3.7/site-packages/airflow/example_dags/example_latest_only_with_trigger.py took 0.411 seconds
[2022-11-02 17:03:28,728] {processor.py:153} INFO - Started process (PID=1259) to work on /home/airflow/.local/lib/python3.7/site-packages/airflow/example_dags/example_latest_only_with_trigger.py
[2022-11-02 17:03:28,729] {processor.py:641} INFO - Processing file /home/airflow/.local/lib/python3.7/site-packages/airflow/example_dags/example_latest_only_with_trigger.py for tasks to queue
[2022-11-02 17:03:28,730] {logging_mixin.py:115} INFO - [2022-11-02 17:03:28,730] {dagbag.py:508} INFO - Filling up the DagBag from /home/airflow/.local/lib/python3.7/site-packages/airflow/example_dags/example_latest_only_with_trigger.py
[2022-11-02 17:03:28,740] {processor.py:651} INFO - DAG(s) dict_keys(['latest_only_with_trigger']) retrieved from /home/airflow/.local/lib/python3.7/site-packages/airflow/example_dags/example_latest_only_with_trigger.py
[2022-11-02 17:03:28,797] {logging_mixin.py:115} INFO - [2022-11-02 17:03:28,796] {dag.py:2420} INFO - Sync 1 DAGs
[2022-11-02 17:03:29,092] {logging_mixin.py:115} INFO - [2022-11-02 17:03:29,091] {dag.py:2972} INFO - Setting next_dagrun for latest_only_with_trigger to 2022-11-02T13:03:29.091477+00:00, run_after=2022-11-02T17:03:29.091477+00:00
[2022-11-02 17:03:29,123] {processor.py:161} INFO - Processing /home/airflow/.local/lib/python3.7/site-packages/airflow/example_dags/example_latest_only_with_trigger.py took 0.400 seconds
[2022-11-02 17:04:00,444] {processor.py:153} INFO - Started process (PID=1320) to work on /home/airflow/.local/lib/python3.7/site-packages/airflow/example_dags/example_latest_only_with_trigger.py
[2022-11-02 17:04:00,445] {processor.py:641} INFO - Processing file /home/airflow/.local/lib/python3.7/site-packages/airflow/example_dags/example_latest_only_with_trigger.py for tasks to queue
[2022-11-02 17:04:00,449] {logging_mixin.py:115} INFO - [2022-11-02 17:04:00,448] {dagbag.py:508} INFO - Filling up the DagBag from /home/airflow/.local/lib/python3.7/site-packages/airflow/example_dags/example_latest_only_with_trigger.py
[2022-11-02 17:04:00,465] {processor.py:651} INFO - DAG(s) dict_keys(['latest_only_with_trigger']) retrieved from /home/airflow/.local/lib/python3.7/site-packages/airflow/example_dags/example_latest_only_with_trigger.py
[2022-11-02 17:04:00,533] {logging_mixin.py:115} INFO - [2022-11-02 17:04:00,533] {dag.py:2420} INFO - Sync 1 DAGs
[2022-11-02 17:04:00,914] {logging_mixin.py:115} INFO - [2022-11-02 17:04:00,913] {dag.py:2972} INFO - Setting next_dagrun for latest_only_with_trigger to 2022-11-02T13:04:00.913024+00:00, run_after=2022-11-02T17:04:00.913024+00:00
[2022-11-02 17:04:00,963] {processor.py:161} INFO - Processing /home/airflow/.local/lib/python3.7/site-packages/airflow/example_dags/example_latest_only_with_trigger.py took 0.526 seconds
[2022-11-02 17:04:31,241] {processor.py:153} INFO - Started process (PID=1375) to work on /home/airflow/.local/lib/python3.7/site-packages/airflow/example_dags/example_latest_only_with_trigger.py
[2022-11-02 17:04:31,242] {processor.py:641} INFO - Processing file /home/airflow/.local/lib/python3.7/site-packages/airflow/example_dags/example_latest_only_with_trigger.py for tasks to queue
[2022-11-02 17:04:31,243] {logging_mixin.py:115} INFO - [2022-11-02 17:04:31,243] {dagbag.py:508} INFO - Filling up the DagBag from /home/airflow/.local/lib/python3.7/site-packages/airflow/example_dags/example_latest_only_with_trigger.py
[2022-11-02 17:04:31,255] {processor.py:651} INFO - DAG(s) dict_keys(['latest_only_with_trigger']) retrieved from /home/airflow/.local/lib/python3.7/site-packages/airflow/example_dags/example_latest_only_with_trigger.py
[2022-11-02 17:04:31,310] {logging_mixin.py:115} INFO - [2022-11-02 17:04:31,310] {dag.py:2420} INFO - Sync 1 DAGs
[2022-11-02 17:04:31,520] {logging_mixin.py:115} INFO - [2022-11-02 17:04:31,520] {dag.py:2972} INFO - Setting next_dagrun for latest_only_with_trigger to 2022-11-02T13:04:31.519910+00:00, run_after=2022-11-02T17:04:31.519910+00:00
[2022-11-02 17:04:31,544] {processor.py:161} INFO - Processing /home/airflow/.local/lib/python3.7/site-packages/airflow/example_dags/example_latest_only_with_trigger.py took 0.309 seconds
[2022-11-02 17:05:01,929] {processor.py:153} INFO - Started process (PID=1429) to work on /home/airflow/.local/lib/python3.7/site-packages/airflow/example_dags/example_latest_only_with_trigger.py
[2022-11-02 17:05:01,931] {processor.py:641} INFO - Processing file /home/airflow/.local/lib/python3.7/site-packages/airflow/example_dags/example_latest_only_with_trigger.py for tasks to queue
[2022-11-02 17:05:01,933] {logging_mixin.py:115} INFO - [2022-11-02 17:05:01,933] {dagbag.py:508} INFO - Filling up the DagBag from /home/airflow/.local/lib/python3.7/site-packages/airflow/example_dags/example_latest_only_with_trigger.py
[2022-11-02 17:05:01,952] {processor.py:651} INFO - DAG(s) dict_keys(['latest_only_with_trigger']) retrieved from /home/airflow/.local/lib/python3.7/site-packages/airflow/example_dags/example_latest_only_with_trigger.py
[2022-11-02 17:05:02,035] {logging_mixin.py:115} INFO - [2022-11-02 17:05:02,035] {dag.py:2420} INFO - Sync 1 DAGs
[2022-11-02 17:05:02,351] {logging_mixin.py:115} INFO - [2022-11-02 17:05:02,351] {dag.py:2972} INFO - Setting next_dagrun for latest_only_with_trigger to 2022-11-02T13:05:02.351010+00:00, run_after=2022-11-02T17:05:02.351010+00:00
[2022-11-02 17:05:02,382] {processor.py:161} INFO - Processing /home/airflow/.local/lib/python3.7/site-packages/airflow/example_dags/example_latest_only_with_trigger.py took 0.463 seconds
[2022-11-02 17:05:32,710] {processor.py:153} INFO - Started process (PID=1482) to work on /home/airflow/.local/lib/python3.7/site-packages/airflow/example_dags/example_latest_only_with_trigger.py
[2022-11-02 17:05:32,711] {processor.py:641} INFO - Processing file /home/airflow/.local/lib/python3.7/site-packages/airflow/example_dags/example_latest_only_with_trigger.py for tasks to queue
[2022-11-02 17:05:32,712] {logging_mixin.py:115} INFO - [2022-11-02 17:05:32,712] {dagbag.py:508} INFO - Filling up the DagBag from /home/airflow/.local/lib/python3.7/site-packages/airflow/example_dags/example_latest_only_with_trigger.py
[2022-11-02 17:05:32,723] {processor.py:651} INFO - DAG(s) dict_keys(['latest_only_with_trigger']) retrieved from /home/airflow/.local/lib/python3.7/site-packages/airflow/example_dags/example_latest_only_with_trigger.py
[2022-11-02 17:05:32,778] {logging_mixin.py:115} INFO - [2022-11-02 17:05:32,777] {dag.py:2420} INFO - Sync 1 DAGs
[2022-11-02 17:05:33,054] {logging_mixin.py:115} INFO - [2022-11-02 17:05:33,054] {dag.py:2972} INFO - Setting next_dagrun for latest_only_with_trigger to 2022-11-02T13:05:33.053790+00:00, run_after=2022-11-02T17:05:33.053790+00:00
[2022-11-02 17:05:33,081] {processor.py:161} INFO - Processing /home/airflow/.local/lib/python3.7/site-packages/airflow/example_dags/example_latest_only_with_trigger.py took 0.376 seconds
[2022-11-02 17:06:04,225] {processor.py:153} INFO - Started process (PID=1544) to work on /home/airflow/.local/lib/python3.7/site-packages/airflow/example_dags/example_latest_only_with_trigger.py
[2022-11-02 17:06:04,230] {processor.py:641} INFO - Processing file /home/airflow/.local/lib/python3.7/site-packages/airflow/example_dags/example_latest_only_with_trigger.py for tasks to queue
[2022-11-02 17:06:04,232] {logging_mixin.py:115} INFO - [2022-11-02 17:06:04,232] {dagbag.py:508} INFO - Filling up the DagBag from /home/airflow/.local/lib/python3.7/site-packages/airflow/example_dags/example_latest_only_with_trigger.py
[2022-11-02 17:06:04,254] {processor.py:651} INFO - DAG(s) dict_keys(['latest_only_with_trigger']) retrieved from /home/airflow/.local/lib/python3.7/site-packages/airflow/example_dags/example_latest_only_with_trigger.py
[2022-11-02 17:06:04,376] {logging_mixin.py:115} INFO - [2022-11-02 17:06:04,375] {dag.py:2420} INFO - Sync 1 DAGs
[2022-11-02 17:06:04,698] {logging_mixin.py:115} INFO - [2022-11-02 17:06:04,698] {dag.py:2972} INFO - Setting next_dagrun for latest_only_with_trigger to 2022-11-02T13:06:04.697762+00:00, run_after=2022-11-02T17:06:04.697762+00:00
[2022-11-02 17:06:04,720] {processor.py:161} INFO - Processing /home/airflow/.local/lib/python3.7/site-packages/airflow/example_dags/example_latest_only_with_trigger.py took 0.505 seconds
[2022-11-02 17:06:35,114] {processor.py:153} INFO - Started process (PID=1597) to work on /home/airflow/.local/lib/python3.7/site-packages/airflow/example_dags/example_latest_only_with_trigger.py
[2022-11-02 17:06:35,115] {processor.py:641} INFO - Processing file /home/airflow/.local/lib/python3.7/site-packages/airflow/example_dags/example_latest_only_with_trigger.py for tasks to queue
[2022-11-02 17:06:35,116] {logging_mixin.py:115} INFO - [2022-11-02 17:06:35,116] {dagbag.py:508} INFO - Filling up the DagBag from /home/airflow/.local/lib/python3.7/site-packages/airflow/example_dags/example_latest_only_with_trigger.py
[2022-11-02 17:06:35,124] {processor.py:651} INFO - DAG(s) dict_keys(['latest_only_with_trigger']) retrieved from /home/airflow/.local/lib/python3.7/site-packages/airflow/example_dags/example_latest_only_with_trigger.py
[2022-11-02 17:06:35,171] {logging_mixin.py:115} INFO - [2022-11-02 17:06:35,171] {dag.py:2420} INFO - Sync 1 DAGs
[2022-11-02 17:06:35,381] {logging_mixin.py:115} INFO - [2022-11-02 17:06:35,380] {dag.py:2972} INFO - Setting next_dagrun for latest_only_with_trigger to 2022-11-02T13:06:35.380553+00:00, run_after=2022-11-02T17:06:35.380553+00:00
[2022-11-02 17:06:35,404] {processor.py:161} INFO - Processing /home/airflow/.local/lib/python3.7/site-packages/airflow/example_dags/example_latest_only_with_trigger.py took 0.295 seconds
[2022-11-02 17:07:06,299] {processor.py:153} INFO - Started process (PID=1652) to work on /home/airflow/.local/lib/python3.7/site-packages/airflow/example_dags/example_latest_only_with_trigger.py
[2022-11-02 17:07:06,301] {processor.py:641} INFO - Processing file /home/airflow/.local/lib/python3.7/site-packages/airflow/example_dags/example_latest_only_with_trigger.py for tasks to queue
[2022-11-02 17:07:06,302] {logging_mixin.py:115} INFO - [2022-11-02 17:07:06,302] {dagbag.py:508} INFO - Filling up the DagBag from /home/airflow/.local/lib/python3.7/site-packages/airflow/example_dags/example_latest_only_with_trigger.py
[2022-11-02 17:07:06,317] {processor.py:651} INFO - DAG(s) dict_keys(['latest_only_with_trigger']) retrieved from /home/airflow/.local/lib/python3.7/site-packages/airflow/example_dags/example_latest_only_with_trigger.py
[2022-11-02 17:07:06,663] {logging_mixin.py:115} INFO - [2022-11-02 17:07:06,663] {dag.py:2420} INFO - Sync 1 DAGs
[2022-11-02 17:07:06,710] {logging_mixin.py:115} INFO - [2022-11-02 17:07:06,710] {dag.py:2972} INFO - Setting next_dagrun for latest_only_with_trigger to 2022-11-02T13:07:06.710385+00:00, run_after=2022-11-02T17:07:06.710385+00:00
[2022-11-02 17:07:06,733] {processor.py:161} INFO - Processing /home/airflow/.local/lib/python3.7/site-packages/airflow/example_dags/example_latest_only_with_trigger.py took 0.441 seconds
[2022-11-02 17:07:37,261] {processor.py:153} INFO - Started process (PID=1706) to work on /home/airflow/.local/lib/python3.7/site-packages/airflow/example_dags/example_latest_only_with_trigger.py
[2022-11-02 17:07:37,262] {processor.py:641} INFO - Processing file /home/airflow/.local/lib/python3.7/site-packages/airflow/example_dags/example_latest_only_with_trigger.py for tasks to queue
[2022-11-02 17:07:37,263] {logging_mixin.py:115} INFO - [2022-11-02 17:07:37,263] {dagbag.py:508} INFO - Filling up the DagBag from /home/airflow/.local/lib/python3.7/site-packages/airflow/example_dags/example_latest_only_with_trigger.py
[2022-11-02 17:07:37,271] {processor.py:651} INFO - DAG(s) dict_keys(['latest_only_with_trigger']) retrieved from /home/airflow/.local/lib/python3.7/site-packages/airflow/example_dags/example_latest_only_with_trigger.py
[2022-11-02 17:07:37,590] {logging_mixin.py:115} INFO - [2022-11-02 17:07:37,589] {dag.py:2420} INFO - Sync 1 DAGs
[2022-11-02 17:07:37,642] {logging_mixin.py:115} INFO - [2022-11-02 17:07:37,642] {dag.py:2972} INFO - Setting next_dagrun for latest_only_with_trigger to 2022-11-02T13:07:37.641650+00:00, run_after=2022-11-02T17:07:37.641650+00:00
[2022-11-02 17:07:37,673] {processor.py:161} INFO - Processing /home/airflow/.local/lib/python3.7/site-packages/airflow/example_dags/example_latest_only_with_trigger.py took 0.416 seconds
[2022-11-02 17:08:07,814] {processor.py:153} INFO - Started process (PID=1769) to work on /home/airflow/.local/lib/python3.7/site-packages/airflow/example_dags/example_latest_only_with_trigger.py
[2022-11-02 17:08:07,815] {processor.py:641} INFO - Processing file /home/airflow/.local/lib/python3.7/site-packages/airflow/example_dags/example_latest_only_with_trigger.py for tasks to queue
[2022-11-02 17:08:07,816] {logging_mixin.py:115} INFO - [2022-11-02 17:08:07,816] {dagbag.py:508} INFO - Filling up the DagBag from /home/airflow/.local/lib/python3.7/site-packages/airflow/example_dags/example_latest_only_with_trigger.py
[2022-11-02 17:08:07,834] {processor.py:651} INFO - DAG(s) dict_keys(['latest_only_with_trigger']) retrieved from /home/airflow/.local/lib/python3.7/site-packages/airflow/example_dags/example_latest_only_with_trigger.py
[2022-11-02 17:08:08,297] {logging_mixin.py:115} INFO - [2022-11-02 17:08:08,297] {dag.py:2420} INFO - Sync 1 DAGs
[2022-11-02 17:08:08,354] {logging_mixin.py:115} INFO - [2022-11-02 17:08:08,353] {dag.py:2972} INFO - Setting next_dagrun for latest_only_with_trigger to 2022-11-02T13:08:08.353063+00:00, run_after=2022-11-02T17:08:08.353063+00:00
[2022-11-02 17:08:08,398] {processor.py:161} INFO - Processing /home/airflow/.local/lib/python3.7/site-packages/airflow/example_dags/example_latest_only_with_trigger.py took 0.594 seconds
[2022-11-02 17:08:38,675] {processor.py:153} INFO - Started process (PID=1820) to work on /home/airflow/.local/lib/python3.7/site-packages/airflow/example_dags/example_latest_only_with_trigger.py
[2022-11-02 17:08:38,676] {processor.py:641} INFO - Processing file /home/airflow/.local/lib/python3.7/site-packages/airflow/example_dags/example_latest_only_with_trigger.py for tasks to queue
[2022-11-02 17:08:38,676] {logging_mixin.py:115} INFO - [2022-11-02 17:08:38,676] {dagbag.py:508} INFO - Filling up the DagBag from /home/airflow/.local/lib/python3.7/site-packages/airflow/example_dags/example_latest_only_with_trigger.py
[2022-11-02 17:08:38,685] {processor.py:651} INFO - DAG(s) dict_keys(['latest_only_with_trigger']) retrieved from /home/airflow/.local/lib/python3.7/site-packages/airflow/example_dags/example_latest_only_with_trigger.py
[2022-11-02 17:08:39,021] {logging_mixin.py:115} INFO - [2022-11-02 17:08:39,021] {dag.py:2420} INFO - Sync 1 DAGs
[2022-11-02 17:08:39,067] {logging_mixin.py:115} INFO - [2022-11-02 17:08:39,067] {dag.py:2972} INFO - Setting next_dagrun for latest_only_with_trigger to 2022-11-02T13:08:39.067249+00:00, run_after=2022-11-02T17:08:39.067249+00:00
[2022-11-02 17:08:39,097] {processor.py:161} INFO - Processing /home/airflow/.local/lib/python3.7/site-packages/airflow/example_dags/example_latest_only_with_trigger.py took 0.429 seconds
[2022-11-02 17:09:09,144] {processor.py:153} INFO - Started process (PID=1874) to work on /home/airflow/.local/lib/python3.7/site-packages/airflow/example_dags/example_latest_only_with_trigger.py
[2022-11-02 17:09:09,145] {processor.py:641} INFO - Processing file /home/airflow/.local/lib/python3.7/site-packages/airflow/example_dags/example_latest_only_with_trigger.py for tasks to queue
[2022-11-02 17:09:09,146] {logging_mixin.py:115} INFO - [2022-11-02 17:09:09,146] {dagbag.py:508} INFO - Filling up the DagBag from /home/airflow/.local/lib/python3.7/site-packages/airflow/example_dags/example_latest_only_with_trigger.py
[2022-11-02 17:09:09,153] {processor.py:651} INFO - DAG(s) dict_keys(['latest_only_with_trigger']) retrieved from /home/airflow/.local/lib/python3.7/site-packages/airflow/example_dags/example_latest_only_with_trigger.py
[2022-11-02 17:09:09,448] {logging_mixin.py:115} INFO - [2022-11-02 17:09:09,448] {dag.py:2420} INFO - Sync 1 DAGs
[2022-11-02 17:09:09,501] {logging_mixin.py:115} INFO - [2022-11-02 17:09:09,501] {dag.py:2972} INFO - Setting next_dagrun for latest_only_with_trigger to 2022-11-02T13:09:09.500986+00:00, run_after=2022-11-02T17:09:09.500986+00:00
[2022-11-02 17:09:09,550] {processor.py:161} INFO - Processing /home/airflow/.local/lib/python3.7/site-packages/airflow/example_dags/example_latest_only_with_trigger.py took 0.410 seconds
[2022-11-02 17:09:40,506] {processor.py:153} INFO - Started process (PID=1928) to work on /home/airflow/.local/lib/python3.7/site-packages/airflow/example_dags/example_latest_only_with_trigger.py
[2022-11-02 17:09:40,507] {processor.py:641} INFO - Processing file /home/airflow/.local/lib/python3.7/site-packages/airflow/example_dags/example_latest_only_with_trigger.py for tasks to queue
[2022-11-02 17:09:40,509] {logging_mixin.py:115} INFO - [2022-11-02 17:09:40,508] {dagbag.py:508} INFO - Filling up the DagBag from /home/airflow/.local/lib/python3.7/site-packages/airflow/example_dags/example_latest_only_with_trigger.py
[2022-11-02 17:09:40,520] {processor.py:651} INFO - DAG(s) dict_keys(['latest_only_with_trigger']) retrieved from /home/airflow/.local/lib/python3.7/site-packages/airflow/example_dags/example_latest_only_with_trigger.py
[2022-11-02 17:09:40,853] {logging_mixin.py:115} INFO - [2022-11-02 17:09:40,853] {dag.py:2420} INFO - Sync 1 DAGs
[2022-11-02 17:09:40,901] {logging_mixin.py:115} INFO - [2022-11-02 17:09:40,901] {dag.py:2972} INFO - Setting next_dagrun for latest_only_with_trigger to 2022-11-02T13:09:40.900942+00:00, run_after=2022-11-02T17:09:40.900942+00:00
[2022-11-02 17:09:40,932] {processor.py:161} INFO - Processing /home/airflow/.local/lib/python3.7/site-packages/airflow/example_dags/example_latest_only_with_trigger.py took 0.432 seconds
[2022-11-02 17:10:11,761] {processor.py:153} INFO - Started process (PID=1990) to work on /home/airflow/.local/lib/python3.7/site-packages/airflow/example_dags/example_latest_only_with_trigger.py
[2022-11-02 17:10:11,763] {processor.py:641} INFO - Processing file /home/airflow/.local/lib/python3.7/site-packages/airflow/example_dags/example_latest_only_with_trigger.py for tasks to queue
[2022-11-02 17:10:11,764] {logging_mixin.py:115} INFO - [2022-11-02 17:10:11,764] {dagbag.py:508} INFO - Filling up the DagBag from /home/airflow/.local/lib/python3.7/site-packages/airflow/example_dags/example_latest_only_with_trigger.py
[2022-11-02 17:10:11,778] {processor.py:651} INFO - DAG(s) dict_keys(['latest_only_with_trigger']) retrieved from /home/airflow/.local/lib/python3.7/site-packages/airflow/example_dags/example_latest_only_with_trigger.py
[2022-11-02 17:10:12,128] {logging_mixin.py:115} INFO - [2022-11-02 17:10:12,128] {dag.py:2420} INFO - Sync 1 DAGs
[2022-11-02 17:10:12,172] {logging_mixin.py:115} INFO - [2022-11-02 17:10:12,172] {dag.py:2972} INFO - Setting next_dagrun for latest_only_with_trigger to 2022-11-02T13:10:12.171989+00:00, run_after=2022-11-02T17:10:12.171989+00:00
[2022-11-02 17:10:12,199] {processor.py:161} INFO - Processing /home/airflow/.local/lib/python3.7/site-packages/airflow/example_dags/example_latest_only_with_trigger.py took 0.443 seconds
[2022-11-02 17:10:42,588] {processor.py:153} INFO - Started process (PID=2044) to work on /home/airflow/.local/lib/python3.7/site-packages/airflow/example_dags/example_latest_only_with_trigger.py
[2022-11-02 17:10:42,589] {processor.py:641} INFO - Processing file /home/airflow/.local/lib/python3.7/site-packages/airflow/example_dags/example_latest_only_with_trigger.py for tasks to queue
[2022-11-02 17:10:42,590] {logging_mixin.py:115} INFO - [2022-11-02 17:10:42,590] {dagbag.py:508} INFO - Filling up the DagBag from /home/airflow/.local/lib/python3.7/site-packages/airflow/example_dags/example_latest_only_with_trigger.py
[2022-11-02 17:10:42,599] {processor.py:651} INFO - DAG(s) dict_keys(['latest_only_with_trigger']) retrieved from /home/airflow/.local/lib/python3.7/site-packages/airflow/example_dags/example_latest_only_with_trigger.py
[2022-11-02 17:10:42,929] {logging_mixin.py:115} INFO - [2022-11-02 17:10:42,929] {dag.py:2420} INFO - Sync 1 DAGs
[2022-11-02 17:10:42,982] {logging_mixin.py:115} INFO - [2022-11-02 17:10:42,982] {dag.py:2972} INFO - Setting next_dagrun for latest_only_with_trigger to 2022-11-02T13:10:42.981855+00:00, run_after=2022-11-02T17:10:42.981855+00:00
[2022-11-02 17:10:43,018] {processor.py:161} INFO - Processing /home/airflow/.local/lib/python3.7/site-packages/airflow/example_dags/example_latest_only_with_trigger.py took 0.437 seconds
[2022-11-02 17:11:13,680] {processor.py:153} INFO - Started process (PID=2098) to work on /home/airflow/.local/lib/python3.7/site-packages/airflow/example_dags/example_latest_only_with_trigger.py
[2022-11-02 17:11:13,682] {processor.py:641} INFO - Processing file /home/airflow/.local/lib/python3.7/site-packages/airflow/example_dags/example_latest_only_with_trigger.py for tasks to queue
[2022-11-02 17:11:13,684] {logging_mixin.py:115} INFO - [2022-11-02 17:11:13,684] {dagbag.py:508} INFO - Filling up the DagBag from /home/airflow/.local/lib/python3.7/site-packages/airflow/example_dags/example_latest_only_with_trigger.py
[2022-11-02 17:11:13,696] {processor.py:651} INFO - DAG(s) dict_keys(['latest_only_with_trigger']) retrieved from /home/airflow/.local/lib/python3.7/site-packages/airflow/example_dags/example_latest_only_with_trigger.py
[2022-11-02 17:11:14,113] {logging_mixin.py:115} INFO - [2022-11-02 17:11:14,113] {dag.py:2420} INFO - Sync 1 DAGs
[2022-11-02 17:11:14,158] {logging_mixin.py:115} INFO - [2022-11-02 17:11:14,158] {dag.py:2972} INFO - Setting next_dagrun for latest_only_with_trigger to 2022-11-02T13:11:14.157553+00:00, run_after=2022-11-02T17:11:14.157553+00:00
[2022-11-02 17:11:14,184] {processor.py:161} INFO - Processing /home/airflow/.local/lib/python3.7/site-packages/airflow/example_dags/example_latest_only_with_trigger.py took 0.512 seconds
[2022-11-02 17:11:45,024] {processor.py:153} INFO - Started process (PID=2161) to work on /home/airflow/.local/lib/python3.7/site-packages/airflow/example_dags/example_latest_only_with_trigger.py
[2022-11-02 17:11:45,025] {processor.py:641} INFO - Processing file /home/airflow/.local/lib/python3.7/site-packages/airflow/example_dags/example_latest_only_with_trigger.py for tasks to queue
[2022-11-02 17:11:45,027] {logging_mixin.py:115} INFO - [2022-11-02 17:11:45,026] {dagbag.py:508} INFO - Filling up the DagBag from /home/airflow/.local/lib/python3.7/site-packages/airflow/example_dags/example_latest_only_with_trigger.py
[2022-11-02 17:11:45,039] {processor.py:651} INFO - DAG(s) dict_keys(['latest_only_with_trigger']) retrieved from /home/airflow/.local/lib/python3.7/site-packages/airflow/example_dags/example_latest_only_with_trigger.py
[2022-11-02 17:11:45,446] {logging_mixin.py:115} INFO - [2022-11-02 17:11:45,446] {dag.py:2420} INFO - Sync 1 DAGs
[2022-11-02 17:11:45,503] {logging_mixin.py:115} INFO - [2022-11-02 17:11:45,503] {dag.py:2972} INFO - Setting next_dagrun for latest_only_with_trigger to 2022-11-02T13:11:45.502597+00:00, run_after=2022-11-02T17:11:45.502597+00:00
[2022-11-02 17:11:45,537] {processor.py:161} INFO - Processing /home/airflow/.local/lib/python3.7/site-packages/airflow/example_dags/example_latest_only_with_trigger.py took 0.518 seconds
[2022-11-02 17:12:16,046] {processor.py:153} INFO - Started process (PID=2215) to work on /home/airflow/.local/lib/python3.7/site-packages/airflow/example_dags/example_latest_only_with_trigger.py
[2022-11-02 17:12:16,047] {processor.py:641} INFO - Processing file /home/airflow/.local/lib/python3.7/site-packages/airflow/example_dags/example_latest_only_with_trigger.py for tasks to queue
[2022-11-02 17:12:16,048] {logging_mixin.py:115} INFO - [2022-11-02 17:12:16,047] {dagbag.py:508} INFO - Filling up the DagBag from /home/airflow/.local/lib/python3.7/site-packages/airflow/example_dags/example_latest_only_with_trigger.py
[2022-11-02 17:12:16,061] {processor.py:651} INFO - DAG(s) dict_keys(['latest_only_with_trigger']) retrieved from /home/airflow/.local/lib/python3.7/site-packages/airflow/example_dags/example_latest_only_with_trigger.py
[2022-11-02 17:12:16,380] {logging_mixin.py:115} INFO - [2022-11-02 17:12:16,380] {dag.py:2420} INFO - Sync 1 DAGs
[2022-11-02 17:12:16,425] {logging_mixin.py:115} INFO - [2022-11-02 17:12:16,425] {dag.py:2972} INFO - Setting next_dagrun for latest_only_with_trigger to 2022-11-02T13:12:16.424573+00:00, run_after=2022-11-02T17:12:16.424573+00:00
[2022-11-02 17:12:16,455] {processor.py:161} INFO - Processing /home/airflow/.local/lib/python3.7/site-packages/airflow/example_dags/example_latest_only_with_trigger.py took 0.415 seconds
[2022-11-02 17:12:47,200] {processor.py:153} INFO - Started process (PID=2269) to work on /home/airflow/.local/lib/python3.7/site-packages/airflow/example_dags/example_latest_only_with_trigger.py
[2022-11-02 17:12:47,201] {processor.py:641} INFO - Processing file /home/airflow/.local/lib/python3.7/site-packages/airflow/example_dags/example_latest_only_with_trigger.py for tasks to queue
[2022-11-02 17:12:47,202] {logging_mixin.py:115} INFO - [2022-11-02 17:12:47,202] {dagbag.py:508} INFO - Filling up the DagBag from /home/airflow/.local/lib/python3.7/site-packages/airflow/example_dags/example_latest_only_with_trigger.py
[2022-11-02 17:12:47,221] {processor.py:651} INFO - DAG(s) dict_keys(['latest_only_with_trigger']) retrieved from /home/airflow/.local/lib/python3.7/site-packages/airflow/example_dags/example_latest_only_with_trigger.py
[2022-11-02 17:12:47,528] {logging_mixin.py:115} INFO - [2022-11-02 17:12:47,528] {dag.py:2420} INFO - Sync 1 DAGs
[2022-11-02 17:12:47,562] {logging_mixin.py:115} INFO - [2022-11-02 17:12:47,562] {dag.py:2972} INFO - Setting next_dagrun for latest_only_with_trigger to 2022-11-02T13:12:47.562142+00:00, run_after=2022-11-02T17:12:47.562142+00:00
[2022-11-02 17:12:47,586] {processor.py:161} INFO - Processing /home/airflow/.local/lib/python3.7/site-packages/airflow/example_dags/example_latest_only_with_trigger.py took 0.391 seconds
[2022-11-02 17:13:18,123] {processor.py:153} INFO - Started process (PID=2322) to work on /home/airflow/.local/lib/python3.7/site-packages/airflow/example_dags/example_latest_only_with_trigger.py
[2022-11-02 17:13:18,125] {processor.py:641} INFO - Processing file /home/airflow/.local/lib/python3.7/site-packages/airflow/example_dags/example_latest_only_with_trigger.py for tasks to queue
[2022-11-02 17:13:18,125] {logging_mixin.py:115} INFO - [2022-11-02 17:13:18,125] {dagbag.py:508} INFO - Filling up the DagBag from /home/airflow/.local/lib/python3.7/site-packages/airflow/example_dags/example_latest_only_with_trigger.py
[2022-11-02 17:13:18,149] {processor.py:651} INFO - DAG(s) dict_keys(['latest_only_with_trigger']) retrieved from /home/airflow/.local/lib/python3.7/site-packages/airflow/example_dags/example_latest_only_with_trigger.py
[2022-11-02 17:13:18,636] {logging_mixin.py:115} INFO - [2022-11-02 17:13:18,636] {dag.py:2420} INFO - Sync 1 DAGs
[2022-11-02 17:13:18,692] {logging_mixin.py:115} INFO - [2022-11-02 17:13:18,692] {dag.py:2972} INFO - Setting next_dagrun for latest_only_with_trigger to 2022-11-02T13:13:18.691823+00:00, run_after=2022-11-02T17:13:18.691823+00:00
[2022-11-02 17:13:18,728] {processor.py:161} INFO - Processing /home/airflow/.local/lib/python3.7/site-packages/airflow/example_dags/example_latest_only_with_trigger.py took 0.613 seconds
[2022-11-02 17:13:49,226] {processor.py:153} INFO - Started process (PID=2384) to work on /home/airflow/.local/lib/python3.7/site-packages/airflow/example_dags/example_latest_only_with_trigger.py
[2022-11-02 17:13:49,227] {processor.py:641} INFO - Processing file /home/airflow/.local/lib/python3.7/site-packages/airflow/example_dags/example_latest_only_with_trigger.py for tasks to queue
[2022-11-02 17:13:49,228] {logging_mixin.py:115} INFO - [2022-11-02 17:13:49,228] {dagbag.py:508} INFO - Filling up the DagBag from /home/airflow/.local/lib/python3.7/site-packages/airflow/example_dags/example_latest_only_with_trigger.py
[2022-11-02 17:13:49,251] {processor.py:651} INFO - DAG(s) dict_keys(['latest_only_with_trigger']) retrieved from /home/airflow/.local/lib/python3.7/site-packages/airflow/example_dags/example_latest_only_with_trigger.py
[2022-11-02 17:13:49,632] {logging_mixin.py:115} INFO - [2022-11-02 17:13:49,632] {dag.py:2420} INFO - Sync 1 DAGs
[2022-11-02 17:13:49,668] {logging_mixin.py:115} INFO - [2022-11-02 17:13:49,668] {dag.py:2972} INFO - Setting next_dagrun for latest_only_with_trigger to 2022-11-02T13:13:49.668169+00:00, run_after=2022-11-02T17:13:49.668169+00:00
[2022-11-02 17:13:49,694] {processor.py:161} INFO - Processing /home/airflow/.local/lib/python3.7/site-packages/airflow/example_dags/example_latest_only_with_trigger.py took 0.476 seconds
[2022-11-02 17:14:20,046] {processor.py:153} INFO - Started process (PID=2438) to work on /home/airflow/.local/lib/python3.7/site-packages/airflow/example_dags/example_latest_only_with_trigger.py
[2022-11-02 17:14:20,047] {processor.py:641} INFO - Processing file /home/airflow/.local/lib/python3.7/site-packages/airflow/example_dags/example_latest_only_with_trigger.py for tasks to queue
[2022-11-02 17:14:20,048] {logging_mixin.py:115} INFO - [2022-11-02 17:14:20,048] {dagbag.py:508} INFO - Filling up the DagBag from /home/airflow/.local/lib/python3.7/site-packages/airflow/example_dags/example_latest_only_with_trigger.py
[2022-11-02 17:14:20,075] {processor.py:651} INFO - DAG(s) dict_keys(['latest_only_with_trigger']) retrieved from /home/airflow/.local/lib/python3.7/site-packages/airflow/example_dags/example_latest_only_with_trigger.py
[2022-11-02 17:14:20,517] {logging_mixin.py:115} INFO - [2022-11-02 17:14:20,517] {dag.py:2420} INFO - Sync 1 DAGs
[2022-11-02 17:14:20,560] {logging_mixin.py:115} INFO - [2022-11-02 17:14:20,560] {dag.py:2972} INFO - Setting next_dagrun for latest_only_with_trigger to 2022-11-02T13:14:20.560132+00:00, run_after=2022-11-02T17:14:20.560132+00:00
[2022-11-02 17:14:20,583] {processor.py:161} INFO - Processing /home/airflow/.local/lib/python3.7/site-packages/airflow/example_dags/example_latest_only_with_trigger.py took 0.543 seconds
[2022-11-02 17:14:50,776] {processor.py:153} INFO - Started process (PID=2493) to work on /home/airflow/.local/lib/python3.7/site-packages/airflow/example_dags/example_latest_only_with_trigger.py
[2022-11-02 17:14:50,782] {processor.py:641} INFO - Processing file /home/airflow/.local/lib/python3.7/site-packages/airflow/example_dags/example_latest_only_with_trigger.py for tasks to queue
[2022-11-02 17:14:50,785] {logging_mixin.py:115} INFO - [2022-11-02 17:14:50,785] {dagbag.py:508} INFO - Filling up the DagBag from /home/airflow/.local/lib/python3.7/site-packages/airflow/example_dags/example_latest_only_with_trigger.py
[2022-11-02 17:14:50,823] {processor.py:651} INFO - DAG(s) dict_keys(['latest_only_with_trigger']) retrieved from /home/airflow/.local/lib/python3.7/site-packages/airflow/example_dags/example_latest_only_with_trigger.py
[2022-11-02 17:14:51,269] {logging_mixin.py:115} INFO - [2022-11-02 17:14:51,269] {dag.py:2420} INFO - Sync 1 DAGs
[2022-11-02 17:14:51,353] {logging_mixin.py:115} INFO - [2022-11-02 17:14:51,353] {dag.py:2972} INFO - Setting next_dagrun for latest_only_with_trigger to 2022-11-02T13:14:51.352914+00:00, run_after=2022-11-02T17:14:51.352914+00:00
[2022-11-02 17:14:51,415] {processor.py:161} INFO - Processing /home/airflow/.local/lib/python3.7/site-packages/airflow/example_dags/example_latest_only_with_trigger.py took 0.653 seconds
[2022-11-02 17:15:21,560] {processor.py:153} INFO - Started process (PID=2546) to work on /home/airflow/.local/lib/python3.7/site-packages/airflow/example_dags/example_latest_only_with_trigger.py
[2022-11-02 17:15:21,562] {processor.py:641} INFO - Processing file /home/airflow/.local/lib/python3.7/site-packages/airflow/example_dags/example_latest_only_with_trigger.py for tasks to queue
[2022-11-02 17:15:21,564] {logging_mixin.py:115} INFO - [2022-11-02 17:15:21,564] {dagbag.py:508} INFO - Filling up the DagBag from /home/airflow/.local/lib/python3.7/site-packages/airflow/example_dags/example_latest_only_with_trigger.py
[2022-11-02 17:15:21,588] {processor.py:651} INFO - DAG(s) dict_keys(['latest_only_with_trigger']) retrieved from /home/airflow/.local/lib/python3.7/site-packages/airflow/example_dags/example_latest_only_with_trigger.py
[2022-11-02 17:15:21,923] {logging_mixin.py:115} INFO - [2022-11-02 17:15:21,922] {dag.py:2420} INFO - Sync 1 DAGs
[2022-11-02 17:15:21,991] {logging_mixin.py:115} INFO - [2022-11-02 17:15:21,991] {dag.py:2972} INFO - Setting next_dagrun for latest_only_with_trigger to 2022-11-02T13:15:21.990414+00:00, run_after=2022-11-02T17:15:21.990414+00:00
[2022-11-02 17:15:22,035] {processor.py:161} INFO - Processing /home/airflow/.local/lib/python3.7/site-packages/airflow/example_dags/example_latest_only_with_trigger.py took 0.483 seconds
[2022-11-02 17:15:52,223] {processor.py:153} INFO - Started process (PID=2600) to work on /home/airflow/.local/lib/python3.7/site-packages/airflow/example_dags/example_latest_only_with_trigger.py
[2022-11-02 17:15:52,227] {processor.py:641} INFO - Processing file /home/airflow/.local/lib/python3.7/site-packages/airflow/example_dags/example_latest_only_with_trigger.py for tasks to queue
[2022-11-02 17:15:52,229] {logging_mixin.py:115} INFO - [2022-11-02 17:15:52,229] {dagbag.py:508} INFO - Filling up the DagBag from /home/airflow/.local/lib/python3.7/site-packages/airflow/example_dags/example_latest_only_with_trigger.py
[2022-11-02 17:15:52,256] {processor.py:651} INFO - DAG(s) dict_keys(['latest_only_with_trigger']) retrieved from /home/airflow/.local/lib/python3.7/site-packages/airflow/example_dags/example_latest_only_with_trigger.py
[2022-11-02 17:15:52,727] {logging_mixin.py:115} INFO - [2022-11-02 17:15:52,726] {dag.py:2420} INFO - Sync 1 DAGs
[2022-11-02 17:15:52,772] {logging_mixin.py:115} INFO - [2022-11-02 17:15:52,772] {dag.py:2972} INFO - Setting next_dagrun for latest_only_with_trigger to 2022-11-02T13:15:52.772052+00:00, run_after=2022-11-02T17:15:52.772052+00:00
[2022-11-02 17:15:52,803] {processor.py:161} INFO - Processing /home/airflow/.local/lib/python3.7/site-packages/airflow/example_dags/example_latest_only_with_trigger.py took 0.587 seconds
[2022-11-02 17:16:22,961] {processor.py:153} INFO - Started process (PID=2664) to work on /home/airflow/.local/lib/python3.7/site-packages/airflow/example_dags/example_latest_only_with_trigger.py
[2022-11-02 17:16:22,961] {processor.py:641} INFO - Processing file /home/airflow/.local/lib/python3.7/site-packages/airflow/example_dags/example_latest_only_with_trigger.py for tasks to queue
[2022-11-02 17:16:22,962] {logging_mixin.py:115} INFO - [2022-11-02 17:16:22,962] {dagbag.py:508} INFO - Filling up the DagBag from /home/airflow/.local/lib/python3.7/site-packages/airflow/example_dags/example_latest_only_with_trigger.py
[2022-11-02 17:16:22,975] {processor.py:651} INFO - DAG(s) dict_keys(['latest_only_with_trigger']) retrieved from /home/airflow/.local/lib/python3.7/site-packages/airflow/example_dags/example_latest_only_with_trigger.py
[2022-11-02 17:16:23,296] {logging_mixin.py:115} INFO - [2022-11-02 17:16:23,295] {dag.py:2420} INFO - Sync 1 DAGs
[2022-11-02 17:16:23,344] {logging_mixin.py:115} INFO - [2022-11-02 17:16:23,343] {dag.py:2972} INFO - Setting next_dagrun for latest_only_with_trigger to 2022-11-02T13:16:23.343426+00:00, run_after=2022-11-02T17:16:23.343426+00:00
[2022-11-02 17:16:23,367] {processor.py:161} INFO - Processing /home/airflow/.local/lib/python3.7/site-packages/airflow/example_dags/example_latest_only_with_trigger.py took 0.411 seconds
[2022-11-02 17:16:53,637] {processor.py:153} INFO - Started process (PID=2716) to work on /home/airflow/.local/lib/python3.7/site-packages/airflow/example_dags/example_latest_only_with_trigger.py
[2022-11-02 17:16:53,638] {processor.py:641} INFO - Processing file /home/airflow/.local/lib/python3.7/site-packages/airflow/example_dags/example_latest_only_with_trigger.py for tasks to queue
[2022-11-02 17:16:53,639] {logging_mixin.py:115} INFO - [2022-11-02 17:16:53,639] {dagbag.py:508} INFO - Filling up the DagBag from /home/airflow/.local/lib/python3.7/site-packages/airflow/example_dags/example_latest_only_with_trigger.py
[2022-11-02 17:16:53,658] {processor.py:651} INFO - DAG(s) dict_keys(['latest_only_with_trigger']) retrieved from /home/airflow/.local/lib/python3.7/site-packages/airflow/example_dags/example_latest_only_with_trigger.py
[2022-11-02 17:16:53,947] {logging_mixin.py:115} INFO - [2022-11-02 17:16:53,947] {dag.py:2420} INFO - Sync 1 DAGs
[2022-11-02 17:16:53,992] {logging_mixin.py:115} INFO - [2022-11-02 17:16:53,992] {dag.py:2972} INFO - Setting next_dagrun for latest_only_with_trigger to 2022-11-02T13:16:53.992224+00:00, run_after=2022-11-02T17:16:53.992224+00:00
[2022-11-02 17:16:54,023] {processor.py:161} INFO - Processing /home/airflow/.local/lib/python3.7/site-packages/airflow/example_dags/example_latest_only_with_trigger.py took 0.391 seconds
[2022-11-02 17:17:24,337] {processor.py:153} INFO - Started process (PID=2769) to work on /home/airflow/.local/lib/python3.7/site-packages/airflow/example_dags/example_latest_only_with_trigger.py
[2022-11-02 17:17:24,337] {processor.py:641} INFO - Processing file /home/airflow/.local/lib/python3.7/site-packages/airflow/example_dags/example_latest_only_with_trigger.py for tasks to queue
[2022-11-02 17:17:24,338] {logging_mixin.py:115} INFO - [2022-11-02 17:17:24,338] {dagbag.py:508} INFO - Filling up the DagBag from /home/airflow/.local/lib/python3.7/site-packages/airflow/example_dags/example_latest_only_with_trigger.py
[2022-11-02 17:17:24,346] {processor.py:651} INFO - DAG(s) dict_keys(['latest_only_with_trigger']) retrieved from /home/airflow/.local/lib/python3.7/site-packages/airflow/example_dags/example_latest_only_with_trigger.py
[2022-11-02 17:17:24,753] {logging_mixin.py:115} INFO - [2022-11-02 17:17:24,753] {dag.py:2420} INFO - Sync 1 DAGs
[2022-11-02 17:17:27,252] {logging_mixin.py:115} INFO - [2022-11-02 17:17:27,252] {process_utils.py:240} INFO - Waiting up to 5 seconds for processes to exit...
