[2022-11-02 16:51:43,039] {processor.py:153} INFO - Started process (PID=62) to work on /home/airflow/.local/lib/python3.7/site-packages/airflow/example_dags/example_trigger_target_dag.py
[2022-11-02 16:51:43,040] {processor.py:641} INFO - Processing file /home/airflow/.local/lib/python3.7/site-packages/airflow/example_dags/example_trigger_target_dag.py for tasks to queue
[2022-11-02 16:51:43,041] {logging_mixin.py:115} INFO - [2022-11-02 16:51:43,041] {dagbag.py:508} INFO - Filling up the DagBag from /home/airflow/.local/lib/python3.7/site-packages/airflow/example_dags/example_trigger_target_dag.py
[2022-11-02 16:51:43,102] {processor.py:651} INFO - DAG(s) dict_keys(['example_trigger_target_dag']) retrieved from /home/airflow/.local/lib/python3.7/site-packages/airflow/example_dags/example_trigger_target_dag.py
[2022-11-02 16:51:43,499] {logging_mixin.py:115} INFO - [2022-11-02 16:51:43,499] {dag.py:2420} INFO - Sync 1 DAGs
[2022-11-02 16:51:43,596] {logging_mixin.py:115} INFO - [2022-11-02 16:51:43,596] {dag.py:2972} INFO - Setting next_dagrun for example_trigger_target_dag to None, run_after=None
[2022-11-02 16:51:43,624] {processor.py:161} INFO - Processing /home/airflow/.local/lib/python3.7/site-packages/airflow/example_dags/example_trigger_target_dag.py took 0.591 seconds
[2022-11-02 16:52:13,998] {processor.py:153} INFO - Started process (PID=111) to work on /home/airflow/.local/lib/python3.7/site-packages/airflow/example_dags/example_trigger_target_dag.py
[2022-11-02 16:52:14,000] {processor.py:641} INFO - Processing file /home/airflow/.local/lib/python3.7/site-packages/airflow/example_dags/example_trigger_target_dag.py for tasks to queue
[2022-11-02 16:52:14,001] {logging_mixin.py:115} INFO - [2022-11-02 16:52:14,001] {dagbag.py:508} INFO - Filling up the DagBag from /home/airflow/.local/lib/python3.7/site-packages/airflow/example_dags/example_trigger_target_dag.py
[2022-11-02 16:52:14,049] {processor.py:651} INFO - DAG(s) dict_keys(['example_trigger_target_dag']) retrieved from /home/airflow/.local/lib/python3.7/site-packages/airflow/example_dags/example_trigger_target_dag.py
[2022-11-02 16:52:14,310] {logging_mixin.py:115} INFO - [2022-11-02 16:52:14,309] {dag.py:2420} INFO - Sync 1 DAGs
[2022-11-02 16:52:14,399] {logging_mixin.py:115} INFO - [2022-11-02 16:52:14,399] {dag.py:2972} INFO - Setting next_dagrun for example_trigger_target_dag to None, run_after=None
[2022-11-02 16:52:14,424] {processor.py:161} INFO - Processing /home/airflow/.local/lib/python3.7/site-packages/airflow/example_dags/example_trigger_target_dag.py took 0.434 seconds
[2022-11-02 16:52:45,127] {processor.py:153} INFO - Started process (PID=165) to work on /home/airflow/.local/lib/python3.7/site-packages/airflow/example_dags/example_trigger_target_dag.py
[2022-11-02 16:52:45,128] {processor.py:641} INFO - Processing file /home/airflow/.local/lib/python3.7/site-packages/airflow/example_dags/example_trigger_target_dag.py for tasks to queue
[2022-11-02 16:52:45,129] {logging_mixin.py:115} INFO - [2022-11-02 16:52:45,129] {dagbag.py:508} INFO - Filling up the DagBag from /home/airflow/.local/lib/python3.7/site-packages/airflow/example_dags/example_trigger_target_dag.py
[2022-11-02 16:52:45,160] {processor.py:651} INFO - DAG(s) dict_keys(['example_trigger_target_dag']) retrieved from /home/airflow/.local/lib/python3.7/site-packages/airflow/example_dags/example_trigger_target_dag.py
[2022-11-02 16:52:45,397] {logging_mixin.py:115} INFO - [2022-11-02 16:52:45,397] {dag.py:2420} INFO - Sync 1 DAGs
[2022-11-02 16:52:45,430] {logging_mixin.py:115} INFO - [2022-11-02 16:52:45,429] {dag.py:2972} INFO - Setting next_dagrun for example_trigger_target_dag to None, run_after=None
[2022-11-02 16:52:45,448] {processor.py:161} INFO - Processing /home/airflow/.local/lib/python3.7/site-packages/airflow/example_dags/example_trigger_target_dag.py took 0.326 seconds
[2022-11-02 16:53:16,008] {processor.py:153} INFO - Started process (PID=218) to work on /home/airflow/.local/lib/python3.7/site-packages/airflow/example_dags/example_trigger_target_dag.py
[2022-11-02 16:53:16,010] {processor.py:641} INFO - Processing file /home/airflow/.local/lib/python3.7/site-packages/airflow/example_dags/example_trigger_target_dag.py for tasks to queue
[2022-11-02 16:53:16,010] {logging_mixin.py:115} INFO - [2022-11-02 16:53:16,010] {dagbag.py:508} INFO - Filling up the DagBag from /home/airflow/.local/lib/python3.7/site-packages/airflow/example_dags/example_trigger_target_dag.py
[2022-11-02 16:53:16,055] {processor.py:651} INFO - DAG(s) dict_keys(['example_trigger_target_dag']) retrieved from /home/airflow/.local/lib/python3.7/site-packages/airflow/example_dags/example_trigger_target_dag.py
[2022-11-02 16:53:16,333] {logging_mixin.py:115} INFO - [2022-11-02 16:53:16,332] {dag.py:2420} INFO - Sync 1 DAGs
[2022-11-02 16:53:16,388] {logging_mixin.py:115} INFO - [2022-11-02 16:53:16,387] {dag.py:2972} INFO - Setting next_dagrun for example_trigger_target_dag to None, run_after=None
[2022-11-02 16:53:16,415] {processor.py:161} INFO - Processing /home/airflow/.local/lib/python3.7/site-packages/airflow/example_dags/example_trigger_target_dag.py took 0.412 seconds
[2022-11-02 16:53:47,203] {processor.py:153} INFO - Started process (PID=272) to work on /home/airflow/.local/lib/python3.7/site-packages/airflow/example_dags/example_trigger_target_dag.py
[2022-11-02 16:53:47,205] {processor.py:641} INFO - Processing file /home/airflow/.local/lib/python3.7/site-packages/airflow/example_dags/example_trigger_target_dag.py for tasks to queue
[2022-11-02 16:53:47,206] {logging_mixin.py:115} INFO - [2022-11-02 16:53:47,206] {dagbag.py:508} INFO - Filling up the DagBag from /home/airflow/.local/lib/python3.7/site-packages/airflow/example_dags/example_trigger_target_dag.py
[2022-11-02 16:53:47,239] {processor.py:651} INFO - DAG(s) dict_keys(['example_trigger_target_dag']) retrieved from /home/airflow/.local/lib/python3.7/site-packages/airflow/example_dags/example_trigger_target_dag.py
[2022-11-02 16:53:47,540] {logging_mixin.py:115} INFO - [2022-11-02 16:53:47,539] {dag.py:2420} INFO - Sync 1 DAGs
[2022-11-02 16:53:47,583] {logging_mixin.py:115} INFO - [2022-11-02 16:53:47,583] {dag.py:2972} INFO - Setting next_dagrun for example_trigger_target_dag to None, run_after=None
[2022-11-02 16:53:47,611] {processor.py:161} INFO - Processing /home/airflow/.local/lib/python3.7/site-packages/airflow/example_dags/example_trigger_target_dag.py took 0.413 seconds
[2022-11-02 16:54:17,745] {processor.py:153} INFO - Started process (PID=326) to work on /home/airflow/.local/lib/python3.7/site-packages/airflow/example_dags/example_trigger_target_dag.py
[2022-11-02 16:54:17,746] {processor.py:641} INFO - Processing file /home/airflow/.local/lib/python3.7/site-packages/airflow/example_dags/example_trigger_target_dag.py for tasks to queue
[2022-11-02 16:54:17,747] {logging_mixin.py:115} INFO - [2022-11-02 16:54:17,747] {dagbag.py:508} INFO - Filling up the DagBag from /home/airflow/.local/lib/python3.7/site-packages/airflow/example_dags/example_trigger_target_dag.py
[2022-11-02 16:54:17,794] {processor.py:651} INFO - DAG(s) dict_keys(['example_trigger_target_dag']) retrieved from /home/airflow/.local/lib/python3.7/site-packages/airflow/example_dags/example_trigger_target_dag.py
[2022-11-02 16:54:18,073] {logging_mixin.py:115} INFO - [2022-11-02 16:54:18,073] {dag.py:2420} INFO - Sync 1 DAGs
[2022-11-02 16:54:18,117] {logging_mixin.py:115} INFO - [2022-11-02 16:54:18,116] {dag.py:2972} INFO - Setting next_dagrun for example_trigger_target_dag to None, run_after=None
[2022-11-02 16:54:18,142] {processor.py:161} INFO - Processing /home/airflow/.local/lib/python3.7/site-packages/airflow/example_dags/example_trigger_target_dag.py took 0.404 seconds
[2022-11-02 16:54:48,340] {processor.py:153} INFO - Started process (PID=388) to work on /home/airflow/.local/lib/python3.7/site-packages/airflow/example_dags/example_trigger_target_dag.py
[2022-11-02 16:54:48,341] {processor.py:641} INFO - Processing file /home/airflow/.local/lib/python3.7/site-packages/airflow/example_dags/example_trigger_target_dag.py for tasks to queue
[2022-11-02 16:54:48,342] {logging_mixin.py:115} INFO - [2022-11-02 16:54:48,342] {dagbag.py:508} INFO - Filling up the DagBag from /home/airflow/.local/lib/python3.7/site-packages/airflow/example_dags/example_trigger_target_dag.py
[2022-11-02 16:54:48,386] {processor.py:651} INFO - DAG(s) dict_keys(['example_trigger_target_dag']) retrieved from /home/airflow/.local/lib/python3.7/site-packages/airflow/example_dags/example_trigger_target_dag.py
[2022-11-02 16:54:48,651] {logging_mixin.py:115} INFO - [2022-11-02 16:54:48,651] {dag.py:2420} INFO - Sync 1 DAGs
[2022-11-02 16:54:48,693] {logging_mixin.py:115} INFO - [2022-11-02 16:54:48,693] {dag.py:2972} INFO - Setting next_dagrun for example_trigger_target_dag to None, run_after=None
[2022-11-02 16:54:48,721] {processor.py:161} INFO - Processing /home/airflow/.local/lib/python3.7/site-packages/airflow/example_dags/example_trigger_target_dag.py took 0.388 seconds
[2022-11-02 16:55:18,816] {processor.py:153} INFO - Started process (PID=442) to work on /home/airflow/.local/lib/python3.7/site-packages/airflow/example_dags/example_trigger_target_dag.py
[2022-11-02 16:55:18,817] {processor.py:641} INFO - Processing file /home/airflow/.local/lib/python3.7/site-packages/airflow/example_dags/example_trigger_target_dag.py for tasks to queue
[2022-11-02 16:55:18,818] {logging_mixin.py:115} INFO - [2022-11-02 16:55:18,818] {dagbag.py:508} INFO - Filling up the DagBag from /home/airflow/.local/lib/python3.7/site-packages/airflow/example_dags/example_trigger_target_dag.py
[2022-11-02 16:55:18,855] {processor.py:651} INFO - DAG(s) dict_keys(['example_trigger_target_dag']) retrieved from /home/airflow/.local/lib/python3.7/site-packages/airflow/example_dags/example_trigger_target_dag.py
[2022-11-02 16:55:19,166] {logging_mixin.py:115} INFO - [2022-11-02 16:55:19,166] {dag.py:2420} INFO - Sync 1 DAGs
[2022-11-02 16:55:19,208] {logging_mixin.py:115} INFO - [2022-11-02 16:55:19,207] {dag.py:2972} INFO - Setting next_dagrun for example_trigger_target_dag to None, run_after=None
[2022-11-02 16:55:19,237] {processor.py:161} INFO - Processing /home/airflow/.local/lib/python3.7/site-packages/airflow/example_dags/example_trigger_target_dag.py took 0.427 seconds
[2022-11-02 16:55:49,444] {processor.py:153} INFO - Started process (PID=497) to work on /home/airflow/.local/lib/python3.7/site-packages/airflow/example_dags/example_trigger_target_dag.py
[2022-11-02 16:55:49,445] {processor.py:641} INFO - Processing file /home/airflow/.local/lib/python3.7/site-packages/airflow/example_dags/example_trigger_target_dag.py for tasks to queue
[2022-11-02 16:55:49,446] {logging_mixin.py:115} INFO - [2022-11-02 16:55:49,446] {dagbag.py:508} INFO - Filling up the DagBag from /home/airflow/.local/lib/python3.7/site-packages/airflow/example_dags/example_trigger_target_dag.py
[2022-11-02 16:55:49,483] {processor.py:651} INFO - DAG(s) dict_keys(['example_trigger_target_dag']) retrieved from /home/airflow/.local/lib/python3.7/site-packages/airflow/example_dags/example_trigger_target_dag.py
[2022-11-02 16:55:49,833] {logging_mixin.py:115} INFO - [2022-11-02 16:55:49,833] {dag.py:2420} INFO - Sync 1 DAGs
[2022-11-02 16:55:49,886] {logging_mixin.py:115} INFO - [2022-11-02 16:55:49,886] {dag.py:2972} INFO - Setting next_dagrun for example_trigger_target_dag to None, run_after=None
[2022-11-02 16:55:49,918] {processor.py:161} INFO - Processing /home/airflow/.local/lib/python3.7/site-packages/airflow/example_dags/example_trigger_target_dag.py took 0.479 seconds
[2022-11-02 16:56:21,284] {processor.py:153} INFO - Started process (PID=561) to work on /home/airflow/.local/lib/python3.7/site-packages/airflow/example_dags/example_trigger_target_dag.py
[2022-11-02 16:56:21,285] {processor.py:641} INFO - Processing file /home/airflow/.local/lib/python3.7/site-packages/airflow/example_dags/example_trigger_target_dag.py for tasks to queue
[2022-11-02 16:56:21,286] {logging_mixin.py:115} INFO - [2022-11-02 16:56:21,286] {dagbag.py:508} INFO - Filling up the DagBag from /home/airflow/.local/lib/python3.7/site-packages/airflow/example_dags/example_trigger_target_dag.py
[2022-11-02 16:56:21,318] {processor.py:651} INFO - DAG(s) dict_keys(['example_trigger_target_dag']) retrieved from /home/airflow/.local/lib/python3.7/site-packages/airflow/example_dags/example_trigger_target_dag.py
[2022-11-02 16:56:21,605] {logging_mixin.py:115} INFO - [2022-11-02 16:56:21,604] {dag.py:2420} INFO - Sync 1 DAGs
[2022-11-02 16:56:21,652] {logging_mixin.py:115} INFO - [2022-11-02 16:56:21,652] {dag.py:2972} INFO - Setting next_dagrun for example_trigger_target_dag to None, run_after=None
[2022-11-02 16:56:21,679] {processor.py:161} INFO - Processing /home/airflow/.local/lib/python3.7/site-packages/airflow/example_dags/example_trigger_target_dag.py took 0.400 seconds
[2022-11-02 16:56:52,121] {processor.py:153} INFO - Started process (PID=615) to work on /home/airflow/.local/lib/python3.7/site-packages/airflow/example_dags/example_trigger_target_dag.py
[2022-11-02 16:56:52,122] {processor.py:641} INFO - Processing file /home/airflow/.local/lib/python3.7/site-packages/airflow/example_dags/example_trigger_target_dag.py for tasks to queue
[2022-11-02 16:56:52,123] {logging_mixin.py:115} INFO - [2022-11-02 16:56:52,122] {dagbag.py:508} INFO - Filling up the DagBag from /home/airflow/.local/lib/python3.7/site-packages/airflow/example_dags/example_trigger_target_dag.py
[2022-11-02 16:56:52,152] {processor.py:651} INFO - DAG(s) dict_keys(['example_trigger_target_dag']) retrieved from /home/airflow/.local/lib/python3.7/site-packages/airflow/example_dags/example_trigger_target_dag.py
[2022-11-02 16:56:52,404] {logging_mixin.py:115} INFO - [2022-11-02 16:56:52,404] {dag.py:2420} INFO - Sync 1 DAGs
[2022-11-02 16:56:52,455] {logging_mixin.py:115} INFO - [2022-11-02 16:56:52,455] {dag.py:2972} INFO - Setting next_dagrun for example_trigger_target_dag to None, run_after=None
[2022-11-02 16:56:52,480] {processor.py:161} INFO - Processing /home/airflow/.local/lib/python3.7/site-packages/airflow/example_dags/example_trigger_target_dag.py took 0.364 seconds
[2022-11-02 16:57:22,724] {processor.py:153} INFO - Started process (PID=669) to work on /home/airflow/.local/lib/python3.7/site-packages/airflow/example_dags/example_trigger_target_dag.py
[2022-11-02 16:57:22,724] {processor.py:641} INFO - Processing file /home/airflow/.local/lib/python3.7/site-packages/airflow/example_dags/example_trigger_target_dag.py for tasks to queue
[2022-11-02 16:57:22,725] {logging_mixin.py:115} INFO - [2022-11-02 16:57:22,725] {dagbag.py:508} INFO - Filling up the DagBag from /home/airflow/.local/lib/python3.7/site-packages/airflow/example_dags/example_trigger_target_dag.py
[2022-11-02 16:57:22,761] {processor.py:651} INFO - DAG(s) dict_keys(['example_trigger_target_dag']) retrieved from /home/airflow/.local/lib/python3.7/site-packages/airflow/example_dags/example_trigger_target_dag.py
[2022-11-02 16:57:23,030] {logging_mixin.py:115} INFO - [2022-11-02 16:57:23,029] {dag.py:2420} INFO - Sync 1 DAGs
[2022-11-02 16:57:23,065] {logging_mixin.py:115} INFO - [2022-11-02 16:57:23,065] {dag.py:2972} INFO - Setting next_dagrun for example_trigger_target_dag to None, run_after=None
[2022-11-02 16:57:23,086] {processor.py:161} INFO - Processing /home/airflow/.local/lib/python3.7/site-packages/airflow/example_dags/example_trigger_target_dag.py took 0.370 seconds
[2022-11-02 16:57:53,337] {processor.py:153} INFO - Started process (PID=731) to work on /home/airflow/.local/lib/python3.7/site-packages/airflow/example_dags/example_trigger_target_dag.py
[2022-11-02 16:57:53,338] {processor.py:641} INFO - Processing file /home/airflow/.local/lib/python3.7/site-packages/airflow/example_dags/example_trigger_target_dag.py for tasks to queue
[2022-11-02 16:57:53,339] {logging_mixin.py:115} INFO - [2022-11-02 16:57:53,338] {dagbag.py:508} INFO - Filling up the DagBag from /home/airflow/.local/lib/python3.7/site-packages/airflow/example_dags/example_trigger_target_dag.py
[2022-11-02 16:57:53,365] {processor.py:651} INFO - DAG(s) dict_keys(['example_trigger_target_dag']) retrieved from /home/airflow/.local/lib/python3.7/site-packages/airflow/example_dags/example_trigger_target_dag.py
[2022-11-02 16:57:53,600] {logging_mixin.py:115} INFO - [2022-11-02 16:57:53,600] {dag.py:2420} INFO - Sync 1 DAGs
[2022-11-02 16:57:53,639] {logging_mixin.py:115} INFO - [2022-11-02 16:57:53,639] {dag.py:2972} INFO - Setting next_dagrun for example_trigger_target_dag to None, run_after=None
[2022-11-02 16:57:53,662] {processor.py:161} INFO - Processing /home/airflow/.local/lib/python3.7/site-packages/airflow/example_dags/example_trigger_target_dag.py took 0.330 seconds
[2022-11-02 16:58:23,920] {processor.py:153} INFO - Started process (PID=786) to work on /home/airflow/.local/lib/python3.7/site-packages/airflow/example_dags/example_trigger_target_dag.py
[2022-11-02 16:58:23,921] {processor.py:641} INFO - Processing file /home/airflow/.local/lib/python3.7/site-packages/airflow/example_dags/example_trigger_target_dag.py for tasks to queue
[2022-11-02 16:58:23,922] {logging_mixin.py:115} INFO - [2022-11-02 16:58:23,922] {dagbag.py:508} INFO - Filling up the DagBag from /home/airflow/.local/lib/python3.7/site-packages/airflow/example_dags/example_trigger_target_dag.py
[2022-11-02 16:58:23,961] {processor.py:651} INFO - DAG(s) dict_keys(['example_trigger_target_dag']) retrieved from /home/airflow/.local/lib/python3.7/site-packages/airflow/example_dags/example_trigger_target_dag.py
[2022-11-02 16:58:24,235] {logging_mixin.py:115} INFO - [2022-11-02 16:58:24,234] {dag.py:2420} INFO - Sync 1 DAGs
[2022-11-02 16:58:24,272] {logging_mixin.py:115} INFO - [2022-11-02 16:58:24,272] {dag.py:2972} INFO - Setting next_dagrun for example_trigger_target_dag to None, run_after=None
[2022-11-02 16:58:24,292] {processor.py:161} INFO - Processing /home/airflow/.local/lib/python3.7/site-packages/airflow/example_dags/example_trigger_target_dag.py took 0.377 seconds
[2022-11-02 16:58:55,197] {processor.py:153} INFO - Started process (PID=839) to work on /home/airflow/.local/lib/python3.7/site-packages/airflow/example_dags/example_trigger_target_dag.py
[2022-11-02 16:58:55,198] {processor.py:641} INFO - Processing file /home/airflow/.local/lib/python3.7/site-packages/airflow/example_dags/example_trigger_target_dag.py for tasks to queue
[2022-11-02 16:58:55,199] {logging_mixin.py:115} INFO - [2022-11-02 16:58:55,199] {dagbag.py:508} INFO - Filling up the DagBag from /home/airflow/.local/lib/python3.7/site-packages/airflow/example_dags/example_trigger_target_dag.py
[2022-11-02 16:58:55,233] {processor.py:651} INFO - DAG(s) dict_keys(['example_trigger_target_dag']) retrieved from /home/airflow/.local/lib/python3.7/site-packages/airflow/example_dags/example_trigger_target_dag.py
[2022-11-02 16:58:55,517] {logging_mixin.py:115} INFO - [2022-11-02 16:58:55,517] {dag.py:2420} INFO - Sync 1 DAGs
[2022-11-02 16:58:55,560] {logging_mixin.py:115} INFO - [2022-11-02 16:58:55,559] {dag.py:2972} INFO - Setting next_dagrun for example_trigger_target_dag to None, run_after=None
[2022-11-02 16:58:55,589] {processor.py:161} INFO - Processing /home/airflow/.local/lib/python3.7/site-packages/airflow/example_dags/example_trigger_target_dag.py took 0.397 seconds
[2022-11-02 16:59:26,457] {processor.py:153} INFO - Started process (PID=902) to work on /home/airflow/.local/lib/python3.7/site-packages/airflow/example_dags/example_trigger_target_dag.py
[2022-11-02 16:59:26,459] {processor.py:641} INFO - Processing file /home/airflow/.local/lib/python3.7/site-packages/airflow/example_dags/example_trigger_target_dag.py for tasks to queue
[2022-11-02 16:59:26,459] {logging_mixin.py:115} INFO - [2022-11-02 16:59:26,459] {dagbag.py:508} INFO - Filling up the DagBag from /home/airflow/.local/lib/python3.7/site-packages/airflow/example_dags/example_trigger_target_dag.py
[2022-11-02 16:59:26,491] {processor.py:651} INFO - DAG(s) dict_keys(['example_trigger_target_dag']) retrieved from /home/airflow/.local/lib/python3.7/site-packages/airflow/example_dags/example_trigger_target_dag.py
[2022-11-02 16:59:26,826] {logging_mixin.py:115} INFO - [2022-11-02 16:59:26,826] {dag.py:2420} INFO - Sync 1 DAGs
[2022-11-02 16:59:26,872] {logging_mixin.py:115} INFO - [2022-11-02 16:59:26,871] {dag.py:2972} INFO - Setting next_dagrun for example_trigger_target_dag to None, run_after=None
[2022-11-02 16:59:26,905] {processor.py:161} INFO - Processing /home/airflow/.local/lib/python3.7/site-packages/airflow/example_dags/example_trigger_target_dag.py took 0.452 seconds
[2022-11-02 16:59:57,042] {processor.py:153} INFO - Started process (PID=954) to work on /home/airflow/.local/lib/python3.7/site-packages/airflow/example_dags/example_trigger_target_dag.py
[2022-11-02 16:59:57,043] {processor.py:641} INFO - Processing file /home/airflow/.local/lib/python3.7/site-packages/airflow/example_dags/example_trigger_target_dag.py for tasks to queue
[2022-11-02 16:59:57,043] {logging_mixin.py:115} INFO - [2022-11-02 16:59:57,043] {dagbag.py:508} INFO - Filling up the DagBag from /home/airflow/.local/lib/python3.7/site-packages/airflow/example_dags/example_trigger_target_dag.py
[2022-11-02 16:59:57,072] {processor.py:651} INFO - DAG(s) dict_keys(['example_trigger_target_dag']) retrieved from /home/airflow/.local/lib/python3.7/site-packages/airflow/example_dags/example_trigger_target_dag.py
[2022-11-02 16:59:57,338] {logging_mixin.py:115} INFO - [2022-11-02 16:59:57,338] {dag.py:2420} INFO - Sync 1 DAGs
[2022-11-02 16:59:57,378] {logging_mixin.py:115} INFO - [2022-11-02 16:59:57,378] {dag.py:2972} INFO - Setting next_dagrun for example_trigger_target_dag to None, run_after=None
[2022-11-02 16:59:57,403] {processor.py:161} INFO - Processing /home/airflow/.local/lib/python3.7/site-packages/airflow/example_dags/example_trigger_target_dag.py took 0.366 seconds
[2022-11-02 17:00:27,830] {processor.py:153} INFO - Started process (PID=1008) to work on /home/airflow/.local/lib/python3.7/site-packages/airflow/example_dags/example_trigger_target_dag.py
[2022-11-02 17:00:27,832] {processor.py:641} INFO - Processing file /home/airflow/.local/lib/python3.7/site-packages/airflow/example_dags/example_trigger_target_dag.py for tasks to queue
[2022-11-02 17:00:27,833] {logging_mixin.py:115} INFO - [2022-11-02 17:00:27,833] {dagbag.py:508} INFO - Filling up the DagBag from /home/airflow/.local/lib/python3.7/site-packages/airflow/example_dags/example_trigger_target_dag.py
[2022-11-02 17:00:27,873] {processor.py:651} INFO - DAG(s) dict_keys(['example_trigger_target_dag']) retrieved from /home/airflow/.local/lib/python3.7/site-packages/airflow/example_dags/example_trigger_target_dag.py
[2022-11-02 17:00:28,177] {logging_mixin.py:115} INFO - [2022-11-02 17:00:28,176] {dag.py:2420} INFO - Sync 1 DAGs
[2022-11-02 17:00:28,224] {logging_mixin.py:115} INFO - [2022-11-02 17:00:28,224] {dag.py:2972} INFO - Setting next_dagrun for example_trigger_target_dag to None, run_after=None
[2022-11-02 17:00:28,254] {processor.py:161} INFO - Processing /home/airflow/.local/lib/python3.7/site-packages/airflow/example_dags/example_trigger_target_dag.py took 0.430 seconds
[2022-11-02 17:00:58,531] {processor.py:153} INFO - Started process (PID=1061) to work on /home/airflow/.local/lib/python3.7/site-packages/airflow/example_dags/example_trigger_target_dag.py
[2022-11-02 17:00:58,532] {processor.py:641} INFO - Processing file /home/airflow/.local/lib/python3.7/site-packages/airflow/example_dags/example_trigger_target_dag.py for tasks to queue
[2022-11-02 17:00:58,533] {logging_mixin.py:115} INFO - [2022-11-02 17:00:58,532] {dagbag.py:508} INFO - Filling up the DagBag from /home/airflow/.local/lib/python3.7/site-packages/airflow/example_dags/example_trigger_target_dag.py
[2022-11-02 17:00:58,564] {processor.py:651} INFO - DAG(s) dict_keys(['example_trigger_target_dag']) retrieved from /home/airflow/.local/lib/python3.7/site-packages/airflow/example_dags/example_trigger_target_dag.py
[2022-11-02 17:00:58,855] {logging_mixin.py:115} INFO - [2022-11-02 17:00:58,854] {dag.py:2420} INFO - Sync 1 DAGs
[2022-11-02 17:00:58,900] {logging_mixin.py:115} INFO - [2022-11-02 17:00:58,900] {dag.py:2972} INFO - Setting next_dagrun for example_trigger_target_dag to None, run_after=None
[2022-11-02 17:00:58,924] {processor.py:161} INFO - Processing /home/airflow/.local/lib/python3.7/site-packages/airflow/example_dags/example_trigger_target_dag.py took 0.398 seconds
[2022-11-02 17:01:29,002] {processor.py:153} INFO - Started process (PID=1123) to work on /home/airflow/.local/lib/python3.7/site-packages/airflow/example_dags/example_trigger_target_dag.py
[2022-11-02 17:01:29,003] {processor.py:641} INFO - Processing file /home/airflow/.local/lib/python3.7/site-packages/airflow/example_dags/example_trigger_target_dag.py for tasks to queue
[2022-11-02 17:01:29,005] {logging_mixin.py:115} INFO - [2022-11-02 17:01:29,004] {dagbag.py:508} INFO - Filling up the DagBag from /home/airflow/.local/lib/python3.7/site-packages/airflow/example_dags/example_trigger_target_dag.py
[2022-11-02 17:01:29,066] {processor.py:651} INFO - DAG(s) dict_keys(['example_trigger_target_dag']) retrieved from /home/airflow/.local/lib/python3.7/site-packages/airflow/example_dags/example_trigger_target_dag.py
[2022-11-02 17:01:29,466] {logging_mixin.py:115} INFO - [2022-11-02 17:01:29,466] {dag.py:2420} INFO - Sync 1 DAGs
[2022-11-02 17:01:29,538] {logging_mixin.py:115} INFO - [2022-11-02 17:01:29,538] {dag.py:2972} INFO - Setting next_dagrun for example_trigger_target_dag to None, run_after=None
[2022-11-02 17:01:29,572] {processor.py:161} INFO - Processing /home/airflow/.local/lib/python3.7/site-packages/airflow/example_dags/example_trigger_target_dag.py took 0.579 seconds
[2022-11-02 17:02:00,065] {processor.py:153} INFO - Started process (PID=1177) to work on /home/airflow/.local/lib/python3.7/site-packages/airflow/example_dags/example_trigger_target_dag.py
[2022-11-02 17:02:00,066] {processor.py:641} INFO - Processing file /home/airflow/.local/lib/python3.7/site-packages/airflow/example_dags/example_trigger_target_dag.py for tasks to queue
[2022-11-02 17:02:00,067] {logging_mixin.py:115} INFO - [2022-11-02 17:02:00,067] {dagbag.py:508} INFO - Filling up the DagBag from /home/airflow/.local/lib/python3.7/site-packages/airflow/example_dags/example_trigger_target_dag.py
[2022-11-02 17:02:00,095] {processor.py:651} INFO - DAG(s) dict_keys(['example_trigger_target_dag']) retrieved from /home/airflow/.local/lib/python3.7/site-packages/airflow/example_dags/example_trigger_target_dag.py
[2022-11-02 17:02:00,349] {logging_mixin.py:115} INFO - [2022-11-02 17:02:00,349] {dag.py:2420} INFO - Sync 1 DAGs
[2022-11-02 17:02:00,386] {logging_mixin.py:115} INFO - [2022-11-02 17:02:00,386] {dag.py:2972} INFO - Setting next_dagrun for example_trigger_target_dag to None, run_after=None
[2022-11-02 17:02:00,414] {processor.py:161} INFO - Processing /home/airflow/.local/lib/python3.7/site-packages/airflow/example_dags/example_trigger_target_dag.py took 0.353 seconds
[2022-11-02 17:02:59,606] {processor.py:153} INFO - Started process (PID=1210) to work on /home/airflow/.local/lib/python3.7/site-packages/airflow/example_dags/example_trigger_target_dag.py
[2022-11-02 17:02:59,608] {processor.py:641} INFO - Processing file /home/airflow/.local/lib/python3.7/site-packages/airflow/example_dags/example_trigger_target_dag.py for tasks to queue
[2022-11-02 17:02:59,609] {logging_mixin.py:115} INFO - [2022-11-02 17:02:59,608] {dagbag.py:508} INFO - Filling up the DagBag from /home/airflow/.local/lib/python3.7/site-packages/airflow/example_dags/example_trigger_target_dag.py
[2022-11-02 17:02:59,637] {processor.py:651} INFO - DAG(s) dict_keys(['example_trigger_target_dag']) retrieved from /home/airflow/.local/lib/python3.7/site-packages/airflow/example_dags/example_trigger_target_dag.py
[2022-11-02 17:02:59,923] {logging_mixin.py:115} INFO - [2022-11-02 17:02:59,922] {dag.py:2420} INFO - Sync 1 DAGs
[2022-11-02 17:02:59,963] {logging_mixin.py:115} INFO - [2022-11-02 17:02:59,963] {dag.py:2972} INFO - Setting next_dagrun for example_trigger_target_dag to None, run_after=None
[2022-11-02 17:02:59,989] {processor.py:161} INFO - Processing /home/airflow/.local/lib/python3.7/site-packages/airflow/example_dags/example_trigger_target_dag.py took 0.387 seconds
[2022-11-02 17:03:30,420] {processor.py:153} INFO - Started process (PID=1265) to work on /home/airflow/.local/lib/python3.7/site-packages/airflow/example_dags/example_trigger_target_dag.py
[2022-11-02 17:03:30,421] {processor.py:641} INFO - Processing file /home/airflow/.local/lib/python3.7/site-packages/airflow/example_dags/example_trigger_target_dag.py for tasks to queue
[2022-11-02 17:03:30,422] {logging_mixin.py:115} INFO - [2022-11-02 17:03:30,422] {dagbag.py:508} INFO - Filling up the DagBag from /home/airflow/.local/lib/python3.7/site-packages/airflow/example_dags/example_trigger_target_dag.py
[2022-11-02 17:03:30,457] {processor.py:651} INFO - DAG(s) dict_keys(['example_trigger_target_dag']) retrieved from /home/airflow/.local/lib/python3.7/site-packages/airflow/example_dags/example_trigger_target_dag.py
[2022-11-02 17:03:30,774] {logging_mixin.py:115} INFO - [2022-11-02 17:03:30,773] {dag.py:2420} INFO - Sync 1 DAGs
[2022-11-02 17:03:30,823] {logging_mixin.py:115} INFO - [2022-11-02 17:03:30,823] {dag.py:2972} INFO - Setting next_dagrun for example_trigger_target_dag to None, run_after=None
[2022-11-02 17:03:30,848] {processor.py:161} INFO - Processing /home/airflow/.local/lib/python3.7/site-packages/airflow/example_dags/example_trigger_target_dag.py took 0.433 seconds
[2022-11-02 17:04:02,854] {processor.py:153} INFO - Started process (PID=1328) to work on /home/airflow/.local/lib/python3.7/site-packages/airflow/example_dags/example_trigger_target_dag.py
[2022-11-02 17:04:02,855] {processor.py:641} INFO - Processing file /home/airflow/.local/lib/python3.7/site-packages/airflow/example_dags/example_trigger_target_dag.py for tasks to queue
[2022-11-02 17:04:02,857] {logging_mixin.py:115} INFO - [2022-11-02 17:04:02,857] {dagbag.py:508} INFO - Filling up the DagBag from /home/airflow/.local/lib/python3.7/site-packages/airflow/example_dags/example_trigger_target_dag.py
[2022-11-02 17:04:02,915] {processor.py:651} INFO - DAG(s) dict_keys(['example_trigger_target_dag']) retrieved from /home/airflow/.local/lib/python3.7/site-packages/airflow/example_dags/example_trigger_target_dag.py
[2022-11-02 17:04:03,526] {logging_mixin.py:115} INFO - [2022-11-02 17:04:03,526] {dag.py:2420} INFO - Sync 1 DAGs
[2022-11-02 17:04:03,619] {logging_mixin.py:115} INFO - [2022-11-02 17:04:03,619] {dag.py:2972} INFO - Setting next_dagrun for example_trigger_target_dag to None, run_after=None
[2022-11-02 17:04:03,653] {processor.py:161} INFO - Processing /home/airflow/.local/lib/python3.7/site-packages/airflow/example_dags/example_trigger_target_dag.py took 0.809 seconds
[2022-11-02 17:04:33,990] {processor.py:153} INFO - Started process (PID=1381) to work on /home/airflow/.local/lib/python3.7/site-packages/airflow/example_dags/example_trigger_target_dag.py
[2022-11-02 17:04:33,995] {processor.py:641} INFO - Processing file /home/airflow/.local/lib/python3.7/site-packages/airflow/example_dags/example_trigger_target_dag.py for tasks to queue
[2022-11-02 17:04:33,997] {logging_mixin.py:115} INFO - [2022-11-02 17:04:33,997] {dagbag.py:508} INFO - Filling up the DagBag from /home/airflow/.local/lib/python3.7/site-packages/airflow/example_dags/example_trigger_target_dag.py
[2022-11-02 17:04:34,052] {processor.py:651} INFO - DAG(s) dict_keys(['example_trigger_target_dag']) retrieved from /home/airflow/.local/lib/python3.7/site-packages/airflow/example_dags/example_trigger_target_dag.py
[2022-11-02 17:04:34,312] {logging_mixin.py:115} INFO - [2022-11-02 17:04:34,312] {dag.py:2420} INFO - Sync 1 DAGs
[2022-11-02 17:04:34,360] {logging_mixin.py:115} INFO - [2022-11-02 17:04:34,359] {dag.py:2972} INFO - Setting next_dagrun for example_trigger_target_dag to None, run_after=None
[2022-11-02 17:04:34,394] {processor.py:161} INFO - Processing /home/airflow/.local/lib/python3.7/site-packages/airflow/example_dags/example_trigger_target_dag.py took 0.413 seconds
[2022-11-02 17:05:04,765] {processor.py:153} INFO - Started process (PID=1435) to work on /home/airflow/.local/lib/python3.7/site-packages/airflow/example_dags/example_trigger_target_dag.py
[2022-11-02 17:05:04,767] {processor.py:641} INFO - Processing file /home/airflow/.local/lib/python3.7/site-packages/airflow/example_dags/example_trigger_target_dag.py for tasks to queue
[2022-11-02 17:05:04,768] {logging_mixin.py:115} INFO - [2022-11-02 17:05:04,768] {dagbag.py:508} INFO - Filling up the DagBag from /home/airflow/.local/lib/python3.7/site-packages/airflow/example_dags/example_trigger_target_dag.py
[2022-11-02 17:05:04,817] {processor.py:651} INFO - DAG(s) dict_keys(['example_trigger_target_dag']) retrieved from /home/airflow/.local/lib/python3.7/site-packages/airflow/example_dags/example_trigger_target_dag.py
[2022-11-02 17:05:05,088] {logging_mixin.py:115} INFO - [2022-11-02 17:05:05,088] {dag.py:2420} INFO - Sync 1 DAGs
[2022-11-02 17:05:05,142] {logging_mixin.py:115} INFO - [2022-11-02 17:05:05,142] {dag.py:2972} INFO - Setting next_dagrun for example_trigger_target_dag to None, run_after=None
[2022-11-02 17:05:05,172] {processor.py:161} INFO - Processing /home/airflow/.local/lib/python3.7/site-packages/airflow/example_dags/example_trigger_target_dag.py took 0.414 seconds
[2022-11-02 17:05:35,349] {processor.py:153} INFO - Started process (PID=1488) to work on /home/airflow/.local/lib/python3.7/site-packages/airflow/example_dags/example_trigger_target_dag.py
[2022-11-02 17:05:35,350] {processor.py:641} INFO - Processing file /home/airflow/.local/lib/python3.7/site-packages/airflow/example_dags/example_trigger_target_dag.py for tasks to queue
[2022-11-02 17:05:35,351] {logging_mixin.py:115} INFO - [2022-11-02 17:05:35,351] {dagbag.py:508} INFO - Filling up the DagBag from /home/airflow/.local/lib/python3.7/site-packages/airflow/example_dags/example_trigger_target_dag.py
[2022-11-02 17:05:35,386] {processor.py:651} INFO - DAG(s) dict_keys(['example_trigger_target_dag']) retrieved from /home/airflow/.local/lib/python3.7/site-packages/airflow/example_dags/example_trigger_target_dag.py
[2022-11-02 17:05:35,708] {logging_mixin.py:115} INFO - [2022-11-02 17:05:35,708] {dag.py:2420} INFO - Sync 1 DAGs
[2022-11-02 17:05:35,762] {logging_mixin.py:115} INFO - [2022-11-02 17:05:35,762] {dag.py:2972} INFO - Setting next_dagrun for example_trigger_target_dag to None, run_after=None
[2022-11-02 17:05:35,788] {processor.py:161} INFO - Processing /home/airflow/.local/lib/python3.7/site-packages/airflow/example_dags/example_trigger_target_dag.py took 0.445 seconds
[2022-11-02 17:06:06,309] {processor.py:153} INFO - Started process (PID=1550) to work on /home/airflow/.local/lib/python3.7/site-packages/airflow/example_dags/example_trigger_target_dag.py
[2022-11-02 17:06:06,310] {processor.py:641} INFO - Processing file /home/airflow/.local/lib/python3.7/site-packages/airflow/example_dags/example_trigger_target_dag.py for tasks to queue
[2022-11-02 17:06:06,311] {logging_mixin.py:115} INFO - [2022-11-02 17:06:06,311] {dagbag.py:508} INFO - Filling up the DagBag from /home/airflow/.local/lib/python3.7/site-packages/airflow/example_dags/example_trigger_target_dag.py
[2022-11-02 17:06:06,359] {processor.py:651} INFO - DAG(s) dict_keys(['example_trigger_target_dag']) retrieved from /home/airflow/.local/lib/python3.7/site-packages/airflow/example_dags/example_trigger_target_dag.py
[2022-11-02 17:06:06,756] {logging_mixin.py:115} INFO - [2022-11-02 17:06:06,755] {dag.py:2420} INFO - Sync 1 DAGs
[2022-11-02 17:06:06,810] {logging_mixin.py:115} INFO - [2022-11-02 17:06:06,810] {dag.py:2972} INFO - Setting next_dagrun for example_trigger_target_dag to None, run_after=None
[2022-11-02 17:06:06,861] {processor.py:161} INFO - Processing /home/airflow/.local/lib/python3.7/site-packages/airflow/example_dags/example_trigger_target_dag.py took 0.560 seconds
[2022-11-02 17:06:36,976] {processor.py:153} INFO - Started process (PID=1603) to work on /home/airflow/.local/lib/python3.7/site-packages/airflow/example_dags/example_trigger_target_dag.py
[2022-11-02 17:06:36,977] {processor.py:641} INFO - Processing file /home/airflow/.local/lib/python3.7/site-packages/airflow/example_dags/example_trigger_target_dag.py for tasks to queue
[2022-11-02 17:06:36,978] {logging_mixin.py:115} INFO - [2022-11-02 17:06:36,977] {dagbag.py:508} INFO - Filling up the DagBag from /home/airflow/.local/lib/python3.7/site-packages/airflow/example_dags/example_trigger_target_dag.py
[2022-11-02 17:06:37,029] {processor.py:651} INFO - DAG(s) dict_keys(['example_trigger_target_dag']) retrieved from /home/airflow/.local/lib/python3.7/site-packages/airflow/example_dags/example_trigger_target_dag.py
[2022-11-02 17:06:37,445] {logging_mixin.py:115} INFO - [2022-11-02 17:06:37,445] {dag.py:2420} INFO - Sync 1 DAGs
[2022-11-02 17:06:37,510] {logging_mixin.py:115} INFO - [2022-11-02 17:06:37,510] {dag.py:2972} INFO - Setting next_dagrun for example_trigger_target_dag to None, run_after=None
[2022-11-02 17:06:37,543] {processor.py:161} INFO - Processing /home/airflow/.local/lib/python3.7/site-packages/airflow/example_dags/example_trigger_target_dag.py took 0.575 seconds
[2022-11-02 17:07:08,187] {processor.py:153} INFO - Started process (PID=1658) to work on /home/airflow/.local/lib/python3.7/site-packages/airflow/example_dags/example_trigger_target_dag.py
[2022-11-02 17:07:08,188] {processor.py:641} INFO - Processing file /home/airflow/.local/lib/python3.7/site-packages/airflow/example_dags/example_trigger_target_dag.py for tasks to queue
[2022-11-02 17:07:08,189] {logging_mixin.py:115} INFO - [2022-11-02 17:07:08,189] {dagbag.py:508} INFO - Filling up the DagBag from /home/airflow/.local/lib/python3.7/site-packages/airflow/example_dags/example_trigger_target_dag.py
[2022-11-02 17:07:08,561] {processor.py:651} INFO - DAG(s) dict_keys(['example_trigger_target_dag']) retrieved from /home/airflow/.local/lib/python3.7/site-packages/airflow/example_dags/example_trigger_target_dag.py
[2022-11-02 17:07:08,614] {logging_mixin.py:115} INFO - [2022-11-02 17:07:08,614] {dag.py:2420} INFO - Sync 1 DAGs
[2022-11-02 17:07:08,676] {logging_mixin.py:115} INFO - [2022-11-02 17:07:08,676] {dag.py:2972} INFO - Setting next_dagrun for example_trigger_target_dag to None, run_after=None
[2022-11-02 17:07:08,708] {processor.py:161} INFO - Processing /home/airflow/.local/lib/python3.7/site-packages/airflow/example_dags/example_trigger_target_dag.py took 0.528 seconds
[2022-11-02 17:07:39,227] {processor.py:153} INFO - Started process (PID=1712) to work on /home/airflow/.local/lib/python3.7/site-packages/airflow/example_dags/example_trigger_target_dag.py
[2022-11-02 17:07:39,228] {processor.py:641} INFO - Processing file /home/airflow/.local/lib/python3.7/site-packages/airflow/example_dags/example_trigger_target_dag.py for tasks to queue
[2022-11-02 17:07:39,229] {logging_mixin.py:115} INFO - [2022-11-02 17:07:39,229] {dagbag.py:508} INFO - Filling up the DagBag from /home/airflow/.local/lib/python3.7/site-packages/airflow/example_dags/example_trigger_target_dag.py
[2022-11-02 17:07:39,519] {processor.py:651} INFO - DAG(s) dict_keys(['example_trigger_target_dag']) retrieved from /home/airflow/.local/lib/python3.7/site-packages/airflow/example_dags/example_trigger_target_dag.py
[2022-11-02 17:07:39,556] {logging_mixin.py:115} INFO - [2022-11-02 17:07:39,556] {dag.py:2420} INFO - Sync 1 DAGs
[2022-11-02 17:07:39,593] {logging_mixin.py:115} INFO - [2022-11-02 17:07:39,593] {dag.py:2972} INFO - Setting next_dagrun for example_trigger_target_dag to None, run_after=None
[2022-11-02 17:07:39,622] {processor.py:161} INFO - Processing /home/airflow/.local/lib/python3.7/site-packages/airflow/example_dags/example_trigger_target_dag.py took 0.400 seconds
[2022-11-02 17:08:10,360] {processor.py:153} INFO - Started process (PID=1775) to work on /home/airflow/.local/lib/python3.7/site-packages/airflow/example_dags/example_trigger_target_dag.py
[2022-11-02 17:08:10,361] {processor.py:641} INFO - Processing file /home/airflow/.local/lib/python3.7/site-packages/airflow/example_dags/example_trigger_target_dag.py for tasks to queue
[2022-11-02 17:08:10,362] {logging_mixin.py:115} INFO - [2022-11-02 17:08:10,362] {dagbag.py:508} INFO - Filling up the DagBag from /home/airflow/.local/lib/python3.7/site-packages/airflow/example_dags/example_trigger_target_dag.py
[2022-11-02 17:08:10,754] {processor.py:651} INFO - DAG(s) dict_keys(['example_trigger_target_dag']) retrieved from /home/airflow/.local/lib/python3.7/site-packages/airflow/example_dags/example_trigger_target_dag.py
[2022-11-02 17:08:10,827] {logging_mixin.py:115} INFO - [2022-11-02 17:08:10,827] {dag.py:2420} INFO - Sync 1 DAGs
[2022-11-02 17:08:10,903] {logging_mixin.py:115} INFO - [2022-11-02 17:08:10,903] {dag.py:2972} INFO - Setting next_dagrun for example_trigger_target_dag to None, run_after=None
[2022-11-02 17:08:10,941] {processor.py:161} INFO - Processing /home/airflow/.local/lib/python3.7/site-packages/airflow/example_dags/example_trigger_target_dag.py took 0.588 seconds
[2022-11-02 17:08:41,239] {processor.py:153} INFO - Started process (PID=1827) to work on /home/airflow/.local/lib/python3.7/site-packages/airflow/example_dags/example_trigger_target_dag.py
[2022-11-02 17:08:41,241] {processor.py:641} INFO - Processing file /home/airflow/.local/lib/python3.7/site-packages/airflow/example_dags/example_trigger_target_dag.py for tasks to queue
[2022-11-02 17:08:41,242] {logging_mixin.py:115} INFO - [2022-11-02 17:08:41,242] {dagbag.py:508} INFO - Filling up the DagBag from /home/airflow/.local/lib/python3.7/site-packages/airflow/example_dags/example_trigger_target_dag.py
[2022-11-02 17:08:41,702] {processor.py:651} INFO - DAG(s) dict_keys(['example_trigger_target_dag']) retrieved from /home/airflow/.local/lib/python3.7/site-packages/airflow/example_dags/example_trigger_target_dag.py
[2022-11-02 17:08:41,768] {logging_mixin.py:115} INFO - [2022-11-02 17:08:41,768] {dag.py:2420} INFO - Sync 1 DAGs
[2022-11-02 17:08:41,822] {logging_mixin.py:115} INFO - [2022-11-02 17:08:41,822] {dag.py:2972} INFO - Setting next_dagrun for example_trigger_target_dag to None, run_after=None
[2022-11-02 17:08:41,852] {processor.py:161} INFO - Processing /home/airflow/.local/lib/python3.7/site-packages/airflow/example_dags/example_trigger_target_dag.py took 0.620 seconds
[2022-11-02 17:09:12,074] {processor.py:153} INFO - Started process (PID=1880) to work on /home/airflow/.local/lib/python3.7/site-packages/airflow/example_dags/example_trigger_target_dag.py
[2022-11-02 17:09:12,076] {processor.py:641} INFO - Processing file /home/airflow/.local/lib/python3.7/site-packages/airflow/example_dags/example_trigger_target_dag.py for tasks to queue
[2022-11-02 17:09:12,079] {logging_mixin.py:115} INFO - [2022-11-02 17:09:12,078] {dagbag.py:508} INFO - Filling up the DagBag from /home/airflow/.local/lib/python3.7/site-packages/airflow/example_dags/example_trigger_target_dag.py
[2022-11-02 17:09:12,573] {processor.py:651} INFO - DAG(s) dict_keys(['example_trigger_target_dag']) retrieved from /home/airflow/.local/lib/python3.7/site-packages/airflow/example_dags/example_trigger_target_dag.py
[2022-11-02 17:09:12,657] {logging_mixin.py:115} INFO - [2022-11-02 17:09:12,657] {dag.py:2420} INFO - Sync 1 DAGs
[2022-11-02 17:09:12,725] {logging_mixin.py:115} INFO - [2022-11-02 17:09:12,724] {dag.py:2972} INFO - Setting next_dagrun for example_trigger_target_dag to None, run_after=None
[2022-11-02 17:09:12,774] {processor.py:161} INFO - Processing /home/airflow/.local/lib/python3.7/site-packages/airflow/example_dags/example_trigger_target_dag.py took 0.706 seconds
[2022-11-02 17:09:42,901] {processor.py:153} INFO - Started process (PID=1942) to work on /home/airflow/.local/lib/python3.7/site-packages/airflow/example_dags/example_trigger_target_dag.py
[2022-11-02 17:09:42,909] {processor.py:641} INFO - Processing file /home/airflow/.local/lib/python3.7/site-packages/airflow/example_dags/example_trigger_target_dag.py for tasks to queue
[2022-11-02 17:09:42,911] {logging_mixin.py:115} INFO - [2022-11-02 17:09:42,910] {dagbag.py:508} INFO - Filling up the DagBag from /home/airflow/.local/lib/python3.7/site-packages/airflow/example_dags/example_trigger_target_dag.py
[2022-11-02 17:09:43,378] {processor.py:651} INFO - DAG(s) dict_keys(['example_trigger_target_dag']) retrieved from /home/airflow/.local/lib/python3.7/site-packages/airflow/example_dags/example_trigger_target_dag.py
[2022-11-02 17:09:43,466] {logging_mixin.py:115} INFO - [2022-11-02 17:09:43,466] {dag.py:2420} INFO - Sync 1 DAGs
[2022-11-02 17:09:43,555] {logging_mixin.py:115} INFO - [2022-11-02 17:09:43,555] {dag.py:2972} INFO - Setting next_dagrun for example_trigger_target_dag to None, run_after=None
[2022-11-02 17:09:43,592] {processor.py:161} INFO - Processing /home/airflow/.local/lib/python3.7/site-packages/airflow/example_dags/example_trigger_target_dag.py took 0.700 seconds
[2022-11-02 17:10:13,748] {processor.py:153} INFO - Started process (PID=1995) to work on /home/airflow/.local/lib/python3.7/site-packages/airflow/example_dags/example_trigger_target_dag.py
[2022-11-02 17:10:13,749] {processor.py:641} INFO - Processing file /home/airflow/.local/lib/python3.7/site-packages/airflow/example_dags/example_trigger_target_dag.py for tasks to queue
[2022-11-02 17:10:13,750] {logging_mixin.py:115} INFO - [2022-11-02 17:10:13,750] {dagbag.py:508} INFO - Filling up the DagBag from /home/airflow/.local/lib/python3.7/site-packages/airflow/example_dags/example_trigger_target_dag.py
[2022-11-02 17:10:14,029] {processor.py:651} INFO - DAG(s) dict_keys(['example_trigger_target_dag']) retrieved from /home/airflow/.local/lib/python3.7/site-packages/airflow/example_dags/example_trigger_target_dag.py
[2022-11-02 17:10:14,062] {logging_mixin.py:115} INFO - [2022-11-02 17:10:14,062] {dag.py:2420} INFO - Sync 1 DAGs
[2022-11-02 17:10:14,099] {logging_mixin.py:115} INFO - [2022-11-02 17:10:14,099] {dag.py:2972} INFO - Setting next_dagrun for example_trigger_target_dag to None, run_after=None
[2022-11-02 17:10:14,123] {processor.py:161} INFO - Processing /home/airflow/.local/lib/python3.7/site-packages/airflow/example_dags/example_trigger_target_dag.py took 0.380 seconds
[2022-11-02 17:10:44,405] {processor.py:153} INFO - Started process (PID=2049) to work on /home/airflow/.local/lib/python3.7/site-packages/airflow/example_dags/example_trigger_target_dag.py
[2022-11-02 17:10:44,405] {processor.py:641} INFO - Processing file /home/airflow/.local/lib/python3.7/site-packages/airflow/example_dags/example_trigger_target_dag.py for tasks to queue
[2022-11-02 17:10:44,406] {logging_mixin.py:115} INFO - [2022-11-02 17:10:44,406] {dagbag.py:508} INFO - Filling up the DagBag from /home/airflow/.local/lib/python3.7/site-packages/airflow/example_dags/example_trigger_target_dag.py
[2022-11-02 17:10:44,604] {processor.py:651} INFO - DAG(s) dict_keys(['example_trigger_target_dag']) retrieved from /home/airflow/.local/lib/python3.7/site-packages/airflow/example_dags/example_trigger_target_dag.py
[2022-11-02 17:10:44,634] {logging_mixin.py:115} INFO - [2022-11-02 17:10:44,634] {dag.py:2420} INFO - Sync 1 DAGs
[2022-11-02 17:10:44,668] {logging_mixin.py:115} INFO - [2022-11-02 17:10:44,668] {dag.py:2972} INFO - Setting next_dagrun for example_trigger_target_dag to None, run_after=None
[2022-11-02 17:10:44,689] {processor.py:161} INFO - Processing /home/airflow/.local/lib/python3.7/site-packages/airflow/example_dags/example_trigger_target_dag.py took 0.289 seconds
[2022-11-02 17:11:15,844] {processor.py:153} INFO - Started process (PID=2103) to work on /home/airflow/.local/lib/python3.7/site-packages/airflow/example_dags/example_trigger_target_dag.py
[2022-11-02 17:11:15,846] {processor.py:641} INFO - Processing file /home/airflow/.local/lib/python3.7/site-packages/airflow/example_dags/example_trigger_target_dag.py for tasks to queue
[2022-11-02 17:11:15,849] {logging_mixin.py:115} INFO - [2022-11-02 17:11:15,848] {dagbag.py:508} INFO - Filling up the DagBag from /home/airflow/.local/lib/python3.7/site-packages/airflow/example_dags/example_trigger_target_dag.py
[2022-11-02 17:11:16,207] {processor.py:651} INFO - DAG(s) dict_keys(['example_trigger_target_dag']) retrieved from /home/airflow/.local/lib/python3.7/site-packages/airflow/example_dags/example_trigger_target_dag.py
[2022-11-02 17:11:16,242] {logging_mixin.py:115} INFO - [2022-11-02 17:11:16,242] {dag.py:2420} INFO - Sync 1 DAGs
[2022-11-02 17:11:16,290] {logging_mixin.py:115} INFO - [2022-11-02 17:11:16,290] {dag.py:2972} INFO - Setting next_dagrun for example_trigger_target_dag to None, run_after=None
[2022-11-02 17:11:16,311] {processor.py:161} INFO - Processing /home/airflow/.local/lib/python3.7/site-packages/airflow/example_dags/example_trigger_target_dag.py took 0.476 seconds
[2022-11-02 17:11:47,695] {processor.py:153} INFO - Started process (PID=2168) to work on /home/airflow/.local/lib/python3.7/site-packages/airflow/example_dags/example_trigger_target_dag.py
[2022-11-02 17:11:47,696] {processor.py:641} INFO - Processing file /home/airflow/.local/lib/python3.7/site-packages/airflow/example_dags/example_trigger_target_dag.py for tasks to queue
[2022-11-02 17:11:47,697] {logging_mixin.py:115} INFO - [2022-11-02 17:11:47,697] {dagbag.py:508} INFO - Filling up the DagBag from /home/airflow/.local/lib/python3.7/site-packages/airflow/example_dags/example_trigger_target_dag.py
[2022-11-02 17:11:47,879] {processor.py:651} INFO - DAG(s) dict_keys(['example_trigger_target_dag']) retrieved from /home/airflow/.local/lib/python3.7/site-packages/airflow/example_dags/example_trigger_target_dag.py
[2022-11-02 17:11:47,913] {logging_mixin.py:115} INFO - [2022-11-02 17:11:47,913] {dag.py:2420} INFO - Sync 1 DAGs
[2022-11-02 17:11:47,956] {logging_mixin.py:115} INFO - [2022-11-02 17:11:47,956] {dag.py:2972} INFO - Setting next_dagrun for example_trigger_target_dag to None, run_after=None
[2022-11-02 17:11:47,981] {processor.py:161} INFO - Processing /home/airflow/.local/lib/python3.7/site-packages/airflow/example_dags/example_trigger_target_dag.py took 0.290 seconds
[2022-11-02 17:12:18,750] {processor.py:153} INFO - Started process (PID=2222) to work on /home/airflow/.local/lib/python3.7/site-packages/airflow/example_dags/example_trigger_target_dag.py
[2022-11-02 17:12:18,751] {processor.py:641} INFO - Processing file /home/airflow/.local/lib/python3.7/site-packages/airflow/example_dags/example_trigger_target_dag.py for tasks to queue
[2022-11-02 17:12:18,752] {logging_mixin.py:115} INFO - [2022-11-02 17:12:18,752] {dagbag.py:508} INFO - Filling up the DagBag from /home/airflow/.local/lib/python3.7/site-packages/airflow/example_dags/example_trigger_target_dag.py
[2022-11-02 17:12:19,171] {processor.py:651} INFO - DAG(s) dict_keys(['example_trigger_target_dag']) retrieved from /home/airflow/.local/lib/python3.7/site-packages/airflow/example_dags/example_trigger_target_dag.py
[2022-11-02 17:12:19,220] {logging_mixin.py:115} INFO - [2022-11-02 17:12:19,219] {dag.py:2420} INFO - Sync 1 DAGs
[2022-11-02 17:12:19,281] {logging_mixin.py:115} INFO - [2022-11-02 17:12:19,281] {dag.py:2972} INFO - Setting next_dagrun for example_trigger_target_dag to None, run_after=None
[2022-11-02 17:12:19,305] {processor.py:161} INFO - Processing /home/airflow/.local/lib/python3.7/site-packages/airflow/example_dags/example_trigger_target_dag.py took 0.563 seconds
[2022-11-02 17:12:49,879] {processor.py:153} INFO - Started process (PID=2276) to work on /home/airflow/.local/lib/python3.7/site-packages/airflow/example_dags/example_trigger_target_dag.py
[2022-11-02 17:12:49,880] {processor.py:641} INFO - Processing file /home/airflow/.local/lib/python3.7/site-packages/airflow/example_dags/example_trigger_target_dag.py for tasks to queue
[2022-11-02 17:12:49,883] {logging_mixin.py:115} INFO - [2022-11-02 17:12:49,883] {dagbag.py:508} INFO - Filling up the DagBag from /home/airflow/.local/lib/python3.7/site-packages/airflow/example_dags/example_trigger_target_dag.py
[2022-11-02 17:12:50,277] {processor.py:651} INFO - DAG(s) dict_keys(['example_trigger_target_dag']) retrieved from /home/airflow/.local/lib/python3.7/site-packages/airflow/example_dags/example_trigger_target_dag.py
[2022-11-02 17:12:50,330] {logging_mixin.py:115} INFO - [2022-11-02 17:12:50,330] {dag.py:2420} INFO - Sync 1 DAGs
[2022-11-02 17:12:50,376] {logging_mixin.py:115} INFO - [2022-11-02 17:12:50,375] {dag.py:2972} INFO - Setting next_dagrun for example_trigger_target_dag to None, run_after=None
[2022-11-02 17:12:50,399] {processor.py:161} INFO - Processing /home/airflow/.local/lib/python3.7/site-packages/airflow/example_dags/example_trigger_target_dag.py took 0.528 seconds
[2022-11-02 17:13:20,441] {processor.py:153} INFO - Started process (PID=2329) to work on /home/airflow/.local/lib/python3.7/site-packages/airflow/example_dags/example_trigger_target_dag.py
[2022-11-02 17:13:20,442] {processor.py:641} INFO - Processing file /home/airflow/.local/lib/python3.7/site-packages/airflow/example_dags/example_trigger_target_dag.py for tasks to queue
[2022-11-02 17:13:20,442] {logging_mixin.py:115} INFO - [2022-11-02 17:13:20,442] {dagbag.py:508} INFO - Filling up the DagBag from /home/airflow/.local/lib/python3.7/site-packages/airflow/example_dags/example_trigger_target_dag.py
[2022-11-02 17:13:20,786] {processor.py:651} INFO - DAG(s) dict_keys(['example_trigger_target_dag']) retrieved from /home/airflow/.local/lib/python3.7/site-packages/airflow/example_dags/example_trigger_target_dag.py
[2022-11-02 17:13:20,848] {logging_mixin.py:115} INFO - [2022-11-02 17:13:20,848] {dag.py:2420} INFO - Sync 1 DAGs
[2022-11-02 17:13:20,910] {logging_mixin.py:115} INFO - [2022-11-02 17:13:20,909] {dag.py:2972} INFO - Setting next_dagrun for example_trigger_target_dag to None, run_after=None
[2022-11-02 17:13:20,951] {processor.py:161} INFO - Processing /home/airflow/.local/lib/python3.7/site-packages/airflow/example_dags/example_trigger_target_dag.py took 0.515 seconds
[2022-11-02 17:13:51,291] {processor.py:153} INFO - Started process (PID=2391) to work on /home/airflow/.local/lib/python3.7/site-packages/airflow/example_dags/example_trigger_target_dag.py
[2022-11-02 17:13:51,293] {processor.py:641} INFO - Processing file /home/airflow/.local/lib/python3.7/site-packages/airflow/example_dags/example_trigger_target_dag.py for tasks to queue
[2022-11-02 17:13:51,294] {logging_mixin.py:115} INFO - [2022-11-02 17:13:51,294] {dagbag.py:508} INFO - Filling up the DagBag from /home/airflow/.local/lib/python3.7/site-packages/airflow/example_dags/example_trigger_target_dag.py
[2022-11-02 17:13:51,636] {processor.py:651} INFO - DAG(s) dict_keys(['example_trigger_target_dag']) retrieved from /home/airflow/.local/lib/python3.7/site-packages/airflow/example_dags/example_trigger_target_dag.py
[2022-11-02 17:13:51,682] {logging_mixin.py:115} INFO - [2022-11-02 17:13:51,682] {dag.py:2420} INFO - Sync 1 DAGs
[2022-11-02 17:13:51,734] {logging_mixin.py:115} INFO - [2022-11-02 17:13:51,734] {dag.py:2972} INFO - Setting next_dagrun for example_trigger_target_dag to None, run_after=None
[2022-11-02 17:13:51,764] {processor.py:161} INFO - Processing /home/airflow/.local/lib/python3.7/site-packages/airflow/example_dags/example_trigger_target_dag.py took 0.481 seconds
[2022-11-02 17:14:21,996] {processor.py:153} INFO - Started process (PID=2445) to work on /home/airflow/.local/lib/python3.7/site-packages/airflow/example_dags/example_trigger_target_dag.py
[2022-11-02 17:14:21,998] {processor.py:641} INFO - Processing file /home/airflow/.local/lib/python3.7/site-packages/airflow/example_dags/example_trigger_target_dag.py for tasks to queue
[2022-11-02 17:14:21,999] {logging_mixin.py:115} INFO - [2022-11-02 17:14:21,999] {dagbag.py:508} INFO - Filling up the DagBag from /home/airflow/.local/lib/python3.7/site-packages/airflow/example_dags/example_trigger_target_dag.py
[2022-11-02 17:14:22,418] {processor.py:651} INFO - DAG(s) dict_keys(['example_trigger_target_dag']) retrieved from /home/airflow/.local/lib/python3.7/site-packages/airflow/example_dags/example_trigger_target_dag.py
[2022-11-02 17:14:22,467] {logging_mixin.py:115} INFO - [2022-11-02 17:14:22,466] {dag.py:2420} INFO - Sync 1 DAGs
[2022-11-02 17:14:22,517] {logging_mixin.py:115} INFO - [2022-11-02 17:14:22,517] {dag.py:2972} INFO - Setting next_dagrun for example_trigger_target_dag to None, run_after=None
[2022-11-02 17:14:22,549] {processor.py:161} INFO - Processing /home/airflow/.local/lib/python3.7/site-packages/airflow/example_dags/example_trigger_target_dag.py took 0.562 seconds
[2022-11-02 17:14:53,663] {processor.py:153} INFO - Started process (PID=2500) to work on /home/airflow/.local/lib/python3.7/site-packages/airflow/example_dags/example_trigger_target_dag.py
[2022-11-02 17:14:53,664] {processor.py:641} INFO - Processing file /home/airflow/.local/lib/python3.7/site-packages/airflow/example_dags/example_trigger_target_dag.py for tasks to queue
[2022-11-02 17:14:53,665] {logging_mixin.py:115} INFO - [2022-11-02 17:14:53,665] {dagbag.py:508} INFO - Filling up the DagBag from /home/airflow/.local/lib/python3.7/site-packages/airflow/example_dags/example_trigger_target_dag.py
[2022-11-02 17:14:53,880] {processor.py:651} INFO - DAG(s) dict_keys(['example_trigger_target_dag']) retrieved from /home/airflow/.local/lib/python3.7/site-packages/airflow/example_dags/example_trigger_target_dag.py
[2022-11-02 17:14:53,919] {logging_mixin.py:115} INFO - [2022-11-02 17:14:53,918] {dag.py:2420} INFO - Sync 1 DAGs
[2022-11-02 17:14:53,966] {logging_mixin.py:115} INFO - [2022-11-02 17:14:53,966] {dag.py:2972} INFO - Setting next_dagrun for example_trigger_target_dag to None, run_after=None
[2022-11-02 17:14:53,998] {processor.py:161} INFO - Processing /home/airflow/.local/lib/python3.7/site-packages/airflow/example_dags/example_trigger_target_dag.py took 0.339 seconds
[2022-11-02 17:15:24,758] {processor.py:153} INFO - Started process (PID=2554) to work on /home/airflow/.local/lib/python3.7/site-packages/airflow/example_dags/example_trigger_target_dag.py
[2022-11-02 17:15:24,760] {processor.py:641} INFO - Processing file /home/airflow/.local/lib/python3.7/site-packages/airflow/example_dags/example_trigger_target_dag.py for tasks to queue
[2022-11-02 17:15:24,761] {logging_mixin.py:115} INFO - [2022-11-02 17:15:24,761] {dagbag.py:508} INFO - Filling up the DagBag from /home/airflow/.local/lib/python3.7/site-packages/airflow/example_dags/example_trigger_target_dag.py
[2022-11-02 17:15:25,010] {processor.py:651} INFO - DAG(s) dict_keys(['example_trigger_target_dag']) retrieved from /home/airflow/.local/lib/python3.7/site-packages/airflow/example_dags/example_trigger_target_dag.py
[2022-11-02 17:15:25,074] {logging_mixin.py:115} INFO - [2022-11-02 17:15:25,074] {dag.py:2420} INFO - Sync 1 DAGs
[2022-11-02 17:15:25,153] {logging_mixin.py:115} INFO - [2022-11-02 17:15:25,153] {dag.py:2972} INFO - Setting next_dagrun for example_trigger_target_dag to None, run_after=None
[2022-11-02 17:15:25,196] {processor.py:161} INFO - Processing /home/airflow/.local/lib/python3.7/site-packages/airflow/example_dags/example_trigger_target_dag.py took 0.443 seconds
[2022-11-02 17:15:56,346] {processor.py:153} INFO - Started process (PID=2618) to work on /home/airflow/.local/lib/python3.7/site-packages/airflow/example_dags/example_trigger_target_dag.py
[2022-11-02 17:15:56,348] {processor.py:641} INFO - Processing file /home/airflow/.local/lib/python3.7/site-packages/airflow/example_dags/example_trigger_target_dag.py for tasks to queue
[2022-11-02 17:15:56,350] {logging_mixin.py:115} INFO - [2022-11-02 17:15:56,349] {dagbag.py:508} INFO - Filling up the DagBag from /home/airflow/.local/lib/python3.7/site-packages/airflow/example_dags/example_trigger_target_dag.py
[2022-11-02 17:15:56,577] {processor.py:651} INFO - DAG(s) dict_keys(['example_trigger_target_dag']) retrieved from /home/airflow/.local/lib/python3.7/site-packages/airflow/example_dags/example_trigger_target_dag.py
[2022-11-02 17:15:56,609] {logging_mixin.py:115} INFO - [2022-11-02 17:15:56,609] {dag.py:2420} INFO - Sync 1 DAGs
[2022-11-02 17:15:56,647] {logging_mixin.py:115} INFO - [2022-11-02 17:15:56,646] {dag.py:2972} INFO - Setting next_dagrun for example_trigger_target_dag to None, run_after=None
[2022-11-02 17:15:56,669] {processor.py:161} INFO - Processing /home/airflow/.local/lib/python3.7/site-packages/airflow/example_dags/example_trigger_target_dag.py took 0.329 seconds
[2022-11-02 17:16:27,816] {processor.py:153} INFO - Started process (PID=2672) to work on /home/airflow/.local/lib/python3.7/site-packages/airflow/example_dags/example_trigger_target_dag.py
[2022-11-02 17:16:27,818] {processor.py:641} INFO - Processing file /home/airflow/.local/lib/python3.7/site-packages/airflow/example_dags/example_trigger_target_dag.py for tasks to queue
[2022-11-02 17:16:27,820] {logging_mixin.py:115} INFO - [2022-11-02 17:16:27,819] {dagbag.py:508} INFO - Filling up the DagBag from /home/airflow/.local/lib/python3.7/site-packages/airflow/example_dags/example_trigger_target_dag.py
[2022-11-02 17:16:28,226] {processor.py:651} INFO - DAG(s) dict_keys(['example_trigger_target_dag']) retrieved from /home/airflow/.local/lib/python3.7/site-packages/airflow/example_dags/example_trigger_target_dag.py
[2022-11-02 17:16:28,273] {logging_mixin.py:115} INFO - [2022-11-02 17:16:28,273] {dag.py:2420} INFO - Sync 1 DAGs
[2022-11-02 17:16:28,324] {logging_mixin.py:115} INFO - [2022-11-02 17:16:28,324] {dag.py:2972} INFO - Setting next_dagrun for example_trigger_target_dag to None, run_after=None
[2022-11-02 17:16:28,356] {processor.py:161} INFO - Processing /home/airflow/.local/lib/python3.7/site-packages/airflow/example_dags/example_trigger_target_dag.py took 0.548 seconds
[2022-11-02 17:16:59,203] {processor.py:153} INFO - Started process (PID=2724) to work on /home/airflow/.local/lib/python3.7/site-packages/airflow/example_dags/example_trigger_target_dag.py
[2022-11-02 17:16:59,204] {processor.py:641} INFO - Processing file /home/airflow/.local/lib/python3.7/site-packages/airflow/example_dags/example_trigger_target_dag.py for tasks to queue
[2022-11-02 17:16:59,205] {logging_mixin.py:115} INFO - [2022-11-02 17:16:59,205] {dagbag.py:508} INFO - Filling up the DagBag from /home/airflow/.local/lib/python3.7/site-packages/airflow/example_dags/example_trigger_target_dag.py
[2022-11-02 17:16:59,535] {processor.py:651} INFO - DAG(s) dict_keys(['example_trigger_target_dag']) retrieved from /home/airflow/.local/lib/python3.7/site-packages/airflow/example_dags/example_trigger_target_dag.py
[2022-11-02 17:16:59,586] {logging_mixin.py:115} INFO - [2022-11-02 17:16:59,586] {dag.py:2420} INFO - Sync 1 DAGs
[2022-11-02 17:16:59,648] {logging_mixin.py:115} INFO - [2022-11-02 17:16:59,648] {dag.py:2972} INFO - Setting next_dagrun for example_trigger_target_dag to None, run_after=None
[2022-11-02 17:16:59,684] {processor.py:161} INFO - Processing /home/airflow/.local/lib/python3.7/site-packages/airflow/example_dags/example_trigger_target_dag.py took 0.486 seconds
