[2022-12-16 17:29:44,193] {processor.py:153} INFO - Started process (PID=53) to work on /home/airflow/.local/lib/python3.7/site-packages/airflow/example_dags/example_complex.py
[2022-12-16 17:29:44,194] {processor.py:641} INFO - Processing file /home/airflow/.local/lib/python3.7/site-packages/airflow/example_dags/example_complex.py for tasks to queue
[2022-12-16 17:29:44,194] {logging_mixin.py:115} INFO - [2022-12-16 17:29:44,194] {dagbag.py:508} INFO - Filling up the DagBag from /home/airflow/.local/lib/python3.7/site-packages/airflow/example_dags/example_complex.py
[2022-12-16 17:29:44,216] {processor.py:651} INFO - DAG(s) dict_keys(['example_complex']) retrieved from /home/airflow/.local/lib/python3.7/site-packages/airflow/example_dags/example_complex.py
[2022-12-16 17:29:44,290] {logging_mixin.py:115} INFO - [2022-12-16 17:29:44,290] {dag.py:2420} INFO - Sync 1 DAGs
[2022-12-16 17:29:44,599] {logging_mixin.py:115} INFO - [2022-12-16 17:29:44,599] {dag.py:2972} INFO - Setting next_dagrun for example_complex to None, run_after=None
[2022-12-16 17:29:44,623] {processor.py:161} INFO - Processing /home/airflow/.local/lib/python3.7/site-packages/airflow/example_dags/example_complex.py took 0.435 seconds
[2022-12-16 20:29:49,335] {processor.py:153} INFO - Started process (PID=98) to work on /home/airflow/.local/lib/python3.7/site-packages/airflow/example_dags/example_complex.py
[2022-12-16 20:29:49,336] {processor.py:641} INFO - Processing file /home/airflow/.local/lib/python3.7/site-packages/airflow/example_dags/example_complex.py for tasks to queue
[2022-12-16 20:29:49,336] {logging_mixin.py:115} INFO - [2022-12-16 20:29:49,336] {dagbag.py:508} INFO - Filling up the DagBag from /home/airflow/.local/lib/python3.7/site-packages/airflow/example_dags/example_complex.py
[2022-12-16 20:29:49,353] {processor.py:651} INFO - DAG(s) dict_keys(['example_complex']) retrieved from /home/airflow/.local/lib/python3.7/site-packages/airflow/example_dags/example_complex.py
[2022-12-16 20:29:49,417] {logging_mixin.py:115} INFO - [2022-12-16 20:29:49,417] {dag.py:2420} INFO - Sync 1 DAGs
[2022-12-16 20:29:49,704] {logging_mixin.py:115} INFO - [2022-12-16 20:29:49,704] {dag.py:2972} INFO - Setting next_dagrun for example_complex to None, run_after=None
[2022-12-16 20:29:49,729] {processor.py:161} INFO - Processing /home/airflow/.local/lib/python3.7/site-packages/airflow/example_dags/example_complex.py took 0.398 seconds
[2022-12-16 20:30:20,452] {processor.py:153} INFO - Started process (PID=152) to work on /home/airflow/.local/lib/python3.7/site-packages/airflow/example_dags/example_complex.py
[2022-12-16 20:30:20,453] {processor.py:641} INFO - Processing file /home/airflow/.local/lib/python3.7/site-packages/airflow/example_dags/example_complex.py for tasks to queue
[2022-12-16 20:30:20,453] {logging_mixin.py:115} INFO - [2022-12-16 20:30:20,453] {dagbag.py:508} INFO - Filling up the DagBag from /home/airflow/.local/lib/python3.7/site-packages/airflow/example_dags/example_complex.py
[2022-12-16 20:30:20,474] {processor.py:651} INFO - DAG(s) dict_keys(['example_complex']) retrieved from /home/airflow/.local/lib/python3.7/site-packages/airflow/example_dags/example_complex.py
[2022-12-16 20:30:20,534] {logging_mixin.py:115} INFO - [2022-12-16 20:30:20,533] {dag.py:2420} INFO - Sync 1 DAGs
[2022-12-16 20:30:20,817] {logging_mixin.py:115} INFO - [2022-12-16 20:30:20,816] {dag.py:2972} INFO - Setting next_dagrun for example_complex to None, run_after=None
[2022-12-16 20:30:20,839] {processor.py:161} INFO - Processing /home/airflow/.local/lib/python3.7/site-packages/airflow/example_dags/example_complex.py took 0.391 seconds
[2022-12-16 20:30:51,307] {processor.py:153} INFO - Started process (PID=216) to work on /home/airflow/.local/lib/python3.7/site-packages/airflow/example_dags/example_complex.py
[2022-12-16 20:30:51,311] {processor.py:641} INFO - Processing file /home/airflow/.local/lib/python3.7/site-packages/airflow/example_dags/example_complex.py for tasks to queue
[2022-12-16 20:30:51,312] {logging_mixin.py:115} INFO - [2022-12-16 20:30:51,312] {dagbag.py:508} INFO - Filling up the DagBag from /home/airflow/.local/lib/python3.7/site-packages/airflow/example_dags/example_complex.py
[2022-12-16 20:30:51,343] {processor.py:651} INFO - DAG(s) dict_keys(['example_complex']) retrieved from /home/airflow/.local/lib/python3.7/site-packages/airflow/example_dags/example_complex.py
[2022-12-16 20:30:51,421] {logging_mixin.py:115} INFO - [2022-12-16 20:30:51,421] {dag.py:2420} INFO - Sync 1 DAGs
[2022-12-16 20:30:51,743] {logging_mixin.py:115} INFO - [2022-12-16 20:30:51,743] {dag.py:2972} INFO - Setting next_dagrun for example_complex to None, run_after=None
[2022-12-16 20:30:51,769] {processor.py:161} INFO - Processing /home/airflow/.local/lib/python3.7/site-packages/airflow/example_dags/example_complex.py took 0.466 seconds
