[2022-12-16 17:29:47,336] {processor.py:153} INFO - Started process (PID=67) to work on /home/airflow/.local/lib/python3.7/site-packages/airflow/example_dags/example_branch_operator.py
[2022-12-16 17:29:47,337] {processor.py:641} INFO - Processing file /home/airflow/.local/lib/python3.7/site-packages/airflow/example_dags/example_branch_operator.py for tasks to queue
[2022-12-16 17:29:47,337] {logging_mixin.py:115} INFO - [2022-12-16 17:29:47,337] {dagbag.py:508} INFO - Filling up the DagBag from /home/airflow/.local/lib/python3.7/site-packages/airflow/example_dags/example_branch_operator.py
[2022-12-16 17:29:47,356] {processor.py:651} INFO - DAG(s) dict_keys(['example_branch_operator']) retrieved from /home/airflow/.local/lib/python3.7/site-packages/airflow/example_dags/example_branch_operator.py
[2022-12-16 17:29:47,427] {logging_mixin.py:115} INFO - [2022-12-16 17:29:47,427] {dag.py:2420} INFO - Sync 1 DAGs
[2022-12-16 17:29:47,653] {logging_mixin.py:115} INFO - [2022-12-16 17:29:47,653] {dag.py:2972} INFO - Setting next_dagrun for example_branch_operator to 2022-12-15T00:00:00+00:00, run_after=2022-12-16T00:00:00+00:00
[2022-12-16 17:29:47,671] {processor.py:161} INFO - Processing /home/airflow/.local/lib/python3.7/site-packages/airflow/example_dags/example_branch_operator.py took 0.340 seconds
[2022-12-16 20:29:51,982] {processor.py:153} INFO - Started process (PID=112) to work on /home/airflow/.local/lib/python3.7/site-packages/airflow/example_dags/example_branch_operator.py
[2022-12-16 20:29:51,983] {processor.py:641} INFO - Processing file /home/airflow/.local/lib/python3.7/site-packages/airflow/example_dags/example_branch_operator.py for tasks to queue
[2022-12-16 20:29:51,984] {logging_mixin.py:115} INFO - [2022-12-16 20:29:51,984] {dagbag.py:508} INFO - Filling up the DagBag from /home/airflow/.local/lib/python3.7/site-packages/airflow/example_dags/example_branch_operator.py
[2022-12-16 20:29:52,000] {processor.py:651} INFO - DAG(s) dict_keys(['example_branch_operator']) retrieved from /home/airflow/.local/lib/python3.7/site-packages/airflow/example_dags/example_branch_operator.py
[2022-12-16 20:29:52,040] {logging_mixin.py:115} INFO - [2022-12-16 20:29:52,040] {dag.py:2420} INFO - Sync 1 DAGs
[2022-12-16 20:29:52,231] {logging_mixin.py:115} INFO - [2022-12-16 20:29:52,231] {dag.py:2972} INFO - Setting next_dagrun for example_branch_operator to 2022-12-15T00:00:00+00:00, run_after=2022-12-16T00:00:00+00:00
[2022-12-16 20:29:52,249] {processor.py:161} INFO - Processing /home/airflow/.local/lib/python3.7/site-packages/airflow/example_dags/example_branch_operator.py took 0.270 seconds
[2022-12-16 20:30:23,199] {processor.py:153} INFO - Started process (PID=166) to work on /home/airflow/.local/lib/python3.7/site-packages/airflow/example_dags/example_branch_operator.py
[2022-12-16 20:30:23,201] {processor.py:641} INFO - Processing file /home/airflow/.local/lib/python3.7/site-packages/airflow/example_dags/example_branch_operator.py for tasks to queue
[2022-12-16 20:30:23,201] {logging_mixin.py:115} INFO - [2022-12-16 20:30:23,201] {dagbag.py:508} INFO - Filling up the DagBag from /home/airflow/.local/lib/python3.7/site-packages/airflow/example_dags/example_branch_operator.py
[2022-12-16 20:30:23,219] {processor.py:651} INFO - DAG(s) dict_keys(['example_branch_operator']) retrieved from /home/airflow/.local/lib/python3.7/site-packages/airflow/example_dags/example_branch_operator.py
[2022-12-16 20:30:23,264] {logging_mixin.py:115} INFO - [2022-12-16 20:30:23,264] {dag.py:2420} INFO - Sync 1 DAGs
[2022-12-16 20:30:23,546] {logging_mixin.py:115} INFO - [2022-12-16 20:30:23,546] {dag.py:2972} INFO - Setting next_dagrun for example_branch_operator to 2022-12-15T00:00:00+00:00, run_after=2022-12-16T00:00:00+00:00
[2022-12-16 20:30:23,571] {processor.py:161} INFO - Processing /home/airflow/.local/lib/python3.7/site-packages/airflow/example_dags/example_branch_operator.py took 0.376 seconds
[2022-12-16 20:30:54,696] {processor.py:153} INFO - Started process (PID=230) to work on /home/airflow/.local/lib/python3.7/site-packages/airflow/example_dags/example_branch_operator.py
[2022-12-16 20:30:54,697] {processor.py:641} INFO - Processing file /home/airflow/.local/lib/python3.7/site-packages/airflow/example_dags/example_branch_operator.py for tasks to queue
[2022-12-16 20:30:54,698] {logging_mixin.py:115} INFO - [2022-12-16 20:30:54,698] {dagbag.py:508} INFO - Filling up the DagBag from /home/airflow/.local/lib/python3.7/site-packages/airflow/example_dags/example_branch_operator.py
[2022-12-16 20:30:54,729] {processor.py:651} INFO - DAG(s) dict_keys(['example_branch_operator']) retrieved from /home/airflow/.local/lib/python3.7/site-packages/airflow/example_dags/example_branch_operator.py
[2022-12-16 20:30:54,791] {logging_mixin.py:115} INFO - [2022-12-16 20:30:54,791] {dag.py:2420} INFO - Sync 1 DAGs
[2022-12-16 20:30:55,065] {logging_mixin.py:115} INFO - [2022-12-16 20:30:55,065] {dag.py:2972} INFO - Setting next_dagrun for example_branch_operator to 2022-12-15T00:00:00+00:00, run_after=2022-12-16T00:00:00+00:00
[2022-12-16 20:30:55,092] {processor.py:161} INFO - Processing /home/airflow/.local/lib/python3.7/site-packages/airflow/example_dags/example_branch_operator.py took 0.404 seconds
