[2022-12-03 14:09:20,099] {processor.py:153} INFO - Started process (PID=48) to work on /home/airflow/.local/lib/python3.7/site-packages/airflow/example_dags/example_latest_only_with_trigger.py
[2022-12-03 14:09:20,100] {processor.py:641} INFO - Processing file /home/airflow/.local/lib/python3.7/site-packages/airflow/example_dags/example_latest_only_with_trigger.py for tasks to queue
[2022-12-03 14:09:20,100] {logging_mixin.py:115} INFO - [2022-12-03 14:09:20,100] {dagbag.py:508} INFO - Filling up the DagBag from /home/airflow/.local/lib/python3.7/site-packages/airflow/example_dags/example_latest_only_with_trigger.py
[2022-12-03 14:09:20,108] {processor.py:651} INFO - DAG(s) dict_keys(['latest_only_with_trigger']) retrieved from /home/airflow/.local/lib/python3.7/site-packages/airflow/example_dags/example_latest_only_with_trigger.py
[2022-12-03 14:09:20,150] {logging_mixin.py:115} INFO - [2022-12-03 14:09:20,150] {dag.py:2420} INFO - Sync 1 DAGs
[2022-12-03 14:09:20,383] {logging_mixin.py:115} INFO - [2022-12-03 14:09:20,383] {dag.py:2972} INFO - Setting next_dagrun for latest_only_with_trigger to 2022-12-03T10:09:20.382796+00:00, run_after=2022-12-03T14:09:20.382796+00:00
[2022-12-03 14:09:20,399] {processor.py:161} INFO - Processing /home/airflow/.local/lib/python3.7/site-packages/airflow/example_dags/example_latest_only_with_trigger.py took 0.304 seconds
[2022-12-03 17:09:27,611] {processor.py:153} INFO - Started process (PID=93) to work on /home/airflow/.local/lib/python3.7/site-packages/airflow/example_dags/example_latest_only_with_trigger.py
[2022-12-03 17:09:27,616] {processor.py:641} INFO - Processing file /home/airflow/.local/lib/python3.7/site-packages/airflow/example_dags/example_latest_only_with_trigger.py for tasks to queue
[2022-12-03 17:09:27,617] {logging_mixin.py:115} INFO - [2022-12-03 17:09:27,617] {dagbag.py:508} INFO - Filling up the DagBag from /home/airflow/.local/lib/python3.7/site-packages/airflow/example_dags/example_latest_only_with_trigger.py
[2022-12-03 17:09:27,628] {processor.py:651} INFO - DAG(s) dict_keys(['latest_only_with_trigger']) retrieved from /home/airflow/.local/lib/python3.7/site-packages/airflow/example_dags/example_latest_only_with_trigger.py
[2022-12-03 17:09:27,706] {logging_mixin.py:115} INFO - [2022-12-03 17:09:27,706] {dag.py:2420} INFO - Sync 1 DAGs
[2022-12-03 17:09:27,957] {logging_mixin.py:115} INFO - [2022-12-03 17:09:27,957] {dag.py:2972} INFO - Setting next_dagrun for latest_only_with_trigger to 2022-12-03T13:09:27.957155+00:00, run_after=2022-12-03T17:09:27.957155+00:00
[2022-12-03 17:09:27,979] {processor.py:161} INFO - Processing /home/airflow/.local/lib/python3.7/site-packages/airflow/example_dags/example_latest_only_with_trigger.py took 0.388 seconds
[2022-12-03 17:09:58,639] {processor.py:153} INFO - Started process (PID=146) to work on /home/airflow/.local/lib/python3.7/site-packages/airflow/example_dags/example_latest_only_with_trigger.py
[2022-12-03 17:09:58,641] {processor.py:641} INFO - Processing file /home/airflow/.local/lib/python3.7/site-packages/airflow/example_dags/example_latest_only_with_trigger.py for tasks to queue
[2022-12-03 17:09:58,641] {logging_mixin.py:115} INFO - [2022-12-03 17:09:58,641] {dagbag.py:508} INFO - Filling up the DagBag from /home/airflow/.local/lib/python3.7/site-packages/airflow/example_dags/example_latest_only_with_trigger.py
[2022-12-03 17:09:58,649] {processor.py:651} INFO - DAG(s) dict_keys(['latest_only_with_trigger']) retrieved from /home/airflow/.local/lib/python3.7/site-packages/airflow/example_dags/example_latest_only_with_trigger.py
[2022-12-03 17:09:58,696] {logging_mixin.py:115} INFO - [2022-12-03 17:09:58,696] {dag.py:2420} INFO - Sync 1 DAGs
[2022-12-03 17:09:58,940] {logging_mixin.py:115} INFO - [2022-12-03 17:09:58,940] {dag.py:2972} INFO - Setting next_dagrun for latest_only_with_trigger to 2022-12-03T13:09:58.940105+00:00, run_after=2022-12-03T17:09:58.940105+00:00
[2022-12-03 17:09:58,965] {processor.py:161} INFO - Processing /home/airflow/.local/lib/python3.7/site-packages/airflow/example_dags/example_latest_only_with_trigger.py took 0.331 seconds
[2022-12-03 17:10:29,011] {processor.py:153} INFO - Started process (PID=199) to work on /home/airflow/.local/lib/python3.7/site-packages/airflow/example_dags/example_latest_only_with_trigger.py
[2022-12-03 17:10:29,012] {processor.py:641} INFO - Processing file /home/airflow/.local/lib/python3.7/site-packages/airflow/example_dags/example_latest_only_with_trigger.py for tasks to queue
[2022-12-03 17:10:29,013] {logging_mixin.py:115} INFO - [2022-12-03 17:10:29,013] {dagbag.py:508} INFO - Filling up the DagBag from /home/airflow/.local/lib/python3.7/site-packages/airflow/example_dags/example_latest_only_with_trigger.py
[2022-12-03 17:10:29,023] {processor.py:651} INFO - DAG(s) dict_keys(['latest_only_with_trigger']) retrieved from /home/airflow/.local/lib/python3.7/site-packages/airflow/example_dags/example_latest_only_with_trigger.py
[2022-12-03 17:10:29,088] {logging_mixin.py:115} INFO - [2022-12-03 17:10:29,087] {dag.py:2420} INFO - Sync 1 DAGs
[2022-12-03 17:10:29,456] {logging_mixin.py:115} INFO - [2022-12-03 17:10:29,456] {dag.py:2972} INFO - Setting next_dagrun for latest_only_with_trigger to 2022-12-03T13:10:29.455670+00:00, run_after=2022-12-03T17:10:29.455670+00:00
[2022-12-03 17:10:29,484] {processor.py:161} INFO - Processing /home/airflow/.local/lib/python3.7/site-packages/airflow/example_dags/example_latest_only_with_trigger.py took 0.479 seconds
[2022-12-03 17:11:00,330] {processor.py:153} INFO - Started process (PID=250) to work on /home/airflow/.local/lib/python3.7/site-packages/airflow/example_dags/example_latest_only_with_trigger.py
[2022-12-03 17:11:00,332] {processor.py:641} INFO - Processing file /home/airflow/.local/lib/python3.7/site-packages/airflow/example_dags/example_latest_only_with_trigger.py for tasks to queue
[2022-12-03 17:11:00,333] {logging_mixin.py:115} INFO - [2022-12-03 17:11:00,333] {dagbag.py:508} INFO - Filling up the DagBag from /home/airflow/.local/lib/python3.7/site-packages/airflow/example_dags/example_latest_only_with_trigger.py
[2022-12-03 17:11:00,345] {processor.py:651} INFO - DAG(s) dict_keys(['latest_only_with_trigger']) retrieved from /home/airflow/.local/lib/python3.7/site-packages/airflow/example_dags/example_latest_only_with_trigger.py
[2022-12-03 17:11:00,405] {logging_mixin.py:115} INFO - [2022-12-03 17:11:00,405] {dag.py:2420} INFO - Sync 1 DAGs
[2022-12-03 17:11:00,677] {logging_mixin.py:115} INFO - [2022-12-03 17:11:00,677] {dag.py:2972} INFO - Setting next_dagrun for latest_only_with_trigger to 2022-12-03T13:11:00.677000+00:00, run_after=2022-12-03T17:11:00.677000+00:00
[2022-12-03 17:11:00,717] {processor.py:161} INFO - Processing /home/airflow/.local/lib/python3.7/site-packages/airflow/example_dags/example_latest_only_with_trigger.py took 0.394 seconds
[2022-12-03 17:11:31,945] {processor.py:153} INFO - Started process (PID=310) to work on /home/airflow/.local/lib/python3.7/site-packages/airflow/example_dags/example_latest_only_with_trigger.py
[2022-12-03 17:11:31,947] {processor.py:641} INFO - Processing file /home/airflow/.local/lib/python3.7/site-packages/airflow/example_dags/example_latest_only_with_trigger.py for tasks to queue
[2022-12-03 17:11:31,948] {logging_mixin.py:115} INFO - [2022-12-03 17:11:31,948] {dagbag.py:508} INFO - Filling up the DagBag from /home/airflow/.local/lib/python3.7/site-packages/airflow/example_dags/example_latest_only_with_trigger.py
[2022-12-03 17:11:31,963] {processor.py:651} INFO - DAG(s) dict_keys(['latest_only_with_trigger']) retrieved from /home/airflow/.local/lib/python3.7/site-packages/airflow/example_dags/example_latest_only_with_trigger.py
[2022-12-03 17:11:32,056] {logging_mixin.py:115} INFO - [2022-12-03 17:11:32,056] {dag.py:2420} INFO - Sync 1 DAGs
[2022-12-03 17:11:32,515] {logging_mixin.py:115} INFO - [2022-12-03 17:11:32,515] {dag.py:2972} INFO - Setting next_dagrun for latest_only_with_trigger to 2022-12-03T13:11:32.514363+00:00, run_after=2022-12-03T17:11:32.514363+00:00
[2022-12-03 17:11:32,546] {processor.py:161} INFO - Processing /home/airflow/.local/lib/python3.7/site-packages/airflow/example_dags/example_latest_only_with_trigger.py took 0.611 seconds
[2022-12-03 17:12:03,287] {processor.py:153} INFO - Started process (PID=366) to work on /home/airflow/.local/lib/python3.7/site-packages/airflow/example_dags/example_latest_only_with_trigger.py
[2022-12-03 17:12:03,288] {processor.py:641} INFO - Processing file /home/airflow/.local/lib/python3.7/site-packages/airflow/example_dags/example_latest_only_with_trigger.py for tasks to queue
[2022-12-03 17:12:03,289] {logging_mixin.py:115} INFO - [2022-12-03 17:12:03,289] {dagbag.py:508} INFO - Filling up the DagBag from /home/airflow/.local/lib/python3.7/site-packages/airflow/example_dags/example_latest_only_with_trigger.py
[2022-12-03 17:12:03,303] {processor.py:651} INFO - DAG(s) dict_keys(['latest_only_with_trigger']) retrieved from /home/airflow/.local/lib/python3.7/site-packages/airflow/example_dags/example_latest_only_with_trigger.py
[2022-12-03 17:12:03,388] {logging_mixin.py:115} INFO - [2022-12-03 17:12:03,388] {dag.py:2420} INFO - Sync 1 DAGs
[2022-12-03 17:12:03,872] {logging_mixin.py:115} INFO - [2022-12-03 17:12:03,872] {dag.py:2972} INFO - Setting next_dagrun for latest_only_with_trigger to 2022-12-03T13:12:03.871764+00:00, run_after=2022-12-03T17:12:03.871764+00:00
[2022-12-03 17:12:03,919] {processor.py:161} INFO - Processing /home/airflow/.local/lib/python3.7/site-packages/airflow/example_dags/example_latest_only_with_trigger.py took 0.638 seconds
[2022-12-03 17:12:34,949] {processor.py:153} INFO - Started process (PID=421) to work on /home/airflow/.local/lib/python3.7/site-packages/airflow/example_dags/example_latest_only_with_trigger.py
[2022-12-03 17:12:34,950] {processor.py:641} INFO - Processing file /home/airflow/.local/lib/python3.7/site-packages/airflow/example_dags/example_latest_only_with_trigger.py for tasks to queue
[2022-12-03 17:12:34,952] {logging_mixin.py:115} INFO - [2022-12-03 17:12:34,951] {dagbag.py:508} INFO - Filling up the DagBag from /home/airflow/.local/lib/python3.7/site-packages/airflow/example_dags/example_latest_only_with_trigger.py
[2022-12-03 17:12:34,965] {processor.py:651} INFO - DAG(s) dict_keys(['latest_only_with_trigger']) retrieved from /home/airflow/.local/lib/python3.7/site-packages/airflow/example_dags/example_latest_only_with_trigger.py
[2022-12-03 17:12:35,060] {logging_mixin.py:115} INFO - [2022-12-03 17:12:35,059] {dag.py:2420} INFO - Sync 1 DAGs
[2022-12-03 17:12:35,441] {logging_mixin.py:115} INFO - [2022-12-03 17:12:35,441] {dag.py:2972} INFO - Setting next_dagrun for latest_only_with_trigger to 2022-12-03T13:12:35.440711+00:00, run_after=2022-12-03T17:12:35.440711+00:00
[2022-12-03 17:12:35,471] {processor.py:161} INFO - Processing /home/airflow/.local/lib/python3.7/site-packages/airflow/example_dags/example_latest_only_with_trigger.py took 0.529 seconds
[2022-12-03 17:13:06,360] {processor.py:153} INFO - Started process (PID=486) to work on /home/airflow/.local/lib/python3.7/site-packages/airflow/example_dags/example_latest_only_with_trigger.py
[2022-12-03 17:13:06,361] {processor.py:641} INFO - Processing file /home/airflow/.local/lib/python3.7/site-packages/airflow/example_dags/example_latest_only_with_trigger.py for tasks to queue
[2022-12-03 17:13:06,362] {logging_mixin.py:115} INFO - [2022-12-03 17:13:06,361] {dagbag.py:508} INFO - Filling up the DagBag from /home/airflow/.local/lib/python3.7/site-packages/airflow/example_dags/example_latest_only_with_trigger.py
[2022-12-03 17:13:06,371] {processor.py:651} INFO - DAG(s) dict_keys(['latest_only_with_trigger']) retrieved from /home/airflow/.local/lib/python3.7/site-packages/airflow/example_dags/example_latest_only_with_trigger.py
[2022-12-03 17:13:06,428] {logging_mixin.py:115} INFO - [2022-12-03 17:13:06,427] {dag.py:2420} INFO - Sync 1 DAGs
[2022-12-03 17:13:06,796] {logging_mixin.py:115} INFO - [2022-12-03 17:13:06,796] {dag.py:2972} INFO - Setting next_dagrun for latest_only_with_trigger to 2022-12-03T13:13:06.795863+00:00, run_after=2022-12-03T17:13:06.795863+00:00
[2022-12-03 17:13:06,823] {processor.py:161} INFO - Processing /home/airflow/.local/lib/python3.7/site-packages/airflow/example_dags/example_latest_only_with_trigger.py took 0.469 seconds
[2022-12-03 17:13:37,257] {processor.py:153} INFO - Started process (PID=541) to work on /home/airflow/.local/lib/python3.7/site-packages/airflow/example_dags/example_latest_only_with_trigger.py
[2022-12-03 17:13:37,258] {processor.py:641} INFO - Processing file /home/airflow/.local/lib/python3.7/site-packages/airflow/example_dags/example_latest_only_with_trigger.py for tasks to queue
[2022-12-03 17:13:37,259] {logging_mixin.py:115} INFO - [2022-12-03 17:13:37,259] {dagbag.py:508} INFO - Filling up the DagBag from /home/airflow/.local/lib/python3.7/site-packages/airflow/example_dags/example_latest_only_with_trigger.py
[2022-12-03 17:13:37,270] {processor.py:651} INFO - DAG(s) dict_keys(['latest_only_with_trigger']) retrieved from /home/airflow/.local/lib/python3.7/site-packages/airflow/example_dags/example_latest_only_with_trigger.py
[2022-12-03 17:13:37,344] {logging_mixin.py:115} INFO - [2022-12-03 17:13:37,343] {dag.py:2420} INFO - Sync 1 DAGs
[2022-12-03 17:13:37,820] {logging_mixin.py:115} INFO - [2022-12-03 17:13:37,819] {dag.py:2972} INFO - Setting next_dagrun for latest_only_with_trigger to 2022-12-03T13:13:37.819190+00:00, run_after=2022-12-03T17:13:37.819190+00:00
[2022-12-03 17:13:37,858] {processor.py:161} INFO - Processing /home/airflow/.local/lib/python3.7/site-packages/airflow/example_dags/example_latest_only_with_trigger.py took 0.606 seconds
[2022-12-03 17:14:08,677] {processor.py:153} INFO - Started process (PID=595) to work on /home/airflow/.local/lib/python3.7/site-packages/airflow/example_dags/example_latest_only_with_trigger.py
[2022-12-03 17:14:08,679] {processor.py:641} INFO - Processing file /home/airflow/.local/lib/python3.7/site-packages/airflow/example_dags/example_latest_only_with_trigger.py for tasks to queue
[2022-12-03 17:14:08,680] {logging_mixin.py:115} INFO - [2022-12-03 17:14:08,680] {dagbag.py:508} INFO - Filling up the DagBag from /home/airflow/.local/lib/python3.7/site-packages/airflow/example_dags/example_latest_only_with_trigger.py
[2022-12-03 17:14:08,689] {processor.py:651} INFO - DAG(s) dict_keys(['latest_only_with_trigger']) retrieved from /home/airflow/.local/lib/python3.7/site-packages/airflow/example_dags/example_latest_only_with_trigger.py
[2022-12-03 17:14:08,750] {logging_mixin.py:115} INFO - [2022-12-03 17:14:08,750] {dag.py:2420} INFO - Sync 1 DAGs
[2022-12-03 17:14:09,057] {logging_mixin.py:115} INFO - [2022-12-03 17:14:09,057] {dag.py:2972} INFO - Setting next_dagrun for latest_only_with_trigger to 2022-12-03T13:14:09.057171+00:00, run_after=2022-12-03T17:14:09.057171+00:00
[2022-12-03 17:14:09,086] {processor.py:161} INFO - Processing /home/airflow/.local/lib/python3.7/site-packages/airflow/example_dags/example_latest_only_with_trigger.py took 0.414 seconds
[2022-12-03 17:14:39,674] {processor.py:153} INFO - Started process (PID=658) to work on /home/airflow/.local/lib/python3.7/site-packages/airflow/example_dags/example_latest_only_with_trigger.py
[2022-12-03 17:14:39,676] {processor.py:641} INFO - Processing file /home/airflow/.local/lib/python3.7/site-packages/airflow/example_dags/example_latest_only_with_trigger.py for tasks to queue
[2022-12-03 17:14:39,677] {logging_mixin.py:115} INFO - [2022-12-03 17:14:39,677] {dagbag.py:508} INFO - Filling up the DagBag from /home/airflow/.local/lib/python3.7/site-packages/airflow/example_dags/example_latest_only_with_trigger.py
[2022-12-03 17:14:39,687] {processor.py:651} INFO - DAG(s) dict_keys(['latest_only_with_trigger']) retrieved from /home/airflow/.local/lib/python3.7/site-packages/airflow/example_dags/example_latest_only_with_trigger.py
[2022-12-03 17:14:39,751] {logging_mixin.py:115} INFO - [2022-12-03 17:14:39,751] {dag.py:2420} INFO - Sync 1 DAGs
[2022-12-03 17:14:40,070] {logging_mixin.py:115} INFO - [2022-12-03 17:14:40,069] {dag.py:2972} INFO - Setting next_dagrun for latest_only_with_trigger to 2022-12-03T13:14:40.069649+00:00, run_after=2022-12-03T17:14:40.069649+00:00
[2022-12-03 17:14:40,091] {processor.py:161} INFO - Processing /home/airflow/.local/lib/python3.7/site-packages/airflow/example_dags/example_latest_only_with_trigger.py took 0.422 seconds
[2022-12-03 17:15:10,314] {processor.py:153} INFO - Started process (PID=712) to work on /home/airflow/.local/lib/python3.7/site-packages/airflow/example_dags/example_latest_only_with_trigger.py
[2022-12-03 17:15:10,315] {processor.py:641} INFO - Processing file /home/airflow/.local/lib/python3.7/site-packages/airflow/example_dags/example_latest_only_with_trigger.py for tasks to queue
[2022-12-03 17:15:10,317] {logging_mixin.py:115} INFO - [2022-12-03 17:15:10,316] {dagbag.py:508} INFO - Filling up the DagBag from /home/airflow/.local/lib/python3.7/site-packages/airflow/example_dags/example_latest_only_with_trigger.py
[2022-12-03 17:15:10,328] {processor.py:651} INFO - DAG(s) dict_keys(['latest_only_with_trigger']) retrieved from /home/airflow/.local/lib/python3.7/site-packages/airflow/example_dags/example_latest_only_with_trigger.py
[2022-12-03 17:15:10,393] {logging_mixin.py:115} INFO - [2022-12-03 17:15:10,393] {dag.py:2420} INFO - Sync 1 DAGs
[2022-12-03 17:15:10,735] {logging_mixin.py:115} INFO - [2022-12-03 17:15:10,735] {dag.py:2972} INFO - Setting next_dagrun for latest_only_with_trigger to 2022-12-03T13:15:10.734601+00:00, run_after=2022-12-03T17:15:10.734601+00:00
[2022-12-03 17:15:10,768] {processor.py:161} INFO - Processing /home/airflow/.local/lib/python3.7/site-packages/airflow/example_dags/example_latest_only_with_trigger.py took 0.460 seconds
[2022-12-03 17:15:41,069] {processor.py:153} INFO - Started process (PID=766) to work on /home/airflow/.local/lib/python3.7/site-packages/airflow/example_dags/example_latest_only_with_trigger.py
[2022-12-03 17:15:41,070] {processor.py:641} INFO - Processing file /home/airflow/.local/lib/python3.7/site-packages/airflow/example_dags/example_latest_only_with_trigger.py for tasks to queue
[2022-12-03 17:15:41,071] {logging_mixin.py:115} INFO - [2022-12-03 17:15:41,071] {dagbag.py:508} INFO - Filling up the DagBag from /home/airflow/.local/lib/python3.7/site-packages/airflow/example_dags/example_latest_only_with_trigger.py
[2022-12-03 17:15:41,085] {processor.py:651} INFO - DAG(s) dict_keys(['latest_only_with_trigger']) retrieved from /home/airflow/.local/lib/python3.7/site-packages/airflow/example_dags/example_latest_only_with_trigger.py
[2022-12-03 17:15:41,147] {logging_mixin.py:115} INFO - [2022-12-03 17:15:41,147] {dag.py:2420} INFO - Sync 1 DAGs
[2022-12-03 17:15:41,428] {logging_mixin.py:115} INFO - [2022-12-03 17:15:41,428] {dag.py:2972} INFO - Setting next_dagrun for latest_only_with_trigger to 2022-12-03T13:15:41.428337+00:00, run_after=2022-12-03T17:15:41.428337+00:00
[2022-12-03 17:15:41,456] {processor.py:161} INFO - Processing /home/airflow/.local/lib/python3.7/site-packages/airflow/example_dags/example_latest_only_with_trigger.py took 0.395 seconds
[2022-12-03 17:16:11,523] {processor.py:153} INFO - Started process (PID=828) to work on /home/airflow/.local/lib/python3.7/site-packages/airflow/example_dags/example_latest_only_with_trigger.py
[2022-12-03 17:16:11,524] {processor.py:641} INFO - Processing file /home/airflow/.local/lib/python3.7/site-packages/airflow/example_dags/example_latest_only_with_trigger.py for tasks to queue
[2022-12-03 17:16:11,525] {logging_mixin.py:115} INFO - [2022-12-03 17:16:11,525] {dagbag.py:508} INFO - Filling up the DagBag from /home/airflow/.local/lib/python3.7/site-packages/airflow/example_dags/example_latest_only_with_trigger.py
[2022-12-03 17:16:11,540] {processor.py:651} INFO - DAG(s) dict_keys(['latest_only_with_trigger']) retrieved from /home/airflow/.local/lib/python3.7/site-packages/airflow/example_dags/example_latest_only_with_trigger.py
[2022-12-03 17:16:11,616] {logging_mixin.py:115} INFO - [2022-12-03 17:16:11,616] {dag.py:2420} INFO - Sync 1 DAGs
[2022-12-03 17:16:11,909] {logging_mixin.py:115} INFO - [2022-12-03 17:16:11,909] {dag.py:2972} INFO - Setting next_dagrun for latest_only_with_trigger to 2022-12-03T13:16:11.908866+00:00, run_after=2022-12-03T17:16:11.908866+00:00
[2022-12-03 17:16:11,936] {processor.py:161} INFO - Processing /home/airflow/.local/lib/python3.7/site-packages/airflow/example_dags/example_latest_only_with_trigger.py took 0.422 seconds
[2022-12-03 17:16:42,193] {processor.py:153} INFO - Started process (PID=881) to work on /home/airflow/.local/lib/python3.7/site-packages/airflow/example_dags/example_latest_only_with_trigger.py
[2022-12-03 17:16:42,194] {processor.py:641} INFO - Processing file /home/airflow/.local/lib/python3.7/site-packages/airflow/example_dags/example_latest_only_with_trigger.py for tasks to queue
[2022-12-03 17:16:42,195] {logging_mixin.py:115} INFO - [2022-12-03 17:16:42,195] {dagbag.py:508} INFO - Filling up the DagBag from /home/airflow/.local/lib/python3.7/site-packages/airflow/example_dags/example_latest_only_with_trigger.py
[2022-12-03 17:16:42,209] {processor.py:651} INFO - DAG(s) dict_keys(['latest_only_with_trigger']) retrieved from /home/airflow/.local/lib/python3.7/site-packages/airflow/example_dags/example_latest_only_with_trigger.py
[2022-12-03 17:16:42,278] {logging_mixin.py:115} INFO - [2022-12-03 17:16:42,277] {dag.py:2420} INFO - Sync 1 DAGs
[2022-12-03 17:16:42,529] {logging_mixin.py:115} INFO - [2022-12-03 17:16:42,529] {dag.py:2972} INFO - Setting next_dagrun for latest_only_with_trigger to 2022-12-03T13:16:42.529289+00:00, run_after=2022-12-03T17:16:42.529289+00:00
[2022-12-03 17:16:42,558] {processor.py:161} INFO - Processing /home/airflow/.local/lib/python3.7/site-packages/airflow/example_dags/example_latest_only_with_trigger.py took 0.372 seconds
[2022-12-03 17:17:12,924] {processor.py:153} INFO - Started process (PID=935) to work on /home/airflow/.local/lib/python3.7/site-packages/airflow/example_dags/example_latest_only_with_trigger.py
[2022-12-03 17:17:12,925] {processor.py:641} INFO - Processing file /home/airflow/.local/lib/python3.7/site-packages/airflow/example_dags/example_latest_only_with_trigger.py for tasks to queue
[2022-12-03 17:17:12,927] {logging_mixin.py:115} INFO - [2022-12-03 17:17:12,927] {dagbag.py:508} INFO - Filling up the DagBag from /home/airflow/.local/lib/python3.7/site-packages/airflow/example_dags/example_latest_only_with_trigger.py
[2022-12-03 17:17:12,940] {processor.py:651} INFO - DAG(s) dict_keys(['latest_only_with_trigger']) retrieved from /home/airflow/.local/lib/python3.7/site-packages/airflow/example_dags/example_latest_only_with_trigger.py
[2022-12-03 17:17:13,002] {logging_mixin.py:115} INFO - [2022-12-03 17:17:13,001] {dag.py:2420} INFO - Sync 1 DAGs
[2022-12-03 17:17:13,287] {logging_mixin.py:115} INFO - [2022-12-03 17:17:13,287] {dag.py:2972} INFO - Setting next_dagrun for latest_only_with_trigger to 2022-12-03T13:17:13.287111+00:00, run_after=2022-12-03T17:17:13.287111+00:00
[2022-12-03 17:17:13,327] {processor.py:161} INFO - Processing /home/airflow/.local/lib/python3.7/site-packages/airflow/example_dags/example_latest_only_with_trigger.py took 0.410 seconds
[2022-12-03 17:17:43,974] {processor.py:153} INFO - Started process (PID=997) to work on /home/airflow/.local/lib/python3.7/site-packages/airflow/example_dags/example_latest_only_with_trigger.py
[2022-12-03 17:17:43,975] {processor.py:641} INFO - Processing file /home/airflow/.local/lib/python3.7/site-packages/airflow/example_dags/example_latest_only_with_trigger.py for tasks to queue
[2022-12-03 17:17:43,976] {logging_mixin.py:115} INFO - [2022-12-03 17:17:43,976] {dagbag.py:508} INFO - Filling up the DagBag from /home/airflow/.local/lib/python3.7/site-packages/airflow/example_dags/example_latest_only_with_trigger.py
[2022-12-03 17:17:43,990] {processor.py:651} INFO - DAG(s) dict_keys(['latest_only_with_trigger']) retrieved from /home/airflow/.local/lib/python3.7/site-packages/airflow/example_dags/example_latest_only_with_trigger.py
[2022-12-03 17:17:44,053] {logging_mixin.py:115} INFO - [2022-12-03 17:17:44,053] {dag.py:2420} INFO - Sync 1 DAGs
[2022-12-03 17:17:44,330] {logging_mixin.py:115} INFO - [2022-12-03 17:17:44,330] {dag.py:2972} INFO - Setting next_dagrun for latest_only_with_trigger to 2022-12-03T13:17:44.329806+00:00, run_after=2022-12-03T17:17:44.329806+00:00
[2022-12-03 17:17:44,366] {processor.py:161} INFO - Processing /home/airflow/.local/lib/python3.7/site-packages/airflow/example_dags/example_latest_only_with_trigger.py took 0.400 seconds
[2022-12-03 17:18:14,927] {processor.py:153} INFO - Started process (PID=1051) to work on /home/airflow/.local/lib/python3.7/site-packages/airflow/example_dags/example_latest_only_with_trigger.py
[2022-12-03 17:18:14,927] {processor.py:641} INFO - Processing file /home/airflow/.local/lib/python3.7/site-packages/airflow/example_dags/example_latest_only_with_trigger.py for tasks to queue
[2022-12-03 17:18:14,928] {logging_mixin.py:115} INFO - [2022-12-03 17:18:14,928] {dagbag.py:508} INFO - Filling up the DagBag from /home/airflow/.local/lib/python3.7/site-packages/airflow/example_dags/example_latest_only_with_trigger.py
[2022-12-03 17:18:14,941] {processor.py:651} INFO - DAG(s) dict_keys(['latest_only_with_trigger']) retrieved from /home/airflow/.local/lib/python3.7/site-packages/airflow/example_dags/example_latest_only_with_trigger.py
[2022-12-03 17:18:15,010] {logging_mixin.py:115} INFO - [2022-12-03 17:18:15,010] {dag.py:2420} INFO - Sync 1 DAGs
[2022-12-03 17:18:15,268] {logging_mixin.py:115} INFO - [2022-12-03 17:18:15,267] {dag.py:2972} INFO - Setting next_dagrun for latest_only_with_trigger to 2022-12-03T13:18:15.267601+00:00, run_after=2022-12-03T17:18:15.267601+00:00
[2022-12-03 17:18:15,293] {processor.py:161} INFO - Processing /home/airflow/.local/lib/python3.7/site-packages/airflow/example_dags/example_latest_only_with_trigger.py took 0.372 seconds
[2022-12-03 17:18:46,806] {processor.py:153} INFO - Started process (PID=1105) to work on /home/airflow/.local/lib/python3.7/site-packages/airflow/example_dags/example_latest_only_with_trigger.py
[2022-12-03 17:18:46,807] {processor.py:641} INFO - Processing file /home/airflow/.local/lib/python3.7/site-packages/airflow/example_dags/example_latest_only_with_trigger.py for tasks to queue
[2022-12-03 17:18:46,808] {logging_mixin.py:115} INFO - [2022-12-03 17:18:46,808] {dagbag.py:508} INFO - Filling up the DagBag from /home/airflow/.local/lib/python3.7/site-packages/airflow/example_dags/example_latest_only_with_trigger.py
[2022-12-03 17:18:46,820] {processor.py:651} INFO - DAG(s) dict_keys(['latest_only_with_trigger']) retrieved from /home/airflow/.local/lib/python3.7/site-packages/airflow/example_dags/example_latest_only_with_trigger.py
[2022-12-03 17:18:46,874] {logging_mixin.py:115} INFO - [2022-12-03 17:18:46,874] {dag.py:2420} INFO - Sync 1 DAGs
[2022-12-03 17:18:47,187] {logging_mixin.py:115} INFO - [2022-12-03 17:18:47,186] {dag.py:2972} INFO - Setting next_dagrun for latest_only_with_trigger to 2022-12-03T13:18:47.186198+00:00, run_after=2022-12-03T17:18:47.186198+00:00
[2022-12-03 17:18:47,211] {processor.py:161} INFO - Processing /home/airflow/.local/lib/python3.7/site-packages/airflow/example_dags/example_latest_only_with_trigger.py took 0.411 seconds
[2022-12-03 17:19:17,752] {processor.py:153} INFO - Started process (PID=1169) to work on /home/airflow/.local/lib/python3.7/site-packages/airflow/example_dags/example_latest_only_with_trigger.py
[2022-12-03 17:19:17,753] {processor.py:641} INFO - Processing file /home/airflow/.local/lib/python3.7/site-packages/airflow/example_dags/example_latest_only_with_trigger.py for tasks to queue
[2022-12-03 17:19:17,754] {logging_mixin.py:115} INFO - [2022-12-03 17:19:17,754] {dagbag.py:508} INFO - Filling up the DagBag from /home/airflow/.local/lib/python3.7/site-packages/airflow/example_dags/example_latest_only_with_trigger.py
[2022-12-03 17:19:17,769] {processor.py:651} INFO - DAG(s) dict_keys(['latest_only_with_trigger']) retrieved from /home/airflow/.local/lib/python3.7/site-packages/airflow/example_dags/example_latest_only_with_trigger.py
[2022-12-03 17:19:17,856] {logging_mixin.py:115} INFO - [2022-12-03 17:19:17,856] {dag.py:2420} INFO - Sync 1 DAGs
[2022-12-03 17:19:18,226] {logging_mixin.py:115} INFO - [2022-12-03 17:19:18,225] {dag.py:2972} INFO - Setting next_dagrun for latest_only_with_trigger to 2022-12-03T13:19:18.225309+00:00, run_after=2022-12-03T17:19:18.225309+00:00
[2022-12-03 17:19:18,264] {processor.py:161} INFO - Processing /home/airflow/.local/lib/python3.7/site-packages/airflow/example_dags/example_latest_only_with_trigger.py took 0.519 seconds
[2022-12-03 17:19:48,972] {processor.py:153} INFO - Started process (PID=1223) to work on /home/airflow/.local/lib/python3.7/site-packages/airflow/example_dags/example_latest_only_with_trigger.py
[2022-12-03 17:19:48,973] {processor.py:641} INFO - Processing file /home/airflow/.local/lib/python3.7/site-packages/airflow/example_dags/example_latest_only_with_trigger.py for tasks to queue
[2022-12-03 17:19:48,974] {logging_mixin.py:115} INFO - [2022-12-03 17:19:48,973] {dagbag.py:508} INFO - Filling up the DagBag from /home/airflow/.local/lib/python3.7/site-packages/airflow/example_dags/example_latest_only_with_trigger.py
[2022-12-03 17:19:48,983] {processor.py:651} INFO - DAG(s) dict_keys(['latest_only_with_trigger']) retrieved from /home/airflow/.local/lib/python3.7/site-packages/airflow/example_dags/example_latest_only_with_trigger.py
[2022-12-03 17:19:49,312] {logging_mixin.py:115} INFO - [2022-12-03 17:19:49,312] {dag.py:2420} INFO - Sync 1 DAGs
[2022-12-03 17:19:49,365] {logging_mixin.py:115} INFO - [2022-12-03 17:19:49,365] {dag.py:2972} INFO - Setting next_dagrun for latest_only_with_trigger to 2022-12-03T13:19:49.364532+00:00, run_after=2022-12-03T17:19:49.364532+00:00
[2022-12-03 17:19:49,403] {processor.py:161} INFO - Processing /home/airflow/.local/lib/python3.7/site-packages/airflow/example_dags/example_latest_only_with_trigger.py took 0.437 seconds
[2022-12-03 17:20:20,177] {processor.py:153} INFO - Started process (PID=1277) to work on /home/airflow/.local/lib/python3.7/site-packages/airflow/example_dags/example_latest_only_with_trigger.py
[2022-12-03 17:20:20,179] {processor.py:641} INFO - Processing file /home/airflow/.local/lib/python3.7/site-packages/airflow/example_dags/example_latest_only_with_trigger.py for tasks to queue
[2022-12-03 17:20:20,180] {logging_mixin.py:115} INFO - [2022-12-03 17:20:20,180] {dagbag.py:508} INFO - Filling up the DagBag from /home/airflow/.local/lib/python3.7/site-packages/airflow/example_dags/example_latest_only_with_trigger.py
[2022-12-03 17:20:20,191] {processor.py:651} INFO - DAG(s) dict_keys(['latest_only_with_trigger']) retrieved from /home/airflow/.local/lib/python3.7/site-packages/airflow/example_dags/example_latest_only_with_trigger.py
[2022-12-03 17:20:20,513] {logging_mixin.py:115} INFO - [2022-12-03 17:20:20,513] {dag.py:2420} INFO - Sync 1 DAGs
[2022-12-03 17:20:20,559] {logging_mixin.py:115} INFO - [2022-12-03 17:20:20,559] {dag.py:2972} INFO - Setting next_dagrun for latest_only_with_trigger to 2022-12-03T13:20:20.558683+00:00, run_after=2022-12-03T17:20:20.558683+00:00
[2022-12-03 17:20:20,601] {processor.py:161} INFO - Processing /home/airflow/.local/lib/python3.7/site-packages/airflow/example_dags/example_latest_only_with_trigger.py took 0.430 seconds
[2022-12-03 17:20:50,940] {processor.py:153} INFO - Started process (PID=1340) to work on /home/airflow/.local/lib/python3.7/site-packages/airflow/example_dags/example_latest_only_with_trigger.py
[2022-12-03 17:20:50,941] {processor.py:641} INFO - Processing file /home/airflow/.local/lib/python3.7/site-packages/airflow/example_dags/example_latest_only_with_trigger.py for tasks to queue
[2022-12-03 17:20:50,943] {logging_mixin.py:115} INFO - [2022-12-03 17:20:50,942] {dagbag.py:508} INFO - Filling up the DagBag from /home/airflow/.local/lib/python3.7/site-packages/airflow/example_dags/example_latest_only_with_trigger.py
[2022-12-03 17:20:50,956] {processor.py:651} INFO - DAG(s) dict_keys(['latest_only_with_trigger']) retrieved from /home/airflow/.local/lib/python3.7/site-packages/airflow/example_dags/example_latest_only_with_trigger.py
[2022-12-03 17:20:51,285] {logging_mixin.py:115} INFO - [2022-12-03 17:20:51,284] {dag.py:2420} INFO - Sync 1 DAGs
[2022-12-03 17:20:51,327] {logging_mixin.py:115} INFO - [2022-12-03 17:20:51,327] {dag.py:2972} INFO - Setting next_dagrun for latest_only_with_trigger to 2022-12-03T13:20:51.327203+00:00, run_after=2022-12-03T17:20:51.327203+00:00
[2022-12-03 17:20:51,357] {processor.py:161} INFO - Processing /home/airflow/.local/lib/python3.7/site-packages/airflow/example_dags/example_latest_only_with_trigger.py took 0.425 seconds
[2022-12-03 17:21:21,671] {processor.py:153} INFO - Started process (PID=1394) to work on /home/airflow/.local/lib/python3.7/site-packages/airflow/example_dags/example_latest_only_with_trigger.py
[2022-12-03 17:21:21,672] {processor.py:641} INFO - Processing file /home/airflow/.local/lib/python3.7/site-packages/airflow/example_dags/example_latest_only_with_trigger.py for tasks to queue
[2022-12-03 17:21:21,673] {logging_mixin.py:115} INFO - [2022-12-03 17:21:21,673] {dagbag.py:508} INFO - Filling up the DagBag from /home/airflow/.local/lib/python3.7/site-packages/airflow/example_dags/example_latest_only_with_trigger.py
[2022-12-03 17:21:21,692] {processor.py:651} INFO - DAG(s) dict_keys(['latest_only_with_trigger']) retrieved from /home/airflow/.local/lib/python3.7/site-packages/airflow/example_dags/example_latest_only_with_trigger.py
[2022-12-03 17:21:22,023] {logging_mixin.py:115} INFO - [2022-12-03 17:21:22,022] {dag.py:2420} INFO - Sync 1 DAGs
[2022-12-03 17:21:22,062] {logging_mixin.py:115} INFO - [2022-12-03 17:21:22,061] {dag.py:2972} INFO - Setting next_dagrun for latest_only_with_trigger to 2022-12-03T13:21:22.061645+00:00, run_after=2022-12-03T17:21:22.061645+00:00
[2022-12-03 17:21:22,087] {processor.py:161} INFO - Processing /home/airflow/.local/lib/python3.7/site-packages/airflow/example_dags/example_latest_only_with_trigger.py took 0.424 seconds
[2022-12-03 17:21:52,238] {processor.py:153} INFO - Started process (PID=1447) to work on /home/airflow/.local/lib/python3.7/site-packages/airflow/example_dags/example_latest_only_with_trigger.py
[2022-12-03 17:21:52,243] {processor.py:641} INFO - Processing file /home/airflow/.local/lib/python3.7/site-packages/airflow/example_dags/example_latest_only_with_trigger.py for tasks to queue
[2022-12-03 17:21:52,244] {logging_mixin.py:115} INFO - [2022-12-03 17:21:52,243] {dagbag.py:508} INFO - Filling up the DagBag from /home/airflow/.local/lib/python3.7/site-packages/airflow/example_dags/example_latest_only_with_trigger.py
[2022-12-03 17:21:52,252] {processor.py:651} INFO - DAG(s) dict_keys(['latest_only_with_trigger']) retrieved from /home/airflow/.local/lib/python3.7/site-packages/airflow/example_dags/example_latest_only_with_trigger.py
[2022-12-03 17:21:52,525] {logging_mixin.py:115} INFO - [2022-12-03 17:21:52,525] {dag.py:2420} INFO - Sync 1 DAGs
[2022-12-03 17:21:52,563] {logging_mixin.py:115} INFO - [2022-12-03 17:21:52,562] {dag.py:2972} INFO - Setting next_dagrun for latest_only_with_trigger to 2022-12-03T13:21:52.562534+00:00, run_after=2022-12-03T17:21:52.562534+00:00
[2022-12-03 17:21:52,587] {processor.py:161} INFO - Processing /home/airflow/.local/lib/python3.7/site-packages/airflow/example_dags/example_latest_only_with_trigger.py took 0.353 seconds
[2022-12-03 17:22:34,821] {processor.py:153} INFO - Started process (PID=1490) to work on /home/airflow/.local/lib/python3.7/site-packages/airflow/example_dags/example_latest_only_with_trigger.py
[2022-12-03 17:22:34,822] {processor.py:641} INFO - Processing file /home/airflow/.local/lib/python3.7/site-packages/airflow/example_dags/example_latest_only_with_trigger.py for tasks to queue
[2022-12-03 17:22:34,823] {logging_mixin.py:115} INFO - [2022-12-03 17:22:34,823] {dagbag.py:508} INFO - Filling up the DagBag from /home/airflow/.local/lib/python3.7/site-packages/airflow/example_dags/example_latest_only_with_trigger.py
[2022-12-03 17:22:34,835] {processor.py:651} INFO - DAG(s) dict_keys(['latest_only_with_trigger']) retrieved from /home/airflow/.local/lib/python3.7/site-packages/airflow/example_dags/example_latest_only_with_trigger.py
[2022-12-03 17:22:35,180] {logging_mixin.py:115} INFO - [2022-12-03 17:22:35,180] {dag.py:2420} INFO - Sync 1 DAGs
[2022-12-03 17:22:35,249] {logging_mixin.py:115} INFO - [2022-12-03 17:22:35,248] {dag.py:2972} INFO - Setting next_dagrun for latest_only_with_trigger to 2022-12-03T13:22:35.248278+00:00, run_after=2022-12-03T17:22:35.248278+00:00
[2022-12-03 17:22:35,285] {processor.py:161} INFO - Processing /home/airflow/.local/lib/python3.7/site-packages/airflow/example_dags/example_latest_only_with_trigger.py took 0.470 seconds
[2022-12-03 17:23:06,796] {processor.py:153} INFO - Started process (PID=1544) to work on /home/airflow/.local/lib/python3.7/site-packages/airflow/example_dags/example_latest_only_with_trigger.py
[2022-12-03 17:23:06,797] {processor.py:641} INFO - Processing file /home/airflow/.local/lib/python3.7/site-packages/airflow/example_dags/example_latest_only_with_trigger.py for tasks to queue
[2022-12-03 17:23:06,798] {logging_mixin.py:115} INFO - [2022-12-03 17:23:06,798] {dagbag.py:508} INFO - Filling up the DagBag from /home/airflow/.local/lib/python3.7/site-packages/airflow/example_dags/example_latest_only_with_trigger.py
[2022-12-03 17:23:06,812] {processor.py:651} INFO - DAG(s) dict_keys(['latest_only_with_trigger']) retrieved from /home/airflow/.local/lib/python3.7/site-packages/airflow/example_dags/example_latest_only_with_trigger.py
[2022-12-03 17:23:07,118] {logging_mixin.py:115} INFO - [2022-12-03 17:23:07,117] {dag.py:2420} INFO - Sync 1 DAGs
[2022-12-03 17:23:07,157] {logging_mixin.py:115} INFO - [2022-12-03 17:23:07,157] {dag.py:2972} INFO - Setting next_dagrun for latest_only_with_trigger to 2022-12-03T13:23:07.157311+00:00, run_after=2022-12-03T17:23:07.157311+00:00
[2022-12-03 17:23:07,185] {processor.py:161} INFO - Processing /home/airflow/.local/lib/python3.7/site-packages/airflow/example_dags/example_latest_only_with_trigger.py took 0.396 seconds
[2022-12-03 17:23:38,129] {processor.py:153} INFO - Started process (PID=1598) to work on /home/airflow/.local/lib/python3.7/site-packages/airflow/example_dags/example_latest_only_with_trigger.py
[2022-12-03 17:23:38,130] {processor.py:641} INFO - Processing file /home/airflow/.local/lib/python3.7/site-packages/airflow/example_dags/example_latest_only_with_trigger.py for tasks to queue
[2022-12-03 17:23:38,132] {logging_mixin.py:115} INFO - [2022-12-03 17:23:38,131] {dagbag.py:508} INFO - Filling up the DagBag from /home/airflow/.local/lib/python3.7/site-packages/airflow/example_dags/example_latest_only_with_trigger.py
[2022-12-03 17:23:38,144] {processor.py:651} INFO - DAG(s) dict_keys(['latest_only_with_trigger']) retrieved from /home/airflow/.local/lib/python3.7/site-packages/airflow/example_dags/example_latest_only_with_trigger.py
[2022-12-03 17:23:38,430] {logging_mixin.py:115} INFO - [2022-12-03 17:23:38,430] {dag.py:2420} INFO - Sync 1 DAGs
[2022-12-03 17:23:38,472] {logging_mixin.py:115} INFO - [2022-12-03 17:23:38,472] {dag.py:2972} INFO - Setting next_dagrun for latest_only_with_trigger to 2022-12-03T13:23:38.471801+00:00, run_after=2022-12-03T17:23:38.471801+00:00
[2022-12-03 17:23:38,496] {processor.py:161} INFO - Processing /home/airflow/.local/lib/python3.7/site-packages/airflow/example_dags/example_latest_only_with_trigger.py took 0.375 seconds
[2022-12-03 17:24:10,770] {processor.py:153} INFO - Started process (PID=1651) to work on /home/airflow/.local/lib/python3.7/site-packages/airflow/example_dags/example_latest_only_with_trigger.py
[2022-12-03 17:24:10,773] {processor.py:641} INFO - Processing file /home/airflow/.local/lib/python3.7/site-packages/airflow/example_dags/example_latest_only_with_trigger.py for tasks to queue
[2022-12-03 17:24:10,777] {logging_mixin.py:115} INFO - [2022-12-03 17:24:10,776] {dagbag.py:508} INFO - Filling up the DagBag from /home/airflow/.local/lib/python3.7/site-packages/airflow/example_dags/example_latest_only_with_trigger.py
[2022-12-03 17:24:10,818] {processor.py:651} INFO - DAG(s) dict_keys(['latest_only_with_trigger']) retrieved from /home/airflow/.local/lib/python3.7/site-packages/airflow/example_dags/example_latest_only_with_trigger.py
[2022-12-03 17:24:11,831] {logging_mixin.py:115} INFO - [2022-12-03 17:24:11,830] {dag.py:2420} INFO - Sync 1 DAGs
[2022-12-03 17:24:12,017] {logging_mixin.py:115} INFO - [2022-12-03 17:24:12,016] {dag.py:2972} INFO - Setting next_dagrun for latest_only_with_trigger to 2022-12-03T13:24:12.014930+00:00, run_after=2022-12-03T17:24:12.014930+00:00
[2022-12-03 17:24:12,100] {processor.py:161} INFO - Processing /home/airflow/.local/lib/python3.7/site-packages/airflow/example_dags/example_latest_only_with_trigger.py took 1.356 seconds
[2022-12-03 17:24:46,474] {processor.py:153} INFO - Started process (PID=1695) to work on /home/airflow/.local/lib/python3.7/site-packages/airflow/example_dags/example_latest_only_with_trigger.py
[2022-12-03 17:24:46,480] {processor.py:641} INFO - Processing file /home/airflow/.local/lib/python3.7/site-packages/airflow/example_dags/example_latest_only_with_trigger.py for tasks to queue
[2022-12-03 17:24:46,484] {logging_mixin.py:115} INFO - [2022-12-03 17:24:46,483] {dagbag.py:508} INFO - Filling up the DagBag from /home/airflow/.local/lib/python3.7/site-packages/airflow/example_dags/example_latest_only_with_trigger.py
[2022-12-03 17:24:46,546] {processor.py:651} INFO - DAG(s) dict_keys(['latest_only_with_trigger']) retrieved from /home/airflow/.local/lib/python3.7/site-packages/airflow/example_dags/example_latest_only_with_trigger.py
[2022-12-03 17:24:47,361] {logging_mixin.py:115} INFO - [2022-12-03 17:24:47,360] {dag.py:2420} INFO - Sync 1 DAGs
[2022-12-03 17:24:47,601] {logging_mixin.py:115} INFO - [2022-12-03 17:24:47,600] {dag.py:2972} INFO - Setting next_dagrun for latest_only_with_trigger to 2022-12-03T13:24:47.598690+00:00, run_after=2022-12-03T17:24:47.598690+00:00
[2022-12-03 17:24:47,715] {processor.py:161} INFO - Processing /home/airflow/.local/lib/python3.7/site-packages/airflow/example_dags/example_latest_only_with_trigger.py took 1.268 seconds
[2022-12-03 17:25:23,992] {processor.py:153} INFO - Started process (PID=1750) to work on /home/airflow/.local/lib/python3.7/site-packages/airflow/example_dags/example_latest_only_with_trigger.py
[2022-12-03 17:25:23,999] {processor.py:641} INFO - Processing file /home/airflow/.local/lib/python3.7/site-packages/airflow/example_dags/example_latest_only_with_trigger.py for tasks to queue
[2022-12-03 17:25:24,004] {logging_mixin.py:115} INFO - [2022-12-03 17:25:24,003] {dagbag.py:508} INFO - Filling up the DagBag from /home/airflow/.local/lib/python3.7/site-packages/airflow/example_dags/example_latest_only_with_trigger.py
[2022-12-03 17:25:24,093] {processor.py:651} INFO - DAG(s) dict_keys(['latest_only_with_trigger']) retrieved from /home/airflow/.local/lib/python3.7/site-packages/airflow/example_dags/example_latest_only_with_trigger.py
[2022-12-03 17:25:25,086] {logging_mixin.py:115} INFO - [2022-12-03 17:25:25,086] {dag.py:2420} INFO - Sync 1 DAGs
[2022-12-03 17:25:25,323] {logging_mixin.py:115} INFO - [2022-12-03 17:25:25,321] {dag.py:2972} INFO - Setting next_dagrun for latest_only_with_trigger to 2022-12-03T13:25:25.319917+00:00, run_after=2022-12-03T17:25:25.319917+00:00
[2022-12-03 17:25:25,441] {processor.py:161} INFO - Processing /home/airflow/.local/lib/python3.7/site-packages/airflow/example_dags/example_latest_only_with_trigger.py took 1.476 seconds
[2022-12-03 17:26:02,316] {processor.py:153} INFO - Started process (PID=1803) to work on /home/airflow/.local/lib/python3.7/site-packages/airflow/example_dags/example_latest_only_with_trigger.py
[2022-12-03 17:26:02,323] {processor.py:641} INFO - Processing file /home/airflow/.local/lib/python3.7/site-packages/airflow/example_dags/example_latest_only_with_trigger.py for tasks to queue
[2022-12-03 17:26:02,328] {logging_mixin.py:115} INFO - [2022-12-03 17:26:02,327] {dagbag.py:508} INFO - Filling up the DagBag from /home/airflow/.local/lib/python3.7/site-packages/airflow/example_dags/example_latest_only_with_trigger.py
[2022-12-03 17:26:02,445] {processor.py:651} INFO - DAG(s) dict_keys(['latest_only_with_trigger']) retrieved from /home/airflow/.local/lib/python3.7/site-packages/airflow/example_dags/example_latest_only_with_trigger.py
[2022-12-03 17:26:03,451] {logging_mixin.py:115} INFO - [2022-12-03 17:26:03,450] {dag.py:2420} INFO - Sync 1 DAGs
[2022-12-03 17:26:03,682] {logging_mixin.py:115} INFO - [2022-12-03 17:26:03,681] {dag.py:2972} INFO - Setting next_dagrun for latest_only_with_trigger to 2022-12-03T13:26:03.679389+00:00, run_after=2022-12-03T17:26:03.679389+00:00
[2022-12-03 17:26:03,793] {processor.py:161} INFO - Processing /home/airflow/.local/lib/python3.7/site-packages/airflow/example_dags/example_latest_only_with_trigger.py took 1.518 seconds
[2022-12-03 17:26:37,389] {processor.py:153} INFO - Started process (PID=1856) to work on /home/airflow/.local/lib/python3.7/site-packages/airflow/example_dags/example_latest_only_with_trigger.py
[2022-12-03 17:26:37,396] {processor.py:641} INFO - Processing file /home/airflow/.local/lib/python3.7/site-packages/airflow/example_dags/example_latest_only_with_trigger.py for tasks to queue
[2022-12-03 17:26:37,401] {logging_mixin.py:115} INFO - [2022-12-03 17:26:37,400] {dagbag.py:508} INFO - Filling up the DagBag from /home/airflow/.local/lib/python3.7/site-packages/airflow/example_dags/example_latest_only_with_trigger.py
[2022-12-03 17:26:37,490] {processor.py:651} INFO - DAG(s) dict_keys(['latest_only_with_trigger']) retrieved from /home/airflow/.local/lib/python3.7/site-packages/airflow/example_dags/example_latest_only_with_trigger.py
[2022-12-03 17:26:38,502] {logging_mixin.py:115} INFO - [2022-12-03 17:26:38,501] {dag.py:2420} INFO - Sync 1 DAGs
[2022-12-03 17:26:38,750] {logging_mixin.py:115} INFO - [2022-12-03 17:26:38,749] {dag.py:2972} INFO - Setting next_dagrun for latest_only_with_trigger to 2022-12-03T13:26:38.747858+00:00, run_after=2022-12-03T17:26:38.747858+00:00
[2022-12-03 17:26:38,871] {processor.py:161} INFO - Processing /home/airflow/.local/lib/python3.7/site-packages/airflow/example_dags/example_latest_only_with_trigger.py took 1.511 seconds
[2022-12-03 17:27:19,611] {processor.py:153} INFO - Started process (PID=1907) to work on /home/airflow/.local/lib/python3.7/site-packages/airflow/example_dags/example_latest_only_with_trigger.py
[2022-12-03 17:27:19,616] {processor.py:641} INFO - Processing file /home/airflow/.local/lib/python3.7/site-packages/airflow/example_dags/example_latest_only_with_trigger.py for tasks to queue
[2022-12-03 17:27:19,619] {logging_mixin.py:115} INFO - [2022-12-03 17:27:19,619] {dagbag.py:508} INFO - Filling up the DagBag from /home/airflow/.local/lib/python3.7/site-packages/airflow/example_dags/example_latest_only_with_trigger.py
[2022-12-03 17:27:19,682] {processor.py:651} INFO - DAG(s) dict_keys(['latest_only_with_trigger']) retrieved from /home/airflow/.local/lib/python3.7/site-packages/airflow/example_dags/example_latest_only_with_trigger.py
[2022-12-03 17:27:20,679] {logging_mixin.py:115} INFO - [2022-12-03 17:27:20,678] {dag.py:2420} INFO - Sync 1 DAGs
[2022-12-03 17:27:20,916] {logging_mixin.py:115} INFO - [2022-12-03 17:27:20,916] {dag.py:2972} INFO - Setting next_dagrun for latest_only_with_trigger to 2022-12-03T13:27:20.914181+00:00, run_after=2022-12-03T17:27:20.914181+00:00
[2022-12-03 17:27:21,028] {processor.py:161} INFO - Processing /home/airflow/.local/lib/python3.7/site-packages/airflow/example_dags/example_latest_only_with_trigger.py took 1.436 seconds
[2022-12-03 17:27:56,747] {processor.py:153} INFO - Started process (PID=1954) to work on /home/airflow/.local/lib/python3.7/site-packages/airflow/example_dags/example_latest_only_with_trigger.py
[2022-12-03 17:27:56,753] {processor.py:641} INFO - Processing file /home/airflow/.local/lib/python3.7/site-packages/airflow/example_dags/example_latest_only_with_trigger.py for tasks to queue
[2022-12-03 17:27:56,759] {logging_mixin.py:115} INFO - [2022-12-03 17:27:56,758] {dagbag.py:508} INFO - Filling up the DagBag from /home/airflow/.local/lib/python3.7/site-packages/airflow/example_dags/example_latest_only_with_trigger.py
[2022-12-03 17:27:56,838] {processor.py:651} INFO - DAG(s) dict_keys(['latest_only_with_trigger']) retrieved from /home/airflow/.local/lib/python3.7/site-packages/airflow/example_dags/example_latest_only_with_trigger.py
[2022-12-03 17:27:57,823] {logging_mixin.py:115} INFO - [2022-12-03 17:27:57,822] {dag.py:2420} INFO - Sync 1 DAGs
[2022-12-03 17:27:58,054] {logging_mixin.py:115} INFO - [2022-12-03 17:27:58,053] {dag.py:2972} INFO - Setting next_dagrun for latest_only_with_trigger to 2022-12-03T13:27:58.052047+00:00, run_after=2022-12-03T17:27:58.052047+00:00
[2022-12-03 17:27:58,138] {processor.py:161} INFO - Processing /home/airflow/.local/lib/python3.7/site-packages/airflow/example_dags/example_latest_only_with_trigger.py took 1.421 seconds
[2022-12-03 17:21:33,094] {processor.py:153} INFO - Started process (PID=48) to work on /home/airflow/.local/lib/python3.7/site-packages/airflow/example_dags/example_latest_only_with_trigger.py
[2022-12-03 17:21:33,095] {processor.py:641} INFO - Processing file /home/airflow/.local/lib/python3.7/site-packages/airflow/example_dags/example_latest_only_with_trigger.py for tasks to queue
[2022-12-03 17:21:33,096] {logging_mixin.py:115} INFO - [2022-12-03 17:21:33,096] {dagbag.py:508} INFO - Filling up the DagBag from /home/airflow/.local/lib/python3.7/site-packages/airflow/example_dags/example_latest_only_with_trigger.py
[2022-12-03 17:21:33,104] {processor.py:651} INFO - DAG(s) dict_keys(['latest_only_with_trigger']) retrieved from /home/airflow/.local/lib/python3.7/site-packages/airflow/example_dags/example_latest_only_with_trigger.py
[2022-12-03 17:21:33,141] {logging_mixin.py:115} INFO - [2022-12-03 17:21:33,140] {dag.py:2420} INFO - Sync 1 DAGs
[2022-12-03 17:21:33,358] {logging_mixin.py:115} INFO - [2022-12-03 17:21:33,358] {dag.py:2972} INFO - Setting next_dagrun for latest_only_with_trigger to 2022-12-03T13:21:33.357922+00:00, run_after=2022-12-03T17:21:33.357922+00:00
[2022-12-03 17:21:33,379] {processor.py:161} INFO - Processing /home/airflow/.local/lib/python3.7/site-packages/airflow/example_dags/example_latest_only_with_trigger.py took 0.288 seconds
