[2022-10-29 00:00:29,016] {processor.py:153} INFO - Started process (PID=9048) to work on /home/airflow/.local/lib/python3.7/site-packages/airflow/example_dags/example_branch_operator_decorator.py
[2022-10-29 00:00:29,017] {processor.py:641} INFO - Processing file /home/airflow/.local/lib/python3.7/site-packages/airflow/example_dags/example_branch_operator_decorator.py for tasks to queue
[2022-10-29 00:00:29,018] {logging_mixin.py:115} INFO - [2022-10-29 00:00:29,018] {dagbag.py:508} INFO - Filling up the DagBag from /home/airflow/.local/lib/python3.7/site-packages/airflow/example_dags/example_branch_operator_decorator.py
[2022-10-29 00:00:29,054] {processor.py:651} INFO - DAG(s) dict_keys(['example_branch_python_operator_decorator']) retrieved from /home/airflow/.local/lib/python3.7/site-packages/airflow/example_dags/example_branch_operator_decorator.py
[2022-10-29 00:00:29,102] {logging_mixin.py:115} INFO - [2022-10-29 00:00:29,102] {dag.py:2420} INFO - Sync 1 DAGs
[2022-10-29 00:00:29,147] {logging_mixin.py:115} INFO - [2022-10-29 00:00:29,146] {dag.py:2972} INFO - Setting next_dagrun for example_branch_python_operator_decorator to 2022-10-28T00:00:00+00:00, run_after=2022-10-29T00:00:00+00:00
[2022-10-29 00:00:29,173] {processor.py:161} INFO - Processing /home/airflow/.local/lib/python3.7/site-packages/airflow/example_dags/example_branch_operator_decorator.py took 0.162 seconds
[2022-10-29 00:00:59,521] {processor.py:153} INFO - Started process (PID=9104) to work on /home/airflow/.local/lib/python3.7/site-packages/airflow/example_dags/example_branch_operator_decorator.py
[2022-10-29 00:00:59,522] {processor.py:641} INFO - Processing file /home/airflow/.local/lib/python3.7/site-packages/airflow/example_dags/example_branch_operator_decorator.py for tasks to queue
[2022-10-29 00:00:59,523] {logging_mixin.py:115} INFO - [2022-10-29 00:00:59,523] {dagbag.py:508} INFO - Filling up the DagBag from /home/airflow/.local/lib/python3.7/site-packages/airflow/example_dags/example_branch_operator_decorator.py
[2022-10-29 00:00:59,555] {processor.py:651} INFO - DAG(s) dict_keys(['example_branch_python_operator_decorator']) retrieved from /home/airflow/.local/lib/python3.7/site-packages/airflow/example_dags/example_branch_operator_decorator.py
[2022-10-29 00:00:59,602] {logging_mixin.py:115} INFO - [2022-10-29 00:00:59,602] {dag.py:2420} INFO - Sync 1 DAGs
[2022-10-29 00:00:59,646] {logging_mixin.py:115} INFO - [2022-10-29 00:00:59,646] {dag.py:2972} INFO - Setting next_dagrun for example_branch_python_operator_decorator to 2022-10-28T00:00:00+00:00, run_after=2022-10-29T00:00:00+00:00
[2022-10-29 00:00:59,665] {processor.py:161} INFO - Processing /home/airflow/.local/lib/python3.7/site-packages/airflow/example_dags/example_branch_operator_decorator.py took 0.148 seconds
[2022-10-29 00:01:29,801] {processor.py:153} INFO - Started process (PID=9158) to work on /home/airflow/.local/lib/python3.7/site-packages/airflow/example_dags/example_branch_operator_decorator.py
[2022-10-29 00:01:29,802] {processor.py:641} INFO - Processing file /home/airflow/.local/lib/python3.7/site-packages/airflow/example_dags/example_branch_operator_decorator.py for tasks to queue
[2022-10-29 00:01:29,803] {logging_mixin.py:115} INFO - [2022-10-29 00:01:29,803] {dagbag.py:508} INFO - Filling up the DagBag from /home/airflow/.local/lib/python3.7/site-packages/airflow/example_dags/example_branch_operator_decorator.py
[2022-10-29 00:01:29,830] {processor.py:651} INFO - DAG(s) dict_keys(['example_branch_python_operator_decorator']) retrieved from /home/airflow/.local/lib/python3.7/site-packages/airflow/example_dags/example_branch_operator_decorator.py
[2022-10-29 00:01:29,869] {logging_mixin.py:115} INFO - [2022-10-29 00:01:29,869] {dag.py:2420} INFO - Sync 1 DAGs
[2022-10-29 00:01:29,912] {logging_mixin.py:115} INFO - [2022-10-29 00:01:29,911] {dag.py:2972} INFO - Setting next_dagrun for example_branch_python_operator_decorator to 2022-10-28T00:00:00+00:00, run_after=2022-10-29T00:00:00+00:00
[2022-10-29 00:01:29,936] {processor.py:161} INFO - Processing /home/airflow/.local/lib/python3.7/site-packages/airflow/example_dags/example_branch_operator_decorator.py took 0.138 seconds
[2022-10-29 00:02:00,164] {processor.py:153} INFO - Started process (PID=9221) to work on /home/airflow/.local/lib/python3.7/site-packages/airflow/example_dags/example_branch_operator_decorator.py
[2022-10-29 00:02:00,165] {processor.py:641} INFO - Processing file /home/airflow/.local/lib/python3.7/site-packages/airflow/example_dags/example_branch_operator_decorator.py for tasks to queue
[2022-10-29 00:02:00,165] {logging_mixin.py:115} INFO - [2022-10-29 00:02:00,165] {dagbag.py:508} INFO - Filling up the DagBag from /home/airflow/.local/lib/python3.7/site-packages/airflow/example_dags/example_branch_operator_decorator.py
[2022-10-29 00:02:00,197] {processor.py:651} INFO - DAG(s) dict_keys(['example_branch_python_operator_decorator']) retrieved from /home/airflow/.local/lib/python3.7/site-packages/airflow/example_dags/example_branch_operator_decorator.py
[2022-10-29 00:02:00,252] {logging_mixin.py:115} INFO - [2022-10-29 00:02:00,251] {dag.py:2420} INFO - Sync 1 DAGs
[2022-10-29 00:02:00,298] {logging_mixin.py:115} INFO - [2022-10-29 00:02:00,298] {dag.py:2972} INFO - Setting next_dagrun for example_branch_python_operator_decorator to 2022-10-28T00:00:00+00:00, run_after=2022-10-29T00:00:00+00:00
[2022-10-29 00:02:00,325] {processor.py:161} INFO - Processing /home/airflow/.local/lib/python3.7/site-packages/airflow/example_dags/example_branch_operator_decorator.py took 0.167 seconds
[2022-10-29 00:02:30,481] {processor.py:153} INFO - Started process (PID=9275) to work on /home/airflow/.local/lib/python3.7/site-packages/airflow/example_dags/example_branch_operator_decorator.py
[2022-10-29 00:02:30,482] {processor.py:641} INFO - Processing file /home/airflow/.local/lib/python3.7/site-packages/airflow/example_dags/example_branch_operator_decorator.py for tasks to queue
[2022-10-29 00:02:30,483] {logging_mixin.py:115} INFO - [2022-10-29 00:02:30,483] {dagbag.py:508} INFO - Filling up the DagBag from /home/airflow/.local/lib/python3.7/site-packages/airflow/example_dags/example_branch_operator_decorator.py
[2022-10-29 00:02:30,510] {processor.py:651} INFO - DAG(s) dict_keys(['example_branch_python_operator_decorator']) retrieved from /home/airflow/.local/lib/python3.7/site-packages/airflow/example_dags/example_branch_operator_decorator.py
[2022-10-29 00:02:30,553] {logging_mixin.py:115} INFO - [2022-10-29 00:02:30,552] {dag.py:2420} INFO - Sync 1 DAGs
[2022-10-29 00:02:30,601] {logging_mixin.py:115} INFO - [2022-10-29 00:02:30,601] {dag.py:2972} INFO - Setting next_dagrun for example_branch_python_operator_decorator to 2022-10-28T00:00:00+00:00, run_after=2022-10-29T00:00:00+00:00
[2022-10-29 00:02:30,623] {processor.py:161} INFO - Processing /home/airflow/.local/lib/python3.7/site-packages/airflow/example_dags/example_branch_operator_decorator.py took 0.145 seconds
[2022-10-29 00:03:01,264] {processor.py:153} INFO - Started process (PID=9330) to work on /home/airflow/.local/lib/python3.7/site-packages/airflow/example_dags/example_branch_operator_decorator.py
[2022-10-29 00:03:01,265] {processor.py:641} INFO - Processing file /home/airflow/.local/lib/python3.7/site-packages/airflow/example_dags/example_branch_operator_decorator.py for tasks to queue
[2022-10-29 00:03:01,266] {logging_mixin.py:115} INFO - [2022-10-29 00:03:01,266] {dagbag.py:508} INFO - Filling up the DagBag from /home/airflow/.local/lib/python3.7/site-packages/airflow/example_dags/example_branch_operator_decorator.py
[2022-10-29 00:03:01,309] {processor.py:651} INFO - DAG(s) dict_keys(['example_branch_python_operator_decorator']) retrieved from /home/airflow/.local/lib/python3.7/site-packages/airflow/example_dags/example_branch_operator_decorator.py
[2022-10-29 00:03:01,377] {logging_mixin.py:115} INFO - [2022-10-29 00:03:01,377] {dag.py:2420} INFO - Sync 1 DAGs
[2022-10-29 00:03:01,446] {logging_mixin.py:115} INFO - [2022-10-29 00:03:01,446] {dag.py:2972} INFO - Setting next_dagrun for example_branch_python_operator_decorator to 2022-10-28T00:00:00+00:00, run_after=2022-10-29T00:00:00+00:00
[2022-10-29 00:03:01,478] {processor.py:161} INFO - Processing /home/airflow/.local/lib/python3.7/site-packages/airflow/example_dags/example_branch_operator_decorator.py took 0.221 seconds
[2022-10-29 00:03:32,218] {processor.py:153} INFO - Started process (PID=9393) to work on /home/airflow/.local/lib/python3.7/site-packages/airflow/example_dags/example_branch_operator_decorator.py
[2022-10-29 00:03:32,219] {processor.py:641} INFO - Processing file /home/airflow/.local/lib/python3.7/site-packages/airflow/example_dags/example_branch_operator_decorator.py for tasks to queue
[2022-10-29 00:03:32,220] {logging_mixin.py:115} INFO - [2022-10-29 00:03:32,220] {dagbag.py:508} INFO - Filling up the DagBag from /home/airflow/.local/lib/python3.7/site-packages/airflow/example_dags/example_branch_operator_decorator.py
[2022-10-29 00:03:32,258] {processor.py:651} INFO - DAG(s) dict_keys(['example_branch_python_operator_decorator']) retrieved from /home/airflow/.local/lib/python3.7/site-packages/airflow/example_dags/example_branch_operator_decorator.py
[2022-10-29 00:03:32,311] {logging_mixin.py:115} INFO - [2022-10-29 00:03:32,310] {dag.py:2420} INFO - Sync 1 DAGs
[2022-10-29 00:03:32,362] {logging_mixin.py:115} INFO - [2022-10-29 00:03:32,362] {dag.py:2972} INFO - Setting next_dagrun for example_branch_python_operator_decorator to 2022-10-28T00:00:00+00:00, run_after=2022-10-29T00:00:00+00:00
[2022-10-29 00:03:32,388] {processor.py:161} INFO - Processing /home/airflow/.local/lib/python3.7/site-packages/airflow/example_dags/example_branch_operator_decorator.py took 0.175 seconds
[2022-10-29 00:04:02,584] {processor.py:153} INFO - Started process (PID=9447) to work on /home/airflow/.local/lib/python3.7/site-packages/airflow/example_dags/example_branch_operator_decorator.py
[2022-10-29 00:04:02,585] {processor.py:641} INFO - Processing file /home/airflow/.local/lib/python3.7/site-packages/airflow/example_dags/example_branch_operator_decorator.py for tasks to queue
[2022-10-29 00:04:02,586] {logging_mixin.py:115} INFO - [2022-10-29 00:04:02,586] {dagbag.py:508} INFO - Filling up the DagBag from /home/airflow/.local/lib/python3.7/site-packages/airflow/example_dags/example_branch_operator_decorator.py
[2022-10-29 00:04:02,622] {processor.py:651} INFO - DAG(s) dict_keys(['example_branch_python_operator_decorator']) retrieved from /home/airflow/.local/lib/python3.7/site-packages/airflow/example_dags/example_branch_operator_decorator.py
[2022-10-29 00:04:02,667] {logging_mixin.py:115} INFO - [2022-10-29 00:04:02,667] {dag.py:2420} INFO - Sync 1 DAGs
[2022-10-29 00:04:02,716] {logging_mixin.py:115} INFO - [2022-10-29 00:04:02,716] {dag.py:2972} INFO - Setting next_dagrun for example_branch_python_operator_decorator to 2022-10-28T00:00:00+00:00, run_after=2022-10-29T00:00:00+00:00
[2022-10-29 00:04:02,738] {processor.py:161} INFO - Processing /home/airflow/.local/lib/python3.7/site-packages/airflow/example_dags/example_branch_operator_decorator.py took 0.159 seconds
[2022-10-29 00:04:32,960] {processor.py:153} INFO - Started process (PID=9501) to work on /home/airflow/.local/lib/python3.7/site-packages/airflow/example_dags/example_branch_operator_decorator.py
[2022-10-29 00:04:32,961] {processor.py:641} INFO - Processing file /home/airflow/.local/lib/python3.7/site-packages/airflow/example_dags/example_branch_operator_decorator.py for tasks to queue
[2022-10-29 00:04:32,962] {logging_mixin.py:115} INFO - [2022-10-29 00:04:32,962] {dagbag.py:508} INFO - Filling up the DagBag from /home/airflow/.local/lib/python3.7/site-packages/airflow/example_dags/example_branch_operator_decorator.py
[2022-10-29 00:04:33,000] {processor.py:651} INFO - DAG(s) dict_keys(['example_branch_python_operator_decorator']) retrieved from /home/airflow/.local/lib/python3.7/site-packages/airflow/example_dags/example_branch_operator_decorator.py
[2022-10-29 00:04:33,050] {logging_mixin.py:115} INFO - [2022-10-29 00:04:33,049] {dag.py:2420} INFO - Sync 1 DAGs
[2022-10-29 00:04:33,104] {logging_mixin.py:115} INFO - [2022-10-29 00:04:33,103] {dag.py:2972} INFO - Setting next_dagrun for example_branch_python_operator_decorator to 2022-10-28T00:00:00+00:00, run_after=2022-10-29T00:00:00+00:00
[2022-10-29 00:04:33,134] {processor.py:161} INFO - Processing /home/airflow/.local/lib/python3.7/site-packages/airflow/example_dags/example_branch_operator_decorator.py took 0.179 seconds
[2022-10-29 00:05:03,304] {processor.py:153} INFO - Started process (PID=9564) to work on /home/airflow/.local/lib/python3.7/site-packages/airflow/example_dags/example_branch_operator_decorator.py
[2022-10-29 00:05:03,304] {processor.py:641} INFO - Processing file /home/airflow/.local/lib/python3.7/site-packages/airflow/example_dags/example_branch_operator_decorator.py for tasks to queue
[2022-10-29 00:05:03,306] {logging_mixin.py:115} INFO - [2022-10-29 00:05:03,306] {dagbag.py:508} INFO - Filling up the DagBag from /home/airflow/.local/lib/python3.7/site-packages/airflow/example_dags/example_branch_operator_decorator.py
[2022-10-29 00:05:03,343] {processor.py:651} INFO - DAG(s) dict_keys(['example_branch_python_operator_decorator']) retrieved from /home/airflow/.local/lib/python3.7/site-packages/airflow/example_dags/example_branch_operator_decorator.py
[2022-10-29 00:05:03,391] {logging_mixin.py:115} INFO - [2022-10-29 00:05:03,391] {dag.py:2420} INFO - Sync 1 DAGs
[2022-10-29 00:05:03,437] {logging_mixin.py:115} INFO - [2022-10-29 00:05:03,437] {dag.py:2972} INFO - Setting next_dagrun for example_branch_python_operator_decorator to 2022-10-28T00:00:00+00:00, run_after=2022-10-29T00:00:00+00:00
[2022-10-29 00:05:03,464] {processor.py:161} INFO - Processing /home/airflow/.local/lib/python3.7/site-packages/airflow/example_dags/example_branch_operator_decorator.py took 0.166 seconds
[2022-10-29 00:05:33,567] {processor.py:153} INFO - Started process (PID=9618) to work on /home/airflow/.local/lib/python3.7/site-packages/airflow/example_dags/example_branch_operator_decorator.py
[2022-10-29 00:05:33,568] {processor.py:641} INFO - Processing file /home/airflow/.local/lib/python3.7/site-packages/airflow/example_dags/example_branch_operator_decorator.py for tasks to queue
[2022-10-29 00:05:33,568] {logging_mixin.py:115} INFO - [2022-10-29 00:05:33,568] {dagbag.py:508} INFO - Filling up the DagBag from /home/airflow/.local/lib/python3.7/site-packages/airflow/example_dags/example_branch_operator_decorator.py
[2022-10-29 00:05:33,607] {processor.py:651} INFO - DAG(s) dict_keys(['example_branch_python_operator_decorator']) retrieved from /home/airflow/.local/lib/python3.7/site-packages/airflow/example_dags/example_branch_operator_decorator.py
[2022-10-29 00:05:33,660] {logging_mixin.py:115} INFO - [2022-10-29 00:05:33,660] {dag.py:2420} INFO - Sync 1 DAGs
[2022-10-29 00:05:33,714] {logging_mixin.py:115} INFO - [2022-10-29 00:05:33,713] {dag.py:2972} INFO - Setting next_dagrun for example_branch_python_operator_decorator to 2022-10-28T00:00:00+00:00, run_after=2022-10-29T00:00:00+00:00
[2022-10-29 00:05:33,740] {processor.py:161} INFO - Processing /home/airflow/.local/lib/python3.7/site-packages/airflow/example_dags/example_branch_operator_decorator.py took 0.179 seconds
[2022-10-29 00:06:03,818] {processor.py:153} INFO - Started process (PID=9671) to work on /home/airflow/.local/lib/python3.7/site-packages/airflow/example_dags/example_branch_operator_decorator.py
[2022-10-29 00:06:03,820] {processor.py:641} INFO - Processing file /home/airflow/.local/lib/python3.7/site-packages/airflow/example_dags/example_branch_operator_decorator.py for tasks to queue
[2022-10-29 00:06:03,821] {logging_mixin.py:115} INFO - [2022-10-29 00:06:03,821] {dagbag.py:508} INFO - Filling up the DagBag from /home/airflow/.local/lib/python3.7/site-packages/airflow/example_dags/example_branch_operator_decorator.py
[2022-10-29 00:06:03,856] {processor.py:651} INFO - DAG(s) dict_keys(['example_branch_python_operator_decorator']) retrieved from /home/airflow/.local/lib/python3.7/site-packages/airflow/example_dags/example_branch_operator_decorator.py
[2022-10-29 00:06:03,904] {logging_mixin.py:115} INFO - [2022-10-29 00:06:03,904] {dag.py:2420} INFO - Sync 1 DAGs
[2022-10-29 00:06:03,955] {logging_mixin.py:115} INFO - [2022-10-29 00:06:03,955] {dag.py:2972} INFO - Setting next_dagrun for example_branch_python_operator_decorator to 2022-10-28T00:00:00+00:00, run_after=2022-10-29T00:00:00+00:00
[2022-10-29 00:06:03,980] {processor.py:161} INFO - Processing /home/airflow/.local/lib/python3.7/site-packages/airflow/example_dags/example_branch_operator_decorator.py took 0.167 seconds
[2022-10-29 00:06:34,338] {processor.py:153} INFO - Started process (PID=9735) to work on /home/airflow/.local/lib/python3.7/site-packages/airflow/example_dags/example_branch_operator_decorator.py
[2022-10-29 00:06:34,339] {processor.py:641} INFO - Processing file /home/airflow/.local/lib/python3.7/site-packages/airflow/example_dags/example_branch_operator_decorator.py for tasks to queue
[2022-10-29 00:06:34,341] {logging_mixin.py:115} INFO - [2022-10-29 00:06:34,340] {dagbag.py:508} INFO - Filling up the DagBag from /home/airflow/.local/lib/python3.7/site-packages/airflow/example_dags/example_branch_operator_decorator.py
[2022-10-29 00:06:34,398] {processor.py:651} INFO - DAG(s) dict_keys(['example_branch_python_operator_decorator']) retrieved from /home/airflow/.local/lib/python3.7/site-packages/airflow/example_dags/example_branch_operator_decorator.py
[2022-10-29 00:06:34,485] {logging_mixin.py:115} INFO - [2022-10-29 00:06:34,484] {dag.py:2420} INFO - Sync 1 DAGs
[2022-10-29 00:06:34,563] {logging_mixin.py:115} INFO - [2022-10-29 00:06:34,562] {dag.py:2972} INFO - Setting next_dagrun for example_branch_python_operator_decorator to 2022-10-28T00:00:00+00:00, run_after=2022-10-29T00:00:00+00:00
[2022-10-29 00:06:34,593] {processor.py:161} INFO - Processing /home/airflow/.local/lib/python3.7/site-packages/airflow/example_dags/example_branch_operator_decorator.py took 0.263 seconds
[2022-10-29 00:07:04,810] {processor.py:153} INFO - Started process (PID=9791) to work on /home/airflow/.local/lib/python3.7/site-packages/airflow/example_dags/example_branch_operator_decorator.py
[2022-10-29 00:07:04,812] {processor.py:641} INFO - Processing file /home/airflow/.local/lib/python3.7/site-packages/airflow/example_dags/example_branch_operator_decorator.py for tasks to queue
[2022-10-29 00:07:04,813] {logging_mixin.py:115} INFO - [2022-10-29 00:07:04,813] {dagbag.py:508} INFO - Filling up the DagBag from /home/airflow/.local/lib/python3.7/site-packages/airflow/example_dags/example_branch_operator_decorator.py
[2022-10-29 00:07:04,849] {processor.py:651} INFO - DAG(s) dict_keys(['example_branch_python_operator_decorator']) retrieved from /home/airflow/.local/lib/python3.7/site-packages/airflow/example_dags/example_branch_operator_decorator.py
[2022-10-29 00:07:04,896] {logging_mixin.py:115} INFO - [2022-10-29 00:07:04,895] {dag.py:2420} INFO - Sync 1 DAGs
[2022-10-29 00:07:04,948] {logging_mixin.py:115} INFO - [2022-10-29 00:07:04,948] {dag.py:2972} INFO - Setting next_dagrun for example_branch_python_operator_decorator to 2022-10-28T00:00:00+00:00, run_after=2022-10-29T00:00:00+00:00
[2022-10-29 00:07:04,972] {processor.py:161} INFO - Processing /home/airflow/.local/lib/python3.7/site-packages/airflow/example_dags/example_branch_operator_decorator.py took 0.167 seconds
[2022-10-29 00:07:35,344] {processor.py:153} INFO - Started process (PID=9845) to work on /home/airflow/.local/lib/python3.7/site-packages/airflow/example_dags/example_branch_operator_decorator.py
[2022-10-29 00:07:35,346] {processor.py:641} INFO - Processing file /home/airflow/.local/lib/python3.7/site-packages/airflow/example_dags/example_branch_operator_decorator.py for tasks to queue
[2022-10-29 00:07:35,347] {logging_mixin.py:115} INFO - [2022-10-29 00:07:35,347] {dagbag.py:508} INFO - Filling up the DagBag from /home/airflow/.local/lib/python3.7/site-packages/airflow/example_dags/example_branch_operator_decorator.py
[2022-10-29 00:07:35,386] {processor.py:651} INFO - DAG(s) dict_keys(['example_branch_python_operator_decorator']) retrieved from /home/airflow/.local/lib/python3.7/site-packages/airflow/example_dags/example_branch_operator_decorator.py
[2022-10-29 00:07:35,436] {logging_mixin.py:115} INFO - [2022-10-29 00:07:35,436] {dag.py:2420} INFO - Sync 1 DAGs
[2022-10-29 00:07:35,492] {logging_mixin.py:115} INFO - [2022-10-29 00:07:35,492] {dag.py:2972} INFO - Setting next_dagrun for example_branch_python_operator_decorator to 2022-10-28T00:00:00+00:00, run_after=2022-10-29T00:00:00+00:00
[2022-10-29 00:07:35,518] {processor.py:161} INFO - Processing /home/airflow/.local/lib/python3.7/site-packages/airflow/example_dags/example_branch_operator_decorator.py took 0.179 seconds
[2022-10-29 00:08:06,249] {processor.py:153} INFO - Started process (PID=9909) to work on /home/airflow/.local/lib/python3.7/site-packages/airflow/example_dags/example_branch_operator_decorator.py
[2022-10-29 00:08:06,250] {processor.py:641} INFO - Processing file /home/airflow/.local/lib/python3.7/site-packages/airflow/example_dags/example_branch_operator_decorator.py for tasks to queue
[2022-10-29 00:08:06,252] {logging_mixin.py:115} INFO - [2022-10-29 00:08:06,251] {dagbag.py:508} INFO - Filling up the DagBag from /home/airflow/.local/lib/python3.7/site-packages/airflow/example_dags/example_branch_operator_decorator.py
[2022-10-29 00:08:06,297] {processor.py:651} INFO - DAG(s) dict_keys(['example_branch_python_operator_decorator']) retrieved from /home/airflow/.local/lib/python3.7/site-packages/airflow/example_dags/example_branch_operator_decorator.py
[2022-10-29 00:08:06,351] {logging_mixin.py:115} INFO - [2022-10-29 00:08:06,351] {dag.py:2420} INFO - Sync 1 DAGs
[2022-10-29 00:08:06,409] {logging_mixin.py:115} INFO - [2022-10-29 00:08:06,409] {dag.py:2972} INFO - Setting next_dagrun for example_branch_python_operator_decorator to 2022-10-28T00:00:00+00:00, run_after=2022-10-29T00:00:00+00:00
[2022-10-29 00:08:06,435] {processor.py:161} INFO - Processing /home/airflow/.local/lib/python3.7/site-packages/airflow/example_dags/example_branch_operator_decorator.py took 0.192 seconds
[2022-10-29 00:08:36,858] {processor.py:153} INFO - Started process (PID=9961) to work on /home/airflow/.local/lib/python3.7/site-packages/airflow/example_dags/example_branch_operator_decorator.py
[2022-10-29 00:08:36,859] {processor.py:641} INFO - Processing file /home/airflow/.local/lib/python3.7/site-packages/airflow/example_dags/example_branch_operator_decorator.py for tasks to queue
[2022-10-29 00:08:36,860] {logging_mixin.py:115} INFO - [2022-10-29 00:08:36,860] {dagbag.py:508} INFO - Filling up the DagBag from /home/airflow/.local/lib/python3.7/site-packages/airflow/example_dags/example_branch_operator_decorator.py
[2022-10-29 00:08:36,899] {processor.py:651} INFO - DAG(s) dict_keys(['example_branch_python_operator_decorator']) retrieved from /home/airflow/.local/lib/python3.7/site-packages/airflow/example_dags/example_branch_operator_decorator.py
[2022-10-29 00:08:36,943] {logging_mixin.py:115} INFO - [2022-10-29 00:08:36,943] {dag.py:2420} INFO - Sync 1 DAGs
[2022-10-29 00:08:36,995] {logging_mixin.py:115} INFO - [2022-10-29 00:08:36,995] {dag.py:2972} INFO - Setting next_dagrun for example_branch_python_operator_decorator to 2022-10-28T00:00:00+00:00, run_after=2022-10-29T00:00:00+00:00
[2022-10-29 00:08:37,021] {processor.py:161} INFO - Processing /home/airflow/.local/lib/python3.7/site-packages/airflow/example_dags/example_branch_operator_decorator.py took 0.169 seconds
[2022-10-29 00:09:07,196] {processor.py:153} INFO - Started process (PID=10015) to work on /home/airflow/.local/lib/python3.7/site-packages/airflow/example_dags/example_branch_operator_decorator.py
[2022-10-29 00:09:07,197] {processor.py:641} INFO - Processing file /home/airflow/.local/lib/python3.7/site-packages/airflow/example_dags/example_branch_operator_decorator.py for tasks to queue
[2022-10-29 00:09:07,199] {logging_mixin.py:115} INFO - [2022-10-29 00:09:07,198] {dagbag.py:508} INFO - Filling up the DagBag from /home/airflow/.local/lib/python3.7/site-packages/airflow/example_dags/example_branch_operator_decorator.py
[2022-10-29 00:09:07,236] {processor.py:651} INFO - DAG(s) dict_keys(['example_branch_python_operator_decorator']) retrieved from /home/airflow/.local/lib/python3.7/site-packages/airflow/example_dags/example_branch_operator_decorator.py
[2022-10-29 00:09:07,286] {logging_mixin.py:115} INFO - [2022-10-29 00:09:07,286] {dag.py:2420} INFO - Sync 1 DAGs
[2022-10-29 00:09:07,338] {logging_mixin.py:115} INFO - [2022-10-29 00:09:07,338] {dag.py:2972} INFO - Setting next_dagrun for example_branch_python_operator_decorator to 2022-10-28T00:00:00+00:00, run_after=2022-10-29T00:00:00+00:00
[2022-10-29 00:09:07,362] {processor.py:161} INFO - Processing /home/airflow/.local/lib/python3.7/site-packages/airflow/example_dags/example_branch_operator_decorator.py took 0.172 seconds
[2022-10-29 00:09:38,483] {processor.py:153} INFO - Started process (PID=10078) to work on /home/airflow/.local/lib/python3.7/site-packages/airflow/example_dags/example_branch_operator_decorator.py
[2022-10-29 00:09:38,484] {processor.py:641} INFO - Processing file /home/airflow/.local/lib/python3.7/site-packages/airflow/example_dags/example_branch_operator_decorator.py for tasks to queue
[2022-10-29 00:09:38,486] {logging_mixin.py:115} INFO - [2022-10-29 00:09:38,485] {dagbag.py:508} INFO - Filling up the DagBag from /home/airflow/.local/lib/python3.7/site-packages/airflow/example_dags/example_branch_operator_decorator.py
[2022-10-29 00:09:38,531] {processor.py:651} INFO - DAG(s) dict_keys(['example_branch_python_operator_decorator']) retrieved from /home/airflow/.local/lib/python3.7/site-packages/airflow/example_dags/example_branch_operator_decorator.py
[2022-10-29 00:09:38,590] {logging_mixin.py:115} INFO - [2022-10-29 00:09:38,590] {dag.py:2420} INFO - Sync 1 DAGs
[2022-10-29 00:09:38,663] {logging_mixin.py:115} INFO - [2022-10-29 00:09:38,663] {dag.py:2972} INFO - Setting next_dagrun for example_branch_python_operator_decorator to 2022-10-28T00:00:00+00:00, run_after=2022-10-29T00:00:00+00:00
[2022-10-29 00:09:38,699] {processor.py:161} INFO - Processing /home/airflow/.local/lib/python3.7/site-packages/airflow/example_dags/example_branch_operator_decorator.py took 0.223 seconds
[2022-10-29 00:10:08,853] {processor.py:153} INFO - Started process (PID=10135) to work on /home/airflow/.local/lib/python3.7/site-packages/airflow/example_dags/example_branch_operator_decorator.py
[2022-10-29 00:10:08,854] {processor.py:641} INFO - Processing file /home/airflow/.local/lib/python3.7/site-packages/airflow/example_dags/example_branch_operator_decorator.py for tasks to queue
[2022-10-29 00:10:08,855] {logging_mixin.py:115} INFO - [2022-10-29 00:10:08,855] {dagbag.py:508} INFO - Filling up the DagBag from /home/airflow/.local/lib/python3.7/site-packages/airflow/example_dags/example_branch_operator_decorator.py
[2022-10-29 00:10:08,887] {processor.py:651} INFO - DAG(s) dict_keys(['example_branch_python_operator_decorator']) retrieved from /home/airflow/.local/lib/python3.7/site-packages/airflow/example_dags/example_branch_operator_decorator.py
[2022-10-29 00:10:08,930] {logging_mixin.py:115} INFO - [2022-10-29 00:10:08,930] {dag.py:2420} INFO - Sync 1 DAGs
[2022-10-29 00:10:08,980] {logging_mixin.py:115} INFO - [2022-10-29 00:10:08,980] {dag.py:2972} INFO - Setting next_dagrun for example_branch_python_operator_decorator to 2022-10-28T00:00:00+00:00, run_after=2022-10-29T00:00:00+00:00
[2022-10-29 00:10:09,008] {processor.py:161} INFO - Processing /home/airflow/.local/lib/python3.7/site-packages/airflow/example_dags/example_branch_operator_decorator.py took 0.160 seconds
[2022-10-29 00:10:39,287] {processor.py:153} INFO - Started process (PID=10189) to work on /home/airflow/.local/lib/python3.7/site-packages/airflow/example_dags/example_branch_operator_decorator.py
[2022-10-29 00:10:39,288] {processor.py:641} INFO - Processing file /home/airflow/.local/lib/python3.7/site-packages/airflow/example_dags/example_branch_operator_decorator.py for tasks to queue
[2022-10-29 00:10:39,289] {logging_mixin.py:115} INFO - [2022-10-29 00:10:39,289] {dagbag.py:508} INFO - Filling up the DagBag from /home/airflow/.local/lib/python3.7/site-packages/airflow/example_dags/example_branch_operator_decorator.py
[2022-10-29 00:10:39,359] {processor.py:651} INFO - DAG(s) dict_keys(['example_branch_python_operator_decorator']) retrieved from /home/airflow/.local/lib/python3.7/site-packages/airflow/example_dags/example_branch_operator_decorator.py
[2022-10-29 00:10:39,410] {logging_mixin.py:115} INFO - [2022-10-29 00:10:39,410] {dag.py:2420} INFO - Sync 1 DAGs
[2022-10-29 00:10:39,463] {logging_mixin.py:115} INFO - [2022-10-29 00:10:39,463] {dag.py:2972} INFO - Setting next_dagrun for example_branch_python_operator_decorator to 2022-10-28T00:00:00+00:00, run_after=2022-10-29T00:00:00+00:00
[2022-10-29 00:10:39,486] {processor.py:161} INFO - Processing /home/airflow/.local/lib/python3.7/site-packages/airflow/example_dags/example_branch_operator_decorator.py took 0.205 seconds
[2022-10-29 00:11:09,740] {processor.py:153} INFO - Started process (PID=10244) to work on /home/airflow/.local/lib/python3.7/site-packages/airflow/example_dags/example_branch_operator_decorator.py
[2022-10-29 00:11:09,741] {processor.py:641} INFO - Processing file /home/airflow/.local/lib/python3.7/site-packages/airflow/example_dags/example_branch_operator_decorator.py for tasks to queue
[2022-10-29 00:11:09,742] {logging_mixin.py:115} INFO - [2022-10-29 00:11:09,742] {dagbag.py:508} INFO - Filling up the DagBag from /home/airflow/.local/lib/python3.7/site-packages/airflow/example_dags/example_branch_operator_decorator.py
[2022-10-29 00:11:09,774] {processor.py:651} INFO - DAG(s) dict_keys(['example_branch_python_operator_decorator']) retrieved from /home/airflow/.local/lib/python3.7/site-packages/airflow/example_dags/example_branch_operator_decorator.py
[2022-10-29 00:11:09,828] {logging_mixin.py:115} INFO - [2022-10-29 00:11:09,828] {dag.py:2420} INFO - Sync 1 DAGs
[2022-10-29 00:11:09,877] {logging_mixin.py:115} INFO - [2022-10-29 00:11:09,876] {dag.py:2972} INFO - Setting next_dagrun for example_branch_python_operator_decorator to 2022-10-28T00:00:00+00:00, run_after=2022-10-29T00:00:00+00:00
[2022-10-29 00:11:09,907] {processor.py:161} INFO - Processing /home/airflow/.local/lib/python3.7/site-packages/airflow/example_dags/example_branch_operator_decorator.py took 0.172 seconds
[2022-10-29 00:11:40,256] {processor.py:153} INFO - Started process (PID=10307) to work on /home/airflow/.local/lib/python3.7/site-packages/airflow/example_dags/example_branch_operator_decorator.py
[2022-10-29 00:11:40,257] {processor.py:641} INFO - Processing file /home/airflow/.local/lib/python3.7/site-packages/airflow/example_dags/example_branch_operator_decorator.py for tasks to queue
[2022-10-29 00:11:40,258] {logging_mixin.py:115} INFO - [2022-10-29 00:11:40,258] {dagbag.py:508} INFO - Filling up the DagBag from /home/airflow/.local/lib/python3.7/site-packages/airflow/example_dags/example_branch_operator_decorator.py
[2022-10-29 00:11:40,293] {processor.py:651} INFO - DAG(s) dict_keys(['example_branch_python_operator_decorator']) retrieved from /home/airflow/.local/lib/python3.7/site-packages/airflow/example_dags/example_branch_operator_decorator.py
[2022-10-29 00:11:40,338] {logging_mixin.py:115} INFO - [2022-10-29 00:11:40,338] {dag.py:2420} INFO - Sync 1 DAGs
[2022-10-29 00:11:40,385] {logging_mixin.py:115} INFO - [2022-10-29 00:11:40,384] {dag.py:2972} INFO - Setting next_dagrun for example_branch_python_operator_decorator to 2022-10-28T00:00:00+00:00, run_after=2022-10-29T00:00:00+00:00
[2022-10-29 00:11:40,414] {processor.py:161} INFO - Processing /home/airflow/.local/lib/python3.7/site-packages/airflow/example_dags/example_branch_operator_decorator.py took 0.163 seconds
[2022-10-29 00:12:11,284] {processor.py:153} INFO - Started process (PID=10362) to work on /home/airflow/.local/lib/python3.7/site-packages/airflow/example_dags/example_branch_operator_decorator.py
[2022-10-29 00:12:11,285] {processor.py:641} INFO - Processing file /home/airflow/.local/lib/python3.7/site-packages/airflow/example_dags/example_branch_operator_decorator.py for tasks to queue
[2022-10-29 00:12:11,286] {logging_mixin.py:115} INFO - [2022-10-29 00:12:11,286] {dagbag.py:508} INFO - Filling up the DagBag from /home/airflow/.local/lib/python3.7/site-packages/airflow/example_dags/example_branch_operator_decorator.py
[2022-10-29 00:12:11,340] {processor.py:651} INFO - DAG(s) dict_keys(['example_branch_python_operator_decorator']) retrieved from /home/airflow/.local/lib/python3.7/site-packages/airflow/example_dags/example_branch_operator_decorator.py
[2022-10-29 00:12:11,393] {logging_mixin.py:115} INFO - [2022-10-29 00:12:11,393] {dag.py:2420} INFO - Sync 1 DAGs
[2022-10-29 00:12:11,450] {logging_mixin.py:115} INFO - [2022-10-29 00:12:11,450] {dag.py:2972} INFO - Setting next_dagrun for example_branch_python_operator_decorator to 2022-10-28T00:00:00+00:00, run_after=2022-10-29T00:00:00+00:00
[2022-10-29 00:12:11,478] {processor.py:161} INFO - Processing /home/airflow/.local/lib/python3.7/site-packages/airflow/example_dags/example_branch_operator_decorator.py took 0.200 seconds
[2022-10-29 00:12:42,051] {processor.py:153} INFO - Started process (PID=10416) to work on /home/airflow/.local/lib/python3.7/site-packages/airflow/example_dags/example_branch_operator_decorator.py
[2022-10-29 00:12:42,053] {processor.py:641} INFO - Processing file /home/airflow/.local/lib/python3.7/site-packages/airflow/example_dags/example_branch_operator_decorator.py for tasks to queue
[2022-10-29 00:12:42,054] {logging_mixin.py:115} INFO - [2022-10-29 00:12:42,054] {dagbag.py:508} INFO - Filling up the DagBag from /home/airflow/.local/lib/python3.7/site-packages/airflow/example_dags/example_branch_operator_decorator.py
[2022-10-29 00:12:42,108] {processor.py:651} INFO - DAG(s) dict_keys(['example_branch_python_operator_decorator']) retrieved from /home/airflow/.local/lib/python3.7/site-packages/airflow/example_dags/example_branch_operator_decorator.py
[2022-10-29 00:12:42,166] {logging_mixin.py:115} INFO - [2022-10-29 00:12:42,166] {dag.py:2420} INFO - Sync 1 DAGs
[2022-10-29 00:12:42,228] {logging_mixin.py:115} INFO - [2022-10-29 00:12:42,228] {dag.py:2972} INFO - Setting next_dagrun for example_branch_python_operator_decorator to 2022-10-28T00:00:00+00:00, run_after=2022-10-29T00:00:00+00:00
[2022-10-29 00:12:42,273] {processor.py:161} INFO - Processing /home/airflow/.local/lib/python3.7/site-packages/airflow/example_dags/example_branch_operator_decorator.py took 0.230 seconds
[2022-10-29 00:13:12,526] {processor.py:153} INFO - Started process (PID=10477) to work on /home/airflow/.local/lib/python3.7/site-packages/airflow/example_dags/example_branch_operator_decorator.py
[2022-10-29 00:13:12,528] {processor.py:641} INFO - Processing file /home/airflow/.local/lib/python3.7/site-packages/airflow/example_dags/example_branch_operator_decorator.py for tasks to queue
[2022-10-29 00:13:12,528] {logging_mixin.py:115} INFO - [2022-10-29 00:13:12,528] {dagbag.py:508} INFO - Filling up the DagBag from /home/airflow/.local/lib/python3.7/site-packages/airflow/example_dags/example_branch_operator_decorator.py
[2022-10-29 00:13:12,570] {processor.py:651} INFO - DAG(s) dict_keys(['example_branch_python_operator_decorator']) retrieved from /home/airflow/.local/lib/python3.7/site-packages/airflow/example_dags/example_branch_operator_decorator.py
[2022-10-29 00:13:12,621] {logging_mixin.py:115} INFO - [2022-10-29 00:13:12,621] {dag.py:2420} INFO - Sync 1 DAGs
[2022-10-29 00:13:12,668] {logging_mixin.py:115} INFO - [2022-10-29 00:13:12,668] {dag.py:2972} INFO - Setting next_dagrun for example_branch_python_operator_decorator to 2022-10-28T00:00:00+00:00, run_after=2022-10-29T00:00:00+00:00
[2022-10-29 00:13:12,694] {processor.py:161} INFO - Processing /home/airflow/.local/lib/python3.7/site-packages/airflow/example_dags/example_branch_operator_decorator.py took 0.174 seconds
[2022-10-29 00:13:43,343] {processor.py:153} INFO - Started process (PID=10533) to work on /home/airflow/.local/lib/python3.7/site-packages/airflow/example_dags/example_branch_operator_decorator.py
[2022-10-29 00:13:43,344] {processor.py:641} INFO - Processing file /home/airflow/.local/lib/python3.7/site-packages/airflow/example_dags/example_branch_operator_decorator.py for tasks to queue
[2022-10-29 00:13:43,345] {logging_mixin.py:115} INFO - [2022-10-29 00:13:43,345] {dagbag.py:508} INFO - Filling up the DagBag from /home/airflow/.local/lib/python3.7/site-packages/airflow/example_dags/example_branch_operator_decorator.py
[2022-10-29 00:13:43,385] {processor.py:651} INFO - DAG(s) dict_keys(['example_branch_python_operator_decorator']) retrieved from /home/airflow/.local/lib/python3.7/site-packages/airflow/example_dags/example_branch_operator_decorator.py
[2022-10-29 00:13:43,436] {logging_mixin.py:115} INFO - [2022-10-29 00:13:43,436] {dag.py:2420} INFO - Sync 1 DAGs
[2022-10-29 00:13:43,493] {logging_mixin.py:115} INFO - [2022-10-29 00:13:43,493] {dag.py:2972} INFO - Setting next_dagrun for example_branch_python_operator_decorator to 2022-10-28T00:00:00+00:00, run_after=2022-10-29T00:00:00+00:00
[2022-10-29 00:13:43,524] {processor.py:161} INFO - Processing /home/airflow/.local/lib/python3.7/site-packages/airflow/example_dags/example_branch_operator_decorator.py took 0.185 seconds
[2022-10-29 00:14:13,791] {processor.py:153} INFO - Started process (PID=10587) to work on /home/airflow/.local/lib/python3.7/site-packages/airflow/example_dags/example_branch_operator_decorator.py
[2022-10-29 00:14:13,792] {processor.py:641} INFO - Processing file /home/airflow/.local/lib/python3.7/site-packages/airflow/example_dags/example_branch_operator_decorator.py for tasks to queue
[2022-10-29 00:14:13,793] {logging_mixin.py:115} INFO - [2022-10-29 00:14:13,793] {dagbag.py:508} INFO - Filling up the DagBag from /home/airflow/.local/lib/python3.7/site-packages/airflow/example_dags/example_branch_operator_decorator.py
[2022-10-29 00:14:13,859] {processor.py:651} INFO - DAG(s) dict_keys(['example_branch_python_operator_decorator']) retrieved from /home/airflow/.local/lib/python3.7/site-packages/airflow/example_dags/example_branch_operator_decorator.py
[2022-10-29 00:14:13,915] {logging_mixin.py:115} INFO - [2022-10-29 00:14:13,915] {dag.py:2420} INFO - Sync 1 DAGs
[2022-10-29 00:14:13,973] {logging_mixin.py:115} INFO - [2022-10-29 00:14:13,973] {dag.py:2972} INFO - Setting next_dagrun for example_branch_python_operator_decorator to 2022-10-28T00:00:00+00:00, run_after=2022-10-29T00:00:00+00:00
[2022-10-29 00:14:14,000] {processor.py:161} INFO - Processing /home/airflow/.local/lib/python3.7/site-packages/airflow/example_dags/example_branch_operator_decorator.py took 0.215 seconds
[2022-10-29 00:14:44,926] {processor.py:153} INFO - Started process (PID=10650) to work on /home/airflow/.local/lib/python3.7/site-packages/airflow/example_dags/example_branch_operator_decorator.py
[2022-10-29 00:14:44,927] {processor.py:641} INFO - Processing file /home/airflow/.local/lib/python3.7/site-packages/airflow/example_dags/example_branch_operator_decorator.py for tasks to queue
[2022-10-29 00:14:44,928] {logging_mixin.py:115} INFO - [2022-10-29 00:14:44,928] {dagbag.py:508} INFO - Filling up the DagBag from /home/airflow/.local/lib/python3.7/site-packages/airflow/example_dags/example_branch_operator_decorator.py
[2022-10-29 00:14:44,960] {processor.py:651} INFO - DAG(s) dict_keys(['example_branch_python_operator_decorator']) retrieved from /home/airflow/.local/lib/python3.7/site-packages/airflow/example_dags/example_branch_operator_decorator.py
[2022-10-29 00:14:45,004] {logging_mixin.py:115} INFO - [2022-10-29 00:14:45,004] {dag.py:2420} INFO - Sync 1 DAGs
[2022-10-29 00:14:45,058] {logging_mixin.py:115} INFO - [2022-10-29 00:14:45,058] {dag.py:2972} INFO - Setting next_dagrun for example_branch_python_operator_decorator to 2022-10-28T00:00:00+00:00, run_after=2022-10-29T00:00:00+00:00
[2022-10-29 00:14:45,084] {processor.py:161} INFO - Processing /home/airflow/.local/lib/python3.7/site-packages/airflow/example_dags/example_branch_operator_decorator.py took 0.163 seconds
[2022-10-29 00:15:15,658] {processor.py:153} INFO - Started process (PID=10704) to work on /home/airflow/.local/lib/python3.7/site-packages/airflow/example_dags/example_branch_operator_decorator.py
[2022-10-29 00:15:15,658] {processor.py:641} INFO - Processing file /home/airflow/.local/lib/python3.7/site-packages/airflow/example_dags/example_branch_operator_decorator.py for tasks to queue
[2022-10-29 00:15:15,659] {logging_mixin.py:115} INFO - [2022-10-29 00:15:15,659] {dagbag.py:508} INFO - Filling up the DagBag from /home/airflow/.local/lib/python3.7/site-packages/airflow/example_dags/example_branch_operator_decorator.py
[2022-10-29 00:15:15,694] {processor.py:651} INFO - DAG(s) dict_keys(['example_branch_python_operator_decorator']) retrieved from /home/airflow/.local/lib/python3.7/site-packages/airflow/example_dags/example_branch_operator_decorator.py
[2022-10-29 00:15:15,737] {logging_mixin.py:115} INFO - [2022-10-29 00:15:15,736] {dag.py:2420} INFO - Sync 1 DAGs
[2022-10-29 00:15:15,783] {logging_mixin.py:115} INFO - [2022-10-29 00:15:15,783] {dag.py:2972} INFO - Setting next_dagrun for example_branch_python_operator_decorator to 2022-10-28T00:00:00+00:00, run_after=2022-10-29T00:00:00+00:00
[2022-10-29 00:15:15,810] {processor.py:161} INFO - Processing /home/airflow/.local/lib/python3.7/site-packages/airflow/example_dags/example_branch_operator_decorator.py took 0.158 seconds
[2022-10-29 00:15:46,488] {processor.py:153} INFO - Started process (PID=10758) to work on /home/airflow/.local/lib/python3.7/site-packages/airflow/example_dags/example_branch_operator_decorator.py
[2022-10-29 00:15:46,489] {processor.py:641} INFO - Processing file /home/airflow/.local/lib/python3.7/site-packages/airflow/example_dags/example_branch_operator_decorator.py for tasks to queue
[2022-10-29 00:15:46,490] {logging_mixin.py:115} INFO - [2022-10-29 00:15:46,490] {dagbag.py:508} INFO - Filling up the DagBag from /home/airflow/.local/lib/python3.7/site-packages/airflow/example_dags/example_branch_operator_decorator.py
[2022-10-29 00:15:46,527] {processor.py:651} INFO - DAG(s) dict_keys(['example_branch_python_operator_decorator']) retrieved from /home/airflow/.local/lib/python3.7/site-packages/airflow/example_dags/example_branch_operator_decorator.py
[2022-10-29 00:15:46,576] {logging_mixin.py:115} INFO - [2022-10-29 00:15:46,575] {dag.py:2420} INFO - Sync 1 DAGs
[2022-10-29 00:15:46,652] {logging_mixin.py:115} INFO - [2022-10-29 00:15:46,652] {dag.py:2972} INFO - Setting next_dagrun for example_branch_python_operator_decorator to 2022-10-28T00:00:00+00:00, run_after=2022-10-29T00:00:00+00:00
[2022-10-29 00:15:46,688] {processor.py:161} INFO - Processing /home/airflow/.local/lib/python3.7/site-packages/airflow/example_dags/example_branch_operator_decorator.py took 0.207 seconds
[2022-10-29 00:16:17,517] {processor.py:153} INFO - Started process (PID=10821) to work on /home/airflow/.local/lib/python3.7/site-packages/airflow/example_dags/example_branch_operator_decorator.py
[2022-10-29 00:16:17,518] {processor.py:641} INFO - Processing file /home/airflow/.local/lib/python3.7/site-packages/airflow/example_dags/example_branch_operator_decorator.py for tasks to queue
[2022-10-29 00:16:17,520] {logging_mixin.py:115} INFO - [2022-10-29 00:16:17,519] {dagbag.py:508} INFO - Filling up the DagBag from /home/airflow/.local/lib/python3.7/site-packages/airflow/example_dags/example_branch_operator_decorator.py
[2022-10-29 00:16:17,561] {processor.py:651} INFO - DAG(s) dict_keys(['example_branch_python_operator_decorator']) retrieved from /home/airflow/.local/lib/python3.7/site-packages/airflow/example_dags/example_branch_operator_decorator.py
[2022-10-29 00:16:17,621] {logging_mixin.py:115} INFO - [2022-10-29 00:16:17,621] {dag.py:2420} INFO - Sync 1 DAGs
[2022-10-29 00:16:17,686] {logging_mixin.py:115} INFO - [2022-10-29 00:16:17,686] {dag.py:2972} INFO - Setting next_dagrun for example_branch_python_operator_decorator to 2022-10-28T00:00:00+00:00, run_after=2022-10-29T00:00:00+00:00
[2022-10-29 00:16:17,718] {processor.py:161} INFO - Processing /home/airflow/.local/lib/python3.7/site-packages/airflow/example_dags/example_branch_operator_decorator.py took 0.207 seconds
[2022-10-29 00:16:47,800] {processor.py:153} INFO - Started process (PID=10875) to work on /home/airflow/.local/lib/python3.7/site-packages/airflow/example_dags/example_branch_operator_decorator.py
[2022-10-29 00:16:47,801] {processor.py:641} INFO - Processing file /home/airflow/.local/lib/python3.7/site-packages/airflow/example_dags/example_branch_operator_decorator.py for tasks to queue
[2022-10-29 00:16:47,803] {logging_mixin.py:115} INFO - [2022-10-29 00:16:47,803] {dagbag.py:508} INFO - Filling up the DagBag from /home/airflow/.local/lib/python3.7/site-packages/airflow/example_dags/example_branch_operator_decorator.py
[2022-10-29 00:16:47,854] {processor.py:651} INFO - DAG(s) dict_keys(['example_branch_python_operator_decorator']) retrieved from /home/airflow/.local/lib/python3.7/site-packages/airflow/example_dags/example_branch_operator_decorator.py
[2022-10-29 00:16:47,910] {logging_mixin.py:115} INFO - [2022-10-29 00:16:47,910] {dag.py:2420} INFO - Sync 1 DAGs
[2022-10-29 00:16:47,967] {logging_mixin.py:115} INFO - [2022-10-29 00:16:47,967] {dag.py:2972} INFO - Setting next_dagrun for example_branch_python_operator_decorator to 2022-10-28T00:00:00+00:00, run_after=2022-10-29T00:00:00+00:00
[2022-10-29 00:16:47,995] {processor.py:161} INFO - Processing /home/airflow/.local/lib/python3.7/site-packages/airflow/example_dags/example_branch_operator_decorator.py took 0.205 seconds
[2022-10-29 00:17:18,419] {processor.py:153} INFO - Started process (PID=10929) to work on /home/airflow/.local/lib/python3.7/site-packages/airflow/example_dags/example_branch_operator_decorator.py
[2022-10-29 00:17:18,420] {processor.py:641} INFO - Processing file /home/airflow/.local/lib/python3.7/site-packages/airflow/example_dags/example_branch_operator_decorator.py for tasks to queue
[2022-10-29 00:17:18,421] {logging_mixin.py:115} INFO - [2022-10-29 00:17:18,421] {dagbag.py:508} INFO - Filling up the DagBag from /home/airflow/.local/lib/python3.7/site-packages/airflow/example_dags/example_branch_operator_decorator.py
[2022-10-29 00:17:18,456] {processor.py:651} INFO - DAG(s) dict_keys(['example_branch_python_operator_decorator']) retrieved from /home/airflow/.local/lib/python3.7/site-packages/airflow/example_dags/example_branch_operator_decorator.py
[2022-10-29 00:17:18,496] {logging_mixin.py:115} INFO - [2022-10-29 00:17:18,496] {dag.py:2420} INFO - Sync 1 DAGs
[2022-10-29 00:17:18,541] {logging_mixin.py:115} INFO - [2022-10-29 00:17:18,541] {dag.py:2972} INFO - Setting next_dagrun for example_branch_python_operator_decorator to 2022-10-28T00:00:00+00:00, run_after=2022-10-29T00:00:00+00:00
[2022-10-29 00:17:18,564] {processor.py:161} INFO - Processing /home/airflow/.local/lib/python3.7/site-packages/airflow/example_dags/example_branch_operator_decorator.py took 0.151 seconds
[2022-10-29 00:17:51,102] {processor.py:153} INFO - Started process (PID=10995) to work on /home/airflow/.local/lib/python3.7/site-packages/airflow/example_dags/example_branch_operator_decorator.py
[2022-10-29 00:17:51,103] {processor.py:641} INFO - Processing file /home/airflow/.local/lib/python3.7/site-packages/airflow/example_dags/example_branch_operator_decorator.py for tasks to queue
[2022-10-29 00:17:51,105] {logging_mixin.py:115} INFO - [2022-10-29 00:17:51,104] {dagbag.py:508} INFO - Filling up the DagBag from /home/airflow/.local/lib/python3.7/site-packages/airflow/example_dags/example_branch_operator_decorator.py
[2022-10-29 00:17:51,148] {processor.py:651} INFO - DAG(s) dict_keys(['example_branch_python_operator_decorator']) retrieved from /home/airflow/.local/lib/python3.7/site-packages/airflow/example_dags/example_branch_operator_decorator.py
[2022-10-29 00:17:51,196] {logging_mixin.py:115} INFO - [2022-10-29 00:17:51,196] {dag.py:2420} INFO - Sync 1 DAGs
[2022-10-29 00:17:51,246] {logging_mixin.py:115} INFO - [2022-10-29 00:17:51,246] {dag.py:2972} INFO - Setting next_dagrun for example_branch_python_operator_decorator to 2022-10-28T00:00:00+00:00, run_after=2022-10-29T00:00:00+00:00
[2022-10-29 00:17:51,272] {processor.py:161} INFO - Processing /home/airflow/.local/lib/python3.7/site-packages/airflow/example_dags/example_branch_operator_decorator.py took 0.176 seconds
