[2022-10-29 00:00:17,406] {processor.py:153} INFO - Started process (PID=9035) to work on /home/airflow/.local/lib/python3.7/site-packages/airflow/example_dags/example_bash_operator.py
[2022-10-29 00:00:17,407] {processor.py:641} INFO - Processing file /home/airflow/.local/lib/python3.7/site-packages/airflow/example_dags/example_bash_operator.py for tasks to queue
[2022-10-29 00:00:17,409] {logging_mixin.py:115} INFO - [2022-10-29 00:00:17,408] {dagbag.py:508} INFO - Filling up the DagBag from /home/airflow/.local/lib/python3.7/site-packages/airflow/example_dags/example_bash_operator.py
[2022-10-29 00:00:17,445] {processor.py:651} INFO - DAG(s) dict_keys(['example_bash_operator']) retrieved from /home/airflow/.local/lib/python3.7/site-packages/airflow/example_dags/example_bash_operator.py
[2022-10-29 00:00:17,499] {logging_mixin.py:115} INFO - [2022-10-29 00:00:17,498] {dag.py:2420} INFO - Sync 1 DAGs
[2022-10-29 00:00:17,548] {logging_mixin.py:115} INFO - [2022-10-29 00:00:17,547] {dag.py:2972} INFO - Setting next_dagrun for example_bash_operator to 2022-10-28T00:00:00+00:00, run_after=2022-10-29T00:00:00+00:00
[2022-10-29 00:00:17,588] {processor.py:161} INFO - Processing /home/airflow/.local/lib/python3.7/site-packages/airflow/example_dags/example_bash_operator.py took 0.193 seconds
[2022-10-29 00:00:47,986] {processor.py:153} INFO - Started process (PID=9089) to work on /home/airflow/.local/lib/python3.7/site-packages/airflow/example_dags/example_bash_operator.py
[2022-10-29 00:00:47,987] {processor.py:641} INFO - Processing file /home/airflow/.local/lib/python3.7/site-packages/airflow/example_dags/example_bash_operator.py for tasks to queue
[2022-10-29 00:00:47,988] {logging_mixin.py:115} INFO - [2022-10-29 00:00:47,988] {dagbag.py:508} INFO - Filling up the DagBag from /home/airflow/.local/lib/python3.7/site-packages/airflow/example_dags/example_bash_operator.py
[2022-10-29 00:00:48,014] {processor.py:651} INFO - DAG(s) dict_keys(['example_bash_operator']) retrieved from /home/airflow/.local/lib/python3.7/site-packages/airflow/example_dags/example_bash_operator.py
[2022-10-29 00:00:48,058] {logging_mixin.py:115} INFO - [2022-10-29 00:00:48,058] {dag.py:2420} INFO - Sync 1 DAGs
[2022-10-29 00:00:48,100] {logging_mixin.py:115} INFO - [2022-10-29 00:00:48,099] {dag.py:2972} INFO - Setting next_dagrun for example_bash_operator to 2022-10-28T00:00:00+00:00, run_after=2022-10-29T00:00:00+00:00
[2022-10-29 00:00:48,124] {processor.py:161} INFO - Processing /home/airflow/.local/lib/python3.7/site-packages/airflow/example_dags/example_bash_operator.py took 0.144 seconds
[2022-10-29 00:01:18,363] {processor.py:153} INFO - Started process (PID=9143) to work on /home/airflow/.local/lib/python3.7/site-packages/airflow/example_dags/example_bash_operator.py
[2022-10-29 00:01:18,364] {processor.py:641} INFO - Processing file /home/airflow/.local/lib/python3.7/site-packages/airflow/example_dags/example_bash_operator.py for tasks to queue
[2022-10-29 00:01:18,365] {logging_mixin.py:115} INFO - [2022-10-29 00:01:18,365] {dagbag.py:508} INFO - Filling up the DagBag from /home/airflow/.local/lib/python3.7/site-packages/airflow/example_dags/example_bash_operator.py
[2022-10-29 00:01:18,392] {processor.py:651} INFO - DAG(s) dict_keys(['example_bash_operator']) retrieved from /home/airflow/.local/lib/python3.7/site-packages/airflow/example_dags/example_bash_operator.py
[2022-10-29 00:01:18,435] {logging_mixin.py:115} INFO - [2022-10-29 00:01:18,435] {dag.py:2420} INFO - Sync 1 DAGs
[2022-10-29 00:01:18,479] {logging_mixin.py:115} INFO - [2022-10-29 00:01:18,478] {dag.py:2972} INFO - Setting next_dagrun for example_bash_operator to 2022-10-28T00:00:00+00:00, run_after=2022-10-29T00:00:00+00:00
[2022-10-29 00:01:18,509] {processor.py:161} INFO - Processing /home/airflow/.local/lib/python3.7/site-packages/airflow/example_dags/example_bash_operator.py took 0.153 seconds
[2022-10-29 00:01:48,573] {processor.py:153} INFO - Started process (PID=9206) to work on /home/airflow/.local/lib/python3.7/site-packages/airflow/example_dags/example_bash_operator.py
[2022-10-29 00:01:48,574] {processor.py:641} INFO - Processing file /home/airflow/.local/lib/python3.7/site-packages/airflow/example_dags/example_bash_operator.py for tasks to queue
[2022-10-29 00:01:48,576] {logging_mixin.py:115} INFO - [2022-10-29 00:01:48,575] {dagbag.py:508} INFO - Filling up the DagBag from /home/airflow/.local/lib/python3.7/site-packages/airflow/example_dags/example_bash_operator.py
[2022-10-29 00:01:48,602] {processor.py:651} INFO - DAG(s) dict_keys(['example_bash_operator']) retrieved from /home/airflow/.local/lib/python3.7/site-packages/airflow/example_dags/example_bash_operator.py
[2022-10-29 00:01:48,654] {logging_mixin.py:115} INFO - [2022-10-29 00:01:48,654] {dag.py:2420} INFO - Sync 1 DAGs
[2022-10-29 00:01:48,727] {logging_mixin.py:115} INFO - [2022-10-29 00:01:48,727] {dag.py:2972} INFO - Setting next_dagrun for example_bash_operator to 2022-10-28T00:00:00+00:00, run_after=2022-10-29T00:00:00+00:00
[2022-10-29 00:01:48,765] {processor.py:161} INFO - Processing /home/airflow/.local/lib/python3.7/site-packages/airflow/example_dags/example_bash_operator.py took 0.197 seconds
[2022-10-29 00:02:19,025] {processor.py:153} INFO - Started process (PID=9260) to work on /home/airflow/.local/lib/python3.7/site-packages/airflow/example_dags/example_bash_operator.py
[2022-10-29 00:02:19,026] {processor.py:641} INFO - Processing file /home/airflow/.local/lib/python3.7/site-packages/airflow/example_dags/example_bash_operator.py for tasks to queue
[2022-10-29 00:02:19,026] {logging_mixin.py:115} INFO - [2022-10-29 00:02:19,026] {dagbag.py:508} INFO - Filling up the DagBag from /home/airflow/.local/lib/python3.7/site-packages/airflow/example_dags/example_bash_operator.py
[2022-10-29 00:02:19,051] {processor.py:651} INFO - DAG(s) dict_keys(['example_bash_operator']) retrieved from /home/airflow/.local/lib/python3.7/site-packages/airflow/example_dags/example_bash_operator.py
[2022-10-29 00:02:19,102] {logging_mixin.py:115} INFO - [2022-10-29 00:02:19,101] {dag.py:2420} INFO - Sync 1 DAGs
[2022-10-29 00:02:19,145] {logging_mixin.py:115} INFO - [2022-10-29 00:02:19,145] {dag.py:2972} INFO - Setting next_dagrun for example_bash_operator to 2022-10-28T00:00:00+00:00, run_after=2022-10-29T00:00:00+00:00
[2022-10-29 00:02:19,171] {processor.py:161} INFO - Processing /home/airflow/.local/lib/python3.7/site-packages/airflow/example_dags/example_bash_operator.py took 0.152 seconds
[2022-10-29 00:02:49,729] {processor.py:153} INFO - Started process (PID=9322) to work on /home/airflow/.local/lib/python3.7/site-packages/airflow/example_dags/example_bash_operator.py
[2022-10-29 00:02:49,730] {processor.py:641} INFO - Processing file /home/airflow/.local/lib/python3.7/site-packages/airflow/example_dags/example_bash_operator.py for tasks to queue
[2022-10-29 00:02:49,731] {logging_mixin.py:115} INFO - [2022-10-29 00:02:49,731] {dagbag.py:508} INFO - Filling up the DagBag from /home/airflow/.local/lib/python3.7/site-packages/airflow/example_dags/example_bash_operator.py
[2022-10-29 00:02:49,757] {processor.py:651} INFO - DAG(s) dict_keys(['example_bash_operator']) retrieved from /home/airflow/.local/lib/python3.7/site-packages/airflow/example_dags/example_bash_operator.py
[2022-10-29 00:02:49,805] {logging_mixin.py:115} INFO - [2022-10-29 00:02:49,805] {dag.py:2420} INFO - Sync 1 DAGs
[2022-10-29 00:02:49,853] {logging_mixin.py:115} INFO - [2022-10-29 00:02:49,853] {dag.py:2972} INFO - Setting next_dagrun for example_bash_operator to 2022-10-28T00:00:00+00:00, run_after=2022-10-29T00:00:00+00:00
[2022-10-29 00:02:49,881] {processor.py:161} INFO - Processing /home/airflow/.local/lib/python3.7/site-packages/airflow/example_dags/example_bash_operator.py took 0.159 seconds
[2022-10-29 00:03:20,682] {processor.py:153} INFO - Started process (PID=9378) to work on /home/airflow/.local/lib/python3.7/site-packages/airflow/example_dags/example_bash_operator.py
[2022-10-29 00:03:20,683] {processor.py:641} INFO - Processing file /home/airflow/.local/lib/python3.7/site-packages/airflow/example_dags/example_bash_operator.py for tasks to queue
[2022-10-29 00:03:20,684] {logging_mixin.py:115} INFO - [2022-10-29 00:03:20,684] {dagbag.py:508} INFO - Filling up the DagBag from /home/airflow/.local/lib/python3.7/site-packages/airflow/example_dags/example_bash_operator.py
[2022-10-29 00:03:20,704] {processor.py:651} INFO - DAG(s) dict_keys(['example_bash_operator']) retrieved from /home/airflow/.local/lib/python3.7/site-packages/airflow/example_dags/example_bash_operator.py
[2022-10-29 00:03:20,751] {logging_mixin.py:115} INFO - [2022-10-29 00:03:20,751] {dag.py:2420} INFO - Sync 1 DAGs
[2022-10-29 00:03:20,796] {logging_mixin.py:115} INFO - [2022-10-29 00:03:20,795] {dag.py:2972} INFO - Setting next_dagrun for example_bash_operator to 2022-10-28T00:00:00+00:00, run_after=2022-10-29T00:00:00+00:00
[2022-10-29 00:03:20,823] {processor.py:161} INFO - Processing /home/airflow/.local/lib/python3.7/site-packages/airflow/example_dags/example_bash_operator.py took 0.148 seconds
[2022-10-29 00:03:51,082] {processor.py:153} INFO - Started process (PID=9432) to work on /home/airflow/.local/lib/python3.7/site-packages/airflow/example_dags/example_bash_operator.py
[2022-10-29 00:03:51,082] {processor.py:641} INFO - Processing file /home/airflow/.local/lib/python3.7/site-packages/airflow/example_dags/example_bash_operator.py for tasks to queue
[2022-10-29 00:03:51,083] {logging_mixin.py:115} INFO - [2022-10-29 00:03:51,083] {dagbag.py:508} INFO - Filling up the DagBag from /home/airflow/.local/lib/python3.7/site-packages/airflow/example_dags/example_bash_operator.py
[2022-10-29 00:03:51,102] {processor.py:651} INFO - DAG(s) dict_keys(['example_bash_operator']) retrieved from /home/airflow/.local/lib/python3.7/site-packages/airflow/example_dags/example_bash_operator.py
[2022-10-29 00:03:51,147] {logging_mixin.py:115} INFO - [2022-10-29 00:03:51,147] {dag.py:2420} INFO - Sync 1 DAGs
[2022-10-29 00:03:51,194] {logging_mixin.py:115} INFO - [2022-10-29 00:03:51,194] {dag.py:2972} INFO - Setting next_dagrun for example_bash_operator to 2022-10-28T00:00:00+00:00, run_after=2022-10-29T00:00:00+00:00
[2022-10-29 00:03:51,220] {processor.py:161} INFO - Processing /home/airflow/.local/lib/python3.7/site-packages/airflow/example_dags/example_bash_operator.py took 0.142 seconds
[2022-10-29 00:04:21,383] {processor.py:153} INFO - Started process (PID=9495) to work on /home/airflow/.local/lib/python3.7/site-packages/airflow/example_dags/example_bash_operator.py
[2022-10-29 00:04:21,384] {processor.py:641} INFO - Processing file /home/airflow/.local/lib/python3.7/site-packages/airflow/example_dags/example_bash_operator.py for tasks to queue
[2022-10-29 00:04:21,386] {logging_mixin.py:115} INFO - [2022-10-29 00:04:21,385] {dagbag.py:508} INFO - Filling up the DagBag from /home/airflow/.local/lib/python3.7/site-packages/airflow/example_dags/example_bash_operator.py
[2022-10-29 00:04:21,420] {processor.py:651} INFO - DAG(s) dict_keys(['example_bash_operator']) retrieved from /home/airflow/.local/lib/python3.7/site-packages/airflow/example_dags/example_bash_operator.py
[2022-10-29 00:04:21,480] {logging_mixin.py:115} INFO - [2022-10-29 00:04:21,480] {dag.py:2420} INFO - Sync 1 DAGs
[2022-10-29 00:04:21,541] {logging_mixin.py:115} INFO - [2022-10-29 00:04:21,541] {dag.py:2972} INFO - Setting next_dagrun for example_bash_operator to 2022-10-28T00:00:00+00:00, run_after=2022-10-29T00:00:00+00:00
[2022-10-29 00:04:21,581] {processor.py:161} INFO - Processing /home/airflow/.local/lib/python3.7/site-packages/airflow/example_dags/example_bash_operator.py took 0.206 seconds
[2022-10-29 00:04:51,767] {processor.py:153} INFO - Started process (PID=9549) to work on /home/airflow/.local/lib/python3.7/site-packages/airflow/example_dags/example_bash_operator.py
[2022-10-29 00:04:51,768] {processor.py:641} INFO - Processing file /home/airflow/.local/lib/python3.7/site-packages/airflow/example_dags/example_bash_operator.py for tasks to queue
[2022-10-29 00:04:51,769] {logging_mixin.py:115} INFO - [2022-10-29 00:04:51,769] {dagbag.py:508} INFO - Filling up the DagBag from /home/airflow/.local/lib/python3.7/site-packages/airflow/example_dags/example_bash_operator.py
[2022-10-29 00:04:51,793] {processor.py:651} INFO - DAG(s) dict_keys(['example_bash_operator']) retrieved from /home/airflow/.local/lib/python3.7/site-packages/airflow/example_dags/example_bash_operator.py
[2022-10-29 00:04:51,849] {logging_mixin.py:115} INFO - [2022-10-29 00:04:51,849] {dag.py:2420} INFO - Sync 1 DAGs
[2022-10-29 00:04:51,908] {logging_mixin.py:115} INFO - [2022-10-29 00:04:51,908] {dag.py:2972} INFO - Setting next_dagrun for example_bash_operator to 2022-10-28T00:00:00+00:00, run_after=2022-10-29T00:00:00+00:00
[2022-10-29 00:04:51,938] {processor.py:161} INFO - Processing /home/airflow/.local/lib/python3.7/site-packages/airflow/example_dags/example_bash_operator.py took 0.178 seconds
[2022-10-29 00:05:22,714] {processor.py:153} INFO - Started process (PID=9603) to work on /home/airflow/.local/lib/python3.7/site-packages/airflow/example_dags/example_bash_operator.py
[2022-10-29 00:05:22,729] {processor.py:641} INFO - Processing file /home/airflow/.local/lib/python3.7/site-packages/airflow/example_dags/example_bash_operator.py for tasks to queue
[2022-10-29 00:05:22,731] {logging_mixin.py:115} INFO - [2022-10-29 00:05:22,730] {dagbag.py:508} INFO - Filling up the DagBag from /home/airflow/.local/lib/python3.7/site-packages/airflow/example_dags/example_bash_operator.py
[2022-10-29 00:05:22,770] {processor.py:651} INFO - DAG(s) dict_keys(['example_bash_operator']) retrieved from /home/airflow/.local/lib/python3.7/site-packages/airflow/example_dags/example_bash_operator.py
[2022-10-29 00:05:22,922] {logging_mixin.py:115} INFO - [2022-10-29 00:05:22,920] {dag.py:2420} INFO - Sync 1 DAGs
[2022-10-29 00:05:23,050] {logging_mixin.py:115} INFO - [2022-10-29 00:05:23,050] {dag.py:2972} INFO - Setting next_dagrun for example_bash_operator to 2022-10-28T00:00:00+00:00, run_after=2022-10-29T00:00:00+00:00
[2022-10-29 00:05:23,076] {processor.py:161} INFO - Processing /home/airflow/.local/lib/python3.7/site-packages/airflow/example_dags/example_bash_operator.py took 0.373 seconds
[2022-10-29 00:05:53,279] {processor.py:153} INFO - Started process (PID=9666) to work on /home/airflow/.local/lib/python3.7/site-packages/airflow/example_dags/example_bash_operator.py
[2022-10-29 00:05:53,281] {processor.py:641} INFO - Processing file /home/airflow/.local/lib/python3.7/site-packages/airflow/example_dags/example_bash_operator.py for tasks to queue
[2022-10-29 00:05:53,282] {logging_mixin.py:115} INFO - [2022-10-29 00:05:53,282] {dagbag.py:508} INFO - Filling up the DagBag from /home/airflow/.local/lib/python3.7/site-packages/airflow/example_dags/example_bash_operator.py
[2022-10-29 00:05:53,315] {processor.py:651} INFO - DAG(s) dict_keys(['example_bash_operator']) retrieved from /home/airflow/.local/lib/python3.7/site-packages/airflow/example_dags/example_bash_operator.py
[2022-10-29 00:05:53,411] {logging_mixin.py:115} INFO - [2022-10-29 00:05:53,411] {dag.py:2420} INFO - Sync 1 DAGs
[2022-10-29 00:05:53,494] {logging_mixin.py:115} INFO - [2022-10-29 00:05:53,493] {dag.py:2972} INFO - Setting next_dagrun for example_bash_operator to 2022-10-28T00:00:00+00:00, run_after=2022-10-29T00:00:00+00:00
[2022-10-29 00:05:53,524] {processor.py:161} INFO - Processing /home/airflow/.local/lib/python3.7/site-packages/airflow/example_dags/example_bash_operator.py took 0.255 seconds
[2022-10-29 00:06:23,846] {processor.py:153} INFO - Started process (PID=9721) to work on /home/airflow/.local/lib/python3.7/site-packages/airflow/example_dags/example_bash_operator.py
[2022-10-29 00:06:23,847] {processor.py:641} INFO - Processing file /home/airflow/.local/lib/python3.7/site-packages/airflow/example_dags/example_bash_operator.py for tasks to queue
[2022-10-29 00:06:23,848] {logging_mixin.py:115} INFO - [2022-10-29 00:06:23,848] {dagbag.py:508} INFO - Filling up the DagBag from /home/airflow/.local/lib/python3.7/site-packages/airflow/example_dags/example_bash_operator.py
[2022-10-29 00:06:23,872] {processor.py:651} INFO - DAG(s) dict_keys(['example_bash_operator']) retrieved from /home/airflow/.local/lib/python3.7/site-packages/airflow/example_dags/example_bash_operator.py
[2022-10-29 00:06:23,918] {logging_mixin.py:115} INFO - [2022-10-29 00:06:23,918] {dag.py:2420} INFO - Sync 1 DAGs
[2022-10-29 00:06:23,970] {logging_mixin.py:115} INFO - [2022-10-29 00:06:23,970] {dag.py:2972} INFO - Setting next_dagrun for example_bash_operator to 2022-10-28T00:00:00+00:00, run_after=2022-10-29T00:00:00+00:00
[2022-10-29 00:06:23,998] {processor.py:161} INFO - Processing /home/airflow/.local/lib/python3.7/site-packages/airflow/example_dags/example_bash_operator.py took 0.158 seconds
[2022-10-29 00:06:54,316] {processor.py:153} INFO - Started process (PID=9775) to work on /home/airflow/.local/lib/python3.7/site-packages/airflow/example_dags/example_bash_operator.py
[2022-10-29 00:06:54,317] {processor.py:641} INFO - Processing file /home/airflow/.local/lib/python3.7/site-packages/airflow/example_dags/example_bash_operator.py for tasks to queue
[2022-10-29 00:06:54,318] {logging_mixin.py:115} INFO - [2022-10-29 00:06:54,318] {dagbag.py:508} INFO - Filling up the DagBag from /home/airflow/.local/lib/python3.7/site-packages/airflow/example_dags/example_bash_operator.py
[2022-10-29 00:06:54,341] {processor.py:651} INFO - DAG(s) dict_keys(['example_bash_operator']) retrieved from /home/airflow/.local/lib/python3.7/site-packages/airflow/example_dags/example_bash_operator.py
[2022-10-29 00:06:54,392] {logging_mixin.py:115} INFO - [2022-10-29 00:06:54,392] {dag.py:2420} INFO - Sync 1 DAGs
[2022-10-29 00:06:54,448] {logging_mixin.py:115} INFO - [2022-10-29 00:06:54,447] {dag.py:2972} INFO - Setting next_dagrun for example_bash_operator to 2022-10-28T00:00:00+00:00, run_after=2022-10-29T00:00:00+00:00
[2022-10-29 00:06:54,475] {processor.py:161} INFO - Processing /home/airflow/.local/lib/python3.7/site-packages/airflow/example_dags/example_bash_operator.py took 0.168 seconds
[2022-10-29 00:07:24,810] {processor.py:153} INFO - Started process (PID=9839) to work on /home/airflow/.local/lib/python3.7/site-packages/airflow/example_dags/example_bash_operator.py
[2022-10-29 00:07:24,811] {processor.py:641} INFO - Processing file /home/airflow/.local/lib/python3.7/site-packages/airflow/example_dags/example_bash_operator.py for tasks to queue
[2022-10-29 00:07:24,812] {logging_mixin.py:115} INFO - [2022-10-29 00:07:24,812] {dagbag.py:508} INFO - Filling up the DagBag from /home/airflow/.local/lib/python3.7/site-packages/airflow/example_dags/example_bash_operator.py
[2022-10-29 00:07:24,836] {processor.py:651} INFO - DAG(s) dict_keys(['example_bash_operator']) retrieved from /home/airflow/.local/lib/python3.7/site-packages/airflow/example_dags/example_bash_operator.py
[2022-10-29 00:07:24,891] {logging_mixin.py:115} INFO - [2022-10-29 00:07:24,891] {dag.py:2420} INFO - Sync 1 DAGs
[2022-10-29 00:07:24,950] {logging_mixin.py:115} INFO - [2022-10-29 00:07:24,950] {dag.py:2972} INFO - Setting next_dagrun for example_bash_operator to 2022-10-28T00:00:00+00:00, run_after=2022-10-29T00:00:00+00:00
[2022-10-29 00:07:24,975] {processor.py:161} INFO - Processing /home/airflow/.local/lib/python3.7/site-packages/airflow/example_dags/example_bash_operator.py took 0.170 seconds
[2022-10-29 00:07:55,741] {processor.py:153} INFO - Started process (PID=9893) to work on /home/airflow/.local/lib/python3.7/site-packages/airflow/example_dags/example_bash_operator.py
[2022-10-29 00:07:55,742] {processor.py:641} INFO - Processing file /home/airflow/.local/lib/python3.7/site-packages/airflow/example_dags/example_bash_operator.py for tasks to queue
[2022-10-29 00:07:55,743] {logging_mixin.py:115} INFO - [2022-10-29 00:07:55,743] {dagbag.py:508} INFO - Filling up the DagBag from /home/airflow/.local/lib/python3.7/site-packages/airflow/example_dags/example_bash_operator.py
[2022-10-29 00:07:55,764] {processor.py:651} INFO - DAG(s) dict_keys(['example_bash_operator']) retrieved from /home/airflow/.local/lib/python3.7/site-packages/airflow/example_dags/example_bash_operator.py
[2022-10-29 00:07:55,810] {logging_mixin.py:115} INFO - [2022-10-29 00:07:55,810] {dag.py:2420} INFO - Sync 1 DAGs
[2022-10-29 00:07:55,860] {logging_mixin.py:115} INFO - [2022-10-29 00:07:55,859] {dag.py:2972} INFO - Setting next_dagrun for example_bash_operator to 2022-10-28T00:00:00+00:00, run_after=2022-10-29T00:00:00+00:00
[2022-10-29 00:07:55,886] {processor.py:161} INFO - Processing /home/airflow/.local/lib/python3.7/site-packages/airflow/example_dags/example_bash_operator.py took 0.150 seconds
[2022-10-29 00:08:26,345] {processor.py:153} INFO - Started process (PID=9947) to work on /home/airflow/.local/lib/python3.7/site-packages/airflow/example_dags/example_bash_operator.py
[2022-10-29 00:08:26,346] {processor.py:641} INFO - Processing file /home/airflow/.local/lib/python3.7/site-packages/airflow/example_dags/example_bash_operator.py for tasks to queue
[2022-10-29 00:08:26,347] {logging_mixin.py:115} INFO - [2022-10-29 00:08:26,347] {dagbag.py:508} INFO - Filling up the DagBag from /home/airflow/.local/lib/python3.7/site-packages/airflow/example_dags/example_bash_operator.py
[2022-10-29 00:08:26,380] {processor.py:651} INFO - DAG(s) dict_keys(['example_bash_operator']) retrieved from /home/airflow/.local/lib/python3.7/site-packages/airflow/example_dags/example_bash_operator.py
[2022-10-29 00:08:26,431] {logging_mixin.py:115} INFO - [2022-10-29 00:08:26,431] {dag.py:2420} INFO - Sync 1 DAGs
[2022-10-29 00:08:26,484] {logging_mixin.py:115} INFO - [2022-10-29 00:08:26,484] {dag.py:2972} INFO - Setting next_dagrun for example_bash_operator to 2022-10-28T00:00:00+00:00, run_after=2022-10-29T00:00:00+00:00
[2022-10-29 00:08:26,516] {processor.py:161} INFO - Processing /home/airflow/.local/lib/python3.7/site-packages/airflow/example_dags/example_bash_operator.py took 0.179 seconds
[2022-10-29 00:08:56,667] {processor.py:153} INFO - Started process (PID=10000) to work on /home/airflow/.local/lib/python3.7/site-packages/airflow/example_dags/example_bash_operator.py
[2022-10-29 00:08:56,668] {processor.py:641} INFO - Processing file /home/airflow/.local/lib/python3.7/site-packages/airflow/example_dags/example_bash_operator.py for tasks to queue
[2022-10-29 00:08:56,670] {logging_mixin.py:115} INFO - [2022-10-29 00:08:56,670] {dagbag.py:508} INFO - Filling up the DagBag from /home/airflow/.local/lib/python3.7/site-packages/airflow/example_dags/example_bash_operator.py
[2022-10-29 00:08:56,701] {processor.py:651} INFO - DAG(s) dict_keys(['example_bash_operator']) retrieved from /home/airflow/.local/lib/python3.7/site-packages/airflow/example_dags/example_bash_operator.py
[2022-10-29 00:08:56,748] {logging_mixin.py:115} INFO - [2022-10-29 00:08:56,748] {dag.py:2420} INFO - Sync 1 DAGs
[2022-10-29 00:08:56,798] {logging_mixin.py:115} INFO - [2022-10-29 00:08:56,798] {dag.py:2972} INFO - Setting next_dagrun for example_bash_operator to 2022-10-28T00:00:00+00:00, run_after=2022-10-29T00:00:00+00:00
[2022-10-29 00:08:56,826] {processor.py:161} INFO - Processing /home/airflow/.local/lib/python3.7/site-packages/airflow/example_dags/example_bash_operator.py took 0.166 seconds
[2022-10-29 00:09:27,749] {processor.py:153} INFO - Started process (PID=10065) to work on /home/airflow/.local/lib/python3.7/site-packages/airflow/example_dags/example_bash_operator.py
[2022-10-29 00:09:27,750] {processor.py:641} INFO - Processing file /home/airflow/.local/lib/python3.7/site-packages/airflow/example_dags/example_bash_operator.py for tasks to queue
[2022-10-29 00:09:27,752] {logging_mixin.py:115} INFO - [2022-10-29 00:09:27,752] {dagbag.py:508} INFO - Filling up the DagBag from /home/airflow/.local/lib/python3.7/site-packages/airflow/example_dags/example_bash_operator.py
[2022-10-29 00:09:27,778] {processor.py:651} INFO - DAG(s) dict_keys(['example_bash_operator']) retrieved from /home/airflow/.local/lib/python3.7/site-packages/airflow/example_dags/example_bash_operator.py
[2022-10-29 00:09:27,898] {logging_mixin.py:115} INFO - [2022-10-29 00:09:27,897] {dag.py:2420} INFO - Sync 1 DAGs
[2022-10-29 00:09:28,025] {logging_mixin.py:115} INFO - [2022-10-29 00:09:28,024] {dag.py:2972} INFO - Setting next_dagrun for example_bash_operator to 2022-10-28T00:00:00+00:00, run_after=2022-10-29T00:00:00+00:00
[2022-10-29 00:09:28,063] {processor.py:161} INFO - Processing /home/airflow/.local/lib/python3.7/site-packages/airflow/example_dags/example_bash_operator.py took 0.328 seconds
[2022-10-29 00:09:58,159] {processor.py:153} INFO - Started process (PID=10121) to work on /home/airflow/.local/lib/python3.7/site-packages/airflow/example_dags/example_bash_operator.py
[2022-10-29 00:09:58,159] {processor.py:641} INFO - Processing file /home/airflow/.local/lib/python3.7/site-packages/airflow/example_dags/example_bash_operator.py for tasks to queue
[2022-10-29 00:09:58,160] {logging_mixin.py:115} INFO - [2022-10-29 00:09:58,160] {dagbag.py:508} INFO - Filling up the DagBag from /home/airflow/.local/lib/python3.7/site-packages/airflow/example_dags/example_bash_operator.py
[2022-10-29 00:09:58,180] {processor.py:651} INFO - DAG(s) dict_keys(['example_bash_operator']) retrieved from /home/airflow/.local/lib/python3.7/site-packages/airflow/example_dags/example_bash_operator.py
[2022-10-29 00:09:58,242] {logging_mixin.py:115} INFO - [2022-10-29 00:09:58,242] {dag.py:2420} INFO - Sync 1 DAGs
[2022-10-29 00:09:58,303] {logging_mixin.py:115} INFO - [2022-10-29 00:09:58,303] {dag.py:2972} INFO - Setting next_dagrun for example_bash_operator to 2022-10-28T00:00:00+00:00, run_after=2022-10-29T00:00:00+00:00
[2022-10-29 00:09:58,329] {processor.py:161} INFO - Processing /home/airflow/.local/lib/python3.7/site-packages/airflow/example_dags/example_bash_operator.py took 0.175 seconds
[2022-10-29 00:10:28,648] {processor.py:153} INFO - Started process (PID=10174) to work on /home/airflow/.local/lib/python3.7/site-packages/airflow/example_dags/example_bash_operator.py
[2022-10-29 00:10:28,649] {processor.py:641} INFO - Processing file /home/airflow/.local/lib/python3.7/site-packages/airflow/example_dags/example_bash_operator.py for tasks to queue
[2022-10-29 00:10:28,651] {logging_mixin.py:115} INFO - [2022-10-29 00:10:28,650] {dagbag.py:508} INFO - Filling up the DagBag from /home/airflow/.local/lib/python3.7/site-packages/airflow/example_dags/example_bash_operator.py
[2022-10-29 00:10:28,674] {processor.py:651} INFO - DAG(s) dict_keys(['example_bash_operator']) retrieved from /home/airflow/.local/lib/python3.7/site-packages/airflow/example_dags/example_bash_operator.py
[2022-10-29 00:10:28,733] {logging_mixin.py:115} INFO - [2022-10-29 00:10:28,733] {dag.py:2420} INFO - Sync 1 DAGs
[2022-10-29 00:10:28,798] {logging_mixin.py:115} INFO - [2022-10-29 00:10:28,797] {dag.py:2972} INFO - Setting next_dagrun for example_bash_operator to 2022-10-28T00:00:00+00:00, run_after=2022-10-29T00:00:00+00:00
[2022-10-29 00:10:28,826] {processor.py:161} INFO - Processing /home/airflow/.local/lib/python3.7/site-packages/airflow/example_dags/example_bash_operator.py took 0.183 seconds
[2022-10-29 00:10:59,254] {processor.py:153} INFO - Started process (PID=10228) to work on /home/airflow/.local/lib/python3.7/site-packages/airflow/example_dags/example_bash_operator.py
[2022-10-29 00:10:59,256] {processor.py:641} INFO - Processing file /home/airflow/.local/lib/python3.7/site-packages/airflow/example_dags/example_bash_operator.py for tasks to queue
[2022-10-29 00:10:59,257] {logging_mixin.py:115} INFO - [2022-10-29 00:10:59,256] {dagbag.py:508} INFO - Filling up the DagBag from /home/airflow/.local/lib/python3.7/site-packages/airflow/example_dags/example_bash_operator.py
[2022-10-29 00:10:59,286] {processor.py:651} INFO - DAG(s) dict_keys(['example_bash_operator']) retrieved from /home/airflow/.local/lib/python3.7/site-packages/airflow/example_dags/example_bash_operator.py
[2022-10-29 00:10:59,341] {logging_mixin.py:115} INFO - [2022-10-29 00:10:59,340] {dag.py:2420} INFO - Sync 1 DAGs
[2022-10-29 00:10:59,386] {logging_mixin.py:115} INFO - [2022-10-29 00:10:59,386] {dag.py:2972} INFO - Setting next_dagrun for example_bash_operator to 2022-10-28T00:00:00+00:00, run_after=2022-10-29T00:00:00+00:00
[2022-10-29 00:10:59,413] {processor.py:161} INFO - Processing /home/airflow/.local/lib/python3.7/site-packages/airflow/example_dags/example_bash_operator.py took 0.165 seconds
[2022-10-29 00:11:29,715] {processor.py:153} INFO - Started process (PID=10292) to work on /home/airflow/.local/lib/python3.7/site-packages/airflow/example_dags/example_bash_operator.py
[2022-10-29 00:11:29,716] {processor.py:641} INFO - Processing file /home/airflow/.local/lib/python3.7/site-packages/airflow/example_dags/example_bash_operator.py for tasks to queue
[2022-10-29 00:11:29,718] {logging_mixin.py:115} INFO - [2022-10-29 00:11:29,717] {dagbag.py:508} INFO - Filling up the DagBag from /home/airflow/.local/lib/python3.7/site-packages/airflow/example_dags/example_bash_operator.py
[2022-10-29 00:11:29,741] {processor.py:651} INFO - DAG(s) dict_keys(['example_bash_operator']) retrieved from /home/airflow/.local/lib/python3.7/site-packages/airflow/example_dags/example_bash_operator.py
[2022-10-29 00:11:29,791] {logging_mixin.py:115} INFO - [2022-10-29 00:11:29,791] {dag.py:2420} INFO - Sync 1 DAGs
[2022-10-29 00:11:29,848] {logging_mixin.py:115} INFO - [2022-10-29 00:11:29,848] {dag.py:2972} INFO - Setting next_dagrun for example_bash_operator to 2022-10-28T00:00:00+00:00, run_after=2022-10-29T00:00:00+00:00
[2022-10-29 00:11:29,879] {processor.py:161} INFO - Processing /home/airflow/.local/lib/python3.7/site-packages/airflow/example_dags/example_bash_operator.py took 0.168 seconds
[2022-10-29 00:12:00,586] {processor.py:153} INFO - Started process (PID=10346) to work on /home/airflow/.local/lib/python3.7/site-packages/airflow/example_dags/example_bash_operator.py
[2022-10-29 00:12:00,588] {processor.py:641} INFO - Processing file /home/airflow/.local/lib/python3.7/site-packages/airflow/example_dags/example_bash_operator.py for tasks to queue
[2022-10-29 00:12:00,590] {logging_mixin.py:115} INFO - [2022-10-29 00:12:00,589] {dagbag.py:508} INFO - Filling up the DagBag from /home/airflow/.local/lib/python3.7/site-packages/airflow/example_dags/example_bash_operator.py
[2022-10-29 00:12:00,619] {processor.py:651} INFO - DAG(s) dict_keys(['example_bash_operator']) retrieved from /home/airflow/.local/lib/python3.7/site-packages/airflow/example_dags/example_bash_operator.py
[2022-10-29 00:12:00,666] {logging_mixin.py:115} INFO - [2022-10-29 00:12:00,666] {dag.py:2420} INFO - Sync 1 DAGs
[2022-10-29 00:12:00,721] {logging_mixin.py:115} INFO - [2022-10-29 00:12:00,721] {dag.py:2972} INFO - Setting next_dagrun for example_bash_operator to 2022-10-28T00:00:00+00:00, run_after=2022-10-29T00:00:00+00:00
[2022-10-29 00:12:00,745] {processor.py:161} INFO - Processing /home/airflow/.local/lib/python3.7/site-packages/airflow/example_dags/example_bash_operator.py took 0.169 seconds
[2022-10-29 00:12:31,224] {processor.py:153} INFO - Started process (PID=10400) to work on /home/airflow/.local/lib/python3.7/site-packages/airflow/example_dags/example_bash_operator.py
[2022-10-29 00:12:31,225] {processor.py:641} INFO - Processing file /home/airflow/.local/lib/python3.7/site-packages/airflow/example_dags/example_bash_operator.py for tasks to queue
[2022-10-29 00:12:31,225] {logging_mixin.py:115} INFO - [2022-10-29 00:12:31,225] {dagbag.py:508} INFO - Filling up the DagBag from /home/airflow/.local/lib/python3.7/site-packages/airflow/example_dags/example_bash_operator.py
[2022-10-29 00:12:31,249] {processor.py:651} INFO - DAG(s) dict_keys(['example_bash_operator']) retrieved from /home/airflow/.local/lib/python3.7/site-packages/airflow/example_dags/example_bash_operator.py
[2022-10-29 00:12:31,299] {logging_mixin.py:115} INFO - [2022-10-29 00:12:31,299] {dag.py:2420} INFO - Sync 1 DAGs
[2022-10-29 00:12:31,355] {logging_mixin.py:115} INFO - [2022-10-29 00:12:31,354] {dag.py:2972} INFO - Setting next_dagrun for example_bash_operator to 2022-10-28T00:00:00+00:00, run_after=2022-10-29T00:00:00+00:00
[2022-10-29 00:12:31,389] {processor.py:161} INFO - Processing /home/airflow/.local/lib/python3.7/site-packages/airflow/example_dags/example_bash_operator.py took 0.170 seconds
[2022-10-29 00:13:01,747] {processor.py:153} INFO - Started process (PID=10463) to work on /home/airflow/.local/lib/python3.7/site-packages/airflow/example_dags/example_bash_operator.py
[2022-10-29 00:13:01,749] {processor.py:641} INFO - Processing file /home/airflow/.local/lib/python3.7/site-packages/airflow/example_dags/example_bash_operator.py for tasks to queue
[2022-10-29 00:13:01,750] {logging_mixin.py:115} INFO - [2022-10-29 00:13:01,749] {dagbag.py:508} INFO - Filling up the DagBag from /home/airflow/.local/lib/python3.7/site-packages/airflow/example_dags/example_bash_operator.py
[2022-10-29 00:13:01,779] {processor.py:651} INFO - DAG(s) dict_keys(['example_bash_operator']) retrieved from /home/airflow/.local/lib/python3.7/site-packages/airflow/example_dags/example_bash_operator.py
[2022-10-29 00:13:01,849] {logging_mixin.py:115} INFO - [2022-10-29 00:13:01,849] {dag.py:2420} INFO - Sync 1 DAGs
[2022-10-29 00:13:01,912] {logging_mixin.py:115} INFO - [2022-10-29 00:13:01,912] {dag.py:2972} INFO - Setting next_dagrun for example_bash_operator to 2022-10-28T00:00:00+00:00, run_after=2022-10-29T00:00:00+00:00
[2022-10-29 00:13:01,941] {processor.py:161} INFO - Processing /home/airflow/.local/lib/python3.7/site-packages/airflow/example_dags/example_bash_operator.py took 0.201 seconds
[2022-10-29 00:13:32,628] {processor.py:153} INFO - Started process (PID=10517) to work on /home/airflow/.local/lib/python3.7/site-packages/airflow/example_dags/example_bash_operator.py
[2022-10-29 00:13:32,629] {processor.py:641} INFO - Processing file /home/airflow/.local/lib/python3.7/site-packages/airflow/example_dags/example_bash_operator.py for tasks to queue
[2022-10-29 00:13:32,630] {logging_mixin.py:115} INFO - [2022-10-29 00:13:32,630] {dagbag.py:508} INFO - Filling up the DagBag from /home/airflow/.local/lib/python3.7/site-packages/airflow/example_dags/example_bash_operator.py
[2022-10-29 00:13:32,655] {processor.py:651} INFO - DAG(s) dict_keys(['example_bash_operator']) retrieved from /home/airflow/.local/lib/python3.7/site-packages/airflow/example_dags/example_bash_operator.py
[2022-10-29 00:13:32,708] {logging_mixin.py:115} INFO - [2022-10-29 00:13:32,708] {dag.py:2420} INFO - Sync 1 DAGs
[2022-10-29 00:13:32,772] {logging_mixin.py:115} INFO - [2022-10-29 00:13:32,771] {dag.py:2972} INFO - Setting next_dagrun for example_bash_operator to 2022-10-28T00:00:00+00:00, run_after=2022-10-29T00:00:00+00:00
[2022-10-29 00:13:32,804] {processor.py:161} INFO - Processing /home/airflow/.local/lib/python3.7/site-packages/airflow/example_dags/example_bash_operator.py took 0.182 seconds
[2022-10-29 00:14:03,073] {processor.py:153} INFO - Started process (PID=10571) to work on /home/airflow/.local/lib/python3.7/site-packages/airflow/example_dags/example_bash_operator.py
[2022-10-29 00:14:03,074] {processor.py:641} INFO - Processing file /home/airflow/.local/lib/python3.7/site-packages/airflow/example_dags/example_bash_operator.py for tasks to queue
[2022-10-29 00:14:03,075] {logging_mixin.py:115} INFO - [2022-10-29 00:14:03,075] {dagbag.py:508} INFO - Filling up the DagBag from /home/airflow/.local/lib/python3.7/site-packages/airflow/example_dags/example_bash_operator.py
[2022-10-29 00:14:03,095] {processor.py:651} INFO - DAG(s) dict_keys(['example_bash_operator']) retrieved from /home/airflow/.local/lib/python3.7/site-packages/airflow/example_dags/example_bash_operator.py
[2022-10-29 00:14:03,150] {logging_mixin.py:115} INFO - [2022-10-29 00:14:03,150] {dag.py:2420} INFO - Sync 1 DAGs
[2022-10-29 00:14:03,220] {logging_mixin.py:115} INFO - [2022-10-29 00:14:03,219] {dag.py:2972} INFO - Setting next_dagrun for example_bash_operator to 2022-10-28T00:00:00+00:00, run_after=2022-10-29T00:00:00+00:00
[2022-10-29 00:14:03,250] {processor.py:161} INFO - Processing /home/airflow/.local/lib/python3.7/site-packages/airflow/example_dags/example_bash_operator.py took 0.181 seconds
[2022-10-29 00:14:33,294] {processor.py:153} INFO - Started process (PID=10634) to work on /home/airflow/.local/lib/python3.7/site-packages/airflow/example_dags/example_bash_operator.py
[2022-10-29 00:14:33,295] {processor.py:641} INFO - Processing file /home/airflow/.local/lib/python3.7/site-packages/airflow/example_dags/example_bash_operator.py for tasks to queue
[2022-10-29 00:14:33,295] {logging_mixin.py:115} INFO - [2022-10-29 00:14:33,295] {dagbag.py:508} INFO - Filling up the DagBag from /home/airflow/.local/lib/python3.7/site-packages/airflow/example_dags/example_bash_operator.py
[2022-10-29 00:14:33,317] {processor.py:651} INFO - DAG(s) dict_keys(['example_bash_operator']) retrieved from /home/airflow/.local/lib/python3.7/site-packages/airflow/example_dags/example_bash_operator.py
[2022-10-29 00:14:33,361] {logging_mixin.py:115} INFO - [2022-10-29 00:14:33,361] {dag.py:2420} INFO - Sync 1 DAGs
[2022-10-29 00:14:33,411] {logging_mixin.py:115} INFO - [2022-10-29 00:14:33,411] {dag.py:2972} INFO - Setting next_dagrun for example_bash_operator to 2022-10-28T00:00:00+00:00, run_after=2022-10-29T00:00:00+00:00
[2022-10-29 00:14:33,435] {processor.py:161} INFO - Processing /home/airflow/.local/lib/python3.7/site-packages/airflow/example_dags/example_bash_operator.py took 0.146 seconds
[2022-10-29 00:15:03,990] {processor.py:153} INFO - Started process (PID=10688) to work on /home/airflow/.local/lib/python3.7/site-packages/airflow/example_dags/example_bash_operator.py
[2022-10-29 00:15:03,991] {processor.py:641} INFO - Processing file /home/airflow/.local/lib/python3.7/site-packages/airflow/example_dags/example_bash_operator.py for tasks to queue
[2022-10-29 00:15:03,991] {logging_mixin.py:115} INFO - [2022-10-29 00:15:03,991] {dagbag.py:508} INFO - Filling up the DagBag from /home/airflow/.local/lib/python3.7/site-packages/airflow/example_dags/example_bash_operator.py
[2022-10-29 00:15:04,010] {processor.py:651} INFO - DAG(s) dict_keys(['example_bash_operator']) retrieved from /home/airflow/.local/lib/python3.7/site-packages/airflow/example_dags/example_bash_operator.py
[2022-10-29 00:15:04,058] {logging_mixin.py:115} INFO - [2022-10-29 00:15:04,058] {dag.py:2420} INFO - Sync 1 DAGs
[2022-10-29 00:15:04,106] {logging_mixin.py:115} INFO - [2022-10-29 00:15:04,106] {dag.py:2972} INFO - Setting next_dagrun for example_bash_operator to 2022-10-28T00:00:00+00:00, run_after=2022-10-29T00:00:00+00:00
[2022-10-29 00:15:04,131] {processor.py:161} INFO - Processing /home/airflow/.local/lib/python3.7/site-packages/airflow/example_dags/example_bash_operator.py took 0.146 seconds
[2022-10-29 00:15:34,778] {processor.py:153} INFO - Started process (PID=10742) to work on /home/airflow/.local/lib/python3.7/site-packages/airflow/example_dags/example_bash_operator.py
[2022-10-29 00:15:34,780] {processor.py:641} INFO - Processing file /home/airflow/.local/lib/python3.7/site-packages/airflow/example_dags/example_bash_operator.py for tasks to queue
[2022-10-29 00:15:34,781] {logging_mixin.py:115} INFO - [2022-10-29 00:15:34,781] {dagbag.py:508} INFO - Filling up the DagBag from /home/airflow/.local/lib/python3.7/site-packages/airflow/example_dags/example_bash_operator.py
[2022-10-29 00:15:34,801] {processor.py:651} INFO - DAG(s) dict_keys(['example_bash_operator']) retrieved from /home/airflow/.local/lib/python3.7/site-packages/airflow/example_dags/example_bash_operator.py
[2022-10-29 00:15:34,861] {logging_mixin.py:115} INFO - [2022-10-29 00:15:34,861] {dag.py:2420} INFO - Sync 1 DAGs
[2022-10-29 00:15:34,925] {logging_mixin.py:115} INFO - [2022-10-29 00:15:34,925] {dag.py:2972} INFO - Setting next_dagrun for example_bash_operator to 2022-10-28T00:00:00+00:00, run_after=2022-10-29T00:00:00+00:00
[2022-10-29 00:15:34,955] {processor.py:161} INFO - Processing /home/airflow/.local/lib/python3.7/site-packages/airflow/example_dags/example_bash_operator.py took 0.183 seconds
[2022-10-29 00:16:05,795] {processor.py:153} INFO - Started process (PID=10805) to work on /home/airflow/.local/lib/python3.7/site-packages/airflow/example_dags/example_bash_operator.py
[2022-10-29 00:16:05,796] {processor.py:641} INFO - Processing file /home/airflow/.local/lib/python3.7/site-packages/airflow/example_dags/example_bash_operator.py for tasks to queue
[2022-10-29 00:16:05,796] {logging_mixin.py:115} INFO - [2022-10-29 00:16:05,796] {dagbag.py:508} INFO - Filling up the DagBag from /home/airflow/.local/lib/python3.7/site-packages/airflow/example_dags/example_bash_operator.py
[2022-10-29 00:16:05,817] {processor.py:651} INFO - DAG(s) dict_keys(['example_bash_operator']) retrieved from /home/airflow/.local/lib/python3.7/site-packages/airflow/example_dags/example_bash_operator.py
[2022-10-29 00:16:05,869] {logging_mixin.py:115} INFO - [2022-10-29 00:16:05,869] {dag.py:2420} INFO - Sync 1 DAGs
[2022-10-29 00:16:05,925] {logging_mixin.py:115} INFO - [2022-10-29 00:16:05,924] {dag.py:2972} INFO - Setting next_dagrun for example_bash_operator to 2022-10-28T00:00:00+00:00, run_after=2022-10-29T00:00:00+00:00
[2022-10-29 00:16:05,954] {processor.py:161} INFO - Processing /home/airflow/.local/lib/python3.7/site-packages/airflow/example_dags/example_bash_operator.py took 0.165 seconds
[2022-10-29 00:16:36,192] {processor.py:153} INFO - Started process (PID=10859) to work on /home/airflow/.local/lib/python3.7/site-packages/airflow/example_dags/example_bash_operator.py
[2022-10-29 00:16:36,192] {processor.py:641} INFO - Processing file /home/airflow/.local/lib/python3.7/site-packages/airflow/example_dags/example_bash_operator.py for tasks to queue
[2022-10-29 00:16:36,193] {logging_mixin.py:115} INFO - [2022-10-29 00:16:36,193] {dagbag.py:508} INFO - Filling up the DagBag from /home/airflow/.local/lib/python3.7/site-packages/airflow/example_dags/example_bash_operator.py
[2022-10-29 00:16:36,211] {processor.py:651} INFO - DAG(s) dict_keys(['example_bash_operator']) retrieved from /home/airflow/.local/lib/python3.7/site-packages/airflow/example_dags/example_bash_operator.py
[2022-10-29 00:16:36,256] {logging_mixin.py:115} INFO - [2022-10-29 00:16:36,255] {dag.py:2420} INFO - Sync 1 DAGs
[2022-10-29 00:16:36,304] {logging_mixin.py:115} INFO - [2022-10-29 00:16:36,304] {dag.py:2972} INFO - Setting next_dagrun for example_bash_operator to 2022-10-28T00:00:00+00:00, run_after=2022-10-29T00:00:00+00:00
[2022-10-29 00:16:36,325] {processor.py:161} INFO - Processing /home/airflow/.local/lib/python3.7/site-packages/airflow/example_dags/example_bash_operator.py took 0.137 seconds
[2022-10-29 00:17:06,837] {processor.py:153} INFO - Started process (PID=10914) to work on /home/airflow/.local/lib/python3.7/site-packages/airflow/example_dags/example_bash_operator.py
[2022-10-29 00:17:06,838] {processor.py:641} INFO - Processing file /home/airflow/.local/lib/python3.7/site-packages/airflow/example_dags/example_bash_operator.py for tasks to queue
[2022-10-29 00:17:06,840] {logging_mixin.py:115} INFO - [2022-10-29 00:17:06,839] {dagbag.py:508} INFO - Filling up the DagBag from /home/airflow/.local/lib/python3.7/site-packages/airflow/example_dags/example_bash_operator.py
[2022-10-29 00:17:06,862] {processor.py:651} INFO - DAG(s) dict_keys(['example_bash_operator']) retrieved from /home/airflow/.local/lib/python3.7/site-packages/airflow/example_dags/example_bash_operator.py
[2022-10-29 00:17:06,910] {logging_mixin.py:115} INFO - [2022-10-29 00:17:06,910] {dag.py:2420} INFO - Sync 1 DAGs
[2022-10-29 00:17:06,958] {logging_mixin.py:115} INFO - [2022-10-29 00:17:06,958] {dag.py:2972} INFO - Setting next_dagrun for example_bash_operator to 2022-10-28T00:00:00+00:00, run_after=2022-10-29T00:00:00+00:00
[2022-10-29 00:17:06,982] {processor.py:161} INFO - Processing /home/airflow/.local/lib/python3.7/site-packages/airflow/example_dags/example_bash_operator.py took 0.152 seconds
[2022-10-29 00:17:37,418] {processor.py:153} INFO - Started process (PID=10976) to work on /home/airflow/.local/lib/python3.7/site-packages/airflow/example_dags/example_bash_operator.py
[2022-10-29 00:17:37,419] {processor.py:641} INFO - Processing file /home/airflow/.local/lib/python3.7/site-packages/airflow/example_dags/example_bash_operator.py for tasks to queue
[2022-10-29 00:17:37,420] {logging_mixin.py:115} INFO - [2022-10-29 00:17:37,420] {dagbag.py:508} INFO - Filling up the DagBag from /home/airflow/.local/lib/python3.7/site-packages/airflow/example_dags/example_bash_operator.py
[2022-10-29 00:17:37,440] {processor.py:651} INFO - DAG(s) dict_keys(['example_bash_operator']) retrieved from /home/airflow/.local/lib/python3.7/site-packages/airflow/example_dags/example_bash_operator.py
[2022-10-29 00:17:37,485] {logging_mixin.py:115} INFO - [2022-10-29 00:17:37,485] {dag.py:2420} INFO - Sync 1 DAGs
[2022-10-29 00:17:37,547] {logging_mixin.py:115} INFO - [2022-10-29 00:17:37,547] {dag.py:2972} INFO - Setting next_dagrun for example_bash_operator to 2022-10-28T00:00:00+00:00, run_after=2022-10-29T00:00:00+00:00
[2022-10-29 00:17:37,581] {processor.py:161} INFO - Processing /home/airflow/.local/lib/python3.7/site-packages/airflow/example_dags/example_bash_operator.py took 0.168 seconds
