[2022-10-29 00:00:13,494] {processor.py:153} INFO - Started process (PID=9015) to work on /home/airflow/.local/lib/python3.7/site-packages/airflow/example_dags/tutorial.py
[2022-10-29 00:00:13,495] {processor.py:641} INFO - Processing file /home/airflow/.local/lib/python3.7/site-packages/airflow/example_dags/tutorial.py for tasks to queue
[2022-10-29 00:00:13,496] {logging_mixin.py:115} INFO - [2022-10-29 00:00:13,496] {dagbag.py:508} INFO - Filling up the DagBag from /home/airflow/.local/lib/python3.7/site-packages/airflow/example_dags/tutorial.py
[2022-10-29 00:00:13,507] {processor.py:651} INFO - DAG(s) dict_keys(['tutorial']) retrieved from /home/airflow/.local/lib/python3.7/site-packages/airflow/example_dags/tutorial.py
[2022-10-29 00:00:13,557] {logging_mixin.py:115} INFO - [2022-10-29 00:00:13,556] {dag.py:2420} INFO - Sync 1 DAGs
[2022-10-29 00:00:13,602] {logging_mixin.py:115} INFO - [2022-10-29 00:00:13,602] {dag.py:2972} INFO - Setting next_dagrun for tutorial to 2022-10-28T00:00:13.602249+00:00, run_after=2022-10-29T00:00:13.602249+00:00
[2022-10-29 00:00:13,625] {processor.py:161} INFO - Processing /home/airflow/.local/lib/python3.7/site-packages/airflow/example_dags/tutorial.py took 0.137 seconds
[2022-10-29 00:00:43,927] {processor.py:153} INFO - Started process (PID=9078) to work on /home/airflow/.local/lib/python3.7/site-packages/airflow/example_dags/tutorial.py
[2022-10-29 00:00:43,928] {processor.py:641} INFO - Processing file /home/airflow/.local/lib/python3.7/site-packages/airflow/example_dags/tutorial.py for tasks to queue
[2022-10-29 00:00:43,929] {logging_mixin.py:115} INFO - [2022-10-29 00:00:43,929] {dagbag.py:508} INFO - Filling up the DagBag from /home/airflow/.local/lib/python3.7/site-packages/airflow/example_dags/tutorial.py
[2022-10-29 00:00:43,939] {processor.py:651} INFO - DAG(s) dict_keys(['tutorial']) retrieved from /home/airflow/.local/lib/python3.7/site-packages/airflow/example_dags/tutorial.py
[2022-10-29 00:00:43,987] {logging_mixin.py:115} INFO - [2022-10-29 00:00:43,987] {dag.py:2420} INFO - Sync 1 DAGs
[2022-10-29 00:00:44,030] {logging_mixin.py:115} INFO - [2022-10-29 00:00:44,030] {dag.py:2972} INFO - Setting next_dagrun for tutorial to 2022-10-28T00:00:44.030139+00:00, run_after=2022-10-29T00:00:44.030139+00:00
[2022-10-29 00:00:44,056] {processor.py:161} INFO - Processing /home/airflow/.local/lib/python3.7/site-packages/airflow/example_dags/tutorial.py took 0.135 seconds
[2022-10-29 00:01:14,343] {processor.py:153} INFO - Started process (PID=9132) to work on /home/airflow/.local/lib/python3.7/site-packages/airflow/example_dags/tutorial.py
[2022-10-29 00:01:14,345] {processor.py:641} INFO - Processing file /home/airflow/.local/lib/python3.7/site-packages/airflow/example_dags/tutorial.py for tasks to queue
[2022-10-29 00:01:14,345] {logging_mixin.py:115} INFO - [2022-10-29 00:01:14,345] {dagbag.py:508} INFO - Filling up the DagBag from /home/airflow/.local/lib/python3.7/site-packages/airflow/example_dags/tutorial.py
[2022-10-29 00:01:14,354] {processor.py:651} INFO - DAG(s) dict_keys(['tutorial']) retrieved from /home/airflow/.local/lib/python3.7/site-packages/airflow/example_dags/tutorial.py
[2022-10-29 00:01:14,397] {logging_mixin.py:115} INFO - [2022-10-29 00:01:14,397] {dag.py:2420} INFO - Sync 1 DAGs
[2022-10-29 00:01:14,441] {logging_mixin.py:115} INFO - [2022-10-29 00:01:14,440] {dag.py:2972} INFO - Setting next_dagrun for tutorial to 2022-10-28T00:01:14.440356+00:00, run_after=2022-10-29T00:01:14.440356+00:00
[2022-10-29 00:01:14,463] {processor.py:161} INFO - Processing /home/airflow/.local/lib/python3.7/site-packages/airflow/example_dags/tutorial.py took 0.124 seconds
[2022-10-29 00:01:44,656] {processor.py:153} INFO - Started process (PID=9186) to work on /home/airflow/.local/lib/python3.7/site-packages/airflow/example_dags/tutorial.py
[2022-10-29 00:01:44,657] {processor.py:641} INFO - Processing file /home/airflow/.local/lib/python3.7/site-packages/airflow/example_dags/tutorial.py for tasks to queue
[2022-10-29 00:01:44,658] {logging_mixin.py:115} INFO - [2022-10-29 00:01:44,658] {dagbag.py:508} INFO - Filling up the DagBag from /home/airflow/.local/lib/python3.7/site-packages/airflow/example_dags/tutorial.py
[2022-10-29 00:01:44,666] {processor.py:651} INFO - DAG(s) dict_keys(['tutorial']) retrieved from /home/airflow/.local/lib/python3.7/site-packages/airflow/example_dags/tutorial.py
[2022-10-29 00:01:44,703] {logging_mixin.py:115} INFO - [2022-10-29 00:01:44,703] {dag.py:2420} INFO - Sync 1 DAGs
[2022-10-29 00:01:44,742] {logging_mixin.py:115} INFO - [2022-10-29 00:01:44,742] {dag.py:2972} INFO - Setting next_dagrun for tutorial to 2022-10-28T00:01:44.741635+00:00, run_after=2022-10-29T00:01:44.741635+00:00
[2022-10-29 00:01:44,764] {processor.py:161} INFO - Processing /home/airflow/.local/lib/python3.7/site-packages/airflow/example_dags/tutorial.py took 0.112 seconds
[2022-10-29 00:02:15,081] {processor.py:153} INFO - Started process (PID=9249) to work on /home/airflow/.local/lib/python3.7/site-packages/airflow/example_dags/tutorial.py
[2022-10-29 00:02:15,082] {processor.py:641} INFO - Processing file /home/airflow/.local/lib/python3.7/site-packages/airflow/example_dags/tutorial.py for tasks to queue
[2022-10-29 00:02:15,083] {logging_mixin.py:115} INFO - [2022-10-29 00:02:15,083] {dagbag.py:508} INFO - Filling up the DagBag from /home/airflow/.local/lib/python3.7/site-packages/airflow/example_dags/tutorial.py
[2022-10-29 00:02:15,097] {processor.py:651} INFO - DAG(s) dict_keys(['tutorial']) retrieved from /home/airflow/.local/lib/python3.7/site-packages/airflow/example_dags/tutorial.py
[2022-10-29 00:02:15,146] {logging_mixin.py:115} INFO - [2022-10-29 00:02:15,146] {dag.py:2420} INFO - Sync 1 DAGs
[2022-10-29 00:02:15,189] {logging_mixin.py:115} INFO - [2022-10-29 00:02:15,189] {dag.py:2972} INFO - Setting next_dagrun for tutorial to 2022-10-28T00:02:15.189235+00:00, run_after=2022-10-29T00:02:15.189235+00:00
[2022-10-29 00:02:15,214] {processor.py:161} INFO - Processing /home/airflow/.local/lib/python3.7/site-packages/airflow/example_dags/tutorial.py took 0.140 seconds
[2022-10-29 00:02:45,838] {processor.py:153} INFO - Started process (PID=9304) to work on /home/airflow/.local/lib/python3.7/site-packages/airflow/example_dags/tutorial.py
[2022-10-29 00:02:45,839] {processor.py:641} INFO - Processing file /home/airflow/.local/lib/python3.7/site-packages/airflow/example_dags/tutorial.py for tasks to queue
[2022-10-29 00:02:45,840] {logging_mixin.py:115} INFO - [2022-10-29 00:02:45,840] {dagbag.py:508} INFO - Filling up the DagBag from /home/airflow/.local/lib/python3.7/site-packages/airflow/example_dags/tutorial.py
[2022-10-29 00:02:45,849] {processor.py:651} INFO - DAG(s) dict_keys(['tutorial']) retrieved from /home/airflow/.local/lib/python3.7/site-packages/airflow/example_dags/tutorial.py
[2022-10-29 00:02:45,904] {logging_mixin.py:115} INFO - [2022-10-29 00:02:45,903] {dag.py:2420} INFO - Sync 1 DAGs
[2022-10-29 00:02:45,952] {logging_mixin.py:115} INFO - [2022-10-29 00:02:45,951] {dag.py:2972} INFO - Setting next_dagrun for tutorial to 2022-10-28T00:02:45.951298+00:00, run_after=2022-10-29T00:02:45.951298+00:00
[2022-10-29 00:02:45,975] {processor.py:161} INFO - Processing /home/airflow/.local/lib/python3.7/site-packages/airflow/example_dags/tutorial.py took 0.142 seconds
[2022-10-29 00:03:16,637] {processor.py:153} INFO - Started process (PID=9367) to work on /home/airflow/.local/lib/python3.7/site-packages/airflow/example_dags/tutorial.py
[2022-10-29 00:03:16,637] {processor.py:641} INFO - Processing file /home/airflow/.local/lib/python3.7/site-packages/airflow/example_dags/tutorial.py for tasks to queue
[2022-10-29 00:03:16,638] {logging_mixin.py:115} INFO - [2022-10-29 00:03:16,638] {dagbag.py:508} INFO - Filling up the DagBag from /home/airflow/.local/lib/python3.7/site-packages/airflow/example_dags/tutorial.py
[2022-10-29 00:03:16,647] {processor.py:651} INFO - DAG(s) dict_keys(['tutorial']) retrieved from /home/airflow/.local/lib/python3.7/site-packages/airflow/example_dags/tutorial.py
[2022-10-29 00:03:16,708] {logging_mixin.py:115} INFO - [2022-10-29 00:03:16,708] {dag.py:2420} INFO - Sync 1 DAGs
[2022-10-29 00:03:16,769] {logging_mixin.py:115} INFO - [2022-10-29 00:03:16,769] {dag.py:2972} INFO - Setting next_dagrun for tutorial to 2022-10-28T00:03:16.768995+00:00, run_after=2022-10-29T00:03:16.768995+00:00
[2022-10-29 00:03:16,801] {processor.py:161} INFO - Processing /home/airflow/.local/lib/python3.7/site-packages/airflow/example_dags/tutorial.py took 0.169 seconds
[2022-10-29 00:03:48,037] {processor.py:153} INFO - Started process (PID=9421) to work on /home/airflow/.local/lib/python3.7/site-packages/airflow/example_dags/tutorial.py
[2022-10-29 00:03:48,038] {processor.py:641} INFO - Processing file /home/airflow/.local/lib/python3.7/site-packages/airflow/example_dags/tutorial.py for tasks to queue
[2022-10-29 00:03:48,040] {logging_mixin.py:115} INFO - [2022-10-29 00:03:48,039] {dagbag.py:508} INFO - Filling up the DagBag from /home/airflow/.local/lib/python3.7/site-packages/airflow/example_dags/tutorial.py
[2022-10-29 00:03:48,051] {processor.py:651} INFO - DAG(s) dict_keys(['tutorial']) retrieved from /home/airflow/.local/lib/python3.7/site-packages/airflow/example_dags/tutorial.py
[2022-10-29 00:03:48,108] {logging_mixin.py:115} INFO - [2022-10-29 00:03:48,108] {dag.py:2420} INFO - Sync 1 DAGs
[2022-10-29 00:03:48,171] {logging_mixin.py:115} INFO - [2022-10-29 00:03:48,170] {dag.py:2972} INFO - Setting next_dagrun for tutorial to 2022-10-28T00:03:48.170455+00:00, run_after=2022-10-29T00:03:48.170455+00:00
[2022-10-29 00:03:48,203] {processor.py:161} INFO - Processing /home/airflow/.local/lib/python3.7/site-packages/airflow/example_dags/tutorial.py took 0.171 seconds
[2022-10-29 00:04:19,008] {processor.py:153} INFO - Started process (PID=9475) to work on /home/airflow/.local/lib/python3.7/site-packages/airflow/example_dags/tutorial.py
[2022-10-29 00:04:19,010] {processor.py:641} INFO - Processing file /home/airflow/.local/lib/python3.7/site-packages/airflow/example_dags/tutorial.py for tasks to queue
[2022-10-29 00:04:19,011] {logging_mixin.py:115} INFO - [2022-10-29 00:04:19,011] {dagbag.py:508} INFO - Filling up the DagBag from /home/airflow/.local/lib/python3.7/site-packages/airflow/example_dags/tutorial.py
[2022-10-29 00:04:19,022] {processor.py:651} INFO - DAG(s) dict_keys(['tutorial']) retrieved from /home/airflow/.local/lib/python3.7/site-packages/airflow/example_dags/tutorial.py
[2022-10-29 00:04:19,068] {logging_mixin.py:115} INFO - [2022-10-29 00:04:19,067] {dag.py:2420} INFO - Sync 1 DAGs
[2022-10-29 00:04:19,115] {logging_mixin.py:115} INFO - [2022-10-29 00:04:19,114] {dag.py:2972} INFO - Setting next_dagrun for tutorial to 2022-10-28T00:04:19.114378+00:00, run_after=2022-10-29T00:04:19.114378+00:00
[2022-10-29 00:04:19,142] {processor.py:161} INFO - Processing /home/airflow/.local/lib/python3.7/site-packages/airflow/example_dags/tutorial.py took 0.141 seconds
[2022-10-29 00:04:49,829] {processor.py:153} INFO - Started process (PID=9538) to work on /home/airflow/.local/lib/python3.7/site-packages/airflow/example_dags/tutorial.py
[2022-10-29 00:04:49,830] {processor.py:641} INFO - Processing file /home/airflow/.local/lib/python3.7/site-packages/airflow/example_dags/tutorial.py for tasks to queue
[2022-10-29 00:04:49,831] {logging_mixin.py:115} INFO - [2022-10-29 00:04:49,831] {dagbag.py:508} INFO - Filling up the DagBag from /home/airflow/.local/lib/python3.7/site-packages/airflow/example_dags/tutorial.py
[2022-10-29 00:04:49,845] {processor.py:651} INFO - DAG(s) dict_keys(['tutorial']) retrieved from /home/airflow/.local/lib/python3.7/site-packages/airflow/example_dags/tutorial.py
[2022-10-29 00:04:49,895] {logging_mixin.py:115} INFO - [2022-10-29 00:04:49,895] {dag.py:2420} INFO - Sync 1 DAGs
[2022-10-29 00:04:49,945] {logging_mixin.py:115} INFO - [2022-10-29 00:04:49,944] {dag.py:2972} INFO - Setting next_dagrun for tutorial to 2022-10-28T00:04:49.944392+00:00, run_after=2022-10-29T00:04:49.944392+00:00
[2022-10-29 00:04:49,970] {processor.py:161} INFO - Processing /home/airflow/.local/lib/python3.7/site-packages/airflow/example_dags/tutorial.py took 0.148 seconds
[2022-10-29 00:05:20,564] {processor.py:153} INFO - Started process (PID=9592) to work on /home/airflow/.local/lib/python3.7/site-packages/airflow/example_dags/tutorial.py
[2022-10-29 00:05:20,564] {processor.py:641} INFO - Processing file /home/airflow/.local/lib/python3.7/site-packages/airflow/example_dags/tutorial.py for tasks to queue
[2022-10-29 00:05:20,565] {logging_mixin.py:115} INFO - [2022-10-29 00:05:20,565] {dagbag.py:508} INFO - Filling up the DagBag from /home/airflow/.local/lib/python3.7/site-packages/airflow/example_dags/tutorial.py
[2022-10-29 00:05:20,575] {processor.py:651} INFO - DAG(s) dict_keys(['tutorial']) retrieved from /home/airflow/.local/lib/python3.7/site-packages/airflow/example_dags/tutorial.py
[2022-10-29 00:05:20,640] {logging_mixin.py:115} INFO - [2022-10-29 00:05:20,640] {dag.py:2420} INFO - Sync 1 DAGs
[2022-10-29 00:05:20,711] {logging_mixin.py:115} INFO - [2022-10-29 00:05:20,711] {dag.py:2972} INFO - Setting next_dagrun for tutorial to 2022-10-28T00:05:20.710887+00:00, run_after=2022-10-29T00:05:20.710887+00:00
[2022-10-29 00:05:20,743] {processor.py:161} INFO - Processing /home/airflow/.local/lib/python3.7/site-packages/airflow/example_dags/tutorial.py took 0.185 seconds
[2022-10-29 00:05:50,925] {processor.py:153} INFO - Started process (PID=9646) to work on /home/airflow/.local/lib/python3.7/site-packages/airflow/example_dags/tutorial.py
[2022-10-29 00:05:50,927] {processor.py:641} INFO - Processing file /home/airflow/.local/lib/python3.7/site-packages/airflow/example_dags/tutorial.py for tasks to queue
[2022-10-29 00:05:50,929] {logging_mixin.py:115} INFO - [2022-10-29 00:05:50,928] {dagbag.py:508} INFO - Filling up the DagBag from /home/airflow/.local/lib/python3.7/site-packages/airflow/example_dags/tutorial.py
[2022-10-29 00:05:50,940] {processor.py:651} INFO - DAG(s) dict_keys(['tutorial']) retrieved from /home/airflow/.local/lib/python3.7/site-packages/airflow/example_dags/tutorial.py
[2022-10-29 00:05:50,991] {logging_mixin.py:115} INFO - [2022-10-29 00:05:50,990] {dag.py:2420} INFO - Sync 1 DAGs
[2022-10-29 00:05:51,039] {logging_mixin.py:115} INFO - [2022-10-29 00:05:51,038] {dag.py:2972} INFO - Setting next_dagrun for tutorial to 2022-10-28T00:05:51.038543+00:00, run_after=2022-10-29T00:05:51.038543+00:00
[2022-10-29 00:05:51,067] {processor.py:161} INFO - Processing /home/airflow/.local/lib/python3.7/site-packages/airflow/example_dags/tutorial.py took 0.148 seconds
[2022-10-29 00:06:21,843] {processor.py:153} INFO - Started process (PID=9710) to work on /home/airflow/.local/lib/python3.7/site-packages/airflow/example_dags/tutorial.py
[2022-10-29 00:06:21,844] {processor.py:641} INFO - Processing file /home/airflow/.local/lib/python3.7/site-packages/airflow/example_dags/tutorial.py for tasks to queue
[2022-10-29 00:06:21,845] {logging_mixin.py:115} INFO - [2022-10-29 00:06:21,845] {dagbag.py:508} INFO - Filling up the DagBag from /home/airflow/.local/lib/python3.7/site-packages/airflow/example_dags/tutorial.py
[2022-10-29 00:06:21,855] {processor.py:651} INFO - DAG(s) dict_keys(['tutorial']) retrieved from /home/airflow/.local/lib/python3.7/site-packages/airflow/example_dags/tutorial.py
[2022-10-29 00:06:21,952] {logging_mixin.py:115} INFO - [2022-10-29 00:06:21,952] {dag.py:2420} INFO - Sync 1 DAGs
[2022-10-29 00:06:22,022] {logging_mixin.py:115} INFO - [2022-10-29 00:06:22,022] {dag.py:2972} INFO - Setting next_dagrun for tutorial to 2022-10-28T00:06:22.022301+00:00, run_after=2022-10-29T00:06:22.022301+00:00
[2022-10-29 00:06:22,053] {processor.py:161} INFO - Processing /home/airflow/.local/lib/python3.7/site-packages/airflow/example_dags/tutorial.py took 0.216 seconds
[2022-10-29 00:06:52,393] {processor.py:153} INFO - Started process (PID=9764) to work on /home/airflow/.local/lib/python3.7/site-packages/airflow/example_dags/tutorial.py
[2022-10-29 00:06:52,395] {processor.py:641} INFO - Processing file /home/airflow/.local/lib/python3.7/site-packages/airflow/example_dags/tutorial.py for tasks to queue
[2022-10-29 00:06:52,396] {logging_mixin.py:115} INFO - [2022-10-29 00:06:52,395] {dagbag.py:508} INFO - Filling up the DagBag from /home/airflow/.local/lib/python3.7/site-packages/airflow/example_dags/tutorial.py
[2022-10-29 00:06:52,405] {processor.py:651} INFO - DAG(s) dict_keys(['tutorial']) retrieved from /home/airflow/.local/lib/python3.7/site-packages/airflow/example_dags/tutorial.py
[2022-10-29 00:06:52,456] {logging_mixin.py:115} INFO - [2022-10-29 00:06:52,456] {dag.py:2420} INFO - Sync 1 DAGs
[2022-10-29 00:06:52,508] {logging_mixin.py:115} INFO - [2022-10-29 00:06:52,508] {dag.py:2972} INFO - Setting next_dagrun for tutorial to 2022-10-28T00:06:52.508252+00:00, run_after=2022-10-29T00:06:52.508252+00:00
[2022-10-29 00:06:52,536] {processor.py:161} INFO - Processing /home/airflow/.local/lib/python3.7/site-packages/airflow/example_dags/tutorial.py took 0.149 seconds
[2022-10-29 00:07:22,804] {processor.py:153} INFO - Started process (PID=9819) to work on /home/airflow/.local/lib/python3.7/site-packages/airflow/example_dags/tutorial.py
[2022-10-29 00:07:22,805] {processor.py:641} INFO - Processing file /home/airflow/.local/lib/python3.7/site-packages/airflow/example_dags/tutorial.py for tasks to queue
[2022-10-29 00:07:22,806] {logging_mixin.py:115} INFO - [2022-10-29 00:07:22,806] {dagbag.py:508} INFO - Filling up the DagBag from /home/airflow/.local/lib/python3.7/site-packages/airflow/example_dags/tutorial.py
[2022-10-29 00:07:22,815] {processor.py:651} INFO - DAG(s) dict_keys(['tutorial']) retrieved from /home/airflow/.local/lib/python3.7/site-packages/airflow/example_dags/tutorial.py
[2022-10-29 00:07:22,867] {logging_mixin.py:115} INFO - [2022-10-29 00:07:22,867] {dag.py:2420} INFO - Sync 1 DAGs
[2022-10-29 00:07:22,916] {logging_mixin.py:115} INFO - [2022-10-29 00:07:22,916] {dag.py:2972} INFO - Setting next_dagrun for tutorial to 2022-10-28T00:07:22.916159+00:00, run_after=2022-10-29T00:07:22.916159+00:00
[2022-10-29 00:07:22,949] {processor.py:161} INFO - Processing /home/airflow/.local/lib/python3.7/site-packages/airflow/example_dags/tutorial.py took 0.151 seconds
[2022-10-29 00:07:53,764] {processor.py:153} INFO - Started process (PID=9882) to work on /home/airflow/.local/lib/python3.7/site-packages/airflow/example_dags/tutorial.py
[2022-10-29 00:07:53,766] {processor.py:641} INFO - Processing file /home/airflow/.local/lib/python3.7/site-packages/airflow/example_dags/tutorial.py for tasks to queue
[2022-10-29 00:07:53,768] {logging_mixin.py:115} INFO - [2022-10-29 00:07:53,767] {dagbag.py:508} INFO - Filling up the DagBag from /home/airflow/.local/lib/python3.7/site-packages/airflow/example_dags/tutorial.py
[2022-10-29 00:07:53,780] {processor.py:651} INFO - DAG(s) dict_keys(['tutorial']) retrieved from /home/airflow/.local/lib/python3.7/site-packages/airflow/example_dags/tutorial.py
[2022-10-29 00:07:53,839] {logging_mixin.py:115} INFO - [2022-10-29 00:07:53,839] {dag.py:2420} INFO - Sync 1 DAGs
[2022-10-29 00:07:53,897] {logging_mixin.py:115} INFO - [2022-10-29 00:07:53,896] {dag.py:2972} INFO - Setting next_dagrun for tutorial to 2022-10-28T00:07:53.895490+00:00, run_after=2022-10-29T00:07:53.895490+00:00
[2022-10-29 00:07:53,932] {processor.py:161} INFO - Processing /home/airflow/.local/lib/python3.7/site-packages/airflow/example_dags/tutorial.py took 0.178 seconds
[2022-10-29 00:08:23,999] {processor.py:153} INFO - Started process (PID=9936) to work on /home/airflow/.local/lib/python3.7/site-packages/airflow/example_dags/tutorial.py
[2022-10-29 00:08:24,000] {processor.py:641} INFO - Processing file /home/airflow/.local/lib/python3.7/site-packages/airflow/example_dags/tutorial.py for tasks to queue
[2022-10-29 00:08:24,002] {logging_mixin.py:115} INFO - [2022-10-29 00:08:24,002] {dagbag.py:508} INFO - Filling up the DagBag from /home/airflow/.local/lib/python3.7/site-packages/airflow/example_dags/tutorial.py
[2022-10-29 00:08:24,013] {processor.py:651} INFO - DAG(s) dict_keys(['tutorial']) retrieved from /home/airflow/.local/lib/python3.7/site-packages/airflow/example_dags/tutorial.py
[2022-10-29 00:08:24,065] {logging_mixin.py:115} INFO - [2022-10-29 00:08:24,065] {dag.py:2420} INFO - Sync 1 DAGs
[2022-10-29 00:08:24,110] {logging_mixin.py:115} INFO - [2022-10-29 00:08:24,110] {dag.py:2972} INFO - Setting next_dagrun for tutorial to 2022-10-28T00:08:24.109993+00:00, run_after=2022-10-29T00:08:24.109993+00:00
[2022-10-29 00:08:24,137] {processor.py:161} INFO - Processing /home/airflow/.local/lib/python3.7/site-packages/airflow/example_dags/tutorial.py took 0.144 seconds
[2022-10-29 00:08:54,712] {processor.py:153} INFO - Started process (PID=9989) to work on /home/airflow/.local/lib/python3.7/site-packages/airflow/example_dags/tutorial.py
[2022-10-29 00:08:54,713] {processor.py:641} INFO - Processing file /home/airflow/.local/lib/python3.7/site-packages/airflow/example_dags/tutorial.py for tasks to queue
[2022-10-29 00:08:54,716] {logging_mixin.py:115} INFO - [2022-10-29 00:08:54,715] {dagbag.py:508} INFO - Filling up the DagBag from /home/airflow/.local/lib/python3.7/site-packages/airflow/example_dags/tutorial.py
[2022-10-29 00:08:54,726] {processor.py:651} INFO - DAG(s) dict_keys(['tutorial']) retrieved from /home/airflow/.local/lib/python3.7/site-packages/airflow/example_dags/tutorial.py
[2022-10-29 00:08:54,777] {logging_mixin.py:115} INFO - [2022-10-29 00:08:54,776] {dag.py:2420} INFO - Sync 1 DAGs
[2022-10-29 00:08:54,824] {logging_mixin.py:115} INFO - [2022-10-29 00:08:54,824] {dag.py:2972} INFO - Setting next_dagrun for tutorial to 2022-10-28T00:08:54.824036+00:00, run_after=2022-10-29T00:08:54.824036+00:00
[2022-10-29 00:08:54,852] {processor.py:161} INFO - Processing /home/airflow/.local/lib/python3.7/site-packages/airflow/example_dags/tutorial.py took 0.147 seconds
[2022-10-29 00:09:25,443] {processor.py:153} INFO - Started process (PID=10054) to work on /home/airflow/.local/lib/python3.7/site-packages/airflow/example_dags/tutorial.py
[2022-10-29 00:09:25,446] {processor.py:641} INFO - Processing file /home/airflow/.local/lib/python3.7/site-packages/airflow/example_dags/tutorial.py for tasks to queue
[2022-10-29 00:09:25,448] {logging_mixin.py:115} INFO - [2022-10-29 00:09:25,448] {dagbag.py:508} INFO - Filling up the DagBag from /home/airflow/.local/lib/python3.7/site-packages/airflow/example_dags/tutorial.py
[2022-10-29 00:09:25,461] {processor.py:651} INFO - DAG(s) dict_keys(['tutorial']) retrieved from /home/airflow/.local/lib/python3.7/site-packages/airflow/example_dags/tutorial.py
[2022-10-29 00:09:25,534] {logging_mixin.py:115} INFO - [2022-10-29 00:09:25,534] {dag.py:2420} INFO - Sync 1 DAGs
[2022-10-29 00:09:25,607] {logging_mixin.py:115} INFO - [2022-10-29 00:09:25,607] {dag.py:2972} INFO - Setting next_dagrun for tutorial to 2022-10-28T00:09:25.606819+00:00, run_after=2022-10-29T00:09:25.606819+00:00
[2022-10-29 00:09:25,644] {processor.py:161} INFO - Processing /home/airflow/.local/lib/python3.7/site-packages/airflow/example_dags/tutorial.py took 0.208 seconds
[2022-10-29 00:09:56,117] {processor.py:153} INFO - Started process (PID=10109) to work on /home/airflow/.local/lib/python3.7/site-packages/airflow/example_dags/tutorial.py
[2022-10-29 00:09:56,119] {processor.py:641} INFO - Processing file /home/airflow/.local/lib/python3.7/site-packages/airflow/example_dags/tutorial.py for tasks to queue
[2022-10-29 00:09:56,121] {logging_mixin.py:115} INFO - [2022-10-29 00:09:56,120] {dagbag.py:508} INFO - Filling up the DagBag from /home/airflow/.local/lib/python3.7/site-packages/airflow/example_dags/tutorial.py
[2022-10-29 00:09:56,134] {processor.py:651} INFO - DAG(s) dict_keys(['tutorial']) retrieved from /home/airflow/.local/lib/python3.7/site-packages/airflow/example_dags/tutorial.py
[2022-10-29 00:09:56,194] {logging_mixin.py:115} INFO - [2022-10-29 00:09:56,194] {dag.py:2420} INFO - Sync 1 DAGs
[2022-10-29 00:09:56,254] {logging_mixin.py:115} INFO - [2022-10-29 00:09:56,254] {dag.py:2972} INFO - Setting next_dagrun for tutorial to 2022-10-28T00:09:56.253434+00:00, run_after=2022-10-29T00:09:56.253434+00:00
[2022-10-29 00:09:56,291] {processor.py:161} INFO - Processing /home/airflow/.local/lib/python3.7/site-packages/airflow/example_dags/tutorial.py took 0.181 seconds
[2022-10-29 00:10:26,743] {processor.py:153} INFO - Started process (PID=10163) to work on /home/airflow/.local/lib/python3.7/site-packages/airflow/example_dags/tutorial.py
[2022-10-29 00:10:26,744] {processor.py:641} INFO - Processing file /home/airflow/.local/lib/python3.7/site-packages/airflow/example_dags/tutorial.py for tasks to queue
[2022-10-29 00:10:26,744] {logging_mixin.py:115} INFO - [2022-10-29 00:10:26,744] {dagbag.py:508} INFO - Filling up the DagBag from /home/airflow/.local/lib/python3.7/site-packages/airflow/example_dags/tutorial.py
[2022-10-29 00:10:26,753] {processor.py:651} INFO - DAG(s) dict_keys(['tutorial']) retrieved from /home/airflow/.local/lib/python3.7/site-packages/airflow/example_dags/tutorial.py
[2022-10-29 00:10:26,793] {logging_mixin.py:115} INFO - [2022-10-29 00:10:26,792] {dag.py:2420} INFO - Sync 1 DAGs
[2022-10-29 00:10:26,841] {logging_mixin.py:115} INFO - [2022-10-29 00:10:26,841] {dag.py:2972} INFO - Setting next_dagrun for tutorial to 2022-10-28T00:10:26.840896+00:00, run_after=2022-10-29T00:10:26.840896+00:00
[2022-10-29 00:10:26,872] {processor.py:161} INFO - Processing /home/airflow/.local/lib/python3.7/site-packages/airflow/example_dags/tutorial.py took 0.134 seconds
[2022-10-29 00:10:57,194] {processor.py:153} INFO - Started process (PID=10217) to work on /home/airflow/.local/lib/python3.7/site-packages/airflow/example_dags/tutorial.py
[2022-10-29 00:10:57,195] {processor.py:641} INFO - Processing file /home/airflow/.local/lib/python3.7/site-packages/airflow/example_dags/tutorial.py for tasks to queue
[2022-10-29 00:10:57,196] {logging_mixin.py:115} INFO - [2022-10-29 00:10:57,196] {dagbag.py:508} INFO - Filling up the DagBag from /home/airflow/.local/lib/python3.7/site-packages/airflow/example_dags/tutorial.py
[2022-10-29 00:10:57,207] {processor.py:651} INFO - DAG(s) dict_keys(['tutorial']) retrieved from /home/airflow/.local/lib/python3.7/site-packages/airflow/example_dags/tutorial.py
[2022-10-29 00:10:57,253] {logging_mixin.py:115} INFO - [2022-10-29 00:10:57,253] {dag.py:2420} INFO - Sync 1 DAGs
[2022-10-29 00:10:57,300] {logging_mixin.py:115} INFO - [2022-10-29 00:10:57,299] {dag.py:2972} INFO - Setting next_dagrun for tutorial to 2022-10-28T00:10:57.299420+00:00, run_after=2022-10-29T00:10:57.299420+00:00
[2022-10-29 00:10:57,334] {processor.py:161} INFO - Processing /home/airflow/.local/lib/python3.7/site-packages/airflow/example_dags/tutorial.py took 0.145 seconds
[2022-10-29 00:11:27,486] {processor.py:153} INFO - Started process (PID=10281) to work on /home/airflow/.local/lib/python3.7/site-packages/airflow/example_dags/tutorial.py
[2022-10-29 00:11:27,487] {processor.py:641} INFO - Processing file /home/airflow/.local/lib/python3.7/site-packages/airflow/example_dags/tutorial.py for tasks to queue
[2022-10-29 00:11:27,488] {logging_mixin.py:115} INFO - [2022-10-29 00:11:27,488] {dagbag.py:508} INFO - Filling up the DagBag from /home/airflow/.local/lib/python3.7/site-packages/airflow/example_dags/tutorial.py
[2022-10-29 00:11:27,496] {processor.py:651} INFO - DAG(s) dict_keys(['tutorial']) retrieved from /home/airflow/.local/lib/python3.7/site-packages/airflow/example_dags/tutorial.py
[2022-10-29 00:11:27,549] {logging_mixin.py:115} INFO - [2022-10-29 00:11:27,548] {dag.py:2420} INFO - Sync 1 DAGs
[2022-10-29 00:11:27,595] {logging_mixin.py:115} INFO - [2022-10-29 00:11:27,595] {dag.py:2972} INFO - Setting next_dagrun for tutorial to 2022-10-28T00:11:27.594597+00:00, run_after=2022-10-29T00:11:27.594597+00:00
[2022-10-29 00:11:27,628] {processor.py:161} INFO - Processing /home/airflow/.local/lib/python3.7/site-packages/airflow/example_dags/tutorial.py took 0.148 seconds
[2022-10-29 00:11:58,339] {processor.py:153} INFO - Started process (PID=10335) to work on /home/airflow/.local/lib/python3.7/site-packages/airflow/example_dags/tutorial.py
[2022-10-29 00:11:58,342] {processor.py:641} INFO - Processing file /home/airflow/.local/lib/python3.7/site-packages/airflow/example_dags/tutorial.py for tasks to queue
[2022-10-29 00:11:58,344] {logging_mixin.py:115} INFO - [2022-10-29 00:11:58,343] {dagbag.py:508} INFO - Filling up the DagBag from /home/airflow/.local/lib/python3.7/site-packages/airflow/example_dags/tutorial.py
[2022-10-29 00:11:58,360] {processor.py:651} INFO - DAG(s) dict_keys(['tutorial']) retrieved from /home/airflow/.local/lib/python3.7/site-packages/airflow/example_dags/tutorial.py
[2022-10-29 00:11:58,424] {logging_mixin.py:115} INFO - [2022-10-29 00:11:58,424] {dag.py:2420} INFO - Sync 1 DAGs
[2022-10-29 00:11:58,496] {logging_mixin.py:115} INFO - [2022-10-29 00:11:58,495] {dag.py:2972} INFO - Setting next_dagrun for tutorial to 2022-10-28T00:11:58.495115+00:00, run_after=2022-10-29T00:11:58.495115+00:00
[2022-10-29 00:11:58,535] {processor.py:161} INFO - Processing /home/airflow/.local/lib/python3.7/site-packages/airflow/example_dags/tutorial.py took 0.204 seconds
[2022-10-29 00:12:29,006] {processor.py:153} INFO - Started process (PID=10389) to work on /home/airflow/.local/lib/python3.7/site-packages/airflow/example_dags/tutorial.py
[2022-10-29 00:12:29,008] {processor.py:641} INFO - Processing file /home/airflow/.local/lib/python3.7/site-packages/airflow/example_dags/tutorial.py for tasks to queue
[2022-10-29 00:12:29,010] {logging_mixin.py:115} INFO - [2022-10-29 00:12:29,010] {dagbag.py:508} INFO - Filling up the DagBag from /home/airflow/.local/lib/python3.7/site-packages/airflow/example_dags/tutorial.py
[2022-10-29 00:12:29,024] {processor.py:651} INFO - DAG(s) dict_keys(['tutorial']) retrieved from /home/airflow/.local/lib/python3.7/site-packages/airflow/example_dags/tutorial.py
[2022-10-29 00:12:29,100] {logging_mixin.py:115} INFO - [2022-10-29 00:12:29,100] {dag.py:2420} INFO - Sync 1 DAGs
[2022-10-29 00:12:29,191] {logging_mixin.py:115} INFO - [2022-10-29 00:12:29,190] {dag.py:2972} INFO - Setting next_dagrun for tutorial to 2022-10-28T00:12:29.189971+00:00, run_after=2022-10-29T00:12:29.189971+00:00
[2022-10-29 00:12:29,239] {processor.py:161} INFO - Processing /home/airflow/.local/lib/python3.7/site-packages/airflow/example_dags/tutorial.py took 0.241 seconds
[2022-10-29 00:13:00,172] {processor.py:153} INFO - Started process (PID=10452) to work on /home/airflow/.local/lib/python3.7/site-packages/airflow/example_dags/tutorial.py
[2022-10-29 00:13:00,174] {processor.py:641} INFO - Processing file /home/airflow/.local/lib/python3.7/site-packages/airflow/example_dags/tutorial.py for tasks to queue
[2022-10-29 00:13:00,175] {logging_mixin.py:115} INFO - [2022-10-29 00:13:00,174] {dagbag.py:508} INFO - Filling up the DagBag from /home/airflow/.local/lib/python3.7/site-packages/airflow/example_dags/tutorial.py
[2022-10-29 00:13:00,185] {processor.py:651} INFO - DAG(s) dict_keys(['tutorial']) retrieved from /home/airflow/.local/lib/python3.7/site-packages/airflow/example_dags/tutorial.py
[2022-10-29 00:13:00,246] {logging_mixin.py:115} INFO - [2022-10-29 00:13:00,245] {dag.py:2420} INFO - Sync 1 DAGs
[2022-10-29 00:13:00,302] {logging_mixin.py:115} INFO - [2022-10-29 00:13:00,302] {dag.py:2972} INFO - Setting next_dagrun for tutorial to 2022-10-28T00:13:00.301901+00:00, run_after=2022-10-29T00:13:00.301901+00:00
[2022-10-29 00:13:00,335] {processor.py:161} INFO - Processing /home/airflow/.local/lib/python3.7/site-packages/airflow/example_dags/tutorial.py took 0.171 seconds
[2022-10-29 00:13:30,634] {processor.py:153} INFO - Started process (PID=10506) to work on /home/airflow/.local/lib/python3.7/site-packages/airflow/example_dags/tutorial.py
[2022-10-29 00:13:30,635] {processor.py:641} INFO - Processing file /home/airflow/.local/lib/python3.7/site-packages/airflow/example_dags/tutorial.py for tasks to queue
[2022-10-29 00:13:30,636] {logging_mixin.py:115} INFO - [2022-10-29 00:13:30,636] {dagbag.py:508} INFO - Filling up the DagBag from /home/airflow/.local/lib/python3.7/site-packages/airflow/example_dags/tutorial.py
[2022-10-29 00:13:30,650] {processor.py:651} INFO - DAG(s) dict_keys(['tutorial']) retrieved from /home/airflow/.local/lib/python3.7/site-packages/airflow/example_dags/tutorial.py
[2022-10-29 00:13:30,707] {logging_mixin.py:115} INFO - [2022-10-29 00:13:30,706] {dag.py:2420} INFO - Sync 1 DAGs
[2022-10-29 00:13:30,776] {logging_mixin.py:115} INFO - [2022-10-29 00:13:30,776] {dag.py:2972} INFO - Setting next_dagrun for tutorial to 2022-10-28T00:13:30.775498+00:00, run_after=2022-10-29T00:13:30.775498+00:00
[2022-10-29 00:13:30,811] {processor.py:161} INFO - Processing /home/airflow/.local/lib/python3.7/site-packages/airflow/example_dags/tutorial.py took 0.184 seconds
[2022-10-29 00:14:01,004] {processor.py:153} INFO - Started process (PID=10560) to work on /home/airflow/.local/lib/python3.7/site-packages/airflow/example_dags/tutorial.py
[2022-10-29 00:14:01,005] {processor.py:641} INFO - Processing file /home/airflow/.local/lib/python3.7/site-packages/airflow/example_dags/tutorial.py for tasks to queue
[2022-10-29 00:14:01,007] {logging_mixin.py:115} INFO - [2022-10-29 00:14:01,006] {dagbag.py:508} INFO - Filling up the DagBag from /home/airflow/.local/lib/python3.7/site-packages/airflow/example_dags/tutorial.py
[2022-10-29 00:14:01,017] {processor.py:651} INFO - DAG(s) dict_keys(['tutorial']) retrieved from /home/airflow/.local/lib/python3.7/site-packages/airflow/example_dags/tutorial.py
[2022-10-29 00:14:01,068] {logging_mixin.py:115} INFO - [2022-10-29 00:14:01,068] {dag.py:2420} INFO - Sync 1 DAGs
[2022-10-29 00:14:01,113] {logging_mixin.py:115} INFO - [2022-10-29 00:14:01,113] {dag.py:2972} INFO - Setting next_dagrun for tutorial to 2022-10-28T00:14:01.112608+00:00, run_after=2022-10-29T00:14:01.112608+00:00
[2022-10-29 00:14:01,148] {processor.py:161} INFO - Processing /home/airflow/.local/lib/python3.7/site-packages/airflow/example_dags/tutorial.py took 0.149 seconds
[2022-10-29 00:14:31,858] {processor.py:153} INFO - Started process (PID=10623) to work on /home/airflow/.local/lib/python3.7/site-packages/airflow/example_dags/tutorial.py
[2022-10-29 00:14:31,860] {processor.py:641} INFO - Processing file /home/airflow/.local/lib/python3.7/site-packages/airflow/example_dags/tutorial.py for tasks to queue
[2022-10-29 00:14:31,862] {logging_mixin.py:115} INFO - [2022-10-29 00:14:31,861] {dagbag.py:508} INFO - Filling up the DagBag from /home/airflow/.local/lib/python3.7/site-packages/airflow/example_dags/tutorial.py
[2022-10-29 00:14:31,880] {processor.py:651} INFO - DAG(s) dict_keys(['tutorial']) retrieved from /home/airflow/.local/lib/python3.7/site-packages/airflow/example_dags/tutorial.py
[2022-10-29 00:14:31,951] {logging_mixin.py:115} INFO - [2022-10-29 00:14:31,951] {dag.py:2420} INFO - Sync 1 DAGs
[2022-10-29 00:14:32,031] {logging_mixin.py:115} INFO - [2022-10-29 00:14:32,031] {dag.py:2972} INFO - Setting next_dagrun for tutorial to 2022-10-28T00:14:32.030597+00:00, run_after=2022-10-29T00:14:32.030597+00:00
[2022-10-29 00:14:32,083] {processor.py:161} INFO - Processing /home/airflow/.local/lib/python3.7/site-packages/airflow/example_dags/tutorial.py took 0.232 seconds
[2022-10-29 00:15:02,930] {processor.py:153} INFO - Started process (PID=10677) to work on /home/airflow/.local/lib/python3.7/site-packages/airflow/example_dags/tutorial.py
[2022-10-29 00:15:02,931] {processor.py:641} INFO - Processing file /home/airflow/.local/lib/python3.7/site-packages/airflow/example_dags/tutorial.py for tasks to queue
[2022-10-29 00:15:02,932] {logging_mixin.py:115} INFO - [2022-10-29 00:15:02,932] {dagbag.py:508} INFO - Filling up the DagBag from /home/airflow/.local/lib/python3.7/site-packages/airflow/example_dags/tutorial.py
[2022-10-29 00:15:02,944] {processor.py:651} INFO - DAG(s) dict_keys(['tutorial']) retrieved from /home/airflow/.local/lib/python3.7/site-packages/airflow/example_dags/tutorial.py
[2022-10-29 00:15:02,998] {logging_mixin.py:115} INFO - [2022-10-29 00:15:02,997] {dag.py:2420} INFO - Sync 1 DAGs
[2022-10-29 00:15:03,051] {logging_mixin.py:115} INFO - [2022-10-29 00:15:03,050] {dag.py:2972} INFO - Setting next_dagrun for tutorial to 2022-10-28T00:15:03.050405+00:00, run_after=2022-10-29T00:15:03.050405+00:00
[2022-10-29 00:15:03,086] {processor.py:161} INFO - Processing /home/airflow/.local/lib/python3.7/site-packages/airflow/example_dags/tutorial.py took 0.161 seconds
[2022-10-29 00:15:33,517] {processor.py:153} INFO - Started process (PID=10731) to work on /home/airflow/.local/lib/python3.7/site-packages/airflow/example_dags/tutorial.py
[2022-10-29 00:15:33,519] {processor.py:641} INFO - Processing file /home/airflow/.local/lib/python3.7/site-packages/airflow/example_dags/tutorial.py for tasks to queue
[2022-10-29 00:15:33,521] {logging_mixin.py:115} INFO - [2022-10-29 00:15:33,520] {dagbag.py:508} INFO - Filling up the DagBag from /home/airflow/.local/lib/python3.7/site-packages/airflow/example_dags/tutorial.py
[2022-10-29 00:15:33,530] {processor.py:651} INFO - DAG(s) dict_keys(['tutorial']) retrieved from /home/airflow/.local/lib/python3.7/site-packages/airflow/example_dags/tutorial.py
[2022-10-29 00:15:33,600] {logging_mixin.py:115} INFO - [2022-10-29 00:15:33,600] {dag.py:2420} INFO - Sync 1 DAGs
[2022-10-29 00:15:33,667] {logging_mixin.py:115} INFO - [2022-10-29 00:15:33,666] {dag.py:2972} INFO - Setting next_dagrun for tutorial to 2022-10-28T00:15:33.666111+00:00, run_after=2022-10-29T00:15:33.666111+00:00
[2022-10-29 00:15:33,704] {processor.py:161} INFO - Processing /home/airflow/.local/lib/python3.7/site-packages/airflow/example_dags/tutorial.py took 0.192 seconds
[2022-10-29 00:16:04,448] {processor.py:153} INFO - Started process (PID=10794) to work on /home/airflow/.local/lib/python3.7/site-packages/airflow/example_dags/tutorial.py
[2022-10-29 00:16:04,449] {processor.py:641} INFO - Processing file /home/airflow/.local/lib/python3.7/site-packages/airflow/example_dags/tutorial.py for tasks to queue
[2022-10-29 00:16:04,450] {logging_mixin.py:115} INFO - [2022-10-29 00:16:04,450] {dagbag.py:508} INFO - Filling up the DagBag from /home/airflow/.local/lib/python3.7/site-packages/airflow/example_dags/tutorial.py
[2022-10-29 00:16:04,459] {processor.py:651} INFO - DAG(s) dict_keys(['tutorial']) retrieved from /home/airflow/.local/lib/python3.7/site-packages/airflow/example_dags/tutorial.py
[2022-10-29 00:16:04,519] {logging_mixin.py:115} INFO - [2022-10-29 00:16:04,519] {dag.py:2420} INFO - Sync 1 DAGs
[2022-10-29 00:16:04,584] {logging_mixin.py:115} INFO - [2022-10-29 00:16:04,583] {dag.py:2972} INFO - Setting next_dagrun for tutorial to 2022-10-28T00:16:04.583365+00:00, run_after=2022-10-29T00:16:04.583365+00:00
[2022-10-29 00:16:04,621] {processor.py:161} INFO - Processing /home/airflow/.local/lib/python3.7/site-packages/airflow/example_dags/tutorial.py took 0.179 seconds
[2022-10-29 00:16:34,897] {processor.py:153} INFO - Started process (PID=10848) to work on /home/airflow/.local/lib/python3.7/site-packages/airflow/example_dags/tutorial.py
[2022-10-29 00:16:34,898] {processor.py:641} INFO - Processing file /home/airflow/.local/lib/python3.7/site-packages/airflow/example_dags/tutorial.py for tasks to queue
[2022-10-29 00:16:34,899] {logging_mixin.py:115} INFO - [2022-10-29 00:16:34,899] {dagbag.py:508} INFO - Filling up the DagBag from /home/airflow/.local/lib/python3.7/site-packages/airflow/example_dags/tutorial.py
[2022-10-29 00:16:34,907] {processor.py:651} INFO - DAG(s) dict_keys(['tutorial']) retrieved from /home/airflow/.local/lib/python3.7/site-packages/airflow/example_dags/tutorial.py
[2022-10-29 00:16:34,950] {logging_mixin.py:115} INFO - [2022-10-29 00:16:34,950] {dag.py:2420} INFO - Sync 1 DAGs
[2022-10-29 00:16:34,993] {logging_mixin.py:115} INFO - [2022-10-29 00:16:34,993] {dag.py:2972} INFO - Setting next_dagrun for tutorial to 2022-10-28T00:16:34.993119+00:00, run_after=2022-10-29T00:16:34.993119+00:00
[2022-10-29 00:16:35,017] {processor.py:161} INFO - Processing /home/airflow/.local/lib/python3.7/site-packages/airflow/example_dags/tutorial.py took 0.124 seconds
[2022-10-29 00:17:05,552] {processor.py:153} INFO - Started process (PID=10902) to work on /home/airflow/.local/lib/python3.7/site-packages/airflow/example_dags/tutorial.py
[2022-10-29 00:17:05,552] {processor.py:641} INFO - Processing file /home/airflow/.local/lib/python3.7/site-packages/airflow/example_dags/tutorial.py for tasks to queue
[2022-10-29 00:17:05,553] {logging_mixin.py:115} INFO - [2022-10-29 00:17:05,553] {dagbag.py:508} INFO - Filling up the DagBag from /home/airflow/.local/lib/python3.7/site-packages/airflow/example_dags/tutorial.py
[2022-10-29 00:17:05,569] {processor.py:651} INFO - DAG(s) dict_keys(['tutorial']) retrieved from /home/airflow/.local/lib/python3.7/site-packages/airflow/example_dags/tutorial.py
[2022-10-29 00:17:05,636] {logging_mixin.py:115} INFO - [2022-10-29 00:17:05,635] {dag.py:2420} INFO - Sync 1 DAGs
[2022-10-29 00:17:05,693] {logging_mixin.py:115} INFO - [2022-10-29 00:17:05,693] {dag.py:2972} INFO - Setting next_dagrun for tutorial to 2022-10-28T00:17:05.693329+00:00, run_after=2022-10-29T00:17:05.693329+00:00
[2022-10-29 00:17:05,722] {processor.py:161} INFO - Processing /home/airflow/.local/lib/python3.7/site-packages/airflow/example_dags/tutorial.py took 0.176 seconds
[2022-10-29 00:17:36,218] {processor.py:153} INFO - Started process (PID=10965) to work on /home/airflow/.local/lib/python3.7/site-packages/airflow/example_dags/tutorial.py
[2022-10-29 00:17:36,220] {processor.py:641} INFO - Processing file /home/airflow/.local/lib/python3.7/site-packages/airflow/example_dags/tutorial.py for tasks to queue
[2022-10-29 00:17:36,221] {logging_mixin.py:115} INFO - [2022-10-29 00:17:36,221] {dagbag.py:508} INFO - Filling up the DagBag from /home/airflow/.local/lib/python3.7/site-packages/airflow/example_dags/tutorial.py
[2022-10-29 00:17:36,234] {processor.py:651} INFO - DAG(s) dict_keys(['tutorial']) retrieved from /home/airflow/.local/lib/python3.7/site-packages/airflow/example_dags/tutorial.py
[2022-10-29 00:17:36,291] {logging_mixin.py:115} INFO - [2022-10-29 00:17:36,290] {dag.py:2420} INFO - Sync 1 DAGs
[2022-10-29 00:17:36,364] {logging_mixin.py:115} INFO - [2022-10-29 00:17:36,363] {dag.py:2972} INFO - Setting next_dagrun for tutorial to 2022-10-28T00:17:36.363223+00:00, run_after=2022-10-29T00:17:36.363223+00:00
[2022-10-29 00:17:36,400] {processor.py:161} INFO - Processing /home/airflow/.local/lib/python3.7/site-packages/airflow/example_dags/tutorial.py took 0.187 seconds
[2022-10-29 00:18:06,650] {processor.py:153} INFO - Started process (PID=11019) to work on /home/airflow/.local/lib/python3.7/site-packages/airflow/example_dags/tutorial.py
[2022-10-29 00:18:06,651] {processor.py:641} INFO - Processing file /home/airflow/.local/lib/python3.7/site-packages/airflow/example_dags/tutorial.py for tasks to queue
[2022-10-29 00:18:06,652] {logging_mixin.py:115} INFO - [2022-10-29 00:18:06,652] {dagbag.py:508} INFO - Filling up the DagBag from /home/airflow/.local/lib/python3.7/site-packages/airflow/example_dags/tutorial.py
[2022-10-29 00:18:06,660] {processor.py:651} INFO - DAG(s) dict_keys(['tutorial']) retrieved from /home/airflow/.local/lib/python3.7/site-packages/airflow/example_dags/tutorial.py
[2022-10-29 00:18:06,704] {logging_mixin.py:115} INFO - [2022-10-29 00:18:06,704] {dag.py:2420} INFO - Sync 1 DAGs
[2022-10-29 00:18:06,755] {logging_mixin.py:115} INFO - [2022-10-29 00:18:06,755] {dag.py:2972} INFO - Setting next_dagrun for tutorial to 2022-10-28T00:18:06.754740+00:00, run_after=2022-10-29T00:18:06.754740+00:00
[2022-10-29 00:18:06,783] {processor.py:161} INFO - Processing /home/airflow/.local/lib/python3.7/site-packages/airflow/example_dags/tutorial.py took 0.138 seconds
