[2022-12-12 20:29:05,648] {processor.py:153} INFO - Started process (PID=6553) to work on /home/airflow/.local/lib/python3.7/site-packages/airflow/example_dags/example_branch_labels.py
[2022-12-12 20:29:05,657] {processor.py:641} INFO - Processing file /home/airflow/.local/lib/python3.7/site-packages/airflow/example_dags/example_branch_labels.py for tasks to queue
[2022-12-12 20:29:05,659] {logging_mixin.py:115} INFO - [2022-12-12 20:29:05,659] {dagbag.py:508} INFO - Filling up the DagBag from /home/airflow/.local/lib/python3.7/site-packages/airflow/example_dags/example_branch_labels.py
[2022-12-12 20:29:05,701] {processor.py:651} INFO - DAG(s) dict_keys(['example_branch_labels']) retrieved from /home/airflow/.local/lib/python3.7/site-packages/airflow/example_dags/example_branch_labels.py
[2022-12-12 20:29:05,831] {logging_mixin.py:115} INFO - [2022-12-12 20:29:05,831] {dag.py:2420} INFO - Sync 1 DAGs
[2022-12-12 20:29:06,020] {logging_mixin.py:115} INFO - [2022-12-12 20:29:06,020] {dag.py:2972} INFO - Setting next_dagrun for example_branch_labels to 2022-12-11T00:00:00+00:00, run_after=2022-12-12T00:00:00+00:00
[2022-12-12 20:29:06,074] {processor.py:161} INFO - Processing /home/airflow/.local/lib/python3.7/site-packages/airflow/example_dags/example_branch_labels.py took 0.442 seconds
[2022-12-12 20:29:38,173] {processor.py:153} INFO - Started process (PID=6608) to work on /home/airflow/.local/lib/python3.7/site-packages/airflow/example_dags/example_branch_labels.py
[2022-12-12 20:29:38,174] {processor.py:641} INFO - Processing file /home/airflow/.local/lib/python3.7/site-packages/airflow/example_dags/example_branch_labels.py for tasks to queue
[2022-12-12 20:29:38,175] {logging_mixin.py:115} INFO - [2022-12-12 20:29:38,175] {dagbag.py:508} INFO - Filling up the DagBag from /home/airflow/.local/lib/python3.7/site-packages/airflow/example_dags/example_branch_labels.py
[2022-12-12 20:29:38,185] {processor.py:651} INFO - DAG(s) dict_keys(['example_branch_labels']) retrieved from /home/airflow/.local/lib/python3.7/site-packages/airflow/example_dags/example_branch_labels.py
[2022-12-12 20:29:38,229] {logging_mixin.py:115} INFO - [2022-12-12 20:29:38,229] {dag.py:2420} INFO - Sync 1 DAGs
[2022-12-12 20:29:38,267] {logging_mixin.py:115} INFO - [2022-12-12 20:29:38,267] {dag.py:2972} INFO - Setting next_dagrun for example_branch_labels to 2022-12-11T00:00:00+00:00, run_after=2022-12-12T00:00:00+00:00
[2022-12-12 20:29:38,288] {processor.py:161} INFO - Processing /home/airflow/.local/lib/python3.7/site-packages/airflow/example_dags/example_branch_labels.py took 0.120 seconds
[2022-12-12 20:30:08,681] {processor.py:153} INFO - Started process (PID=6662) to work on /home/airflow/.local/lib/python3.7/site-packages/airflow/example_dags/example_branch_labels.py
[2022-12-12 20:30:08,682] {processor.py:641} INFO - Processing file /home/airflow/.local/lib/python3.7/site-packages/airflow/example_dags/example_branch_labels.py for tasks to queue
[2022-12-12 20:30:08,684] {logging_mixin.py:115} INFO - [2022-12-12 20:30:08,683] {dagbag.py:508} INFO - Filling up the DagBag from /home/airflow/.local/lib/python3.7/site-packages/airflow/example_dags/example_branch_labels.py
[2022-12-12 20:30:08,702] {processor.py:651} INFO - DAG(s) dict_keys(['example_branch_labels']) retrieved from /home/airflow/.local/lib/python3.7/site-packages/airflow/example_dags/example_branch_labels.py
[2022-12-12 20:30:08,763] {logging_mixin.py:115} INFO - [2022-12-12 20:30:08,763] {dag.py:2420} INFO - Sync 1 DAGs
[2022-12-12 20:30:08,815] {logging_mixin.py:115} INFO - [2022-12-12 20:30:08,815] {dag.py:2972} INFO - Setting next_dagrun for example_branch_labels to 2022-12-11T00:00:00+00:00, run_after=2022-12-12T00:00:00+00:00
[2022-12-12 20:30:08,839] {processor.py:161} INFO - Processing /home/airflow/.local/lib/python3.7/site-packages/airflow/example_dags/example_branch_labels.py took 0.165 seconds
[2022-12-12 20:30:39,785] {processor.py:153} INFO - Started process (PID=6716) to work on /home/airflow/.local/lib/python3.7/site-packages/airflow/example_dags/example_branch_labels.py
[2022-12-12 20:30:39,786] {processor.py:641} INFO - Processing file /home/airflow/.local/lib/python3.7/site-packages/airflow/example_dags/example_branch_labels.py for tasks to queue
[2022-12-12 20:30:39,787] {logging_mixin.py:115} INFO - [2022-12-12 20:30:39,787] {dagbag.py:508} INFO - Filling up the DagBag from /home/airflow/.local/lib/python3.7/site-packages/airflow/example_dags/example_branch_labels.py
[2022-12-12 20:30:39,797] {processor.py:651} INFO - DAG(s) dict_keys(['example_branch_labels']) retrieved from /home/airflow/.local/lib/python3.7/site-packages/airflow/example_dags/example_branch_labels.py
[2022-12-12 20:30:39,840] {logging_mixin.py:115} INFO - [2022-12-12 20:30:39,839] {dag.py:2420} INFO - Sync 1 DAGs
[2022-12-12 20:30:39,884] {logging_mixin.py:115} INFO - [2022-12-12 20:30:39,884] {dag.py:2972} INFO - Setting next_dagrun for example_branch_labels to 2022-12-11T00:00:00+00:00, run_after=2022-12-12T00:00:00+00:00
[2022-12-12 20:30:39,907] {processor.py:161} INFO - Processing /home/airflow/.local/lib/python3.7/site-packages/airflow/example_dags/example_branch_labels.py took 0.127 seconds
[2022-12-12 23:25:16,639] {processor.py:153} INFO - Started process (PID=6769) to work on /home/airflow/.local/lib/python3.7/site-packages/airflow/example_dags/example_branch_labels.py
[2022-12-12 23:25:16,640] {processor.py:641} INFO - Processing file /home/airflow/.local/lib/python3.7/site-packages/airflow/example_dags/example_branch_labels.py for tasks to queue
[2022-12-12 23:25:16,641] {logging_mixin.py:115} INFO - [2022-12-12 23:25:16,641] {dagbag.py:508} INFO - Filling up the DagBag from /home/airflow/.local/lib/python3.7/site-packages/airflow/example_dags/example_branch_labels.py
[2022-12-12 23:25:16,653] {processor.py:651} INFO - DAG(s) dict_keys(['example_branch_labels']) retrieved from /home/airflow/.local/lib/python3.7/site-packages/airflow/example_dags/example_branch_labels.py
[2022-12-12 23:25:16,717] {logging_mixin.py:115} INFO - [2022-12-12 23:25:16,716] {dag.py:2420} INFO - Sync 1 DAGs
[2022-12-12 23:25:16,793] {logging_mixin.py:115} INFO - [2022-12-12 23:25:16,792] {dag.py:2972} INFO - Setting next_dagrun for example_branch_labels to 2022-12-11T00:00:00+00:00, run_after=2022-12-12T00:00:00+00:00
[2022-12-12 23:25:16,834] {processor.py:161} INFO - Processing /home/airflow/.local/lib/python3.7/site-packages/airflow/example_dags/example_branch_labels.py took 0.203 seconds
[2022-12-12 23:25:47,606] {processor.py:153} INFO - Started process (PID=6823) to work on /home/airflow/.local/lib/python3.7/site-packages/airflow/example_dags/example_branch_labels.py
[2022-12-12 23:25:47,607] {processor.py:641} INFO - Processing file /home/airflow/.local/lib/python3.7/site-packages/airflow/example_dags/example_branch_labels.py for tasks to queue
[2022-12-12 23:25:47,608] {logging_mixin.py:115} INFO - [2022-12-12 23:25:47,608] {dagbag.py:508} INFO - Filling up the DagBag from /home/airflow/.local/lib/python3.7/site-packages/airflow/example_dags/example_branch_labels.py
[2022-12-12 23:25:47,619] {processor.py:651} INFO - DAG(s) dict_keys(['example_branch_labels']) retrieved from /home/airflow/.local/lib/python3.7/site-packages/airflow/example_dags/example_branch_labels.py
[2022-12-12 23:25:47,660] {logging_mixin.py:115} INFO - [2022-12-12 23:25:47,660] {dag.py:2420} INFO - Sync 1 DAGs
[2022-12-12 23:25:47,707] {logging_mixin.py:115} INFO - [2022-12-12 23:25:47,707] {dag.py:2972} INFO - Setting next_dagrun for example_branch_labels to 2022-12-11T00:00:00+00:00, run_after=2022-12-12T00:00:00+00:00
[2022-12-12 23:25:47,730] {processor.py:161} INFO - Processing /home/airflow/.local/lib/python3.7/site-packages/airflow/example_dags/example_branch_labels.py took 0.129 seconds
[2022-12-12 23:26:17,853] {processor.py:153} INFO - Started process (PID=6886) to work on /home/airflow/.local/lib/python3.7/site-packages/airflow/example_dags/example_branch_labels.py
[2022-12-12 23:26:17,854] {processor.py:641} INFO - Processing file /home/airflow/.local/lib/python3.7/site-packages/airflow/example_dags/example_branch_labels.py for tasks to queue
[2022-12-12 23:26:17,854] {logging_mixin.py:115} INFO - [2022-12-12 23:26:17,854] {dagbag.py:508} INFO - Filling up the DagBag from /home/airflow/.local/lib/python3.7/site-packages/airflow/example_dags/example_branch_labels.py
[2022-12-12 23:26:17,861] {processor.py:651} INFO - DAG(s) dict_keys(['example_branch_labels']) retrieved from /home/airflow/.local/lib/python3.7/site-packages/airflow/example_dags/example_branch_labels.py
[2022-12-12 23:26:17,888] {logging_mixin.py:115} INFO - [2022-12-12 23:26:17,888] {dag.py:2420} INFO - Sync 1 DAGs
[2022-12-12 23:26:17,920] {logging_mixin.py:115} INFO - [2022-12-12 23:26:17,920] {dag.py:2972} INFO - Setting next_dagrun for example_branch_labels to 2022-12-11T00:00:00+00:00, run_after=2022-12-12T00:00:00+00:00
[2022-12-12 23:26:17,935] {processor.py:161} INFO - Processing /home/airflow/.local/lib/python3.7/site-packages/airflow/example_dags/example_branch_labels.py took 0.085 seconds
[2022-12-12 23:26:48,731] {processor.py:153} INFO - Started process (PID=6940) to work on /home/airflow/.local/lib/python3.7/site-packages/airflow/example_dags/example_branch_labels.py
[2022-12-12 23:26:48,731] {processor.py:641} INFO - Processing file /home/airflow/.local/lib/python3.7/site-packages/airflow/example_dags/example_branch_labels.py for tasks to queue
[2022-12-12 23:26:48,732] {logging_mixin.py:115} INFO - [2022-12-12 23:26:48,732] {dagbag.py:508} INFO - Filling up the DagBag from /home/airflow/.local/lib/python3.7/site-packages/airflow/example_dags/example_branch_labels.py
[2022-12-12 23:26:48,740] {processor.py:651} INFO - DAG(s) dict_keys(['example_branch_labels']) retrieved from /home/airflow/.local/lib/python3.7/site-packages/airflow/example_dags/example_branch_labels.py
[2022-12-12 23:26:48,769] {logging_mixin.py:115} INFO - [2022-12-12 23:26:48,769] {dag.py:2420} INFO - Sync 1 DAGs
[2022-12-12 23:26:48,806] {logging_mixin.py:115} INFO - [2022-12-12 23:26:48,806] {dag.py:2972} INFO - Setting next_dagrun for example_branch_labels to 2022-12-11T00:00:00+00:00, run_after=2022-12-12T00:00:00+00:00
[2022-12-12 23:26:48,825] {processor.py:161} INFO - Processing /home/airflow/.local/lib/python3.7/site-packages/airflow/example_dags/example_branch_labels.py took 0.097 seconds
[2022-12-12 23:27:19,183] {processor.py:153} INFO - Started process (PID=7002) to work on /home/airflow/.local/lib/python3.7/site-packages/airflow/example_dags/example_branch_labels.py
[2022-12-12 23:27:19,183] {processor.py:641} INFO - Processing file /home/airflow/.local/lib/python3.7/site-packages/airflow/example_dags/example_branch_labels.py for tasks to queue
[2022-12-12 23:27:19,183] {logging_mixin.py:115} INFO - [2022-12-12 23:27:19,183] {dagbag.py:508} INFO - Filling up the DagBag from /home/airflow/.local/lib/python3.7/site-packages/airflow/example_dags/example_branch_labels.py
[2022-12-12 23:27:19,189] {processor.py:651} INFO - DAG(s) dict_keys(['example_branch_labels']) retrieved from /home/airflow/.local/lib/python3.7/site-packages/airflow/example_dags/example_branch_labels.py
[2022-12-12 23:27:19,214] {logging_mixin.py:115} INFO - [2022-12-12 23:27:19,214] {dag.py:2420} INFO - Sync 1 DAGs
[2022-12-12 23:27:19,241] {logging_mixin.py:115} INFO - [2022-12-12 23:27:19,241] {dag.py:2972} INFO - Setting next_dagrun for example_branch_labels to 2022-12-11T00:00:00+00:00, run_after=2022-12-12T00:00:00+00:00
[2022-12-12 23:27:19,254] {processor.py:161} INFO - Processing /home/airflow/.local/lib/python3.7/site-packages/airflow/example_dags/example_branch_labels.py took 0.074 seconds
[2022-12-12 23:27:49,674] {processor.py:153} INFO - Started process (PID=7063) to work on /home/airflow/.local/lib/python3.7/site-packages/airflow/example_dags/example_branch_labels.py
[2022-12-12 23:27:49,675] {processor.py:641} INFO - Processing file /home/airflow/.local/lib/python3.7/site-packages/airflow/example_dags/example_branch_labels.py for tasks to queue
[2022-12-12 23:27:49,675] {logging_mixin.py:115} INFO - [2022-12-12 23:27:49,675] {dagbag.py:508} INFO - Filling up the DagBag from /home/airflow/.local/lib/python3.7/site-packages/airflow/example_dags/example_branch_labels.py
[2022-12-12 23:27:49,683] {processor.py:651} INFO - DAG(s) dict_keys(['example_branch_labels']) retrieved from /home/airflow/.local/lib/python3.7/site-packages/airflow/example_dags/example_branch_labels.py
[2022-12-12 23:27:49,732] {logging_mixin.py:115} INFO - [2022-12-12 23:27:49,732] {dag.py:2420} INFO - Sync 1 DAGs
[2022-12-12 23:27:49,768] {logging_mixin.py:115} INFO - [2022-12-12 23:27:49,768] {dag.py:2972} INFO - Setting next_dagrun for example_branch_labels to 2022-12-11T00:00:00+00:00, run_after=2022-12-12T00:00:00+00:00
[2022-12-12 23:27:49,783] {processor.py:161} INFO - Processing /home/airflow/.local/lib/python3.7/site-packages/airflow/example_dags/example_branch_labels.py took 0.113 seconds
[2022-12-12 23:28:20,192] {processor.py:153} INFO - Started process (PID=7120) to work on /home/airflow/.local/lib/python3.7/site-packages/airflow/example_dags/example_branch_labels.py
[2022-12-12 23:28:20,193] {processor.py:641} INFO - Processing file /home/airflow/.local/lib/python3.7/site-packages/airflow/example_dags/example_branch_labels.py for tasks to queue
[2022-12-12 23:28:20,193] {logging_mixin.py:115} INFO - [2022-12-12 23:28:20,193] {dagbag.py:508} INFO - Filling up the DagBag from /home/airflow/.local/lib/python3.7/site-packages/airflow/example_dags/example_branch_labels.py
[2022-12-12 23:28:20,200] {processor.py:651} INFO - DAG(s) dict_keys(['example_branch_labels']) retrieved from /home/airflow/.local/lib/python3.7/site-packages/airflow/example_dags/example_branch_labels.py
[2022-12-12 23:28:20,233] {logging_mixin.py:115} INFO - [2022-12-12 23:28:20,233] {dag.py:2420} INFO - Sync 1 DAGs
[2022-12-12 23:28:20,267] {logging_mixin.py:115} INFO - [2022-12-12 23:28:20,267] {dag.py:2972} INFO - Setting next_dagrun for example_branch_labels to 2022-12-11T00:00:00+00:00, run_after=2022-12-12T00:00:00+00:00
[2022-12-12 23:28:20,282] {processor.py:161} INFO - Processing /home/airflow/.local/lib/python3.7/site-packages/airflow/example_dags/example_branch_labels.py took 0.093 seconds
[2022-12-12 23:28:50,802] {processor.py:153} INFO - Started process (PID=7183) to work on /home/airflow/.local/lib/python3.7/site-packages/airflow/example_dags/example_branch_labels.py
[2022-12-12 23:28:50,802] {processor.py:641} INFO - Processing file /home/airflow/.local/lib/python3.7/site-packages/airflow/example_dags/example_branch_labels.py for tasks to queue
[2022-12-12 23:28:50,803] {logging_mixin.py:115} INFO - [2022-12-12 23:28:50,803] {dagbag.py:508} INFO - Filling up the DagBag from /home/airflow/.local/lib/python3.7/site-packages/airflow/example_dags/example_branch_labels.py
[2022-12-12 23:28:50,811] {processor.py:651} INFO - DAG(s) dict_keys(['example_branch_labels']) retrieved from /home/airflow/.local/lib/python3.7/site-packages/airflow/example_dags/example_branch_labels.py
[2022-12-12 23:28:50,844] {logging_mixin.py:115} INFO - [2022-12-12 23:28:50,844] {dag.py:2420} INFO - Sync 1 DAGs
[2022-12-12 23:28:50,877] {logging_mixin.py:115} INFO - [2022-12-12 23:28:50,876] {dag.py:2972} INFO - Setting next_dagrun for example_branch_labels to 2022-12-11T00:00:00+00:00, run_after=2022-12-12T00:00:00+00:00
[2022-12-12 23:28:50,891] {processor.py:161} INFO - Processing /home/airflow/.local/lib/python3.7/site-packages/airflow/example_dags/example_branch_labels.py took 0.093 seconds
[2022-12-12 23:29:21,186] {processor.py:153} INFO - Started process (PID=7236) to work on /home/airflow/.local/lib/python3.7/site-packages/airflow/example_dags/example_branch_labels.py
[2022-12-12 23:29:21,187] {processor.py:641} INFO - Processing file /home/airflow/.local/lib/python3.7/site-packages/airflow/example_dags/example_branch_labels.py for tasks to queue
[2022-12-12 23:29:21,188] {logging_mixin.py:115} INFO - [2022-12-12 23:29:21,187] {dagbag.py:508} INFO - Filling up the DagBag from /home/airflow/.local/lib/python3.7/site-packages/airflow/example_dags/example_branch_labels.py
[2022-12-12 23:29:21,195] {processor.py:651} INFO - DAG(s) dict_keys(['example_branch_labels']) retrieved from /home/airflow/.local/lib/python3.7/site-packages/airflow/example_dags/example_branch_labels.py
[2022-12-12 23:29:21,222] {logging_mixin.py:115} INFO - [2022-12-12 23:29:21,222] {dag.py:2420} INFO - Sync 1 DAGs
[2022-12-12 23:29:21,250] {logging_mixin.py:115} INFO - [2022-12-12 23:29:21,250] {dag.py:2972} INFO - Setting next_dagrun for example_branch_labels to 2022-12-11T00:00:00+00:00, run_after=2022-12-12T00:00:00+00:00
[2022-12-12 23:29:21,264] {processor.py:161} INFO - Processing /home/airflow/.local/lib/python3.7/site-packages/airflow/example_dags/example_branch_labels.py took 0.080 seconds
[2022-12-12 23:29:51,686] {processor.py:153} INFO - Started process (PID=7299) to work on /home/airflow/.local/lib/python3.7/site-packages/airflow/example_dags/example_branch_labels.py
[2022-12-12 23:29:51,687] {processor.py:641} INFO - Processing file /home/airflow/.local/lib/python3.7/site-packages/airflow/example_dags/example_branch_labels.py for tasks to queue
[2022-12-12 23:29:51,687] {logging_mixin.py:115} INFO - [2022-12-12 23:29:51,687] {dagbag.py:508} INFO - Filling up the DagBag from /home/airflow/.local/lib/python3.7/site-packages/airflow/example_dags/example_branch_labels.py
[2022-12-12 23:29:51,694] {processor.py:651} INFO - DAG(s) dict_keys(['example_branch_labels']) retrieved from /home/airflow/.local/lib/python3.7/site-packages/airflow/example_dags/example_branch_labels.py
[2022-12-12 23:29:51,722] {logging_mixin.py:115} INFO - [2022-12-12 23:29:51,722] {dag.py:2420} INFO - Sync 1 DAGs
[2022-12-12 23:29:51,752] {logging_mixin.py:115} INFO - [2022-12-12 23:29:51,752] {dag.py:2972} INFO - Setting next_dagrun for example_branch_labels to 2022-12-11T00:00:00+00:00, run_after=2022-12-12T00:00:00+00:00
[2022-12-12 23:29:51,764] {processor.py:161} INFO - Processing /home/airflow/.local/lib/python3.7/site-packages/airflow/example_dags/example_branch_labels.py took 0.081 seconds
[2022-12-12 23:30:22,255] {processor.py:153} INFO - Started process (PID=7362) to work on /home/airflow/.local/lib/python3.7/site-packages/airflow/example_dags/example_branch_labels.py
[2022-12-12 23:30:22,256] {processor.py:641} INFO - Processing file /home/airflow/.local/lib/python3.7/site-packages/airflow/example_dags/example_branch_labels.py for tasks to queue
[2022-12-12 23:30:22,256] {logging_mixin.py:115} INFO - [2022-12-12 23:30:22,256] {dagbag.py:508} INFO - Filling up the DagBag from /home/airflow/.local/lib/python3.7/site-packages/airflow/example_dags/example_branch_labels.py
[2022-12-12 23:30:22,263] {processor.py:651} INFO - DAG(s) dict_keys(['example_branch_labels']) retrieved from /home/airflow/.local/lib/python3.7/site-packages/airflow/example_dags/example_branch_labels.py
[2022-12-12 23:30:22,295] {logging_mixin.py:115} INFO - [2022-12-12 23:30:22,294] {dag.py:2420} INFO - Sync 1 DAGs
[2022-12-12 23:30:22,327] {logging_mixin.py:115} INFO - [2022-12-12 23:30:22,327] {dag.py:2972} INFO - Setting next_dagrun for example_branch_labels to 2022-12-11T00:00:00+00:00, run_after=2022-12-12T00:00:00+00:00
[2022-12-12 23:30:22,342] {processor.py:161} INFO - Processing /home/airflow/.local/lib/python3.7/site-packages/airflow/example_dags/example_branch_labels.py took 0.089 seconds
[2022-12-12 23:30:52,792] {processor.py:153} INFO - Started process (PID=7416) to work on /home/airflow/.local/lib/python3.7/site-packages/airflow/example_dags/example_branch_labels.py
[2022-12-12 23:30:52,793] {processor.py:641} INFO - Processing file /home/airflow/.local/lib/python3.7/site-packages/airflow/example_dags/example_branch_labels.py for tasks to queue
[2022-12-12 23:30:52,793] {logging_mixin.py:115} INFO - [2022-12-12 23:30:52,793] {dagbag.py:508} INFO - Filling up the DagBag from /home/airflow/.local/lib/python3.7/site-packages/airflow/example_dags/example_branch_labels.py
[2022-12-12 23:30:52,801] {processor.py:651} INFO - DAG(s) dict_keys(['example_branch_labels']) retrieved from /home/airflow/.local/lib/python3.7/site-packages/airflow/example_dags/example_branch_labels.py
[2022-12-12 23:30:52,830] {logging_mixin.py:115} INFO - [2022-12-12 23:30:52,830] {dag.py:2420} INFO - Sync 1 DAGs
[2022-12-12 23:30:52,865] {logging_mixin.py:115} INFO - [2022-12-12 23:30:52,865] {dag.py:2972} INFO - Setting next_dagrun for example_branch_labels to 2022-12-11T00:00:00+00:00, run_after=2022-12-12T00:00:00+00:00
[2022-12-12 23:30:52,880] {processor.py:161} INFO - Processing /home/airflow/.local/lib/python3.7/site-packages/airflow/example_dags/example_branch_labels.py took 0.091 seconds
[2022-12-12 23:31:23,242] {processor.py:153} INFO - Started process (PID=7480) to work on /home/airflow/.local/lib/python3.7/site-packages/airflow/example_dags/example_branch_labels.py
[2022-12-12 23:31:23,243] {processor.py:641} INFO - Processing file /home/airflow/.local/lib/python3.7/site-packages/airflow/example_dags/example_branch_labels.py for tasks to queue
[2022-12-12 23:31:23,243] {logging_mixin.py:115} INFO - [2022-12-12 23:31:23,243] {dagbag.py:508} INFO - Filling up the DagBag from /home/airflow/.local/lib/python3.7/site-packages/airflow/example_dags/example_branch_labels.py
[2022-12-12 23:31:23,250] {processor.py:651} INFO - DAG(s) dict_keys(['example_branch_labels']) retrieved from /home/airflow/.local/lib/python3.7/site-packages/airflow/example_dags/example_branch_labels.py
[2022-12-12 23:31:23,276] {logging_mixin.py:115} INFO - [2022-12-12 23:31:23,276] {dag.py:2420} INFO - Sync 1 DAGs
[2022-12-12 23:31:23,302] {logging_mixin.py:115} INFO - [2022-12-12 23:31:23,302] {dag.py:2972} INFO - Setting next_dagrun for example_branch_labels to 2022-12-11T00:00:00+00:00, run_after=2022-12-12T00:00:00+00:00
[2022-12-12 23:31:23,314] {processor.py:161} INFO - Processing /home/airflow/.local/lib/python3.7/site-packages/airflow/example_dags/example_branch_labels.py took 0.074 seconds
[2022-12-12 23:31:53,894] {processor.py:153} INFO - Started process (PID=7534) to work on /home/airflow/.local/lib/python3.7/site-packages/airflow/example_dags/example_branch_labels.py
[2022-12-12 23:31:53,895] {processor.py:641} INFO - Processing file /home/airflow/.local/lib/python3.7/site-packages/airflow/example_dags/example_branch_labels.py for tasks to queue
[2022-12-12 23:31:53,896] {logging_mixin.py:115} INFO - [2022-12-12 23:31:53,896] {dagbag.py:508} INFO - Filling up the DagBag from /home/airflow/.local/lib/python3.7/site-packages/airflow/example_dags/example_branch_labels.py
[2022-12-12 23:31:53,907] {processor.py:651} INFO - DAG(s) dict_keys(['example_branch_labels']) retrieved from /home/airflow/.local/lib/python3.7/site-packages/airflow/example_dags/example_branch_labels.py
[2022-12-12 23:31:53,942] {logging_mixin.py:115} INFO - [2022-12-12 23:31:53,942] {dag.py:2420} INFO - Sync 1 DAGs
[2022-12-12 23:31:53,974] {logging_mixin.py:115} INFO - [2022-12-12 23:31:53,974] {dag.py:2972} INFO - Setting next_dagrun for example_branch_labels to 2022-12-11T00:00:00+00:00, run_after=2022-12-12T00:00:00+00:00
[2022-12-12 23:31:53,989] {processor.py:161} INFO - Processing /home/airflow/.local/lib/python3.7/site-packages/airflow/example_dags/example_branch_labels.py took 0.098 seconds
[2022-12-12 23:32:24,424] {processor.py:153} INFO - Started process (PID=7597) to work on /home/airflow/.local/lib/python3.7/site-packages/airflow/example_dags/example_branch_labels.py
[2022-12-12 23:32:24,425] {processor.py:641} INFO - Processing file /home/airflow/.local/lib/python3.7/site-packages/airflow/example_dags/example_branch_labels.py for tasks to queue
[2022-12-12 23:32:24,425] {logging_mixin.py:115} INFO - [2022-12-12 23:32:24,425] {dagbag.py:508} INFO - Filling up the DagBag from /home/airflow/.local/lib/python3.7/site-packages/airflow/example_dags/example_branch_labels.py
[2022-12-12 23:32:24,434] {processor.py:651} INFO - DAG(s) dict_keys(['example_branch_labels']) retrieved from /home/airflow/.local/lib/python3.7/site-packages/airflow/example_dags/example_branch_labels.py
[2022-12-12 23:32:24,491] {logging_mixin.py:115} INFO - [2022-12-12 23:32:24,491] {dag.py:2420} INFO - Sync 1 DAGs
[2022-12-12 23:32:24,522] {logging_mixin.py:115} INFO - [2022-12-12 23:32:24,522] {dag.py:2972} INFO - Setting next_dagrun for example_branch_labels to 2022-12-11T00:00:00+00:00, run_after=2022-12-12T00:00:00+00:00
[2022-12-12 23:32:24,538] {processor.py:161} INFO - Processing /home/airflow/.local/lib/python3.7/site-packages/airflow/example_dags/example_branch_labels.py took 0.118 seconds
[2022-12-12 23:32:55,109] {processor.py:153} INFO - Started process (PID=7660) to work on /home/airflow/.local/lib/python3.7/site-packages/airflow/example_dags/example_branch_labels.py
[2022-12-12 23:32:55,110] {processor.py:641} INFO - Processing file /home/airflow/.local/lib/python3.7/site-packages/airflow/example_dags/example_branch_labels.py for tasks to queue
[2022-12-12 23:32:55,111] {logging_mixin.py:115} INFO - [2022-12-12 23:32:55,111] {dagbag.py:508} INFO - Filling up the DagBag from /home/airflow/.local/lib/python3.7/site-packages/airflow/example_dags/example_branch_labels.py
[2022-12-12 23:32:55,119] {processor.py:651} INFO - DAG(s) dict_keys(['example_branch_labels']) retrieved from /home/airflow/.local/lib/python3.7/site-packages/airflow/example_dags/example_branch_labels.py
[2022-12-12 23:32:55,150] {logging_mixin.py:115} INFO - [2022-12-12 23:32:55,150] {dag.py:2420} INFO - Sync 1 DAGs
[2022-12-12 23:32:55,177] {logging_mixin.py:115} INFO - [2022-12-12 23:32:55,177] {dag.py:2972} INFO - Setting next_dagrun for example_branch_labels to 2022-12-11T00:00:00+00:00, run_after=2022-12-12T00:00:00+00:00
[2022-12-12 23:32:55,189] {processor.py:161} INFO - Processing /home/airflow/.local/lib/python3.7/site-packages/airflow/example_dags/example_branch_labels.py took 0.083 seconds
[2022-12-12 23:33:25,516] {processor.py:153} INFO - Started process (PID=7714) to work on /home/airflow/.local/lib/python3.7/site-packages/airflow/example_dags/example_branch_labels.py
[2022-12-12 23:33:25,516] {processor.py:641} INFO - Processing file /home/airflow/.local/lib/python3.7/site-packages/airflow/example_dags/example_branch_labels.py for tasks to queue
[2022-12-12 23:33:25,517] {logging_mixin.py:115} INFO - [2022-12-12 23:33:25,517] {dagbag.py:508} INFO - Filling up the DagBag from /home/airflow/.local/lib/python3.7/site-packages/airflow/example_dags/example_branch_labels.py
[2022-12-12 23:33:25,524] {processor.py:651} INFO - DAG(s) dict_keys(['example_branch_labels']) retrieved from /home/airflow/.local/lib/python3.7/site-packages/airflow/example_dags/example_branch_labels.py
[2022-12-12 23:33:25,552] {logging_mixin.py:115} INFO - [2022-12-12 23:33:25,552] {dag.py:2420} INFO - Sync 1 DAGs
[2022-12-12 23:33:25,585] {logging_mixin.py:115} INFO - [2022-12-12 23:33:25,585] {dag.py:2972} INFO - Setting next_dagrun for example_branch_labels to 2022-12-11T00:00:00+00:00, run_after=2022-12-12T00:00:00+00:00
[2022-12-12 23:33:25,603] {processor.py:161} INFO - Processing /home/airflow/.local/lib/python3.7/site-packages/airflow/example_dags/example_branch_labels.py took 0.091 seconds
[2022-12-12 23:33:56,075] {processor.py:153} INFO - Started process (PID=7777) to work on /home/airflow/.local/lib/python3.7/site-packages/airflow/example_dags/example_branch_labels.py
[2022-12-12 23:33:56,076] {processor.py:641} INFO - Processing file /home/airflow/.local/lib/python3.7/site-packages/airflow/example_dags/example_branch_labels.py for tasks to queue
[2022-12-12 23:33:56,076] {logging_mixin.py:115} INFO - [2022-12-12 23:33:56,076] {dagbag.py:508} INFO - Filling up the DagBag from /home/airflow/.local/lib/python3.7/site-packages/airflow/example_dags/example_branch_labels.py
[2022-12-12 23:33:56,082] {processor.py:651} INFO - DAG(s) dict_keys(['example_branch_labels']) retrieved from /home/airflow/.local/lib/python3.7/site-packages/airflow/example_dags/example_branch_labels.py
[2022-12-12 23:33:56,108] {logging_mixin.py:115} INFO - [2022-12-12 23:33:56,108] {dag.py:2420} INFO - Sync 1 DAGs
[2022-12-12 23:33:56,134] {logging_mixin.py:115} INFO - [2022-12-12 23:33:56,134] {dag.py:2972} INFO - Setting next_dagrun for example_branch_labels to 2022-12-11T00:00:00+00:00, run_after=2022-12-12T00:00:00+00:00
[2022-12-12 23:33:56,146] {processor.py:161} INFO - Processing /home/airflow/.local/lib/python3.7/site-packages/airflow/example_dags/example_branch_labels.py took 0.073 seconds
[2022-12-12 23:34:26,621] {processor.py:153} INFO - Started process (PID=7841) to work on /home/airflow/.local/lib/python3.7/site-packages/airflow/example_dags/example_branch_labels.py
[2022-12-12 23:34:26,622] {processor.py:641} INFO - Processing file /home/airflow/.local/lib/python3.7/site-packages/airflow/example_dags/example_branch_labels.py for tasks to queue
[2022-12-12 23:34:26,623] {logging_mixin.py:115} INFO - [2022-12-12 23:34:26,623] {dagbag.py:508} INFO - Filling up the DagBag from /home/airflow/.local/lib/python3.7/site-packages/airflow/example_dags/example_branch_labels.py
[2022-12-12 23:34:26,632] {processor.py:651} INFO - DAG(s) dict_keys(['example_branch_labels']) retrieved from /home/airflow/.local/lib/python3.7/site-packages/airflow/example_dags/example_branch_labels.py
[2022-12-12 23:34:26,663] {logging_mixin.py:115} INFO - [2022-12-12 23:34:26,663] {dag.py:2420} INFO - Sync 1 DAGs
[2022-12-12 23:34:26,696] {logging_mixin.py:115} INFO - [2022-12-12 23:34:26,696] {dag.py:2972} INFO - Setting next_dagrun for example_branch_labels to 2022-12-11T00:00:00+00:00, run_after=2022-12-12T00:00:00+00:00
[2022-12-12 23:34:26,710] {processor.py:161} INFO - Processing /home/airflow/.local/lib/python3.7/site-packages/airflow/example_dags/example_branch_labels.py took 0.092 seconds
[2022-12-12 23:34:57,214] {processor.py:153} INFO - Started process (PID=7895) to work on /home/airflow/.local/lib/python3.7/site-packages/airflow/example_dags/example_branch_labels.py
[2022-12-12 23:34:57,214] {processor.py:641} INFO - Processing file /home/airflow/.local/lib/python3.7/site-packages/airflow/example_dags/example_branch_labels.py for tasks to queue
[2022-12-12 23:34:57,215] {logging_mixin.py:115} INFO - [2022-12-12 23:34:57,215] {dagbag.py:508} INFO - Filling up the DagBag from /home/airflow/.local/lib/python3.7/site-packages/airflow/example_dags/example_branch_labels.py
[2022-12-12 23:34:57,221] {processor.py:651} INFO - DAG(s) dict_keys(['example_branch_labels']) retrieved from /home/airflow/.local/lib/python3.7/site-packages/airflow/example_dags/example_branch_labels.py
[2022-12-12 23:34:57,247] {logging_mixin.py:115} INFO - [2022-12-12 23:34:57,247] {dag.py:2420} INFO - Sync 1 DAGs
[2022-12-12 23:34:57,276] {logging_mixin.py:115} INFO - [2022-12-12 23:34:57,275] {dag.py:2972} INFO - Setting next_dagrun for example_branch_labels to 2022-12-11T00:00:00+00:00, run_after=2022-12-12T00:00:00+00:00
[2022-12-12 23:34:57,289] {processor.py:161} INFO - Processing /home/airflow/.local/lib/python3.7/site-packages/airflow/example_dags/example_branch_labels.py took 0.078 seconds
[2022-12-12 23:35:27,712] {processor.py:153} INFO - Started process (PID=7958) to work on /home/airflow/.local/lib/python3.7/site-packages/airflow/example_dags/example_branch_labels.py
[2022-12-12 23:35:27,712] {processor.py:641} INFO - Processing file /home/airflow/.local/lib/python3.7/site-packages/airflow/example_dags/example_branch_labels.py for tasks to queue
[2022-12-12 23:35:27,713] {logging_mixin.py:115} INFO - [2022-12-12 23:35:27,713] {dagbag.py:508} INFO - Filling up the DagBag from /home/airflow/.local/lib/python3.7/site-packages/airflow/example_dags/example_branch_labels.py
[2022-12-12 23:35:27,720] {processor.py:651} INFO - DAG(s) dict_keys(['example_branch_labels']) retrieved from /home/airflow/.local/lib/python3.7/site-packages/airflow/example_dags/example_branch_labels.py
[2022-12-12 23:35:27,754] {logging_mixin.py:115} INFO - [2022-12-12 23:35:27,754] {dag.py:2420} INFO - Sync 1 DAGs
[2022-12-12 23:35:27,786] {logging_mixin.py:115} INFO - [2022-12-12 23:35:27,786] {dag.py:2972} INFO - Setting next_dagrun for example_branch_labels to 2022-12-11T00:00:00+00:00, run_after=2022-12-12T00:00:00+00:00
[2022-12-12 23:35:27,800] {processor.py:161} INFO - Processing /home/airflow/.local/lib/python3.7/site-packages/airflow/example_dags/example_branch_labels.py took 0.092 seconds
[2022-12-12 23:35:58,236] {processor.py:153} INFO - Started process (PID=8012) to work on /home/airflow/.local/lib/python3.7/site-packages/airflow/example_dags/example_branch_labels.py
[2022-12-12 23:35:58,237] {processor.py:641} INFO - Processing file /home/airflow/.local/lib/python3.7/site-packages/airflow/example_dags/example_branch_labels.py for tasks to queue
[2022-12-12 23:35:58,237] {logging_mixin.py:115} INFO - [2022-12-12 23:35:58,237] {dagbag.py:508} INFO - Filling up the DagBag from /home/airflow/.local/lib/python3.7/site-packages/airflow/example_dags/example_branch_labels.py
[2022-12-12 23:35:58,244] {processor.py:651} INFO - DAG(s) dict_keys(['example_branch_labels']) retrieved from /home/airflow/.local/lib/python3.7/site-packages/airflow/example_dags/example_branch_labels.py
[2022-12-12 23:35:58,276] {logging_mixin.py:115} INFO - [2022-12-12 23:35:58,276] {dag.py:2420} INFO - Sync 1 DAGs
[2022-12-12 23:35:58,306] {logging_mixin.py:115} INFO - [2022-12-12 23:35:58,306] {dag.py:2972} INFO - Setting next_dagrun for example_branch_labels to 2022-12-11T00:00:00+00:00, run_after=2022-12-12T00:00:00+00:00
[2022-12-12 23:35:58,318] {processor.py:161} INFO - Processing /home/airflow/.local/lib/python3.7/site-packages/airflow/example_dags/example_branch_labels.py took 0.084 seconds
[2022-12-12 23:36:28,843] {processor.py:153} INFO - Started process (PID=8075) to work on /home/airflow/.local/lib/python3.7/site-packages/airflow/example_dags/example_branch_labels.py
[2022-12-12 23:36:28,844] {processor.py:641} INFO - Processing file /home/airflow/.local/lib/python3.7/site-packages/airflow/example_dags/example_branch_labels.py for tasks to queue
[2022-12-12 23:36:28,844] {logging_mixin.py:115} INFO - [2022-12-12 23:36:28,844] {dagbag.py:508} INFO - Filling up the DagBag from /home/airflow/.local/lib/python3.7/site-packages/airflow/example_dags/example_branch_labels.py
[2022-12-12 23:36:28,851] {processor.py:651} INFO - DAG(s) dict_keys(['example_branch_labels']) retrieved from /home/airflow/.local/lib/python3.7/site-packages/airflow/example_dags/example_branch_labels.py
[2022-12-12 23:36:28,881] {logging_mixin.py:115} INFO - [2022-12-12 23:36:28,881] {dag.py:2420} INFO - Sync 1 DAGs
[2022-12-12 23:36:28,913] {logging_mixin.py:115} INFO - [2022-12-12 23:36:28,913] {dag.py:2972} INFO - Setting next_dagrun for example_branch_labels to 2022-12-11T00:00:00+00:00, run_after=2022-12-12T00:00:00+00:00
[2022-12-12 23:36:28,928] {processor.py:161} INFO - Processing /home/airflow/.local/lib/python3.7/site-packages/airflow/example_dags/example_branch_labels.py took 0.088 seconds
[2022-12-12 23:36:59,330] {processor.py:153} INFO - Started process (PID=8138) to work on /home/airflow/.local/lib/python3.7/site-packages/airflow/example_dags/example_branch_labels.py
[2022-12-12 23:36:59,331] {processor.py:641} INFO - Processing file /home/airflow/.local/lib/python3.7/site-packages/airflow/example_dags/example_branch_labels.py for tasks to queue
[2022-12-12 23:36:59,332] {logging_mixin.py:115} INFO - [2022-12-12 23:36:59,332] {dagbag.py:508} INFO - Filling up the DagBag from /home/airflow/.local/lib/python3.7/site-packages/airflow/example_dags/example_branch_labels.py
[2022-12-12 23:36:59,338] {processor.py:651} INFO - DAG(s) dict_keys(['example_branch_labels']) retrieved from /home/airflow/.local/lib/python3.7/site-packages/airflow/example_dags/example_branch_labels.py
[2022-12-12 23:36:59,367] {logging_mixin.py:115} INFO - [2022-12-12 23:36:59,367] {dag.py:2420} INFO - Sync 1 DAGs
[2022-12-12 23:36:59,395] {logging_mixin.py:115} INFO - [2022-12-12 23:36:59,395] {dag.py:2972} INFO - Setting next_dagrun for example_branch_labels to 2022-12-11T00:00:00+00:00, run_after=2022-12-12T00:00:00+00:00
[2022-12-12 23:36:59,407] {processor.py:161} INFO - Processing /home/airflow/.local/lib/python3.7/site-packages/airflow/example_dags/example_branch_labels.py took 0.080 seconds
[2022-12-12 23:37:30,034] {processor.py:153} INFO - Started process (PID=8192) to work on /home/airflow/.local/lib/python3.7/site-packages/airflow/example_dags/example_branch_labels.py
[2022-12-12 23:37:30,035] {processor.py:641} INFO - Processing file /home/airflow/.local/lib/python3.7/site-packages/airflow/example_dags/example_branch_labels.py for tasks to queue
[2022-12-12 23:37:30,036] {logging_mixin.py:115} INFO - [2022-12-12 23:37:30,035] {dagbag.py:508} INFO - Filling up the DagBag from /home/airflow/.local/lib/python3.7/site-packages/airflow/example_dags/example_branch_labels.py
[2022-12-12 23:37:30,042] {processor.py:651} INFO - DAG(s) dict_keys(['example_branch_labels']) retrieved from /home/airflow/.local/lib/python3.7/site-packages/airflow/example_dags/example_branch_labels.py
[2022-12-12 23:37:30,068] {logging_mixin.py:115} INFO - [2022-12-12 23:37:30,068] {dag.py:2420} INFO - Sync 1 DAGs
[2022-12-12 23:37:30,096] {logging_mixin.py:115} INFO - [2022-12-12 23:37:30,095] {dag.py:2972} INFO - Setting next_dagrun for example_branch_labels to 2022-12-11T00:00:00+00:00, run_after=2022-12-12T00:00:00+00:00
[2022-12-12 23:37:30,107] {processor.py:161} INFO - Processing /home/airflow/.local/lib/python3.7/site-packages/airflow/example_dags/example_branch_labels.py took 0.075 seconds
[2022-12-12 23:38:00,477] {processor.py:153} INFO - Started process (PID=8255) to work on /home/airflow/.local/lib/python3.7/site-packages/airflow/example_dags/example_branch_labels.py
[2022-12-12 23:38:00,477] {processor.py:641} INFO - Processing file /home/airflow/.local/lib/python3.7/site-packages/airflow/example_dags/example_branch_labels.py for tasks to queue
[2022-12-12 23:38:00,478] {logging_mixin.py:115} INFO - [2022-12-12 23:38:00,478] {dagbag.py:508} INFO - Filling up the DagBag from /home/airflow/.local/lib/python3.7/site-packages/airflow/example_dags/example_branch_labels.py
[2022-12-12 23:38:00,485] {processor.py:651} INFO - DAG(s) dict_keys(['example_branch_labels']) retrieved from /home/airflow/.local/lib/python3.7/site-packages/airflow/example_dags/example_branch_labels.py
[2022-12-12 23:38:00,513] {logging_mixin.py:115} INFO - [2022-12-12 23:38:00,513] {dag.py:2420} INFO - Sync 1 DAGs
[2022-12-12 23:38:00,541] {logging_mixin.py:115} INFO - [2022-12-12 23:38:00,541] {dag.py:2972} INFO - Setting next_dagrun for example_branch_labels to 2022-12-11T00:00:00+00:00, run_after=2022-12-12T00:00:00+00:00
[2022-12-12 23:38:00,554] {processor.py:161} INFO - Processing /home/airflow/.local/lib/python3.7/site-packages/airflow/example_dags/example_branch_labels.py took 0.080 seconds
[2022-12-12 23:38:30,862] {processor.py:153} INFO - Started process (PID=8317) to work on /home/airflow/.local/lib/python3.7/site-packages/airflow/example_dags/example_branch_labels.py
[2022-12-12 23:38:30,863] {processor.py:641} INFO - Processing file /home/airflow/.local/lib/python3.7/site-packages/airflow/example_dags/example_branch_labels.py for tasks to queue
[2022-12-12 23:38:30,864] {logging_mixin.py:115} INFO - [2022-12-12 23:38:30,864] {dagbag.py:508} INFO - Filling up the DagBag from /home/airflow/.local/lib/python3.7/site-packages/airflow/example_dags/example_branch_labels.py
[2022-12-12 23:38:30,872] {processor.py:651} INFO - DAG(s) dict_keys(['example_branch_labels']) retrieved from /home/airflow/.local/lib/python3.7/site-packages/airflow/example_dags/example_branch_labels.py
[2022-12-12 23:38:30,900] {logging_mixin.py:115} INFO - [2022-12-12 23:38:30,900] {dag.py:2420} INFO - Sync 1 DAGs
[2022-12-12 23:38:30,930] {logging_mixin.py:115} INFO - [2022-12-12 23:38:30,929] {dag.py:2972} INFO - Setting next_dagrun for example_branch_labels to 2022-12-11T00:00:00+00:00, run_after=2022-12-12T00:00:00+00:00
[2022-12-12 23:38:30,943] {processor.py:161} INFO - Processing /home/airflow/.local/lib/python3.7/site-packages/airflow/example_dags/example_branch_labels.py took 0.084 seconds
[2022-12-12 23:39:01,436] {processor.py:153} INFO - Started process (PID=8372) to work on /home/airflow/.local/lib/python3.7/site-packages/airflow/example_dags/example_branch_labels.py
[2022-12-12 23:39:01,436] {processor.py:641} INFO - Processing file /home/airflow/.local/lib/python3.7/site-packages/airflow/example_dags/example_branch_labels.py for tasks to queue
[2022-12-12 23:39:01,437] {logging_mixin.py:115} INFO - [2022-12-12 23:39:01,437] {dagbag.py:508} INFO - Filling up the DagBag from /home/airflow/.local/lib/python3.7/site-packages/airflow/example_dags/example_branch_labels.py
[2022-12-12 23:39:01,445] {processor.py:651} INFO - DAG(s) dict_keys(['example_branch_labels']) retrieved from /home/airflow/.local/lib/python3.7/site-packages/airflow/example_dags/example_branch_labels.py
[2022-12-12 23:39:01,474] {logging_mixin.py:115} INFO - [2022-12-12 23:39:01,474] {dag.py:2420} INFO - Sync 1 DAGs
[2022-12-12 23:39:01,508] {logging_mixin.py:115} INFO - [2022-12-12 23:39:01,508] {dag.py:2972} INFO - Setting next_dagrun for example_branch_labels to 2022-12-11T00:00:00+00:00, run_after=2022-12-12T00:00:00+00:00
[2022-12-12 23:39:01,524] {processor.py:161} INFO - Processing /home/airflow/.local/lib/python3.7/site-packages/airflow/example_dags/example_branch_labels.py took 0.092 seconds
[2022-12-12 23:39:31,870] {processor.py:153} INFO - Started process (PID=8435) to work on /home/airflow/.local/lib/python3.7/site-packages/airflow/example_dags/example_branch_labels.py
[2022-12-12 23:39:31,871] {processor.py:641} INFO - Processing file /home/airflow/.local/lib/python3.7/site-packages/airflow/example_dags/example_branch_labels.py for tasks to queue
[2022-12-12 23:39:31,871] {logging_mixin.py:115} INFO - [2022-12-12 23:39:31,871] {dagbag.py:508} INFO - Filling up the DagBag from /home/airflow/.local/lib/python3.7/site-packages/airflow/example_dags/example_branch_labels.py
[2022-12-12 23:39:31,877] {processor.py:651} INFO - DAG(s) dict_keys(['example_branch_labels']) retrieved from /home/airflow/.local/lib/python3.7/site-packages/airflow/example_dags/example_branch_labels.py
[2022-12-12 23:39:31,907] {logging_mixin.py:115} INFO - [2022-12-12 23:39:31,906] {dag.py:2420} INFO - Sync 1 DAGs
[2022-12-12 23:39:31,936] {logging_mixin.py:115} INFO - [2022-12-12 23:39:31,936] {dag.py:2972} INFO - Setting next_dagrun for example_branch_labels to 2022-12-11T00:00:00+00:00, run_after=2022-12-12T00:00:00+00:00
[2022-12-12 23:39:31,949] {processor.py:161} INFO - Processing /home/airflow/.local/lib/python3.7/site-packages/airflow/example_dags/example_branch_labels.py took 0.082 seconds
[2022-12-12 23:40:02,338] {processor.py:153} INFO - Started process (PID=8489) to work on /home/airflow/.local/lib/python3.7/site-packages/airflow/example_dags/example_branch_labels.py
[2022-12-12 23:40:02,339] {processor.py:641} INFO - Processing file /home/airflow/.local/lib/python3.7/site-packages/airflow/example_dags/example_branch_labels.py for tasks to queue
[2022-12-12 23:40:02,339] {logging_mixin.py:115} INFO - [2022-12-12 23:40:02,339] {dagbag.py:508} INFO - Filling up the DagBag from /home/airflow/.local/lib/python3.7/site-packages/airflow/example_dags/example_branch_labels.py
[2022-12-12 23:40:02,347] {processor.py:651} INFO - DAG(s) dict_keys(['example_branch_labels']) retrieved from /home/airflow/.local/lib/python3.7/site-packages/airflow/example_dags/example_branch_labels.py
[2022-12-12 23:40:02,380] {logging_mixin.py:115} INFO - [2022-12-12 23:40:02,380] {dag.py:2420} INFO - Sync 1 DAGs
[2022-12-12 23:40:02,426] {logging_mixin.py:115} INFO - [2022-12-12 23:40:02,426] {dag.py:2972} INFO - Setting next_dagrun for example_branch_labels to 2022-12-11T00:00:00+00:00, run_after=2022-12-12T00:00:00+00:00
[2022-12-12 23:40:02,452] {processor.py:161} INFO - Processing /home/airflow/.local/lib/python3.7/site-packages/airflow/example_dags/example_branch_labels.py took 0.117 seconds
[2022-12-12 23:40:33,039] {processor.py:153} INFO - Started process (PID=8552) to work on /home/airflow/.local/lib/python3.7/site-packages/airflow/example_dags/example_branch_labels.py
[2022-12-12 23:40:33,040] {processor.py:641} INFO - Processing file /home/airflow/.local/lib/python3.7/site-packages/airflow/example_dags/example_branch_labels.py for tasks to queue
[2022-12-12 23:40:33,041] {logging_mixin.py:115} INFO - [2022-12-12 23:40:33,041] {dagbag.py:508} INFO - Filling up the DagBag from /home/airflow/.local/lib/python3.7/site-packages/airflow/example_dags/example_branch_labels.py
[2022-12-12 23:40:33,049] {processor.py:651} INFO - DAG(s) dict_keys(['example_branch_labels']) retrieved from /home/airflow/.local/lib/python3.7/site-packages/airflow/example_dags/example_branch_labels.py
[2022-12-12 23:40:33,078] {logging_mixin.py:115} INFO - [2022-12-12 23:40:33,078] {dag.py:2420} INFO - Sync 1 DAGs
[2022-12-12 23:40:33,110] {logging_mixin.py:115} INFO - [2022-12-12 23:40:33,110] {dag.py:2972} INFO - Setting next_dagrun for example_branch_labels to 2022-12-11T00:00:00+00:00, run_after=2022-12-12T00:00:00+00:00
[2022-12-12 23:40:33,124] {processor.py:161} INFO - Processing /home/airflow/.local/lib/python3.7/site-packages/airflow/example_dags/example_branch_labels.py took 0.088 seconds
[2022-12-12 23:41:03,566] {processor.py:153} INFO - Started process (PID=8615) to work on /home/airflow/.local/lib/python3.7/site-packages/airflow/example_dags/example_branch_labels.py
[2022-12-12 23:41:03,566] {processor.py:641} INFO - Processing file /home/airflow/.local/lib/python3.7/site-packages/airflow/example_dags/example_branch_labels.py for tasks to queue
[2022-12-12 23:41:03,567] {logging_mixin.py:115} INFO - [2022-12-12 23:41:03,567] {dagbag.py:508} INFO - Filling up the DagBag from /home/airflow/.local/lib/python3.7/site-packages/airflow/example_dags/example_branch_labels.py
[2022-12-12 23:41:03,574] {processor.py:651} INFO - DAG(s) dict_keys(['example_branch_labels']) retrieved from /home/airflow/.local/lib/python3.7/site-packages/airflow/example_dags/example_branch_labels.py
[2022-12-12 23:41:03,601] {logging_mixin.py:115} INFO - [2022-12-12 23:41:03,601] {dag.py:2420} INFO - Sync 1 DAGs
[2022-12-12 23:41:03,633] {logging_mixin.py:115} INFO - [2022-12-12 23:41:03,633] {dag.py:2972} INFO - Setting next_dagrun for example_branch_labels to 2022-12-11T00:00:00+00:00, run_after=2022-12-12T00:00:00+00:00
[2022-12-12 23:41:03,646] {processor.py:161} INFO - Processing /home/airflow/.local/lib/python3.7/site-packages/airflow/example_dags/example_branch_labels.py took 0.084 seconds
[2022-12-12 23:41:34,281] {processor.py:153} INFO - Started process (PID=8669) to work on /home/airflow/.local/lib/python3.7/site-packages/airflow/example_dags/example_branch_labels.py
[2022-12-12 23:41:34,282] {processor.py:641} INFO - Processing file /home/airflow/.local/lib/python3.7/site-packages/airflow/example_dags/example_branch_labels.py for tasks to queue
[2022-12-12 23:41:34,282] {logging_mixin.py:115} INFO - [2022-12-12 23:41:34,282] {dagbag.py:508} INFO - Filling up the DagBag from /home/airflow/.local/lib/python3.7/site-packages/airflow/example_dags/example_branch_labels.py
[2022-12-12 23:41:34,291] {processor.py:651} INFO - DAG(s) dict_keys(['example_branch_labels']) retrieved from /home/airflow/.local/lib/python3.7/site-packages/airflow/example_dags/example_branch_labels.py
[2022-12-12 23:41:34,353] {logging_mixin.py:115} INFO - [2022-12-12 23:41:34,352] {dag.py:2420} INFO - Sync 1 DAGs
[2022-12-12 23:41:34,387] {logging_mixin.py:115} INFO - [2022-12-12 23:41:34,387] {dag.py:2972} INFO - Setting next_dagrun for example_branch_labels to 2022-12-11T00:00:00+00:00, run_after=2022-12-12T00:00:00+00:00
[2022-12-12 23:41:34,400] {processor.py:161} INFO - Processing /home/airflow/.local/lib/python3.7/site-packages/airflow/example_dags/example_branch_labels.py took 0.123 seconds
[2022-12-12 23:42:04,633] {processor.py:153} INFO - Started process (PID=8732) to work on /home/airflow/.local/lib/python3.7/site-packages/airflow/example_dags/example_branch_labels.py
[2022-12-12 23:42:04,634] {processor.py:641} INFO - Processing file /home/airflow/.local/lib/python3.7/site-packages/airflow/example_dags/example_branch_labels.py for tasks to queue
[2022-12-12 23:42:04,634] {logging_mixin.py:115} INFO - [2022-12-12 23:42:04,634] {dagbag.py:508} INFO - Filling up the DagBag from /home/airflow/.local/lib/python3.7/site-packages/airflow/example_dags/example_branch_labels.py
[2022-12-12 23:42:04,640] {processor.py:651} INFO - DAG(s) dict_keys(['example_branch_labels']) retrieved from /home/airflow/.local/lib/python3.7/site-packages/airflow/example_dags/example_branch_labels.py
[2022-12-12 23:42:04,683] {logging_mixin.py:115} INFO - [2022-12-12 23:42:04,683] {dag.py:2420} INFO - Sync 1 DAGs
[2022-12-12 23:42:04,729] {logging_mixin.py:115} INFO - [2022-12-12 23:42:04,729] {dag.py:2972} INFO - Setting next_dagrun for example_branch_labels to 2022-12-11T00:00:00+00:00, run_after=2022-12-12T00:00:00+00:00
[2022-12-12 23:42:04,743] {processor.py:161} INFO - Processing /home/airflow/.local/lib/python3.7/site-packages/airflow/example_dags/example_branch_labels.py took 0.112 seconds
[2022-12-12 23:42:35,128] {processor.py:153} INFO - Started process (PID=8794) to work on /home/airflow/.local/lib/python3.7/site-packages/airflow/example_dags/example_branch_labels.py
[2022-12-12 23:42:35,128] {processor.py:641} INFO - Processing file /home/airflow/.local/lib/python3.7/site-packages/airflow/example_dags/example_branch_labels.py for tasks to queue
[2022-12-12 23:42:35,129] {logging_mixin.py:115} INFO - [2022-12-12 23:42:35,129] {dagbag.py:508} INFO - Filling up the DagBag from /home/airflow/.local/lib/python3.7/site-packages/airflow/example_dags/example_branch_labels.py
[2022-12-12 23:42:35,136] {processor.py:651} INFO - DAG(s) dict_keys(['example_branch_labels']) retrieved from /home/airflow/.local/lib/python3.7/site-packages/airflow/example_dags/example_branch_labels.py
[2022-12-12 23:42:35,164] {logging_mixin.py:115} INFO - [2022-12-12 23:42:35,164] {dag.py:2420} INFO - Sync 1 DAGs
[2022-12-12 23:42:35,193] {logging_mixin.py:115} INFO - [2022-12-12 23:42:35,193] {dag.py:2972} INFO - Setting next_dagrun for example_branch_labels to 2022-12-11T00:00:00+00:00, run_after=2022-12-12T00:00:00+00:00
[2022-12-12 23:42:35,207] {processor.py:161} INFO - Processing /home/airflow/.local/lib/python3.7/site-packages/airflow/example_dags/example_branch_labels.py took 0.082 seconds
[2022-12-12 23:43:05,533] {processor.py:153} INFO - Started process (PID=8850) to work on /home/airflow/.local/lib/python3.7/site-packages/airflow/example_dags/example_branch_labels.py
[2022-12-12 23:43:05,533] {processor.py:641} INFO - Processing file /home/airflow/.local/lib/python3.7/site-packages/airflow/example_dags/example_branch_labels.py for tasks to queue
[2022-12-12 23:43:05,534] {logging_mixin.py:115} INFO - [2022-12-12 23:43:05,534] {dagbag.py:508} INFO - Filling up the DagBag from /home/airflow/.local/lib/python3.7/site-packages/airflow/example_dags/example_branch_labels.py
[2022-12-12 23:43:05,549] {processor.py:651} INFO - DAG(s) dict_keys(['example_branch_labels']) retrieved from /home/airflow/.local/lib/python3.7/site-packages/airflow/example_dags/example_branch_labels.py
[2022-12-12 23:43:05,591] {logging_mixin.py:115} INFO - [2022-12-12 23:43:05,591] {dag.py:2420} INFO - Sync 1 DAGs
[2022-12-12 23:43:05,617] {logging_mixin.py:115} INFO - [2022-12-12 23:43:05,617] {dag.py:2972} INFO - Setting next_dagrun for example_branch_labels to 2022-12-11T00:00:00+00:00, run_after=2022-12-12T00:00:00+00:00
[2022-12-12 23:43:05,629] {processor.py:161} INFO - Processing /home/airflow/.local/lib/python3.7/site-packages/airflow/example_dags/example_branch_labels.py took 0.102 seconds
[2022-12-12 23:43:35,898] {processor.py:153} INFO - Started process (PID=8914) to work on /home/airflow/.local/lib/python3.7/site-packages/airflow/example_dags/example_branch_labels.py
[2022-12-12 23:43:35,899] {processor.py:641} INFO - Processing file /home/airflow/.local/lib/python3.7/site-packages/airflow/example_dags/example_branch_labels.py for tasks to queue
[2022-12-12 23:43:35,900] {logging_mixin.py:115} INFO - [2022-12-12 23:43:35,900] {dagbag.py:508} INFO - Filling up the DagBag from /home/airflow/.local/lib/python3.7/site-packages/airflow/example_dags/example_branch_labels.py
[2022-12-12 23:43:35,908] {processor.py:651} INFO - DAG(s) dict_keys(['example_branch_labels']) retrieved from /home/airflow/.local/lib/python3.7/site-packages/airflow/example_dags/example_branch_labels.py
[2022-12-12 23:43:35,941] {logging_mixin.py:115} INFO - [2022-12-12 23:43:35,940] {dag.py:2420} INFO - Sync 1 DAGs
[2022-12-12 23:43:35,976] {logging_mixin.py:115} INFO - [2022-12-12 23:43:35,976] {dag.py:2972} INFO - Setting next_dagrun for example_branch_labels to 2022-12-11T00:00:00+00:00, run_after=2022-12-12T00:00:00+00:00
[2022-12-12 23:43:35,992] {processor.py:161} INFO - Processing /home/airflow/.local/lib/python3.7/site-packages/airflow/example_dags/example_branch_labels.py took 0.098 seconds
[2022-12-12 23:44:06,548] {processor.py:153} INFO - Started process (PID=8968) to work on /home/airflow/.local/lib/python3.7/site-packages/airflow/example_dags/example_branch_labels.py
[2022-12-12 23:44:06,548] {processor.py:641} INFO - Processing file /home/airflow/.local/lib/python3.7/site-packages/airflow/example_dags/example_branch_labels.py for tasks to queue
[2022-12-12 23:44:06,548] {logging_mixin.py:115} INFO - [2022-12-12 23:44:06,548] {dagbag.py:508} INFO - Filling up the DagBag from /home/airflow/.local/lib/python3.7/site-packages/airflow/example_dags/example_branch_labels.py
[2022-12-12 23:44:06,555] {processor.py:651} INFO - DAG(s) dict_keys(['example_branch_labels']) retrieved from /home/airflow/.local/lib/python3.7/site-packages/airflow/example_dags/example_branch_labels.py
[2022-12-12 23:44:06,582] {logging_mixin.py:115} INFO - [2022-12-12 23:44:06,582] {dag.py:2420} INFO - Sync 1 DAGs
[2022-12-12 23:44:06,609] {logging_mixin.py:115} INFO - [2022-12-12 23:44:06,609] {dag.py:2972} INFO - Setting next_dagrun for example_branch_labels to 2022-12-11T00:00:00+00:00, run_after=2022-12-12T00:00:00+00:00
[2022-12-12 23:44:06,621] {processor.py:161} INFO - Processing /home/airflow/.local/lib/python3.7/site-packages/airflow/example_dags/example_branch_labels.py took 0.076 seconds
[2022-12-12 23:44:37,046] {processor.py:153} INFO - Started process (PID=9031) to work on /home/airflow/.local/lib/python3.7/site-packages/airflow/example_dags/example_branch_labels.py
[2022-12-12 23:44:37,047] {processor.py:641} INFO - Processing file /home/airflow/.local/lib/python3.7/site-packages/airflow/example_dags/example_branch_labels.py for tasks to queue
[2022-12-12 23:44:37,048] {logging_mixin.py:115} INFO - [2022-12-12 23:44:37,048] {dagbag.py:508} INFO - Filling up the DagBag from /home/airflow/.local/lib/python3.7/site-packages/airflow/example_dags/example_branch_labels.py
[2022-12-12 23:44:37,056] {processor.py:651} INFO - DAG(s) dict_keys(['example_branch_labels']) retrieved from /home/airflow/.local/lib/python3.7/site-packages/airflow/example_dags/example_branch_labels.py
[2022-12-12 23:44:37,089] {logging_mixin.py:115} INFO - [2022-12-12 23:44:37,088] {dag.py:2420} INFO - Sync 1 DAGs
[2022-12-12 23:44:37,124] {logging_mixin.py:115} INFO - [2022-12-12 23:44:37,124] {dag.py:2972} INFO - Setting next_dagrun for example_branch_labels to 2022-12-11T00:00:00+00:00, run_after=2022-12-12T00:00:00+00:00
[2022-12-12 23:44:37,140] {processor.py:161} INFO - Processing /home/airflow/.local/lib/python3.7/site-packages/airflow/example_dags/example_branch_labels.py took 0.096 seconds
[2022-12-12 23:45:07,776] {processor.py:153} INFO - Started process (PID=9094) to work on /home/airflow/.local/lib/python3.7/site-packages/airflow/example_dags/example_branch_labels.py
[2022-12-12 23:45:07,776] {processor.py:641} INFO - Processing file /home/airflow/.local/lib/python3.7/site-packages/airflow/example_dags/example_branch_labels.py for tasks to queue
[2022-12-12 23:45:07,777] {logging_mixin.py:115} INFO - [2022-12-12 23:45:07,777] {dagbag.py:508} INFO - Filling up the DagBag from /home/airflow/.local/lib/python3.7/site-packages/airflow/example_dags/example_branch_labels.py
[2022-12-12 23:45:07,787] {processor.py:651} INFO - DAG(s) dict_keys(['example_branch_labels']) retrieved from /home/airflow/.local/lib/python3.7/site-packages/airflow/example_dags/example_branch_labels.py
[2022-12-12 23:45:07,819] {logging_mixin.py:115} INFO - [2022-12-12 23:45:07,819] {dag.py:2420} INFO - Sync 1 DAGs
[2022-12-12 23:45:07,855] {logging_mixin.py:115} INFO - [2022-12-12 23:45:07,855] {dag.py:2972} INFO - Setting next_dagrun for example_branch_labels to 2022-12-11T00:00:00+00:00, run_after=2022-12-12T00:00:00+00:00
[2022-12-12 23:45:07,873] {processor.py:161} INFO - Processing /home/airflow/.local/lib/python3.7/site-packages/airflow/example_dags/example_branch_labels.py took 0.100 seconds
[2022-12-12 23:45:38,687] {processor.py:153} INFO - Started process (PID=9148) to work on /home/airflow/.local/lib/python3.7/site-packages/airflow/example_dags/example_branch_labels.py
[2022-12-12 23:45:38,687] {processor.py:641} INFO - Processing file /home/airflow/.local/lib/python3.7/site-packages/airflow/example_dags/example_branch_labels.py for tasks to queue
[2022-12-12 23:45:38,688] {logging_mixin.py:115} INFO - [2022-12-12 23:45:38,688] {dagbag.py:508} INFO - Filling up the DagBag from /home/airflow/.local/lib/python3.7/site-packages/airflow/example_dags/example_branch_labels.py
[2022-12-12 23:45:38,697] {processor.py:651} INFO - DAG(s) dict_keys(['example_branch_labels']) retrieved from /home/airflow/.local/lib/python3.7/site-packages/airflow/example_dags/example_branch_labels.py
[2022-12-12 23:45:38,732] {logging_mixin.py:115} INFO - [2022-12-12 23:45:38,732] {dag.py:2420} INFO - Sync 1 DAGs
[2022-12-12 23:45:38,768] {logging_mixin.py:115} INFO - [2022-12-12 23:45:38,768] {dag.py:2972} INFO - Setting next_dagrun for example_branch_labels to 2022-12-11T00:00:00+00:00, run_after=2022-12-12T00:00:00+00:00
[2022-12-12 23:45:38,787] {processor.py:161} INFO - Processing /home/airflow/.local/lib/python3.7/site-packages/airflow/example_dags/example_branch_labels.py took 0.106 seconds
[2022-12-12 23:46:09,421] {processor.py:153} INFO - Started process (PID=9211) to work on /home/airflow/.local/lib/python3.7/site-packages/airflow/example_dags/example_branch_labels.py
[2022-12-12 23:46:09,422] {processor.py:641} INFO - Processing file /home/airflow/.local/lib/python3.7/site-packages/airflow/example_dags/example_branch_labels.py for tasks to queue
[2022-12-12 23:46:09,422] {logging_mixin.py:115} INFO - [2022-12-12 23:46:09,422] {dagbag.py:508} INFO - Filling up the DagBag from /home/airflow/.local/lib/python3.7/site-packages/airflow/example_dags/example_branch_labels.py
[2022-12-12 23:46:09,429] {processor.py:651} INFO - DAG(s) dict_keys(['example_branch_labels']) retrieved from /home/airflow/.local/lib/python3.7/site-packages/airflow/example_dags/example_branch_labels.py
[2022-12-12 23:46:09,480] {logging_mixin.py:115} INFO - [2022-12-12 23:46:09,479] {dag.py:2420} INFO - Sync 1 DAGs
[2022-12-12 23:46:09,518] {logging_mixin.py:115} INFO - [2022-12-12 23:46:09,518] {dag.py:2972} INFO - Setting next_dagrun for example_branch_labels to 2022-12-11T00:00:00+00:00, run_after=2022-12-12T00:00:00+00:00
[2022-12-12 23:46:09,537] {processor.py:161} INFO - Processing /home/airflow/.local/lib/python3.7/site-packages/airflow/example_dags/example_branch_labels.py took 0.121 seconds
[2022-12-12 23:46:40,503] {processor.py:153} INFO - Started process (PID=9265) to work on /home/airflow/.local/lib/python3.7/site-packages/airflow/example_dags/example_branch_labels.py
[2022-12-12 23:46:40,504] {processor.py:641} INFO - Processing file /home/airflow/.local/lib/python3.7/site-packages/airflow/example_dags/example_branch_labels.py for tasks to queue
[2022-12-12 23:46:40,505] {logging_mixin.py:115} INFO - [2022-12-12 23:46:40,505] {dagbag.py:508} INFO - Filling up the DagBag from /home/airflow/.local/lib/python3.7/site-packages/airflow/example_dags/example_branch_labels.py
[2022-12-12 23:46:40,512] {processor.py:651} INFO - DAG(s) dict_keys(['example_branch_labels']) retrieved from /home/airflow/.local/lib/python3.7/site-packages/airflow/example_dags/example_branch_labels.py
[2022-12-12 23:46:40,543] {logging_mixin.py:115} INFO - [2022-12-12 23:46:40,543] {dag.py:2420} INFO - Sync 1 DAGs
[2022-12-12 23:46:40,576] {logging_mixin.py:115} INFO - [2022-12-12 23:46:40,576] {dag.py:2972} INFO - Setting next_dagrun for example_branch_labels to 2022-12-11T00:00:00+00:00, run_after=2022-12-12T00:00:00+00:00
[2022-12-12 23:46:40,590] {processor.py:161} INFO - Processing /home/airflow/.local/lib/python3.7/site-packages/airflow/example_dags/example_branch_labels.py took 0.091 seconds
[2022-12-12 23:47:11,233] {processor.py:153} INFO - Started process (PID=9327) to work on /home/airflow/.local/lib/python3.7/site-packages/airflow/example_dags/example_branch_labels.py
[2022-12-12 23:47:11,234] {processor.py:641} INFO - Processing file /home/airflow/.local/lib/python3.7/site-packages/airflow/example_dags/example_branch_labels.py for tasks to queue
[2022-12-12 23:47:11,234] {logging_mixin.py:115} INFO - [2022-12-12 23:47:11,234] {dagbag.py:508} INFO - Filling up the DagBag from /home/airflow/.local/lib/python3.7/site-packages/airflow/example_dags/example_branch_labels.py
[2022-12-12 23:47:11,243] {processor.py:651} INFO - DAG(s) dict_keys(['example_branch_labels']) retrieved from /home/airflow/.local/lib/python3.7/site-packages/airflow/example_dags/example_branch_labels.py
[2022-12-12 23:47:11,272] {logging_mixin.py:115} INFO - [2022-12-12 23:47:11,272] {dag.py:2420} INFO - Sync 1 DAGs
[2022-12-12 23:47:11,306] {logging_mixin.py:115} INFO - [2022-12-12 23:47:11,306] {dag.py:2972} INFO - Setting next_dagrun for example_branch_labels to 2022-12-11T00:00:00+00:00, run_after=2022-12-12T00:00:00+00:00
[2022-12-12 23:47:11,322] {processor.py:161} INFO - Processing /home/airflow/.local/lib/python3.7/site-packages/airflow/example_dags/example_branch_labels.py took 0.093 seconds
[2022-12-12 23:47:42,083] {processor.py:153} INFO - Started process (PID=9390) to work on /home/airflow/.local/lib/python3.7/site-packages/airflow/example_dags/example_branch_labels.py
[2022-12-12 23:47:42,084] {processor.py:641} INFO - Processing file /home/airflow/.local/lib/python3.7/site-packages/airflow/example_dags/example_branch_labels.py for tasks to queue
[2022-12-12 23:47:42,084] {logging_mixin.py:115} INFO - [2022-12-12 23:47:42,084] {dagbag.py:508} INFO - Filling up the DagBag from /home/airflow/.local/lib/python3.7/site-packages/airflow/example_dags/example_branch_labels.py
[2022-12-12 23:47:42,092] {processor.py:651} INFO - DAG(s) dict_keys(['example_branch_labels']) retrieved from /home/airflow/.local/lib/python3.7/site-packages/airflow/example_dags/example_branch_labels.py
[2022-12-12 23:47:42,122] {logging_mixin.py:115} INFO - [2022-12-12 23:47:42,121] {dag.py:2420} INFO - Sync 1 DAGs
[2022-12-12 23:47:42,154] {logging_mixin.py:115} INFO - [2022-12-12 23:47:42,154] {dag.py:2972} INFO - Setting next_dagrun for example_branch_labels to 2022-12-11T00:00:00+00:00, run_after=2022-12-12T00:00:00+00:00
[2022-12-12 23:47:42,171] {processor.py:161} INFO - Processing /home/airflow/.local/lib/python3.7/site-packages/airflow/example_dags/example_branch_labels.py took 0.092 seconds
[2022-12-12 23:48:12,513] {processor.py:153} INFO - Started process (PID=9444) to work on /home/airflow/.local/lib/python3.7/site-packages/airflow/example_dags/example_branch_labels.py
[2022-12-12 23:48:12,513] {processor.py:641} INFO - Processing file /home/airflow/.local/lib/python3.7/site-packages/airflow/example_dags/example_branch_labels.py for tasks to queue
[2022-12-12 23:48:12,514] {logging_mixin.py:115} INFO - [2022-12-12 23:48:12,514] {dagbag.py:508} INFO - Filling up the DagBag from /home/airflow/.local/lib/python3.7/site-packages/airflow/example_dags/example_branch_labels.py
[2022-12-12 23:48:12,523] {processor.py:651} INFO - DAG(s) dict_keys(['example_branch_labels']) retrieved from /home/airflow/.local/lib/python3.7/site-packages/airflow/example_dags/example_branch_labels.py
[2022-12-12 23:48:12,552] {logging_mixin.py:115} INFO - [2022-12-12 23:48:12,552] {dag.py:2420} INFO - Sync 1 DAGs
[2022-12-12 23:48:12,582] {logging_mixin.py:115} INFO - [2022-12-12 23:48:12,582] {dag.py:2972} INFO - Setting next_dagrun for example_branch_labels to 2022-12-11T00:00:00+00:00, run_after=2022-12-12T00:00:00+00:00
[2022-12-12 23:48:12,597] {processor.py:161} INFO - Processing /home/airflow/.local/lib/python3.7/site-packages/airflow/example_dags/example_branch_labels.py took 0.089 seconds
[2022-12-12 23:48:43,156] {processor.py:153} INFO - Started process (PID=9507) to work on /home/airflow/.local/lib/python3.7/site-packages/airflow/example_dags/example_branch_labels.py
[2022-12-12 23:48:43,157] {processor.py:641} INFO - Processing file /home/airflow/.local/lib/python3.7/site-packages/airflow/example_dags/example_branch_labels.py for tasks to queue
[2022-12-12 23:48:43,158] {logging_mixin.py:115} INFO - [2022-12-12 23:48:43,158] {dagbag.py:508} INFO - Filling up the DagBag from /home/airflow/.local/lib/python3.7/site-packages/airflow/example_dags/example_branch_labels.py
[2022-12-12 23:48:43,166] {processor.py:651} INFO - DAG(s) dict_keys(['example_branch_labels']) retrieved from /home/airflow/.local/lib/python3.7/site-packages/airflow/example_dags/example_branch_labels.py
[2022-12-12 23:48:43,198] {logging_mixin.py:115} INFO - [2022-12-12 23:48:43,197] {dag.py:2420} INFO - Sync 1 DAGs
[2022-12-12 23:48:43,232] {logging_mixin.py:115} INFO - [2022-12-12 23:48:43,232] {dag.py:2972} INFO - Setting next_dagrun for example_branch_labels to 2022-12-11T00:00:00+00:00, run_after=2022-12-12T00:00:00+00:00
[2022-12-12 23:48:43,247] {processor.py:161} INFO - Processing /home/airflow/.local/lib/python3.7/site-packages/airflow/example_dags/example_branch_labels.py took 0.096 seconds
[2022-12-12 23:49:13,811] {processor.py:153} INFO - Started process (PID=9562) to work on /home/airflow/.local/lib/python3.7/site-packages/airflow/example_dags/example_branch_labels.py
[2022-12-12 23:49:13,812] {processor.py:641} INFO - Processing file /home/airflow/.local/lib/python3.7/site-packages/airflow/example_dags/example_branch_labels.py for tasks to queue
[2022-12-12 23:49:13,812] {logging_mixin.py:115} INFO - [2022-12-12 23:49:13,812] {dagbag.py:508} INFO - Filling up the DagBag from /home/airflow/.local/lib/python3.7/site-packages/airflow/example_dags/example_branch_labels.py
[2022-12-12 23:49:13,820] {processor.py:651} INFO - DAG(s) dict_keys(['example_branch_labels']) retrieved from /home/airflow/.local/lib/python3.7/site-packages/airflow/example_dags/example_branch_labels.py
[2022-12-12 23:49:13,852] {logging_mixin.py:115} INFO - [2022-12-12 23:49:13,852] {dag.py:2420} INFO - Sync 1 DAGs
[2022-12-12 23:49:13,883] {logging_mixin.py:115} INFO - [2022-12-12 23:49:13,883] {dag.py:2972} INFO - Setting next_dagrun for example_branch_labels to 2022-12-11T00:00:00+00:00, run_after=2022-12-12T00:00:00+00:00
[2022-12-12 23:49:13,899] {processor.py:161} INFO - Processing /home/airflow/.local/lib/python3.7/site-packages/airflow/example_dags/example_branch_labels.py took 0.091 seconds
[2022-12-12 23:49:44,856] {processor.py:153} INFO - Started process (PID=9625) to work on /home/airflow/.local/lib/python3.7/site-packages/airflow/example_dags/example_branch_labels.py
[2022-12-12 23:49:44,857] {processor.py:641} INFO - Processing file /home/airflow/.local/lib/python3.7/site-packages/airflow/example_dags/example_branch_labels.py for tasks to queue
[2022-12-12 23:49:44,858] {logging_mixin.py:115} INFO - [2022-12-12 23:49:44,858] {dagbag.py:508} INFO - Filling up the DagBag from /home/airflow/.local/lib/python3.7/site-packages/airflow/example_dags/example_branch_labels.py
[2022-12-12 23:49:44,866] {processor.py:651} INFO - DAG(s) dict_keys(['example_branch_labels']) retrieved from /home/airflow/.local/lib/python3.7/site-packages/airflow/example_dags/example_branch_labels.py
[2022-12-12 23:49:44,910] {logging_mixin.py:115} INFO - [2022-12-12 23:49:44,910] {dag.py:2420} INFO - Sync 1 DAGs
[2022-12-12 23:49:44,953] {logging_mixin.py:115} INFO - [2022-12-12 23:49:44,953] {dag.py:2972} INFO - Setting next_dagrun for example_branch_labels to 2022-12-11T00:00:00+00:00, run_after=2022-12-12T00:00:00+00:00
[2022-12-12 23:49:44,967] {processor.py:161} INFO - Processing /home/airflow/.local/lib/python3.7/site-packages/airflow/example_dags/example_branch_labels.py took 0.116 seconds
[2022-12-12 23:50:15,548] {processor.py:153} INFO - Started process (PID=9688) to work on /home/airflow/.local/lib/python3.7/site-packages/airflow/example_dags/example_branch_labels.py
[2022-12-12 23:50:15,549] {processor.py:641} INFO - Processing file /home/airflow/.local/lib/python3.7/site-packages/airflow/example_dags/example_branch_labels.py for tasks to queue
[2022-12-12 23:50:15,549] {logging_mixin.py:115} INFO - [2022-12-12 23:50:15,549] {dagbag.py:508} INFO - Filling up the DagBag from /home/airflow/.local/lib/python3.7/site-packages/airflow/example_dags/example_branch_labels.py
[2022-12-12 23:50:15,556] {processor.py:651} INFO - DAG(s) dict_keys(['example_branch_labels']) retrieved from /home/airflow/.local/lib/python3.7/site-packages/airflow/example_dags/example_branch_labels.py
[2022-12-12 23:50:15,587] {logging_mixin.py:115} INFO - [2022-12-12 23:50:15,587] {dag.py:2420} INFO - Sync 1 DAGs
[2022-12-12 23:50:15,617] {logging_mixin.py:115} INFO - [2022-12-12 23:50:15,616] {dag.py:2972} INFO - Setting next_dagrun for example_branch_labels to 2022-12-11T00:00:00+00:00, run_after=2022-12-12T00:00:00+00:00
[2022-12-12 23:50:15,629] {processor.py:161} INFO - Processing /home/airflow/.local/lib/python3.7/site-packages/airflow/example_dags/example_branch_labels.py took 0.084 seconds
[2022-12-12 23:50:46,149] {processor.py:153} INFO - Started process (PID=9742) to work on /home/airflow/.local/lib/python3.7/site-packages/airflow/example_dags/example_branch_labels.py
[2022-12-12 23:50:46,150] {processor.py:641} INFO - Processing file /home/airflow/.local/lib/python3.7/site-packages/airflow/example_dags/example_branch_labels.py for tasks to queue
[2022-12-12 23:50:46,150] {logging_mixin.py:115} INFO - [2022-12-12 23:50:46,150] {dagbag.py:508} INFO - Filling up the DagBag from /home/airflow/.local/lib/python3.7/site-packages/airflow/example_dags/example_branch_labels.py
[2022-12-12 23:50:46,158] {processor.py:651} INFO - DAG(s) dict_keys(['example_branch_labels']) retrieved from /home/airflow/.local/lib/python3.7/site-packages/airflow/example_dags/example_branch_labels.py
[2022-12-12 23:50:46,189] {logging_mixin.py:115} INFO - [2022-12-12 23:50:46,188] {dag.py:2420} INFO - Sync 1 DAGs
[2022-12-12 23:50:46,220] {logging_mixin.py:115} INFO - [2022-12-12 23:50:46,220] {dag.py:2972} INFO - Setting next_dagrun for example_branch_labels to 2022-12-11T00:00:00+00:00, run_after=2022-12-12T00:00:00+00:00
[2022-12-12 23:50:46,235] {processor.py:161} INFO - Processing /home/airflow/.local/lib/python3.7/site-packages/airflow/example_dags/example_branch_labels.py took 0.090 seconds
[2022-12-12 23:51:16,531] {processor.py:153} INFO - Started process (PID=9806) to work on /home/airflow/.local/lib/python3.7/site-packages/airflow/example_dags/example_branch_labels.py
[2022-12-12 23:51:16,532] {processor.py:641} INFO - Processing file /home/airflow/.local/lib/python3.7/site-packages/airflow/example_dags/example_branch_labels.py for tasks to queue
[2022-12-12 23:51:16,532] {logging_mixin.py:115} INFO - [2022-12-12 23:51:16,532] {dagbag.py:508} INFO - Filling up the DagBag from /home/airflow/.local/lib/python3.7/site-packages/airflow/example_dags/example_branch_labels.py
[2022-12-12 23:51:16,540] {processor.py:651} INFO - DAG(s) dict_keys(['example_branch_labels']) retrieved from /home/airflow/.local/lib/python3.7/site-packages/airflow/example_dags/example_branch_labels.py
[2022-12-12 23:51:16,567] {logging_mixin.py:115} INFO - [2022-12-12 23:51:16,567] {dag.py:2420} INFO - Sync 1 DAGs
[2022-12-12 23:51:16,597] {logging_mixin.py:115} INFO - [2022-12-12 23:51:16,597] {dag.py:2972} INFO - Setting next_dagrun for example_branch_labels to 2022-12-11T00:00:00+00:00, run_after=2022-12-12T00:00:00+00:00
[2022-12-12 23:51:16,611] {processor.py:161} INFO - Processing /home/airflow/.local/lib/python3.7/site-packages/airflow/example_dags/example_branch_labels.py took 0.083 seconds
[2022-12-12 23:51:46,917] {processor.py:153} INFO - Started process (PID=9867) to work on /home/airflow/.local/lib/python3.7/site-packages/airflow/example_dags/example_branch_labels.py
[2022-12-12 23:51:46,917] {processor.py:641} INFO - Processing file /home/airflow/.local/lib/python3.7/site-packages/airflow/example_dags/example_branch_labels.py for tasks to queue
[2022-12-12 23:51:46,918] {logging_mixin.py:115} INFO - [2022-12-12 23:51:46,918] {dagbag.py:508} INFO - Filling up the DagBag from /home/airflow/.local/lib/python3.7/site-packages/airflow/example_dags/example_branch_labels.py
[2022-12-12 23:51:46,933] {processor.py:651} INFO - DAG(s) dict_keys(['example_branch_labels']) retrieved from /home/airflow/.local/lib/python3.7/site-packages/airflow/example_dags/example_branch_labels.py
[2022-12-12 23:51:46,970] {logging_mixin.py:115} INFO - [2022-12-12 23:51:46,970] {dag.py:2420} INFO - Sync 1 DAGs
[2022-12-12 23:51:47,002] {logging_mixin.py:115} INFO - [2022-12-12 23:51:47,002] {dag.py:2972} INFO - Setting next_dagrun for example_branch_labels to 2022-12-11T00:00:00+00:00, run_after=2022-12-12T00:00:00+00:00
[2022-12-12 23:51:47,017] {processor.py:161} INFO - Processing /home/airflow/.local/lib/python3.7/site-packages/airflow/example_dags/example_branch_labels.py took 0.103 seconds
[2022-12-12 23:52:17,397] {processor.py:153} INFO - Started process (PID=9923) to work on /home/airflow/.local/lib/python3.7/site-packages/airflow/example_dags/example_branch_labels.py
[2022-12-12 23:52:17,397] {processor.py:641} INFO - Processing file /home/airflow/.local/lib/python3.7/site-packages/airflow/example_dags/example_branch_labels.py for tasks to queue
[2022-12-12 23:52:17,398] {logging_mixin.py:115} INFO - [2022-12-12 23:52:17,398] {dagbag.py:508} INFO - Filling up the DagBag from /home/airflow/.local/lib/python3.7/site-packages/airflow/example_dags/example_branch_labels.py
[2022-12-12 23:52:17,405] {processor.py:651} INFO - DAG(s) dict_keys(['example_branch_labels']) retrieved from /home/airflow/.local/lib/python3.7/site-packages/airflow/example_dags/example_branch_labels.py
[2022-12-12 23:52:17,462] {logging_mixin.py:115} INFO - [2022-12-12 23:52:17,462] {dag.py:2420} INFO - Sync 1 DAGs
[2022-12-12 23:52:17,491] {logging_mixin.py:115} INFO - [2022-12-12 23:52:17,491] {dag.py:2972} INFO - Setting next_dagrun for example_branch_labels to 2022-12-11T00:00:00+00:00, run_after=2022-12-12T00:00:00+00:00
[2022-12-12 23:52:17,505] {processor.py:161} INFO - Processing /home/airflow/.local/lib/python3.7/site-packages/airflow/example_dags/example_branch_labels.py took 0.112 seconds
[2022-12-12 23:52:47,872] {processor.py:153} INFO - Started process (PID=9986) to work on /home/airflow/.local/lib/python3.7/site-packages/airflow/example_dags/example_branch_labels.py
[2022-12-12 23:52:47,873] {processor.py:641} INFO - Processing file /home/airflow/.local/lib/python3.7/site-packages/airflow/example_dags/example_branch_labels.py for tasks to queue
[2022-12-12 23:52:47,873] {logging_mixin.py:115} INFO - [2022-12-12 23:52:47,873] {dagbag.py:508} INFO - Filling up the DagBag from /home/airflow/.local/lib/python3.7/site-packages/airflow/example_dags/example_branch_labels.py
[2022-12-12 23:52:47,879] {processor.py:651} INFO - DAG(s) dict_keys(['example_branch_labels']) retrieved from /home/airflow/.local/lib/python3.7/site-packages/airflow/example_dags/example_branch_labels.py
[2022-12-12 23:52:47,905] {logging_mixin.py:115} INFO - [2022-12-12 23:52:47,905] {dag.py:2420} INFO - Sync 1 DAGs
[2022-12-12 23:52:47,931] {logging_mixin.py:115} INFO - [2022-12-12 23:52:47,931] {dag.py:2972} INFO - Setting next_dagrun for example_branch_labels to 2022-12-11T00:00:00+00:00, run_after=2022-12-12T00:00:00+00:00
[2022-12-12 23:52:47,946] {processor.py:161} INFO - Processing /home/airflow/.local/lib/python3.7/site-packages/airflow/example_dags/example_branch_labels.py took 0.076 seconds
[2022-12-12 23:53:18,277] {processor.py:153} INFO - Started process (PID=10040) to work on /home/airflow/.local/lib/python3.7/site-packages/airflow/example_dags/example_branch_labels.py
[2022-12-12 23:53:18,278] {processor.py:641} INFO - Processing file /home/airflow/.local/lib/python3.7/site-packages/airflow/example_dags/example_branch_labels.py for tasks to queue
[2022-12-12 23:53:18,278] {logging_mixin.py:115} INFO - [2022-12-12 23:53:18,278] {dagbag.py:508} INFO - Filling up the DagBag from /home/airflow/.local/lib/python3.7/site-packages/airflow/example_dags/example_branch_labels.py
[2022-12-12 23:53:18,285] {processor.py:651} INFO - DAG(s) dict_keys(['example_branch_labels']) retrieved from /home/airflow/.local/lib/python3.7/site-packages/airflow/example_dags/example_branch_labels.py
[2022-12-12 23:53:18,311] {logging_mixin.py:115} INFO - [2022-12-12 23:53:18,311] {dag.py:2420} INFO - Sync 1 DAGs
[2022-12-12 23:53:18,338] {logging_mixin.py:115} INFO - [2022-12-12 23:53:18,338] {dag.py:2972} INFO - Setting next_dagrun for example_branch_labels to 2022-12-11T00:00:00+00:00, run_after=2022-12-12T00:00:00+00:00
[2022-12-12 23:53:18,350] {processor.py:161} INFO - Processing /home/airflow/.local/lib/python3.7/site-packages/airflow/example_dags/example_branch_labels.py took 0.076 seconds
[2022-12-12 23:53:48,949] {processor.py:153} INFO - Started process (PID=10103) to work on /home/airflow/.local/lib/python3.7/site-packages/airflow/example_dags/example_branch_labels.py
[2022-12-12 23:53:48,950] {processor.py:641} INFO - Processing file /home/airflow/.local/lib/python3.7/site-packages/airflow/example_dags/example_branch_labels.py for tasks to queue
[2022-12-12 23:53:48,950] {logging_mixin.py:115} INFO - [2022-12-12 23:53:48,950] {dagbag.py:508} INFO - Filling up the DagBag from /home/airflow/.local/lib/python3.7/site-packages/airflow/example_dags/example_branch_labels.py
[2022-12-12 23:53:48,959] {processor.py:651} INFO - DAG(s) dict_keys(['example_branch_labels']) retrieved from /home/airflow/.local/lib/python3.7/site-packages/airflow/example_dags/example_branch_labels.py
[2022-12-12 23:53:48,998] {logging_mixin.py:115} INFO - [2022-12-12 23:53:48,998] {dag.py:2420} INFO - Sync 1 DAGs
[2022-12-12 23:53:49,040] {logging_mixin.py:115} INFO - [2022-12-12 23:53:49,040] {dag.py:2972} INFO - Setting next_dagrun for example_branch_labels to 2022-12-11T00:00:00+00:00, run_after=2022-12-12T00:00:00+00:00
[2022-12-12 23:53:49,057] {processor.py:161} INFO - Processing /home/airflow/.local/lib/python3.7/site-packages/airflow/example_dags/example_branch_labels.py took 0.111 seconds
[2022-12-12 23:54:19,795] {processor.py:153} INFO - Started process (PID=10166) to work on /home/airflow/.local/lib/python3.7/site-packages/airflow/example_dags/example_branch_labels.py
[2022-12-12 23:54:19,796] {processor.py:641} INFO - Processing file /home/airflow/.local/lib/python3.7/site-packages/airflow/example_dags/example_branch_labels.py for tasks to queue
[2022-12-12 23:54:19,796] {logging_mixin.py:115} INFO - [2022-12-12 23:54:19,796] {dagbag.py:508} INFO - Filling up the DagBag from /home/airflow/.local/lib/python3.7/site-packages/airflow/example_dags/example_branch_labels.py
[2022-12-12 23:54:19,804] {processor.py:651} INFO - DAG(s) dict_keys(['example_branch_labels']) retrieved from /home/airflow/.local/lib/python3.7/site-packages/airflow/example_dags/example_branch_labels.py
[2022-12-12 23:54:19,835] {logging_mixin.py:115} INFO - [2022-12-12 23:54:19,834] {dag.py:2420} INFO - Sync 1 DAGs
[2022-12-12 23:54:19,868] {logging_mixin.py:115} INFO - [2022-12-12 23:54:19,868] {dag.py:2972} INFO - Setting next_dagrun for example_branch_labels to 2022-12-11T00:00:00+00:00, run_after=2022-12-12T00:00:00+00:00
[2022-12-12 23:54:19,884] {processor.py:161} INFO - Processing /home/airflow/.local/lib/python3.7/site-packages/airflow/example_dags/example_branch_labels.py took 0.092 seconds
[2022-12-12 23:54:50,349] {processor.py:153} INFO - Started process (PID=10221) to work on /home/airflow/.local/lib/python3.7/site-packages/airflow/example_dags/example_branch_labels.py
[2022-12-12 23:54:50,350] {processor.py:641} INFO - Processing file /home/airflow/.local/lib/python3.7/site-packages/airflow/example_dags/example_branch_labels.py for tasks to queue
[2022-12-12 23:54:50,350] {logging_mixin.py:115} INFO - [2022-12-12 23:54:50,350] {dagbag.py:508} INFO - Filling up the DagBag from /home/airflow/.local/lib/python3.7/site-packages/airflow/example_dags/example_branch_labels.py
[2022-12-12 23:54:50,358] {processor.py:651} INFO - DAG(s) dict_keys(['example_branch_labels']) retrieved from /home/airflow/.local/lib/python3.7/site-packages/airflow/example_dags/example_branch_labels.py
[2022-12-12 23:54:50,392] {logging_mixin.py:115} INFO - [2022-12-12 23:54:50,391] {dag.py:2420} INFO - Sync 1 DAGs
[2022-12-12 23:54:50,424] {logging_mixin.py:115} INFO - [2022-12-12 23:54:50,424] {dag.py:2972} INFO - Setting next_dagrun for example_branch_labels to 2022-12-11T00:00:00+00:00, run_after=2022-12-12T00:00:00+00:00
[2022-12-12 23:54:50,438] {processor.py:161} INFO - Processing /home/airflow/.local/lib/python3.7/site-packages/airflow/example_dags/example_branch_labels.py took 0.093 seconds
[2022-12-12 23:55:21,129] {processor.py:153} INFO - Started process (PID=10283) to work on /home/airflow/.local/lib/python3.7/site-packages/airflow/example_dags/example_branch_labels.py
[2022-12-12 23:55:21,130] {processor.py:641} INFO - Processing file /home/airflow/.local/lib/python3.7/site-packages/airflow/example_dags/example_branch_labels.py for tasks to queue
[2022-12-12 23:55:21,131] {logging_mixin.py:115} INFO - [2022-12-12 23:55:21,130] {dagbag.py:508} INFO - Filling up the DagBag from /home/airflow/.local/lib/python3.7/site-packages/airflow/example_dags/example_branch_labels.py
[2022-12-12 23:55:21,138] {processor.py:651} INFO - DAG(s) dict_keys(['example_branch_labels']) retrieved from /home/airflow/.local/lib/python3.7/site-packages/airflow/example_dags/example_branch_labels.py
[2022-12-12 23:55:21,167] {logging_mixin.py:115} INFO - [2022-12-12 23:55:21,167] {dag.py:2420} INFO - Sync 1 DAGs
[2022-12-12 23:55:21,200] {logging_mixin.py:115} INFO - [2022-12-12 23:55:21,200] {dag.py:2972} INFO - Setting next_dagrun for example_branch_labels to 2022-12-11T00:00:00+00:00, run_after=2022-12-12T00:00:00+00:00
[2022-12-12 23:55:21,214] {processor.py:161} INFO - Processing /home/airflow/.local/lib/python3.7/site-packages/airflow/example_dags/example_branch_labels.py took 0.090 seconds
[2022-12-12 23:55:51,772] {processor.py:153} INFO - Started process (PID=10346) to work on /home/airflow/.local/lib/python3.7/site-packages/airflow/example_dags/example_branch_labels.py
[2022-12-12 23:55:51,773] {processor.py:641} INFO - Processing file /home/airflow/.local/lib/python3.7/site-packages/airflow/example_dags/example_branch_labels.py for tasks to queue
[2022-12-12 23:55:51,773] {logging_mixin.py:115} INFO - [2022-12-12 23:55:51,773] {dagbag.py:508} INFO - Filling up the DagBag from /home/airflow/.local/lib/python3.7/site-packages/airflow/example_dags/example_branch_labels.py
[2022-12-12 23:55:51,781] {processor.py:651} INFO - DAG(s) dict_keys(['example_branch_labels']) retrieved from /home/airflow/.local/lib/python3.7/site-packages/airflow/example_dags/example_branch_labels.py
[2022-12-12 23:55:51,815] {logging_mixin.py:115} INFO - [2022-12-12 23:55:51,815] {dag.py:2420} INFO - Sync 1 DAGs
[2022-12-12 23:55:51,855] {logging_mixin.py:115} INFO - [2022-12-12 23:55:51,854] {dag.py:2972} INFO - Setting next_dagrun for example_branch_labels to 2022-12-11T00:00:00+00:00, run_after=2022-12-12T00:00:00+00:00
[2022-12-12 23:55:51,870] {processor.py:161} INFO - Processing /home/airflow/.local/lib/python3.7/site-packages/airflow/example_dags/example_branch_labels.py took 0.100 seconds
[2022-12-12 23:56:22,307] {processor.py:153} INFO - Started process (PID=10400) to work on /home/airflow/.local/lib/python3.7/site-packages/airflow/example_dags/example_branch_labels.py
[2022-12-12 23:56:22,308] {processor.py:641} INFO - Processing file /home/airflow/.local/lib/python3.7/site-packages/airflow/example_dags/example_branch_labels.py for tasks to queue
[2022-12-12 23:56:22,309] {logging_mixin.py:115} INFO - [2022-12-12 23:56:22,309] {dagbag.py:508} INFO - Filling up the DagBag from /home/airflow/.local/lib/python3.7/site-packages/airflow/example_dags/example_branch_labels.py
[2022-12-12 23:56:22,322] {processor.py:651} INFO - DAG(s) dict_keys(['example_branch_labels']) retrieved from /home/airflow/.local/lib/python3.7/site-packages/airflow/example_dags/example_branch_labels.py
[2022-12-12 23:56:22,363] {logging_mixin.py:115} INFO - [2022-12-12 23:56:22,363] {dag.py:2420} INFO - Sync 1 DAGs
[2022-12-12 23:56:22,391] {logging_mixin.py:115} INFO - [2022-12-12 23:56:22,391] {dag.py:2972} INFO - Setting next_dagrun for example_branch_labels to 2022-12-11T00:00:00+00:00, run_after=2022-12-12T00:00:00+00:00
[2022-12-12 23:56:22,404] {processor.py:161} INFO - Processing /home/airflow/.local/lib/python3.7/site-packages/airflow/example_dags/example_branch_labels.py took 0.101 seconds
[2022-12-12 23:56:53,225] {processor.py:153} INFO - Started process (PID=10463) to work on /home/airflow/.local/lib/python3.7/site-packages/airflow/example_dags/example_branch_labels.py
[2022-12-12 23:56:53,226] {processor.py:641} INFO - Processing file /home/airflow/.local/lib/python3.7/site-packages/airflow/example_dags/example_branch_labels.py for tasks to queue
[2022-12-12 23:56:53,227] {logging_mixin.py:115} INFO - [2022-12-12 23:56:53,227] {dagbag.py:508} INFO - Filling up the DagBag from /home/airflow/.local/lib/python3.7/site-packages/airflow/example_dags/example_branch_labels.py
[2022-12-12 23:56:53,239] {processor.py:651} INFO - DAG(s) dict_keys(['example_branch_labels']) retrieved from /home/airflow/.local/lib/python3.7/site-packages/airflow/example_dags/example_branch_labels.py
[2022-12-12 23:56:53,281] {logging_mixin.py:115} INFO - [2022-12-12 23:56:53,280] {dag.py:2420} INFO - Sync 1 DAGs
[2022-12-12 23:56:53,319] {logging_mixin.py:115} INFO - [2022-12-12 23:56:53,319] {dag.py:2972} INFO - Setting next_dagrun for example_branch_labels to 2022-12-11T00:00:00+00:00, run_after=2022-12-12T00:00:00+00:00
[2022-12-12 23:56:53,336] {processor.py:161} INFO - Processing /home/airflow/.local/lib/python3.7/site-packages/airflow/example_dags/example_branch_labels.py took 0.116 seconds
[2022-12-12 23:57:23,777] {processor.py:153} INFO - Started process (PID=10517) to work on /home/airflow/.local/lib/python3.7/site-packages/airflow/example_dags/example_branch_labels.py
[2022-12-12 23:57:23,778] {processor.py:641} INFO - Processing file /home/airflow/.local/lib/python3.7/site-packages/airflow/example_dags/example_branch_labels.py for tasks to queue
[2022-12-12 23:57:23,779] {logging_mixin.py:115} INFO - [2022-12-12 23:57:23,779] {dagbag.py:508} INFO - Filling up the DagBag from /home/airflow/.local/lib/python3.7/site-packages/airflow/example_dags/example_branch_labels.py
[2022-12-12 23:57:23,789] {processor.py:651} INFO - DAG(s) dict_keys(['example_branch_labels']) retrieved from /home/airflow/.local/lib/python3.7/site-packages/airflow/example_dags/example_branch_labels.py
[2022-12-12 23:57:23,819] {logging_mixin.py:115} INFO - [2022-12-12 23:57:23,819] {dag.py:2420} INFO - Sync 1 DAGs
[2022-12-12 23:57:23,852] {logging_mixin.py:115} INFO - [2022-12-12 23:57:23,852] {dag.py:2972} INFO - Setting next_dagrun for example_branch_labels to 2022-12-11T00:00:00+00:00, run_after=2022-12-12T00:00:00+00:00
[2022-12-12 23:57:23,867] {processor.py:161} INFO - Processing /home/airflow/.local/lib/python3.7/site-packages/airflow/example_dags/example_branch_labels.py took 0.093 seconds
[2022-12-12 23:57:54,615] {processor.py:153} INFO - Started process (PID=10580) to work on /home/airflow/.local/lib/python3.7/site-packages/airflow/example_dags/example_branch_labels.py
[2022-12-12 23:57:54,616] {processor.py:641} INFO - Processing file /home/airflow/.local/lib/python3.7/site-packages/airflow/example_dags/example_branch_labels.py for tasks to queue
[2022-12-12 23:57:54,616] {logging_mixin.py:115} INFO - [2022-12-12 23:57:54,616] {dagbag.py:508} INFO - Filling up the DagBag from /home/airflow/.local/lib/python3.7/site-packages/airflow/example_dags/example_branch_labels.py
[2022-12-12 23:57:54,623] {processor.py:651} INFO - DAG(s) dict_keys(['example_branch_labels']) retrieved from /home/airflow/.local/lib/python3.7/site-packages/airflow/example_dags/example_branch_labels.py
[2022-12-12 23:57:54,651] {logging_mixin.py:115} INFO - [2022-12-12 23:57:54,651] {dag.py:2420} INFO - Sync 1 DAGs
[2022-12-12 23:57:54,690] {logging_mixin.py:115} INFO - [2022-12-12 23:57:54,690] {dag.py:2972} INFO - Setting next_dagrun for example_branch_labels to 2022-12-11T00:00:00+00:00, run_after=2022-12-12T00:00:00+00:00
[2022-12-12 23:57:54,706] {processor.py:161} INFO - Processing /home/airflow/.local/lib/python3.7/site-packages/airflow/example_dags/example_branch_labels.py took 0.093 seconds
[2022-12-12 23:58:25,287] {processor.py:153} INFO - Started process (PID=10643) to work on /home/airflow/.local/lib/python3.7/site-packages/airflow/example_dags/example_branch_labels.py
[2022-12-12 23:58:25,287] {processor.py:641} INFO - Processing file /home/airflow/.local/lib/python3.7/site-packages/airflow/example_dags/example_branch_labels.py for tasks to queue
[2022-12-12 23:58:25,288] {logging_mixin.py:115} INFO - [2022-12-12 23:58:25,288] {dagbag.py:508} INFO - Filling up the DagBag from /home/airflow/.local/lib/python3.7/site-packages/airflow/example_dags/example_branch_labels.py
[2022-12-12 23:58:25,294] {processor.py:651} INFO - DAG(s) dict_keys(['example_branch_labels']) retrieved from /home/airflow/.local/lib/python3.7/site-packages/airflow/example_dags/example_branch_labels.py
[2022-12-12 23:58:25,322] {logging_mixin.py:115} INFO - [2022-12-12 23:58:25,322] {dag.py:2420} INFO - Sync 1 DAGs
[2022-12-12 23:58:25,355] {logging_mixin.py:115} INFO - [2022-12-12 23:58:25,355] {dag.py:2972} INFO - Setting next_dagrun for example_branch_labels to 2022-12-11T00:00:00+00:00, run_after=2022-12-12T00:00:00+00:00
[2022-12-12 23:58:25,372] {processor.py:161} INFO - Processing /home/airflow/.local/lib/python3.7/site-packages/airflow/example_dags/example_branch_labels.py took 0.088 seconds
[2022-12-12 23:58:56,002] {processor.py:153} INFO - Started process (PID=10697) to work on /home/airflow/.local/lib/python3.7/site-packages/airflow/example_dags/example_branch_labels.py
[2022-12-12 23:58:56,002] {processor.py:641} INFO - Processing file /home/airflow/.local/lib/python3.7/site-packages/airflow/example_dags/example_branch_labels.py for tasks to queue
[2022-12-12 23:58:56,003] {logging_mixin.py:115} INFO - [2022-12-12 23:58:56,003] {dagbag.py:508} INFO - Filling up the DagBag from /home/airflow/.local/lib/python3.7/site-packages/airflow/example_dags/example_branch_labels.py
[2022-12-12 23:58:56,010] {processor.py:651} INFO - DAG(s) dict_keys(['example_branch_labels']) retrieved from /home/airflow/.local/lib/python3.7/site-packages/airflow/example_dags/example_branch_labels.py
[2022-12-12 23:58:56,040] {logging_mixin.py:115} INFO - [2022-12-12 23:58:56,040] {dag.py:2420} INFO - Sync 1 DAGs
[2022-12-12 23:58:56,071] {logging_mixin.py:115} INFO - [2022-12-12 23:58:56,071] {dag.py:2972} INFO - Setting next_dagrun for example_branch_labels to 2022-12-11T00:00:00+00:00, run_after=2022-12-12T00:00:00+00:00
[2022-12-12 23:58:56,085] {processor.py:161} INFO - Processing /home/airflow/.local/lib/python3.7/site-packages/airflow/example_dags/example_branch_labels.py took 0.087 seconds
[2022-12-12 23:59:26,367] {processor.py:153} INFO - Started process (PID=10760) to work on /home/airflow/.local/lib/python3.7/site-packages/airflow/example_dags/example_branch_labels.py
[2022-12-12 23:59:26,368] {processor.py:641} INFO - Processing file /home/airflow/.local/lib/python3.7/site-packages/airflow/example_dags/example_branch_labels.py for tasks to queue
[2022-12-12 23:59:26,368] {logging_mixin.py:115} INFO - [2022-12-12 23:59:26,368] {dagbag.py:508} INFO - Filling up the DagBag from /home/airflow/.local/lib/python3.7/site-packages/airflow/example_dags/example_branch_labels.py
[2022-12-12 23:59:26,376] {processor.py:651} INFO - DAG(s) dict_keys(['example_branch_labels']) retrieved from /home/airflow/.local/lib/python3.7/site-packages/airflow/example_dags/example_branch_labels.py
[2022-12-12 23:59:26,403] {logging_mixin.py:115} INFO - [2022-12-12 23:59:26,403] {dag.py:2420} INFO - Sync 1 DAGs
[2022-12-12 23:59:26,437] {logging_mixin.py:115} INFO - [2022-12-12 23:59:26,437] {dag.py:2972} INFO - Setting next_dagrun for example_branch_labels to 2022-12-11T00:00:00+00:00, run_after=2022-12-12T00:00:00+00:00
[2022-12-12 23:59:26,453] {processor.py:161} INFO - Processing /home/airflow/.local/lib/python3.7/site-packages/airflow/example_dags/example_branch_labels.py took 0.090 seconds
[2022-12-12 23:59:57,005] {processor.py:153} INFO - Started process (PID=10824) to work on /home/airflow/.local/lib/python3.7/site-packages/airflow/example_dags/example_branch_labels.py
[2022-12-12 23:59:57,006] {processor.py:641} INFO - Processing file /home/airflow/.local/lib/python3.7/site-packages/airflow/example_dags/example_branch_labels.py for tasks to queue
[2022-12-12 23:59:57,007] {logging_mixin.py:115} INFO - [2022-12-12 23:59:57,007] {dagbag.py:508} INFO - Filling up the DagBag from /home/airflow/.local/lib/python3.7/site-packages/airflow/example_dags/example_branch_labels.py
[2022-12-12 23:59:57,015] {processor.py:651} INFO - DAG(s) dict_keys(['example_branch_labels']) retrieved from /home/airflow/.local/lib/python3.7/site-packages/airflow/example_dags/example_branch_labels.py
[2022-12-12 23:59:57,048] {logging_mixin.py:115} INFO - [2022-12-12 23:59:57,048] {dag.py:2420} INFO - Sync 1 DAGs
[2022-12-12 23:59:57,080] {logging_mixin.py:115} INFO - [2022-12-12 23:59:57,080] {dag.py:2972} INFO - Setting next_dagrun for example_branch_labels to 2022-12-11T00:00:00+00:00, run_after=2022-12-12T00:00:00+00:00
[2022-12-12 23:59:57,095] {processor.py:161} INFO - Processing /home/airflow/.local/lib/python3.7/site-packages/airflow/example_dags/example_branch_labels.py took 0.093 seconds
