[2022-09-21 00:08:57,064] {processor.py:153} INFO - Started process (PID=8305) to work on /home/airflow/.local/lib/python3.7/site-packages/airflow/example_dags/example_kubernetes_executor.py
[2022-09-21 00:08:57,065] {processor.py:641} INFO - Processing file /home/airflow/.local/lib/python3.7/site-packages/airflow/example_dags/example_kubernetes_executor.py for tasks to queue
[2022-09-21 00:08:57,068] {logging_mixin.py:115} INFO - [2022-09-21 00:08:57,067] {dagbag.py:508} INFO - Filling up the DagBag from /home/airflow/.local/lib/python3.7/site-packages/airflow/example_dags/example_kubernetes_executor.py
[2022-09-21 00:08:57,138] {processor.py:651} INFO - DAG(s) dict_keys(['example_kubernetes_executor']) retrieved from /home/airflow/.local/lib/python3.7/site-packages/airflow/example_dags/example_kubernetes_executor.py
[2022-09-21 00:08:57,218] {logging_mixin.py:115} INFO - [2022-09-21 00:08:57,218] {dag.py:2420} INFO - Sync 1 DAGs
[2022-09-21 00:08:57,298] {logging_mixin.py:115} INFO - [2022-09-21 00:08:57,298] {dag.py:2972} INFO - Setting next_dagrun for example_kubernetes_executor to None, run_after=None
[2022-09-21 00:08:57,346] {processor.py:161} INFO - Processing /home/airflow/.local/lib/python3.7/site-packages/airflow/example_dags/example_kubernetes_executor.py took 0.291 seconds
[2022-09-21 00:09:27,531] {processor.py:153} INFO - Started process (PID=8358) to work on /home/airflow/.local/lib/python3.7/site-packages/airflow/example_dags/example_kubernetes_executor.py
[2022-09-21 00:09:27,532] {processor.py:641} INFO - Processing file /home/airflow/.local/lib/python3.7/site-packages/airflow/example_dags/example_kubernetes_executor.py for tasks to queue
[2022-09-21 00:09:27,534] {logging_mixin.py:115} INFO - [2022-09-21 00:09:27,533] {dagbag.py:508} INFO - Filling up the DagBag from /home/airflow/.local/lib/python3.7/site-packages/airflow/example_dags/example_kubernetes_executor.py
[2022-09-21 00:09:27,576] {processor.py:651} INFO - DAG(s) dict_keys(['example_kubernetes_executor']) retrieved from /home/airflow/.local/lib/python3.7/site-packages/airflow/example_dags/example_kubernetes_executor.py
[2022-09-21 00:09:27,620] {logging_mixin.py:115} INFO - [2022-09-21 00:09:27,620] {dag.py:2420} INFO - Sync 1 DAGs
[2022-09-21 00:09:27,662] {logging_mixin.py:115} INFO - [2022-09-21 00:09:27,662] {dag.py:2972} INFO - Setting next_dagrun for example_kubernetes_executor to None, run_after=None
[2022-09-21 00:09:27,686] {processor.py:161} INFO - Processing /home/airflow/.local/lib/python3.7/site-packages/airflow/example_dags/example_kubernetes_executor.py took 0.163 seconds
[2022-09-21 00:09:58,086] {processor.py:153} INFO - Started process (PID=8411) to work on /home/airflow/.local/lib/python3.7/site-packages/airflow/example_dags/example_kubernetes_executor.py
[2022-09-21 00:09:58,087] {processor.py:641} INFO - Processing file /home/airflow/.local/lib/python3.7/site-packages/airflow/example_dags/example_kubernetes_executor.py for tasks to queue
[2022-09-21 00:09:58,088] {logging_mixin.py:115} INFO - [2022-09-21 00:09:58,087] {dagbag.py:508} INFO - Filling up the DagBag from /home/airflow/.local/lib/python3.7/site-packages/airflow/example_dags/example_kubernetes_executor.py
[2022-09-21 00:09:58,126] {processor.py:651} INFO - DAG(s) dict_keys(['example_kubernetes_executor']) retrieved from /home/airflow/.local/lib/python3.7/site-packages/airflow/example_dags/example_kubernetes_executor.py
[2022-09-21 00:09:58,169] {logging_mixin.py:115} INFO - [2022-09-21 00:09:58,168] {dag.py:2420} INFO - Sync 1 DAGs
[2022-09-21 00:09:58,210] {logging_mixin.py:115} INFO - [2022-09-21 00:09:58,210] {dag.py:2972} INFO - Setting next_dagrun for example_kubernetes_executor to None, run_after=None
[2022-09-21 00:09:58,237] {processor.py:161} INFO - Processing /home/airflow/.local/lib/python3.7/site-packages/airflow/example_dags/example_kubernetes_executor.py took 0.155 seconds
[2022-09-21 00:10:29,172] {processor.py:153} INFO - Started process (PID=8474) to work on /home/airflow/.local/lib/python3.7/site-packages/airflow/example_dags/example_kubernetes_executor.py
[2022-09-21 00:10:29,173] {processor.py:641} INFO - Processing file /home/airflow/.local/lib/python3.7/site-packages/airflow/example_dags/example_kubernetes_executor.py for tasks to queue
[2022-09-21 00:10:29,174] {logging_mixin.py:115} INFO - [2022-09-21 00:10:29,174] {dagbag.py:508} INFO - Filling up the DagBag from /home/airflow/.local/lib/python3.7/site-packages/airflow/example_dags/example_kubernetes_executor.py
[2022-09-21 00:10:29,245] {processor.py:651} INFO - DAG(s) dict_keys(['example_kubernetes_executor']) retrieved from /home/airflow/.local/lib/python3.7/site-packages/airflow/example_dags/example_kubernetes_executor.py
[2022-09-21 00:10:29,336] {logging_mixin.py:115} INFO - [2022-09-21 00:10:29,336] {dag.py:2420} INFO - Sync 1 DAGs
[2022-09-21 00:10:29,406] {logging_mixin.py:115} INFO - [2022-09-21 00:10:29,406] {dag.py:2972} INFO - Setting next_dagrun for example_kubernetes_executor to None, run_after=None
[2022-09-21 00:10:29,448] {processor.py:161} INFO - Processing /home/airflow/.local/lib/python3.7/site-packages/airflow/example_dags/example_kubernetes_executor.py took 0.286 seconds
[2022-09-21 00:10:59,504] {processor.py:153} INFO - Started process (PID=8526) to work on /home/airflow/.local/lib/python3.7/site-packages/airflow/example_dags/example_kubernetes_executor.py
[2022-09-21 00:10:59,505] {processor.py:641} INFO - Processing file /home/airflow/.local/lib/python3.7/site-packages/airflow/example_dags/example_kubernetes_executor.py for tasks to queue
[2022-09-21 00:10:59,505] {logging_mixin.py:115} INFO - [2022-09-21 00:10:59,505] {dagbag.py:508} INFO - Filling up the DagBag from /home/airflow/.local/lib/python3.7/site-packages/airflow/example_dags/example_kubernetes_executor.py
[2022-09-21 00:10:59,544] {processor.py:651} INFO - DAG(s) dict_keys(['example_kubernetes_executor']) retrieved from /home/airflow/.local/lib/python3.7/site-packages/airflow/example_dags/example_kubernetes_executor.py
[2022-09-21 00:10:59,589] {logging_mixin.py:115} INFO - [2022-09-21 00:10:59,589] {dag.py:2420} INFO - Sync 1 DAGs
[2022-09-21 00:10:59,637] {logging_mixin.py:115} INFO - [2022-09-21 00:10:59,636] {dag.py:2972} INFO - Setting next_dagrun for example_kubernetes_executor to None, run_after=None
[2022-09-21 00:10:59,661] {processor.py:161} INFO - Processing /home/airflow/.local/lib/python3.7/site-packages/airflow/example_dags/example_kubernetes_executor.py took 0.162 seconds
[2022-09-21 00:11:29,846] {processor.py:153} INFO - Started process (PID=8579) to work on /home/airflow/.local/lib/python3.7/site-packages/airflow/example_dags/example_kubernetes_executor.py
[2022-09-21 00:11:29,847] {processor.py:641} INFO - Processing file /home/airflow/.local/lib/python3.7/site-packages/airflow/example_dags/example_kubernetes_executor.py for tasks to queue
[2022-09-21 00:11:29,848] {logging_mixin.py:115} INFO - [2022-09-21 00:11:29,848] {dagbag.py:508} INFO - Filling up the DagBag from /home/airflow/.local/lib/python3.7/site-packages/airflow/example_dags/example_kubernetes_executor.py
[2022-09-21 00:11:29,896] {processor.py:651} INFO - DAG(s) dict_keys(['example_kubernetes_executor']) retrieved from /home/airflow/.local/lib/python3.7/site-packages/airflow/example_dags/example_kubernetes_executor.py
[2022-09-21 00:11:29,947] {logging_mixin.py:115} INFO - [2022-09-21 00:11:29,947] {dag.py:2420} INFO - Sync 1 DAGs
[2022-09-21 00:11:29,998] {logging_mixin.py:115} INFO - [2022-09-21 00:11:29,998] {dag.py:2972} INFO - Setting next_dagrun for example_kubernetes_executor to None, run_after=None
[2022-09-21 00:11:30,021] {processor.py:161} INFO - Processing /home/airflow/.local/lib/python3.7/site-packages/airflow/example_dags/example_kubernetes_executor.py took 0.180 seconds
[2022-09-21 00:12:00,212] {processor.py:153} INFO - Started process (PID=8641) to work on /home/airflow/.local/lib/python3.7/site-packages/airflow/example_dags/example_kubernetes_executor.py
[2022-09-21 00:12:00,213] {processor.py:641} INFO - Processing file /home/airflow/.local/lib/python3.7/site-packages/airflow/example_dags/example_kubernetes_executor.py for tasks to queue
[2022-09-21 00:12:00,214] {logging_mixin.py:115} INFO - [2022-09-21 00:12:00,214] {dagbag.py:508} INFO - Filling up the DagBag from /home/airflow/.local/lib/python3.7/site-packages/airflow/example_dags/example_kubernetes_executor.py
[2022-09-21 00:12:00,258] {processor.py:651} INFO - DAG(s) dict_keys(['example_kubernetes_executor']) retrieved from /home/airflow/.local/lib/python3.7/site-packages/airflow/example_dags/example_kubernetes_executor.py
[2022-09-21 00:12:00,311] {logging_mixin.py:115} INFO - [2022-09-21 00:12:00,311] {dag.py:2420} INFO - Sync 1 DAGs
[2022-09-21 00:12:00,358] {logging_mixin.py:115} INFO - [2022-09-21 00:12:00,357] {dag.py:2972} INFO - Setting next_dagrun for example_kubernetes_executor to None, run_after=None
[2022-09-21 00:12:00,383] {processor.py:161} INFO - Processing /home/airflow/.local/lib/python3.7/site-packages/airflow/example_dags/example_kubernetes_executor.py took 0.176 seconds
[2022-09-21 00:12:30,558] {processor.py:153} INFO - Started process (PID=8695) to work on /home/airflow/.local/lib/python3.7/site-packages/airflow/example_dags/example_kubernetes_executor.py
[2022-09-21 00:12:30,559] {processor.py:641} INFO - Processing file /home/airflow/.local/lib/python3.7/site-packages/airflow/example_dags/example_kubernetes_executor.py for tasks to queue
[2022-09-21 00:12:30,560] {logging_mixin.py:115} INFO - [2022-09-21 00:12:30,560] {dagbag.py:508} INFO - Filling up the DagBag from /home/airflow/.local/lib/python3.7/site-packages/airflow/example_dags/example_kubernetes_executor.py
[2022-09-21 00:12:30,601] {processor.py:651} INFO - DAG(s) dict_keys(['example_kubernetes_executor']) retrieved from /home/airflow/.local/lib/python3.7/site-packages/airflow/example_dags/example_kubernetes_executor.py
[2022-09-21 00:12:30,647] {logging_mixin.py:115} INFO - [2022-09-21 00:12:30,647] {dag.py:2420} INFO - Sync 1 DAGs
[2022-09-21 00:12:30,691] {logging_mixin.py:115} INFO - [2022-09-21 00:12:30,691] {dag.py:2972} INFO - Setting next_dagrun for example_kubernetes_executor to None, run_after=None
[2022-09-21 00:12:30,715] {processor.py:161} INFO - Processing /home/airflow/.local/lib/python3.7/site-packages/airflow/example_dags/example_kubernetes_executor.py took 0.161 seconds
[2022-09-21 00:13:01,521] {processor.py:153} INFO - Started process (PID=8759) to work on /home/airflow/.local/lib/python3.7/site-packages/airflow/example_dags/example_kubernetes_executor.py
[2022-09-21 00:13:01,523] {processor.py:641} INFO - Processing file /home/airflow/.local/lib/python3.7/site-packages/airflow/example_dags/example_kubernetes_executor.py for tasks to queue
[2022-09-21 00:13:01,524] {logging_mixin.py:115} INFO - [2022-09-21 00:13:01,524] {dagbag.py:508} INFO - Filling up the DagBag from /home/airflow/.local/lib/python3.7/site-packages/airflow/example_dags/example_kubernetes_executor.py
[2022-09-21 00:13:01,578] {processor.py:651} INFO - DAG(s) dict_keys(['example_kubernetes_executor']) retrieved from /home/airflow/.local/lib/python3.7/site-packages/airflow/example_dags/example_kubernetes_executor.py
[2022-09-21 00:13:01,647] {logging_mixin.py:115} INFO - [2022-09-21 00:13:01,647] {dag.py:2420} INFO - Sync 1 DAGs
[2022-09-21 00:13:01,712] {logging_mixin.py:115} INFO - [2022-09-21 00:13:01,712] {dag.py:2972} INFO - Setting next_dagrun for example_kubernetes_executor to None, run_after=None
[2022-09-21 00:13:01,760] {processor.py:161} INFO - Processing /home/airflow/.local/lib/python3.7/site-packages/airflow/example_dags/example_kubernetes_executor.py took 0.247 seconds
[2022-09-21 00:13:31,998] {processor.py:153} INFO - Started process (PID=8811) to work on /home/airflow/.local/lib/python3.7/site-packages/airflow/example_dags/example_kubernetes_executor.py
[2022-09-21 00:13:31,999] {processor.py:641} INFO - Processing file /home/airflow/.local/lib/python3.7/site-packages/airflow/example_dags/example_kubernetes_executor.py for tasks to queue
[2022-09-21 00:13:31,999] {logging_mixin.py:115} INFO - [2022-09-21 00:13:31,999] {dagbag.py:508} INFO - Filling up the DagBag from /home/airflow/.local/lib/python3.7/site-packages/airflow/example_dags/example_kubernetes_executor.py
[2022-09-21 00:13:32,043] {processor.py:651} INFO - DAG(s) dict_keys(['example_kubernetes_executor']) retrieved from /home/airflow/.local/lib/python3.7/site-packages/airflow/example_dags/example_kubernetes_executor.py
[2022-09-21 00:13:32,088] {logging_mixin.py:115} INFO - [2022-09-21 00:13:32,088] {dag.py:2420} INFO - Sync 1 DAGs
[2022-09-21 00:13:32,136] {logging_mixin.py:115} INFO - [2022-09-21 00:13:32,135] {dag.py:2972} INFO - Setting next_dagrun for example_kubernetes_executor to None, run_after=None
[2022-09-21 00:13:32,162] {processor.py:161} INFO - Processing /home/airflow/.local/lib/python3.7/site-packages/airflow/example_dags/example_kubernetes_executor.py took 0.169 seconds
[2022-09-21 00:14:02,788] {processor.py:153} INFO - Started process (PID=8872) to work on /home/airflow/.local/lib/python3.7/site-packages/airflow/example_dags/example_kubernetes_executor.py
[2022-09-21 00:14:02,788] {processor.py:641} INFO - Processing file /home/airflow/.local/lib/python3.7/site-packages/airflow/example_dags/example_kubernetes_executor.py for tasks to queue
[2022-09-21 00:14:02,789] {logging_mixin.py:115} INFO - [2022-09-21 00:14:02,789] {dagbag.py:508} INFO - Filling up the DagBag from /home/airflow/.local/lib/python3.7/site-packages/airflow/example_dags/example_kubernetes_executor.py
[2022-09-21 00:14:02,832] {processor.py:651} INFO - DAG(s) dict_keys(['example_kubernetes_executor']) retrieved from /home/airflow/.local/lib/python3.7/site-packages/airflow/example_dags/example_kubernetes_executor.py
[2022-09-21 00:14:02,889] {logging_mixin.py:115} INFO - [2022-09-21 00:14:02,889] {dag.py:2420} INFO - Sync 1 DAGs
[2022-09-21 00:14:02,933] {logging_mixin.py:115} INFO - [2022-09-21 00:14:02,932] {dag.py:2972} INFO - Setting next_dagrun for example_kubernetes_executor to None, run_after=None
[2022-09-21 00:14:02,960] {processor.py:161} INFO - Processing /home/airflow/.local/lib/python3.7/site-packages/airflow/example_dags/example_kubernetes_executor.py took 0.177 seconds
[2022-09-21 00:14:33,491] {processor.py:153} INFO - Started process (PID=8927) to work on /home/airflow/.local/lib/python3.7/site-packages/airflow/example_dags/example_kubernetes_executor.py
[2022-09-21 00:14:33,492] {processor.py:641} INFO - Processing file /home/airflow/.local/lib/python3.7/site-packages/airflow/example_dags/example_kubernetes_executor.py for tasks to queue
[2022-09-21 00:14:33,493] {logging_mixin.py:115} INFO - [2022-09-21 00:14:33,492] {dagbag.py:508} INFO - Filling up the DagBag from /home/airflow/.local/lib/python3.7/site-packages/airflow/example_dags/example_kubernetes_executor.py
[2022-09-21 00:14:33,533] {processor.py:651} INFO - DAG(s) dict_keys(['example_kubernetes_executor']) retrieved from /home/airflow/.local/lib/python3.7/site-packages/airflow/example_dags/example_kubernetes_executor.py
[2022-09-21 00:14:33,580] {logging_mixin.py:115} INFO - [2022-09-21 00:14:33,580] {dag.py:2420} INFO - Sync 1 DAGs
[2022-09-21 00:14:33,623] {logging_mixin.py:115} INFO - [2022-09-21 00:14:33,623] {dag.py:2972} INFO - Setting next_dagrun for example_kubernetes_executor to None, run_after=None
[2022-09-21 00:14:33,647] {processor.py:161} INFO - Processing /home/airflow/.local/lib/python3.7/site-packages/airflow/example_dags/example_kubernetes_executor.py took 0.161 seconds
[2022-09-21 00:15:04,201] {processor.py:153} INFO - Started process (PID=8980) to work on /home/airflow/.local/lib/python3.7/site-packages/airflow/example_dags/example_kubernetes_executor.py
[2022-09-21 00:15:04,202] {processor.py:641} INFO - Processing file /home/airflow/.local/lib/python3.7/site-packages/airflow/example_dags/example_kubernetes_executor.py for tasks to queue
[2022-09-21 00:15:04,202] {logging_mixin.py:115} INFO - [2022-09-21 00:15:04,202] {dagbag.py:508} INFO - Filling up the DagBag from /home/airflow/.local/lib/python3.7/site-packages/airflow/example_dags/example_kubernetes_executor.py
[2022-09-21 00:15:04,239] {processor.py:651} INFO - DAG(s) dict_keys(['example_kubernetes_executor']) retrieved from /home/airflow/.local/lib/python3.7/site-packages/airflow/example_dags/example_kubernetes_executor.py
[2022-09-21 00:15:04,278] {logging_mixin.py:115} INFO - [2022-09-21 00:15:04,278] {dag.py:2420} INFO - Sync 1 DAGs
[2022-09-21 00:15:04,316] {logging_mixin.py:115} INFO - [2022-09-21 00:15:04,316] {dag.py:2972} INFO - Setting next_dagrun for example_kubernetes_executor to None, run_after=None
[2022-09-21 00:15:04,338] {processor.py:161} INFO - Processing /home/airflow/.local/lib/python3.7/site-packages/airflow/example_dags/example_kubernetes_executor.py took 0.142 seconds
[2022-09-21 00:15:34,762] {processor.py:153} INFO - Started process (PID=9042) to work on /home/airflow/.local/lib/python3.7/site-packages/airflow/example_dags/example_kubernetes_executor.py
[2022-09-21 00:15:34,763] {processor.py:641} INFO - Processing file /home/airflow/.local/lib/python3.7/site-packages/airflow/example_dags/example_kubernetes_executor.py for tasks to queue
[2022-09-21 00:15:34,764] {logging_mixin.py:115} INFO - [2022-09-21 00:15:34,764] {dagbag.py:508} INFO - Filling up the DagBag from /home/airflow/.local/lib/python3.7/site-packages/airflow/example_dags/example_kubernetes_executor.py
[2022-09-21 00:15:34,827] {processor.py:651} INFO - DAG(s) dict_keys(['example_kubernetes_executor']) retrieved from /home/airflow/.local/lib/python3.7/site-packages/airflow/example_dags/example_kubernetes_executor.py
[2022-09-21 00:15:34,896] {logging_mixin.py:115} INFO - [2022-09-21 00:15:34,896] {dag.py:2420} INFO - Sync 1 DAGs
[2022-09-21 00:15:34,950] {logging_mixin.py:115} INFO - [2022-09-21 00:15:34,950] {dag.py:2972} INFO - Setting next_dagrun for example_kubernetes_executor to None, run_after=None
[2022-09-21 00:15:34,972] {processor.py:161} INFO - Processing /home/airflow/.local/lib/python3.7/site-packages/airflow/example_dags/example_kubernetes_executor.py took 0.224 seconds
[2022-09-21 00:16:05,201] {processor.py:153} INFO - Started process (PID=9096) to work on /home/airflow/.local/lib/python3.7/site-packages/airflow/example_dags/example_kubernetes_executor.py
[2022-09-21 00:16:05,202] {processor.py:641} INFO - Processing file /home/airflow/.local/lib/python3.7/site-packages/airflow/example_dags/example_kubernetes_executor.py for tasks to queue
[2022-09-21 00:16:05,203] {logging_mixin.py:115} INFO - [2022-09-21 00:16:05,203] {dagbag.py:508} INFO - Filling up the DagBag from /home/airflow/.local/lib/python3.7/site-packages/airflow/example_dags/example_kubernetes_executor.py
[2022-09-21 00:16:05,241] {processor.py:651} INFO - DAG(s) dict_keys(['example_kubernetes_executor']) retrieved from /home/airflow/.local/lib/python3.7/site-packages/airflow/example_dags/example_kubernetes_executor.py
[2022-09-21 00:16:05,284] {logging_mixin.py:115} INFO - [2022-09-21 00:16:05,283] {dag.py:2420} INFO - Sync 1 DAGs
[2022-09-21 00:16:05,325] {logging_mixin.py:115} INFO - [2022-09-21 00:16:05,325] {dag.py:2972} INFO - Setting next_dagrun for example_kubernetes_executor to None, run_after=None
[2022-09-21 00:16:05,350] {processor.py:161} INFO - Processing /home/airflow/.local/lib/python3.7/site-packages/airflow/example_dags/example_kubernetes_executor.py took 0.153 seconds
[2022-09-21 00:16:35,878] {processor.py:153} INFO - Started process (PID=9159) to work on /home/airflow/.local/lib/python3.7/site-packages/airflow/example_dags/example_kubernetes_executor.py
[2022-09-21 00:16:35,878] {processor.py:641} INFO - Processing file /home/airflow/.local/lib/python3.7/site-packages/airflow/example_dags/example_kubernetes_executor.py for tasks to queue
[2022-09-21 00:16:35,879] {logging_mixin.py:115} INFO - [2022-09-21 00:16:35,879] {dagbag.py:508} INFO - Filling up the DagBag from /home/airflow/.local/lib/python3.7/site-packages/airflow/example_dags/example_kubernetes_executor.py
[2022-09-21 00:16:35,924] {processor.py:651} INFO - DAG(s) dict_keys(['example_kubernetes_executor']) retrieved from /home/airflow/.local/lib/python3.7/site-packages/airflow/example_dags/example_kubernetes_executor.py
[2022-09-21 00:16:35,973] {logging_mixin.py:115} INFO - [2022-09-21 00:16:35,973] {dag.py:2420} INFO - Sync 1 DAGs
[2022-09-21 00:16:36,017] {logging_mixin.py:115} INFO - [2022-09-21 00:16:36,017] {dag.py:2972} INFO - Setting next_dagrun for example_kubernetes_executor to None, run_after=None
[2022-09-21 00:16:36,041] {processor.py:161} INFO - Processing /home/airflow/.local/lib/python3.7/site-packages/airflow/example_dags/example_kubernetes_executor.py took 0.169 seconds
[2022-09-21 00:17:06,467] {processor.py:153} INFO - Started process (PID=9212) to work on /home/airflow/.local/lib/python3.7/site-packages/airflow/example_dags/example_kubernetes_executor.py
[2022-09-21 00:17:06,468] {processor.py:641} INFO - Processing file /home/airflow/.local/lib/python3.7/site-packages/airflow/example_dags/example_kubernetes_executor.py for tasks to queue
[2022-09-21 00:17:06,469] {logging_mixin.py:115} INFO - [2022-09-21 00:17:06,469] {dagbag.py:508} INFO - Filling up the DagBag from /home/airflow/.local/lib/python3.7/site-packages/airflow/example_dags/example_kubernetes_executor.py
[2022-09-21 00:17:06,514] {processor.py:651} INFO - DAG(s) dict_keys(['example_kubernetes_executor']) retrieved from /home/airflow/.local/lib/python3.7/site-packages/airflow/example_dags/example_kubernetes_executor.py
[2022-09-21 00:17:06,557] {logging_mixin.py:115} INFO - [2022-09-21 00:17:06,557] {dag.py:2420} INFO - Sync 1 DAGs
[2022-09-21 00:17:06,600] {logging_mixin.py:115} INFO - [2022-09-21 00:17:06,599] {dag.py:2972} INFO - Setting next_dagrun for example_kubernetes_executor to None, run_after=None
[2022-09-21 00:17:06,622] {processor.py:161} INFO - Processing /home/airflow/.local/lib/python3.7/site-packages/airflow/example_dags/example_kubernetes_executor.py took 0.159 seconds
[2022-09-21 00:17:36,806] {processor.py:153} INFO - Started process (PID=9272) to work on /home/airflow/.local/lib/python3.7/site-packages/airflow/example_dags/example_kubernetes_executor.py
[2022-09-21 00:17:36,807] {processor.py:641} INFO - Processing file /home/airflow/.local/lib/python3.7/site-packages/airflow/example_dags/example_kubernetes_executor.py for tasks to queue
[2022-09-21 00:17:36,807] {logging_mixin.py:115} INFO - [2022-09-21 00:17:36,807] {dagbag.py:508} INFO - Filling up the DagBag from /home/airflow/.local/lib/python3.7/site-packages/airflow/example_dags/example_kubernetes_executor.py
[2022-09-21 00:17:36,848] {processor.py:651} INFO - DAG(s) dict_keys(['example_kubernetes_executor']) retrieved from /home/airflow/.local/lib/python3.7/site-packages/airflow/example_dags/example_kubernetes_executor.py
[2022-09-21 00:17:36,891] {logging_mixin.py:115} INFO - [2022-09-21 00:17:36,891] {dag.py:2420} INFO - Sync 1 DAGs
[2022-09-21 00:17:36,942] {logging_mixin.py:115} INFO - [2022-09-21 00:17:36,942] {dag.py:2972} INFO - Setting next_dagrun for example_kubernetes_executor to None, run_after=None
[2022-09-21 00:17:36,970] {processor.py:161} INFO - Processing /home/airflow/.local/lib/python3.7/site-packages/airflow/example_dags/example_kubernetes_executor.py took 0.169 seconds
[2022-09-21 00:18:07,332] {processor.py:153} INFO - Started process (PID=9326) to work on /home/airflow/.local/lib/python3.7/site-packages/airflow/example_dags/example_kubernetes_executor.py
[2022-09-21 00:18:07,333] {processor.py:641} INFO - Processing file /home/airflow/.local/lib/python3.7/site-packages/airflow/example_dags/example_kubernetes_executor.py for tasks to queue
[2022-09-21 00:18:07,335] {logging_mixin.py:115} INFO - [2022-09-21 00:18:07,335] {dagbag.py:508} INFO - Filling up the DagBag from /home/airflow/.local/lib/python3.7/site-packages/airflow/example_dags/example_kubernetes_executor.py
[2022-09-21 00:18:07,382] {processor.py:651} INFO - DAG(s) dict_keys(['example_kubernetes_executor']) retrieved from /home/airflow/.local/lib/python3.7/site-packages/airflow/example_dags/example_kubernetes_executor.py
[2022-09-21 00:18:07,441] {logging_mixin.py:115} INFO - [2022-09-21 00:18:07,440] {dag.py:2420} INFO - Sync 1 DAGs
[2022-09-21 00:18:07,497] {logging_mixin.py:115} INFO - [2022-09-21 00:18:07,497] {dag.py:2972} INFO - Setting next_dagrun for example_kubernetes_executor to None, run_after=None
[2022-09-21 00:18:07,530] {processor.py:161} INFO - Processing /home/airflow/.local/lib/python3.7/site-packages/airflow/example_dags/example_kubernetes_executor.py took 0.209 seconds
[2022-09-21 00:18:37,921] {processor.py:153} INFO - Started process (PID=9381) to work on /home/airflow/.local/lib/python3.7/site-packages/airflow/example_dags/example_kubernetes_executor.py
[2022-09-21 00:18:37,921] {processor.py:641} INFO - Processing file /home/airflow/.local/lib/python3.7/site-packages/airflow/example_dags/example_kubernetes_executor.py for tasks to queue
[2022-09-21 00:18:37,922] {logging_mixin.py:115} INFO - [2022-09-21 00:18:37,922] {dagbag.py:508} INFO - Filling up the DagBag from /home/airflow/.local/lib/python3.7/site-packages/airflow/example_dags/example_kubernetes_executor.py
[2022-09-21 00:18:37,958] {processor.py:651} INFO - DAG(s) dict_keys(['example_kubernetes_executor']) retrieved from /home/airflow/.local/lib/python3.7/site-packages/airflow/example_dags/example_kubernetes_executor.py
[2022-09-21 00:18:38,002] {logging_mixin.py:115} INFO - [2022-09-21 00:18:38,002] {dag.py:2420} INFO - Sync 1 DAGs
[2022-09-21 00:18:38,043] {logging_mixin.py:115} INFO - [2022-09-21 00:18:38,043] {dag.py:2972} INFO - Setting next_dagrun for example_kubernetes_executor to None, run_after=None
[2022-09-21 00:18:38,065] {processor.py:161} INFO - Processing /home/airflow/.local/lib/python3.7/site-packages/airflow/example_dags/example_kubernetes_executor.py took 0.149 seconds
[2022-09-21 00:19:08,437] {processor.py:153} INFO - Started process (PID=9444) to work on /home/airflow/.local/lib/python3.7/site-packages/airflow/example_dags/example_kubernetes_executor.py
[2022-09-21 00:19:08,437] {processor.py:641} INFO - Processing file /home/airflow/.local/lib/python3.7/site-packages/airflow/example_dags/example_kubernetes_executor.py for tasks to queue
[2022-09-21 00:19:08,438] {logging_mixin.py:115} INFO - [2022-09-21 00:19:08,438] {dagbag.py:508} INFO - Filling up the DagBag from /home/airflow/.local/lib/python3.7/site-packages/airflow/example_dags/example_kubernetes_executor.py
[2022-09-21 00:19:08,472] {processor.py:651} INFO - DAG(s) dict_keys(['example_kubernetes_executor']) retrieved from /home/airflow/.local/lib/python3.7/site-packages/airflow/example_dags/example_kubernetes_executor.py
[2022-09-21 00:19:08,517] {logging_mixin.py:115} INFO - [2022-09-21 00:19:08,516] {dag.py:2420} INFO - Sync 1 DAGs
[2022-09-21 00:19:08,557] {logging_mixin.py:115} INFO - [2022-09-21 00:19:08,557] {dag.py:2972} INFO - Setting next_dagrun for example_kubernetes_executor to None, run_after=None
[2022-09-21 00:19:08,580] {processor.py:161} INFO - Processing /home/airflow/.local/lib/python3.7/site-packages/airflow/example_dags/example_kubernetes_executor.py took 0.148 seconds
[2022-09-21 00:19:39,049] {processor.py:153} INFO - Started process (PID=9497) to work on /home/airflow/.local/lib/python3.7/site-packages/airflow/example_dags/example_kubernetes_executor.py
[2022-09-21 00:19:39,049] {processor.py:641} INFO - Processing file /home/airflow/.local/lib/python3.7/site-packages/airflow/example_dags/example_kubernetes_executor.py for tasks to queue
[2022-09-21 00:19:39,050] {logging_mixin.py:115} INFO - [2022-09-21 00:19:39,050] {dagbag.py:508} INFO - Filling up the DagBag from /home/airflow/.local/lib/python3.7/site-packages/airflow/example_dags/example_kubernetes_executor.py
[2022-09-21 00:19:39,087] {processor.py:651} INFO - DAG(s) dict_keys(['example_kubernetes_executor']) retrieved from /home/airflow/.local/lib/python3.7/site-packages/airflow/example_dags/example_kubernetes_executor.py
[2022-09-21 00:19:39,132] {logging_mixin.py:115} INFO - [2022-09-21 00:19:39,132] {dag.py:2420} INFO - Sync 1 DAGs
[2022-09-21 00:19:39,173] {logging_mixin.py:115} INFO - [2022-09-21 00:19:39,173] {dag.py:2972} INFO - Setting next_dagrun for example_kubernetes_executor to None, run_after=None
[2022-09-21 00:19:39,196] {processor.py:161} INFO - Processing /home/airflow/.local/lib/python3.7/site-packages/airflow/example_dags/example_kubernetes_executor.py took 0.152 seconds
[2022-09-21 00:20:09,692] {processor.py:153} INFO - Started process (PID=9560) to work on /home/airflow/.local/lib/python3.7/site-packages/airflow/example_dags/example_kubernetes_executor.py
[2022-09-21 00:20:09,693] {processor.py:641} INFO - Processing file /home/airflow/.local/lib/python3.7/site-packages/airflow/example_dags/example_kubernetes_executor.py for tasks to queue
[2022-09-21 00:20:09,694] {logging_mixin.py:115} INFO - [2022-09-21 00:20:09,694] {dagbag.py:508} INFO - Filling up the DagBag from /home/airflow/.local/lib/python3.7/site-packages/airflow/example_dags/example_kubernetes_executor.py
[2022-09-21 00:20:09,730] {processor.py:651} INFO - DAG(s) dict_keys(['example_kubernetes_executor']) retrieved from /home/airflow/.local/lib/python3.7/site-packages/airflow/example_dags/example_kubernetes_executor.py
[2022-09-21 00:20:09,768] {logging_mixin.py:115} INFO - [2022-09-21 00:20:09,768] {dag.py:2420} INFO - Sync 1 DAGs
[2022-09-21 00:20:09,808] {logging_mixin.py:115} INFO - [2022-09-21 00:20:09,808] {dag.py:2972} INFO - Setting next_dagrun for example_kubernetes_executor to None, run_after=None
[2022-09-21 00:20:09,831] {processor.py:161} INFO - Processing /home/airflow/.local/lib/python3.7/site-packages/airflow/example_dags/example_kubernetes_executor.py took 0.143 seconds
[2022-09-21 00:20:40,135] {processor.py:153} INFO - Started process (PID=9613) to work on /home/airflow/.local/lib/python3.7/site-packages/airflow/example_dags/example_kubernetes_executor.py
[2022-09-21 00:20:40,136] {processor.py:641} INFO - Processing file /home/airflow/.local/lib/python3.7/site-packages/airflow/example_dags/example_kubernetes_executor.py for tasks to queue
[2022-09-21 00:20:40,137] {logging_mixin.py:115} INFO - [2022-09-21 00:20:40,137] {dagbag.py:508} INFO - Filling up the DagBag from /home/airflow/.local/lib/python3.7/site-packages/airflow/example_dags/example_kubernetes_executor.py
[2022-09-21 00:20:40,187] {processor.py:651} INFO - DAG(s) dict_keys(['example_kubernetes_executor']) retrieved from /home/airflow/.local/lib/python3.7/site-packages/airflow/example_dags/example_kubernetes_executor.py
[2022-09-21 00:20:40,226] {logging_mixin.py:115} INFO - [2022-09-21 00:20:40,225] {dag.py:2420} INFO - Sync 1 DAGs
[2022-09-21 00:20:40,265] {logging_mixin.py:115} INFO - [2022-09-21 00:20:40,264] {dag.py:2972} INFO - Setting next_dagrun for example_kubernetes_executor to None, run_after=None
[2022-09-21 00:20:40,287] {processor.py:161} INFO - Processing /home/airflow/.local/lib/python3.7/site-packages/airflow/example_dags/example_kubernetes_executor.py took 0.158 seconds
[2022-09-21 00:21:10,601] {processor.py:153} INFO - Started process (PID=9671) to work on /home/airflow/.local/lib/python3.7/site-packages/airflow/example_dags/example_kubernetes_executor.py
[2022-09-21 00:21:10,602] {processor.py:641} INFO - Processing file /home/airflow/.local/lib/python3.7/site-packages/airflow/example_dags/example_kubernetes_executor.py for tasks to queue
[2022-09-21 00:21:10,602] {logging_mixin.py:115} INFO - [2022-09-21 00:21:10,602] {dagbag.py:508} INFO - Filling up the DagBag from /home/airflow/.local/lib/python3.7/site-packages/airflow/example_dags/example_kubernetes_executor.py
[2022-09-21 00:21:10,643] {processor.py:651} INFO - DAG(s) dict_keys(['example_kubernetes_executor']) retrieved from /home/airflow/.local/lib/python3.7/site-packages/airflow/example_dags/example_kubernetes_executor.py
[2022-09-21 00:21:10,690] {logging_mixin.py:115} INFO - [2022-09-21 00:21:10,690] {dag.py:2420} INFO - Sync 1 DAGs
[2022-09-21 00:21:10,737] {logging_mixin.py:115} INFO - [2022-09-21 00:21:10,737] {dag.py:2972} INFO - Setting next_dagrun for example_kubernetes_executor to None, run_after=None
[2022-09-21 00:21:10,764] {processor.py:161} INFO - Processing /home/airflow/.local/lib/python3.7/site-packages/airflow/example_dags/example_kubernetes_executor.py took 0.168 seconds
[2022-09-21 00:21:41,658] {processor.py:153} INFO - Started process (PID=9726) to work on /home/airflow/.local/lib/python3.7/site-packages/airflow/example_dags/example_kubernetes_executor.py
[2022-09-21 00:21:41,659] {processor.py:641} INFO - Processing file /home/airflow/.local/lib/python3.7/site-packages/airflow/example_dags/example_kubernetes_executor.py for tasks to queue
[2022-09-21 00:21:41,660] {logging_mixin.py:115} INFO - [2022-09-21 00:21:41,660] {dagbag.py:508} INFO - Filling up the DagBag from /home/airflow/.local/lib/python3.7/site-packages/airflow/example_dags/example_kubernetes_executor.py
[2022-09-21 00:21:41,706] {processor.py:651} INFO - DAG(s) dict_keys(['example_kubernetes_executor']) retrieved from /home/airflow/.local/lib/python3.7/site-packages/airflow/example_dags/example_kubernetes_executor.py
[2022-09-21 00:21:41,754] {logging_mixin.py:115} INFO - [2022-09-21 00:21:41,753] {dag.py:2420} INFO - Sync 1 DAGs
[2022-09-21 00:21:41,801] {logging_mixin.py:115} INFO - [2022-09-21 00:21:41,800] {dag.py:2972} INFO - Setting next_dagrun for example_kubernetes_executor to None, run_after=None
[2022-09-21 00:21:41,824] {processor.py:161} INFO - Processing /home/airflow/.local/lib/python3.7/site-packages/airflow/example_dags/example_kubernetes_executor.py took 0.172 seconds
[2022-09-21 00:22:11,962] {processor.py:153} INFO - Started process (PID=9779) to work on /home/airflow/.local/lib/python3.7/site-packages/airflow/example_dags/example_kubernetes_executor.py
[2022-09-21 00:22:11,963] {processor.py:641} INFO - Processing file /home/airflow/.local/lib/python3.7/site-packages/airflow/example_dags/example_kubernetes_executor.py for tasks to queue
[2022-09-21 00:22:11,964] {logging_mixin.py:115} INFO - [2022-09-21 00:22:11,964] {dagbag.py:508} INFO - Filling up the DagBag from /home/airflow/.local/lib/python3.7/site-packages/airflow/example_dags/example_kubernetes_executor.py
[2022-09-21 00:22:11,999] {processor.py:651} INFO - DAG(s) dict_keys(['example_kubernetes_executor']) retrieved from /home/airflow/.local/lib/python3.7/site-packages/airflow/example_dags/example_kubernetes_executor.py
[2022-09-21 00:22:12,046] {logging_mixin.py:115} INFO - [2022-09-21 00:22:12,046] {dag.py:2420} INFO - Sync 1 DAGs
[2022-09-21 00:22:12,091] {logging_mixin.py:115} INFO - [2022-09-21 00:22:12,091] {dag.py:2972} INFO - Setting next_dagrun for example_kubernetes_executor to None, run_after=None
[2022-09-21 00:22:12,114] {processor.py:161} INFO - Processing /home/airflow/.local/lib/python3.7/site-packages/airflow/example_dags/example_kubernetes_executor.py took 0.157 seconds
[2022-09-21 00:22:42,417] {processor.py:153} INFO - Started process (PID=9841) to work on /home/airflow/.local/lib/python3.7/site-packages/airflow/example_dags/example_kubernetes_executor.py
[2022-09-21 00:22:42,419] {processor.py:641} INFO - Processing file /home/airflow/.local/lib/python3.7/site-packages/airflow/example_dags/example_kubernetes_executor.py for tasks to queue
[2022-09-21 00:22:42,419] {logging_mixin.py:115} INFO - [2022-09-21 00:22:42,419] {dagbag.py:508} INFO - Filling up the DagBag from /home/airflow/.local/lib/python3.7/site-packages/airflow/example_dags/example_kubernetes_executor.py
[2022-09-21 00:22:42,465] {processor.py:651} INFO - DAG(s) dict_keys(['example_kubernetes_executor']) retrieved from /home/airflow/.local/lib/python3.7/site-packages/airflow/example_dags/example_kubernetes_executor.py
[2022-09-21 00:22:42,525] {logging_mixin.py:115} INFO - [2022-09-21 00:22:42,525] {dag.py:2420} INFO - Sync 1 DAGs
[2022-09-21 00:22:42,571] {logging_mixin.py:115} INFO - [2022-09-21 00:22:42,571] {dag.py:2972} INFO - Setting next_dagrun for example_kubernetes_executor to None, run_after=None
[2022-09-21 00:22:42,597] {processor.py:161} INFO - Processing /home/airflow/.local/lib/python3.7/site-packages/airflow/example_dags/example_kubernetes_executor.py took 0.185 seconds
[2022-09-21 00:23:12,930] {processor.py:153} INFO - Started process (PID=9894) to work on /home/airflow/.local/lib/python3.7/site-packages/airflow/example_dags/example_kubernetes_executor.py
[2022-09-21 00:23:12,931] {processor.py:641} INFO - Processing file /home/airflow/.local/lib/python3.7/site-packages/airflow/example_dags/example_kubernetes_executor.py for tasks to queue
[2022-09-21 00:23:12,932] {logging_mixin.py:115} INFO - [2022-09-21 00:23:12,932] {dagbag.py:508} INFO - Filling up the DagBag from /home/airflow/.local/lib/python3.7/site-packages/airflow/example_dags/example_kubernetes_executor.py
[2022-09-21 00:23:12,981] {processor.py:651} INFO - DAG(s) dict_keys(['example_kubernetes_executor']) retrieved from /home/airflow/.local/lib/python3.7/site-packages/airflow/example_dags/example_kubernetes_executor.py
[2022-09-21 00:23:13,026] {logging_mixin.py:115} INFO - [2022-09-21 00:23:13,026] {dag.py:2420} INFO - Sync 1 DAGs
[2022-09-21 00:23:13,069] {logging_mixin.py:115} INFO - [2022-09-21 00:23:13,069] {dag.py:2972} INFO - Setting next_dagrun for example_kubernetes_executor to None, run_after=None
[2022-09-21 00:23:13,091] {processor.py:161} INFO - Processing /home/airflow/.local/lib/python3.7/site-packages/airflow/example_dags/example_kubernetes_executor.py took 0.168 seconds
[2022-09-21 00:23:43,563] {processor.py:153} INFO - Started process (PID=9956) to work on /home/airflow/.local/lib/python3.7/site-packages/airflow/example_dags/example_kubernetes_executor.py
[2022-09-21 00:23:43,565] {processor.py:641} INFO - Processing file /home/airflow/.local/lib/python3.7/site-packages/airflow/example_dags/example_kubernetes_executor.py for tasks to queue
[2022-09-21 00:23:43,566] {logging_mixin.py:115} INFO - [2022-09-21 00:23:43,565] {dagbag.py:508} INFO - Filling up the DagBag from /home/airflow/.local/lib/python3.7/site-packages/airflow/example_dags/example_kubernetes_executor.py
[2022-09-21 00:23:43,615] {processor.py:651} INFO - DAG(s) dict_keys(['example_kubernetes_executor']) retrieved from /home/airflow/.local/lib/python3.7/site-packages/airflow/example_dags/example_kubernetes_executor.py
[2022-09-21 00:23:43,659] {logging_mixin.py:115} INFO - [2022-09-21 00:23:43,659] {dag.py:2420} INFO - Sync 1 DAGs
[2022-09-21 00:23:43,700] {logging_mixin.py:115} INFO - [2022-09-21 00:23:43,700] {dag.py:2972} INFO - Setting next_dagrun for example_kubernetes_executor to None, run_after=None
[2022-09-21 00:23:43,722] {processor.py:161} INFO - Processing /home/airflow/.local/lib/python3.7/site-packages/airflow/example_dags/example_kubernetes_executor.py took 0.165 seconds
[2022-09-21 00:24:14,111] {processor.py:153} INFO - Started process (PID=10009) to work on /home/airflow/.local/lib/python3.7/site-packages/airflow/example_dags/example_kubernetes_executor.py
[2022-09-21 00:24:14,112] {processor.py:641} INFO - Processing file /home/airflow/.local/lib/python3.7/site-packages/airflow/example_dags/example_kubernetes_executor.py for tasks to queue
[2022-09-21 00:24:14,113] {logging_mixin.py:115} INFO - [2022-09-21 00:24:14,112] {dagbag.py:508} INFO - Filling up the DagBag from /home/airflow/.local/lib/python3.7/site-packages/airflow/example_dags/example_kubernetes_executor.py
[2022-09-21 00:24:14,147] {processor.py:651} INFO - DAG(s) dict_keys(['example_kubernetes_executor']) retrieved from /home/airflow/.local/lib/python3.7/site-packages/airflow/example_dags/example_kubernetes_executor.py
[2022-09-21 00:24:14,192] {logging_mixin.py:115} INFO - [2022-09-21 00:24:14,192] {dag.py:2420} INFO - Sync 1 DAGs
[2022-09-21 00:24:14,231] {logging_mixin.py:115} INFO - [2022-09-21 00:24:14,231] {dag.py:2972} INFO - Setting next_dagrun for example_kubernetes_executor to None, run_after=None
[2022-09-21 00:24:14,253] {processor.py:161} INFO - Processing /home/airflow/.local/lib/python3.7/site-packages/airflow/example_dags/example_kubernetes_executor.py took 0.146 seconds
[2022-09-21 00:24:44,669] {processor.py:153} INFO - Started process (PID=10071) to work on /home/airflow/.local/lib/python3.7/site-packages/airflow/example_dags/example_kubernetes_executor.py
[2022-09-21 00:24:44,670] {processor.py:641} INFO - Processing file /home/airflow/.local/lib/python3.7/site-packages/airflow/example_dags/example_kubernetes_executor.py for tasks to queue
[2022-09-21 00:24:44,671] {logging_mixin.py:115} INFO - [2022-09-21 00:24:44,671] {dagbag.py:508} INFO - Filling up the DagBag from /home/airflow/.local/lib/python3.7/site-packages/airflow/example_dags/example_kubernetes_executor.py
[2022-09-21 00:24:44,709] {processor.py:651} INFO - DAG(s) dict_keys(['example_kubernetes_executor']) retrieved from /home/airflow/.local/lib/python3.7/site-packages/airflow/example_dags/example_kubernetes_executor.py
[2022-09-21 00:24:44,764] {logging_mixin.py:115} INFO - [2022-09-21 00:24:44,764] {dag.py:2420} INFO - Sync 1 DAGs
[2022-09-21 00:24:44,804] {logging_mixin.py:115} INFO - [2022-09-21 00:24:44,804] {dag.py:2972} INFO - Setting next_dagrun for example_kubernetes_executor to None, run_after=None
[2022-09-21 00:24:44,827] {processor.py:161} INFO - Processing /home/airflow/.local/lib/python3.7/site-packages/airflow/example_dags/example_kubernetes_executor.py took 0.162 seconds
[2022-09-21 00:25:15,109] {processor.py:153} INFO - Started process (PID=10124) to work on /home/airflow/.local/lib/python3.7/site-packages/airflow/example_dags/example_kubernetes_executor.py
[2022-09-21 00:25:15,110] {processor.py:641} INFO - Processing file /home/airflow/.local/lib/python3.7/site-packages/airflow/example_dags/example_kubernetes_executor.py for tasks to queue
[2022-09-21 00:25:15,111] {logging_mixin.py:115} INFO - [2022-09-21 00:25:15,111] {dagbag.py:508} INFO - Filling up the DagBag from /home/airflow/.local/lib/python3.7/site-packages/airflow/example_dags/example_kubernetes_executor.py
[2022-09-21 00:25:15,158] {processor.py:651} INFO - DAG(s) dict_keys(['example_kubernetes_executor']) retrieved from /home/airflow/.local/lib/python3.7/site-packages/airflow/example_dags/example_kubernetes_executor.py
[2022-09-21 00:25:15,206] {logging_mixin.py:115} INFO - [2022-09-21 00:25:15,205] {dag.py:2420} INFO - Sync 1 DAGs
[2022-09-21 00:25:15,253] {logging_mixin.py:115} INFO - [2022-09-21 00:25:15,253] {dag.py:2972} INFO - Setting next_dagrun for example_kubernetes_executor to None, run_after=None
[2022-09-21 00:25:15,283] {processor.py:161} INFO - Processing /home/airflow/.local/lib/python3.7/site-packages/airflow/example_dags/example_kubernetes_executor.py took 0.178 seconds
[2022-09-21 00:25:45,908] {processor.py:153} INFO - Started process (PID=10185) to work on /home/airflow/.local/lib/python3.7/site-packages/airflow/example_dags/example_kubernetes_executor.py
[2022-09-21 00:25:45,909] {processor.py:641} INFO - Processing file /home/airflow/.local/lib/python3.7/site-packages/airflow/example_dags/example_kubernetes_executor.py for tasks to queue
[2022-09-21 00:25:45,909] {logging_mixin.py:115} INFO - [2022-09-21 00:25:45,909] {dagbag.py:508} INFO - Filling up the DagBag from /home/airflow/.local/lib/python3.7/site-packages/airflow/example_dags/example_kubernetes_executor.py
[2022-09-21 00:25:45,958] {processor.py:651} INFO - DAG(s) dict_keys(['example_kubernetes_executor']) retrieved from /home/airflow/.local/lib/python3.7/site-packages/airflow/example_dags/example_kubernetes_executor.py
[2022-09-21 00:25:46,032] {logging_mixin.py:115} INFO - [2022-09-21 00:25:46,032] {dag.py:2420} INFO - Sync 1 DAGs
[2022-09-21 00:25:46,097] {logging_mixin.py:115} INFO - [2022-09-21 00:25:46,096] {dag.py:2972} INFO - Setting next_dagrun for example_kubernetes_executor to None, run_after=None
[2022-09-21 00:25:46,133] {processor.py:161} INFO - Processing /home/airflow/.local/lib/python3.7/site-packages/airflow/example_dags/example_kubernetes_executor.py took 0.230 seconds
[2022-09-21 00:26:16,481] {processor.py:153} INFO - Started process (PID=10240) to work on /home/airflow/.local/lib/python3.7/site-packages/airflow/example_dags/example_kubernetes_executor.py
[2022-09-21 00:26:16,482] {processor.py:641} INFO - Processing file /home/airflow/.local/lib/python3.7/site-packages/airflow/example_dags/example_kubernetes_executor.py for tasks to queue
[2022-09-21 00:26:16,483] {logging_mixin.py:115} INFO - [2022-09-21 00:26:16,483] {dagbag.py:508} INFO - Filling up the DagBag from /home/airflow/.local/lib/python3.7/site-packages/airflow/example_dags/example_kubernetes_executor.py
[2022-09-21 00:26:16,535] {processor.py:651} INFO - DAG(s) dict_keys(['example_kubernetes_executor']) retrieved from /home/airflow/.local/lib/python3.7/site-packages/airflow/example_dags/example_kubernetes_executor.py
[2022-09-21 00:26:16,590] {logging_mixin.py:115} INFO - [2022-09-21 00:26:16,590] {dag.py:2420} INFO - Sync 1 DAGs
[2022-09-21 00:26:16,630] {logging_mixin.py:115} INFO - [2022-09-21 00:26:16,630] {dag.py:2972} INFO - Setting next_dagrun for example_kubernetes_executor to None, run_after=None
[2022-09-21 00:26:16,653] {processor.py:161} INFO - Processing /home/airflow/.local/lib/python3.7/site-packages/airflow/example_dags/example_kubernetes_executor.py took 0.180 seconds
[2022-09-21 00:26:46,869] {processor.py:153} INFO - Started process (PID=10293) to work on /home/airflow/.local/lib/python3.7/site-packages/airflow/example_dags/example_kubernetes_executor.py
[2022-09-21 00:26:46,870] {processor.py:641} INFO - Processing file /home/airflow/.local/lib/python3.7/site-packages/airflow/example_dags/example_kubernetes_executor.py for tasks to queue
[2022-09-21 00:26:46,871] {logging_mixin.py:115} INFO - [2022-09-21 00:26:46,871] {dagbag.py:508} INFO - Filling up the DagBag from /home/airflow/.local/lib/python3.7/site-packages/airflow/example_dags/example_kubernetes_executor.py
[2022-09-21 00:26:46,910] {processor.py:651} INFO - DAG(s) dict_keys(['example_kubernetes_executor']) retrieved from /home/airflow/.local/lib/python3.7/site-packages/airflow/example_dags/example_kubernetes_executor.py
[2022-09-21 00:26:46,956] {logging_mixin.py:115} INFO - [2022-09-21 00:26:46,956] {dag.py:2420} INFO - Sync 1 DAGs
[2022-09-21 00:26:46,994] {logging_mixin.py:115} INFO - [2022-09-21 00:26:46,994] {dag.py:2972} INFO - Setting next_dagrun for example_kubernetes_executor to None, run_after=None
[2022-09-21 00:26:47,017] {processor.py:161} INFO - Processing /home/airflow/.local/lib/python3.7/site-packages/airflow/example_dags/example_kubernetes_executor.py took 0.152 seconds
[2022-09-21 00:27:17,563] {processor.py:153} INFO - Started process (PID=10357) to work on /home/airflow/.local/lib/python3.7/site-packages/airflow/example_dags/example_kubernetes_executor.py
[2022-09-21 00:27:17,565] {processor.py:641} INFO - Processing file /home/airflow/.local/lib/python3.7/site-packages/airflow/example_dags/example_kubernetes_executor.py for tasks to queue
[2022-09-21 00:27:17,565] {logging_mixin.py:115} INFO - [2022-09-21 00:27:17,565] {dagbag.py:508} INFO - Filling up the DagBag from /home/airflow/.local/lib/python3.7/site-packages/airflow/example_dags/example_kubernetes_executor.py
[2022-09-21 00:27:17,604] {processor.py:651} INFO - DAG(s) dict_keys(['example_kubernetes_executor']) retrieved from /home/airflow/.local/lib/python3.7/site-packages/airflow/example_dags/example_kubernetes_executor.py
[2022-09-21 00:27:17,660] {logging_mixin.py:115} INFO - [2022-09-21 00:27:17,659] {dag.py:2420} INFO - Sync 1 DAGs
[2022-09-21 00:27:17,703] {logging_mixin.py:115} INFO - [2022-09-21 00:27:17,703] {dag.py:2972} INFO - Setting next_dagrun for example_kubernetes_executor to None, run_after=None
[2022-09-21 00:27:17,732] {processor.py:161} INFO - Processing /home/airflow/.local/lib/python3.7/site-packages/airflow/example_dags/example_kubernetes_executor.py took 0.173 seconds
[2022-09-21 00:27:48,245] {processor.py:153} INFO - Started process (PID=10410) to work on /home/airflow/.local/lib/python3.7/site-packages/airflow/example_dags/example_kubernetes_executor.py
[2022-09-21 00:27:48,246] {processor.py:641} INFO - Processing file /home/airflow/.local/lib/python3.7/site-packages/airflow/example_dags/example_kubernetes_executor.py for tasks to queue
[2022-09-21 00:27:48,247] {logging_mixin.py:115} INFO - [2022-09-21 00:27:48,247] {dagbag.py:508} INFO - Filling up the DagBag from /home/airflow/.local/lib/python3.7/site-packages/airflow/example_dags/example_kubernetes_executor.py
[2022-09-21 00:27:48,297] {processor.py:651} INFO - DAG(s) dict_keys(['example_kubernetes_executor']) retrieved from /home/airflow/.local/lib/python3.7/site-packages/airflow/example_dags/example_kubernetes_executor.py
[2022-09-21 00:27:48,343] {logging_mixin.py:115} INFO - [2022-09-21 00:27:48,342] {dag.py:2420} INFO - Sync 1 DAGs
[2022-09-21 00:27:48,381] {logging_mixin.py:115} INFO - [2022-09-21 00:27:48,381] {dag.py:2972} INFO - Setting next_dagrun for example_kubernetes_executor to None, run_after=None
[2022-09-21 00:27:48,405] {processor.py:161} INFO - Processing /home/airflow/.local/lib/python3.7/site-packages/airflow/example_dags/example_kubernetes_executor.py took 0.166 seconds
[2022-09-21 00:28:18,835] {processor.py:153} INFO - Started process (PID=10473) to work on /home/airflow/.local/lib/python3.7/site-packages/airflow/example_dags/example_kubernetes_executor.py
[2022-09-21 00:28:18,837] {processor.py:641} INFO - Processing file /home/airflow/.local/lib/python3.7/site-packages/airflow/example_dags/example_kubernetes_executor.py for tasks to queue
[2022-09-21 00:28:18,839] {logging_mixin.py:115} INFO - [2022-09-21 00:28:18,839] {dagbag.py:508} INFO - Filling up the DagBag from /home/airflow/.local/lib/python3.7/site-packages/airflow/example_dags/example_kubernetes_executor.py
[2022-09-21 00:28:18,896] {processor.py:651} INFO - DAG(s) dict_keys(['example_kubernetes_executor']) retrieved from /home/airflow/.local/lib/python3.7/site-packages/airflow/example_dags/example_kubernetes_executor.py
[2022-09-21 00:28:18,961] {logging_mixin.py:115} INFO - [2022-09-21 00:28:18,961] {dag.py:2420} INFO - Sync 1 DAGs
[2022-09-21 00:28:19,007] {logging_mixin.py:115} INFO - [2022-09-21 00:28:19,007] {dag.py:2972} INFO - Setting next_dagrun for example_kubernetes_executor to None, run_after=None
[2022-09-21 00:28:19,030] {processor.py:161} INFO - Processing /home/airflow/.local/lib/python3.7/site-packages/airflow/example_dags/example_kubernetes_executor.py took 0.203 seconds
[2022-09-21 00:28:49,606] {processor.py:153} INFO - Started process (PID=10526) to work on /home/airflow/.local/lib/python3.7/site-packages/airflow/example_dags/example_kubernetes_executor.py
[2022-09-21 00:28:49,607] {processor.py:641} INFO - Processing file /home/airflow/.local/lib/python3.7/site-packages/airflow/example_dags/example_kubernetes_executor.py for tasks to queue
[2022-09-21 00:28:49,608] {logging_mixin.py:115} INFO - [2022-09-21 00:28:49,608] {dagbag.py:508} INFO - Filling up the DagBag from /home/airflow/.local/lib/python3.7/site-packages/airflow/example_dags/example_kubernetes_executor.py
[2022-09-21 00:28:49,643] {processor.py:651} INFO - DAG(s) dict_keys(['example_kubernetes_executor']) retrieved from /home/airflow/.local/lib/python3.7/site-packages/airflow/example_dags/example_kubernetes_executor.py
[2022-09-21 00:28:49,688] {logging_mixin.py:115} INFO - [2022-09-21 00:28:49,688] {dag.py:2420} INFO - Sync 1 DAGs
[2022-09-21 00:28:49,727] {logging_mixin.py:115} INFO - [2022-09-21 00:28:49,727] {dag.py:2972} INFO - Setting next_dagrun for example_kubernetes_executor to None, run_after=None
[2022-09-21 00:28:49,749] {processor.py:161} INFO - Processing /home/airflow/.local/lib/python3.7/site-packages/airflow/example_dags/example_kubernetes_executor.py took 0.147 seconds
[2022-09-21 00:29:20,268] {processor.py:153} INFO - Started process (PID=10588) to work on /home/airflow/.local/lib/python3.7/site-packages/airflow/example_dags/example_kubernetes_executor.py
[2022-09-21 00:29:20,270] {processor.py:641} INFO - Processing file /home/airflow/.local/lib/python3.7/site-packages/airflow/example_dags/example_kubernetes_executor.py for tasks to queue
[2022-09-21 00:29:20,271] {logging_mixin.py:115} INFO - [2022-09-21 00:29:20,270] {dagbag.py:508} INFO - Filling up the DagBag from /home/airflow/.local/lib/python3.7/site-packages/airflow/example_dags/example_kubernetes_executor.py
[2022-09-21 00:29:20,310] {processor.py:651} INFO - DAG(s) dict_keys(['example_kubernetes_executor']) retrieved from /home/airflow/.local/lib/python3.7/site-packages/airflow/example_dags/example_kubernetes_executor.py
[2022-09-21 00:29:20,370] {logging_mixin.py:115} INFO - [2022-09-21 00:29:20,370] {dag.py:2420} INFO - Sync 1 DAGs
[2022-09-21 00:29:20,425] {logging_mixin.py:115} INFO - [2022-09-21 00:29:20,424] {dag.py:2972} INFO - Setting next_dagrun for example_kubernetes_executor to None, run_after=None
[2022-09-21 00:29:20,451] {processor.py:161} INFO - Processing /home/airflow/.local/lib/python3.7/site-packages/airflow/example_dags/example_kubernetes_executor.py took 0.187 seconds
[2022-09-21 00:29:50,591] {processor.py:153} INFO - Started process (PID=10641) to work on /home/airflow/.local/lib/python3.7/site-packages/airflow/example_dags/example_kubernetes_executor.py
[2022-09-21 00:29:50,592] {processor.py:641} INFO - Processing file /home/airflow/.local/lib/python3.7/site-packages/airflow/example_dags/example_kubernetes_executor.py for tasks to queue
[2022-09-21 00:29:50,593] {logging_mixin.py:115} INFO - [2022-09-21 00:29:50,592] {dagbag.py:508} INFO - Filling up the DagBag from /home/airflow/.local/lib/python3.7/site-packages/airflow/example_dags/example_kubernetes_executor.py
[2022-09-21 00:29:50,645] {processor.py:651} INFO - DAG(s) dict_keys(['example_kubernetes_executor']) retrieved from /home/airflow/.local/lib/python3.7/site-packages/airflow/example_dags/example_kubernetes_executor.py
[2022-09-21 00:29:50,697] {logging_mixin.py:115} INFO - [2022-09-21 00:29:50,697] {dag.py:2420} INFO - Sync 1 DAGs
[2022-09-21 00:29:50,740] {logging_mixin.py:115} INFO - [2022-09-21 00:29:50,740] {dag.py:2972} INFO - Setting next_dagrun for example_kubernetes_executor to None, run_after=None
[2022-09-21 00:29:50,772] {processor.py:161} INFO - Processing /home/airflow/.local/lib/python3.7/site-packages/airflow/example_dags/example_kubernetes_executor.py took 0.188 seconds
[2022-09-21 00:30:21,052] {processor.py:153} INFO - Started process (PID=10694) to work on /home/airflow/.local/lib/python3.7/site-packages/airflow/example_dags/example_kubernetes_executor.py
[2022-09-21 00:30:21,053] {processor.py:641} INFO - Processing file /home/airflow/.local/lib/python3.7/site-packages/airflow/example_dags/example_kubernetes_executor.py for tasks to queue
[2022-09-21 00:30:21,054] {logging_mixin.py:115} INFO - [2022-09-21 00:30:21,054] {dagbag.py:508} INFO - Filling up the DagBag from /home/airflow/.local/lib/python3.7/site-packages/airflow/example_dags/example_kubernetes_executor.py
[2022-09-21 00:30:21,101] {processor.py:651} INFO - DAG(s) dict_keys(['example_kubernetes_executor']) retrieved from /home/airflow/.local/lib/python3.7/site-packages/airflow/example_dags/example_kubernetes_executor.py
[2022-09-21 00:30:21,146] {logging_mixin.py:115} INFO - [2022-09-21 00:30:21,146] {dag.py:2420} INFO - Sync 1 DAGs
[2022-09-21 00:30:21,185] {logging_mixin.py:115} INFO - [2022-09-21 00:30:21,185] {dag.py:2972} INFO - Setting next_dagrun for example_kubernetes_executor to None, run_after=None
[2022-09-21 00:30:21,209] {processor.py:161} INFO - Processing /home/airflow/.local/lib/python3.7/site-packages/airflow/example_dags/example_kubernetes_executor.py took 0.163 seconds
[2022-09-21 00:30:51,347] {processor.py:153} INFO - Started process (PID=10756) to work on /home/airflow/.local/lib/python3.7/site-packages/airflow/example_dags/example_kubernetes_executor.py
[2022-09-21 00:30:51,348] {processor.py:641} INFO - Processing file /home/airflow/.local/lib/python3.7/site-packages/airflow/example_dags/example_kubernetes_executor.py for tasks to queue
[2022-09-21 00:30:51,348] {logging_mixin.py:115} INFO - [2022-09-21 00:30:51,348] {dagbag.py:508} INFO - Filling up the DagBag from /home/airflow/.local/lib/python3.7/site-packages/airflow/example_dags/example_kubernetes_executor.py
[2022-09-21 00:30:51,384] {processor.py:651} INFO - DAG(s) dict_keys(['example_kubernetes_executor']) retrieved from /home/airflow/.local/lib/python3.7/site-packages/airflow/example_dags/example_kubernetes_executor.py
[2022-09-21 00:30:51,437] {logging_mixin.py:115} INFO - [2022-09-21 00:30:51,437] {dag.py:2420} INFO - Sync 1 DAGs
[2022-09-21 00:30:51,480] {logging_mixin.py:115} INFO - [2022-09-21 00:30:51,479] {dag.py:2972} INFO - Setting next_dagrun for example_kubernetes_executor to None, run_after=None
[2022-09-21 00:30:51,502] {processor.py:161} INFO - Processing /home/airflow/.local/lib/python3.7/site-packages/airflow/example_dags/example_kubernetes_executor.py took 0.159 seconds
[2022-09-21 00:31:22,208] {processor.py:153} INFO - Started process (PID=10809) to work on /home/airflow/.local/lib/python3.7/site-packages/airflow/example_dags/example_kubernetes_executor.py
[2022-09-21 00:31:22,209] {processor.py:641} INFO - Processing file /home/airflow/.local/lib/python3.7/site-packages/airflow/example_dags/example_kubernetes_executor.py for tasks to queue
[2022-09-21 00:31:22,211] {logging_mixin.py:115} INFO - [2022-09-21 00:31:22,210] {dagbag.py:508} INFO - Filling up the DagBag from /home/airflow/.local/lib/python3.7/site-packages/airflow/example_dags/example_kubernetes_executor.py
[2022-09-21 00:31:22,260] {processor.py:651} INFO - DAG(s) dict_keys(['example_kubernetes_executor']) retrieved from /home/airflow/.local/lib/python3.7/site-packages/airflow/example_dags/example_kubernetes_executor.py
[2022-09-21 00:31:22,318] {logging_mixin.py:115} INFO - [2022-09-21 00:31:22,318] {dag.py:2420} INFO - Sync 1 DAGs
[2022-09-21 00:31:22,375] {logging_mixin.py:115} INFO - [2022-09-21 00:31:22,375] {dag.py:2972} INFO - Setting next_dagrun for example_kubernetes_executor to None, run_after=None
[2022-09-21 00:31:22,406] {processor.py:161} INFO - Processing /home/airflow/.local/lib/python3.7/site-packages/airflow/example_dags/example_kubernetes_executor.py took 0.205 seconds
[2022-09-21 00:31:52,921] {processor.py:153} INFO - Started process (PID=10870) to work on /home/airflow/.local/lib/python3.7/site-packages/airflow/example_dags/example_kubernetes_executor.py
[2022-09-21 00:31:52,923] {processor.py:641} INFO - Processing file /home/airflow/.local/lib/python3.7/site-packages/airflow/example_dags/example_kubernetes_executor.py for tasks to queue
[2022-09-21 00:31:52,925] {logging_mixin.py:115} INFO - [2022-09-21 00:31:52,924] {dagbag.py:508} INFO - Filling up the DagBag from /home/airflow/.local/lib/python3.7/site-packages/airflow/example_dags/example_kubernetes_executor.py
[2022-09-21 00:31:53,021] {processor.py:651} INFO - DAG(s) dict_keys(['example_kubernetes_executor']) retrieved from /home/airflow/.local/lib/python3.7/site-packages/airflow/example_dags/example_kubernetes_executor.py
[2022-09-21 00:31:53,095] {logging_mixin.py:115} INFO - [2022-09-21 00:31:53,095] {dag.py:2420} INFO - Sync 1 DAGs
[2022-09-21 00:31:53,164] {logging_mixin.py:115} INFO - [2022-09-21 00:31:53,164] {dag.py:2972} INFO - Setting next_dagrun for example_kubernetes_executor to None, run_after=None
[2022-09-21 00:31:53,197] {processor.py:161} INFO - Processing /home/airflow/.local/lib/python3.7/site-packages/airflow/example_dags/example_kubernetes_executor.py took 0.285 seconds
[2022-09-21 00:32:23,407] {processor.py:153} INFO - Started process (PID=10923) to work on /home/airflow/.local/lib/python3.7/site-packages/airflow/example_dags/example_kubernetes_executor.py
[2022-09-21 00:32:23,408] {processor.py:641} INFO - Processing file /home/airflow/.local/lib/python3.7/site-packages/airflow/example_dags/example_kubernetes_executor.py for tasks to queue
[2022-09-21 00:32:23,409] {logging_mixin.py:115} INFO - [2022-09-21 00:32:23,409] {dagbag.py:508} INFO - Filling up the DagBag from /home/airflow/.local/lib/python3.7/site-packages/airflow/example_dags/example_kubernetes_executor.py
[2022-09-21 00:32:23,478] {processor.py:651} INFO - DAG(s) dict_keys(['example_kubernetes_executor']) retrieved from /home/airflow/.local/lib/python3.7/site-packages/airflow/example_dags/example_kubernetes_executor.py
[2022-09-21 00:32:23,546] {logging_mixin.py:115} INFO - [2022-09-21 00:32:23,546] {dag.py:2420} INFO - Sync 1 DAGs
[2022-09-21 00:32:23,593] {logging_mixin.py:115} INFO - [2022-09-21 00:32:23,593] {dag.py:2972} INFO - Setting next_dagrun for example_kubernetes_executor to None, run_after=None
[2022-09-21 00:32:23,618] {processor.py:161} INFO - Processing /home/airflow/.local/lib/python3.7/site-packages/airflow/example_dags/example_kubernetes_executor.py took 0.220 seconds
[2022-09-21 00:32:53,694] {processor.py:153} INFO - Started process (PID=10976) to work on /home/airflow/.local/lib/python3.7/site-packages/airflow/example_dags/example_kubernetes_executor.py
[2022-09-21 00:32:53,695] {processor.py:641} INFO - Processing file /home/airflow/.local/lib/python3.7/site-packages/airflow/example_dags/example_kubernetes_executor.py for tasks to queue
[2022-09-21 00:32:53,696] {logging_mixin.py:115} INFO - [2022-09-21 00:32:53,696] {dagbag.py:508} INFO - Filling up the DagBag from /home/airflow/.local/lib/python3.7/site-packages/airflow/example_dags/example_kubernetes_executor.py
[2022-09-21 00:32:53,752] {processor.py:651} INFO - DAG(s) dict_keys(['example_kubernetes_executor']) retrieved from /home/airflow/.local/lib/python3.7/site-packages/airflow/example_dags/example_kubernetes_executor.py
[2022-09-21 00:32:53,801] {logging_mixin.py:115} INFO - [2022-09-21 00:32:53,801] {dag.py:2420} INFO - Sync 1 DAGs
[2022-09-21 00:32:53,867] {logging_mixin.py:115} INFO - [2022-09-21 00:32:53,867] {dag.py:2972} INFO - Setting next_dagrun for example_kubernetes_executor to None, run_after=None
[2022-09-21 00:32:53,903] {processor.py:161} INFO - Processing /home/airflow/.local/lib/python3.7/site-packages/airflow/example_dags/example_kubernetes_executor.py took 0.216 seconds
[2022-09-21 00:33:24,345] {processor.py:153} INFO - Started process (PID=11036) to work on /home/airflow/.local/lib/python3.7/site-packages/airflow/example_dags/example_kubernetes_executor.py
[2022-09-21 00:33:24,346] {processor.py:641} INFO - Processing file /home/airflow/.local/lib/python3.7/site-packages/airflow/example_dags/example_kubernetes_executor.py for tasks to queue
[2022-09-21 00:33:24,347] {logging_mixin.py:115} INFO - [2022-09-21 00:33:24,347] {dagbag.py:508} INFO - Filling up the DagBag from /home/airflow/.local/lib/python3.7/site-packages/airflow/example_dags/example_kubernetes_executor.py
[2022-09-21 00:33:24,393] {processor.py:651} INFO - DAG(s) dict_keys(['example_kubernetes_executor']) retrieved from /home/airflow/.local/lib/python3.7/site-packages/airflow/example_dags/example_kubernetes_executor.py
[2022-09-21 00:33:24,496] {logging_mixin.py:115} INFO - [2022-09-21 00:33:24,496] {dag.py:2420} INFO - Sync 1 DAGs
[2022-09-21 00:33:24,561] {logging_mixin.py:115} INFO - [2022-09-21 00:33:24,561] {dag.py:2972} INFO - Setting next_dagrun for example_kubernetes_executor to None, run_after=None
[2022-09-21 00:33:24,595] {processor.py:161} INFO - Processing /home/airflow/.local/lib/python3.7/site-packages/airflow/example_dags/example_kubernetes_executor.py took 0.257 seconds
[2022-09-21 00:33:55,068] {processor.py:153} INFO - Started process (PID=11091) to work on /home/airflow/.local/lib/python3.7/site-packages/airflow/example_dags/example_kubernetes_executor.py
[2022-09-21 00:33:55,070] {processor.py:641} INFO - Processing file /home/airflow/.local/lib/python3.7/site-packages/airflow/example_dags/example_kubernetes_executor.py for tasks to queue
[2022-09-21 00:33:55,071] {logging_mixin.py:115} INFO - [2022-09-21 00:33:55,071] {dagbag.py:508} INFO - Filling up the DagBag from /home/airflow/.local/lib/python3.7/site-packages/airflow/example_dags/example_kubernetes_executor.py
[2022-09-21 00:33:55,118] {processor.py:651} INFO - DAG(s) dict_keys(['example_kubernetes_executor']) retrieved from /home/airflow/.local/lib/python3.7/site-packages/airflow/example_dags/example_kubernetes_executor.py
[2022-09-21 00:33:55,185] {logging_mixin.py:115} INFO - [2022-09-21 00:33:55,184] {dag.py:2420} INFO - Sync 1 DAGs
[2022-09-21 00:33:55,245] {logging_mixin.py:115} INFO - [2022-09-21 00:33:55,245] {dag.py:2972} INFO - Setting next_dagrun for example_kubernetes_executor to None, run_after=None
[2022-09-21 00:33:55,275] {processor.py:161} INFO - Processing /home/airflow/.local/lib/python3.7/site-packages/airflow/example_dags/example_kubernetes_executor.py took 0.213 seconds
[2022-09-21 00:34:25,327] {processor.py:153} INFO - Started process (PID=11145) to work on /home/airflow/.local/lib/python3.7/site-packages/airflow/example_dags/example_kubernetes_executor.py
[2022-09-21 00:34:25,328] {processor.py:641} INFO - Processing file /home/airflow/.local/lib/python3.7/site-packages/airflow/example_dags/example_kubernetes_executor.py for tasks to queue
[2022-09-21 00:34:25,329] {logging_mixin.py:115} INFO - [2022-09-21 00:34:25,329] {dagbag.py:508} INFO - Filling up the DagBag from /home/airflow/.local/lib/python3.7/site-packages/airflow/example_dags/example_kubernetes_executor.py
[2022-09-21 00:34:25,387] {processor.py:651} INFO - DAG(s) dict_keys(['example_kubernetes_executor']) retrieved from /home/airflow/.local/lib/python3.7/site-packages/airflow/example_dags/example_kubernetes_executor.py
[2022-09-21 00:34:25,438] {logging_mixin.py:115} INFO - [2022-09-21 00:34:25,438] {dag.py:2420} INFO - Sync 1 DAGs
[2022-09-21 00:34:25,482] {logging_mixin.py:115} INFO - [2022-09-21 00:34:25,481] {dag.py:2972} INFO - Setting next_dagrun for example_kubernetes_executor to None, run_after=None
[2022-09-21 00:34:25,512] {processor.py:161} INFO - Processing /home/airflow/.local/lib/python3.7/site-packages/airflow/example_dags/example_kubernetes_executor.py took 0.190 seconds
[2022-09-21 00:34:56,253] {processor.py:153} INFO - Started process (PID=11205) to work on /home/airflow/.local/lib/python3.7/site-packages/airflow/example_dags/example_kubernetes_executor.py
[2022-09-21 00:34:56,254] {processor.py:641} INFO - Processing file /home/airflow/.local/lib/python3.7/site-packages/airflow/example_dags/example_kubernetes_executor.py for tasks to queue
[2022-09-21 00:34:56,255] {logging_mixin.py:115} INFO - [2022-09-21 00:34:56,255] {dagbag.py:508} INFO - Filling up the DagBag from /home/airflow/.local/lib/python3.7/site-packages/airflow/example_dags/example_kubernetes_executor.py
[2022-09-21 00:34:56,302] {processor.py:651} INFO - DAG(s) dict_keys(['example_kubernetes_executor']) retrieved from /home/airflow/.local/lib/python3.7/site-packages/airflow/example_dags/example_kubernetes_executor.py
[2022-09-21 00:34:56,356] {logging_mixin.py:115} INFO - [2022-09-21 00:34:56,355] {dag.py:2420} INFO - Sync 1 DAGs
[2022-09-21 00:34:56,429] {logging_mixin.py:115} INFO - [2022-09-21 00:34:56,428] {dag.py:2972} INFO - Setting next_dagrun for example_kubernetes_executor to None, run_after=None
[2022-09-21 00:34:56,463] {processor.py:161} INFO - Processing /home/airflow/.local/lib/python3.7/site-packages/airflow/example_dags/example_kubernetes_executor.py took 0.216 seconds
[2022-09-21 00:35:26,669] {processor.py:153} INFO - Started process (PID=11260) to work on /home/airflow/.local/lib/python3.7/site-packages/airflow/example_dags/example_kubernetes_executor.py
[2022-09-21 00:35:26,669] {processor.py:641} INFO - Processing file /home/airflow/.local/lib/python3.7/site-packages/airflow/example_dags/example_kubernetes_executor.py for tasks to queue
[2022-09-21 00:35:26,670] {logging_mixin.py:115} INFO - [2022-09-21 00:35:26,670] {dagbag.py:508} INFO - Filling up the DagBag from /home/airflow/.local/lib/python3.7/site-packages/airflow/example_dags/example_kubernetes_executor.py
[2022-09-21 00:35:26,718] {processor.py:651} INFO - DAG(s) dict_keys(['example_kubernetes_executor']) retrieved from /home/airflow/.local/lib/python3.7/site-packages/airflow/example_dags/example_kubernetes_executor.py
[2022-09-21 00:35:26,764] {logging_mixin.py:115} INFO - [2022-09-21 00:35:26,764] {dag.py:2420} INFO - Sync 1 DAGs
[2022-09-21 00:35:26,804] {logging_mixin.py:115} INFO - [2022-09-21 00:35:26,804] {dag.py:2972} INFO - Setting next_dagrun for example_kubernetes_executor to None, run_after=None
[2022-09-21 00:35:26,831] {processor.py:161} INFO - Processing /home/airflow/.local/lib/python3.7/site-packages/airflow/example_dags/example_kubernetes_executor.py took 0.167 seconds
[2022-09-21 00:35:57,176] {processor.py:153} INFO - Started process (PID=11313) to work on /home/airflow/.local/lib/python3.7/site-packages/airflow/example_dags/example_kubernetes_executor.py
[2022-09-21 00:35:57,177] {processor.py:641} INFO - Processing file /home/airflow/.local/lib/python3.7/site-packages/airflow/example_dags/example_kubernetes_executor.py for tasks to queue
[2022-09-21 00:35:57,178] {logging_mixin.py:115} INFO - [2022-09-21 00:35:57,178] {dagbag.py:508} INFO - Filling up the DagBag from /home/airflow/.local/lib/python3.7/site-packages/airflow/example_dags/example_kubernetes_executor.py
[2022-09-21 00:35:57,247] {processor.py:651} INFO - DAG(s) dict_keys(['example_kubernetes_executor']) retrieved from /home/airflow/.local/lib/python3.7/site-packages/airflow/example_dags/example_kubernetes_executor.py
[2022-09-21 00:35:57,321] {logging_mixin.py:115} INFO - [2022-09-21 00:35:57,320] {dag.py:2420} INFO - Sync 1 DAGs
[2022-09-21 00:35:57,367] {logging_mixin.py:115} INFO - [2022-09-21 00:35:57,367] {dag.py:2972} INFO - Setting next_dagrun for example_kubernetes_executor to None, run_after=None
[2022-09-21 00:35:57,392] {processor.py:161} INFO - Processing /home/airflow/.local/lib/python3.7/site-packages/airflow/example_dags/example_kubernetes_executor.py took 0.225 seconds
[2022-09-21 00:36:28,233] {processor.py:153} INFO - Started process (PID=11375) to work on /home/airflow/.local/lib/python3.7/site-packages/airflow/example_dags/example_kubernetes_executor.py
[2022-09-21 00:36:28,235] {processor.py:641} INFO - Processing file /home/airflow/.local/lib/python3.7/site-packages/airflow/example_dags/example_kubernetes_executor.py for tasks to queue
[2022-09-21 00:36:28,236] {logging_mixin.py:115} INFO - [2022-09-21 00:36:28,236] {dagbag.py:508} INFO - Filling up the DagBag from /home/airflow/.local/lib/python3.7/site-packages/airflow/example_dags/example_kubernetes_executor.py
[2022-09-21 00:36:28,290] {processor.py:651} INFO - DAG(s) dict_keys(['example_kubernetes_executor']) retrieved from /home/airflow/.local/lib/python3.7/site-packages/airflow/example_dags/example_kubernetes_executor.py
[2022-09-21 00:36:28,350] {logging_mixin.py:115} INFO - [2022-09-21 00:36:28,350] {dag.py:2420} INFO - Sync 1 DAGs
[2022-09-21 00:36:28,400] {logging_mixin.py:115} INFO - [2022-09-21 00:36:28,400] {dag.py:2972} INFO - Setting next_dagrun for example_kubernetes_executor to None, run_after=None
[2022-09-21 00:36:28,445] {processor.py:161} INFO - Processing /home/airflow/.local/lib/python3.7/site-packages/airflow/example_dags/example_kubernetes_executor.py took 0.219 seconds
[2022-09-21 00:36:58,528] {processor.py:153} INFO - Started process (PID=11427) to work on /home/airflow/.local/lib/python3.7/site-packages/airflow/example_dags/example_kubernetes_executor.py
[2022-09-21 00:36:58,529] {processor.py:641} INFO - Processing file /home/airflow/.local/lib/python3.7/site-packages/airflow/example_dags/example_kubernetes_executor.py for tasks to queue
[2022-09-21 00:36:58,530] {logging_mixin.py:115} INFO - [2022-09-21 00:36:58,530] {dagbag.py:508} INFO - Filling up the DagBag from /home/airflow/.local/lib/python3.7/site-packages/airflow/example_dags/example_kubernetes_executor.py
[2022-09-21 00:36:58,567] {processor.py:651} INFO - DAG(s) dict_keys(['example_kubernetes_executor']) retrieved from /home/airflow/.local/lib/python3.7/site-packages/airflow/example_dags/example_kubernetes_executor.py
[2022-09-21 00:36:58,614] {logging_mixin.py:115} INFO - [2022-09-21 00:36:58,614] {dag.py:2420} INFO - Sync 1 DAGs
[2022-09-21 00:36:58,652] {logging_mixin.py:115} INFO - [2022-09-21 00:36:58,652] {dag.py:2972} INFO - Setting next_dagrun for example_kubernetes_executor to None, run_after=None
[2022-09-21 00:36:58,674] {processor.py:161} INFO - Processing /home/airflow/.local/lib/python3.7/site-packages/airflow/example_dags/example_kubernetes_executor.py took 0.151 seconds
[2022-09-21 11:48:59,752] {processor.py:153} INFO - Started process (PID=11473) to work on /home/airflow/.local/lib/python3.7/site-packages/airflow/example_dags/example_kubernetes_executor.py
[2022-09-21 11:48:59,754] {processor.py:641} INFO - Processing file /home/airflow/.local/lib/python3.7/site-packages/airflow/example_dags/example_kubernetes_executor.py for tasks to queue
[2022-09-21 11:48:59,775] {logging_mixin.py:115} INFO - [2022-09-21 11:48:59,775] {dagbag.py:508} INFO - Filling up the DagBag from /home/airflow/.local/lib/python3.7/site-packages/airflow/example_dags/example_kubernetes_executor.py
[2022-09-21 11:48:59,854] {processor.py:651} INFO - DAG(s) dict_keys(['example_kubernetes_executor']) retrieved from /home/airflow/.local/lib/python3.7/site-packages/airflow/example_dags/example_kubernetes_executor.py
[2022-09-21 11:48:59,959] {logging_mixin.py:115} INFO - [2022-09-21 11:48:59,959] {dag.py:2420} INFO - Sync 1 DAGs
[2022-09-21 11:49:00,056] {logging_mixin.py:115} INFO - [2022-09-21 11:49:00,055] {dag.py:2972} INFO - Setting next_dagrun for example_kubernetes_executor to None, run_after=None
[2022-09-21 11:49:00,092] {processor.py:161} INFO - Processing /home/airflow/.local/lib/python3.7/site-packages/airflow/example_dags/example_kubernetes_executor.py took 0.350 seconds
[2022-09-21 11:49:30,175] {processor.py:153} INFO - Started process (PID=11525) to work on /home/airflow/.local/lib/python3.7/site-packages/airflow/example_dags/example_kubernetes_executor.py
[2022-09-21 11:49:30,176] {processor.py:641} INFO - Processing file /home/airflow/.local/lib/python3.7/site-packages/airflow/example_dags/example_kubernetes_executor.py for tasks to queue
[2022-09-21 11:49:30,177] {logging_mixin.py:115} INFO - [2022-09-21 11:49:30,177] {dagbag.py:508} INFO - Filling up the DagBag from /home/airflow/.local/lib/python3.7/site-packages/airflow/example_dags/example_kubernetes_executor.py
[2022-09-21 11:49:30,225] {processor.py:651} INFO - DAG(s) dict_keys(['example_kubernetes_executor']) retrieved from /home/airflow/.local/lib/python3.7/site-packages/airflow/example_dags/example_kubernetes_executor.py
[2022-09-21 11:49:30,270] {logging_mixin.py:115} INFO - [2022-09-21 11:49:30,270] {dag.py:2420} INFO - Sync 1 DAGs
[2022-09-21 11:49:30,325] {logging_mixin.py:115} INFO - [2022-09-21 11:49:30,325] {dag.py:2972} INFO - Setting next_dagrun for example_kubernetes_executor to None, run_after=None
[2022-09-21 11:49:30,381] {processor.py:161} INFO - Processing /home/airflow/.local/lib/python3.7/site-packages/airflow/example_dags/example_kubernetes_executor.py took 0.214 seconds
[2022-09-21 11:50:00,956] {processor.py:153} INFO - Started process (PID=11578) to work on /home/airflow/.local/lib/python3.7/site-packages/airflow/example_dags/example_kubernetes_executor.py
[2022-09-21 11:50:00,957] {processor.py:641} INFO - Processing file /home/airflow/.local/lib/python3.7/site-packages/airflow/example_dags/example_kubernetes_executor.py for tasks to queue
[2022-09-21 11:50:00,958] {logging_mixin.py:115} INFO - [2022-09-21 11:50:00,958] {dagbag.py:508} INFO - Filling up the DagBag from /home/airflow/.local/lib/python3.7/site-packages/airflow/example_dags/example_kubernetes_executor.py
[2022-09-21 11:50:00,995] {processor.py:651} INFO - DAG(s) dict_keys(['example_kubernetes_executor']) retrieved from /home/airflow/.local/lib/python3.7/site-packages/airflow/example_dags/example_kubernetes_executor.py
[2022-09-21 11:50:01,039] {logging_mixin.py:115} INFO - [2022-09-21 11:50:01,039] {dag.py:2420} INFO - Sync 1 DAGs
[2022-09-21 11:50:01,078] {logging_mixin.py:115} INFO - [2022-09-21 11:50:01,077] {dag.py:2972} INFO - Setting next_dagrun for example_kubernetes_executor to None, run_after=None
[2022-09-21 11:50:01,100] {processor.py:161} INFO - Processing /home/airflow/.local/lib/python3.7/site-packages/airflow/example_dags/example_kubernetes_executor.py took 0.148 seconds
[2022-09-21 11:50:33,039] {processor.py:153} INFO - Started process (PID=11631) to work on /home/airflow/.local/lib/python3.7/site-packages/airflow/example_dags/example_kubernetes_executor.py
[2022-09-21 11:50:33,040] {processor.py:641} INFO - Processing file /home/airflow/.local/lib/python3.7/site-packages/airflow/example_dags/example_kubernetes_executor.py for tasks to queue
[2022-09-21 11:50:33,041] {logging_mixin.py:115} INFO - [2022-09-21 11:50:33,041] {dagbag.py:508} INFO - Filling up the DagBag from /home/airflow/.local/lib/python3.7/site-packages/airflow/example_dags/example_kubernetes_executor.py
[2022-09-21 11:50:33,079] {processor.py:651} INFO - DAG(s) dict_keys(['example_kubernetes_executor']) retrieved from /home/airflow/.local/lib/python3.7/site-packages/airflow/example_dags/example_kubernetes_executor.py
[2022-09-21 11:50:33,131] {logging_mixin.py:115} INFO - [2022-09-21 11:50:33,131] {dag.py:2420} INFO - Sync 1 DAGs
[2022-09-21 11:50:33,187] {logging_mixin.py:115} INFO - [2022-09-21 11:50:33,186] {dag.py:2972} INFO - Setting next_dagrun for example_kubernetes_executor to None, run_after=None
[2022-09-21 11:50:33,209] {processor.py:161} INFO - Processing /home/airflow/.local/lib/python3.7/site-packages/airflow/example_dags/example_kubernetes_executor.py took 0.175 seconds
[2022-09-21 11:51:05,561] {processor.py:153} INFO - Started process (PID=11692) to work on /home/airflow/.local/lib/python3.7/site-packages/airflow/example_dags/example_kubernetes_executor.py
[2022-09-21 11:51:05,562] {processor.py:641} INFO - Processing file /home/airflow/.local/lib/python3.7/site-packages/airflow/example_dags/example_kubernetes_executor.py for tasks to queue
[2022-09-21 11:51:05,562] {logging_mixin.py:115} INFO - [2022-09-21 11:51:05,562] {dagbag.py:508} INFO - Filling up the DagBag from /home/airflow/.local/lib/python3.7/site-packages/airflow/example_dags/example_kubernetes_executor.py
[2022-09-21 11:51:05,599] {processor.py:651} INFO - DAG(s) dict_keys(['example_kubernetes_executor']) retrieved from /home/airflow/.local/lib/python3.7/site-packages/airflow/example_dags/example_kubernetes_executor.py
[2022-09-21 11:51:05,646] {logging_mixin.py:115} INFO - [2022-09-21 11:51:05,646] {dag.py:2420} INFO - Sync 1 DAGs
[2022-09-21 11:51:05,686] {logging_mixin.py:115} INFO - [2022-09-21 11:51:05,686] {dag.py:2972} INFO - Setting next_dagrun for example_kubernetes_executor to None, run_after=None
[2022-09-21 11:51:05,709] {processor.py:161} INFO - Processing /home/airflow/.local/lib/python3.7/site-packages/airflow/example_dags/example_kubernetes_executor.py took 0.153 seconds
[2022-09-21 11:51:37,140] {processor.py:153} INFO - Started process (PID=11746) to work on /home/airflow/.local/lib/python3.7/site-packages/airflow/example_dags/example_kubernetes_executor.py
[2022-09-21 11:51:37,141] {processor.py:641} INFO - Processing file /home/airflow/.local/lib/python3.7/site-packages/airflow/example_dags/example_kubernetes_executor.py for tasks to queue
[2022-09-21 11:51:37,142] {logging_mixin.py:115} INFO - [2022-09-21 11:51:37,142] {dagbag.py:508} INFO - Filling up the DagBag from /home/airflow/.local/lib/python3.7/site-packages/airflow/example_dags/example_kubernetes_executor.py
[2022-09-21 11:51:37,184] {processor.py:651} INFO - DAG(s) dict_keys(['example_kubernetes_executor']) retrieved from /home/airflow/.local/lib/python3.7/site-packages/airflow/example_dags/example_kubernetes_executor.py
[2022-09-21 11:51:37,231] {logging_mixin.py:115} INFO - [2022-09-21 11:51:37,231] {dag.py:2420} INFO - Sync 1 DAGs
[2022-09-21 11:51:37,273] {logging_mixin.py:115} INFO - [2022-09-21 11:51:37,273] {dag.py:2972} INFO - Setting next_dagrun for example_kubernetes_executor to None, run_after=None
[2022-09-21 11:51:37,298] {processor.py:161} INFO - Processing /home/airflow/.local/lib/python3.7/site-packages/airflow/example_dags/example_kubernetes_executor.py took 0.163 seconds
[2022-09-21 11:52:08,948] {processor.py:153} INFO - Started process (PID=11799) to work on /home/airflow/.local/lib/python3.7/site-packages/airflow/example_dags/example_kubernetes_executor.py
[2022-09-21 11:52:08,949] {processor.py:641} INFO - Processing file /home/airflow/.local/lib/python3.7/site-packages/airflow/example_dags/example_kubernetes_executor.py for tasks to queue
[2022-09-21 11:52:08,950] {logging_mixin.py:115} INFO - [2022-09-21 11:52:08,950] {dagbag.py:508} INFO - Filling up the DagBag from /home/airflow/.local/lib/python3.7/site-packages/airflow/example_dags/example_kubernetes_executor.py
[2022-09-21 11:52:08,984] {processor.py:651} INFO - DAG(s) dict_keys(['example_kubernetes_executor']) retrieved from /home/airflow/.local/lib/python3.7/site-packages/airflow/example_dags/example_kubernetes_executor.py
[2022-09-21 11:52:09,029] {logging_mixin.py:115} INFO - [2022-09-21 11:52:09,029] {dag.py:2420} INFO - Sync 1 DAGs
[2022-09-21 11:52:09,080] {logging_mixin.py:115} INFO - [2022-09-21 11:52:09,080] {dag.py:2972} INFO - Setting next_dagrun for example_kubernetes_executor to None, run_after=None
[2022-09-21 11:52:09,104] {processor.py:161} INFO - Processing /home/airflow/.local/lib/python3.7/site-packages/airflow/example_dags/example_kubernetes_executor.py took 0.160 seconds
