[2022-09-19 16:56:45,416] {processor.py:153} INFO - Started process (PID=84) to work on /home/airflow/.local/lib/python3.7/site-packages/airflow/example_dags/example_xcomargs.py
[2022-09-19 16:56:45,417] {processor.py:641} INFO - Processing file /home/airflow/.local/lib/python3.7/site-packages/airflow/example_dags/example_xcomargs.py for tasks to queue
[2022-09-19 16:56:45,420] {logging_mixin.py:115} INFO - [2022-09-19 16:56:45,419] {dagbag.py:508} INFO - Filling up the DagBag from /home/airflow/.local/lib/python3.7/site-packages/airflow/example_dags/example_xcomargs.py
[2022-09-19 16:56:45,548] {processor.py:651} INFO - DAG(s) dict_keys(['example_xcom_args', 'example_xcom_args_with_operators']) retrieved from /home/airflow/.local/lib/python3.7/site-packages/airflow/example_dags/example_xcomargs.py
[2022-09-19 16:56:46,042] {logging_mixin.py:115} INFO - [2022-09-19 16:56:46,042] {dag.py:2420} INFO - Sync 2 DAGs
[2022-09-19 16:56:46,088] {logging_mixin.py:115} INFO - [2022-09-19 16:56:46,088] {dag.py:2972} INFO - Setting next_dagrun for example_xcom_args to None, run_after=None
[2022-09-19 16:56:46,089] {logging_mixin.py:115} INFO - [2022-09-19 16:56:46,089] {dag.py:2972} INFO - Setting next_dagrun for example_xcom_args_with_operators to None, run_after=None
[2022-09-19 16:56:46,133] {processor.py:161} INFO - Processing /home/airflow/.local/lib/python3.7/site-packages/airflow/example_dags/example_xcomargs.py took 0.739 seconds
[2022-09-19 16:57:16,425] {processor.py:153} INFO - Started process (PID=138) to work on /home/airflow/.local/lib/python3.7/site-packages/airflow/example_dags/example_xcomargs.py
[2022-09-19 16:57:16,431] {processor.py:641} INFO - Processing file /home/airflow/.local/lib/python3.7/site-packages/airflow/example_dags/example_xcomargs.py for tasks to queue
[2022-09-19 16:57:16,432] {logging_mixin.py:115} INFO - [2022-09-19 16:57:16,431] {dagbag.py:508} INFO - Filling up the DagBag from /home/airflow/.local/lib/python3.7/site-packages/airflow/example_dags/example_xcomargs.py
[2022-09-19 16:57:16,484] {processor.py:651} INFO - DAG(s) dict_keys(['example_xcom_args', 'example_xcom_args_with_operators']) retrieved from /home/airflow/.local/lib/python3.7/site-packages/airflow/example_dags/example_xcomargs.py
[2022-09-19 16:57:17,150] {logging_mixin.py:115} INFO - [2022-09-19 16:57:17,150] {dag.py:2420} INFO - Sync 2 DAGs
[2022-09-19 16:57:17,218] {logging_mixin.py:115} INFO - [2022-09-19 16:57:17,217] {dag.py:2972} INFO - Setting next_dagrun for example_xcom_args to None, run_after=None
[2022-09-19 16:57:17,218] {logging_mixin.py:115} INFO - [2022-09-19 16:57:17,218] {dag.py:2972} INFO - Setting next_dagrun for example_xcom_args_with_operators to None, run_after=None
[2022-09-19 16:57:17,252] {processor.py:161} INFO - Processing /home/airflow/.local/lib/python3.7/site-packages/airflow/example_dags/example_xcomargs.py took 0.833 seconds
[2022-09-19 16:57:47,529] {processor.py:153} INFO - Started process (PID=191) to work on /home/airflow/.local/lib/python3.7/site-packages/airflow/example_dags/example_xcomargs.py
[2022-09-19 16:57:47,530] {processor.py:641} INFO - Processing file /home/airflow/.local/lib/python3.7/site-packages/airflow/example_dags/example_xcomargs.py for tasks to queue
[2022-09-19 16:57:47,531] {logging_mixin.py:115} INFO - [2022-09-19 16:57:47,531] {dagbag.py:508} INFO - Filling up the DagBag from /home/airflow/.local/lib/python3.7/site-packages/airflow/example_dags/example_xcomargs.py
[2022-09-19 16:57:47,564] {processor.py:651} INFO - DAG(s) dict_keys(['example_xcom_args', 'example_xcom_args_with_operators']) retrieved from /home/airflow/.local/lib/python3.7/site-packages/airflow/example_dags/example_xcomargs.py
[2022-09-19 16:57:47,932] {logging_mixin.py:115} INFO - [2022-09-19 16:57:47,931] {dag.py:2420} INFO - Sync 2 DAGs
[2022-09-19 16:57:47,973] {logging_mixin.py:115} INFO - [2022-09-19 16:57:47,973] {dag.py:2972} INFO - Setting next_dagrun for example_xcom_args to None, run_after=None
[2022-09-19 16:57:47,974] {logging_mixin.py:115} INFO - [2022-09-19 16:57:47,974] {dag.py:2972} INFO - Setting next_dagrun for example_xcom_args_with_operators to None, run_after=None
[2022-09-19 16:57:47,998] {processor.py:161} INFO - Processing /home/airflow/.local/lib/python3.7/site-packages/airflow/example_dags/example_xcomargs.py took 0.476 seconds
[2022-09-19 16:58:18,394] {processor.py:153} INFO - Started process (PID=244) to work on /home/airflow/.local/lib/python3.7/site-packages/airflow/example_dags/example_xcomargs.py
[2022-09-19 16:58:18,396] {processor.py:641} INFO - Processing file /home/airflow/.local/lib/python3.7/site-packages/airflow/example_dags/example_xcomargs.py for tasks to queue
[2022-09-19 16:58:18,397] {logging_mixin.py:115} INFO - [2022-09-19 16:58:18,396] {dagbag.py:508} INFO - Filling up the DagBag from /home/airflow/.local/lib/python3.7/site-packages/airflow/example_dags/example_xcomargs.py
[2022-09-19 16:58:18,433] {processor.py:651} INFO - DAG(s) dict_keys(['example_xcom_args', 'example_xcom_args_with_operators']) retrieved from /home/airflow/.local/lib/python3.7/site-packages/airflow/example_dags/example_xcomargs.py
[2022-09-19 16:58:18,814] {logging_mixin.py:115} INFO - [2022-09-19 16:58:18,814] {dag.py:2420} INFO - Sync 2 DAGs
[2022-09-19 16:58:18,857] {logging_mixin.py:115} INFO - [2022-09-19 16:58:18,857] {dag.py:2972} INFO - Setting next_dagrun for example_xcom_args to None, run_after=None
[2022-09-19 16:58:18,858] {logging_mixin.py:115} INFO - [2022-09-19 16:58:18,858] {dag.py:2972} INFO - Setting next_dagrun for example_xcom_args_with_operators to None, run_after=None
[2022-09-19 16:58:18,888] {processor.py:161} INFO - Processing /home/airflow/.local/lib/python3.7/site-packages/airflow/example_dags/example_xcomargs.py took 0.498 seconds
[2022-09-19 16:58:49,071] {processor.py:153} INFO - Started process (PID=306) to work on /home/airflow/.local/lib/python3.7/site-packages/airflow/example_dags/example_xcomargs.py
[2022-09-19 16:58:49,072] {processor.py:641} INFO - Processing file /home/airflow/.local/lib/python3.7/site-packages/airflow/example_dags/example_xcomargs.py for tasks to queue
[2022-09-19 16:58:49,073] {logging_mixin.py:115} INFO - [2022-09-19 16:58:49,073] {dagbag.py:508} INFO - Filling up the DagBag from /home/airflow/.local/lib/python3.7/site-packages/airflow/example_dags/example_xcomargs.py
[2022-09-19 16:58:49,124] {processor.py:651} INFO - DAG(s) dict_keys(['example_xcom_args', 'example_xcom_args_with_operators']) retrieved from /home/airflow/.local/lib/python3.7/site-packages/airflow/example_dags/example_xcomargs.py
[2022-09-19 16:58:49,470] {logging_mixin.py:115} INFO - [2022-09-19 16:58:49,469] {dag.py:2420} INFO - Sync 2 DAGs
[2022-09-19 16:58:49,508] {logging_mixin.py:115} INFO - [2022-09-19 16:58:49,507] {dag.py:2972} INFO - Setting next_dagrun for example_xcom_args to None, run_after=None
[2022-09-19 16:58:49,508] {logging_mixin.py:115} INFO - [2022-09-19 16:58:49,508] {dag.py:2972} INFO - Setting next_dagrun for example_xcom_args_with_operators to None, run_after=None
[2022-09-19 16:58:49,535] {processor.py:161} INFO - Processing /home/airflow/.local/lib/python3.7/site-packages/airflow/example_dags/example_xcomargs.py took 0.471 seconds
[2022-09-19 16:59:19,609] {processor.py:153} INFO - Started process (PID=359) to work on /home/airflow/.local/lib/python3.7/site-packages/airflow/example_dags/example_xcomargs.py
[2022-09-19 16:59:19,610] {processor.py:641} INFO - Processing file /home/airflow/.local/lib/python3.7/site-packages/airflow/example_dags/example_xcomargs.py for tasks to queue
[2022-09-19 16:59:19,611] {logging_mixin.py:115} INFO - [2022-09-19 16:59:19,611] {dagbag.py:508} INFO - Filling up the DagBag from /home/airflow/.local/lib/python3.7/site-packages/airflow/example_dags/example_xcomargs.py
[2022-09-19 16:59:19,659] {processor.py:651} INFO - DAG(s) dict_keys(['example_xcom_args', 'example_xcom_args_with_operators']) retrieved from /home/airflow/.local/lib/python3.7/site-packages/airflow/example_dags/example_xcomargs.py
[2022-09-19 16:59:20,085] {logging_mixin.py:115} INFO - [2022-09-19 16:59:20,085] {dag.py:2420} INFO - Sync 2 DAGs
[2022-09-19 16:59:20,123] {logging_mixin.py:115} INFO - [2022-09-19 16:59:20,123] {dag.py:2972} INFO - Setting next_dagrun for example_xcom_args to None, run_after=None
[2022-09-19 16:59:20,124] {logging_mixin.py:115} INFO - [2022-09-19 16:59:20,124] {dag.py:2972} INFO - Setting next_dagrun for example_xcom_args_with_operators to None, run_after=None
[2022-09-19 16:59:20,153] {processor.py:161} INFO - Processing /home/airflow/.local/lib/python3.7/site-packages/airflow/example_dags/example_xcomargs.py took 0.552 seconds
[2022-09-19 16:59:50,388] {processor.py:153} INFO - Started process (PID=412) to work on /home/airflow/.local/lib/python3.7/site-packages/airflow/example_dags/example_xcomargs.py
[2022-09-19 16:59:50,389] {processor.py:641} INFO - Processing file /home/airflow/.local/lib/python3.7/site-packages/airflow/example_dags/example_xcomargs.py for tasks to queue
[2022-09-19 16:59:50,390] {logging_mixin.py:115} INFO - [2022-09-19 16:59:50,389] {dagbag.py:508} INFO - Filling up the DagBag from /home/airflow/.local/lib/python3.7/site-packages/airflow/example_dags/example_xcomargs.py
[2022-09-19 16:59:50,429] {processor.py:651} INFO - DAG(s) dict_keys(['example_xcom_args', 'example_xcom_args_with_operators']) retrieved from /home/airflow/.local/lib/python3.7/site-packages/airflow/example_dags/example_xcomargs.py
[2022-09-19 16:59:50,811] {logging_mixin.py:115} INFO - [2022-09-19 16:59:50,811] {dag.py:2420} INFO - Sync 2 DAGs
[2022-09-19 16:59:50,852] {logging_mixin.py:115} INFO - [2022-09-19 16:59:50,852] {dag.py:2972} INFO - Setting next_dagrun for example_xcom_args to None, run_after=None
[2022-09-19 16:59:50,853] {logging_mixin.py:115} INFO - [2022-09-19 16:59:50,853] {dag.py:2972} INFO - Setting next_dagrun for example_xcom_args_with_operators to None, run_after=None
[2022-09-19 16:59:50,881] {processor.py:161} INFO - Processing /home/airflow/.local/lib/python3.7/site-packages/airflow/example_dags/example_xcomargs.py took 0.497 seconds
[2022-09-19 17:00:21,157] {processor.py:153} INFO - Started process (PID=474) to work on /home/airflow/.local/lib/python3.7/site-packages/airflow/example_dags/example_xcomargs.py
[2022-09-19 17:00:21,158] {processor.py:641} INFO - Processing file /home/airflow/.local/lib/python3.7/site-packages/airflow/example_dags/example_xcomargs.py for tasks to queue
[2022-09-19 17:00:21,160] {logging_mixin.py:115} INFO - [2022-09-19 17:00:21,160] {dagbag.py:508} INFO - Filling up the DagBag from /home/airflow/.local/lib/python3.7/site-packages/airflow/example_dags/example_xcomargs.py
[2022-09-19 17:00:21,219] {processor.py:651} INFO - DAG(s) dict_keys(['example_xcom_args', 'example_xcom_args_with_operators']) retrieved from /home/airflow/.local/lib/python3.7/site-packages/airflow/example_dags/example_xcomargs.py
[2022-09-19 17:00:21,546] {logging_mixin.py:115} INFO - [2022-09-19 17:00:21,545] {dag.py:2420} INFO - Sync 2 DAGs
[2022-09-19 17:00:21,596] {logging_mixin.py:115} INFO - [2022-09-19 17:00:21,595] {dag.py:2972} INFO - Setting next_dagrun for example_xcom_args to None, run_after=None
[2022-09-19 17:00:21,596] {logging_mixin.py:115} INFO - [2022-09-19 17:00:21,596] {dag.py:2972} INFO - Setting next_dagrun for example_xcom_args_with_operators to None, run_after=None
[2022-09-19 17:00:21,628] {processor.py:161} INFO - Processing /home/airflow/.local/lib/python3.7/site-packages/airflow/example_dags/example_xcomargs.py took 0.479 seconds
[2022-09-19 17:00:52,209] {processor.py:153} INFO - Started process (PID=527) to work on /home/airflow/.local/lib/python3.7/site-packages/airflow/example_dags/example_xcomargs.py
[2022-09-19 17:00:52,210] {processor.py:641} INFO - Processing file /home/airflow/.local/lib/python3.7/site-packages/airflow/example_dags/example_xcomargs.py for tasks to queue
[2022-09-19 17:00:52,211] {logging_mixin.py:115} INFO - [2022-09-19 17:00:52,211] {dagbag.py:508} INFO - Filling up the DagBag from /home/airflow/.local/lib/python3.7/site-packages/airflow/example_dags/example_xcomargs.py
[2022-09-19 17:00:52,260] {processor.py:651} INFO - DAG(s) dict_keys(['example_xcom_args', 'example_xcom_args_with_operators']) retrieved from /home/airflow/.local/lib/python3.7/site-packages/airflow/example_dags/example_xcomargs.py
[2022-09-19 17:00:52,554] {logging_mixin.py:115} INFO - [2022-09-19 17:00:52,554] {dag.py:2420} INFO - Sync 2 DAGs
[2022-09-19 17:00:52,595] {logging_mixin.py:115} INFO - [2022-09-19 17:00:52,595] {dag.py:2972} INFO - Setting next_dagrun for example_xcom_args to None, run_after=None
[2022-09-19 17:00:52,596] {logging_mixin.py:115} INFO - [2022-09-19 17:00:52,596] {dag.py:2972} INFO - Setting next_dagrun for example_xcom_args_with_operators to None, run_after=None
[2022-09-19 17:00:52,621] {processor.py:161} INFO - Processing /home/airflow/.local/lib/python3.7/site-packages/airflow/example_dags/example_xcomargs.py took 0.420 seconds
[2022-09-19 17:01:23,292] {processor.py:153} INFO - Started process (PID=589) to work on /home/airflow/.local/lib/python3.7/site-packages/airflow/example_dags/example_xcomargs.py
[2022-09-19 17:01:23,293] {processor.py:641} INFO - Processing file /home/airflow/.local/lib/python3.7/site-packages/airflow/example_dags/example_xcomargs.py for tasks to queue
[2022-09-19 17:01:23,295] {logging_mixin.py:115} INFO - [2022-09-19 17:01:23,294] {dagbag.py:508} INFO - Filling up the DagBag from /home/airflow/.local/lib/python3.7/site-packages/airflow/example_dags/example_xcomargs.py
[2022-09-19 17:01:23,354] {processor.py:651} INFO - DAG(s) dict_keys(['example_xcom_args', 'example_xcom_args_with_operators']) retrieved from /home/airflow/.local/lib/python3.7/site-packages/airflow/example_dags/example_xcomargs.py
[2022-09-19 17:01:23,831] {logging_mixin.py:115} INFO - [2022-09-19 17:01:23,831] {dag.py:2420} INFO - Sync 2 DAGs
[2022-09-19 17:01:23,871] {logging_mixin.py:115} INFO - [2022-09-19 17:01:23,870] {dag.py:2972} INFO - Setting next_dagrun for example_xcom_args to None, run_after=None
[2022-09-19 17:01:23,871] {logging_mixin.py:115} INFO - [2022-09-19 17:01:23,871] {dag.py:2972} INFO - Setting next_dagrun for example_xcom_args_with_operators to None, run_after=None
[2022-09-19 17:01:23,907] {processor.py:161} INFO - Processing /home/airflow/.local/lib/python3.7/site-packages/airflow/example_dags/example_xcomargs.py took 0.624 seconds
[2022-09-19 17:01:54,206] {processor.py:153} INFO - Started process (PID=642) to work on /home/airflow/.local/lib/python3.7/site-packages/airflow/example_dags/example_xcomargs.py
[2022-09-19 17:01:54,208] {processor.py:641} INFO - Processing file /home/airflow/.local/lib/python3.7/site-packages/airflow/example_dags/example_xcomargs.py for tasks to queue
[2022-09-19 17:01:54,209] {logging_mixin.py:115} INFO - [2022-09-19 17:01:54,209] {dagbag.py:508} INFO - Filling up the DagBag from /home/airflow/.local/lib/python3.7/site-packages/airflow/example_dags/example_xcomargs.py
[2022-09-19 17:01:54,270] {processor.py:651} INFO - DAG(s) dict_keys(['example_xcom_args', 'example_xcom_args_with_operators']) retrieved from /home/airflow/.local/lib/python3.7/site-packages/airflow/example_dags/example_xcomargs.py
[2022-09-19 17:01:54,711] {logging_mixin.py:115} INFO - [2022-09-19 17:01:54,710] {dag.py:2420} INFO - Sync 2 DAGs
[2022-09-19 17:01:54,750] {logging_mixin.py:115} INFO - [2022-09-19 17:01:54,750] {dag.py:2972} INFO - Setting next_dagrun for example_xcom_args to None, run_after=None
[2022-09-19 17:01:54,750] {logging_mixin.py:115} INFO - [2022-09-19 17:01:54,750] {dag.py:2972} INFO - Setting next_dagrun for example_xcom_args_with_operators to None, run_after=None
[2022-09-19 17:01:54,783] {processor.py:161} INFO - Processing /home/airflow/.local/lib/python3.7/site-packages/airflow/example_dags/example_xcomargs.py took 0.587 seconds
[2022-09-19 17:02:25,723] {processor.py:153} INFO - Started process (PID=696) to work on /home/airflow/.local/lib/python3.7/site-packages/airflow/example_dags/example_xcomargs.py
[2022-09-19 17:02:25,724] {processor.py:641} INFO - Processing file /home/airflow/.local/lib/python3.7/site-packages/airflow/example_dags/example_xcomargs.py for tasks to queue
[2022-09-19 17:02:25,725] {logging_mixin.py:115} INFO - [2022-09-19 17:02:25,725] {dagbag.py:508} INFO - Filling up the DagBag from /home/airflow/.local/lib/python3.7/site-packages/airflow/example_dags/example_xcomargs.py
[2022-09-19 17:02:25,763] {processor.py:651} INFO - DAG(s) dict_keys(['example_xcom_args', 'example_xcom_args_with_operators']) retrieved from /home/airflow/.local/lib/python3.7/site-packages/airflow/example_dags/example_xcomargs.py
[2022-09-19 17:02:26,142] {logging_mixin.py:115} INFO - [2022-09-19 17:02:26,142] {dag.py:2420} INFO - Sync 2 DAGs
[2022-09-19 17:02:26,179] {logging_mixin.py:115} INFO - [2022-09-19 17:02:26,179] {dag.py:2972} INFO - Setting next_dagrun for example_xcom_args to None, run_after=None
[2022-09-19 17:02:26,180] {logging_mixin.py:115} INFO - [2022-09-19 17:02:26,180] {dag.py:2972} INFO - Setting next_dagrun for example_xcom_args_with_operators to None, run_after=None
[2022-09-19 17:02:26,216] {processor.py:161} INFO - Processing /home/airflow/.local/lib/python3.7/site-packages/airflow/example_dags/example_xcomargs.py took 0.498 seconds
[2022-09-19 17:02:56,728] {processor.py:153} INFO - Started process (PID=758) to work on /home/airflow/.local/lib/python3.7/site-packages/airflow/example_dags/example_xcomargs.py
[2022-09-19 17:02:56,729] {processor.py:641} INFO - Processing file /home/airflow/.local/lib/python3.7/site-packages/airflow/example_dags/example_xcomargs.py for tasks to queue
[2022-09-19 17:02:56,731] {logging_mixin.py:115} INFO - [2022-09-19 17:02:56,731] {dagbag.py:508} INFO - Filling up the DagBag from /home/airflow/.local/lib/python3.7/site-packages/airflow/example_dags/example_xcomargs.py
[2022-09-19 17:02:56,786] {processor.py:651} INFO - DAG(s) dict_keys(['example_xcom_args', 'example_xcom_args_with_operators']) retrieved from /home/airflow/.local/lib/python3.7/site-packages/airflow/example_dags/example_xcomargs.py
[2022-09-19 17:02:57,085] {logging_mixin.py:115} INFO - [2022-09-19 17:02:57,085] {dag.py:2420} INFO - Sync 2 DAGs
[2022-09-19 17:02:57,126] {logging_mixin.py:115} INFO - [2022-09-19 17:02:57,126] {dag.py:2972} INFO - Setting next_dagrun for example_xcom_args to None, run_after=None
[2022-09-19 17:02:57,127] {logging_mixin.py:115} INFO - [2022-09-19 17:02:57,127] {dag.py:2972} INFO - Setting next_dagrun for example_xcom_args_with_operators to None, run_after=None
[2022-09-19 17:02:57,149] {processor.py:161} INFO - Processing /home/airflow/.local/lib/python3.7/site-packages/airflow/example_dags/example_xcomargs.py took 0.428 seconds
[2022-09-19 17:03:27,725] {processor.py:153} INFO - Started process (PID=811) to work on /home/airflow/.local/lib/python3.7/site-packages/airflow/example_dags/example_xcomargs.py
[2022-09-19 17:03:27,726] {processor.py:641} INFO - Processing file /home/airflow/.local/lib/python3.7/site-packages/airflow/example_dags/example_xcomargs.py for tasks to queue
[2022-09-19 17:03:27,727] {logging_mixin.py:115} INFO - [2022-09-19 17:03:27,727] {dagbag.py:508} INFO - Filling up the DagBag from /home/airflow/.local/lib/python3.7/site-packages/airflow/example_dags/example_xcomargs.py
[2022-09-19 17:03:27,770] {processor.py:651} INFO - DAG(s) dict_keys(['example_xcom_args', 'example_xcom_args_with_operators']) retrieved from /home/airflow/.local/lib/python3.7/site-packages/airflow/example_dags/example_xcomargs.py
[2022-09-19 17:03:28,106] {logging_mixin.py:115} INFO - [2022-09-19 17:03:28,106] {dag.py:2420} INFO - Sync 2 DAGs
[2022-09-19 17:03:28,145] {logging_mixin.py:115} INFO - [2022-09-19 17:03:28,145] {dag.py:2972} INFO - Setting next_dagrun for example_xcom_args to None, run_after=None
[2022-09-19 17:03:28,145] {logging_mixin.py:115} INFO - [2022-09-19 17:03:28,145] {dag.py:2972} INFO - Setting next_dagrun for example_xcom_args_with_operators to None, run_after=None
[2022-09-19 17:03:28,174] {processor.py:161} INFO - Processing /home/airflow/.local/lib/python3.7/site-packages/airflow/example_dags/example_xcomargs.py took 0.454 seconds
[2022-09-19 17:03:58,857] {processor.py:153} INFO - Started process (PID=871) to work on /home/airflow/.local/lib/python3.7/site-packages/airflow/example_dags/example_xcomargs.py
[2022-09-19 17:03:58,858] {processor.py:641} INFO - Processing file /home/airflow/.local/lib/python3.7/site-packages/airflow/example_dags/example_xcomargs.py for tasks to queue
[2022-09-19 17:03:58,859] {logging_mixin.py:115} INFO - [2022-09-19 17:03:58,859] {dagbag.py:508} INFO - Filling up the DagBag from /home/airflow/.local/lib/python3.7/site-packages/airflow/example_dags/example_xcomargs.py
[2022-09-19 17:03:58,896] {processor.py:651} INFO - DAG(s) dict_keys(['example_xcom_args', 'example_xcom_args_with_operators']) retrieved from /home/airflow/.local/lib/python3.7/site-packages/airflow/example_dags/example_xcomargs.py
[2022-09-19 17:03:59,281] {logging_mixin.py:115} INFO - [2022-09-19 17:03:59,280] {dag.py:2420} INFO - Sync 2 DAGs
[2022-09-19 17:03:59,316] {logging_mixin.py:115} INFO - [2022-09-19 17:03:59,316] {dag.py:2972} INFO - Setting next_dagrun for example_xcom_args to None, run_after=None
[2022-09-19 17:03:59,317] {logging_mixin.py:115} INFO - [2022-09-19 17:03:59,317] {dag.py:2972} INFO - Setting next_dagrun for example_xcom_args_with_operators to None, run_after=None
[2022-09-19 17:03:59,343] {processor.py:161} INFO - Processing /home/airflow/.local/lib/python3.7/site-packages/airflow/example_dags/example_xcomargs.py took 0.493 seconds
[2022-09-19 17:04:29,577] {processor.py:153} INFO - Started process (PID=925) to work on /home/airflow/.local/lib/python3.7/site-packages/airflow/example_dags/example_xcomargs.py
[2022-09-19 17:04:29,578] {processor.py:641} INFO - Processing file /home/airflow/.local/lib/python3.7/site-packages/airflow/example_dags/example_xcomargs.py for tasks to queue
[2022-09-19 17:04:29,579] {logging_mixin.py:115} INFO - [2022-09-19 17:04:29,579] {dagbag.py:508} INFO - Filling up the DagBag from /home/airflow/.local/lib/python3.7/site-packages/airflow/example_dags/example_xcomargs.py
[2022-09-19 17:04:29,612] {processor.py:651} INFO - DAG(s) dict_keys(['example_xcom_args', 'example_xcom_args_with_operators']) retrieved from /home/airflow/.local/lib/python3.7/site-packages/airflow/example_dags/example_xcomargs.py
[2022-09-19 17:04:29,872] {logging_mixin.py:115} INFO - [2022-09-19 17:04:29,872] {dag.py:2420} INFO - Sync 2 DAGs
[2022-09-19 17:04:29,908] {logging_mixin.py:115} INFO - [2022-09-19 17:04:29,908] {dag.py:2972} INFO - Setting next_dagrun for example_xcom_args to None, run_after=None
[2022-09-19 17:04:29,909] {logging_mixin.py:115} INFO - [2022-09-19 17:04:29,908] {dag.py:2972} INFO - Setting next_dagrun for example_xcom_args_with_operators to None, run_after=None
[2022-09-19 17:04:29,931] {processor.py:161} INFO - Processing /home/airflow/.local/lib/python3.7/site-packages/airflow/example_dags/example_xcomargs.py took 0.358 seconds
[2022-09-19 17:05:00,895] {processor.py:153} INFO - Started process (PID=978) to work on /home/airflow/.local/lib/python3.7/site-packages/airflow/example_dags/example_xcomargs.py
[2022-09-19 17:05:00,896] {processor.py:641} INFO - Processing file /home/airflow/.local/lib/python3.7/site-packages/airflow/example_dags/example_xcomargs.py for tasks to queue
[2022-09-19 17:05:00,897] {logging_mixin.py:115} INFO - [2022-09-19 17:05:00,897] {dagbag.py:508} INFO - Filling up the DagBag from /home/airflow/.local/lib/python3.7/site-packages/airflow/example_dags/example_xcomargs.py
[2022-09-19 17:05:00,947] {processor.py:651} INFO - DAG(s) dict_keys(['example_xcom_args', 'example_xcom_args_with_operators']) retrieved from /home/airflow/.local/lib/python3.7/site-packages/airflow/example_dags/example_xcomargs.py
[2022-09-19 17:05:01,310] {logging_mixin.py:115} INFO - [2022-09-19 17:05:01,310] {dag.py:2420} INFO - Sync 2 DAGs
[2022-09-19 17:05:01,351] {logging_mixin.py:115} INFO - [2022-09-19 17:05:01,350] {dag.py:2972} INFO - Setting next_dagrun for example_xcom_args to None, run_after=None
[2022-09-19 17:05:01,351] {logging_mixin.py:115} INFO - [2022-09-19 17:05:01,351] {dag.py:2972} INFO - Setting next_dagrun for example_xcom_args_with_operators to None, run_after=None
[2022-09-19 17:05:01,381] {processor.py:161} INFO - Processing /home/airflow/.local/lib/python3.7/site-packages/airflow/example_dags/example_xcomargs.py took 0.493 seconds
[2022-09-19 17:05:31,659] {processor.py:153} INFO - Started process (PID=1040) to work on /home/airflow/.local/lib/python3.7/site-packages/airflow/example_dags/example_xcomargs.py
[2022-09-19 17:05:31,660] {processor.py:641} INFO - Processing file /home/airflow/.local/lib/python3.7/site-packages/airflow/example_dags/example_xcomargs.py for tasks to queue
[2022-09-19 17:05:31,661] {logging_mixin.py:115} INFO - [2022-09-19 17:05:31,661] {dagbag.py:508} INFO - Filling up the DagBag from /home/airflow/.local/lib/python3.7/site-packages/airflow/example_dags/example_xcomargs.py
[2022-09-19 17:05:31,704] {processor.py:651} INFO - DAG(s) dict_keys(['example_xcom_args', 'example_xcom_args_with_operators']) retrieved from /home/airflow/.local/lib/python3.7/site-packages/airflow/example_dags/example_xcomargs.py
[2022-09-19 17:05:32,087] {logging_mixin.py:115} INFO - [2022-09-19 17:05:32,087] {dag.py:2420} INFO - Sync 2 DAGs
[2022-09-19 17:05:32,127] {logging_mixin.py:115} INFO - [2022-09-19 17:05:32,127] {dag.py:2972} INFO - Setting next_dagrun for example_xcom_args to None, run_after=None
[2022-09-19 17:05:32,127] {logging_mixin.py:115} INFO - [2022-09-19 17:05:32,127] {dag.py:2972} INFO - Setting next_dagrun for example_xcom_args_with_operators to None, run_after=None
[2022-09-19 17:05:32,154] {processor.py:161} INFO - Processing /home/airflow/.local/lib/python3.7/site-packages/airflow/example_dags/example_xcomargs.py took 0.501 seconds
[2022-09-19 17:06:02,326] {processor.py:153} INFO - Started process (PID=1093) to work on /home/airflow/.local/lib/python3.7/site-packages/airflow/example_dags/example_xcomargs.py
[2022-09-19 17:06:02,327] {processor.py:641} INFO - Processing file /home/airflow/.local/lib/python3.7/site-packages/airflow/example_dags/example_xcomargs.py for tasks to queue
[2022-09-19 17:06:02,327] {logging_mixin.py:115} INFO - [2022-09-19 17:06:02,327] {dagbag.py:508} INFO - Filling up the DagBag from /home/airflow/.local/lib/python3.7/site-packages/airflow/example_dags/example_xcomargs.py
[2022-09-19 17:06:02,361] {processor.py:651} INFO - DAG(s) dict_keys(['example_xcom_args', 'example_xcom_args_with_operators']) retrieved from /home/airflow/.local/lib/python3.7/site-packages/airflow/example_dags/example_xcomargs.py
[2022-09-19 17:06:02,638] {logging_mixin.py:115} INFO - [2022-09-19 17:06:02,637] {dag.py:2420} INFO - Sync 2 DAGs
[2022-09-19 17:06:02,673] {logging_mixin.py:115} INFO - [2022-09-19 17:06:02,673] {dag.py:2972} INFO - Setting next_dagrun for example_xcom_args to None, run_after=None
[2022-09-19 17:06:02,674] {logging_mixin.py:115} INFO - [2022-09-19 17:06:02,674] {dag.py:2972} INFO - Setting next_dagrun for example_xcom_args_with_operators to None, run_after=None
[2022-09-19 17:06:02,694] {processor.py:161} INFO - Processing /home/airflow/.local/lib/python3.7/site-packages/airflow/example_dags/example_xcomargs.py took 0.372 seconds
[2022-09-19 17:06:32,798] {processor.py:153} INFO - Started process (PID=1154) to work on /home/airflow/.local/lib/python3.7/site-packages/airflow/example_dags/example_xcomargs.py
[2022-09-19 17:06:32,799] {processor.py:641} INFO - Processing file /home/airflow/.local/lib/python3.7/site-packages/airflow/example_dags/example_xcomargs.py for tasks to queue
[2022-09-19 17:06:32,800] {logging_mixin.py:115} INFO - [2022-09-19 17:06:32,800] {dagbag.py:508} INFO - Filling up the DagBag from /home/airflow/.local/lib/python3.7/site-packages/airflow/example_dags/example_xcomargs.py
[2022-09-19 17:06:32,852] {processor.py:651} INFO - DAG(s) dict_keys(['example_xcom_args', 'example_xcom_args_with_operators']) retrieved from /home/airflow/.local/lib/python3.7/site-packages/airflow/example_dags/example_xcomargs.py
[2022-09-19 17:06:33,186] {logging_mixin.py:115} INFO - [2022-09-19 17:06:33,186] {dag.py:2420} INFO - Sync 2 DAGs
[2022-09-19 17:06:33,229] {logging_mixin.py:115} INFO - [2022-09-19 17:06:33,228] {dag.py:2972} INFO - Setting next_dagrun for example_xcom_args to None, run_after=None
[2022-09-19 17:06:33,229] {logging_mixin.py:115} INFO - [2022-09-19 17:06:33,229] {dag.py:2972} INFO - Setting next_dagrun for example_xcom_args_with_operators to None, run_after=None
[2022-09-19 17:06:33,260] {processor.py:161} INFO - Processing /home/airflow/.local/lib/python3.7/site-packages/airflow/example_dags/example_xcomargs.py took 0.469 seconds
[2022-09-19 17:07:03,762] {processor.py:153} INFO - Started process (PID=1207) to work on /home/airflow/.local/lib/python3.7/site-packages/airflow/example_dags/example_xcomargs.py
[2022-09-19 17:07:03,763] {processor.py:641} INFO - Processing file /home/airflow/.local/lib/python3.7/site-packages/airflow/example_dags/example_xcomargs.py for tasks to queue
[2022-09-19 17:07:03,765] {logging_mixin.py:115} INFO - [2022-09-19 17:07:03,764] {dagbag.py:508} INFO - Filling up the DagBag from /home/airflow/.local/lib/python3.7/site-packages/airflow/example_dags/example_xcomargs.py
[2022-09-19 17:07:03,811] {processor.py:651} INFO - DAG(s) dict_keys(['example_xcom_args', 'example_xcom_args_with_operators']) retrieved from /home/airflow/.local/lib/python3.7/site-packages/airflow/example_dags/example_xcomargs.py
[2022-09-19 17:07:04,156] {logging_mixin.py:115} INFO - [2022-09-19 17:07:04,155] {dag.py:2420} INFO - Sync 2 DAGs
[2022-09-19 17:07:04,193] {logging_mixin.py:115} INFO - [2022-09-19 17:07:04,193] {dag.py:2972} INFO - Setting next_dagrun for example_xcom_args to None, run_after=None
[2022-09-19 17:07:04,193] {logging_mixin.py:115} INFO - [2022-09-19 17:07:04,193] {dag.py:2972} INFO - Setting next_dagrun for example_xcom_args_with_operators to None, run_after=None
[2022-09-19 17:07:04,219] {processor.py:161} INFO - Processing /home/airflow/.local/lib/python3.7/site-packages/airflow/example_dags/example_xcomargs.py took 0.464 seconds
[2022-09-19 17:07:34,349] {processor.py:153} INFO - Started process (PID=1269) to work on /home/airflow/.local/lib/python3.7/site-packages/airflow/example_dags/example_xcomargs.py
[2022-09-19 17:07:34,350] {processor.py:641} INFO - Processing file /home/airflow/.local/lib/python3.7/site-packages/airflow/example_dags/example_xcomargs.py for tasks to queue
[2022-09-19 17:07:34,351] {logging_mixin.py:115} INFO - [2022-09-19 17:07:34,351] {dagbag.py:508} INFO - Filling up the DagBag from /home/airflow/.local/lib/python3.7/site-packages/airflow/example_dags/example_xcomargs.py
[2022-09-19 17:07:34,399] {processor.py:651} INFO - DAG(s) dict_keys(['example_xcom_args', 'example_xcom_args_with_operators']) retrieved from /home/airflow/.local/lib/python3.7/site-packages/airflow/example_dags/example_xcomargs.py
[2022-09-19 17:07:34,754] {logging_mixin.py:115} INFO - [2022-09-19 17:07:34,754] {dag.py:2420} INFO - Sync 2 DAGs
[2022-09-19 17:07:34,804] {logging_mixin.py:115} INFO - [2022-09-19 17:07:34,803] {dag.py:2972} INFO - Setting next_dagrun for example_xcom_args to None, run_after=None
[2022-09-19 17:07:34,804] {logging_mixin.py:115} INFO - [2022-09-19 17:07:34,804] {dag.py:2972} INFO - Setting next_dagrun for example_xcom_args_with_operators to None, run_after=None
[2022-09-19 17:07:34,844] {processor.py:161} INFO - Processing /home/airflow/.local/lib/python3.7/site-packages/airflow/example_dags/example_xcomargs.py took 0.502 seconds
[2022-09-19 17:08:05,171] {processor.py:153} INFO - Started process (PID=1323) to work on /home/airflow/.local/lib/python3.7/site-packages/airflow/example_dags/example_xcomargs.py
[2022-09-19 17:08:05,172] {processor.py:641} INFO - Processing file /home/airflow/.local/lib/python3.7/site-packages/airflow/example_dags/example_xcomargs.py for tasks to queue
[2022-09-19 17:08:05,173] {logging_mixin.py:115} INFO - [2022-09-19 17:08:05,173] {dagbag.py:508} INFO - Filling up the DagBag from /home/airflow/.local/lib/python3.7/site-packages/airflow/example_dags/example_xcomargs.py
[2022-09-19 17:08:05,207] {processor.py:651} INFO - DAG(s) dict_keys(['example_xcom_args', 'example_xcom_args_with_operators']) retrieved from /home/airflow/.local/lib/python3.7/site-packages/airflow/example_dags/example_xcomargs.py
[2022-09-19 17:08:05,545] {logging_mixin.py:115} INFO - [2022-09-19 17:08:05,545] {dag.py:2420} INFO - Sync 2 DAGs
[2022-09-19 17:08:05,583] {logging_mixin.py:115} INFO - [2022-09-19 17:08:05,583] {dag.py:2972} INFO - Setting next_dagrun for example_xcom_args to None, run_after=None
[2022-09-19 17:08:05,583] {logging_mixin.py:115} INFO - [2022-09-19 17:08:05,583] {dag.py:2972} INFO - Setting next_dagrun for example_xcom_args_with_operators to None, run_after=None
[2022-09-19 17:08:05,612] {processor.py:161} INFO - Processing /home/airflow/.local/lib/python3.7/site-packages/airflow/example_dags/example_xcomargs.py took 0.444 seconds
[2022-09-19 17:08:35,716] {processor.py:153} INFO - Started process (PID=1376) to work on /home/airflow/.local/lib/python3.7/site-packages/airflow/example_dags/example_xcomargs.py
[2022-09-19 17:08:35,717] {processor.py:641} INFO - Processing file /home/airflow/.local/lib/python3.7/site-packages/airflow/example_dags/example_xcomargs.py for tasks to queue
[2022-09-19 17:08:35,718] {logging_mixin.py:115} INFO - [2022-09-19 17:08:35,718] {dagbag.py:508} INFO - Filling up the DagBag from /home/airflow/.local/lib/python3.7/site-packages/airflow/example_dags/example_xcomargs.py
[2022-09-19 17:08:35,764] {processor.py:651} INFO - DAG(s) dict_keys(['example_xcom_args', 'example_xcom_args_with_operators']) retrieved from /home/airflow/.local/lib/python3.7/site-packages/airflow/example_dags/example_xcomargs.py
[2022-09-19 17:08:36,128] {logging_mixin.py:115} INFO - [2022-09-19 17:08:36,128] {dag.py:2420} INFO - Sync 2 DAGs
[2022-09-19 17:08:36,177] {logging_mixin.py:115} INFO - [2022-09-19 17:08:36,177] {dag.py:2972} INFO - Setting next_dagrun for example_xcom_args to None, run_after=None
[2022-09-19 17:08:36,178] {logging_mixin.py:115} INFO - [2022-09-19 17:08:36,178] {dag.py:2972} INFO - Setting next_dagrun for example_xcom_args_with_operators to None, run_after=None
[2022-09-19 17:08:36,224] {processor.py:161} INFO - Processing /home/airflow/.local/lib/python3.7/site-packages/airflow/example_dags/example_xcomargs.py took 0.515 seconds
[2022-09-19 17:09:06,733] {processor.py:153} INFO - Started process (PID=1438) to work on /home/airflow/.local/lib/python3.7/site-packages/airflow/example_dags/example_xcomargs.py
[2022-09-19 17:09:06,734] {processor.py:641} INFO - Processing file /home/airflow/.local/lib/python3.7/site-packages/airflow/example_dags/example_xcomargs.py for tasks to queue
[2022-09-19 17:09:06,735] {logging_mixin.py:115} INFO - [2022-09-19 17:09:06,735] {dagbag.py:508} INFO - Filling up the DagBag from /home/airflow/.local/lib/python3.7/site-packages/airflow/example_dags/example_xcomargs.py
[2022-09-19 17:09:06,778] {processor.py:651} INFO - DAG(s) dict_keys(['example_xcom_args', 'example_xcom_args_with_operators']) retrieved from /home/airflow/.local/lib/python3.7/site-packages/airflow/example_dags/example_xcomargs.py
[2022-09-19 17:09:07,040] {logging_mixin.py:115} INFO - [2022-09-19 17:09:07,040] {dag.py:2420} INFO - Sync 2 DAGs
[2022-09-19 17:09:07,077] {logging_mixin.py:115} INFO - [2022-09-19 17:09:07,077] {dag.py:2972} INFO - Setting next_dagrun for example_xcom_args to None, run_after=None
[2022-09-19 17:09:07,078] {logging_mixin.py:115} INFO - [2022-09-19 17:09:07,077] {dag.py:2972} INFO - Setting next_dagrun for example_xcom_args_with_operators to None, run_after=None
[2022-09-19 17:09:07,113] {processor.py:161} INFO - Processing /home/airflow/.local/lib/python3.7/site-packages/airflow/example_dags/example_xcomargs.py took 0.385 seconds
[2022-09-19 17:09:37,470] {processor.py:153} INFO - Started process (PID=1492) to work on /home/airflow/.local/lib/python3.7/site-packages/airflow/example_dags/example_xcomargs.py
[2022-09-19 17:09:37,471] {processor.py:641} INFO - Processing file /home/airflow/.local/lib/python3.7/site-packages/airflow/example_dags/example_xcomargs.py for tasks to queue
[2022-09-19 17:09:37,472] {logging_mixin.py:115} INFO - [2022-09-19 17:09:37,472] {dagbag.py:508} INFO - Filling up the DagBag from /home/airflow/.local/lib/python3.7/site-packages/airflow/example_dags/example_xcomargs.py
[2022-09-19 17:09:37,518] {processor.py:651} INFO - DAG(s) dict_keys(['example_xcom_args', 'example_xcom_args_with_operators']) retrieved from /home/airflow/.local/lib/python3.7/site-packages/airflow/example_dags/example_xcomargs.py
[2022-09-19 17:09:37,821] {logging_mixin.py:115} INFO - [2022-09-19 17:09:37,821] {dag.py:2420} INFO - Sync 2 DAGs
[2022-09-19 17:09:37,859] {logging_mixin.py:115} INFO - [2022-09-19 17:09:37,859] {dag.py:2972} INFO - Setting next_dagrun for example_xcom_args to None, run_after=None
[2022-09-19 17:09:37,860] {logging_mixin.py:115} INFO - [2022-09-19 17:09:37,860] {dag.py:2972} INFO - Setting next_dagrun for example_xcom_args_with_operators to None, run_after=None
[2022-09-19 17:09:37,884] {processor.py:161} INFO - Processing /home/airflow/.local/lib/python3.7/site-packages/airflow/example_dags/example_xcomargs.py took 0.421 seconds
[2022-09-19 17:10:08,398] {processor.py:153} INFO - Started process (PID=1555) to work on /home/airflow/.local/lib/python3.7/site-packages/airflow/example_dags/example_xcomargs.py
[2022-09-19 17:10:08,399] {processor.py:641} INFO - Processing file /home/airflow/.local/lib/python3.7/site-packages/airflow/example_dags/example_xcomargs.py for tasks to queue
[2022-09-19 17:10:08,400] {logging_mixin.py:115} INFO - [2022-09-19 17:10:08,399] {dagbag.py:508} INFO - Filling up the DagBag from /home/airflow/.local/lib/python3.7/site-packages/airflow/example_dags/example_xcomargs.py
[2022-09-19 17:10:08,439] {processor.py:651} INFO - DAG(s) dict_keys(['example_xcom_args', 'example_xcom_args_with_operators']) retrieved from /home/airflow/.local/lib/python3.7/site-packages/airflow/example_dags/example_xcomargs.py
[2022-09-19 17:10:08,769] {logging_mixin.py:115} INFO - [2022-09-19 17:10:08,769] {dag.py:2420} INFO - Sync 2 DAGs
[2022-09-19 17:10:08,818] {logging_mixin.py:115} INFO - [2022-09-19 17:10:08,818] {dag.py:2972} INFO - Setting next_dagrun for example_xcom_args to None, run_after=None
[2022-09-19 17:10:08,819] {logging_mixin.py:115} INFO - [2022-09-19 17:10:08,819] {dag.py:2972} INFO - Setting next_dagrun for example_xcom_args_with_operators to None, run_after=None
[2022-09-19 17:10:08,850] {processor.py:161} INFO - Processing /home/airflow/.local/lib/python3.7/site-packages/airflow/example_dags/example_xcomargs.py took 0.460 seconds
[2022-09-19 17:10:39,288] {processor.py:153} INFO - Started process (PID=1609) to work on /home/airflow/.local/lib/python3.7/site-packages/airflow/example_dags/example_xcomargs.py
[2022-09-19 17:10:39,289] {processor.py:641} INFO - Processing file /home/airflow/.local/lib/python3.7/site-packages/airflow/example_dags/example_xcomargs.py for tasks to queue
[2022-09-19 17:10:39,290] {logging_mixin.py:115} INFO - [2022-09-19 17:10:39,290] {dagbag.py:508} INFO - Filling up the DagBag from /home/airflow/.local/lib/python3.7/site-packages/airflow/example_dags/example_xcomargs.py
[2022-09-19 17:10:39,338] {processor.py:651} INFO - DAG(s) dict_keys(['example_xcom_args', 'example_xcom_args_with_operators']) retrieved from /home/airflow/.local/lib/python3.7/site-packages/airflow/example_dags/example_xcomargs.py
[2022-09-19 17:10:39,609] {logging_mixin.py:115} INFO - [2022-09-19 17:10:39,609] {dag.py:2420} INFO - Sync 2 DAGs
[2022-09-19 17:10:39,648] {logging_mixin.py:115} INFO - [2022-09-19 17:10:39,648] {dag.py:2972} INFO - Setting next_dagrun for example_xcom_args to None, run_after=None
[2022-09-19 17:10:39,648] {logging_mixin.py:115} INFO - [2022-09-19 17:10:39,648] {dag.py:2972} INFO - Setting next_dagrun for example_xcom_args_with_operators to None, run_after=None
[2022-09-19 17:10:39,671] {processor.py:161} INFO - Processing /home/airflow/.local/lib/python3.7/site-packages/airflow/example_dags/example_xcomargs.py took 0.389 seconds
[2022-09-19 17:11:09,743] {processor.py:153} INFO - Started process (PID=1662) to work on /home/airflow/.local/lib/python3.7/site-packages/airflow/example_dags/example_xcomargs.py
[2022-09-19 17:11:09,744] {processor.py:641} INFO - Processing file /home/airflow/.local/lib/python3.7/site-packages/airflow/example_dags/example_xcomargs.py for tasks to queue
[2022-09-19 17:11:09,745] {logging_mixin.py:115} INFO - [2022-09-19 17:11:09,745] {dagbag.py:508} INFO - Filling up the DagBag from /home/airflow/.local/lib/python3.7/site-packages/airflow/example_dags/example_xcomargs.py
[2022-09-19 17:11:09,792] {processor.py:651} INFO - DAG(s) dict_keys(['example_xcom_args', 'example_xcom_args_with_operators']) retrieved from /home/airflow/.local/lib/python3.7/site-packages/airflow/example_dags/example_xcomargs.py
[2022-09-19 17:11:10,094] {logging_mixin.py:115} INFO - [2022-09-19 17:11:10,094] {dag.py:2420} INFO - Sync 2 DAGs
[2022-09-19 17:11:10,140] {logging_mixin.py:115} INFO - [2022-09-19 17:11:10,140] {dag.py:2972} INFO - Setting next_dagrun for example_xcom_args to None, run_after=None
[2022-09-19 17:11:10,140] {logging_mixin.py:115} INFO - [2022-09-19 17:11:10,140] {dag.py:2972} INFO - Setting next_dagrun for example_xcom_args_with_operators to None, run_after=None
[2022-09-19 17:11:10,164] {processor.py:161} INFO - Processing /home/airflow/.local/lib/python3.7/site-packages/airflow/example_dags/example_xcomargs.py took 0.426 seconds
[2022-09-19 17:11:40,395] {processor.py:153} INFO - Started process (PID=1724) to work on /home/airflow/.local/lib/python3.7/site-packages/airflow/example_dags/example_xcomargs.py
[2022-09-19 17:11:40,396] {processor.py:641} INFO - Processing file /home/airflow/.local/lib/python3.7/site-packages/airflow/example_dags/example_xcomargs.py for tasks to queue
[2022-09-19 17:11:40,397] {logging_mixin.py:115} INFO - [2022-09-19 17:11:40,397] {dagbag.py:508} INFO - Filling up the DagBag from /home/airflow/.local/lib/python3.7/site-packages/airflow/example_dags/example_xcomargs.py
[2022-09-19 17:11:40,741] {processor.py:651} INFO - DAG(s) dict_keys(['example_xcom_args', 'example_xcom_args_with_operators']) retrieved from /home/airflow/.local/lib/python3.7/site-packages/airflow/example_dags/example_xcomargs.py
[2022-09-19 17:11:40,878] {logging_mixin.py:115} INFO - [2022-09-19 17:11:40,878] {dag.py:2420} INFO - Sync 2 DAGs
[2022-09-19 17:11:40,920] {logging_mixin.py:115} INFO - [2022-09-19 17:11:40,920] {dag.py:2972} INFO - Setting next_dagrun for example_xcom_args to None, run_after=None
[2022-09-19 17:11:40,921] {logging_mixin.py:115} INFO - [2022-09-19 17:11:40,921] {dag.py:2972} INFO - Setting next_dagrun for example_xcom_args_with_operators to None, run_after=None
[2022-09-19 17:11:40,953] {processor.py:161} INFO - Processing /home/airflow/.local/lib/python3.7/site-packages/airflow/example_dags/example_xcomargs.py took 0.565 seconds
[2022-09-19 17:12:11,790] {processor.py:153} INFO - Started process (PID=1777) to work on /home/airflow/.local/lib/python3.7/site-packages/airflow/example_dags/example_xcomargs.py
[2022-09-19 17:12:11,791] {processor.py:641} INFO - Processing file /home/airflow/.local/lib/python3.7/site-packages/airflow/example_dags/example_xcomargs.py for tasks to queue
[2022-09-19 17:12:11,792] {logging_mixin.py:115} INFO - [2022-09-19 17:12:11,792] {dagbag.py:508} INFO - Filling up the DagBag from /home/airflow/.local/lib/python3.7/site-packages/airflow/example_dags/example_xcomargs.py
[2022-09-19 17:12:12,173] {processor.py:651} INFO - DAG(s) dict_keys(['example_xcom_args', 'example_xcom_args_with_operators']) retrieved from /home/airflow/.local/lib/python3.7/site-packages/airflow/example_dags/example_xcomargs.py
[2022-09-19 17:12:12,247] {logging_mixin.py:115} INFO - [2022-09-19 17:12:12,247] {dag.py:2420} INFO - Sync 2 DAGs
[2022-09-19 17:12:12,307] {logging_mixin.py:115} INFO - [2022-09-19 17:12:12,306] {dag.py:2972} INFO - Setting next_dagrun for example_xcom_args to None, run_after=None
[2022-09-19 17:12:12,307] {logging_mixin.py:115} INFO - [2022-09-19 17:12:12,307] {dag.py:2972} INFO - Setting next_dagrun for example_xcom_args_with_operators to None, run_after=None
[2022-09-19 17:12:12,351] {processor.py:161} INFO - Processing /home/airflow/.local/lib/python3.7/site-packages/airflow/example_dags/example_xcomargs.py took 0.567 seconds
[2022-09-19 17:12:43,039] {processor.py:153} INFO - Started process (PID=1839) to work on /home/airflow/.local/lib/python3.7/site-packages/airflow/example_dags/example_xcomargs.py
[2022-09-19 17:12:43,040] {processor.py:641} INFO - Processing file /home/airflow/.local/lib/python3.7/site-packages/airflow/example_dags/example_xcomargs.py for tasks to queue
[2022-09-19 17:12:43,041] {logging_mixin.py:115} INFO - [2022-09-19 17:12:43,041] {dagbag.py:508} INFO - Filling up the DagBag from /home/airflow/.local/lib/python3.7/site-packages/airflow/example_dags/example_xcomargs.py
[2022-09-19 17:12:43,380] {processor.py:651} INFO - DAG(s) dict_keys(['example_xcom_args', 'example_xcom_args_with_operators']) retrieved from /home/airflow/.local/lib/python3.7/site-packages/airflow/example_dags/example_xcomargs.py
[2022-09-19 17:12:43,432] {logging_mixin.py:115} INFO - [2022-09-19 17:12:43,432] {dag.py:2420} INFO - Sync 2 DAGs
[2022-09-19 17:12:43,509] {logging_mixin.py:115} INFO - [2022-09-19 17:12:43,509] {dag.py:2972} INFO - Setting next_dagrun for example_xcom_args to None, run_after=None
[2022-09-19 17:12:43,509] {logging_mixin.py:115} INFO - [2022-09-19 17:12:43,509] {dag.py:2972} INFO - Setting next_dagrun for example_xcom_args_with_operators to None, run_after=None
[2022-09-19 17:12:43,543] {processor.py:161} INFO - Processing /home/airflow/.local/lib/python3.7/site-packages/airflow/example_dags/example_xcomargs.py took 0.512 seconds
[2022-09-19 17:13:14,588] {processor.py:153} INFO - Started process (PID=1892) to work on /home/airflow/.local/lib/python3.7/site-packages/airflow/example_dags/example_xcomargs.py
[2022-09-19 17:13:14,589] {processor.py:641} INFO - Processing file /home/airflow/.local/lib/python3.7/site-packages/airflow/example_dags/example_xcomargs.py for tasks to queue
[2022-09-19 17:13:14,590] {logging_mixin.py:115} INFO - [2022-09-19 17:13:14,589] {dagbag.py:508} INFO - Filling up the DagBag from /home/airflow/.local/lib/python3.7/site-packages/airflow/example_dags/example_xcomargs.py
[2022-09-19 17:13:14,889] {processor.py:651} INFO - DAG(s) dict_keys(['example_xcom_args', 'example_xcom_args_with_operators']) retrieved from /home/airflow/.local/lib/python3.7/site-packages/airflow/example_dags/example_xcomargs.py
[2022-09-19 17:13:14,936] {logging_mixin.py:115} INFO - [2022-09-19 17:13:14,936] {dag.py:2420} INFO - Sync 2 DAGs
[2022-09-19 17:13:14,978] {logging_mixin.py:115} INFO - [2022-09-19 17:13:14,978] {dag.py:2972} INFO - Setting next_dagrun for example_xcom_args to None, run_after=None
[2022-09-19 17:13:14,979] {logging_mixin.py:115} INFO - [2022-09-19 17:13:14,979] {dag.py:2972} INFO - Setting next_dagrun for example_xcom_args_with_operators to None, run_after=None
[2022-09-19 17:13:15,005] {processor.py:161} INFO - Processing /home/airflow/.local/lib/python3.7/site-packages/airflow/example_dags/example_xcomargs.py took 0.424 seconds
[2022-09-19 17:13:45,731] {processor.py:153} INFO - Started process (PID=1946) to work on /home/airflow/.local/lib/python3.7/site-packages/airflow/example_dags/example_xcomargs.py
[2022-09-19 17:13:45,732] {processor.py:641} INFO - Processing file /home/airflow/.local/lib/python3.7/site-packages/airflow/example_dags/example_xcomargs.py for tasks to queue
[2022-09-19 17:13:45,734] {logging_mixin.py:115} INFO - [2022-09-19 17:13:45,733] {dagbag.py:508} INFO - Filling up the DagBag from /home/airflow/.local/lib/python3.7/site-packages/airflow/example_dags/example_xcomargs.py
[2022-09-19 17:13:46,091] {processor.py:651} INFO - DAG(s) dict_keys(['example_xcom_args', 'example_xcom_args_with_operators']) retrieved from /home/airflow/.local/lib/python3.7/site-packages/airflow/example_dags/example_xcomargs.py
[2022-09-19 17:13:46,151] {logging_mixin.py:115} INFO - [2022-09-19 17:13:46,150] {dag.py:2420} INFO - Sync 2 DAGs
[2022-09-19 17:13:46,204] {logging_mixin.py:115} INFO - [2022-09-19 17:13:46,204] {dag.py:2972} INFO - Setting next_dagrun for example_xcom_args to None, run_after=None
[2022-09-19 17:13:46,205] {logging_mixin.py:115} INFO - [2022-09-19 17:13:46,204] {dag.py:2972} INFO - Setting next_dagrun for example_xcom_args_with_operators to None, run_after=None
[2022-09-19 17:13:46,235] {processor.py:161} INFO - Processing /home/airflow/.local/lib/python3.7/site-packages/airflow/example_dags/example_xcomargs.py took 0.513 seconds
[2022-09-19 17:14:16,303] {processor.py:153} INFO - Started process (PID=2007) to work on /home/airflow/.local/lib/python3.7/site-packages/airflow/example_dags/example_xcomargs.py
[2022-09-19 17:14:16,307] {processor.py:641} INFO - Processing file /home/airflow/.local/lib/python3.7/site-packages/airflow/example_dags/example_xcomargs.py for tasks to queue
[2022-09-19 17:14:16,308] {logging_mixin.py:115} INFO - [2022-09-19 17:14:16,308] {dagbag.py:508} INFO - Filling up the DagBag from /home/airflow/.local/lib/python3.7/site-packages/airflow/example_dags/example_xcomargs.py
[2022-09-19 17:14:16,555] {processor.py:651} INFO - DAG(s) dict_keys(['example_xcom_args', 'example_xcom_args_with_operators']) retrieved from /home/airflow/.local/lib/python3.7/site-packages/airflow/example_dags/example_xcomargs.py
[2022-09-19 17:14:16,672] {logging_mixin.py:115} INFO - [2022-09-19 17:14:16,671] {dag.py:2420} INFO - Sync 2 DAGs
[2022-09-19 17:14:16,708] {logging_mixin.py:115} INFO - [2022-09-19 17:14:16,708] {dag.py:2972} INFO - Setting next_dagrun for example_xcom_args to None, run_after=None
[2022-09-19 17:14:16,708] {logging_mixin.py:115} INFO - [2022-09-19 17:14:16,708] {dag.py:2972} INFO - Setting next_dagrun for example_xcom_args_with_operators to None, run_after=None
[2022-09-19 17:14:16,740] {processor.py:161} INFO - Processing /home/airflow/.local/lib/python3.7/site-packages/airflow/example_dags/example_xcomargs.py took 0.443 seconds
[2022-09-19 17:14:47,664] {processor.py:153} INFO - Started process (PID=2061) to work on /home/airflow/.local/lib/python3.7/site-packages/airflow/example_dags/example_xcomargs.py
[2022-09-19 17:14:47,665] {processor.py:641} INFO - Processing file /home/airflow/.local/lib/python3.7/site-packages/airflow/example_dags/example_xcomargs.py for tasks to queue
[2022-09-19 17:14:47,666] {logging_mixin.py:115} INFO - [2022-09-19 17:14:47,666] {dagbag.py:508} INFO - Filling up the DagBag from /home/airflow/.local/lib/python3.7/site-packages/airflow/example_dags/example_xcomargs.py
[2022-09-19 17:14:47,989] {processor.py:651} INFO - DAG(s) dict_keys(['example_xcom_args', 'example_xcom_args_with_operators']) retrieved from /home/airflow/.local/lib/python3.7/site-packages/airflow/example_dags/example_xcomargs.py
[2022-09-19 17:14:48,131] {logging_mixin.py:115} INFO - [2022-09-19 17:14:48,131] {dag.py:2420} INFO - Sync 2 DAGs
[2022-09-19 17:14:48,170] {logging_mixin.py:115} INFO - [2022-09-19 17:14:48,170] {dag.py:2972} INFO - Setting next_dagrun for example_xcom_args to None, run_after=None
[2022-09-19 17:14:48,170] {logging_mixin.py:115} INFO - [2022-09-19 17:14:48,170] {dag.py:2972} INFO - Setting next_dagrun for example_xcom_args_with_operators to None, run_after=None
[2022-09-19 17:14:48,202] {processor.py:161} INFO - Processing /home/airflow/.local/lib/python3.7/site-packages/airflow/example_dags/example_xcomargs.py took 0.546 seconds
[2022-09-19 17:15:18,714] {processor.py:153} INFO - Started process (PID=2114) to work on /home/airflow/.local/lib/python3.7/site-packages/airflow/example_dags/example_xcomargs.py
[2022-09-19 17:15:18,715] {processor.py:641} INFO - Processing file /home/airflow/.local/lib/python3.7/site-packages/airflow/example_dags/example_xcomargs.py for tasks to queue
[2022-09-19 17:15:18,716] {logging_mixin.py:115} INFO - [2022-09-19 17:15:18,716] {dagbag.py:508} INFO - Filling up the DagBag from /home/airflow/.local/lib/python3.7/site-packages/airflow/example_dags/example_xcomargs.py
[2022-09-19 17:15:18,976] {processor.py:651} INFO - DAG(s) dict_keys(['example_xcom_args', 'example_xcom_args_with_operators']) retrieved from /home/airflow/.local/lib/python3.7/site-packages/airflow/example_dags/example_xcomargs.py
[2022-09-19 17:15:19,015] {logging_mixin.py:115} INFO - [2022-09-19 17:15:19,014] {dag.py:2420} INFO - Sync 2 DAGs
[2022-09-19 17:15:19,051] {logging_mixin.py:115} INFO - [2022-09-19 17:15:19,051] {dag.py:2972} INFO - Setting next_dagrun for example_xcom_args to None, run_after=None
[2022-09-19 17:15:19,051] {logging_mixin.py:115} INFO - [2022-09-19 17:15:19,051] {dag.py:2972} INFO - Setting next_dagrun for example_xcom_args_with_operators to None, run_after=None
[2022-09-19 17:15:19,072] {processor.py:161} INFO - Processing /home/airflow/.local/lib/python3.7/site-packages/airflow/example_dags/example_xcomargs.py took 0.362 seconds
[2022-09-19 17:15:50,021] {processor.py:153} INFO - Started process (PID=2177) to work on /home/airflow/.local/lib/python3.7/site-packages/airflow/example_dags/example_xcomargs.py
[2022-09-19 17:15:50,022] {processor.py:641} INFO - Processing file /home/airflow/.local/lib/python3.7/site-packages/airflow/example_dags/example_xcomargs.py for tasks to queue
[2022-09-19 17:15:50,024] {logging_mixin.py:115} INFO - [2022-09-19 17:15:50,023] {dagbag.py:508} INFO - Filling up the DagBag from /home/airflow/.local/lib/python3.7/site-packages/airflow/example_dags/example_xcomargs.py
[2022-09-19 17:15:50,311] {processor.py:651} INFO - DAG(s) dict_keys(['example_xcom_args', 'example_xcom_args_with_operators']) retrieved from /home/airflow/.local/lib/python3.7/site-packages/airflow/example_dags/example_xcomargs.py
[2022-09-19 17:15:50,361] {logging_mixin.py:115} INFO - [2022-09-19 17:15:50,361] {dag.py:2420} INFO - Sync 2 DAGs
[2022-09-19 17:15:50,401] {logging_mixin.py:115} INFO - [2022-09-19 17:15:50,401] {dag.py:2972} INFO - Setting next_dagrun for example_xcom_args to None, run_after=None
[2022-09-19 17:15:50,402] {logging_mixin.py:115} INFO - [2022-09-19 17:15:50,401] {dag.py:2972} INFO - Setting next_dagrun for example_xcom_args_with_operators to None, run_after=None
[2022-09-19 17:15:50,426] {processor.py:161} INFO - Processing /home/airflow/.local/lib/python3.7/site-packages/airflow/example_dags/example_xcomargs.py took 0.414 seconds
[2022-09-19 17:16:20,664] {processor.py:153} INFO - Started process (PID=2231) to work on /home/airflow/.local/lib/python3.7/site-packages/airflow/example_dags/example_xcomargs.py
[2022-09-19 17:16:20,666] {processor.py:641} INFO - Processing file /home/airflow/.local/lib/python3.7/site-packages/airflow/example_dags/example_xcomargs.py for tasks to queue
[2022-09-19 17:16:20,667] {logging_mixin.py:115} INFO - [2022-09-19 17:16:20,667] {dagbag.py:508} INFO - Filling up the DagBag from /home/airflow/.local/lib/python3.7/site-packages/airflow/example_dags/example_xcomargs.py
[2022-09-19 17:16:20,943] {processor.py:651} INFO - DAG(s) dict_keys(['example_xcom_args', 'example_xcom_args_with_operators']) retrieved from /home/airflow/.local/lib/python3.7/site-packages/airflow/example_dags/example_xcomargs.py
[2022-09-19 17:16:20,985] {logging_mixin.py:115} INFO - [2022-09-19 17:16:20,985] {dag.py:2420} INFO - Sync 2 DAGs
[2022-09-19 17:16:21,024] {logging_mixin.py:115} INFO - [2022-09-19 17:16:21,024] {dag.py:2972} INFO - Setting next_dagrun for example_xcom_args to None, run_after=None
[2022-09-19 17:16:21,025] {logging_mixin.py:115} INFO - [2022-09-19 17:16:21,025] {dag.py:2972} INFO - Setting next_dagrun for example_xcom_args_with_operators to None, run_after=None
[2022-09-19 17:16:21,051] {processor.py:161} INFO - Processing /home/airflow/.local/lib/python3.7/site-packages/airflow/example_dags/example_xcomargs.py took 0.393 seconds
[2022-09-19 17:16:51,397] {processor.py:153} INFO - Started process (PID=2293) to work on /home/airflow/.local/lib/python3.7/site-packages/airflow/example_dags/example_xcomargs.py
[2022-09-19 17:16:51,398] {processor.py:641} INFO - Processing file /home/airflow/.local/lib/python3.7/site-packages/airflow/example_dags/example_xcomargs.py for tasks to queue
[2022-09-19 17:16:51,399] {logging_mixin.py:115} INFO - [2022-09-19 17:16:51,399] {dagbag.py:508} INFO - Filling up the DagBag from /home/airflow/.local/lib/python3.7/site-packages/airflow/example_dags/example_xcomargs.py
[2022-09-19 17:16:51,677] {processor.py:651} INFO - DAG(s) dict_keys(['example_xcom_args', 'example_xcom_args_with_operators']) retrieved from /home/airflow/.local/lib/python3.7/site-packages/airflow/example_dags/example_xcomargs.py
[2022-09-19 17:16:51,793] {logging_mixin.py:115} INFO - [2022-09-19 17:16:51,793] {dag.py:2420} INFO - Sync 2 DAGs
[2022-09-19 17:16:51,831] {logging_mixin.py:115} INFO - [2022-09-19 17:16:51,831] {dag.py:2972} INFO - Setting next_dagrun for example_xcom_args to None, run_after=None
[2022-09-19 17:16:51,831] {logging_mixin.py:115} INFO - [2022-09-19 17:16:51,831] {dag.py:2972} INFO - Setting next_dagrun for example_xcom_args_with_operators to None, run_after=None
[2022-09-19 17:16:51,863] {processor.py:161} INFO - Processing /home/airflow/.local/lib/python3.7/site-packages/airflow/example_dags/example_xcomargs.py took 0.470 seconds
[2022-09-19 17:17:21,988] {processor.py:153} INFO - Started process (PID=2346) to work on /home/airflow/.local/lib/python3.7/site-packages/airflow/example_dags/example_xcomargs.py
[2022-09-19 17:17:21,989] {processor.py:641} INFO - Processing file /home/airflow/.local/lib/python3.7/site-packages/airflow/example_dags/example_xcomargs.py for tasks to queue
[2022-09-19 17:17:21,990] {logging_mixin.py:115} INFO - [2022-09-19 17:17:21,990] {dagbag.py:508} INFO - Filling up the DagBag from /home/airflow/.local/lib/python3.7/site-packages/airflow/example_dags/example_xcomargs.py
[2022-09-19 17:17:22,292] {processor.py:651} INFO - DAG(s) dict_keys(['example_xcom_args', 'example_xcom_args_with_operators']) retrieved from /home/airflow/.local/lib/python3.7/site-packages/airflow/example_dags/example_xcomargs.py
[2022-09-19 17:17:22,421] {logging_mixin.py:115} INFO - [2022-09-19 17:17:22,421] {dag.py:2420} INFO - Sync 2 DAGs
[2022-09-19 17:17:22,461] {logging_mixin.py:115} INFO - [2022-09-19 17:17:22,460] {dag.py:2972} INFO - Setting next_dagrun for example_xcom_args to None, run_after=None
[2022-09-19 17:17:22,461] {logging_mixin.py:115} INFO - [2022-09-19 17:17:22,461] {dag.py:2972} INFO - Setting next_dagrun for example_xcom_args_with_operators to None, run_after=None
[2022-09-19 17:17:22,496] {processor.py:161} INFO - Processing /home/airflow/.local/lib/python3.7/site-packages/airflow/example_dags/example_xcomargs.py took 0.515 seconds
[2022-09-19 17:17:52,563] {processor.py:153} INFO - Started process (PID=2407) to work on /home/airflow/.local/lib/python3.7/site-packages/airflow/example_dags/example_xcomargs.py
[2022-09-19 17:17:52,566] {processor.py:641} INFO - Processing file /home/airflow/.local/lib/python3.7/site-packages/airflow/example_dags/example_xcomargs.py for tasks to queue
[2022-09-19 17:17:52,568] {logging_mixin.py:115} INFO - [2022-09-19 17:17:52,567] {dagbag.py:508} INFO - Filling up the DagBag from /home/airflow/.local/lib/python3.7/site-packages/airflow/example_dags/example_xcomargs.py
[2022-09-19 17:17:52,823] {processor.py:651} INFO - DAG(s) dict_keys(['example_xcom_args', 'example_xcom_args_with_operators']) retrieved from /home/airflow/.local/lib/python3.7/site-packages/airflow/example_dags/example_xcomargs.py
[2022-09-19 17:17:52,950] {logging_mixin.py:115} INFO - [2022-09-19 17:17:52,950] {dag.py:2420} INFO - Sync 2 DAGs
[2022-09-19 17:17:52,989] {logging_mixin.py:115} INFO - [2022-09-19 17:17:52,989] {dag.py:2972} INFO - Setting next_dagrun for example_xcom_args to None, run_after=None
[2022-09-19 17:17:52,990] {logging_mixin.py:115} INFO - [2022-09-19 17:17:52,990] {dag.py:2972} INFO - Setting next_dagrun for example_xcom_args_with_operators to None, run_after=None
[2022-09-19 17:17:53,022] {processor.py:161} INFO - Processing /home/airflow/.local/lib/python3.7/site-packages/airflow/example_dags/example_xcomargs.py took 0.466 seconds
[2022-09-19 17:18:23,412] {processor.py:153} INFO - Started process (PID=2460) to work on /home/airflow/.local/lib/python3.7/site-packages/airflow/example_dags/example_xcomargs.py
[2022-09-19 17:18:23,413] {processor.py:641} INFO - Processing file /home/airflow/.local/lib/python3.7/site-packages/airflow/example_dags/example_xcomargs.py for tasks to queue
[2022-09-19 17:18:23,414] {logging_mixin.py:115} INFO - [2022-09-19 17:18:23,414] {dagbag.py:508} INFO - Filling up the DagBag from /home/airflow/.local/lib/python3.7/site-packages/airflow/example_dags/example_xcomargs.py
[2022-09-19 17:18:23,645] {processor.py:651} INFO - DAG(s) dict_keys(['example_xcom_args', 'example_xcom_args_with_operators']) retrieved from /home/airflow/.local/lib/python3.7/site-packages/airflow/example_dags/example_xcomargs.py
[2022-09-19 17:18:23,753] {logging_mixin.py:115} INFO - [2022-09-19 17:18:23,753] {dag.py:2420} INFO - Sync 2 DAGs
[2022-09-19 17:18:23,787] {logging_mixin.py:115} INFO - [2022-09-19 17:18:23,787] {dag.py:2972} INFO - Setting next_dagrun for example_xcom_args to None, run_after=None
[2022-09-19 17:18:23,788] {logging_mixin.py:115} INFO - [2022-09-19 17:18:23,788] {dag.py:2972} INFO - Setting next_dagrun for example_xcom_args_with_operators to None, run_after=None
[2022-09-19 17:18:23,817] {processor.py:161} INFO - Processing /home/airflow/.local/lib/python3.7/site-packages/airflow/example_dags/example_xcomargs.py took 0.408 seconds
[2022-09-19 17:18:54,418] {processor.py:153} INFO - Started process (PID=2514) to work on /home/airflow/.local/lib/python3.7/site-packages/airflow/example_dags/example_xcomargs.py
[2022-09-19 17:18:54,419] {processor.py:641} INFO - Processing file /home/airflow/.local/lib/python3.7/site-packages/airflow/example_dags/example_xcomargs.py for tasks to queue
[2022-09-19 17:18:54,420] {logging_mixin.py:115} INFO - [2022-09-19 17:18:54,419] {dagbag.py:508} INFO - Filling up the DagBag from /home/airflow/.local/lib/python3.7/site-packages/airflow/example_dags/example_xcomargs.py
[2022-09-19 17:18:54,752] {processor.py:651} INFO - DAG(s) dict_keys(['example_xcom_args', 'example_xcom_args_with_operators']) retrieved from /home/airflow/.local/lib/python3.7/site-packages/airflow/example_dags/example_xcomargs.py
[2022-09-19 17:18:54,921] {logging_mixin.py:115} INFO - [2022-09-19 17:18:54,921] {dag.py:2420} INFO - Sync 2 DAGs
[2022-09-19 17:18:54,965] {logging_mixin.py:115} INFO - [2022-09-19 17:18:54,965] {dag.py:2972} INFO - Setting next_dagrun for example_xcom_args to None, run_after=None
[2022-09-19 17:18:54,965] {logging_mixin.py:115} INFO - [2022-09-19 17:18:54,965] {dag.py:2972} INFO - Setting next_dagrun for example_xcom_args_with_operators to None, run_after=None
[2022-09-19 17:18:55,004] {processor.py:161} INFO - Processing /home/airflow/.local/lib/python3.7/site-packages/airflow/example_dags/example_xcomargs.py took 0.595 seconds
[2022-09-19 17:19:25,333] {processor.py:153} INFO - Started process (PID=2577) to work on /home/airflow/.local/lib/python3.7/site-packages/airflow/example_dags/example_xcomargs.py
[2022-09-19 17:19:25,334] {processor.py:641} INFO - Processing file /home/airflow/.local/lib/python3.7/site-packages/airflow/example_dags/example_xcomargs.py for tasks to queue
[2022-09-19 17:19:25,335] {logging_mixin.py:115} INFO - [2022-09-19 17:19:25,335] {dagbag.py:508} INFO - Filling up the DagBag from /home/airflow/.local/lib/python3.7/site-packages/airflow/example_dags/example_xcomargs.py
[2022-09-19 17:19:25,625] {processor.py:651} INFO - DAG(s) dict_keys(['example_xcom_args', 'example_xcom_args_with_operators']) retrieved from /home/airflow/.local/lib/python3.7/site-packages/airflow/example_dags/example_xcomargs.py
[2022-09-19 17:19:25,768] {logging_mixin.py:115} INFO - [2022-09-19 17:19:25,768] {dag.py:2420} INFO - Sync 2 DAGs
[2022-09-19 17:19:25,805] {logging_mixin.py:115} INFO - [2022-09-19 17:19:25,805] {dag.py:2972} INFO - Setting next_dagrun for example_xcom_args to None, run_after=None
[2022-09-19 17:19:25,805] {logging_mixin.py:115} INFO - [2022-09-19 17:19:25,805] {dag.py:2972} INFO - Setting next_dagrun for example_xcom_args_with_operators to None, run_after=None
[2022-09-19 17:19:25,838] {processor.py:161} INFO - Processing /home/airflow/.local/lib/python3.7/site-packages/airflow/example_dags/example_xcomargs.py took 0.512 seconds
[2022-09-19 17:19:56,802] {processor.py:153} INFO - Started process (PID=2630) to work on /home/airflow/.local/lib/python3.7/site-packages/airflow/example_dags/example_xcomargs.py
[2022-09-19 17:19:56,803] {processor.py:641} INFO - Processing file /home/airflow/.local/lib/python3.7/site-packages/airflow/example_dags/example_xcomargs.py for tasks to queue
[2022-09-19 17:19:56,804] {logging_mixin.py:115} INFO - [2022-09-19 17:19:56,804] {dagbag.py:508} INFO - Filling up the DagBag from /home/airflow/.local/lib/python3.7/site-packages/airflow/example_dags/example_xcomargs.py
[2022-09-19 17:19:57,131] {processor.py:651} INFO - DAG(s) dict_keys(['example_xcom_args', 'example_xcom_args_with_operators']) retrieved from /home/airflow/.local/lib/python3.7/site-packages/airflow/example_dags/example_xcomargs.py
[2022-09-19 17:19:57,260] {logging_mixin.py:115} INFO - [2022-09-19 17:19:57,260] {dag.py:2420} INFO - Sync 2 DAGs
[2022-09-19 17:19:57,295] {logging_mixin.py:115} INFO - [2022-09-19 17:19:57,295] {dag.py:2972} INFO - Setting next_dagrun for example_xcom_args to None, run_after=None
[2022-09-19 17:19:57,296] {logging_mixin.py:115} INFO - [2022-09-19 17:19:57,295] {dag.py:2972} INFO - Setting next_dagrun for example_xcom_args_with_operators to None, run_after=None
[2022-09-19 17:19:57,324] {processor.py:161} INFO - Processing /home/airflow/.local/lib/python3.7/site-packages/airflow/example_dags/example_xcomargs.py took 0.529 seconds
[2022-09-19 17:20:27,807] {processor.py:153} INFO - Started process (PID=2692) to work on /home/airflow/.local/lib/python3.7/site-packages/airflow/example_dags/example_xcomargs.py
[2022-09-19 17:20:27,810] {processor.py:641} INFO - Processing file /home/airflow/.local/lib/python3.7/site-packages/airflow/example_dags/example_xcomargs.py for tasks to queue
[2022-09-19 17:20:27,812] {logging_mixin.py:115} INFO - [2022-09-19 17:20:27,811] {dagbag.py:508} INFO - Filling up the DagBag from /home/airflow/.local/lib/python3.7/site-packages/airflow/example_dags/example_xcomargs.py
[2022-09-19 17:20:28,152] {processor.py:651} INFO - DAG(s) dict_keys(['example_xcom_args', 'example_xcom_args_with_operators']) retrieved from /home/airflow/.local/lib/python3.7/site-packages/airflow/example_dags/example_xcomargs.py
[2022-09-19 17:20:28,300] {logging_mixin.py:115} INFO - [2022-09-19 17:20:28,300] {dag.py:2420} INFO - Sync 2 DAGs
[2022-09-19 17:20:28,353] {logging_mixin.py:115} INFO - [2022-09-19 17:20:28,353] {dag.py:2972} INFO - Setting next_dagrun for example_xcom_args to None, run_after=None
[2022-09-19 17:20:28,354] {logging_mixin.py:115} INFO - [2022-09-19 17:20:28,354] {dag.py:2972} INFO - Setting next_dagrun for example_xcom_args_with_operators to None, run_after=None
[2022-09-19 17:20:28,402] {processor.py:161} INFO - Processing /home/airflow/.local/lib/python3.7/site-packages/airflow/example_dags/example_xcomargs.py took 0.603 seconds
[2022-09-19 17:20:58,449] {processor.py:153} INFO - Started process (PID=2744) to work on /home/airflow/.local/lib/python3.7/site-packages/airflow/example_dags/example_xcomargs.py
[2022-09-19 17:20:58,450] {processor.py:641} INFO - Processing file /home/airflow/.local/lib/python3.7/site-packages/airflow/example_dags/example_xcomargs.py for tasks to queue
[2022-09-19 17:20:58,451] {logging_mixin.py:115} INFO - [2022-09-19 17:20:58,450] {dagbag.py:508} INFO - Filling up the DagBag from /home/airflow/.local/lib/python3.7/site-packages/airflow/example_dags/example_xcomargs.py
[2022-09-19 17:20:58,716] {processor.py:651} INFO - DAG(s) dict_keys(['example_xcom_args', 'example_xcom_args_with_operators']) retrieved from /home/airflow/.local/lib/python3.7/site-packages/airflow/example_dags/example_xcomargs.py
[2022-09-19 17:20:58,870] {logging_mixin.py:115} INFO - [2022-09-19 17:20:58,870] {dag.py:2420} INFO - Sync 2 DAGs
[2022-09-19 17:20:58,922] {logging_mixin.py:115} INFO - [2022-09-19 17:20:58,922] {dag.py:2972} INFO - Setting next_dagrun for example_xcom_args to None, run_after=None
[2022-09-19 17:20:58,923] {logging_mixin.py:115} INFO - [2022-09-19 17:20:58,923] {dag.py:2972} INFO - Setting next_dagrun for example_xcom_args_with_operators to None, run_after=None
[2022-09-19 17:20:58,958] {processor.py:161} INFO - Processing /home/airflow/.local/lib/python3.7/site-packages/airflow/example_dags/example_xcomargs.py took 0.515 seconds
[2022-09-19 17:21:29,041] {processor.py:153} INFO - Started process (PID=2797) to work on /home/airflow/.local/lib/python3.7/site-packages/airflow/example_dags/example_xcomargs.py
[2022-09-19 17:21:29,042] {processor.py:641} INFO - Processing file /home/airflow/.local/lib/python3.7/site-packages/airflow/example_dags/example_xcomargs.py for tasks to queue
[2022-09-19 17:21:29,043] {logging_mixin.py:115} INFO - [2022-09-19 17:21:29,043] {dagbag.py:508} INFO - Filling up the DagBag from /home/airflow/.local/lib/python3.7/site-packages/airflow/example_dags/example_xcomargs.py
[2022-09-19 17:21:29,279] {processor.py:651} INFO - DAG(s) dict_keys(['example_xcom_args', 'example_xcom_args_with_operators']) retrieved from /home/airflow/.local/lib/python3.7/site-packages/airflow/example_dags/example_xcomargs.py
[2022-09-19 17:21:29,392] {logging_mixin.py:115} INFO - [2022-09-19 17:21:29,392] {dag.py:2420} INFO - Sync 2 DAGs
[2022-09-19 17:21:29,431] {logging_mixin.py:115} INFO - [2022-09-19 17:21:29,431] {dag.py:2972} INFO - Setting next_dagrun for example_xcom_args to None, run_after=None
[2022-09-19 17:21:29,431] {logging_mixin.py:115} INFO - [2022-09-19 17:21:29,431] {dag.py:2972} INFO - Setting next_dagrun for example_xcom_args_with_operators to None, run_after=None
[2022-09-19 17:21:29,469] {processor.py:161} INFO - Processing /home/airflow/.local/lib/python3.7/site-packages/airflow/example_dags/example_xcomargs.py took 0.433 seconds
[2022-09-19 17:21:59,797] {processor.py:153} INFO - Started process (PID=2859) to work on /home/airflow/.local/lib/python3.7/site-packages/airflow/example_dags/example_xcomargs.py
[2022-09-19 17:21:59,798] {processor.py:641} INFO - Processing file /home/airflow/.local/lib/python3.7/site-packages/airflow/example_dags/example_xcomargs.py for tasks to queue
[2022-09-19 17:21:59,800] {logging_mixin.py:115} INFO - [2022-09-19 17:21:59,799] {dagbag.py:508} INFO - Filling up the DagBag from /home/airflow/.local/lib/python3.7/site-packages/airflow/example_dags/example_xcomargs.py
[2022-09-19 17:22:00,043] {processor.py:651} INFO - DAG(s) dict_keys(['example_xcom_args', 'example_xcom_args_with_operators']) retrieved from /home/airflow/.local/lib/python3.7/site-packages/airflow/example_dags/example_xcomargs.py
[2022-09-19 17:22:00,160] {logging_mixin.py:115} INFO - [2022-09-19 17:22:00,160] {dag.py:2420} INFO - Sync 2 DAGs
[2022-09-19 17:22:00,204] {logging_mixin.py:115} INFO - [2022-09-19 17:22:00,203] {dag.py:2972} INFO - Setting next_dagrun for example_xcom_args to None, run_after=None
[2022-09-19 17:22:00,204] {logging_mixin.py:115} INFO - [2022-09-19 17:22:00,204] {dag.py:2972} INFO - Setting next_dagrun for example_xcom_args_with_operators to None, run_after=None
[2022-09-19 17:22:00,233] {processor.py:161} INFO - Processing /home/airflow/.local/lib/python3.7/site-packages/airflow/example_dags/example_xcomargs.py took 0.442 seconds
[2022-09-19 17:22:30,600] {processor.py:153} INFO - Started process (PID=2912) to work on /home/airflow/.local/lib/python3.7/site-packages/airflow/example_dags/example_xcomargs.py
[2022-09-19 17:22:30,600] {processor.py:641} INFO - Processing file /home/airflow/.local/lib/python3.7/site-packages/airflow/example_dags/example_xcomargs.py for tasks to queue
[2022-09-19 17:22:30,601] {logging_mixin.py:115} INFO - [2022-09-19 17:22:30,601] {dagbag.py:508} INFO - Filling up the DagBag from /home/airflow/.local/lib/python3.7/site-packages/airflow/example_dags/example_xcomargs.py
[2022-09-19 17:22:30,833] {processor.py:651} INFO - DAG(s) dict_keys(['example_xcom_args', 'example_xcom_args_with_operators']) retrieved from /home/airflow/.local/lib/python3.7/site-packages/airflow/example_dags/example_xcomargs.py
[2022-09-19 17:22:30,947] {logging_mixin.py:115} INFO - [2022-09-19 17:22:30,947] {dag.py:2420} INFO - Sync 2 DAGs
[2022-09-19 17:22:30,987] {logging_mixin.py:115} INFO - [2022-09-19 17:22:30,987] {dag.py:2972} INFO - Setting next_dagrun for example_xcom_args to None, run_after=None
[2022-09-19 17:22:30,988] {logging_mixin.py:115} INFO - [2022-09-19 17:22:30,988] {dag.py:2972} INFO - Setting next_dagrun for example_xcom_args_with_operators to None, run_after=None
[2022-09-19 17:22:31,014] {processor.py:161} INFO - Processing /home/airflow/.local/lib/python3.7/site-packages/airflow/example_dags/example_xcomargs.py took 0.420 seconds
[2022-09-19 17:23:01,381] {processor.py:153} INFO - Started process (PID=2974) to work on /home/airflow/.local/lib/python3.7/site-packages/airflow/example_dags/example_xcomargs.py
[2022-09-19 17:23:01,383] {processor.py:641} INFO - Processing file /home/airflow/.local/lib/python3.7/site-packages/airflow/example_dags/example_xcomargs.py for tasks to queue
[2022-09-19 17:23:01,384] {logging_mixin.py:115} INFO - [2022-09-19 17:23:01,384] {dagbag.py:508} INFO - Filling up the DagBag from /home/airflow/.local/lib/python3.7/site-packages/airflow/example_dags/example_xcomargs.py
[2022-09-19 17:23:01,647] {processor.py:651} INFO - DAG(s) dict_keys(['example_xcom_args', 'example_xcom_args_with_operators']) retrieved from /home/airflow/.local/lib/python3.7/site-packages/airflow/example_dags/example_xcomargs.py
[2022-09-19 17:23:01,762] {logging_mixin.py:115} INFO - [2022-09-19 17:23:01,762] {dag.py:2420} INFO - Sync 2 DAGs
[2022-09-19 17:23:01,801] {logging_mixin.py:115} INFO - [2022-09-19 17:23:01,801] {dag.py:2972} INFO - Setting next_dagrun for example_xcom_args to None, run_after=None
[2022-09-19 17:23:01,801] {logging_mixin.py:115} INFO - [2022-09-19 17:23:01,801] {dag.py:2972} INFO - Setting next_dagrun for example_xcom_args_with_operators to None, run_after=None
[2022-09-19 17:23:01,836] {processor.py:161} INFO - Processing /home/airflow/.local/lib/python3.7/site-packages/airflow/example_dags/example_xcomargs.py took 0.463 seconds
[2022-09-19 17:23:31,983] {processor.py:153} INFO - Started process (PID=3028) to work on /home/airflow/.local/lib/python3.7/site-packages/airflow/example_dags/example_xcomargs.py
[2022-09-19 17:23:31,984] {processor.py:641} INFO - Processing file /home/airflow/.local/lib/python3.7/site-packages/airflow/example_dags/example_xcomargs.py for tasks to queue
[2022-09-19 17:23:31,986] {logging_mixin.py:115} INFO - [2022-09-19 17:23:31,985] {dagbag.py:508} INFO - Filling up the DagBag from /home/airflow/.local/lib/python3.7/site-packages/airflow/example_dags/example_xcomargs.py
[2022-09-19 17:23:32,304] {processor.py:651} INFO - DAG(s) dict_keys(['example_xcom_args', 'example_xcom_args_with_operators']) retrieved from /home/airflow/.local/lib/python3.7/site-packages/airflow/example_dags/example_xcomargs.py
[2022-09-19 17:23:32,427] {logging_mixin.py:115} INFO - [2022-09-19 17:23:32,427] {dag.py:2420} INFO - Sync 2 DAGs
[2022-09-19 17:23:32,468] {logging_mixin.py:115} INFO - [2022-09-19 17:23:32,467] {dag.py:2972} INFO - Setting next_dagrun for example_xcom_args to None, run_after=None
[2022-09-19 17:23:32,468] {logging_mixin.py:115} INFO - [2022-09-19 17:23:32,468] {dag.py:2972} INFO - Setting next_dagrun for example_xcom_args_with_operators to None, run_after=None
[2022-09-19 17:23:32,501] {processor.py:161} INFO - Processing /home/airflow/.local/lib/python3.7/site-packages/airflow/example_dags/example_xcomargs.py took 0.525 seconds
[2022-09-19 17:24:02,708] {processor.py:153} INFO - Started process (PID=3090) to work on /home/airflow/.local/lib/python3.7/site-packages/airflow/example_dags/example_xcomargs.py
[2022-09-19 17:24:02,709] {processor.py:641} INFO - Processing file /home/airflow/.local/lib/python3.7/site-packages/airflow/example_dags/example_xcomargs.py for tasks to queue
[2022-09-19 17:24:02,710] {logging_mixin.py:115} INFO - [2022-09-19 17:24:02,709] {dagbag.py:508} INFO - Filling up the DagBag from /home/airflow/.local/lib/python3.7/site-packages/airflow/example_dags/example_xcomargs.py
[2022-09-19 17:24:02,980] {processor.py:651} INFO - DAG(s) dict_keys(['example_xcom_args', 'example_xcom_args_with_operators']) retrieved from /home/airflow/.local/lib/python3.7/site-packages/airflow/example_dags/example_xcomargs.py
[2022-09-19 17:24:03,110] {logging_mixin.py:115} INFO - [2022-09-19 17:24:03,109] {dag.py:2420} INFO - Sync 2 DAGs
[2022-09-19 17:24:03,154] {logging_mixin.py:115} INFO - [2022-09-19 17:24:03,154] {dag.py:2972} INFO - Setting next_dagrun for example_xcom_args to None, run_after=None
[2022-09-19 17:24:03,154] {logging_mixin.py:115} INFO - [2022-09-19 17:24:03,154] {dag.py:2972} INFO - Setting next_dagrun for example_xcom_args_with_operators to None, run_after=None
[2022-09-19 17:24:03,187] {processor.py:161} INFO - Processing /home/airflow/.local/lib/python3.7/site-packages/airflow/example_dags/example_xcomargs.py took 0.486 seconds
[2022-09-19 17:24:34,053] {processor.py:153} INFO - Started process (PID=3143) to work on /home/airflow/.local/lib/python3.7/site-packages/airflow/example_dags/example_xcomargs.py
[2022-09-19 17:24:34,054] {processor.py:641} INFO - Processing file /home/airflow/.local/lib/python3.7/site-packages/airflow/example_dags/example_xcomargs.py for tasks to queue
[2022-09-19 17:24:34,055] {logging_mixin.py:115} INFO - [2022-09-19 17:24:34,054] {dagbag.py:508} INFO - Filling up the DagBag from /home/airflow/.local/lib/python3.7/site-packages/airflow/example_dags/example_xcomargs.py
[2022-09-19 17:24:34,305] {processor.py:651} INFO - DAG(s) dict_keys(['example_xcom_args', 'example_xcom_args_with_operators']) retrieved from /home/airflow/.local/lib/python3.7/site-packages/airflow/example_dags/example_xcomargs.py
[2022-09-19 17:24:34,415] {logging_mixin.py:115} INFO - [2022-09-19 17:24:34,415] {dag.py:2420} INFO - Sync 2 DAGs
[2022-09-19 17:24:34,453] {logging_mixin.py:115} INFO - [2022-09-19 17:24:34,453] {dag.py:2972} INFO - Setting next_dagrun for example_xcom_args to None, run_after=None
[2022-09-19 17:24:34,453] {logging_mixin.py:115} INFO - [2022-09-19 17:24:34,453] {dag.py:2972} INFO - Setting next_dagrun for example_xcom_args_with_operators to None, run_after=None
[2022-09-19 17:24:34,478] {processor.py:161} INFO - Processing /home/airflow/.local/lib/python3.7/site-packages/airflow/example_dags/example_xcomargs.py took 0.431 seconds
[2022-09-19 17:25:04,794] {processor.py:153} INFO - Started process (PID=3205) to work on /home/airflow/.local/lib/python3.7/site-packages/airflow/example_dags/example_xcomargs.py
[2022-09-19 17:25:04,795] {processor.py:641} INFO - Processing file /home/airflow/.local/lib/python3.7/site-packages/airflow/example_dags/example_xcomargs.py for tasks to queue
[2022-09-19 17:25:04,797] {logging_mixin.py:115} INFO - [2022-09-19 17:25:04,796] {dagbag.py:508} INFO - Filling up the DagBag from /home/airflow/.local/lib/python3.7/site-packages/airflow/example_dags/example_xcomargs.py
[2022-09-19 17:25:05,084] {processor.py:651} INFO - DAG(s) dict_keys(['example_xcom_args', 'example_xcom_args_with_operators']) retrieved from /home/airflow/.local/lib/python3.7/site-packages/airflow/example_dags/example_xcomargs.py
[2022-09-19 17:25:05,217] {logging_mixin.py:115} INFO - [2022-09-19 17:25:05,217] {dag.py:2420} INFO - Sync 2 DAGs
[2022-09-19 17:25:05,260] {logging_mixin.py:115} INFO - [2022-09-19 17:25:05,260] {dag.py:2972} INFO - Setting next_dagrun for example_xcom_args to None, run_after=None
[2022-09-19 17:25:05,261] {logging_mixin.py:115} INFO - [2022-09-19 17:25:05,260] {dag.py:2972} INFO - Setting next_dagrun for example_xcom_args_with_operators to None, run_after=None
[2022-09-19 17:25:05,287] {processor.py:161} INFO - Processing /home/airflow/.local/lib/python3.7/site-packages/airflow/example_dags/example_xcomargs.py took 0.500 seconds
[2022-09-19 17:25:35,778] {processor.py:153} INFO - Started process (PID=3258) to work on /home/airflow/.local/lib/python3.7/site-packages/airflow/example_dags/example_xcomargs.py
[2022-09-19 17:25:35,785] {processor.py:641} INFO - Processing file /home/airflow/.local/lib/python3.7/site-packages/airflow/example_dags/example_xcomargs.py for tasks to queue
[2022-09-19 17:25:35,787] {logging_mixin.py:115} INFO - [2022-09-19 17:25:35,787] {dagbag.py:508} INFO - Filling up the DagBag from /home/airflow/.local/lib/python3.7/site-packages/airflow/example_dags/example_xcomargs.py
[2022-09-19 17:25:36,065] {processor.py:651} INFO - DAG(s) dict_keys(['example_xcom_args', 'example_xcom_args_with_operators']) retrieved from /home/airflow/.local/lib/python3.7/site-packages/airflow/example_dags/example_xcomargs.py
[2022-09-19 17:25:36,191] {logging_mixin.py:115} INFO - [2022-09-19 17:25:36,191] {dag.py:2420} INFO - Sync 2 DAGs
[2022-09-19 17:25:36,243] {logging_mixin.py:115} INFO - [2022-09-19 17:25:36,243] {dag.py:2972} INFO - Setting next_dagrun for example_xcom_args to None, run_after=None
[2022-09-19 17:25:36,243] {logging_mixin.py:115} INFO - [2022-09-19 17:25:36,243] {dag.py:2972} INFO - Setting next_dagrun for example_xcom_args_with_operators to None, run_after=None
[2022-09-19 17:25:36,274] {processor.py:161} INFO - Processing /home/airflow/.local/lib/python3.7/site-packages/airflow/example_dags/example_xcomargs.py took 0.503 seconds
[2022-09-19 17:26:06,914] {processor.py:153} INFO - Started process (PID=3311) to work on /home/airflow/.local/lib/python3.7/site-packages/airflow/example_dags/example_xcomargs.py
[2022-09-19 17:26:06,915] {processor.py:641} INFO - Processing file /home/airflow/.local/lib/python3.7/site-packages/airflow/example_dags/example_xcomargs.py for tasks to queue
[2022-09-19 17:26:06,916] {logging_mixin.py:115} INFO - [2022-09-19 17:26:06,916] {dagbag.py:508} INFO - Filling up the DagBag from /home/airflow/.local/lib/python3.7/site-packages/airflow/example_dags/example_xcomargs.py
[2022-09-19 17:26:07,222] {processor.py:651} INFO - DAG(s) dict_keys(['example_xcom_args', 'example_xcom_args_with_operators']) retrieved from /home/airflow/.local/lib/python3.7/site-packages/airflow/example_dags/example_xcomargs.py
[2022-09-19 17:26:07,331] {logging_mixin.py:115} INFO - [2022-09-19 17:26:07,331] {dag.py:2420} INFO - Sync 2 DAGs
[2022-09-19 17:26:07,369] {logging_mixin.py:115} INFO - [2022-09-19 17:26:07,369] {dag.py:2972} INFO - Setting next_dagrun for example_xcom_args to None, run_after=None
[2022-09-19 17:26:07,370] {logging_mixin.py:115} INFO - [2022-09-19 17:26:07,370] {dag.py:2972} INFO - Setting next_dagrun for example_xcom_args_with_operators to None, run_after=None
[2022-09-19 17:26:07,397] {processor.py:161} INFO - Processing /home/airflow/.local/lib/python3.7/site-packages/airflow/example_dags/example_xcomargs.py took 0.489 seconds
[2022-09-19 17:26:37,862] {processor.py:153} INFO - Started process (PID=3373) to work on /home/airflow/.local/lib/python3.7/site-packages/airflow/example_dags/example_xcomargs.py
[2022-09-19 17:26:37,862] {processor.py:641} INFO - Processing file /home/airflow/.local/lib/python3.7/site-packages/airflow/example_dags/example_xcomargs.py for tasks to queue
[2022-09-19 17:26:37,863] {logging_mixin.py:115} INFO - [2022-09-19 17:26:37,863] {dagbag.py:508} INFO - Filling up the DagBag from /home/airflow/.local/lib/python3.7/site-packages/airflow/example_dags/example_xcomargs.py
[2022-09-19 17:26:38,151] {processor.py:651} INFO - DAG(s) dict_keys(['example_xcom_args', 'example_xcom_args_with_operators']) retrieved from /home/airflow/.local/lib/python3.7/site-packages/airflow/example_dags/example_xcomargs.py
[2022-09-19 17:26:38,286] {logging_mixin.py:115} INFO - [2022-09-19 17:26:38,285] {dag.py:2420} INFO - Sync 2 DAGs
[2022-09-19 17:26:38,330] {logging_mixin.py:115} INFO - [2022-09-19 17:26:38,330] {dag.py:2972} INFO - Setting next_dagrun for example_xcom_args to None, run_after=None
[2022-09-19 17:26:38,331] {logging_mixin.py:115} INFO - [2022-09-19 17:26:38,331] {dag.py:2972} INFO - Setting next_dagrun for example_xcom_args_with_operators to None, run_after=None
[2022-09-19 17:26:38,357] {processor.py:161} INFO - Processing /home/airflow/.local/lib/python3.7/site-packages/airflow/example_dags/example_xcomargs.py took 0.500 seconds
[2022-09-19 17:27:08,830] {processor.py:153} INFO - Started process (PID=3426) to work on /home/airflow/.local/lib/python3.7/site-packages/airflow/example_dags/example_xcomargs.py
[2022-09-19 17:27:08,831] {processor.py:641} INFO - Processing file /home/airflow/.local/lib/python3.7/site-packages/airflow/example_dags/example_xcomargs.py for tasks to queue
[2022-09-19 17:27:08,832] {logging_mixin.py:115} INFO - [2022-09-19 17:27:08,832] {dagbag.py:508} INFO - Filling up the DagBag from /home/airflow/.local/lib/python3.7/site-packages/airflow/example_dags/example_xcomargs.py
[2022-09-19 17:27:09,092] {processor.py:651} INFO - DAG(s) dict_keys(['example_xcom_args', 'example_xcom_args_with_operators']) retrieved from /home/airflow/.local/lib/python3.7/site-packages/airflow/example_dags/example_xcomargs.py
[2022-09-19 17:27:09,211] {logging_mixin.py:115} INFO - [2022-09-19 17:27:09,210] {dag.py:2420} INFO - Sync 2 DAGs
[2022-09-19 17:27:09,264] {logging_mixin.py:115} INFO - [2022-09-19 17:27:09,264] {dag.py:2972} INFO - Setting next_dagrun for example_xcom_args to None, run_after=None
[2022-09-19 17:27:09,264] {logging_mixin.py:115} INFO - [2022-09-19 17:27:09,264] {dag.py:2972} INFO - Setting next_dagrun for example_xcom_args_with_operators to None, run_after=None
[2022-09-19 17:27:09,301] {processor.py:161} INFO - Processing /home/airflow/.local/lib/python3.7/site-packages/airflow/example_dags/example_xcomargs.py took 0.477 seconds
[2022-09-19 17:27:39,788] {processor.py:153} INFO - Started process (PID=3489) to work on /home/airflow/.local/lib/python3.7/site-packages/airflow/example_dags/example_xcomargs.py
[2022-09-19 17:27:39,789] {processor.py:641} INFO - Processing file /home/airflow/.local/lib/python3.7/site-packages/airflow/example_dags/example_xcomargs.py for tasks to queue
[2022-09-19 17:27:39,790] {logging_mixin.py:115} INFO - [2022-09-19 17:27:39,790] {dagbag.py:508} INFO - Filling up the DagBag from /home/airflow/.local/lib/python3.7/site-packages/airflow/example_dags/example_xcomargs.py
[2022-09-19 17:27:40,061] {processor.py:651} INFO - DAG(s) dict_keys(['example_xcom_args', 'example_xcom_args_with_operators']) retrieved from /home/airflow/.local/lib/python3.7/site-packages/airflow/example_dags/example_xcomargs.py
[2022-09-19 17:27:40,198] {logging_mixin.py:115} INFO - [2022-09-19 17:27:40,197] {dag.py:2420} INFO - Sync 2 DAGs
[2022-09-19 17:27:40,235] {logging_mixin.py:115} INFO - [2022-09-19 17:27:40,235] {dag.py:2972} INFO - Setting next_dagrun for example_xcom_args to None, run_after=None
[2022-09-19 17:27:40,235] {logging_mixin.py:115} INFO - [2022-09-19 17:27:40,235] {dag.py:2972} INFO - Setting next_dagrun for example_xcom_args_with_operators to None, run_after=None
[2022-09-19 17:27:40,260] {processor.py:161} INFO - Processing /home/airflow/.local/lib/python3.7/site-packages/airflow/example_dags/example_xcomargs.py took 0.478 seconds
