[2022-08-31 00:00:09,719] {processor.py:153} INFO - Started process (PID=9178) to work on /home/airflow/.local/lib/python3.7/site-packages/airflow/example_dags/example_trigger_target_dag.py
[2022-08-31 00:00:09,720] {processor.py:641} INFO - Processing file /home/airflow/.local/lib/python3.7/site-packages/airflow/example_dags/example_trigger_target_dag.py for tasks to queue
[2022-08-31 00:00:09,722] {logging_mixin.py:115} INFO - [2022-08-31 00:00:09,722] {dagbag.py:508} INFO - Filling up the DagBag from /home/airflow/.local/lib/python3.7/site-packages/airflow/example_dags/example_trigger_target_dag.py
[2022-08-31 00:00:09,759] {processor.py:651} INFO - DAG(s) dict_keys(['example_trigger_target_dag']) retrieved from /home/airflow/.local/lib/python3.7/site-packages/airflow/example_dags/example_trigger_target_dag.py
[2022-08-31 00:00:09,803] {logging_mixin.py:115} INFO - [2022-08-31 00:00:09,803] {dag.py:2420} INFO - Sync 1 DAGs
[2022-08-31 00:00:09,844] {logging_mixin.py:115} INFO - [2022-08-31 00:00:09,844] {dag.py:2972} INFO - Setting next_dagrun for example_trigger_target_dag to None, run_after=None
[2022-08-31 00:00:09,869] {processor.py:161} INFO - Processing /home/airflow/.local/lib/python3.7/site-packages/airflow/example_dags/example_trigger_target_dag.py took 0.157 seconds
[2022-08-31 00:00:40,406] {processor.py:153} INFO - Started process (PID=9232) to work on /home/airflow/.local/lib/python3.7/site-packages/airflow/example_dags/example_trigger_target_dag.py
[2022-08-31 00:00:40,407] {processor.py:641} INFO - Processing file /home/airflow/.local/lib/python3.7/site-packages/airflow/example_dags/example_trigger_target_dag.py for tasks to queue
[2022-08-31 00:00:40,408] {logging_mixin.py:115} INFO - [2022-08-31 00:00:40,408] {dagbag.py:508} INFO - Filling up the DagBag from /home/airflow/.local/lib/python3.7/site-packages/airflow/example_dags/example_trigger_target_dag.py
[2022-08-31 00:00:40,450] {processor.py:651} INFO - DAG(s) dict_keys(['example_trigger_target_dag']) retrieved from /home/airflow/.local/lib/python3.7/site-packages/airflow/example_dags/example_trigger_target_dag.py
[2022-08-31 00:00:40,491] {logging_mixin.py:115} INFO - [2022-08-31 00:00:40,491] {dag.py:2420} INFO - Sync 1 DAGs
[2022-08-31 00:00:40,532] {logging_mixin.py:115} INFO - [2022-08-31 00:00:40,532] {dag.py:2972} INFO - Setting next_dagrun for example_trigger_target_dag to None, run_after=None
[2022-08-31 00:00:40,557] {processor.py:161} INFO - Processing /home/airflow/.local/lib/python3.7/site-packages/airflow/example_dags/example_trigger_target_dag.py took 0.156 seconds
[2022-08-31 00:01:11,283] {processor.py:153} INFO - Started process (PID=9296) to work on /home/airflow/.local/lib/python3.7/site-packages/airflow/example_dags/example_trigger_target_dag.py
[2022-08-31 00:01:11,285] {processor.py:641} INFO - Processing file /home/airflow/.local/lib/python3.7/site-packages/airflow/example_dags/example_trigger_target_dag.py for tasks to queue
[2022-08-31 00:01:11,286] {logging_mixin.py:115} INFO - [2022-08-31 00:01:11,286] {dagbag.py:508} INFO - Filling up the DagBag from /home/airflow/.local/lib/python3.7/site-packages/airflow/example_dags/example_trigger_target_dag.py
[2022-08-31 00:01:11,311] {processor.py:651} INFO - DAG(s) dict_keys(['example_trigger_target_dag']) retrieved from /home/airflow/.local/lib/python3.7/site-packages/airflow/example_dags/example_trigger_target_dag.py
[2022-08-31 00:01:11,354] {logging_mixin.py:115} INFO - [2022-08-31 00:01:11,354] {dag.py:2420} INFO - Sync 1 DAGs
[2022-08-31 00:01:11,398] {logging_mixin.py:115} INFO - [2022-08-31 00:01:11,397] {dag.py:2972} INFO - Setting next_dagrun for example_trigger_target_dag to None, run_after=None
[2022-08-31 00:01:11,421] {processor.py:161} INFO - Processing /home/airflow/.local/lib/python3.7/site-packages/airflow/example_dags/example_trigger_target_dag.py took 0.142 seconds
[2022-08-31 00:01:41,931] {processor.py:153} INFO - Started process (PID=9350) to work on /home/airflow/.local/lib/python3.7/site-packages/airflow/example_dags/example_trigger_target_dag.py
[2022-08-31 00:01:41,932] {processor.py:641} INFO - Processing file /home/airflow/.local/lib/python3.7/site-packages/airflow/example_dags/example_trigger_target_dag.py for tasks to queue
[2022-08-31 00:01:41,933] {logging_mixin.py:115} INFO - [2022-08-31 00:01:41,933] {dagbag.py:508} INFO - Filling up the DagBag from /home/airflow/.local/lib/python3.7/site-packages/airflow/example_dags/example_trigger_target_dag.py
[2022-08-31 00:01:41,974] {processor.py:651} INFO - DAG(s) dict_keys(['example_trigger_target_dag']) retrieved from /home/airflow/.local/lib/python3.7/site-packages/airflow/example_dags/example_trigger_target_dag.py
[2022-08-31 00:01:42,024] {logging_mixin.py:115} INFO - [2022-08-31 00:01:42,024] {dag.py:2420} INFO - Sync 1 DAGs
[2022-08-31 00:01:42,071] {logging_mixin.py:115} INFO - [2022-08-31 00:01:42,071] {dag.py:2972} INFO - Setting next_dagrun for example_trigger_target_dag to None, run_after=None
[2022-08-31 00:01:42,103] {processor.py:161} INFO - Processing /home/airflow/.local/lib/python3.7/site-packages/airflow/example_dags/example_trigger_target_dag.py took 0.181 seconds
[2022-08-31 00:02:12,635] {processor.py:153} INFO - Started process (PID=9403) to work on /home/airflow/.local/lib/python3.7/site-packages/airflow/example_dags/example_trigger_target_dag.py
[2022-08-31 00:02:12,636] {processor.py:641} INFO - Processing file /home/airflow/.local/lib/python3.7/site-packages/airflow/example_dags/example_trigger_target_dag.py for tasks to queue
[2022-08-31 00:02:12,637] {logging_mixin.py:115} INFO - [2022-08-31 00:02:12,637] {dagbag.py:508} INFO - Filling up the DagBag from /home/airflow/.local/lib/python3.7/site-packages/airflow/example_dags/example_trigger_target_dag.py
[2022-08-31 00:02:12,662] {processor.py:651} INFO - DAG(s) dict_keys(['example_trigger_target_dag']) retrieved from /home/airflow/.local/lib/python3.7/site-packages/airflow/example_dags/example_trigger_target_dag.py
[2022-08-31 00:02:12,703] {logging_mixin.py:115} INFO - [2022-08-31 00:02:12,703] {dag.py:2420} INFO - Sync 1 DAGs
[2022-08-31 00:02:12,745] {logging_mixin.py:115} INFO - [2022-08-31 00:02:12,745] {dag.py:2972} INFO - Setting next_dagrun for example_trigger_target_dag to None, run_after=None
[2022-08-31 00:02:12,767] {processor.py:161} INFO - Processing /home/airflow/.local/lib/python3.7/site-packages/airflow/example_dags/example_trigger_target_dag.py took 0.138 seconds
[2022-08-31 00:02:43,508] {processor.py:153} INFO - Started process (PID=9465) to work on /home/airflow/.local/lib/python3.7/site-packages/airflow/example_dags/example_trigger_target_dag.py
[2022-08-31 00:02:43,509] {processor.py:641} INFO - Processing file /home/airflow/.local/lib/python3.7/site-packages/airflow/example_dags/example_trigger_target_dag.py for tasks to queue
[2022-08-31 00:02:43,510] {logging_mixin.py:115} INFO - [2022-08-31 00:02:43,510] {dagbag.py:508} INFO - Filling up the DagBag from /home/airflow/.local/lib/python3.7/site-packages/airflow/example_dags/example_trigger_target_dag.py
[2022-08-31 00:02:43,533] {processor.py:651} INFO - DAG(s) dict_keys(['example_trigger_target_dag']) retrieved from /home/airflow/.local/lib/python3.7/site-packages/airflow/example_dags/example_trigger_target_dag.py
[2022-08-31 00:02:43,585] {logging_mixin.py:115} INFO - [2022-08-31 00:02:43,585] {dag.py:2420} INFO - Sync 1 DAGs
[2022-08-31 00:02:43,639] {logging_mixin.py:115} INFO - [2022-08-31 00:02:43,638] {dag.py:2972} INFO - Setting next_dagrun for example_trigger_target_dag to None, run_after=None
[2022-08-31 00:02:43,663] {processor.py:161} INFO - Processing /home/airflow/.local/lib/python3.7/site-packages/airflow/example_dags/example_trigger_target_dag.py took 0.159 seconds
[2022-08-31 00:03:14,059] {processor.py:153} INFO - Started process (PID=9518) to work on /home/airflow/.local/lib/python3.7/site-packages/airflow/example_dags/example_trigger_target_dag.py
[2022-08-31 00:03:14,060] {processor.py:641} INFO - Processing file /home/airflow/.local/lib/python3.7/site-packages/airflow/example_dags/example_trigger_target_dag.py for tasks to queue
[2022-08-31 00:03:14,061] {logging_mixin.py:115} INFO - [2022-08-31 00:03:14,061] {dagbag.py:508} INFO - Filling up the DagBag from /home/airflow/.local/lib/python3.7/site-packages/airflow/example_dags/example_trigger_target_dag.py
[2022-08-31 00:03:14,085] {processor.py:651} INFO - DAG(s) dict_keys(['example_trigger_target_dag']) retrieved from /home/airflow/.local/lib/python3.7/site-packages/airflow/example_dags/example_trigger_target_dag.py
[2022-08-31 00:03:14,131] {logging_mixin.py:115} INFO - [2022-08-31 00:03:14,131] {dag.py:2420} INFO - Sync 1 DAGs
[2022-08-31 00:03:14,175] {logging_mixin.py:115} INFO - [2022-08-31 00:03:14,175] {dag.py:2972} INFO - Setting next_dagrun for example_trigger_target_dag to None, run_after=None
[2022-08-31 00:03:14,196] {processor.py:161} INFO - Processing /home/airflow/.local/lib/python3.7/site-packages/airflow/example_dags/example_trigger_target_dag.py took 0.144 seconds
[2022-08-31 00:03:45,063] {processor.py:153} INFO - Started process (PID=9580) to work on /home/airflow/.local/lib/python3.7/site-packages/airflow/example_dags/example_trigger_target_dag.py
[2022-08-31 00:03:45,064] {processor.py:641} INFO - Processing file /home/airflow/.local/lib/python3.7/site-packages/airflow/example_dags/example_trigger_target_dag.py for tasks to queue
[2022-08-31 00:03:45,064] {logging_mixin.py:115} INFO - [2022-08-31 00:03:45,064] {dagbag.py:508} INFO - Filling up the DagBag from /home/airflow/.local/lib/python3.7/site-packages/airflow/example_dags/example_trigger_target_dag.py
[2022-08-31 00:03:45,077] {processor.py:651} INFO - DAG(s) dict_keys(['example_trigger_target_dag']) retrieved from /home/airflow/.local/lib/python3.7/site-packages/airflow/example_dags/example_trigger_target_dag.py
[2022-08-31 00:03:45,101] {logging_mixin.py:115} INFO - [2022-08-31 00:03:45,101] {dag.py:2420} INFO - Sync 1 DAGs
[2022-08-31 00:03:45,126] {logging_mixin.py:115} INFO - [2022-08-31 00:03:45,126] {dag.py:2972} INFO - Setting next_dagrun for example_trigger_target_dag to None, run_after=None
[2022-08-31 00:03:45,138] {processor.py:161} INFO - Processing /home/airflow/.local/lib/python3.7/site-packages/airflow/example_dags/example_trigger_target_dag.py took 0.078 seconds
[2022-08-31 00:04:15,532] {processor.py:153} INFO - Started process (PID=9634) to work on /home/airflow/.local/lib/python3.7/site-packages/airflow/example_dags/example_trigger_target_dag.py
[2022-08-31 00:04:15,533] {processor.py:641} INFO - Processing file /home/airflow/.local/lib/python3.7/site-packages/airflow/example_dags/example_trigger_target_dag.py for tasks to queue
[2022-08-31 00:04:15,533] {logging_mixin.py:115} INFO - [2022-08-31 00:04:15,533] {dagbag.py:508} INFO - Filling up the DagBag from /home/airflow/.local/lib/python3.7/site-packages/airflow/example_dags/example_trigger_target_dag.py
[2022-08-31 00:04:15,551] {processor.py:651} INFO - DAG(s) dict_keys(['example_trigger_target_dag']) retrieved from /home/airflow/.local/lib/python3.7/site-packages/airflow/example_dags/example_trigger_target_dag.py
[2022-08-31 00:04:15,579] {logging_mixin.py:115} INFO - [2022-08-31 00:04:15,578] {dag.py:2420} INFO - Sync 1 DAGs
[2022-08-31 00:04:15,608] {logging_mixin.py:115} INFO - [2022-08-31 00:04:15,608] {dag.py:2972} INFO - Setting next_dagrun for example_trigger_target_dag to None, run_after=None
[2022-08-31 00:04:15,626] {processor.py:161} INFO - Processing /home/airflow/.local/lib/python3.7/site-packages/airflow/example_dags/example_trigger_target_dag.py took 0.097 seconds
[2022-08-31 00:04:46,003] {processor.py:153} INFO - Started process (PID=9696) to work on /home/airflow/.local/lib/python3.7/site-packages/airflow/example_dags/example_trigger_target_dag.py
[2022-08-31 00:04:46,004] {processor.py:641} INFO - Processing file /home/airflow/.local/lib/python3.7/site-packages/airflow/example_dags/example_trigger_target_dag.py for tasks to queue
[2022-08-31 00:04:46,004] {logging_mixin.py:115} INFO - [2022-08-31 00:04:46,004] {dagbag.py:508} INFO - Filling up the DagBag from /home/airflow/.local/lib/python3.7/site-packages/airflow/example_dags/example_trigger_target_dag.py
[2022-08-31 00:04:46,019] {processor.py:651} INFO - DAG(s) dict_keys(['example_trigger_target_dag']) retrieved from /home/airflow/.local/lib/python3.7/site-packages/airflow/example_dags/example_trigger_target_dag.py
[2022-08-31 00:04:46,040] {logging_mixin.py:115} INFO - [2022-08-31 00:04:46,040] {dag.py:2420} INFO - Sync 1 DAGs
[2022-08-31 00:04:46,061] {logging_mixin.py:115} INFO - [2022-08-31 00:04:46,061] {dag.py:2972} INFO - Setting next_dagrun for example_trigger_target_dag to None, run_after=None
[2022-08-31 00:04:46,072] {processor.py:161} INFO - Processing /home/airflow/.local/lib/python3.7/site-packages/airflow/example_dags/example_trigger_target_dag.py took 0.072 seconds
[2022-08-31 00:05:16,533] {processor.py:153} INFO - Started process (PID=9759) to work on /home/airflow/.local/lib/python3.7/site-packages/airflow/example_dags/example_trigger_target_dag.py
[2022-08-31 00:05:16,534] {processor.py:641} INFO - Processing file /home/airflow/.local/lib/python3.7/site-packages/airflow/example_dags/example_trigger_target_dag.py for tasks to queue
[2022-08-31 00:05:16,535] {logging_mixin.py:115} INFO - [2022-08-31 00:05:16,534] {dagbag.py:508} INFO - Filling up the DagBag from /home/airflow/.local/lib/python3.7/site-packages/airflow/example_dags/example_trigger_target_dag.py
[2022-08-31 00:05:16,556] {processor.py:651} INFO - DAG(s) dict_keys(['example_trigger_target_dag']) retrieved from /home/airflow/.local/lib/python3.7/site-packages/airflow/example_dags/example_trigger_target_dag.py
[2022-08-31 00:05:16,591] {logging_mixin.py:115} INFO - [2022-08-31 00:05:16,591] {dag.py:2420} INFO - Sync 1 DAGs
[2022-08-31 00:05:16,622] {logging_mixin.py:115} INFO - [2022-08-31 00:05:16,622] {dag.py:2972} INFO - Setting next_dagrun for example_trigger_target_dag to None, run_after=None
[2022-08-31 00:05:16,641] {processor.py:161} INFO - Processing /home/airflow/.local/lib/python3.7/site-packages/airflow/example_dags/example_trigger_target_dag.py took 0.113 seconds
[2022-08-31 00:05:46,999] {processor.py:153} INFO - Started process (PID=9811) to work on /home/airflow/.local/lib/python3.7/site-packages/airflow/example_dags/example_trigger_target_dag.py
[2022-08-31 00:05:47,000] {processor.py:641} INFO - Processing file /home/airflow/.local/lib/python3.7/site-packages/airflow/example_dags/example_trigger_target_dag.py for tasks to queue
[2022-08-31 00:05:47,001] {logging_mixin.py:115} INFO - [2022-08-31 00:05:47,001] {dagbag.py:508} INFO - Filling up the DagBag from /home/airflow/.local/lib/python3.7/site-packages/airflow/example_dags/example_trigger_target_dag.py
[2022-08-31 00:05:47,019] {processor.py:651} INFO - DAG(s) dict_keys(['example_trigger_target_dag']) retrieved from /home/airflow/.local/lib/python3.7/site-packages/airflow/example_dags/example_trigger_target_dag.py
[2022-08-31 00:05:47,048] {logging_mixin.py:115} INFO - [2022-08-31 00:05:47,048] {dag.py:2420} INFO - Sync 1 DAGs
[2022-08-31 00:05:47,078] {logging_mixin.py:115} INFO - [2022-08-31 00:05:47,077] {dag.py:2972} INFO - Setting next_dagrun for example_trigger_target_dag to None, run_after=None
[2022-08-31 00:05:47,093] {processor.py:161} INFO - Processing /home/airflow/.local/lib/python3.7/site-packages/airflow/example_dags/example_trigger_target_dag.py took 0.097 seconds
[2022-08-31 00:06:17,511] {processor.py:153} INFO - Started process (PID=9873) to work on /home/airflow/.local/lib/python3.7/site-packages/airflow/example_dags/example_trigger_target_dag.py
[2022-08-31 00:06:17,511] {processor.py:641} INFO - Processing file /home/airflow/.local/lib/python3.7/site-packages/airflow/example_dags/example_trigger_target_dag.py for tasks to queue
[2022-08-31 00:06:17,512] {logging_mixin.py:115} INFO - [2022-08-31 00:06:17,512] {dagbag.py:508} INFO - Filling up the DagBag from /home/airflow/.local/lib/python3.7/site-packages/airflow/example_dags/example_trigger_target_dag.py
[2022-08-31 00:06:17,531] {processor.py:651} INFO - DAG(s) dict_keys(['example_trigger_target_dag']) retrieved from /home/airflow/.local/lib/python3.7/site-packages/airflow/example_dags/example_trigger_target_dag.py
[2022-08-31 00:06:17,562] {logging_mixin.py:115} INFO - [2022-08-31 00:06:17,562] {dag.py:2420} INFO - Sync 1 DAGs
[2022-08-31 00:06:17,592] {logging_mixin.py:115} INFO - [2022-08-31 00:06:17,592] {dag.py:2972} INFO - Setting next_dagrun for example_trigger_target_dag to None, run_after=None
[2022-08-31 00:06:17,606] {processor.py:161} INFO - Processing /home/airflow/.local/lib/python3.7/site-packages/airflow/example_dags/example_trigger_target_dag.py took 0.099 seconds
[2022-08-31 00:06:47,810] {processor.py:153} INFO - Started process (PID=9926) to work on /home/airflow/.local/lib/python3.7/site-packages/airflow/example_dags/example_trigger_target_dag.py
[2022-08-31 00:06:47,811] {processor.py:641} INFO - Processing file /home/airflow/.local/lib/python3.7/site-packages/airflow/example_dags/example_trigger_target_dag.py for tasks to queue
[2022-08-31 00:06:47,811] {logging_mixin.py:115} INFO - [2022-08-31 00:06:47,811] {dagbag.py:508} INFO - Filling up the DagBag from /home/airflow/.local/lib/python3.7/site-packages/airflow/example_dags/example_trigger_target_dag.py
[2022-08-31 00:06:47,828] {processor.py:651} INFO - DAG(s) dict_keys(['example_trigger_target_dag']) retrieved from /home/airflow/.local/lib/python3.7/site-packages/airflow/example_dags/example_trigger_target_dag.py
[2022-08-31 00:06:47,859] {logging_mixin.py:115} INFO - [2022-08-31 00:06:47,859] {dag.py:2420} INFO - Sync 1 DAGs
[2022-08-31 00:06:47,890] {logging_mixin.py:115} INFO - [2022-08-31 00:06:47,890] {dag.py:2972} INFO - Setting next_dagrun for example_trigger_target_dag to None, run_after=None
[2022-08-31 00:06:47,907] {processor.py:161} INFO - Processing /home/airflow/.local/lib/python3.7/site-packages/airflow/example_dags/example_trigger_target_dag.py took 0.100 seconds
[2022-08-31 00:07:18,158] {processor.py:153} INFO - Started process (PID=9989) to work on /home/airflow/.local/lib/python3.7/site-packages/airflow/example_dags/example_trigger_target_dag.py
[2022-08-31 00:07:18,159] {processor.py:641} INFO - Processing file /home/airflow/.local/lib/python3.7/site-packages/airflow/example_dags/example_trigger_target_dag.py for tasks to queue
[2022-08-31 00:07:18,159] {logging_mixin.py:115} INFO - [2022-08-31 00:07:18,159] {dagbag.py:508} INFO - Filling up the DagBag from /home/airflow/.local/lib/python3.7/site-packages/airflow/example_dags/example_trigger_target_dag.py
[2022-08-31 00:07:18,176] {processor.py:651} INFO - DAG(s) dict_keys(['example_trigger_target_dag']) retrieved from /home/airflow/.local/lib/python3.7/site-packages/airflow/example_dags/example_trigger_target_dag.py
[2022-08-31 00:07:18,202] {logging_mixin.py:115} INFO - [2022-08-31 00:07:18,202] {dag.py:2420} INFO - Sync 1 DAGs
[2022-08-31 00:07:18,228] {logging_mixin.py:115} INFO - [2022-08-31 00:07:18,228] {dag.py:2972} INFO - Setting next_dagrun for example_trigger_target_dag to None, run_after=None
[2022-08-31 00:07:18,241] {processor.py:161} INFO - Processing /home/airflow/.local/lib/python3.7/site-packages/airflow/example_dags/example_trigger_target_dag.py took 0.086 seconds
[2022-08-31 00:07:48,647] {processor.py:153} INFO - Started process (PID=10042) to work on /home/airflow/.local/lib/python3.7/site-packages/airflow/example_dags/example_trigger_target_dag.py
[2022-08-31 00:07:48,647] {processor.py:641} INFO - Processing file /home/airflow/.local/lib/python3.7/site-packages/airflow/example_dags/example_trigger_target_dag.py for tasks to queue
[2022-08-31 00:07:48,648] {logging_mixin.py:115} INFO - [2022-08-31 00:07:48,648] {dagbag.py:508} INFO - Filling up the DagBag from /home/airflow/.local/lib/python3.7/site-packages/airflow/example_dags/example_trigger_target_dag.py
[2022-08-31 00:07:48,663] {processor.py:651} INFO - DAG(s) dict_keys(['example_trigger_target_dag']) retrieved from /home/airflow/.local/lib/python3.7/site-packages/airflow/example_dags/example_trigger_target_dag.py
[2022-08-31 00:07:48,693] {logging_mixin.py:115} INFO - [2022-08-31 00:07:48,693] {dag.py:2420} INFO - Sync 1 DAGs
[2022-08-31 00:07:48,719] {logging_mixin.py:115} INFO - [2022-08-31 00:07:48,718] {dag.py:2972} INFO - Setting next_dagrun for example_trigger_target_dag to None, run_after=None
[2022-08-31 00:07:48,732] {processor.py:161} INFO - Processing /home/airflow/.local/lib/python3.7/site-packages/airflow/example_dags/example_trigger_target_dag.py took 0.089 seconds
[2022-08-31 00:08:19,191] {processor.py:153} INFO - Started process (PID=10104) to work on /home/airflow/.local/lib/python3.7/site-packages/airflow/example_dags/example_trigger_target_dag.py
[2022-08-31 00:08:19,192] {processor.py:641} INFO - Processing file /home/airflow/.local/lib/python3.7/site-packages/airflow/example_dags/example_trigger_target_dag.py for tasks to queue
[2022-08-31 00:08:19,192] {logging_mixin.py:115} INFO - [2022-08-31 00:08:19,192] {dagbag.py:508} INFO - Filling up the DagBag from /home/airflow/.local/lib/python3.7/site-packages/airflow/example_dags/example_trigger_target_dag.py
[2022-08-31 00:08:19,208] {processor.py:651} INFO - DAG(s) dict_keys(['example_trigger_target_dag']) retrieved from /home/airflow/.local/lib/python3.7/site-packages/airflow/example_dags/example_trigger_target_dag.py
[2022-08-31 00:08:19,236] {logging_mixin.py:115} INFO - [2022-08-31 00:08:19,236] {dag.py:2420} INFO - Sync 1 DAGs
[2022-08-31 00:08:19,263] {logging_mixin.py:115} INFO - [2022-08-31 00:08:19,263] {dag.py:2972} INFO - Setting next_dagrun for example_trigger_target_dag to None, run_after=None
[2022-08-31 00:08:19,278] {processor.py:161} INFO - Processing /home/airflow/.local/lib/python3.7/site-packages/airflow/example_dags/example_trigger_target_dag.py took 0.090 seconds
[2022-08-31 00:08:49,574] {processor.py:153} INFO - Started process (PID=10167) to work on /home/airflow/.local/lib/python3.7/site-packages/airflow/example_dags/example_trigger_target_dag.py
[2022-08-31 00:08:49,575] {processor.py:641} INFO - Processing file /home/airflow/.local/lib/python3.7/site-packages/airflow/example_dags/example_trigger_target_dag.py for tasks to queue
[2022-08-31 00:08:49,575] {logging_mixin.py:115} INFO - [2022-08-31 00:08:49,575] {dagbag.py:508} INFO - Filling up the DagBag from /home/airflow/.local/lib/python3.7/site-packages/airflow/example_dags/example_trigger_target_dag.py
[2022-08-31 00:08:49,591] {processor.py:651} INFO - DAG(s) dict_keys(['example_trigger_target_dag']) retrieved from /home/airflow/.local/lib/python3.7/site-packages/airflow/example_dags/example_trigger_target_dag.py
[2022-08-31 00:08:49,616] {logging_mixin.py:115} INFO - [2022-08-31 00:08:49,616] {dag.py:2420} INFO - Sync 1 DAGs
[2022-08-31 00:08:49,642] {logging_mixin.py:115} INFO - [2022-08-31 00:08:49,642] {dag.py:2972} INFO - Setting next_dagrun for example_trigger_target_dag to None, run_after=None
[2022-08-31 00:08:49,656] {processor.py:161} INFO - Processing /home/airflow/.local/lib/python3.7/site-packages/airflow/example_dags/example_trigger_target_dag.py took 0.085 seconds
[2022-08-31 00:09:19,864] {processor.py:153} INFO - Started process (PID=10220) to work on /home/airflow/.local/lib/python3.7/site-packages/airflow/example_dags/example_trigger_target_dag.py
[2022-08-31 00:09:19,865] {processor.py:641} INFO - Processing file /home/airflow/.local/lib/python3.7/site-packages/airflow/example_dags/example_trigger_target_dag.py for tasks to queue
[2022-08-31 00:09:19,866] {logging_mixin.py:115} INFO - [2022-08-31 00:09:19,866] {dagbag.py:508} INFO - Filling up the DagBag from /home/airflow/.local/lib/python3.7/site-packages/airflow/example_dags/example_trigger_target_dag.py
[2022-08-31 00:09:19,887] {processor.py:651} INFO - DAG(s) dict_keys(['example_trigger_target_dag']) retrieved from /home/airflow/.local/lib/python3.7/site-packages/airflow/example_dags/example_trigger_target_dag.py
[2022-08-31 00:09:19,916] {logging_mixin.py:115} INFO - [2022-08-31 00:09:19,916] {dag.py:2420} INFO - Sync 1 DAGs
[2022-08-31 00:09:19,949] {logging_mixin.py:115} INFO - [2022-08-31 00:09:19,949] {dag.py:2972} INFO - Setting next_dagrun for example_trigger_target_dag to None, run_after=None
[2022-08-31 00:09:19,966] {processor.py:161} INFO - Processing /home/airflow/.local/lib/python3.7/site-packages/airflow/example_dags/example_trigger_target_dag.py took 0.105 seconds
[2022-08-31 00:09:50,382] {processor.py:153} INFO - Started process (PID=10282) to work on /home/airflow/.local/lib/python3.7/site-packages/airflow/example_dags/example_trigger_target_dag.py
[2022-08-31 00:09:50,383] {processor.py:641} INFO - Processing file /home/airflow/.local/lib/python3.7/site-packages/airflow/example_dags/example_trigger_target_dag.py for tasks to queue
[2022-08-31 00:09:50,384] {logging_mixin.py:115} INFO - [2022-08-31 00:09:50,383] {dagbag.py:508} INFO - Filling up the DagBag from /home/airflow/.local/lib/python3.7/site-packages/airflow/example_dags/example_trigger_target_dag.py
[2022-08-31 00:09:50,399] {processor.py:651} INFO - DAG(s) dict_keys(['example_trigger_target_dag']) retrieved from /home/airflow/.local/lib/python3.7/site-packages/airflow/example_dags/example_trigger_target_dag.py
[2022-08-31 00:09:50,422] {logging_mixin.py:115} INFO - [2022-08-31 00:09:50,422] {dag.py:2420} INFO - Sync 1 DAGs
[2022-08-31 00:09:50,445] {logging_mixin.py:115} INFO - [2022-08-31 00:09:50,445] {dag.py:2972} INFO - Setting next_dagrun for example_trigger_target_dag to None, run_after=None
[2022-08-31 00:09:50,456] {processor.py:161} INFO - Processing /home/airflow/.local/lib/python3.7/site-packages/airflow/example_dags/example_trigger_target_dag.py took 0.078 seconds
[2022-08-31 00:10:20,717] {processor.py:153} INFO - Started process (PID=10335) to work on /home/airflow/.local/lib/python3.7/site-packages/airflow/example_dags/example_trigger_target_dag.py
[2022-08-31 00:10:20,717] {processor.py:641} INFO - Processing file /home/airflow/.local/lib/python3.7/site-packages/airflow/example_dags/example_trigger_target_dag.py for tasks to queue
[2022-08-31 00:10:20,718] {logging_mixin.py:115} INFO - [2022-08-31 00:10:20,718] {dagbag.py:508} INFO - Filling up the DagBag from /home/airflow/.local/lib/python3.7/site-packages/airflow/example_dags/example_trigger_target_dag.py
[2022-08-31 00:10:20,737] {processor.py:651} INFO - DAG(s) dict_keys(['example_trigger_target_dag']) retrieved from /home/airflow/.local/lib/python3.7/site-packages/airflow/example_dags/example_trigger_target_dag.py
[2022-08-31 00:10:20,769] {logging_mixin.py:115} INFO - [2022-08-31 00:10:20,769] {dag.py:2420} INFO - Sync 1 DAGs
[2022-08-31 00:10:20,800] {logging_mixin.py:115} INFO - [2022-08-31 00:10:20,800] {dag.py:2972} INFO - Setting next_dagrun for example_trigger_target_dag to None, run_after=None
[2022-08-31 00:10:20,816] {processor.py:161} INFO - Processing /home/airflow/.local/lib/python3.7/site-packages/airflow/example_dags/example_trigger_target_dag.py took 0.103 seconds
[2022-08-31 00:10:51,192] {processor.py:153} INFO - Started process (PID=10397) to work on /home/airflow/.local/lib/python3.7/site-packages/airflow/example_dags/example_trigger_target_dag.py
[2022-08-31 00:10:51,193] {processor.py:641} INFO - Processing file /home/airflow/.local/lib/python3.7/site-packages/airflow/example_dags/example_trigger_target_dag.py for tasks to queue
[2022-08-31 00:10:51,193] {logging_mixin.py:115} INFO - [2022-08-31 00:10:51,193] {dagbag.py:508} INFO - Filling up the DagBag from /home/airflow/.local/lib/python3.7/site-packages/airflow/example_dags/example_trigger_target_dag.py
[2022-08-31 00:10:51,209] {processor.py:651} INFO - DAG(s) dict_keys(['example_trigger_target_dag']) retrieved from /home/airflow/.local/lib/python3.7/site-packages/airflow/example_dags/example_trigger_target_dag.py
[2022-08-31 00:10:51,236] {logging_mixin.py:115} INFO - [2022-08-31 00:10:51,236] {dag.py:2420} INFO - Sync 1 DAGs
[2022-08-31 00:10:51,264] {logging_mixin.py:115} INFO - [2022-08-31 00:10:51,264] {dag.py:2972} INFO - Setting next_dagrun for example_trigger_target_dag to None, run_after=None
[2022-08-31 00:10:51,278] {processor.py:161} INFO - Processing /home/airflow/.local/lib/python3.7/site-packages/airflow/example_dags/example_trigger_target_dag.py took 0.089 seconds
[2022-08-31 00:11:21,601] {processor.py:153} INFO - Started process (PID=10451) to work on /home/airflow/.local/lib/python3.7/site-packages/airflow/example_dags/example_trigger_target_dag.py
[2022-08-31 00:11:21,602] {processor.py:641} INFO - Processing file /home/airflow/.local/lib/python3.7/site-packages/airflow/example_dags/example_trigger_target_dag.py for tasks to queue
[2022-08-31 00:11:21,603] {logging_mixin.py:115} INFO - [2022-08-31 00:11:21,602] {dagbag.py:508} INFO - Filling up the DagBag from /home/airflow/.local/lib/python3.7/site-packages/airflow/example_dags/example_trigger_target_dag.py
[2022-08-31 00:11:21,631] {processor.py:651} INFO - DAG(s) dict_keys(['example_trigger_target_dag']) retrieved from /home/airflow/.local/lib/python3.7/site-packages/airflow/example_dags/example_trigger_target_dag.py
[2022-08-31 00:11:21,656] {logging_mixin.py:115} INFO - [2022-08-31 00:11:21,656] {dag.py:2420} INFO - Sync 1 DAGs
[2022-08-31 00:11:21,678] {logging_mixin.py:115} INFO - [2022-08-31 00:11:21,678] {dag.py:2972} INFO - Setting next_dagrun for example_trigger_target_dag to None, run_after=None
[2022-08-31 00:11:21,690] {processor.py:161} INFO - Processing /home/airflow/.local/lib/python3.7/site-packages/airflow/example_dags/example_trigger_target_dag.py took 0.095 seconds
[2022-08-31 00:11:52,166] {processor.py:153} INFO - Started process (PID=10513) to work on /home/airflow/.local/lib/python3.7/site-packages/airflow/example_dags/example_trigger_target_dag.py
[2022-08-31 00:11:52,167] {processor.py:641} INFO - Processing file /home/airflow/.local/lib/python3.7/site-packages/airflow/example_dags/example_trigger_target_dag.py for tasks to queue
[2022-08-31 00:11:52,168] {logging_mixin.py:115} INFO - [2022-08-31 00:11:52,168] {dagbag.py:508} INFO - Filling up the DagBag from /home/airflow/.local/lib/python3.7/site-packages/airflow/example_dags/example_trigger_target_dag.py
[2022-08-31 00:11:52,199] {processor.py:651} INFO - DAG(s) dict_keys(['example_trigger_target_dag']) retrieved from /home/airflow/.local/lib/python3.7/site-packages/airflow/example_dags/example_trigger_target_dag.py
[2022-08-31 00:11:52,229] {logging_mixin.py:115} INFO - [2022-08-31 00:11:52,229] {dag.py:2420} INFO - Sync 1 DAGs
[2022-08-31 00:11:52,260] {logging_mixin.py:115} INFO - [2022-08-31 00:11:52,260] {dag.py:2972} INFO - Setting next_dagrun for example_trigger_target_dag to None, run_after=None
[2022-08-31 00:11:52,275] {processor.py:161} INFO - Processing /home/airflow/.local/lib/python3.7/site-packages/airflow/example_dags/example_trigger_target_dag.py took 0.115 seconds
[2022-08-31 00:12:22,541] {processor.py:153} INFO - Started process (PID=10565) to work on /home/airflow/.local/lib/python3.7/site-packages/airflow/example_dags/example_trigger_target_dag.py
[2022-08-31 00:12:22,542] {processor.py:641} INFO - Processing file /home/airflow/.local/lib/python3.7/site-packages/airflow/example_dags/example_trigger_target_dag.py for tasks to queue
[2022-08-31 00:12:22,542] {logging_mixin.py:115} INFO - [2022-08-31 00:12:22,542] {dagbag.py:508} INFO - Filling up the DagBag from /home/airflow/.local/lib/python3.7/site-packages/airflow/example_dags/example_trigger_target_dag.py
[2022-08-31 00:12:22,558] {processor.py:651} INFO - DAG(s) dict_keys(['example_trigger_target_dag']) retrieved from /home/airflow/.local/lib/python3.7/site-packages/airflow/example_dags/example_trigger_target_dag.py
[2022-08-31 00:12:22,582] {logging_mixin.py:115} INFO - [2022-08-31 00:12:22,582] {dag.py:2420} INFO - Sync 1 DAGs
[2022-08-31 00:12:22,606] {logging_mixin.py:115} INFO - [2022-08-31 00:12:22,606] {dag.py:2972} INFO - Setting next_dagrun for example_trigger_target_dag to None, run_after=None
[2022-08-31 00:12:22,618] {processor.py:161} INFO - Processing /home/airflow/.local/lib/python3.7/site-packages/airflow/example_dags/example_trigger_target_dag.py took 0.080 seconds
[2022-08-31 00:12:53,075] {processor.py:153} INFO - Started process (PID=10628) to work on /home/airflow/.local/lib/python3.7/site-packages/airflow/example_dags/example_trigger_target_dag.py
[2022-08-31 00:12:53,075] {processor.py:641} INFO - Processing file /home/airflow/.local/lib/python3.7/site-packages/airflow/example_dags/example_trigger_target_dag.py for tasks to queue
[2022-08-31 00:12:53,076] {logging_mixin.py:115} INFO - [2022-08-31 00:12:53,076] {dagbag.py:508} INFO - Filling up the DagBag from /home/airflow/.local/lib/python3.7/site-packages/airflow/example_dags/example_trigger_target_dag.py
[2022-08-31 00:12:53,092] {processor.py:651} INFO - DAG(s) dict_keys(['example_trigger_target_dag']) retrieved from /home/airflow/.local/lib/python3.7/site-packages/airflow/example_dags/example_trigger_target_dag.py
[2022-08-31 00:12:53,120] {logging_mixin.py:115} INFO - [2022-08-31 00:12:53,120] {dag.py:2420} INFO - Sync 1 DAGs
[2022-08-31 00:12:53,146] {logging_mixin.py:115} INFO - [2022-08-31 00:12:53,145] {dag.py:2972} INFO - Setting next_dagrun for example_trigger_target_dag to None, run_after=None
[2022-08-31 00:12:53,159] {processor.py:161} INFO - Processing /home/airflow/.local/lib/python3.7/site-packages/airflow/example_dags/example_trigger_target_dag.py took 0.088 seconds
[2022-08-31 00:13:23,448] {processor.py:153} INFO - Started process (PID=10688) to work on /home/airflow/.local/lib/python3.7/site-packages/airflow/example_dags/example_trigger_target_dag.py
[2022-08-31 00:13:23,449] {processor.py:641} INFO - Processing file /home/airflow/.local/lib/python3.7/site-packages/airflow/example_dags/example_trigger_target_dag.py for tasks to queue
[2022-08-31 00:13:23,449] {logging_mixin.py:115} INFO - [2022-08-31 00:13:23,449] {dagbag.py:508} INFO - Filling up the DagBag from /home/airflow/.local/lib/python3.7/site-packages/airflow/example_dags/example_trigger_target_dag.py
[2022-08-31 00:13:23,466] {processor.py:651} INFO - DAG(s) dict_keys(['example_trigger_target_dag']) retrieved from /home/airflow/.local/lib/python3.7/site-packages/airflow/example_dags/example_trigger_target_dag.py
[2022-08-31 00:13:23,496] {logging_mixin.py:115} INFO - [2022-08-31 00:13:23,495] {dag.py:2420} INFO - Sync 1 DAGs
[2022-08-31 00:13:23,524] {logging_mixin.py:115} INFO - [2022-08-31 00:13:23,524] {dag.py:2972} INFO - Setting next_dagrun for example_trigger_target_dag to None, run_after=None
[2022-08-31 00:13:23,539] {processor.py:161} INFO - Processing /home/airflow/.local/lib/python3.7/site-packages/airflow/example_dags/example_trigger_target_dag.py took 0.095 seconds
[2022-08-31 00:13:54,116] {processor.py:153} INFO - Started process (PID=10743) to work on /home/airflow/.local/lib/python3.7/site-packages/airflow/example_dags/example_trigger_target_dag.py
[2022-08-31 00:13:54,116] {processor.py:641} INFO - Processing file /home/airflow/.local/lib/python3.7/site-packages/airflow/example_dags/example_trigger_target_dag.py for tasks to queue
[2022-08-31 00:13:54,117] {logging_mixin.py:115} INFO - [2022-08-31 00:13:54,116] {dagbag.py:508} INFO - Filling up the DagBag from /home/airflow/.local/lib/python3.7/site-packages/airflow/example_dags/example_trigger_target_dag.py
[2022-08-31 00:13:54,134] {processor.py:651} INFO - DAG(s) dict_keys(['example_trigger_target_dag']) retrieved from /home/airflow/.local/lib/python3.7/site-packages/airflow/example_dags/example_trigger_target_dag.py
[2022-08-31 00:13:54,161] {logging_mixin.py:115} INFO - [2022-08-31 00:13:54,161] {dag.py:2420} INFO - Sync 1 DAGs
[2022-08-31 00:13:54,186] {logging_mixin.py:115} INFO - [2022-08-31 00:13:54,186] {dag.py:2972} INFO - Setting next_dagrun for example_trigger_target_dag to None, run_after=None
[2022-08-31 00:13:54,202] {processor.py:161} INFO - Processing /home/airflow/.local/lib/python3.7/site-packages/airflow/example_dags/example_trigger_target_dag.py took 0.090 seconds
[2022-08-31 00:14:24,691] {processor.py:153} INFO - Started process (PID=10804) to work on /home/airflow/.local/lib/python3.7/site-packages/airflow/example_dags/example_trigger_target_dag.py
[2022-08-31 00:14:24,692] {processor.py:641} INFO - Processing file /home/airflow/.local/lib/python3.7/site-packages/airflow/example_dags/example_trigger_target_dag.py for tasks to queue
[2022-08-31 00:14:24,693] {logging_mixin.py:115} INFO - [2022-08-31 00:14:24,693] {dagbag.py:508} INFO - Filling up the DagBag from /home/airflow/.local/lib/python3.7/site-packages/airflow/example_dags/example_trigger_target_dag.py
[2022-08-31 00:14:24,734] {processor.py:651} INFO - DAG(s) dict_keys(['example_trigger_target_dag']) retrieved from /home/airflow/.local/lib/python3.7/site-packages/airflow/example_dags/example_trigger_target_dag.py
[2022-08-31 00:14:24,791] {logging_mixin.py:115} INFO - [2022-08-31 00:14:24,791] {dag.py:2420} INFO - Sync 1 DAGs
[2022-08-31 00:14:24,826] {logging_mixin.py:115} INFO - [2022-08-31 00:14:24,826] {dag.py:2972} INFO - Setting next_dagrun for example_trigger_target_dag to None, run_after=None
[2022-08-31 00:14:24,842] {processor.py:161} INFO - Processing /home/airflow/.local/lib/python3.7/site-packages/airflow/example_dags/example_trigger_target_dag.py took 0.155 seconds
[2022-08-31 00:14:55,835] {processor.py:153} INFO - Started process (PID=10858) to work on /home/airflow/.local/lib/python3.7/site-packages/airflow/example_dags/example_trigger_target_dag.py
[2022-08-31 00:14:55,835] {processor.py:641} INFO - Processing file /home/airflow/.local/lib/python3.7/site-packages/airflow/example_dags/example_trigger_target_dag.py for tasks to queue
[2022-08-31 00:14:55,836] {logging_mixin.py:115} INFO - [2022-08-31 00:14:55,836] {dagbag.py:508} INFO - Filling up the DagBag from /home/airflow/.local/lib/python3.7/site-packages/airflow/example_dags/example_trigger_target_dag.py
[2022-08-31 00:14:55,869] {processor.py:651} INFO - DAG(s) dict_keys(['example_trigger_target_dag']) retrieved from /home/airflow/.local/lib/python3.7/site-packages/airflow/example_dags/example_trigger_target_dag.py
[2022-08-31 00:14:55,898] {logging_mixin.py:115} INFO - [2022-08-31 00:14:55,898] {dag.py:2420} INFO - Sync 1 DAGs
[2022-08-31 00:14:55,921] {logging_mixin.py:115} INFO - [2022-08-31 00:14:55,921] {dag.py:2972} INFO - Setting next_dagrun for example_trigger_target_dag to None, run_after=None
[2022-08-31 00:14:55,936] {processor.py:161} INFO - Processing /home/airflow/.local/lib/python3.7/site-packages/airflow/example_dags/example_trigger_target_dag.py took 0.106 seconds
[2022-08-31 00:15:26,243] {processor.py:153} INFO - Started process (PID=10921) to work on /home/airflow/.local/lib/python3.7/site-packages/airflow/example_dags/example_trigger_target_dag.py
[2022-08-31 00:15:26,244] {processor.py:641} INFO - Processing file /home/airflow/.local/lib/python3.7/site-packages/airflow/example_dags/example_trigger_target_dag.py for tasks to queue
[2022-08-31 00:15:26,245] {logging_mixin.py:115} INFO - [2022-08-31 00:15:26,245] {dagbag.py:508} INFO - Filling up the DagBag from /home/airflow/.local/lib/python3.7/site-packages/airflow/example_dags/example_trigger_target_dag.py
[2022-08-31 00:15:26,273] {processor.py:651} INFO - DAG(s) dict_keys(['example_trigger_target_dag']) retrieved from /home/airflow/.local/lib/python3.7/site-packages/airflow/example_dags/example_trigger_target_dag.py
[2022-08-31 00:15:26,305] {logging_mixin.py:115} INFO - [2022-08-31 00:15:26,305] {dag.py:2420} INFO - Sync 1 DAGs
[2022-08-31 00:15:26,332] {logging_mixin.py:115} INFO - [2022-08-31 00:15:26,332] {dag.py:2972} INFO - Setting next_dagrun for example_trigger_target_dag to None, run_after=None
[2022-08-31 00:15:26,348] {processor.py:161} INFO - Processing /home/airflow/.local/lib/python3.7/site-packages/airflow/example_dags/example_trigger_target_dag.py took 0.109 seconds
[2022-08-31 00:15:56,582] {processor.py:153} INFO - Started process (PID=10975) to work on /home/airflow/.local/lib/python3.7/site-packages/airflow/example_dags/example_trigger_target_dag.py
[2022-08-31 00:15:56,583] {processor.py:641} INFO - Processing file /home/airflow/.local/lib/python3.7/site-packages/airflow/example_dags/example_trigger_target_dag.py for tasks to queue
[2022-08-31 00:15:56,584] {logging_mixin.py:115} INFO - [2022-08-31 00:15:56,584] {dagbag.py:508} INFO - Filling up the DagBag from /home/airflow/.local/lib/python3.7/site-packages/airflow/example_dags/example_trigger_target_dag.py
[2022-08-31 00:15:56,621] {processor.py:651} INFO - DAG(s) dict_keys(['example_trigger_target_dag']) retrieved from /home/airflow/.local/lib/python3.7/site-packages/airflow/example_dags/example_trigger_target_dag.py
[2022-08-31 00:15:56,654] {logging_mixin.py:115} INFO - [2022-08-31 00:15:56,654] {dag.py:2420} INFO - Sync 1 DAGs
[2022-08-31 00:15:56,688] {logging_mixin.py:115} INFO - [2022-08-31 00:15:56,688] {dag.py:2972} INFO - Setting next_dagrun for example_trigger_target_dag to None, run_after=None
[2022-08-31 00:15:56,707] {processor.py:161} INFO - Processing /home/airflow/.local/lib/python3.7/site-packages/airflow/example_dags/example_trigger_target_dag.py took 0.129 seconds
[2022-08-31 00:16:26,965] {processor.py:153} INFO - Started process (PID=11037) to work on /home/airflow/.local/lib/python3.7/site-packages/airflow/example_dags/example_trigger_target_dag.py
[2022-08-31 00:16:26,965] {processor.py:641} INFO - Processing file /home/airflow/.local/lib/python3.7/site-packages/airflow/example_dags/example_trigger_target_dag.py for tasks to queue
[2022-08-31 00:16:26,966] {logging_mixin.py:115} INFO - [2022-08-31 00:16:26,966] {dagbag.py:508} INFO - Filling up the DagBag from /home/airflow/.local/lib/python3.7/site-packages/airflow/example_dags/example_trigger_target_dag.py
[2022-08-31 00:16:26,996] {processor.py:651} INFO - DAG(s) dict_keys(['example_trigger_target_dag']) retrieved from /home/airflow/.local/lib/python3.7/site-packages/airflow/example_dags/example_trigger_target_dag.py
[2022-08-31 00:16:27,027] {logging_mixin.py:115} INFO - [2022-08-31 00:16:27,027] {dag.py:2420} INFO - Sync 1 DAGs
[2022-08-31 00:16:27,052] {logging_mixin.py:115} INFO - [2022-08-31 00:16:27,052] {dag.py:2972} INFO - Setting next_dagrun for example_trigger_target_dag to None, run_after=None
[2022-08-31 00:16:27,066] {processor.py:161} INFO - Processing /home/airflow/.local/lib/python3.7/site-packages/airflow/example_dags/example_trigger_target_dag.py took 0.107 seconds
[2022-08-31 00:16:57,593] {processor.py:153} INFO - Started process (PID=11099) to work on /home/airflow/.local/lib/python3.7/site-packages/airflow/example_dags/example_trigger_target_dag.py
[2022-08-31 00:16:57,594] {processor.py:641} INFO - Processing file /home/airflow/.local/lib/python3.7/site-packages/airflow/example_dags/example_trigger_target_dag.py for tasks to queue
[2022-08-31 00:16:57,594] {logging_mixin.py:115} INFO - [2022-08-31 00:16:57,594] {dagbag.py:508} INFO - Filling up the DagBag from /home/airflow/.local/lib/python3.7/site-packages/airflow/example_dags/example_trigger_target_dag.py
[2022-08-31 00:16:57,614] {processor.py:651} INFO - DAG(s) dict_keys(['example_trigger_target_dag']) retrieved from /home/airflow/.local/lib/python3.7/site-packages/airflow/example_dags/example_trigger_target_dag.py
[2022-08-31 00:16:57,648] {logging_mixin.py:115} INFO - [2022-08-31 00:16:57,648] {dag.py:2420} INFO - Sync 1 DAGs
[2022-08-31 00:16:57,681] {logging_mixin.py:115} INFO - [2022-08-31 00:16:57,680] {dag.py:2972} INFO - Setting next_dagrun for example_trigger_target_dag to None, run_after=None
[2022-08-31 00:16:57,697] {processor.py:161} INFO - Processing /home/airflow/.local/lib/python3.7/site-packages/airflow/example_dags/example_trigger_target_dag.py took 0.109 seconds
