[2022-11-22 00:43:03,388] {processor.py:153} INFO - Started process (PID=46) to work on /opt/airflow/dags/extract_data_from_ftp_to_s3.py
[2022-11-22 00:43:03,389] {processor.py:641} INFO - Processing file /opt/airflow/dags/extract_data_from_ftp_to_s3.py for tasks to queue
[2022-11-22 00:43:03,391] {logging_mixin.py:115} INFO - [2022-11-22 00:43:03,390] {dagbag.py:508} INFO - Filling up the DagBag from /opt/airflow/dags/extract_data_from_ftp_to_s3.py
[2022-11-22 00:43:03,911] {processor.py:651} INFO - DAG(s) dict_keys(['extract_data_from_ftp_to_s3']) retrieved from /opt/airflow/dags/extract_data_from_ftp_to_s3.py
[2022-11-22 00:43:03,949] {logging_mixin.py:115} INFO - [2022-11-22 00:43:03,948] {dag.py:2420} INFO - Sync 1 DAGs
[2022-11-22 00:43:03,995] {logging_mixin.py:115} INFO - [2022-11-22 00:43:03,995] {dag.py:2972} INFO - Setting next_dagrun for extract_data_from_ftp_to_s3 to 2022-11-21T23:00:00+00:00, run_after=2022-11-22T00:00:00+00:00
[2022-11-22 00:43:04,028] {processor.py:161} INFO - Processing /opt/airflow/dags/extract_data_from_ftp_to_s3.py took 0.644 seconds
[2022-11-22 00:43:34,563] {processor.py:153} INFO - Started process (PID=98) to work on /opt/airflow/dags/extract_data_from_ftp_to_s3.py
[2022-11-22 00:43:34,564] {processor.py:641} INFO - Processing file /opt/airflow/dags/extract_data_from_ftp_to_s3.py for tasks to queue
[2022-11-22 00:43:34,565] {logging_mixin.py:115} INFO - [2022-11-22 00:43:34,565] {dagbag.py:508} INFO - Filling up the DagBag from /opt/airflow/dags/extract_data_from_ftp_to_s3.py
[2022-11-22 00:43:35,046] {processor.py:651} INFO - DAG(s) dict_keys(['extract_data_from_ftp_to_s3']) retrieved from /opt/airflow/dags/extract_data_from_ftp_to_s3.py
[2022-11-22 00:43:35,123] {logging_mixin.py:115} INFO - [2022-11-22 00:43:35,123] {dag.py:2420} INFO - Sync 1 DAGs
[2022-11-22 00:43:35,199] {logging_mixin.py:115} INFO - [2022-11-22 00:43:35,199] {dag.py:2972} INFO - Setting next_dagrun for extract_data_from_ftp_to_s3 to 2022-11-21T23:00:00+00:00, run_after=2022-11-22T00:00:00+00:00
[2022-11-22 00:43:35,225] {processor.py:161} INFO - Processing /opt/airflow/dags/extract_data_from_ftp_to_s3.py took 0.669 seconds
[2022-11-22 00:44:06,111] {processor.py:153} INFO - Started process (PID=151) to work on /opt/airflow/dags/extract_data_from_ftp_to_s3.py
[2022-11-22 00:44:06,115] {processor.py:641} INFO - Processing file /opt/airflow/dags/extract_data_from_ftp_to_s3.py for tasks to queue
[2022-11-22 00:44:06,116] {logging_mixin.py:115} INFO - [2022-11-22 00:44:06,116] {dagbag.py:508} INFO - Filling up the DagBag from /opt/airflow/dags/extract_data_from_ftp_to_s3.py
[2022-11-22 00:44:06,504] {processor.py:651} INFO - DAG(s) dict_keys(['extract_data_from_ftp_to_s3']) retrieved from /opt/airflow/dags/extract_data_from_ftp_to_s3.py
[2022-11-22 00:44:06,537] {logging_mixin.py:115} INFO - [2022-11-22 00:44:06,537] {dag.py:2420} INFO - Sync 1 DAGs
[2022-11-22 00:44:06,580] {logging_mixin.py:115} INFO - [2022-11-22 00:44:06,580] {dag.py:2972} INFO - Setting next_dagrun for extract_data_from_ftp_to_s3 to 2022-11-21T23:00:00+00:00, run_after=2022-11-22T00:00:00+00:00
[2022-11-22 00:44:06,601] {processor.py:161} INFO - Processing /opt/airflow/dags/extract_data_from_ftp_to_s3.py took 0.495 seconds
[2022-11-22 00:44:36,869] {processor.py:153} INFO - Started process (PID=204) to work on /opt/airflow/dags/extract_data_from_ftp_to_s3.py
[2022-11-22 00:44:36,874] {processor.py:641} INFO - Processing file /opt/airflow/dags/extract_data_from_ftp_to_s3.py for tasks to queue
[2022-11-22 00:44:36,875] {logging_mixin.py:115} INFO - [2022-11-22 00:44:36,875] {dagbag.py:508} INFO - Filling up the DagBag from /opt/airflow/dags/extract_data_from_ftp_to_s3.py
[2022-11-22 00:44:37,459] {processor.py:651} INFO - DAG(s) dict_keys(['extract_data_from_ftp_to_s3']) retrieved from /opt/airflow/dags/extract_data_from_ftp_to_s3.py
[2022-11-22 00:44:37,509] {logging_mixin.py:115} INFO - [2022-11-22 00:44:37,509] {dag.py:2420} INFO - Sync 1 DAGs
[2022-11-22 00:44:37,576] {logging_mixin.py:115} INFO - [2022-11-22 00:44:37,576] {dag.py:2972} INFO - Setting next_dagrun for extract_data_from_ftp_to_s3 to 2022-11-21T23:00:00+00:00, run_after=2022-11-22T00:00:00+00:00
[2022-11-22 00:44:37,621] {processor.py:161} INFO - Processing /opt/airflow/dags/extract_data_from_ftp_to_s3.py took 0.758 seconds
[2022-11-22 00:45:08,223] {processor.py:153} INFO - Started process (PID=268) to work on /opt/airflow/dags/extract_data_from_ftp_to_s3.py
[2022-11-22 00:45:08,225] {processor.py:641} INFO - Processing file /opt/airflow/dags/extract_data_from_ftp_to_s3.py for tasks to queue
[2022-11-22 00:45:08,226] {logging_mixin.py:115} INFO - [2022-11-22 00:45:08,226] {dagbag.py:508} INFO - Filling up the DagBag from /opt/airflow/dags/extract_data_from_ftp_to_s3.py
[2022-11-22 00:45:08,635] {processor.py:651} INFO - DAG(s) dict_keys(['extract_data_from_ftp_to_s3']) retrieved from /opt/airflow/dags/extract_data_from_ftp_to_s3.py
[2022-11-22 00:45:08,669] {logging_mixin.py:115} INFO - [2022-11-22 00:45:08,669] {dag.py:2420} INFO - Sync 1 DAGs
[2022-11-22 00:45:08,717] {logging_mixin.py:115} INFO - [2022-11-22 00:45:08,716] {dag.py:2972} INFO - Setting next_dagrun for extract_data_from_ftp_to_s3 to 2022-11-21T23:00:00+00:00, run_after=2022-11-22T00:00:00+00:00
[2022-11-22 00:45:08,740] {processor.py:161} INFO - Processing /opt/airflow/dags/extract_data_from_ftp_to_s3.py took 0.524 seconds
[2022-11-22 00:45:38,803] {processor.py:153} INFO - Started process (PID=322) to work on /opt/airflow/dags/extract_data_from_ftp_to_s3.py
[2022-11-22 00:45:38,804] {processor.py:641} INFO - Processing file /opt/airflow/dags/extract_data_from_ftp_to_s3.py for tasks to queue
[2022-11-22 00:45:38,806] {logging_mixin.py:115} INFO - [2022-11-22 00:45:38,806] {dagbag.py:508} INFO - Filling up the DagBag from /opt/airflow/dags/extract_data_from_ftp_to_s3.py
[2022-11-22 00:45:39,248] {processor.py:651} INFO - DAG(s) dict_keys(['extract_data_from_ftp_to_s3']) retrieved from /opt/airflow/dags/extract_data_from_ftp_to_s3.py
[2022-11-22 00:45:39,282] {logging_mixin.py:115} INFO - [2022-11-22 00:45:39,282] {dag.py:2420} INFO - Sync 1 DAGs
[2022-11-22 00:45:39,325] {logging_mixin.py:115} INFO - [2022-11-22 00:45:39,325] {dag.py:2972} INFO - Setting next_dagrun for extract_data_from_ftp_to_s3 to 2022-11-21T23:00:00+00:00, run_after=2022-11-22T00:00:00+00:00
[2022-11-22 00:45:39,347] {processor.py:161} INFO - Processing /opt/airflow/dags/extract_data_from_ftp_to_s3.py took 0.551 seconds
[2022-11-22 00:46:09,588] {processor.py:153} INFO - Started process (PID=376) to work on /opt/airflow/dags/extract_data_from_ftp_to_s3.py
[2022-11-22 00:46:09,590] {processor.py:641} INFO - Processing file /opt/airflow/dags/extract_data_from_ftp_to_s3.py for tasks to queue
[2022-11-22 00:46:09,591] {logging_mixin.py:115} INFO - [2022-11-22 00:46:09,591] {dagbag.py:508} INFO - Filling up the DagBag from /opt/airflow/dags/extract_data_from_ftp_to_s3.py
[2022-11-22 00:46:10,268] {processor.py:651} INFO - DAG(s) dict_keys(['extract_data_from_ftp_to_s3']) retrieved from /opt/airflow/dags/extract_data_from_ftp_to_s3.py
[2022-11-22 00:46:10,317] {logging_mixin.py:115} INFO - [2022-11-22 00:46:10,317] {dag.py:2420} INFO - Sync 1 DAGs
[2022-11-22 00:46:10,383] {logging_mixin.py:115} INFO - [2022-11-22 00:46:10,383] {dag.py:2972} INFO - Setting next_dagrun for extract_data_from_ftp_to_s3 to 2022-11-21T23:00:00+00:00, run_after=2022-11-22T00:00:00+00:00
[2022-11-22 00:46:10,416] {processor.py:161} INFO - Processing /opt/airflow/dags/extract_data_from_ftp_to_s3.py took 0.835 seconds
[2022-11-22 00:46:40,470] {processor.py:153} INFO - Started process (PID=439) to work on /opt/airflow/dags/extract_data_from_ftp_to_s3.py
[2022-11-22 00:46:40,475] {processor.py:641} INFO - Processing file /opt/airflow/dags/extract_data_from_ftp_to_s3.py for tasks to queue
[2022-11-22 00:46:40,477] {logging_mixin.py:115} INFO - [2022-11-22 00:46:40,476] {dagbag.py:508} INFO - Filling up the DagBag from /opt/airflow/dags/extract_data_from_ftp_to_s3.py
[2022-11-22 00:46:41,006] {processor.py:651} INFO - DAG(s) dict_keys(['extract_data_from_ftp_to_s3']) retrieved from /opt/airflow/dags/extract_data_from_ftp_to_s3.py
[2022-11-22 00:46:41,045] {logging_mixin.py:115} INFO - [2022-11-22 00:46:41,045] {dag.py:2420} INFO - Sync 1 DAGs
[2022-11-22 00:46:41,099] {logging_mixin.py:115} INFO - [2022-11-22 00:46:41,098] {dag.py:2972} INFO - Setting next_dagrun for extract_data_from_ftp_to_s3 to 2022-11-21T23:00:00+00:00, run_after=2022-11-22T00:00:00+00:00
[2022-11-22 00:46:41,125] {processor.py:161} INFO - Processing /opt/airflow/dags/extract_data_from_ftp_to_s3.py took 0.661 seconds
[2022-11-22 00:47:11,185] {processor.py:153} INFO - Started process (PID=493) to work on /opt/airflow/dags/extract_data_from_ftp_to_s3.py
[2022-11-22 00:47:11,189] {processor.py:641} INFO - Processing file /opt/airflow/dags/extract_data_from_ftp_to_s3.py for tasks to queue
[2022-11-22 00:47:11,190] {logging_mixin.py:115} INFO - [2022-11-22 00:47:11,190] {dagbag.py:508} INFO - Filling up the DagBag from /opt/airflow/dags/extract_data_from_ftp_to_s3.py
[2022-11-22 00:47:11,563] {processor.py:651} INFO - DAG(s) dict_keys(['extract_data_from_ftp_to_s3']) retrieved from /opt/airflow/dags/extract_data_from_ftp_to_s3.py
[2022-11-22 00:47:11,598] {logging_mixin.py:115} INFO - [2022-11-22 00:47:11,598] {dag.py:2420} INFO - Sync 1 DAGs
[2022-11-22 00:47:11,638] {logging_mixin.py:115} INFO - [2022-11-22 00:47:11,638] {dag.py:2972} INFO - Setting next_dagrun for extract_data_from_ftp_to_s3 to 2022-11-21T23:00:00+00:00, run_after=2022-11-22T00:00:00+00:00
[2022-11-22 00:47:11,661] {processor.py:161} INFO - Processing /opt/airflow/dags/extract_data_from_ftp_to_s3.py took 0.482 seconds
[2022-11-22 00:47:42,032] {processor.py:153} INFO - Started process (PID=555) to work on /opt/airflow/dags/extract_data_from_ftp_to_s3.py
[2022-11-22 00:47:42,033] {processor.py:641} INFO - Processing file /opt/airflow/dags/extract_data_from_ftp_to_s3.py for tasks to queue
[2022-11-22 00:47:42,035] {logging_mixin.py:115} INFO - [2022-11-22 00:47:42,034] {dagbag.py:508} INFO - Filling up the DagBag from /opt/airflow/dags/extract_data_from_ftp_to_s3.py
[2022-11-22 00:47:42,470] {processor.py:651} INFO - DAG(s) dict_keys(['extract_data_from_ftp_to_s3']) retrieved from /opt/airflow/dags/extract_data_from_ftp_to_s3.py
[2022-11-22 00:47:42,512] {logging_mixin.py:115} INFO - [2022-11-22 00:47:42,512] {dag.py:2420} INFO - Sync 1 DAGs
[2022-11-22 00:47:42,560] {logging_mixin.py:115} INFO - [2022-11-22 00:47:42,560] {dag.py:2972} INFO - Setting next_dagrun for extract_data_from_ftp_to_s3 to 2022-11-21T23:00:00+00:00, run_after=2022-11-22T00:00:00+00:00
[2022-11-22 00:47:42,585] {processor.py:161} INFO - Processing /opt/airflow/dags/extract_data_from_ftp_to_s3.py took 0.558 seconds
[2022-11-22 00:48:13,608] {processor.py:153} INFO - Started process (PID=611) to work on /opt/airflow/dags/extract_data_from_ftp_to_s3.py
[2022-11-22 00:48:13,612] {processor.py:641} INFO - Processing file /opt/airflow/dags/extract_data_from_ftp_to_s3.py for tasks to queue
[2022-11-22 00:48:13,613] {logging_mixin.py:115} INFO - [2022-11-22 00:48:13,612] {dagbag.py:508} INFO - Filling up the DagBag from /opt/airflow/dags/extract_data_from_ftp_to_s3.py
[2022-11-22 00:48:14,076] {processor.py:651} INFO - DAG(s) dict_keys(['extract_data_from_ftp_to_s3']) retrieved from /opt/airflow/dags/extract_data_from_ftp_to_s3.py
[2022-11-22 00:48:14,110] {logging_mixin.py:115} INFO - [2022-11-22 00:48:14,110] {dag.py:2420} INFO - Sync 1 DAGs
[2022-11-22 00:48:14,156] {logging_mixin.py:115} INFO - [2022-11-22 00:48:14,156] {dag.py:2972} INFO - Setting next_dagrun for extract_data_from_ftp_to_s3 to 2022-11-21T23:00:00+00:00, run_after=2022-11-22T00:00:00+00:00
[2022-11-22 00:48:14,179] {processor.py:161} INFO - Processing /opt/airflow/dags/extract_data_from_ftp_to_s3.py took 0.577 seconds
[2022-11-22 00:48:45,211] {processor.py:153} INFO - Started process (PID=665) to work on /opt/airflow/dags/extract_data_from_ftp_to_s3.py
[2022-11-22 00:48:45,215] {processor.py:641} INFO - Processing file /opt/airflow/dags/extract_data_from_ftp_to_s3.py for tasks to queue
[2022-11-22 00:48:45,217] {logging_mixin.py:115} INFO - [2022-11-22 00:48:45,217] {dagbag.py:508} INFO - Filling up the DagBag from /opt/airflow/dags/extract_data_from_ftp_to_s3.py
[2022-11-22 00:48:45,724] {processor.py:651} INFO - DAG(s) dict_keys(['extract_data_from_ftp_to_s3']) retrieved from /opt/airflow/dags/extract_data_from_ftp_to_s3.py
[2022-11-22 00:48:45,758] {logging_mixin.py:115} INFO - [2022-11-22 00:48:45,758] {dag.py:2420} INFO - Sync 1 DAGs
[2022-11-22 00:48:45,802] {logging_mixin.py:115} INFO - [2022-11-22 00:48:45,802] {dag.py:2972} INFO - Setting next_dagrun for extract_data_from_ftp_to_s3 to 2022-11-21T23:00:00+00:00, run_after=2022-11-22T00:00:00+00:00
[2022-11-22 00:48:45,823] {processor.py:161} INFO - Processing /opt/airflow/dags/extract_data_from_ftp_to_s3.py took 0.619 seconds
[2022-11-22 00:49:16,129] {processor.py:153} INFO - Started process (PID=728) to work on /opt/airflow/dags/extract_data_from_ftp_to_s3.py
[2022-11-22 00:49:16,133] {processor.py:641} INFO - Processing file /opt/airflow/dags/extract_data_from_ftp_to_s3.py for tasks to queue
[2022-11-22 00:49:16,134] {logging_mixin.py:115} INFO - [2022-11-22 00:49:16,134] {dagbag.py:508} INFO - Filling up the DagBag from /opt/airflow/dags/extract_data_from_ftp_to_s3.py
[2022-11-22 00:49:16,542] {processor.py:651} INFO - DAG(s) dict_keys(['extract_data_from_ftp_to_s3']) retrieved from /opt/airflow/dags/extract_data_from_ftp_to_s3.py
[2022-11-22 00:49:16,576] {logging_mixin.py:115} INFO - [2022-11-22 00:49:16,576] {dag.py:2420} INFO - Sync 1 DAGs
[2022-11-22 00:49:16,617] {logging_mixin.py:115} INFO - [2022-11-22 00:49:16,616] {dag.py:2972} INFO - Setting next_dagrun for extract_data_from_ftp_to_s3 to 2022-11-21T23:00:00+00:00, run_after=2022-11-22T00:00:00+00:00
[2022-11-22 00:49:16,637] {processor.py:161} INFO - Processing /opt/airflow/dags/extract_data_from_ftp_to_s3.py took 0.514 seconds
[2022-11-22 00:49:47,122] {processor.py:153} INFO - Started process (PID=782) to work on /opt/airflow/dags/extract_data_from_ftp_to_s3.py
[2022-11-22 00:49:47,123] {processor.py:641} INFO - Processing file /opt/airflow/dags/extract_data_from_ftp_to_s3.py for tasks to queue
[2022-11-22 00:49:47,124] {logging_mixin.py:115} INFO - [2022-11-22 00:49:47,124] {dagbag.py:508} INFO - Filling up the DagBag from /opt/airflow/dags/extract_data_from_ftp_to_s3.py
[2022-11-22 00:49:47,659] {processor.py:651} INFO - DAG(s) dict_keys(['extract_data_from_ftp_to_s3']) retrieved from /opt/airflow/dags/extract_data_from_ftp_to_s3.py
[2022-11-22 00:49:47,717] {logging_mixin.py:115} INFO - [2022-11-22 00:49:47,716] {dag.py:2420} INFO - Sync 1 DAGs
[2022-11-22 00:49:47,790] {logging_mixin.py:115} INFO - [2022-11-22 00:49:47,790] {dag.py:2972} INFO - Setting next_dagrun for extract_data_from_ftp_to_s3 to 2022-11-21T23:00:00+00:00, run_after=2022-11-22T00:00:00+00:00
[2022-11-22 00:49:47,825] {processor.py:161} INFO - Processing /opt/airflow/dags/extract_data_from_ftp_to_s3.py took 0.708 seconds
[2022-11-22 00:50:17,902] {processor.py:153} INFO - Started process (PID=845) to work on /opt/airflow/dags/extract_data_from_ftp_to_s3.py
[2022-11-22 00:50:17,903] {processor.py:641} INFO - Processing file /opt/airflow/dags/extract_data_from_ftp_to_s3.py for tasks to queue
[2022-11-22 00:50:17,904] {logging_mixin.py:115} INFO - [2022-11-22 00:50:17,904] {dagbag.py:508} INFO - Filling up the DagBag from /opt/airflow/dags/extract_data_from_ftp_to_s3.py
[2022-11-22 00:50:18,584] {processor.py:651} INFO - DAG(s) dict_keys(['extract_data_from_ftp_to_s3']) retrieved from /opt/airflow/dags/extract_data_from_ftp_to_s3.py
[2022-11-22 00:50:18,638] {logging_mixin.py:115} INFO - [2022-11-22 00:50:18,637] {dag.py:2420} INFO - Sync 1 DAGs
[2022-11-22 00:50:18,703] {logging_mixin.py:115} INFO - [2022-11-22 00:50:18,703] {dag.py:2972} INFO - Setting next_dagrun for extract_data_from_ftp_to_s3 to 2022-11-21T23:00:00+00:00, run_after=2022-11-22T00:00:00+00:00
[2022-11-22 00:50:18,739] {processor.py:161} INFO - Processing /opt/airflow/dags/extract_data_from_ftp_to_s3.py took 0.846 seconds
[2022-11-22 00:50:49,008] {processor.py:153} INFO - Started process (PID=899) to work on /opt/airflow/dags/extract_data_from_ftp_to_s3.py
[2022-11-22 00:50:49,009] {processor.py:641} INFO - Processing file /opt/airflow/dags/extract_data_from_ftp_to_s3.py for tasks to queue
[2022-11-22 00:50:49,010] {logging_mixin.py:115} INFO - [2022-11-22 00:50:49,010] {dagbag.py:508} INFO - Filling up the DagBag from /opt/airflow/dags/extract_data_from_ftp_to_s3.py
[2022-11-22 00:50:49,447] {processor.py:651} INFO - DAG(s) dict_keys(['extract_data_from_ftp_to_s3']) retrieved from /opt/airflow/dags/extract_data_from_ftp_to_s3.py
[2022-11-22 00:50:49,483] {logging_mixin.py:115} INFO - [2022-11-22 00:50:49,483] {dag.py:2420} INFO - Sync 1 DAGs
[2022-11-22 00:50:49,530] {logging_mixin.py:115} INFO - [2022-11-22 00:50:49,530] {dag.py:2972} INFO - Setting next_dagrun for extract_data_from_ftp_to_s3 to 2022-11-21T23:00:00+00:00, run_after=2022-11-22T00:00:00+00:00
[2022-11-22 00:50:49,556] {processor.py:161} INFO - Processing /opt/airflow/dags/extract_data_from_ftp_to_s3.py took 0.555 seconds
[2022-11-22 00:51:19,905] {processor.py:153} INFO - Started process (PID=953) to work on /opt/airflow/dags/extract_data_from_ftp_to_s3.py
[2022-11-22 00:51:19,909] {processor.py:641} INFO - Processing file /opt/airflow/dags/extract_data_from_ftp_to_s3.py for tasks to queue
[2022-11-22 00:51:19,911] {logging_mixin.py:115} INFO - [2022-11-22 00:51:19,911] {dagbag.py:508} INFO - Filling up the DagBag from /opt/airflow/dags/extract_data_from_ftp_to_s3.py
[2022-11-22 00:51:20,371] {processor.py:651} INFO - DAG(s) dict_keys(['extract_data_from_ftp_to_s3']) retrieved from /opt/airflow/dags/extract_data_from_ftp_to_s3.py
[2022-11-22 00:51:20,406] {logging_mixin.py:115} INFO - [2022-11-22 00:51:20,406] {dag.py:2420} INFO - Sync 1 DAGs
[2022-11-22 00:51:20,453] {logging_mixin.py:115} INFO - [2022-11-22 00:51:20,452] {dag.py:2972} INFO - Setting next_dagrun for extract_data_from_ftp_to_s3 to 2022-11-21T23:00:00+00:00, run_after=2022-11-22T00:00:00+00:00
[2022-11-22 00:51:20,481] {processor.py:161} INFO - Processing /opt/airflow/dags/extract_data_from_ftp_to_s3.py took 0.584 seconds
[2022-11-22 00:51:51,423] {processor.py:153} INFO - Started process (PID=1016) to work on /opt/airflow/dags/extract_data_from_ftp_to_s3.py
[2022-11-22 00:51:51,425] {processor.py:641} INFO - Processing file /opt/airflow/dags/extract_data_from_ftp_to_s3.py for tasks to queue
[2022-11-22 00:51:51,426] {logging_mixin.py:115} INFO - [2022-11-22 00:51:51,426] {dagbag.py:508} INFO - Filling up the DagBag from /opt/airflow/dags/extract_data_from_ftp_to_s3.py
[2022-11-22 00:51:51,905] {processor.py:651} INFO - DAG(s) dict_keys(['extract_data_from_ftp_to_s3']) retrieved from /opt/airflow/dags/extract_data_from_ftp_to_s3.py
[2022-11-22 00:51:51,939] {logging_mixin.py:115} INFO - [2022-11-22 00:51:51,938] {dag.py:2420} INFO - Sync 1 DAGs
[2022-11-22 00:51:51,990] {logging_mixin.py:115} INFO - [2022-11-22 00:51:51,989] {dag.py:2972} INFO - Setting next_dagrun for extract_data_from_ftp_to_s3 to 2022-11-21T23:00:00+00:00, run_after=2022-11-22T00:00:00+00:00
[2022-11-22 00:51:52,015] {processor.py:161} INFO - Processing /opt/airflow/dags/extract_data_from_ftp_to_s3.py took 0.602 seconds
[2022-11-22 00:52:22,251] {processor.py:153} INFO - Started process (PID=1070) to work on /opt/airflow/dags/extract_data_from_ftp_to_s3.py
[2022-11-22 00:52:22,253] {processor.py:641} INFO - Processing file /opt/airflow/dags/extract_data_from_ftp_to_s3.py for tasks to queue
[2022-11-22 00:52:22,255] {logging_mixin.py:115} INFO - [2022-11-22 00:52:22,254] {dagbag.py:508} INFO - Filling up the DagBag from /opt/airflow/dags/extract_data_from_ftp_to_s3.py
[2022-11-22 00:52:22,747] {processor.py:651} INFO - DAG(s) dict_keys(['extract_data_from_ftp_to_s3']) retrieved from /opt/airflow/dags/extract_data_from_ftp_to_s3.py
[2022-11-22 00:52:22,790] {logging_mixin.py:115} INFO - [2022-11-22 00:52:22,790] {dag.py:2420} INFO - Sync 1 DAGs
[2022-11-22 00:52:22,830] {logging_mixin.py:115} INFO - [2022-11-22 00:52:22,830] {dag.py:2972} INFO - Setting next_dagrun for extract_data_from_ftp_to_s3 to 2022-11-21T23:00:00+00:00, run_after=2022-11-22T00:00:00+00:00
[2022-11-22 00:52:22,850] {processor.py:161} INFO - Processing /opt/airflow/dags/extract_data_from_ftp_to_s3.py took 0.607 seconds
[2022-11-22 00:52:53,389] {processor.py:153} INFO - Started process (PID=1124) to work on /opt/airflow/dags/extract_data_from_ftp_to_s3.py
[2022-11-22 00:52:53,399] {processor.py:641} INFO - Processing file /opt/airflow/dags/extract_data_from_ftp_to_s3.py for tasks to queue
[2022-11-22 00:52:53,400] {logging_mixin.py:115} INFO - [2022-11-22 00:52:53,400] {dagbag.py:508} INFO - Filling up the DagBag from /opt/airflow/dags/extract_data_from_ftp_to_s3.py
[2022-11-22 00:52:53,819] {processor.py:651} INFO - DAG(s) dict_keys(['extract_data_from_ftp_to_s3']) retrieved from /opt/airflow/dags/extract_data_from_ftp_to_s3.py
[2022-11-22 00:52:53,857] {logging_mixin.py:115} INFO - [2022-11-22 00:52:53,856] {dag.py:2420} INFO - Sync 1 DAGs
[2022-11-22 00:52:53,917] {logging_mixin.py:115} INFO - [2022-11-22 00:52:53,916] {dag.py:2972} INFO - Setting next_dagrun for extract_data_from_ftp_to_s3 to 2022-11-21T23:00:00+00:00, run_after=2022-11-22T00:00:00+00:00
[2022-11-22 00:52:53,954] {processor.py:161} INFO - Processing /opt/airflow/dags/extract_data_from_ftp_to_s3.py took 0.571 seconds
[2022-11-22 00:53:24,454] {processor.py:153} INFO - Started process (PID=1187) to work on /opt/airflow/dags/extract_data_from_ftp_to_s3.py
[2022-11-22 00:53:24,455] {processor.py:641} INFO - Processing file /opt/airflow/dags/extract_data_from_ftp_to_s3.py for tasks to queue
[2022-11-22 00:53:24,456] {logging_mixin.py:115} INFO - [2022-11-22 00:53:24,456] {dagbag.py:508} INFO - Filling up the DagBag from /opt/airflow/dags/extract_data_from_ftp_to_s3.py
[2022-11-22 00:53:24,926] {processor.py:651} INFO - DAG(s) dict_keys(['extract_data_from_ftp_to_s3']) retrieved from /opt/airflow/dags/extract_data_from_ftp_to_s3.py
[2022-11-22 00:53:24,969] {logging_mixin.py:115} INFO - [2022-11-22 00:53:24,968] {dag.py:2420} INFO - Sync 1 DAGs
[2022-11-22 00:53:25,016] {logging_mixin.py:115} INFO - [2022-11-22 00:53:25,016] {dag.py:2972} INFO - Setting next_dagrun for extract_data_from_ftp_to_s3 to 2022-11-21T23:00:00+00:00, run_after=2022-11-22T00:00:00+00:00
[2022-11-22 00:53:25,040] {processor.py:161} INFO - Processing /opt/airflow/dags/extract_data_from_ftp_to_s3.py took 0.593 seconds
[2022-11-22 00:53:55,769] {processor.py:153} INFO - Started process (PID=1242) to work on /opt/airflow/dags/extract_data_from_ftp_to_s3.py
[2022-11-22 00:53:55,771] {processor.py:641} INFO - Processing file /opt/airflow/dags/extract_data_from_ftp_to_s3.py for tasks to queue
[2022-11-22 00:53:55,772] {logging_mixin.py:115} INFO - [2022-11-22 00:53:55,772] {dagbag.py:508} INFO - Filling up the DagBag from /opt/airflow/dags/extract_data_from_ftp_to_s3.py
[2022-11-22 00:53:56,309] {processor.py:651} INFO - DAG(s) dict_keys(['extract_data_from_ftp_to_s3']) retrieved from /opt/airflow/dags/extract_data_from_ftp_to_s3.py
[2022-11-22 00:53:56,352] {logging_mixin.py:115} INFO - [2022-11-22 00:53:56,351] {dag.py:2420} INFO - Sync 1 DAGs
[2022-11-22 00:53:56,411] {logging_mixin.py:115} INFO - [2022-11-22 00:53:56,411] {dag.py:2972} INFO - Setting next_dagrun for extract_data_from_ftp_to_s3 to 2022-11-21T23:00:00+00:00, run_after=2022-11-22T00:00:00+00:00
[2022-11-22 00:53:56,431] {processor.py:161} INFO - Processing /opt/airflow/dags/extract_data_from_ftp_to_s3.py took 0.668 seconds
[2022-11-22 00:54:26,846] {processor.py:153} INFO - Started process (PID=1306) to work on /opt/airflow/dags/extract_data_from_ftp_to_s3.py
[2022-11-22 00:54:26,847] {processor.py:641} INFO - Processing file /opt/airflow/dags/extract_data_from_ftp_to_s3.py for tasks to queue
[2022-11-22 00:54:26,848] {logging_mixin.py:115} INFO - [2022-11-22 00:54:26,848] {dagbag.py:508} INFO - Filling up the DagBag from /opt/airflow/dags/extract_data_from_ftp_to_s3.py
[2022-11-22 00:54:27,299] {processor.py:651} INFO - DAG(s) dict_keys(['extract_data_from_ftp_to_s3']) retrieved from /opt/airflow/dags/extract_data_from_ftp_to_s3.py
[2022-11-22 00:54:27,335] {logging_mixin.py:115} INFO - [2022-11-22 00:54:27,334] {dag.py:2420} INFO - Sync 1 DAGs
[2022-11-22 00:54:27,389] {logging_mixin.py:115} INFO - [2022-11-22 00:54:27,388] {dag.py:2972} INFO - Setting next_dagrun for extract_data_from_ftp_to_s3 to 2022-11-21T23:00:00+00:00, run_after=2022-11-22T00:00:00+00:00
[2022-11-22 00:54:27,417] {processor.py:161} INFO - Processing /opt/airflow/dags/extract_data_from_ftp_to_s3.py took 0.576 seconds
[2022-11-22 00:54:57,586] {processor.py:153} INFO - Started process (PID=1361) to work on /opt/airflow/dags/extract_data_from_ftp_to_s3.py
[2022-11-22 00:54:57,587] {processor.py:641} INFO - Processing file /opt/airflow/dags/extract_data_from_ftp_to_s3.py for tasks to queue
[2022-11-22 00:54:57,588] {logging_mixin.py:115} INFO - [2022-11-22 00:54:57,588] {dagbag.py:508} INFO - Filling up the DagBag from /opt/airflow/dags/extract_data_from_ftp_to_s3.py
[2022-11-22 00:54:58,029] {processor.py:651} INFO - DAG(s) dict_keys(['extract_data_from_ftp_to_s3']) retrieved from /opt/airflow/dags/extract_data_from_ftp_to_s3.py
[2022-11-22 00:54:58,068] {logging_mixin.py:115} INFO - [2022-11-22 00:54:58,068] {dag.py:2420} INFO - Sync 1 DAGs
[2022-11-22 00:54:58,119] {logging_mixin.py:115} INFO - [2022-11-22 00:54:58,118] {dag.py:2972} INFO - Setting next_dagrun for extract_data_from_ftp_to_s3 to 2022-11-21T23:00:00+00:00, run_after=2022-11-22T00:00:00+00:00
[2022-11-22 00:54:58,144] {processor.py:161} INFO - Processing /opt/airflow/dags/extract_data_from_ftp_to_s3.py took 0.562 seconds
[2022-11-22 00:55:28,330] {processor.py:153} INFO - Started process (PID=1416) to work on /opt/airflow/dags/extract_data_from_ftp_to_s3.py
[2022-11-22 00:55:28,331] {processor.py:641} INFO - Processing file /opt/airflow/dags/extract_data_from_ftp_to_s3.py for tasks to queue
[2022-11-22 00:55:28,332] {logging_mixin.py:115} INFO - [2022-11-22 00:55:28,332] {dagbag.py:508} INFO - Filling up the DagBag from /opt/airflow/dags/extract_data_from_ftp_to_s3.py
[2022-11-22 00:55:28,788] {processor.py:651} INFO - DAG(s) dict_keys(['extract_data_from_ftp_to_s3']) retrieved from /opt/airflow/dags/extract_data_from_ftp_to_s3.py
[2022-11-22 00:55:28,834] {logging_mixin.py:115} INFO - [2022-11-22 00:55:28,834] {dag.py:2420} INFO - Sync 1 DAGs
[2022-11-22 00:55:28,889] {logging_mixin.py:115} INFO - [2022-11-22 00:55:28,889] {dag.py:2972} INFO - Setting next_dagrun for extract_data_from_ftp_to_s3 to 2022-11-21T23:00:00+00:00, run_after=2022-11-22T00:00:00+00:00
[2022-11-22 00:55:28,920] {processor.py:161} INFO - Processing /opt/airflow/dags/extract_data_from_ftp_to_s3.py took 0.595 seconds
[2022-11-22 00:55:59,270] {processor.py:153} INFO - Started process (PID=1479) to work on /opt/airflow/dags/extract_data_from_ftp_to_s3.py
[2022-11-22 00:55:59,271] {processor.py:641} INFO - Processing file /opt/airflow/dags/extract_data_from_ftp_to_s3.py for tasks to queue
[2022-11-22 00:55:59,272] {logging_mixin.py:115} INFO - [2022-11-22 00:55:59,272] {dagbag.py:508} INFO - Filling up the DagBag from /opt/airflow/dags/extract_data_from_ftp_to_s3.py
[2022-11-22 00:55:59,957] {processor.py:651} INFO - DAG(s) dict_keys(['extract_data_from_ftp_to_s3']) retrieved from /opt/airflow/dags/extract_data_from_ftp_to_s3.py
[2022-11-22 00:56:00,018] {logging_mixin.py:115} INFO - [2022-11-22 00:56:00,018] {dag.py:2420} INFO - Sync 1 DAGs
[2022-11-22 00:56:00,110] {logging_mixin.py:115} INFO - [2022-11-22 00:56:00,109] {dag.py:2972} INFO - Setting next_dagrun for extract_data_from_ftp_to_s3 to 2022-11-21T23:00:00+00:00, run_after=2022-11-22T00:00:00+00:00
[2022-11-22 00:56:00,140] {processor.py:161} INFO - Processing /opt/airflow/dags/extract_data_from_ftp_to_s3.py took 0.875 seconds
[2022-11-22 00:56:30,240] {processor.py:153} INFO - Started process (PID=1531) to work on /opt/airflow/dags/extract_data_from_ftp_to_s3.py
[2022-11-22 00:56:30,241] {processor.py:641} INFO - Processing file /opt/airflow/dags/extract_data_from_ftp_to_s3.py for tasks to queue
[2022-11-22 00:56:30,242] {logging_mixin.py:115} INFO - [2022-11-22 00:56:30,242] {dagbag.py:508} INFO - Filling up the DagBag from /opt/airflow/dags/extract_data_from_ftp_to_s3.py
[2022-11-22 00:56:30,783] {processor.py:651} INFO - DAG(s) dict_keys(['extract_data_from_ftp_to_s3']) retrieved from /opt/airflow/dags/extract_data_from_ftp_to_s3.py
[2022-11-22 00:56:30,843] {logging_mixin.py:115} INFO - [2022-11-22 00:56:30,842] {dag.py:2420} INFO - Sync 1 DAGs
[2022-11-22 00:56:30,914] {logging_mixin.py:115} INFO - [2022-11-22 00:56:30,914] {dag.py:2972} INFO - Setting next_dagrun for extract_data_from_ftp_to_s3 to 2022-11-21T23:00:00+00:00, run_after=2022-11-22T00:00:00+00:00
[2022-11-22 00:56:30,952] {processor.py:161} INFO - Processing /opt/airflow/dags/extract_data_from_ftp_to_s3.py took 0.718 seconds
[2022-11-22 00:57:01,142] {processor.py:153} INFO - Started process (PID=1584) to work on /opt/airflow/dags/extract_data_from_ftp_to_s3.py
[2022-11-22 00:57:01,143] {processor.py:641} INFO - Processing file /opt/airflow/dags/extract_data_from_ftp_to_s3.py for tasks to queue
[2022-11-22 00:57:01,144] {logging_mixin.py:115} INFO - [2022-11-22 00:57:01,144] {dagbag.py:508} INFO - Filling up the DagBag from /opt/airflow/dags/extract_data_from_ftp_to_s3.py
[2022-11-22 00:57:01,632] {processor.py:651} INFO - DAG(s) dict_keys(['extract_data_from_ftp_to_s3']) retrieved from /opt/airflow/dags/extract_data_from_ftp_to_s3.py
[2022-11-22 00:57:01,672] {logging_mixin.py:115} INFO - [2022-11-22 00:57:01,672] {dag.py:2420} INFO - Sync 1 DAGs
[2022-11-22 00:57:01,733] {logging_mixin.py:115} INFO - [2022-11-22 00:57:01,733] {dag.py:2972} INFO - Setting next_dagrun for extract_data_from_ftp_to_s3 to 2022-11-21T23:00:00+00:00, run_after=2022-11-22T00:00:00+00:00
[2022-11-22 00:57:01,756] {processor.py:161} INFO - Processing /opt/airflow/dags/extract_data_from_ftp_to_s3.py took 0.619 seconds
[2022-11-22 00:57:31,847] {processor.py:153} INFO - Started process (PID=1645) to work on /opt/airflow/dags/extract_data_from_ftp_to_s3.py
[2022-11-22 00:57:31,850] {processor.py:641} INFO - Processing file /opt/airflow/dags/extract_data_from_ftp_to_s3.py for tasks to queue
[2022-11-22 00:57:31,853] {logging_mixin.py:115} INFO - [2022-11-22 00:57:31,852] {dagbag.py:508} INFO - Filling up the DagBag from /opt/airflow/dags/extract_data_from_ftp_to_s3.py
[2022-11-22 00:57:32,341] {processor.py:651} INFO - DAG(s) dict_keys(['extract_data_from_ftp_to_s3']) retrieved from /opt/airflow/dags/extract_data_from_ftp_to_s3.py
[2022-11-22 00:57:32,378] {logging_mixin.py:115} INFO - [2022-11-22 00:57:32,378] {dag.py:2420} INFO - Sync 1 DAGs
[2022-11-22 00:57:32,419] {logging_mixin.py:115} INFO - [2022-11-22 00:57:32,419] {dag.py:2972} INFO - Setting next_dagrun for extract_data_from_ftp_to_s3 to 2022-11-21T23:00:00+00:00, run_after=2022-11-22T00:00:00+00:00
[2022-11-22 00:57:32,441] {processor.py:161} INFO - Processing /opt/airflow/dags/extract_data_from_ftp_to_s3.py took 0.627 seconds
[2022-11-22 00:58:03,200] {processor.py:153} INFO - Started process (PID=1701) to work on /opt/airflow/dags/extract_data_from_ftp_to_s3.py
[2022-11-22 00:58:03,201] {processor.py:641} INFO - Processing file /opt/airflow/dags/extract_data_from_ftp_to_s3.py for tasks to queue
[2022-11-22 00:58:03,204] {logging_mixin.py:115} INFO - [2022-11-22 00:58:03,203] {dagbag.py:508} INFO - Filling up the DagBag from /opt/airflow/dags/extract_data_from_ftp_to_s3.py
[2022-11-22 00:58:03,862] {processor.py:651} INFO - DAG(s) dict_keys(['extract_data_from_ftp_to_s3']) retrieved from /opt/airflow/dags/extract_data_from_ftp_to_s3.py
[2022-11-22 00:58:03,901] {logging_mixin.py:115} INFO - [2022-11-22 00:58:03,901] {dag.py:2420} INFO - Sync 1 DAGs
[2022-11-22 00:58:03,952] {logging_mixin.py:115} INFO - [2022-11-22 00:58:03,952] {dag.py:2972} INFO - Setting next_dagrun for extract_data_from_ftp_to_s3 to 2022-11-21T23:00:00+00:00, run_after=2022-11-22T00:00:00+00:00
[2022-11-22 00:58:03,975] {processor.py:161} INFO - Processing /opt/airflow/dags/extract_data_from_ftp_to_s3.py took 0.788 seconds
