[2022-11-22 00:43:12,253] {processor.py:153} INFO - Started process (PID=79) to work on /home/airflow/.local/lib/python3.7/site-packages/airflow/example_dags/example_short_circuit_operator.py
[2022-11-22 00:43:12,254] {processor.py:641} INFO - Processing file /home/airflow/.local/lib/python3.7/site-packages/airflow/example_dags/example_short_circuit_operator.py for tasks to queue
[2022-11-22 00:43:12,255] {logging_mixin.py:115} INFO - [2022-11-22 00:43:12,255] {dagbag.py:508} INFO - Filling up the DagBag from /home/airflow/.local/lib/python3.7/site-packages/airflow/example_dags/example_short_circuit_operator.py
[2022-11-22 00:43:12,300] {processor.py:651} INFO - DAG(s) dict_keys(['example_short_circuit_operator']) retrieved from /home/airflow/.local/lib/python3.7/site-packages/airflow/example_dags/example_short_circuit_operator.py
[2022-11-22 00:43:12,385] {logging_mixin.py:115} INFO - [2022-11-22 00:43:12,385] {dag.py:2420} INFO - Sync 1 DAGs
[2022-11-22 00:43:12,968] {logging_mixin.py:115} INFO - [2022-11-22 00:43:12,966] {dag.py:2972} INFO - Setting next_dagrun for example_short_circuit_operator to 2022-11-21T00:43:12.966032+00:00, run_after=2022-11-22T00:43:12.966032+00:00
[2022-11-22 00:43:13,045] {processor.py:161} INFO - Processing /home/airflow/.local/lib/python3.7/site-packages/airflow/example_dags/example_short_circuit_operator.py took 0.800 seconds
[2022-11-22 00:43:43,113] {processor.py:153} INFO - Started process (PID=129) to work on /home/airflow/.local/lib/python3.7/site-packages/airflow/example_dags/example_short_circuit_operator.py
[2022-11-22 00:43:43,117] {processor.py:641} INFO - Processing file /home/airflow/.local/lib/python3.7/site-packages/airflow/example_dags/example_short_circuit_operator.py for tasks to queue
[2022-11-22 00:43:43,119] {logging_mixin.py:115} INFO - [2022-11-22 00:43:43,119] {dagbag.py:508} INFO - Filling up the DagBag from /home/airflow/.local/lib/python3.7/site-packages/airflow/example_dags/example_short_circuit_operator.py
[2022-11-22 00:43:43,153] {processor.py:651} INFO - DAG(s) dict_keys(['example_short_circuit_operator']) retrieved from /home/airflow/.local/lib/python3.7/site-packages/airflow/example_dags/example_short_circuit_operator.py
[2022-11-22 00:43:43,270] {logging_mixin.py:115} INFO - [2022-11-22 00:43:43,269] {dag.py:2420} INFO - Sync 1 DAGs
[2022-11-22 00:43:43,681] {logging_mixin.py:115} INFO - [2022-11-22 00:43:43,680] {dag.py:2972} INFO - Setting next_dagrun for example_short_circuit_operator to 2022-11-21T00:43:43.680490+00:00, run_after=2022-11-22T00:43:43.680490+00:00
[2022-11-22 00:43:43,720] {processor.py:161} INFO - Processing /home/airflow/.local/lib/python3.7/site-packages/airflow/example_dags/example_short_circuit_operator.py took 0.615 seconds
[2022-11-22 00:44:13,895] {processor.py:153} INFO - Started process (PID=184) to work on /home/airflow/.local/lib/python3.7/site-packages/airflow/example_dags/example_short_circuit_operator.py
[2022-11-22 00:44:13,897] {processor.py:641} INFO - Processing file /home/airflow/.local/lib/python3.7/site-packages/airflow/example_dags/example_short_circuit_operator.py for tasks to queue
[2022-11-22 00:44:13,898] {logging_mixin.py:115} INFO - [2022-11-22 00:44:13,898] {dagbag.py:508} INFO - Filling up the DagBag from /home/airflow/.local/lib/python3.7/site-packages/airflow/example_dags/example_short_circuit_operator.py
[2022-11-22 00:44:13,922] {processor.py:651} INFO - DAG(s) dict_keys(['example_short_circuit_operator']) retrieved from /home/airflow/.local/lib/python3.7/site-packages/airflow/example_dags/example_short_circuit_operator.py
[2022-11-22 00:44:13,997] {logging_mixin.py:115} INFO - [2022-11-22 00:44:13,997] {dag.py:2420} INFO - Sync 1 DAGs
[2022-11-22 00:44:14,327] {logging_mixin.py:115} INFO - [2022-11-22 00:44:14,327] {dag.py:2972} INFO - Setting next_dagrun for example_short_circuit_operator to 2022-11-21T00:44:14.327079+00:00, run_after=2022-11-22T00:44:14.327079+00:00
[2022-11-22 00:44:14,361] {processor.py:161} INFO - Processing /home/airflow/.local/lib/python3.7/site-packages/airflow/example_dags/example_short_circuit_operator.py took 0.473 seconds
[2022-11-22 00:44:44,439] {processor.py:153} INFO - Started process (PID=238) to work on /home/airflow/.local/lib/python3.7/site-packages/airflow/example_dags/example_short_circuit_operator.py
[2022-11-22 00:44:44,443] {processor.py:641} INFO - Processing file /home/airflow/.local/lib/python3.7/site-packages/airflow/example_dags/example_short_circuit_operator.py for tasks to queue
[2022-11-22 00:44:44,445] {logging_mixin.py:115} INFO - [2022-11-22 00:44:44,445] {dagbag.py:508} INFO - Filling up the DagBag from /home/airflow/.local/lib/python3.7/site-packages/airflow/example_dags/example_short_circuit_operator.py
[2022-11-22 00:44:44,473] {processor.py:651} INFO - DAG(s) dict_keys(['example_short_circuit_operator']) retrieved from /home/airflow/.local/lib/python3.7/site-packages/airflow/example_dags/example_short_circuit_operator.py
[2022-11-22 00:44:44,547] {logging_mixin.py:115} INFO - [2022-11-22 00:44:44,547] {dag.py:2420} INFO - Sync 1 DAGs
[2022-11-22 00:44:44,863] {logging_mixin.py:115} INFO - [2022-11-22 00:44:44,863] {dag.py:2972} INFO - Setting next_dagrun for example_short_circuit_operator to 2022-11-21T00:44:44.862738+00:00, run_after=2022-11-22T00:44:44.862738+00:00
[2022-11-22 00:44:44,892] {processor.py:161} INFO - Processing /home/airflow/.local/lib/python3.7/site-packages/airflow/example_dags/example_short_circuit_operator.py took 0.460 seconds
[2022-11-22 00:45:14,933] {processor.py:153} INFO - Started process (PID=292) to work on /home/airflow/.local/lib/python3.7/site-packages/airflow/example_dags/example_short_circuit_operator.py
[2022-11-22 00:45:14,933] {processor.py:641} INFO - Processing file /home/airflow/.local/lib/python3.7/site-packages/airflow/example_dags/example_short_circuit_operator.py for tasks to queue
[2022-11-22 00:45:14,935] {logging_mixin.py:115} INFO - [2022-11-22 00:45:14,934] {dagbag.py:508} INFO - Filling up the DagBag from /home/airflow/.local/lib/python3.7/site-packages/airflow/example_dags/example_short_circuit_operator.py
[2022-11-22 00:45:14,954] {processor.py:651} INFO - DAG(s) dict_keys(['example_short_circuit_operator']) retrieved from /home/airflow/.local/lib/python3.7/site-packages/airflow/example_dags/example_short_circuit_operator.py
[2022-11-22 00:45:15,005] {logging_mixin.py:115} INFO - [2022-11-22 00:45:15,005] {dag.py:2420} INFO - Sync 1 DAGs
[2022-11-22 00:45:15,200] {logging_mixin.py:115} INFO - [2022-11-22 00:45:15,200] {dag.py:2972} INFO - Setting next_dagrun for example_short_circuit_operator to 2022-11-21T00:45:15.199808+00:00, run_after=2022-11-22T00:45:15.199808+00:00
[2022-11-22 00:45:15,222] {processor.py:161} INFO - Processing /home/airflow/.local/lib/python3.7/site-packages/airflow/example_dags/example_short_circuit_operator.py took 0.293 seconds
[2022-11-22 00:45:45,492] {processor.py:153} INFO - Started process (PID=355) to work on /home/airflow/.local/lib/python3.7/site-packages/airflow/example_dags/example_short_circuit_operator.py
[2022-11-22 00:45:45,493] {processor.py:641} INFO - Processing file /home/airflow/.local/lib/python3.7/site-packages/airflow/example_dags/example_short_circuit_operator.py for tasks to queue
[2022-11-22 00:45:45,494] {logging_mixin.py:115} INFO - [2022-11-22 00:45:45,493] {dagbag.py:508} INFO - Filling up the DagBag from /home/airflow/.local/lib/python3.7/site-packages/airflow/example_dags/example_short_circuit_operator.py
[2022-11-22 00:45:45,506] {processor.py:651} INFO - DAG(s) dict_keys(['example_short_circuit_operator']) retrieved from /home/airflow/.local/lib/python3.7/site-packages/airflow/example_dags/example_short_circuit_operator.py
[2022-11-22 00:45:45,556] {logging_mixin.py:115} INFO - [2022-11-22 00:45:45,555] {dag.py:2420} INFO - Sync 1 DAGs
[2022-11-22 00:45:45,799] {logging_mixin.py:115} INFO - [2022-11-22 00:45:45,799] {dag.py:2972} INFO - Setting next_dagrun for example_short_circuit_operator to 2022-11-21T00:45:45.799110+00:00, run_after=2022-11-22T00:45:45.799110+00:00
[2022-11-22 00:45:45,829] {processor.py:161} INFO - Processing /home/airflow/.local/lib/python3.7/site-packages/airflow/example_dags/example_short_circuit_operator.py took 0.341 seconds
[2022-11-22 00:46:16,027] {processor.py:153} INFO - Started process (PID=409) to work on /home/airflow/.local/lib/python3.7/site-packages/airflow/example_dags/example_short_circuit_operator.py
[2022-11-22 00:46:16,028] {processor.py:641} INFO - Processing file /home/airflow/.local/lib/python3.7/site-packages/airflow/example_dags/example_short_circuit_operator.py for tasks to queue
[2022-11-22 00:46:16,029] {logging_mixin.py:115} INFO - [2022-11-22 00:46:16,028] {dagbag.py:508} INFO - Filling up the DagBag from /home/airflow/.local/lib/python3.7/site-packages/airflow/example_dags/example_short_circuit_operator.py
[2022-11-22 00:46:16,041] {processor.py:651} INFO - DAG(s) dict_keys(['example_short_circuit_operator']) retrieved from /home/airflow/.local/lib/python3.7/site-packages/airflow/example_dags/example_short_circuit_operator.py
[2022-11-22 00:46:16,094] {logging_mixin.py:115} INFO - [2022-11-22 00:46:16,094] {dag.py:2420} INFO - Sync 1 DAGs
[2022-11-22 00:46:16,297] {logging_mixin.py:115} INFO - [2022-11-22 00:46:16,297] {dag.py:2972} INFO - Setting next_dagrun for example_short_circuit_operator to 2022-11-21T00:46:16.296965+00:00, run_after=2022-11-22T00:46:16.296965+00:00
[2022-11-22 00:46:16,324] {processor.py:161} INFO - Processing /home/airflow/.local/lib/python3.7/site-packages/airflow/example_dags/example_short_circuit_operator.py took 0.301 seconds
[2022-11-22 00:46:46,996] {processor.py:153} INFO - Started process (PID=463) to work on /home/airflow/.local/lib/python3.7/site-packages/airflow/example_dags/example_short_circuit_operator.py
[2022-11-22 00:46:46,997] {processor.py:641} INFO - Processing file /home/airflow/.local/lib/python3.7/site-packages/airflow/example_dags/example_short_circuit_operator.py for tasks to queue
[2022-11-22 00:46:46,998] {logging_mixin.py:115} INFO - [2022-11-22 00:46:46,998] {dagbag.py:508} INFO - Filling up the DagBag from /home/airflow/.local/lib/python3.7/site-packages/airflow/example_dags/example_short_circuit_operator.py
[2022-11-22 00:46:47,024] {processor.py:651} INFO - DAG(s) dict_keys(['example_short_circuit_operator']) retrieved from /home/airflow/.local/lib/python3.7/site-packages/airflow/example_dags/example_short_circuit_operator.py
[2022-11-22 00:46:47,090] {logging_mixin.py:115} INFO - [2022-11-22 00:46:47,090] {dag.py:2420} INFO - Sync 1 DAGs
[2022-11-22 00:46:47,437] {logging_mixin.py:115} INFO - [2022-11-22 00:46:47,437] {dag.py:2972} INFO - Setting next_dagrun for example_short_circuit_operator to 2022-11-21T00:46:47.437038+00:00, run_after=2022-11-22T00:46:47.437038+00:00
[2022-11-22 00:46:47,477] {processor.py:161} INFO - Processing /home/airflow/.local/lib/python3.7/site-packages/airflow/example_dags/example_short_circuit_operator.py took 0.487 seconds
[2022-11-22 00:47:17,791] {processor.py:153} INFO - Started process (PID=527) to work on /home/airflow/.local/lib/python3.7/site-packages/airflow/example_dags/example_short_circuit_operator.py
[2022-11-22 00:47:17,791] {processor.py:641} INFO - Processing file /home/airflow/.local/lib/python3.7/site-packages/airflow/example_dags/example_short_circuit_operator.py for tasks to queue
[2022-11-22 00:47:17,792] {logging_mixin.py:115} INFO - [2022-11-22 00:47:17,792] {dagbag.py:508} INFO - Filling up the DagBag from /home/airflow/.local/lib/python3.7/site-packages/airflow/example_dags/example_short_circuit_operator.py
[2022-11-22 00:47:17,808] {processor.py:651} INFO - DAG(s) dict_keys(['example_short_circuit_operator']) retrieved from /home/airflow/.local/lib/python3.7/site-packages/airflow/example_dags/example_short_circuit_operator.py
[2022-11-22 00:47:17,859] {logging_mixin.py:115} INFO - [2022-11-22 00:47:17,859] {dag.py:2420} INFO - Sync 1 DAGs
[2022-11-22 00:47:18,088] {logging_mixin.py:115} INFO - [2022-11-22 00:47:18,088] {dag.py:2972} INFO - Setting next_dagrun for example_short_circuit_operator to 2022-11-21T00:47:18.087717+00:00, run_after=2022-11-22T00:47:18.087717+00:00
[2022-11-22 00:47:18,107] {processor.py:161} INFO - Processing /home/airflow/.local/lib/python3.7/site-packages/airflow/example_dags/example_short_circuit_operator.py took 0.321 seconds
[2022-11-22 00:47:48,411] {processor.py:153} INFO - Started process (PID=581) to work on /home/airflow/.local/lib/python3.7/site-packages/airflow/example_dags/example_short_circuit_operator.py
[2022-11-22 00:47:48,413] {processor.py:641} INFO - Processing file /home/airflow/.local/lib/python3.7/site-packages/airflow/example_dags/example_short_circuit_operator.py for tasks to queue
[2022-11-22 00:47:48,413] {logging_mixin.py:115} INFO - [2022-11-22 00:47:48,413] {dagbag.py:508} INFO - Filling up the DagBag from /home/airflow/.local/lib/python3.7/site-packages/airflow/example_dags/example_short_circuit_operator.py
[2022-11-22 00:47:48,428] {processor.py:651} INFO - DAG(s) dict_keys(['example_short_circuit_operator']) retrieved from /home/airflow/.local/lib/python3.7/site-packages/airflow/example_dags/example_short_circuit_operator.py
[2022-11-22 00:47:48,506] {logging_mixin.py:115} INFO - [2022-11-22 00:47:48,506] {dag.py:2420} INFO - Sync 1 DAGs
[2022-11-22 00:47:48,780] {logging_mixin.py:115} INFO - [2022-11-22 00:47:48,779] {dag.py:2972} INFO - Setting next_dagrun for example_short_circuit_operator to 2022-11-21T00:47:48.779445+00:00, run_after=2022-11-22T00:47:48.779445+00:00
[2022-11-22 00:47:48,809] {processor.py:161} INFO - Processing /home/airflow/.local/lib/python3.7/site-packages/airflow/example_dags/example_short_circuit_operator.py took 0.403 seconds
[2022-11-22 00:48:19,746] {processor.py:153} INFO - Started process (PID=635) to work on /home/airflow/.local/lib/python3.7/site-packages/airflow/example_dags/example_short_circuit_operator.py
[2022-11-22 00:48:19,747] {processor.py:641} INFO - Processing file /home/airflow/.local/lib/python3.7/site-packages/airflow/example_dags/example_short_circuit_operator.py for tasks to queue
[2022-11-22 00:48:19,748] {logging_mixin.py:115} INFO - [2022-11-22 00:48:19,747] {dagbag.py:508} INFO - Filling up the DagBag from /home/airflow/.local/lib/python3.7/site-packages/airflow/example_dags/example_short_circuit_operator.py
[2022-11-22 00:48:19,769] {processor.py:651} INFO - DAG(s) dict_keys(['example_short_circuit_operator']) retrieved from /home/airflow/.local/lib/python3.7/site-packages/airflow/example_dags/example_short_circuit_operator.py
[2022-11-22 00:48:19,833] {logging_mixin.py:115} INFO - [2022-11-22 00:48:19,833] {dag.py:2420} INFO - Sync 1 DAGs
[2022-11-22 00:48:20,078] {logging_mixin.py:115} INFO - [2022-11-22 00:48:20,078] {dag.py:2972} INFO - Setting next_dagrun for example_short_circuit_operator to 2022-11-21T00:48:20.077692+00:00, run_after=2022-11-22T00:48:20.077692+00:00
[2022-11-22 00:48:20,106] {processor.py:161} INFO - Processing /home/airflow/.local/lib/python3.7/site-packages/airflow/example_dags/example_short_circuit_operator.py took 0.364 seconds
[2022-11-22 00:48:51,151] {processor.py:153} INFO - Started process (PID=698) to work on /home/airflow/.local/lib/python3.7/site-packages/airflow/example_dags/example_short_circuit_operator.py
[2022-11-22 00:48:51,151] {processor.py:641} INFO - Processing file /home/airflow/.local/lib/python3.7/site-packages/airflow/example_dags/example_short_circuit_operator.py for tasks to queue
[2022-11-22 00:48:51,152] {logging_mixin.py:115} INFO - [2022-11-22 00:48:51,152] {dagbag.py:508} INFO - Filling up the DagBag from /home/airflow/.local/lib/python3.7/site-packages/airflow/example_dags/example_short_circuit_operator.py
[2022-11-22 00:48:51,165] {processor.py:651} INFO - DAG(s) dict_keys(['example_short_circuit_operator']) retrieved from /home/airflow/.local/lib/python3.7/site-packages/airflow/example_dags/example_short_circuit_operator.py
[2022-11-22 00:48:51,210] {logging_mixin.py:115} INFO - [2022-11-22 00:48:51,210] {dag.py:2420} INFO - Sync 1 DAGs
[2022-11-22 00:48:51,379] {logging_mixin.py:115} INFO - [2022-11-22 00:48:51,379] {dag.py:2972} INFO - Setting next_dagrun for example_short_circuit_operator to 2022-11-21T00:48:51.378812+00:00, run_after=2022-11-22T00:48:51.378812+00:00
[2022-11-22 00:48:51,396] {processor.py:161} INFO - Processing /home/airflow/.local/lib/python3.7/site-packages/airflow/example_dags/example_short_circuit_operator.py took 0.250 seconds
[2022-11-22 00:49:22,180] {processor.py:153} INFO - Started process (PID=752) to work on /home/airflow/.local/lib/python3.7/site-packages/airflow/example_dags/example_short_circuit_operator.py
[2022-11-22 00:49:22,181] {processor.py:641} INFO - Processing file /home/airflow/.local/lib/python3.7/site-packages/airflow/example_dags/example_short_circuit_operator.py for tasks to queue
[2022-11-22 00:49:22,182] {logging_mixin.py:115} INFO - [2022-11-22 00:49:22,182] {dagbag.py:508} INFO - Filling up the DagBag from /home/airflow/.local/lib/python3.7/site-packages/airflow/example_dags/example_short_circuit_operator.py
[2022-11-22 00:49:22,207] {processor.py:651} INFO - DAG(s) dict_keys(['example_short_circuit_operator']) retrieved from /home/airflow/.local/lib/python3.7/site-packages/airflow/example_dags/example_short_circuit_operator.py
[2022-11-22 00:49:22,276] {logging_mixin.py:115} INFO - [2022-11-22 00:49:22,275] {dag.py:2420} INFO - Sync 1 DAGs
[2022-11-22 00:49:22,573] {logging_mixin.py:115} INFO - [2022-11-22 00:49:22,573] {dag.py:2972} INFO - Setting next_dagrun for example_short_circuit_operator to 2022-11-21T00:49:22.572939+00:00, run_after=2022-11-22T00:49:22.572939+00:00
[2022-11-22 00:49:22,604] {processor.py:161} INFO - Processing /home/airflow/.local/lib/python3.7/site-packages/airflow/example_dags/example_short_circuit_operator.py took 0.432 seconds
[2022-11-22 00:49:53,407] {processor.py:153} INFO - Started process (PID=815) to work on /home/airflow/.local/lib/python3.7/site-packages/airflow/example_dags/example_short_circuit_operator.py
[2022-11-22 00:49:53,408] {processor.py:641} INFO - Processing file /home/airflow/.local/lib/python3.7/site-packages/airflow/example_dags/example_short_circuit_operator.py for tasks to queue
[2022-11-22 00:49:53,409] {logging_mixin.py:115} INFO - [2022-11-22 00:49:53,409] {dagbag.py:508} INFO - Filling up the DagBag from /home/airflow/.local/lib/python3.7/site-packages/airflow/example_dags/example_short_circuit_operator.py
[2022-11-22 00:49:53,427] {processor.py:651} INFO - DAG(s) dict_keys(['example_short_circuit_operator']) retrieved from /home/airflow/.local/lib/python3.7/site-packages/airflow/example_dags/example_short_circuit_operator.py
[2022-11-22 00:49:53,487] {logging_mixin.py:115} INFO - [2022-11-22 00:49:53,486] {dag.py:2420} INFO - Sync 1 DAGs
[2022-11-22 00:49:53,782] {logging_mixin.py:115} INFO - [2022-11-22 00:49:53,782] {dag.py:2972} INFO - Setting next_dagrun for example_short_circuit_operator to 2022-11-21T00:49:53.781655+00:00, run_after=2022-11-22T00:49:53.781655+00:00
[2022-11-22 00:49:53,807] {processor.py:161} INFO - Processing /home/airflow/.local/lib/python3.7/site-packages/airflow/example_dags/example_short_circuit_operator.py took 0.405 seconds
[2022-11-22 00:50:24,326] {processor.py:153} INFO - Started process (PID=869) to work on /home/airflow/.local/lib/python3.7/site-packages/airflow/example_dags/example_short_circuit_operator.py
[2022-11-22 00:50:24,326] {processor.py:641} INFO - Processing file /home/airflow/.local/lib/python3.7/site-packages/airflow/example_dags/example_short_circuit_operator.py for tasks to queue
[2022-11-22 00:50:24,327] {logging_mixin.py:115} INFO - [2022-11-22 00:50:24,327] {dagbag.py:508} INFO - Filling up the DagBag from /home/airflow/.local/lib/python3.7/site-packages/airflow/example_dags/example_short_circuit_operator.py
[2022-11-22 00:50:24,342] {processor.py:651} INFO - DAG(s) dict_keys(['example_short_circuit_operator']) retrieved from /home/airflow/.local/lib/python3.7/site-packages/airflow/example_dags/example_short_circuit_operator.py
[2022-11-22 00:50:24,394] {logging_mixin.py:115} INFO - [2022-11-22 00:50:24,394] {dag.py:2420} INFO - Sync 1 DAGs
[2022-11-22 00:50:24,576] {logging_mixin.py:115} INFO - [2022-11-22 00:50:24,576] {dag.py:2972} INFO - Setting next_dagrun for example_short_circuit_operator to 2022-11-21T00:50:24.576554+00:00, run_after=2022-11-22T00:50:24.576554+00:00
[2022-11-22 00:50:24,594] {processor.py:161} INFO - Processing /home/airflow/.local/lib/python3.7/site-packages/airflow/example_dags/example_short_circuit_operator.py took 0.273 seconds
[2022-11-22 00:50:55,278] {processor.py:153} INFO - Started process (PID=923) to work on /home/airflow/.local/lib/python3.7/site-packages/airflow/example_dags/example_short_circuit_operator.py
[2022-11-22 00:50:55,279] {processor.py:641} INFO - Processing file /home/airflow/.local/lib/python3.7/site-packages/airflow/example_dags/example_short_circuit_operator.py for tasks to queue
[2022-11-22 00:50:55,279] {logging_mixin.py:115} INFO - [2022-11-22 00:50:55,279] {dagbag.py:508} INFO - Filling up the DagBag from /home/airflow/.local/lib/python3.7/site-packages/airflow/example_dags/example_short_circuit_operator.py
[2022-11-22 00:50:55,293] {processor.py:651} INFO - DAG(s) dict_keys(['example_short_circuit_operator']) retrieved from /home/airflow/.local/lib/python3.7/site-packages/airflow/example_dags/example_short_circuit_operator.py
[2022-11-22 00:50:55,338] {logging_mixin.py:115} INFO - [2022-11-22 00:50:55,338] {dag.py:2420} INFO - Sync 1 DAGs
[2022-11-22 00:50:55,529] {logging_mixin.py:115} INFO - [2022-11-22 00:50:55,528] {dag.py:2972} INFO - Setting next_dagrun for example_short_circuit_operator to 2022-11-21T00:50:55.528585+00:00, run_after=2022-11-22T00:50:55.528585+00:00
[2022-11-22 00:50:55,549] {processor.py:161} INFO - Processing /home/airflow/.local/lib/python3.7/site-packages/airflow/example_dags/example_short_circuit_operator.py took 0.277 seconds
[2022-11-22 00:51:26,825] {processor.py:153} INFO - Started process (PID=986) to work on /home/airflow/.local/lib/python3.7/site-packages/airflow/example_dags/example_short_circuit_operator.py
[2022-11-22 00:51:26,827] {processor.py:641} INFO - Processing file /home/airflow/.local/lib/python3.7/site-packages/airflow/example_dags/example_short_circuit_operator.py for tasks to queue
[2022-11-22 00:51:26,827] {logging_mixin.py:115} INFO - [2022-11-22 00:51:26,827] {dagbag.py:508} INFO - Filling up the DagBag from /home/airflow/.local/lib/python3.7/site-packages/airflow/example_dags/example_short_circuit_operator.py
[2022-11-22 00:51:26,844] {processor.py:651} INFO - DAG(s) dict_keys(['example_short_circuit_operator']) retrieved from /home/airflow/.local/lib/python3.7/site-packages/airflow/example_dags/example_short_circuit_operator.py
[2022-11-22 00:51:26,923] {logging_mixin.py:115} INFO - [2022-11-22 00:51:26,922] {dag.py:2420} INFO - Sync 1 DAGs
[2022-11-22 00:51:27,138] {logging_mixin.py:115} INFO - [2022-11-22 00:51:27,138] {dag.py:2972} INFO - Setting next_dagrun for example_short_circuit_operator to 2022-11-21T00:51:27.138354+00:00, run_after=2022-11-22T00:51:27.138354+00:00
[2022-11-22 00:51:27,161] {processor.py:161} INFO - Processing /home/airflow/.local/lib/python3.7/site-packages/airflow/example_dags/example_short_circuit_operator.py took 0.342 seconds
[2022-11-22 00:51:57,287] {processor.py:153} INFO - Started process (PID=1040) to work on /home/airflow/.local/lib/python3.7/site-packages/airflow/example_dags/example_short_circuit_operator.py
[2022-11-22 00:51:57,288] {processor.py:641} INFO - Processing file /home/airflow/.local/lib/python3.7/site-packages/airflow/example_dags/example_short_circuit_operator.py for tasks to queue
[2022-11-22 00:51:57,290] {logging_mixin.py:115} INFO - [2022-11-22 00:51:57,290] {dagbag.py:508} INFO - Filling up the DagBag from /home/airflow/.local/lib/python3.7/site-packages/airflow/example_dags/example_short_circuit_operator.py
[2022-11-22 00:51:57,317] {processor.py:651} INFO - DAG(s) dict_keys(['example_short_circuit_operator']) retrieved from /home/airflow/.local/lib/python3.7/site-packages/airflow/example_dags/example_short_circuit_operator.py
[2022-11-22 00:51:57,393] {logging_mixin.py:115} INFO - [2022-11-22 00:51:57,392] {dag.py:2420} INFO - Sync 1 DAGs
[2022-11-22 00:51:57,709] {logging_mixin.py:115} INFO - [2022-11-22 00:51:57,709] {dag.py:2972} INFO - Setting next_dagrun for example_short_circuit_operator to 2022-11-21T00:51:57.709420+00:00, run_after=2022-11-22T00:51:57.709420+00:00
[2022-11-22 00:51:57,737] {processor.py:161} INFO - Processing /home/airflow/.local/lib/python3.7/site-packages/airflow/example_dags/example_short_circuit_operator.py took 0.455 seconds
[2022-11-22 00:52:28,616] {processor.py:153} INFO - Started process (PID=1103) to work on /home/airflow/.local/lib/python3.7/site-packages/airflow/example_dags/example_short_circuit_operator.py
[2022-11-22 00:52:28,617] {processor.py:641} INFO - Processing file /home/airflow/.local/lib/python3.7/site-packages/airflow/example_dags/example_short_circuit_operator.py for tasks to queue
[2022-11-22 00:52:28,618] {logging_mixin.py:115} INFO - [2022-11-22 00:52:28,618] {dagbag.py:508} INFO - Filling up the DagBag from /home/airflow/.local/lib/python3.7/site-packages/airflow/example_dags/example_short_circuit_operator.py
[2022-11-22 00:52:28,635] {processor.py:651} INFO - DAG(s) dict_keys(['example_short_circuit_operator']) retrieved from /home/airflow/.local/lib/python3.7/site-packages/airflow/example_dags/example_short_circuit_operator.py
[2022-11-22 00:52:28,691] {logging_mixin.py:115} INFO - [2022-11-22 00:52:28,691] {dag.py:2420} INFO - Sync 1 DAGs
[2022-11-22 00:52:28,987] {logging_mixin.py:115} INFO - [2022-11-22 00:52:28,987] {dag.py:2972} INFO - Setting next_dagrun for example_short_circuit_operator to 2022-11-21T00:52:28.986727+00:00, run_after=2022-11-22T00:52:28.986727+00:00
[2022-11-22 00:52:29,012] {processor.py:161} INFO - Processing /home/airflow/.local/lib/python3.7/site-packages/airflow/example_dags/example_short_circuit_operator.py took 0.402 seconds
[2022-11-22 00:52:59,875] {processor.py:153} INFO - Started process (PID=1158) to work on /home/airflow/.local/lib/python3.7/site-packages/airflow/example_dags/example_short_circuit_operator.py
[2022-11-22 00:52:59,876] {processor.py:641} INFO - Processing file /home/airflow/.local/lib/python3.7/site-packages/airflow/example_dags/example_short_circuit_operator.py for tasks to queue
[2022-11-22 00:52:59,876] {logging_mixin.py:115} INFO - [2022-11-22 00:52:59,876] {dagbag.py:508} INFO - Filling up the DagBag from /home/airflow/.local/lib/python3.7/site-packages/airflow/example_dags/example_short_circuit_operator.py
[2022-11-22 00:52:59,890] {processor.py:651} INFO - DAG(s) dict_keys(['example_short_circuit_operator']) retrieved from /home/airflow/.local/lib/python3.7/site-packages/airflow/example_dags/example_short_circuit_operator.py
[2022-11-22 00:52:59,953] {logging_mixin.py:115} INFO - [2022-11-22 00:52:59,953] {dag.py:2420} INFO - Sync 1 DAGs
[2022-11-22 00:53:00,238] {logging_mixin.py:115} INFO - [2022-11-22 00:53:00,238] {dag.py:2972} INFO - Setting next_dagrun for example_short_circuit_operator to 2022-11-21T00:53:00.238157+00:00, run_after=2022-11-22T00:53:00.238157+00:00
[2022-11-22 00:53:00,263] {processor.py:161} INFO - Processing /home/airflow/.local/lib/python3.7/site-packages/airflow/example_dags/example_short_circuit_operator.py took 0.392 seconds
[2022-11-22 00:53:31,193] {processor.py:153} INFO - Started process (PID=1211) to work on /home/airflow/.local/lib/python3.7/site-packages/airflow/example_dags/example_short_circuit_operator.py
[2022-11-22 00:53:31,195] {processor.py:641} INFO - Processing file /home/airflow/.local/lib/python3.7/site-packages/airflow/example_dags/example_short_circuit_operator.py for tasks to queue
[2022-11-22 00:53:31,196] {logging_mixin.py:115} INFO - [2022-11-22 00:53:31,196] {dagbag.py:508} INFO - Filling up the DagBag from /home/airflow/.local/lib/python3.7/site-packages/airflow/example_dags/example_short_circuit_operator.py
[2022-11-22 00:53:31,211] {processor.py:651} INFO - DAG(s) dict_keys(['example_short_circuit_operator']) retrieved from /home/airflow/.local/lib/python3.7/site-packages/airflow/example_dags/example_short_circuit_operator.py
[2022-11-22 00:53:31,497] {logging_mixin.py:115} INFO - [2022-11-22 00:53:31,497] {dag.py:2420} INFO - Sync 1 DAGs
[2022-11-22 00:53:31,544] {logging_mixin.py:115} INFO - [2022-11-22 00:53:31,543] {dag.py:2972} INFO - Setting next_dagrun for example_short_circuit_operator to 2022-11-21T00:53:31.543543+00:00, run_after=2022-11-22T00:53:31.543543+00:00
[2022-11-22 00:53:31,574] {processor.py:161} INFO - Processing /home/airflow/.local/lib/python3.7/site-packages/airflow/example_dags/example_short_circuit_operator.py took 0.387 seconds
[2022-11-22 00:54:01,732] {processor.py:153} INFO - Started process (PID=1274) to work on /home/airflow/.local/lib/python3.7/site-packages/airflow/example_dags/example_short_circuit_operator.py
[2022-11-22 00:54:01,733] {processor.py:641} INFO - Processing file /home/airflow/.local/lib/python3.7/site-packages/airflow/example_dags/example_short_circuit_operator.py for tasks to queue
[2022-11-22 00:54:01,734] {logging_mixin.py:115} INFO - [2022-11-22 00:54:01,734] {dagbag.py:508} INFO - Filling up the DagBag from /home/airflow/.local/lib/python3.7/site-packages/airflow/example_dags/example_short_circuit_operator.py
[2022-11-22 00:54:01,749] {processor.py:651} INFO - DAG(s) dict_keys(['example_short_circuit_operator']) retrieved from /home/airflow/.local/lib/python3.7/site-packages/airflow/example_dags/example_short_circuit_operator.py
[2022-11-22 00:54:02,120] {logging_mixin.py:115} INFO - [2022-11-22 00:54:02,120] {dag.py:2420} INFO - Sync 1 DAGs
[2022-11-22 00:54:02,176] {logging_mixin.py:115} INFO - [2022-11-22 00:54:02,176] {dag.py:2972} INFO - Setting next_dagrun for example_short_circuit_operator to 2022-11-21T00:54:02.175868+00:00, run_after=2022-11-22T00:54:02.175868+00:00
[2022-11-22 00:54:02,219] {processor.py:161} INFO - Processing /home/airflow/.local/lib/python3.7/site-packages/airflow/example_dags/example_short_circuit_operator.py took 0.492 seconds
[2022-11-22 00:54:34,033] {processor.py:153} INFO - Started process (PID=1329) to work on /home/airflow/.local/lib/python3.7/site-packages/airflow/example_dags/example_short_circuit_operator.py
[2022-11-22 00:54:34,035] {processor.py:641} INFO - Processing file /home/airflow/.local/lib/python3.7/site-packages/airflow/example_dags/example_short_circuit_operator.py for tasks to queue
[2022-11-22 00:54:34,036] {logging_mixin.py:115} INFO - [2022-11-22 00:54:34,035] {dagbag.py:508} INFO - Filling up the DagBag from /home/airflow/.local/lib/python3.7/site-packages/airflow/example_dags/example_short_circuit_operator.py
[2022-11-22 00:54:34,057] {processor.py:651} INFO - DAG(s) dict_keys(['example_short_circuit_operator']) retrieved from /home/airflow/.local/lib/python3.7/site-packages/airflow/example_dags/example_short_circuit_operator.py
[2022-11-22 00:54:34,433] {logging_mixin.py:115} INFO - [2022-11-22 00:54:34,433] {dag.py:2420} INFO - Sync 1 DAGs
[2022-11-22 00:54:34,493] {logging_mixin.py:115} INFO - [2022-11-22 00:54:34,493] {dag.py:2972} INFO - Setting next_dagrun for example_short_circuit_operator to 2022-11-21T00:54:34.492781+00:00, run_after=2022-11-22T00:54:34.492781+00:00
[2022-11-22 00:54:34,528] {processor.py:161} INFO - Processing /home/airflow/.local/lib/python3.7/site-packages/airflow/example_dags/example_short_circuit_operator.py took 0.500 seconds
[2022-11-22 00:55:05,273] {processor.py:153} INFO - Started process (PID=1393) to work on /home/airflow/.local/lib/python3.7/site-packages/airflow/example_dags/example_short_circuit_operator.py
[2022-11-22 00:55:05,275] {processor.py:641} INFO - Processing file /home/airflow/.local/lib/python3.7/site-packages/airflow/example_dags/example_short_circuit_operator.py for tasks to queue
[2022-11-22 00:55:05,276] {logging_mixin.py:115} INFO - [2022-11-22 00:55:05,276] {dagbag.py:508} INFO - Filling up the DagBag from /home/airflow/.local/lib/python3.7/site-packages/airflow/example_dags/example_short_circuit_operator.py
[2022-11-22 00:55:05,308] {processor.py:651} INFO - DAG(s) dict_keys(['example_short_circuit_operator']) retrieved from /home/airflow/.local/lib/python3.7/site-packages/airflow/example_dags/example_short_circuit_operator.py
[2022-11-22 00:55:05,616] {logging_mixin.py:115} INFO - [2022-11-22 00:55:05,616] {dag.py:2420} INFO - Sync 1 DAGs
[2022-11-22 00:55:05,648] {logging_mixin.py:115} INFO - [2022-11-22 00:55:05,648] {dag.py:2972} INFO - Setting next_dagrun for example_short_circuit_operator to 2022-11-21T00:55:05.648224+00:00, run_after=2022-11-22T00:55:05.648224+00:00
[2022-11-22 00:55:05,667] {processor.py:161} INFO - Processing /home/airflow/.local/lib/python3.7/site-packages/airflow/example_dags/example_short_circuit_operator.py took 0.405 seconds
[2022-11-22 00:55:36,317] {processor.py:153} INFO - Started process (PID=1447) to work on /home/airflow/.local/lib/python3.7/site-packages/airflow/example_dags/example_short_circuit_operator.py
[2022-11-22 00:55:36,318] {processor.py:641} INFO - Processing file /home/airflow/.local/lib/python3.7/site-packages/airflow/example_dags/example_short_circuit_operator.py for tasks to queue
[2022-11-22 00:55:36,319] {logging_mixin.py:115} INFO - [2022-11-22 00:55:36,319] {dagbag.py:508} INFO - Filling up the DagBag from /home/airflow/.local/lib/python3.7/site-packages/airflow/example_dags/example_short_circuit_operator.py
[2022-11-22 00:55:36,338] {processor.py:651} INFO - DAG(s) dict_keys(['example_short_circuit_operator']) retrieved from /home/airflow/.local/lib/python3.7/site-packages/airflow/example_dags/example_short_circuit_operator.py
[2022-11-22 00:55:36,606] {logging_mixin.py:115} INFO - [2022-11-22 00:55:36,605] {dag.py:2420} INFO - Sync 1 DAGs
[2022-11-22 00:55:36,656] {logging_mixin.py:115} INFO - [2022-11-22 00:55:36,656] {dag.py:2972} INFO - Setting next_dagrun for example_short_circuit_operator to 2022-11-21T00:55:36.655870+00:00, run_after=2022-11-22T00:55:36.655870+00:00
[2022-11-22 00:55:36,689] {processor.py:161} INFO - Processing /home/airflow/.local/lib/python3.7/site-packages/airflow/example_dags/example_short_circuit_operator.py took 0.378 seconds
[2022-11-22 00:56:07,160] {processor.py:153} INFO - Started process (PID=1501) to work on /home/airflow/.local/lib/python3.7/site-packages/airflow/example_dags/example_short_circuit_operator.py
[2022-11-22 00:56:07,161] {processor.py:641} INFO - Processing file /home/airflow/.local/lib/python3.7/site-packages/airflow/example_dags/example_short_circuit_operator.py for tasks to queue
[2022-11-22 00:56:07,162] {logging_mixin.py:115} INFO - [2022-11-22 00:56:07,162] {dagbag.py:508} INFO - Filling up the DagBag from /home/airflow/.local/lib/python3.7/site-packages/airflow/example_dags/example_short_circuit_operator.py
[2022-11-22 00:56:07,182] {processor.py:651} INFO - DAG(s) dict_keys(['example_short_circuit_operator']) retrieved from /home/airflow/.local/lib/python3.7/site-packages/airflow/example_dags/example_short_circuit_operator.py
[2022-11-22 00:56:07,553] {logging_mixin.py:115} INFO - [2022-11-22 00:56:07,552] {dag.py:2420} INFO - Sync 1 DAGs
[2022-11-22 00:56:07,612] {logging_mixin.py:115} INFO - [2022-11-22 00:56:07,612] {dag.py:2972} INFO - Setting next_dagrun for example_short_circuit_operator to 2022-11-21T00:56:07.611843+00:00, run_after=2022-11-22T00:56:07.611843+00:00
[2022-11-22 00:56:07,650] {processor.py:161} INFO - Processing /home/airflow/.local/lib/python3.7/site-packages/airflow/example_dags/example_short_circuit_operator.py took 0.496 seconds
[2022-11-22 00:56:38,213] {processor.py:153} INFO - Started process (PID=1562) to work on /home/airflow/.local/lib/python3.7/site-packages/airflow/example_dags/example_short_circuit_operator.py
[2022-11-22 00:56:38,214] {processor.py:641} INFO - Processing file /home/airflow/.local/lib/python3.7/site-packages/airflow/example_dags/example_short_circuit_operator.py for tasks to queue
[2022-11-22 00:56:38,215] {logging_mixin.py:115} INFO - [2022-11-22 00:56:38,215] {dagbag.py:508} INFO - Filling up the DagBag from /home/airflow/.local/lib/python3.7/site-packages/airflow/example_dags/example_short_circuit_operator.py
[2022-11-22 00:56:38,230] {processor.py:651} INFO - DAG(s) dict_keys(['example_short_circuit_operator']) retrieved from /home/airflow/.local/lib/python3.7/site-packages/airflow/example_dags/example_short_circuit_operator.py
[2022-11-22 00:56:38,657] {logging_mixin.py:115} INFO - [2022-11-22 00:56:38,657] {dag.py:2420} INFO - Sync 1 DAGs
[2022-11-22 00:56:38,733] {logging_mixin.py:115} INFO - [2022-11-22 00:56:38,733] {dag.py:2972} INFO - Setting next_dagrun for example_short_circuit_operator to 2022-11-21T00:56:38.731991+00:00, run_after=2022-11-22T00:56:38.731991+00:00
[2022-11-22 00:56:38,773] {processor.py:161} INFO - Processing /home/airflow/.local/lib/python3.7/site-packages/airflow/example_dags/example_short_circuit_operator.py took 0.565 seconds
[2022-11-22 00:57:09,314] {processor.py:153} INFO - Started process (PID=1616) to work on /home/airflow/.local/lib/python3.7/site-packages/airflow/example_dags/example_short_circuit_operator.py
[2022-11-22 00:57:09,319] {processor.py:641} INFO - Processing file /home/airflow/.local/lib/python3.7/site-packages/airflow/example_dags/example_short_circuit_operator.py for tasks to queue
[2022-11-22 00:57:09,327] {logging_mixin.py:115} INFO - [2022-11-22 00:57:09,327] {dagbag.py:508} INFO - Filling up the DagBag from /home/airflow/.local/lib/python3.7/site-packages/airflow/example_dags/example_short_circuit_operator.py
[2022-11-22 00:57:09,363] {processor.py:651} INFO - DAG(s) dict_keys(['example_short_circuit_operator']) retrieved from /home/airflow/.local/lib/python3.7/site-packages/airflow/example_dags/example_short_circuit_operator.py
[2022-11-22 00:57:09,750] {logging_mixin.py:115} INFO - [2022-11-22 00:57:09,750] {dag.py:2420} INFO - Sync 1 DAGs
[2022-11-22 00:57:09,792] {logging_mixin.py:115} INFO - [2022-11-22 00:57:09,792] {dag.py:2972} INFO - Setting next_dagrun for example_short_circuit_operator to 2022-11-21T00:57:09.792016+00:00, run_after=2022-11-22T00:57:09.792016+00:00
[2022-11-22 00:57:09,819] {processor.py:161} INFO - Processing /home/airflow/.local/lib/python3.7/site-packages/airflow/example_dags/example_short_circuit_operator.py took 0.515 seconds
[2022-11-22 00:57:39,882] {processor.py:153} INFO - Started process (PID=1670) to work on /home/airflow/.local/lib/python3.7/site-packages/airflow/example_dags/example_short_circuit_operator.py
[2022-11-22 00:57:39,883] {processor.py:641} INFO - Processing file /home/airflow/.local/lib/python3.7/site-packages/airflow/example_dags/example_short_circuit_operator.py for tasks to queue
[2022-11-22 00:57:39,883] {logging_mixin.py:115} INFO - [2022-11-22 00:57:39,883] {dagbag.py:508} INFO - Filling up the DagBag from /home/airflow/.local/lib/python3.7/site-packages/airflow/example_dags/example_short_circuit_operator.py
[2022-11-22 00:57:39,897] {processor.py:651} INFO - DAG(s) dict_keys(['example_short_circuit_operator']) retrieved from /home/airflow/.local/lib/python3.7/site-packages/airflow/example_dags/example_short_circuit_operator.py
[2022-11-22 00:57:40,084] {logging_mixin.py:115} INFO - [2022-11-22 00:57:40,084] {dag.py:2420} INFO - Sync 1 DAGs
[2022-11-22 00:57:40,117] {logging_mixin.py:115} INFO - [2022-11-22 00:57:40,116] {dag.py:2972} INFO - Setting next_dagrun for example_short_circuit_operator to 2022-11-21T00:57:40.116743+00:00, run_after=2022-11-22T00:57:40.116743+00:00
[2022-11-22 00:57:40,136] {processor.py:161} INFO - Processing /home/airflow/.local/lib/python3.7/site-packages/airflow/example_dags/example_short_circuit_operator.py took 0.259 seconds
