[2022-11-22 00:43:04,068] {processor.py:153} INFO - Started process (PID=49) to work on /home/airflow/.local/lib/python3.7/site-packages/airflow/example_dags/example_latest_only_with_trigger.py
[2022-11-22 00:43:04,069] {processor.py:641} INFO - Processing file /home/airflow/.local/lib/python3.7/site-packages/airflow/example_dags/example_latest_only_with_trigger.py for tasks to queue
[2022-11-22 00:43:04,070] {logging_mixin.py:115} INFO - [2022-11-22 00:43:04,070] {dagbag.py:508} INFO - Filling up the DagBag from /home/airflow/.local/lib/python3.7/site-packages/airflow/example_dags/example_latest_only_with_trigger.py
[2022-11-22 00:43:04,082] {processor.py:651} INFO - DAG(s) dict_keys(['latest_only_with_trigger']) retrieved from /home/airflow/.local/lib/python3.7/site-packages/airflow/example_dags/example_latest_only_with_trigger.py
[2022-11-22 00:43:04,135] {logging_mixin.py:115} INFO - [2022-11-22 00:43:04,135] {dag.py:2420} INFO - Sync 1 DAGs
[2022-11-22 00:43:04,501] {logging_mixin.py:115} INFO - [2022-11-22 00:43:04,500] {dag.py:2972} INFO - Setting next_dagrun for latest_only_with_trigger to 2022-11-21T20:43:04.500171+00:00, run_after=2022-11-22T00:43:04.500171+00:00
[2022-11-22 00:43:04,538] {processor.py:161} INFO - Processing /home/airflow/.local/lib/python3.7/site-packages/airflow/example_dags/example_latest_only_with_trigger.py took 0.476 seconds
[2022-11-22 00:43:35,253] {processor.py:153} INFO - Started process (PID=100) to work on /home/airflow/.local/lib/python3.7/site-packages/airflow/example_dags/example_latest_only_with_trigger.py
[2022-11-22 00:43:35,255] {processor.py:641} INFO - Processing file /home/airflow/.local/lib/python3.7/site-packages/airflow/example_dags/example_latest_only_with_trigger.py for tasks to queue
[2022-11-22 00:43:35,256] {logging_mixin.py:115} INFO - [2022-11-22 00:43:35,256] {dagbag.py:508} INFO - Filling up the DagBag from /home/airflow/.local/lib/python3.7/site-packages/airflow/example_dags/example_latest_only_with_trigger.py
[2022-11-22 00:43:35,268] {processor.py:651} INFO - DAG(s) dict_keys(['latest_only_with_trigger']) retrieved from /home/airflow/.local/lib/python3.7/site-packages/airflow/example_dags/example_latest_only_with_trigger.py
[2022-11-22 00:43:35,338] {logging_mixin.py:115} INFO - [2022-11-22 00:43:35,338] {dag.py:2420} INFO - Sync 1 DAGs
[2022-11-22 00:43:35,659] {logging_mixin.py:115} INFO - [2022-11-22 00:43:35,659] {dag.py:2972} INFO - Setting next_dagrun for latest_only_with_trigger to 2022-11-21T20:43:35.658907+00:00, run_after=2022-11-22T00:43:35.658907+00:00
[2022-11-22 00:43:35,681] {processor.py:161} INFO - Processing /home/airflow/.local/lib/python3.7/site-packages/airflow/example_dags/example_latest_only_with_trigger.py took 0.433 seconds
[2022-11-22 00:44:06,642] {processor.py:153} INFO - Started process (PID=154) to work on /home/airflow/.local/lib/python3.7/site-packages/airflow/example_dags/example_latest_only_with_trigger.py
[2022-11-22 00:44:06,643] {processor.py:641} INFO - Processing file /home/airflow/.local/lib/python3.7/site-packages/airflow/example_dags/example_latest_only_with_trigger.py for tasks to queue
[2022-11-22 00:44:06,644] {logging_mixin.py:115} INFO - [2022-11-22 00:44:06,644] {dagbag.py:508} INFO - Filling up the DagBag from /home/airflow/.local/lib/python3.7/site-packages/airflow/example_dags/example_latest_only_with_trigger.py
[2022-11-22 00:44:06,652] {processor.py:651} INFO - DAG(s) dict_keys(['latest_only_with_trigger']) retrieved from /home/airflow/.local/lib/python3.7/site-packages/airflow/example_dags/example_latest_only_with_trigger.py
[2022-11-22 00:44:06,719] {logging_mixin.py:115} INFO - [2022-11-22 00:44:06,718] {dag.py:2420} INFO - Sync 1 DAGs
[2022-11-22 00:44:06,985] {logging_mixin.py:115} INFO - [2022-11-22 00:44:06,985] {dag.py:2972} INFO - Setting next_dagrun for latest_only_with_trigger to 2022-11-21T20:44:06.984951+00:00, run_after=2022-11-22T00:44:06.984951+00:00
[2022-11-22 00:44:07,013] {processor.py:161} INFO - Processing /home/airflow/.local/lib/python3.7/site-packages/airflow/example_dags/example_latest_only_with_trigger.py took 0.376 seconds
[2022-11-22 00:44:37,620] {processor.py:153} INFO - Started process (PID=206) to work on /home/airflow/.local/lib/python3.7/site-packages/airflow/example_dags/example_latest_only_with_trigger.py
[2022-11-22 00:44:37,622] {processor.py:641} INFO - Processing file /home/airflow/.local/lib/python3.7/site-packages/airflow/example_dags/example_latest_only_with_trigger.py for tasks to queue
[2022-11-22 00:44:37,623] {logging_mixin.py:115} INFO - [2022-11-22 00:44:37,623] {dagbag.py:508} INFO - Filling up the DagBag from /home/airflow/.local/lib/python3.7/site-packages/airflow/example_dags/example_latest_only_with_trigger.py
[2022-11-22 00:44:37,638] {processor.py:651} INFO - DAG(s) dict_keys(['latest_only_with_trigger']) retrieved from /home/airflow/.local/lib/python3.7/site-packages/airflow/example_dags/example_latest_only_with_trigger.py
[2022-11-22 00:44:37,727] {logging_mixin.py:115} INFO - [2022-11-22 00:44:37,726] {dag.py:2420} INFO - Sync 1 DAGs
[2022-11-22 00:44:38,113] {logging_mixin.py:115} INFO - [2022-11-22 00:44:38,113] {dag.py:2972} INFO - Setting next_dagrun for latest_only_with_trigger to 2022-11-21T20:44:38.113039+00:00, run_after=2022-11-22T00:44:38.113039+00:00
[2022-11-22 00:44:38,148] {processor.py:161} INFO - Processing /home/airflow/.local/lib/python3.7/site-packages/airflow/example_dags/example_latest_only_with_trigger.py took 0.534 seconds
[2022-11-22 00:45:08,749] {processor.py:153} INFO - Started process (PID=270) to work on /home/airflow/.local/lib/python3.7/site-packages/airflow/example_dags/example_latest_only_with_trigger.py
[2022-11-22 00:45:08,750] {processor.py:641} INFO - Processing file /home/airflow/.local/lib/python3.7/site-packages/airflow/example_dags/example_latest_only_with_trigger.py for tasks to queue
[2022-11-22 00:45:08,752] {logging_mixin.py:115} INFO - [2022-11-22 00:45:08,751] {dagbag.py:508} INFO - Filling up the DagBag from /home/airflow/.local/lib/python3.7/site-packages/airflow/example_dags/example_latest_only_with_trigger.py
[2022-11-22 00:45:08,764] {processor.py:651} INFO - DAG(s) dict_keys(['latest_only_with_trigger']) retrieved from /home/airflow/.local/lib/python3.7/site-packages/airflow/example_dags/example_latest_only_with_trigger.py
[2022-11-22 00:45:08,828] {logging_mixin.py:115} INFO - [2022-11-22 00:45:08,827] {dag.py:2420} INFO - Sync 1 DAGs
[2022-11-22 00:45:09,150] {logging_mixin.py:115} INFO - [2022-11-22 00:45:09,150] {dag.py:2972} INFO - Setting next_dagrun for latest_only_with_trigger to 2022-11-21T20:45:09.149688+00:00, run_after=2022-11-22T00:45:09.149688+00:00
[2022-11-22 00:45:09,176] {processor.py:161} INFO - Processing /home/airflow/.local/lib/python3.7/site-packages/airflow/example_dags/example_latest_only_with_trigger.py took 0.434 seconds
[2022-11-22 00:45:39,358] {processor.py:153} INFO - Started process (PID=324) to work on /home/airflow/.local/lib/python3.7/site-packages/airflow/example_dags/example_latest_only_with_trigger.py
[2022-11-22 00:45:39,359] {processor.py:641} INFO - Processing file /home/airflow/.local/lib/python3.7/site-packages/airflow/example_dags/example_latest_only_with_trigger.py for tasks to queue
[2022-11-22 00:45:39,360] {logging_mixin.py:115} INFO - [2022-11-22 00:45:39,360] {dagbag.py:508} INFO - Filling up the DagBag from /home/airflow/.local/lib/python3.7/site-packages/airflow/example_dags/example_latest_only_with_trigger.py
[2022-11-22 00:45:39,368] {processor.py:651} INFO - DAG(s) dict_keys(['latest_only_with_trigger']) retrieved from /home/airflow/.local/lib/python3.7/site-packages/airflow/example_dags/example_latest_only_with_trigger.py
[2022-11-22 00:45:39,412] {logging_mixin.py:115} INFO - [2022-11-22 00:45:39,412] {dag.py:2420} INFO - Sync 1 DAGs
[2022-11-22 00:45:39,651] {logging_mixin.py:115} INFO - [2022-11-22 00:45:39,651] {dag.py:2972} INFO - Setting next_dagrun for latest_only_with_trigger to 2022-11-21T20:45:39.651232+00:00, run_after=2022-11-22T00:45:39.651232+00:00
[2022-11-22 00:45:39,675] {processor.py:161} INFO - Processing /home/airflow/.local/lib/python3.7/site-packages/airflow/example_dags/example_latest_only_with_trigger.py took 0.323 seconds
[2022-11-22 00:46:10,385] {processor.py:153} INFO - Started process (PID=385) to work on /home/airflow/.local/lib/python3.7/site-packages/airflow/example_dags/example_latest_only_with_trigger.py
[2022-11-22 00:46:10,386] {processor.py:641} INFO - Processing file /home/airflow/.local/lib/python3.7/site-packages/airflow/example_dags/example_latest_only_with_trigger.py for tasks to queue
[2022-11-22 00:46:10,387] {logging_mixin.py:115} INFO - [2022-11-22 00:46:10,387] {dagbag.py:508} INFO - Filling up the DagBag from /home/airflow/.local/lib/python3.7/site-packages/airflow/example_dags/example_latest_only_with_trigger.py
[2022-11-22 00:46:10,400] {processor.py:651} INFO - DAG(s) dict_keys(['latest_only_with_trigger']) retrieved from /home/airflow/.local/lib/python3.7/site-packages/airflow/example_dags/example_latest_only_with_trigger.py
[2022-11-22 00:46:10,467] {logging_mixin.py:115} INFO - [2022-11-22 00:46:10,467] {dag.py:2420} INFO - Sync 1 DAGs
[2022-11-22 00:46:10,941] {logging_mixin.py:115} INFO - [2022-11-22 00:46:10,940] {dag.py:2972} INFO - Setting next_dagrun for latest_only_with_trigger to 2022-11-21T20:46:10.940516+00:00, run_after=2022-11-22T00:46:10.940516+00:00
[2022-11-22 00:46:10,973] {processor.py:161} INFO - Processing /home/airflow/.local/lib/python3.7/site-packages/airflow/example_dags/example_latest_only_with_trigger.py took 0.594 seconds
[2022-11-22 00:46:41,175] {processor.py:153} INFO - Started process (PID=441) to work on /home/airflow/.local/lib/python3.7/site-packages/airflow/example_dags/example_latest_only_with_trigger.py
[2022-11-22 00:46:41,177] {processor.py:641} INFO - Processing file /home/airflow/.local/lib/python3.7/site-packages/airflow/example_dags/example_latest_only_with_trigger.py for tasks to queue
[2022-11-22 00:46:41,178] {logging_mixin.py:115} INFO - [2022-11-22 00:46:41,177] {dagbag.py:508} INFO - Filling up the DagBag from /home/airflow/.local/lib/python3.7/site-packages/airflow/example_dags/example_latest_only_with_trigger.py
[2022-11-22 00:46:41,192] {processor.py:651} INFO - DAG(s) dict_keys(['latest_only_with_trigger']) retrieved from /home/airflow/.local/lib/python3.7/site-packages/airflow/example_dags/example_latest_only_with_trigger.py
[2022-11-22 00:46:41,252] {logging_mixin.py:115} INFO - [2022-11-22 00:46:41,251] {dag.py:2420} INFO - Sync 1 DAGs
[2022-11-22 00:46:41,554] {logging_mixin.py:115} INFO - [2022-11-22 00:46:41,554] {dag.py:2972} INFO - Setting next_dagrun for latest_only_with_trigger to 2022-11-21T20:46:41.553973+00:00, run_after=2022-11-22T00:46:41.553973+00:00
[2022-11-22 00:46:41,584] {processor.py:161} INFO - Processing /home/airflow/.local/lib/python3.7/site-packages/airflow/example_dags/example_latest_only_with_trigger.py took 0.415 seconds
[2022-11-22 00:47:11,692] {processor.py:153} INFO - Started process (PID=495) to work on /home/airflow/.local/lib/python3.7/site-packages/airflow/example_dags/example_latest_only_with_trigger.py
[2022-11-22 00:47:11,693] {processor.py:641} INFO - Processing file /home/airflow/.local/lib/python3.7/site-packages/airflow/example_dags/example_latest_only_with_trigger.py for tasks to queue
[2022-11-22 00:47:11,694] {logging_mixin.py:115} INFO - [2022-11-22 00:47:11,694] {dagbag.py:508} INFO - Filling up the DagBag from /home/airflow/.local/lib/python3.7/site-packages/airflow/example_dags/example_latest_only_with_trigger.py
[2022-11-22 00:47:11,707] {processor.py:651} INFO - DAG(s) dict_keys(['latest_only_with_trigger']) retrieved from /home/airflow/.local/lib/python3.7/site-packages/airflow/example_dags/example_latest_only_with_trigger.py
[2022-11-22 00:47:11,752] {logging_mixin.py:115} INFO - [2022-11-22 00:47:11,752] {dag.py:2420} INFO - Sync 1 DAGs
[2022-11-22 00:47:11,987] {logging_mixin.py:115} INFO - [2022-11-22 00:47:11,987] {dag.py:2972} INFO - Setting next_dagrun for latest_only_with_trigger to 2022-11-21T20:47:11.987139+00:00, run_after=2022-11-22T00:47:11.987139+00:00
[2022-11-22 00:47:12,013] {processor.py:161} INFO - Processing /home/airflow/.local/lib/python3.7/site-packages/airflow/example_dags/example_latest_only_with_trigger.py took 0.328 seconds
[2022-11-22 00:47:42,623] {processor.py:153} INFO - Started process (PID=559) to work on /home/airflow/.local/lib/python3.7/site-packages/airflow/example_dags/example_latest_only_with_trigger.py
[2022-11-22 00:47:42,624] {processor.py:641} INFO - Processing file /home/airflow/.local/lib/python3.7/site-packages/airflow/example_dags/example_latest_only_with_trigger.py for tasks to queue
[2022-11-22 00:47:42,625] {logging_mixin.py:115} INFO - [2022-11-22 00:47:42,625] {dagbag.py:508} INFO - Filling up the DagBag from /home/airflow/.local/lib/python3.7/site-packages/airflow/example_dags/example_latest_only_with_trigger.py
[2022-11-22 00:47:42,636] {processor.py:651} INFO - DAG(s) dict_keys(['latest_only_with_trigger']) retrieved from /home/airflow/.local/lib/python3.7/site-packages/airflow/example_dags/example_latest_only_with_trigger.py
[2022-11-22 00:47:42,687] {logging_mixin.py:115} INFO - [2022-11-22 00:47:42,687] {dag.py:2420} INFO - Sync 1 DAGs
[2022-11-22 00:47:42,942] {logging_mixin.py:115} INFO - [2022-11-22 00:47:42,942] {dag.py:2972} INFO - Setting next_dagrun for latest_only_with_trigger to 2022-11-21T20:47:42.941956+00:00, run_after=2022-11-22T00:47:42.941956+00:00
[2022-11-22 00:47:42,966] {processor.py:161} INFO - Processing /home/airflow/.local/lib/python3.7/site-packages/airflow/example_dags/example_latest_only_with_trigger.py took 0.347 seconds
[2022-11-22 00:48:14,212] {processor.py:153} INFO - Started process (PID=613) to work on /home/airflow/.local/lib/python3.7/site-packages/airflow/example_dags/example_latest_only_with_trigger.py
[2022-11-22 00:48:14,214] {processor.py:641} INFO - Processing file /home/airflow/.local/lib/python3.7/site-packages/airflow/example_dags/example_latest_only_with_trigger.py for tasks to queue
[2022-11-22 00:48:14,215] {logging_mixin.py:115} INFO - [2022-11-22 00:48:14,215] {dagbag.py:508} INFO - Filling up the DagBag from /home/airflow/.local/lib/python3.7/site-packages/airflow/example_dags/example_latest_only_with_trigger.py
[2022-11-22 00:48:14,230] {processor.py:651} INFO - DAG(s) dict_keys(['latest_only_with_trigger']) retrieved from /home/airflow/.local/lib/python3.7/site-packages/airflow/example_dags/example_latest_only_with_trigger.py
[2022-11-22 00:48:14,285] {logging_mixin.py:115} INFO - [2022-11-22 00:48:14,285] {dag.py:2420} INFO - Sync 1 DAGs
[2022-11-22 00:48:14,570] {logging_mixin.py:115} INFO - [2022-11-22 00:48:14,570] {dag.py:2972} INFO - Setting next_dagrun for latest_only_with_trigger to 2022-11-21T20:48:14.569911+00:00, run_after=2022-11-22T00:48:14.569911+00:00
[2022-11-22 00:48:14,597] {processor.py:161} INFO - Processing /home/airflow/.local/lib/python3.7/site-packages/airflow/example_dags/example_latest_only_with_trigger.py took 0.392 seconds
[2022-11-22 00:48:45,856] {processor.py:153} INFO - Started process (PID=674) to work on /home/airflow/.local/lib/python3.7/site-packages/airflow/example_dags/example_latest_only_with_trigger.py
[2022-11-22 00:48:45,857] {processor.py:641} INFO - Processing file /home/airflow/.local/lib/python3.7/site-packages/airflow/example_dags/example_latest_only_with_trigger.py for tasks to queue
[2022-11-22 00:48:45,858] {logging_mixin.py:115} INFO - [2022-11-22 00:48:45,858] {dagbag.py:508} INFO - Filling up the DagBag from /home/airflow/.local/lib/python3.7/site-packages/airflow/example_dags/example_latest_only_with_trigger.py
[2022-11-22 00:48:45,868] {processor.py:651} INFO - DAG(s) dict_keys(['latest_only_with_trigger']) retrieved from /home/airflow/.local/lib/python3.7/site-packages/airflow/example_dags/example_latest_only_with_trigger.py
[2022-11-22 00:48:45,917] {logging_mixin.py:115} INFO - [2022-11-22 00:48:45,917] {dag.py:2420} INFO - Sync 1 DAGs
[2022-11-22 00:48:46,186] {logging_mixin.py:115} INFO - [2022-11-22 00:48:46,186] {dag.py:2972} INFO - Setting next_dagrun for latest_only_with_trigger to 2022-11-21T20:48:46.185835+00:00, run_after=2022-11-22T00:48:46.185835+00:00
[2022-11-22 00:48:46,215] {processor.py:161} INFO - Processing /home/airflow/.local/lib/python3.7/site-packages/airflow/example_dags/example_latest_only_with_trigger.py took 0.363 seconds
[2022-11-22 00:49:16,656] {processor.py:153} INFO - Started process (PID=730) to work on /home/airflow/.local/lib/python3.7/site-packages/airflow/example_dags/example_latest_only_with_trigger.py
[2022-11-22 00:49:16,657] {processor.py:641} INFO - Processing file /home/airflow/.local/lib/python3.7/site-packages/airflow/example_dags/example_latest_only_with_trigger.py for tasks to queue
[2022-11-22 00:49:16,658] {logging_mixin.py:115} INFO - [2022-11-22 00:49:16,658] {dagbag.py:508} INFO - Filling up the DagBag from /home/airflow/.local/lib/python3.7/site-packages/airflow/example_dags/example_latest_only_with_trigger.py
[2022-11-22 00:49:16,666] {processor.py:651} INFO - DAG(s) dict_keys(['latest_only_with_trigger']) retrieved from /home/airflow/.local/lib/python3.7/site-packages/airflow/example_dags/example_latest_only_with_trigger.py
[2022-11-22 00:49:16,732] {logging_mixin.py:115} INFO - [2022-11-22 00:49:16,731] {dag.py:2420} INFO - Sync 1 DAGs
[2022-11-22 00:49:16,995] {logging_mixin.py:115} INFO - [2022-11-22 00:49:16,995] {dag.py:2972} INFO - Setting next_dagrun for latest_only_with_trigger to 2022-11-21T20:49:16.994969+00:00, run_after=2022-11-22T00:49:16.994969+00:00
[2022-11-22 00:49:17,023] {processor.py:161} INFO - Processing /home/airflow/.local/lib/python3.7/site-packages/airflow/example_dags/example_latest_only_with_trigger.py took 0.372 seconds
[2022-11-22 00:49:47,876] {processor.py:153} INFO - Started process (PID=784) to work on /home/airflow/.local/lib/python3.7/site-packages/airflow/example_dags/example_latest_only_with_trigger.py
[2022-11-22 00:49:47,877] {processor.py:641} INFO - Processing file /home/airflow/.local/lib/python3.7/site-packages/airflow/example_dags/example_latest_only_with_trigger.py for tasks to queue
[2022-11-22 00:49:47,878] {logging_mixin.py:115} INFO - [2022-11-22 00:49:47,878] {dagbag.py:508} INFO - Filling up the DagBag from /home/airflow/.local/lib/python3.7/site-packages/airflow/example_dags/example_latest_only_with_trigger.py
[2022-11-22 00:49:47,888] {processor.py:651} INFO - DAG(s) dict_keys(['latest_only_with_trigger']) retrieved from /home/airflow/.local/lib/python3.7/site-packages/airflow/example_dags/example_latest_only_with_trigger.py
[2022-11-22 00:49:47,949] {logging_mixin.py:115} INFO - [2022-11-22 00:49:47,949] {dag.py:2420} INFO - Sync 1 DAGs
[2022-11-22 00:49:48,284] {logging_mixin.py:115} INFO - [2022-11-22 00:49:48,284] {dag.py:2972} INFO - Setting next_dagrun for latest_only_with_trigger to 2022-11-21T20:49:48.284170+00:00, run_after=2022-11-22T00:49:48.284170+00:00
[2022-11-22 00:49:48,317] {processor.py:161} INFO - Processing /home/airflow/.local/lib/python3.7/site-packages/airflow/example_dags/example_latest_only_with_trigger.py took 0.446 seconds
[2022-11-22 00:50:18,757] {processor.py:153} INFO - Started process (PID=847) to work on /home/airflow/.local/lib/python3.7/site-packages/airflow/example_dags/example_latest_only_with_trigger.py
[2022-11-22 00:50:18,758] {processor.py:641} INFO - Processing file /home/airflow/.local/lib/python3.7/site-packages/airflow/example_dags/example_latest_only_with_trigger.py for tasks to queue
[2022-11-22 00:50:18,760] {logging_mixin.py:115} INFO - [2022-11-22 00:50:18,759] {dagbag.py:508} INFO - Filling up the DagBag from /home/airflow/.local/lib/python3.7/site-packages/airflow/example_dags/example_latest_only_with_trigger.py
[2022-11-22 00:50:18,774] {processor.py:651} INFO - DAG(s) dict_keys(['latest_only_with_trigger']) retrieved from /home/airflow/.local/lib/python3.7/site-packages/airflow/example_dags/example_latest_only_with_trigger.py
[2022-11-22 00:50:18,842] {logging_mixin.py:115} INFO - [2022-11-22 00:50:18,842] {dag.py:2420} INFO - Sync 1 DAGs
[2022-11-22 00:50:19,188] {logging_mixin.py:115} INFO - [2022-11-22 00:50:19,188] {dag.py:2972} INFO - Setting next_dagrun for latest_only_with_trigger to 2022-11-21T20:50:19.188151+00:00, run_after=2022-11-22T00:50:19.188151+00:00
[2022-11-22 00:50:19,218] {processor.py:161} INFO - Processing /home/airflow/.local/lib/python3.7/site-packages/airflow/example_dags/example_latest_only_with_trigger.py took 0.467 seconds
[2022-11-22 00:50:49,597] {processor.py:153} INFO - Started process (PID=901) to work on /home/airflow/.local/lib/python3.7/site-packages/airflow/example_dags/example_latest_only_with_trigger.py
[2022-11-22 00:50:49,598] {processor.py:641} INFO - Processing file /home/airflow/.local/lib/python3.7/site-packages/airflow/example_dags/example_latest_only_with_trigger.py for tasks to queue
[2022-11-22 00:50:49,600] {logging_mixin.py:115} INFO - [2022-11-22 00:50:49,599] {dagbag.py:508} INFO - Filling up the DagBag from /home/airflow/.local/lib/python3.7/site-packages/airflow/example_dags/example_latest_only_with_trigger.py
[2022-11-22 00:50:49,609] {processor.py:651} INFO - DAG(s) dict_keys(['latest_only_with_trigger']) retrieved from /home/airflow/.local/lib/python3.7/site-packages/airflow/example_dags/example_latest_only_with_trigger.py
[2022-11-22 00:50:49,661] {logging_mixin.py:115} INFO - [2022-11-22 00:50:49,661] {dag.py:2420} INFO - Sync 1 DAGs
[2022-11-22 00:50:49,922] {logging_mixin.py:115} INFO - [2022-11-22 00:50:49,922] {dag.py:2972} INFO - Setting next_dagrun for latest_only_with_trigger to 2022-11-21T20:50:49.921903+00:00, run_after=2022-11-22T00:50:49.921903+00:00
[2022-11-22 00:50:49,945] {processor.py:161} INFO - Processing /home/airflow/.local/lib/python3.7/site-packages/airflow/example_dags/example_latest_only_with_trigger.py took 0.352 seconds
[2022-11-22 00:51:20,492] {processor.py:153} INFO - Started process (PID=955) to work on /home/airflow/.local/lib/python3.7/site-packages/airflow/example_dags/example_latest_only_with_trigger.py
[2022-11-22 00:51:20,494] {processor.py:641} INFO - Processing file /home/airflow/.local/lib/python3.7/site-packages/airflow/example_dags/example_latest_only_with_trigger.py for tasks to queue
[2022-11-22 00:51:20,495] {logging_mixin.py:115} INFO - [2022-11-22 00:51:20,495] {dagbag.py:508} INFO - Filling up the DagBag from /home/airflow/.local/lib/python3.7/site-packages/airflow/example_dags/example_latest_only_with_trigger.py
[2022-11-22 00:51:20,508] {processor.py:651} INFO - DAG(s) dict_keys(['latest_only_with_trigger']) retrieved from /home/airflow/.local/lib/python3.7/site-packages/airflow/example_dags/example_latest_only_with_trigger.py
[2022-11-22 00:51:20,577] {logging_mixin.py:115} INFO - [2022-11-22 00:51:20,576] {dag.py:2420} INFO - Sync 1 DAGs
[2022-11-22 00:51:20,869] {logging_mixin.py:115} INFO - [2022-11-22 00:51:20,869] {dag.py:2972} INFO - Setting next_dagrun for latest_only_with_trigger to 2022-11-21T20:51:20.868550+00:00, run_after=2022-11-22T00:51:20.868550+00:00
[2022-11-22 00:51:20,898] {processor.py:161} INFO - Processing /home/airflow/.local/lib/python3.7/site-packages/airflow/example_dags/example_latest_only_with_trigger.py took 0.412 seconds
[2022-11-22 00:51:52,044] {processor.py:153} INFO - Started process (PID=1018) to work on /home/airflow/.local/lib/python3.7/site-packages/airflow/example_dags/example_latest_only_with_trigger.py
[2022-11-22 00:51:52,045] {processor.py:641} INFO - Processing file /home/airflow/.local/lib/python3.7/site-packages/airflow/example_dags/example_latest_only_with_trigger.py for tasks to queue
[2022-11-22 00:51:52,045] {logging_mixin.py:115} INFO - [2022-11-22 00:51:52,045] {dagbag.py:508} INFO - Filling up the DagBag from /home/airflow/.local/lib/python3.7/site-packages/airflow/example_dags/example_latest_only_with_trigger.py
[2022-11-22 00:51:52,055] {processor.py:651} INFO - DAG(s) dict_keys(['latest_only_with_trigger']) retrieved from /home/airflow/.local/lib/python3.7/site-packages/airflow/example_dags/example_latest_only_with_trigger.py
[2022-11-22 00:51:52,103] {logging_mixin.py:115} INFO - [2022-11-22 00:51:52,103] {dag.py:2420} INFO - Sync 1 DAGs
[2022-11-22 00:51:52,392] {logging_mixin.py:115} INFO - [2022-11-22 00:51:52,392] {dag.py:2972} INFO - Setting next_dagrun for latest_only_with_trigger to 2022-11-21T20:51:52.391993+00:00, run_after=2022-11-22T00:51:52.391993+00:00
[2022-11-22 00:51:52,416] {processor.py:161} INFO - Processing /home/airflow/.local/lib/python3.7/site-packages/airflow/example_dags/example_latest_only_with_trigger.py took 0.377 seconds
[2022-11-22 00:52:22,882] {processor.py:153} INFO - Started process (PID=1072) to work on /home/airflow/.local/lib/python3.7/site-packages/airflow/example_dags/example_latest_only_with_trigger.py
[2022-11-22 00:52:22,883] {processor.py:641} INFO - Processing file /home/airflow/.local/lib/python3.7/site-packages/airflow/example_dags/example_latest_only_with_trigger.py for tasks to queue
[2022-11-22 00:52:22,885] {logging_mixin.py:115} INFO - [2022-11-22 00:52:22,885] {dagbag.py:508} INFO - Filling up the DagBag from /home/airflow/.local/lib/python3.7/site-packages/airflow/example_dags/example_latest_only_with_trigger.py
[2022-11-22 00:52:22,894] {processor.py:651} INFO - DAG(s) dict_keys(['latest_only_with_trigger']) retrieved from /home/airflow/.local/lib/python3.7/site-packages/airflow/example_dags/example_latest_only_with_trigger.py
[2022-11-22 00:52:22,947] {logging_mixin.py:115} INFO - [2022-11-22 00:52:22,946] {dag.py:2420} INFO - Sync 1 DAGs
[2022-11-22 00:52:23,266] {logging_mixin.py:115} INFO - [2022-11-22 00:52:23,266] {dag.py:2972} INFO - Setting next_dagrun for latest_only_with_trigger to 2022-11-21T20:52:23.265697+00:00, run_after=2022-11-22T00:52:23.265697+00:00
[2022-11-22 00:52:23,292] {processor.py:161} INFO - Processing /home/airflow/.local/lib/python3.7/site-packages/airflow/example_dags/example_latest_only_with_trigger.py took 0.416 seconds
[2022-11-22 00:52:54,000] {processor.py:153} INFO - Started process (PID=1135) to work on /home/airflow/.local/lib/python3.7/site-packages/airflow/example_dags/example_latest_only_with_trigger.py
[2022-11-22 00:52:54,001] {processor.py:641} INFO - Processing file /home/airflow/.local/lib/python3.7/site-packages/airflow/example_dags/example_latest_only_with_trigger.py for tasks to queue
[2022-11-22 00:52:54,002] {logging_mixin.py:115} INFO - [2022-11-22 00:52:54,002] {dagbag.py:508} INFO - Filling up the DagBag from /home/airflow/.local/lib/python3.7/site-packages/airflow/example_dags/example_latest_only_with_trigger.py
[2022-11-22 00:52:54,010] {processor.py:651} INFO - DAG(s) dict_keys(['latest_only_with_trigger']) retrieved from /home/airflow/.local/lib/python3.7/site-packages/airflow/example_dags/example_latest_only_with_trigger.py
[2022-11-22 00:52:54,062] {logging_mixin.py:115} INFO - [2022-11-22 00:52:54,062] {dag.py:2420} INFO - Sync 1 DAGs
[2022-11-22 00:52:54,311] {logging_mixin.py:115} INFO - [2022-11-22 00:52:54,311] {dag.py:2972} INFO - Setting next_dagrun for latest_only_with_trigger to 2022-11-21T20:52:54.310968+00:00, run_after=2022-11-22T00:52:54.310968+00:00
[2022-11-22 00:52:54,335] {processor.py:161} INFO - Processing /home/airflow/.local/lib/python3.7/site-packages/airflow/example_dags/example_latest_only_with_trigger.py took 0.340 seconds
[2022-11-22 00:53:25,032] {processor.py:153} INFO - Started process (PID=1189) to work on /home/airflow/.local/lib/python3.7/site-packages/airflow/example_dags/example_latest_only_with_trigger.py
[2022-11-22 00:53:25,033] {processor.py:641} INFO - Processing file /home/airflow/.local/lib/python3.7/site-packages/airflow/example_dags/example_latest_only_with_trigger.py for tasks to queue
[2022-11-22 00:53:25,035] {logging_mixin.py:115} INFO - [2022-11-22 00:53:25,034] {dagbag.py:508} INFO - Filling up the DagBag from /home/airflow/.local/lib/python3.7/site-packages/airflow/example_dags/example_latest_only_with_trigger.py
[2022-11-22 00:53:25,047] {processor.py:651} INFO - DAG(s) dict_keys(['latest_only_with_trigger']) retrieved from /home/airflow/.local/lib/python3.7/site-packages/airflow/example_dags/example_latest_only_with_trigger.py
[2022-11-22 00:53:25,111] {logging_mixin.py:115} INFO - [2022-11-22 00:53:25,111] {dag.py:2420} INFO - Sync 1 DAGs
[2022-11-22 00:53:25,409] {logging_mixin.py:115} INFO - [2022-11-22 00:53:25,409] {dag.py:2972} INFO - Setting next_dagrun for latest_only_with_trigger to 2022-11-21T20:53:25.408752+00:00, run_after=2022-11-22T00:53:25.408752+00:00
[2022-11-22 00:53:25,441] {processor.py:161} INFO - Processing /home/airflow/.local/lib/python3.7/site-packages/airflow/example_dags/example_latest_only_with_trigger.py took 0.414 seconds
[2022-11-22 00:53:55,794] {processor.py:153} INFO - Started process (PID=1243) to work on /home/airflow/.local/lib/python3.7/site-packages/airflow/example_dags/example_latest_only_with_trigger.py
[2022-11-22 00:53:55,796] {processor.py:641} INFO - Processing file /home/airflow/.local/lib/python3.7/site-packages/airflow/example_dags/example_latest_only_with_trigger.py for tasks to queue
[2022-11-22 00:53:55,797] {logging_mixin.py:115} INFO - [2022-11-22 00:53:55,797] {dagbag.py:508} INFO - Filling up the DagBag from /home/airflow/.local/lib/python3.7/site-packages/airflow/example_dags/example_latest_only_with_trigger.py
[2022-11-22 00:53:55,813] {processor.py:651} INFO - DAG(s) dict_keys(['latest_only_with_trigger']) retrieved from /home/airflow/.local/lib/python3.7/site-packages/airflow/example_dags/example_latest_only_with_trigger.py
[2022-11-22 00:53:55,880] {logging_mixin.py:115} INFO - [2022-11-22 00:53:55,880] {dag.py:2420} INFO - Sync 1 DAGs
[2022-11-22 00:53:56,221] {logging_mixin.py:115} INFO - [2022-11-22 00:53:56,221] {dag.py:2972} INFO - Setting next_dagrun for latest_only_with_trigger to 2022-11-21T20:53:56.220817+00:00, run_after=2022-11-22T00:53:56.220817+00:00
[2022-11-22 00:53:56,245] {processor.py:161} INFO - Processing /home/airflow/.local/lib/python3.7/site-packages/airflow/example_dags/example_latest_only_with_trigger.py took 0.457 seconds
[2022-11-22 00:54:26,448] {processor.py:153} INFO - Started process (PID=1305) to work on /home/airflow/.local/lib/python3.7/site-packages/airflow/example_dags/example_latest_only_with_trigger.py
[2022-11-22 00:54:26,449] {processor.py:641} INFO - Processing file /home/airflow/.local/lib/python3.7/site-packages/airflow/example_dags/example_latest_only_with_trigger.py for tasks to queue
[2022-11-22 00:54:26,450] {logging_mixin.py:115} INFO - [2022-11-22 00:54:26,450] {dagbag.py:508} INFO - Filling up the DagBag from /home/airflow/.local/lib/python3.7/site-packages/airflow/example_dags/example_latest_only_with_trigger.py
[2022-11-22 00:54:26,460] {processor.py:651} INFO - DAG(s) dict_keys(['latest_only_with_trigger']) retrieved from /home/airflow/.local/lib/python3.7/site-packages/airflow/example_dags/example_latest_only_with_trigger.py
[2022-11-22 00:54:26,508] {logging_mixin.py:115} INFO - [2022-11-22 00:54:26,508] {dag.py:2420} INFO - Sync 1 DAGs
[2022-11-22 00:54:26,771] {logging_mixin.py:115} INFO - [2022-11-22 00:54:26,770] {dag.py:2972} INFO - Setting next_dagrun for latest_only_with_trigger to 2022-11-21T20:54:26.770440+00:00, run_after=2022-11-22T00:54:26.770440+00:00
[2022-11-22 00:54:26,803] {processor.py:161} INFO - Processing /home/airflow/.local/lib/python3.7/site-packages/airflow/example_dags/example_latest_only_with_trigger.py took 0.359 seconds
[2022-11-22 00:54:57,220] {processor.py:153} INFO - Started process (PID=1360) to work on /home/airflow/.local/lib/python3.7/site-packages/airflow/example_dags/example_latest_only_with_trigger.py
[2022-11-22 00:54:57,221] {processor.py:641} INFO - Processing file /home/airflow/.local/lib/python3.7/site-packages/airflow/example_dags/example_latest_only_with_trigger.py for tasks to queue
[2022-11-22 00:54:57,222] {logging_mixin.py:115} INFO - [2022-11-22 00:54:57,222] {dagbag.py:508} INFO - Filling up the DagBag from /home/airflow/.local/lib/python3.7/site-packages/airflow/example_dags/example_latest_only_with_trigger.py
[2022-11-22 00:54:57,230] {processor.py:651} INFO - DAG(s) dict_keys(['latest_only_with_trigger']) retrieved from /home/airflow/.local/lib/python3.7/site-packages/airflow/example_dags/example_latest_only_with_trigger.py
[2022-11-22 00:54:57,275] {logging_mixin.py:115} INFO - [2022-11-22 00:54:57,275] {dag.py:2420} INFO - Sync 1 DAGs
[2022-11-22 00:54:57,543] {logging_mixin.py:115} INFO - [2022-11-22 00:54:57,543] {dag.py:2972} INFO - Setting next_dagrun for latest_only_with_trigger to 2022-11-21T20:54:57.542898+00:00, run_after=2022-11-22T00:54:57.542898+00:00
[2022-11-22 00:54:57,569] {processor.py:161} INFO - Processing /home/airflow/.local/lib/python3.7/site-packages/airflow/example_dags/example_latest_only_with_trigger.py took 0.354 seconds
[2022-11-22 00:55:27,826] {processor.py:153} INFO - Started process (PID=1414) to work on /home/airflow/.local/lib/python3.7/site-packages/airflow/example_dags/example_latest_only_with_trigger.py
[2022-11-22 00:55:27,828] {processor.py:641} INFO - Processing file /home/airflow/.local/lib/python3.7/site-packages/airflow/example_dags/example_latest_only_with_trigger.py for tasks to queue
[2022-11-22 00:55:27,829] {logging_mixin.py:115} INFO - [2022-11-22 00:55:27,829] {dagbag.py:508} INFO - Filling up the DagBag from /home/airflow/.local/lib/python3.7/site-packages/airflow/example_dags/example_latest_only_with_trigger.py
[2022-11-22 00:55:27,845] {processor.py:651} INFO - DAG(s) dict_keys(['latest_only_with_trigger']) retrieved from /home/airflow/.local/lib/python3.7/site-packages/airflow/example_dags/example_latest_only_with_trigger.py
[2022-11-22 00:55:27,916] {logging_mixin.py:115} INFO - [2022-11-22 00:55:27,916] {dag.py:2420} INFO - Sync 1 DAGs
[2022-11-22 00:55:28,252] {logging_mixin.py:115} INFO - [2022-11-22 00:55:28,251] {dag.py:2972} INFO - Setting next_dagrun for latest_only_with_trigger to 2022-11-21T20:55:28.251479+00:00, run_after=2022-11-22T00:55:28.251479+00:00
[2022-11-22 00:55:28,283] {processor.py:161} INFO - Processing /home/airflow/.local/lib/python3.7/site-packages/airflow/example_dags/example_latest_only_with_trigger.py took 0.463 seconds
[2022-11-22 00:55:58,628] {processor.py:153} INFO - Started process (PID=1477) to work on /home/airflow/.local/lib/python3.7/site-packages/airflow/example_dags/example_latest_only_with_trigger.py
[2022-11-22 00:55:58,629] {processor.py:641} INFO - Processing file /home/airflow/.local/lib/python3.7/site-packages/airflow/example_dags/example_latest_only_with_trigger.py for tasks to queue
[2022-11-22 00:55:58,631] {logging_mixin.py:115} INFO - [2022-11-22 00:55:58,631] {dagbag.py:508} INFO - Filling up the DagBag from /home/airflow/.local/lib/python3.7/site-packages/airflow/example_dags/example_latest_only_with_trigger.py
[2022-11-22 00:55:58,652] {processor.py:651} INFO - DAG(s) dict_keys(['latest_only_with_trigger']) retrieved from /home/airflow/.local/lib/python3.7/site-packages/airflow/example_dags/example_latest_only_with_trigger.py
[2022-11-22 00:55:58,730] {logging_mixin.py:115} INFO - [2022-11-22 00:55:58,729] {dag.py:2420} INFO - Sync 1 DAGs
[2022-11-22 00:55:59,092] {logging_mixin.py:115} INFO - [2022-11-22 00:55:59,092] {dag.py:2972} INFO - Setting next_dagrun for latest_only_with_trigger to 2022-11-21T20:55:59.091765+00:00, run_after=2022-11-22T00:55:59.091765+00:00
[2022-11-22 00:55:59,123] {processor.py:161} INFO - Processing /home/airflow/.local/lib/python3.7/site-packages/airflow/example_dags/example_latest_only_with_trigger.py took 0.506 seconds
[2022-11-22 00:56:29,681] {processor.py:153} INFO - Started process (PID=1530) to work on /home/airflow/.local/lib/python3.7/site-packages/airflow/example_dags/example_latest_only_with_trigger.py
[2022-11-22 00:56:29,683] {processor.py:641} INFO - Processing file /home/airflow/.local/lib/python3.7/site-packages/airflow/example_dags/example_latest_only_with_trigger.py for tasks to queue
[2022-11-22 00:56:29,684] {logging_mixin.py:115} INFO - [2022-11-22 00:56:29,684] {dagbag.py:508} INFO - Filling up the DagBag from /home/airflow/.local/lib/python3.7/site-packages/airflow/example_dags/example_latest_only_with_trigger.py
[2022-11-22 00:56:29,697] {processor.py:651} INFO - DAG(s) dict_keys(['latest_only_with_trigger']) retrieved from /home/airflow/.local/lib/python3.7/site-packages/airflow/example_dags/example_latest_only_with_trigger.py
[2022-11-22 00:56:29,771] {logging_mixin.py:115} INFO - [2022-11-22 00:56:29,771] {dag.py:2420} INFO - Sync 1 DAGs
[2022-11-22 00:56:30,144] {logging_mixin.py:115} INFO - [2022-11-22 00:56:30,144] {dag.py:2972} INFO - Setting next_dagrun for latest_only_with_trigger to 2022-11-21T20:56:30.143702+00:00, run_after=2022-11-22T00:56:30.143702+00:00
[2022-11-22 00:56:30,187] {processor.py:161} INFO - Processing /home/airflow/.local/lib/python3.7/site-packages/airflow/example_dags/example_latest_only_with_trigger.py took 0.515 seconds
[2022-11-22 00:57:00,720] {processor.py:153} INFO - Started process (PID=1583) to work on /home/airflow/.local/lib/python3.7/site-packages/airflow/example_dags/example_latest_only_with_trigger.py
[2022-11-22 00:57:00,721] {processor.py:641} INFO - Processing file /home/airflow/.local/lib/python3.7/site-packages/airflow/example_dags/example_latest_only_with_trigger.py for tasks to queue
[2022-11-22 00:57:00,721] {logging_mixin.py:115} INFO - [2022-11-22 00:57:00,721] {dagbag.py:508} INFO - Filling up the DagBag from /home/airflow/.local/lib/python3.7/site-packages/airflow/example_dags/example_latest_only_with_trigger.py
[2022-11-22 00:57:00,730] {processor.py:651} INFO - DAG(s) dict_keys(['latest_only_with_trigger']) retrieved from /home/airflow/.local/lib/python3.7/site-packages/airflow/example_dags/example_latest_only_with_trigger.py
[2022-11-22 00:57:00,798] {logging_mixin.py:115} INFO - [2022-11-22 00:57:00,798] {dag.py:2420} INFO - Sync 1 DAGs
[2022-11-22 00:57:01,076] {logging_mixin.py:115} INFO - [2022-11-22 00:57:01,076] {dag.py:2972} INFO - Setting next_dagrun for latest_only_with_trigger to 2022-11-21T20:57:01.076051+00:00, run_after=2022-11-22T00:57:01.076051+00:00
[2022-11-22 00:57:01,104] {processor.py:161} INFO - Processing /home/airflow/.local/lib/python3.7/site-packages/airflow/example_dags/example_latest_only_with_trigger.py took 0.388 seconds
[2022-11-22 00:57:32,474] {processor.py:153} INFO - Started process (PID=1647) to work on /home/airflow/.local/lib/python3.7/site-packages/airflow/example_dags/example_latest_only_with_trigger.py
[2022-11-22 00:57:32,475] {processor.py:641} INFO - Processing file /home/airflow/.local/lib/python3.7/site-packages/airflow/example_dags/example_latest_only_with_trigger.py for tasks to queue
[2022-11-22 00:57:32,476] {logging_mixin.py:115} INFO - [2022-11-22 00:57:32,476] {dagbag.py:508} INFO - Filling up the DagBag from /home/airflow/.local/lib/python3.7/site-packages/airflow/example_dags/example_latest_only_with_trigger.py
[2022-11-22 00:57:32,486] {processor.py:651} INFO - DAG(s) dict_keys(['latest_only_with_trigger']) retrieved from /home/airflow/.local/lib/python3.7/site-packages/airflow/example_dags/example_latest_only_with_trigger.py
[2022-11-22 00:57:32,542] {logging_mixin.py:115} INFO - [2022-11-22 00:57:32,542] {dag.py:2420} INFO - Sync 1 DAGs
[2022-11-22 00:57:32,781] {logging_mixin.py:115} INFO - [2022-11-22 00:57:32,781] {dag.py:2972} INFO - Setting next_dagrun for latest_only_with_trigger to 2022-11-21T20:57:32.781260+00:00, run_after=2022-11-22T00:57:32.781260+00:00
[2022-11-22 00:57:32,801] {processor.py:161} INFO - Processing /home/airflow/.local/lib/python3.7/site-packages/airflow/example_dags/example_latest_only_with_trigger.py took 0.331 seconds
[2022-11-22 00:58:04,004] {processor.py:153} INFO - Started process (PID=1703) to work on /home/airflow/.local/lib/python3.7/site-packages/airflow/example_dags/example_latest_only_with_trigger.py
[2022-11-22 00:58:04,005] {processor.py:641} INFO - Processing file /home/airflow/.local/lib/python3.7/site-packages/airflow/example_dags/example_latest_only_with_trigger.py for tasks to queue
[2022-11-22 00:58:04,006] {logging_mixin.py:115} INFO - [2022-11-22 00:58:04,006] {dagbag.py:508} INFO - Filling up the DagBag from /home/airflow/.local/lib/python3.7/site-packages/airflow/example_dags/example_latest_only_with_trigger.py
[2022-11-22 00:58:04,014] {processor.py:651} INFO - DAG(s) dict_keys(['latest_only_with_trigger']) retrieved from /home/airflow/.local/lib/python3.7/site-packages/airflow/example_dags/example_latest_only_with_trigger.py
[2022-11-22 00:58:04,329] {logging_mixin.py:115} INFO - [2022-11-22 00:58:04,329] {dag.py:2420} INFO - Sync 1 DAGs
[2022-11-22 00:58:04,376] {logging_mixin.py:115} INFO - [2022-11-22 00:58:04,375] {dag.py:2972} INFO - Setting next_dagrun for latest_only_with_trigger to 2022-11-21T20:58:04.375371+00:00, run_after=2022-11-22T00:58:04.375371+00:00
[2022-11-22 00:58:04,409] {processor.py:161} INFO - Processing /home/airflow/.local/lib/python3.7/site-packages/airflow/example_dags/example_latest_only_with_trigger.py took 0.411 seconds
