[2022-11-22 00:43:09,366] {processor.py:153} INFO - Started process (PID=66) to work on /home/airflow/.local/lib/python3.7/site-packages/airflow/example_dags/example_branch_operator.py
[2022-11-22 00:43:09,367] {processor.py:641} INFO - Processing file /home/airflow/.local/lib/python3.7/site-packages/airflow/example_dags/example_branch_operator.py for tasks to queue
[2022-11-22 00:43:09,368] {logging_mixin.py:115} INFO - [2022-11-22 00:43:09,368] {dagbag.py:508} INFO - Filling up the DagBag from /home/airflow/.local/lib/python3.7/site-packages/airflow/example_dags/example_branch_operator.py
[2022-11-22 00:43:09,394] {processor.py:651} INFO - DAG(s) dict_keys(['example_branch_operator']) retrieved from /home/airflow/.local/lib/python3.7/site-packages/airflow/example_dags/example_branch_operator.py
[2022-11-22 00:43:09,487] {logging_mixin.py:115} INFO - [2022-11-22 00:43:09,487] {dag.py:2420} INFO - Sync 1 DAGs
[2022-11-22 00:43:09,779] {logging_mixin.py:115} INFO - [2022-11-22 00:43:09,779] {dag.py:2972} INFO - Setting next_dagrun for example_branch_operator to 2022-11-21T00:00:00+00:00, run_after=2022-11-22T00:00:00+00:00
[2022-11-22 00:43:09,838] {processor.py:161} INFO - Processing /home/airflow/.local/lib/python3.7/site-packages/airflow/example_dags/example_branch_operator.py took 0.478 seconds
[2022-11-22 00:43:41,146] {processor.py:153} INFO - Started process (PID=118) to work on /home/airflow/.local/lib/python3.7/site-packages/airflow/example_dags/example_branch_operator.py
[2022-11-22 00:43:41,150] {processor.py:641} INFO - Processing file /home/airflow/.local/lib/python3.7/site-packages/airflow/example_dags/example_branch_operator.py for tasks to queue
[2022-11-22 00:43:41,152] {logging_mixin.py:115} INFO - [2022-11-22 00:43:41,151] {dagbag.py:508} INFO - Filling up the DagBag from /home/airflow/.local/lib/python3.7/site-packages/airflow/example_dags/example_branch_operator.py
[2022-11-22 00:43:41,193] {processor.py:651} INFO - DAG(s) dict_keys(['example_branch_operator']) retrieved from /home/airflow/.local/lib/python3.7/site-packages/airflow/example_dags/example_branch_operator.py
[2022-11-22 00:43:41,346] {logging_mixin.py:115} INFO - [2022-11-22 00:43:41,345] {dag.py:2420} INFO - Sync 1 DAGs
[2022-11-22 00:43:41,659] {logging_mixin.py:115} INFO - [2022-11-22 00:43:41,659] {dag.py:2972} INFO - Setting next_dagrun for example_branch_operator to 2022-11-21T00:00:00+00:00, run_after=2022-11-22T00:00:00+00:00
[2022-11-22 00:43:41,696] {processor.py:161} INFO - Processing /home/airflow/.local/lib/python3.7/site-packages/airflow/example_dags/example_branch_operator.py took 0.574 seconds
[2022-11-22 00:44:12,038] {processor.py:153} INFO - Started process (PID=179) to work on /home/airflow/.local/lib/python3.7/site-packages/airflow/example_dags/example_branch_operator.py
[2022-11-22 00:44:12,038] {processor.py:641} INFO - Processing file /home/airflow/.local/lib/python3.7/site-packages/airflow/example_dags/example_branch_operator.py for tasks to queue
[2022-11-22 00:44:12,039] {logging_mixin.py:115} INFO - [2022-11-22 00:44:12,039] {dagbag.py:508} INFO - Filling up the DagBag from /home/airflow/.local/lib/python3.7/site-packages/airflow/example_dags/example_branch_operator.py
[2022-11-22 00:44:12,056] {processor.py:651} INFO - DAG(s) dict_keys(['example_branch_operator']) retrieved from /home/airflow/.local/lib/python3.7/site-packages/airflow/example_dags/example_branch_operator.py
[2022-11-22 00:44:12,102] {logging_mixin.py:115} INFO - [2022-11-22 00:44:12,102] {dag.py:2420} INFO - Sync 1 DAGs
[2022-11-22 00:44:12,343] {logging_mixin.py:115} INFO - [2022-11-22 00:44:12,343] {dag.py:2972} INFO - Setting next_dagrun for example_branch_operator to 2022-11-21T00:00:00+00:00, run_after=2022-11-22T00:00:00+00:00
[2022-11-22 00:44:12,368] {processor.py:161} INFO - Processing /home/airflow/.local/lib/python3.7/site-packages/airflow/example_dags/example_branch_operator.py took 0.335 seconds
[2022-11-22 00:44:42,601] {processor.py:153} INFO - Started process (PID=234) to work on /home/airflow/.local/lib/python3.7/site-packages/airflow/example_dags/example_branch_operator.py
[2022-11-22 00:44:42,602] {processor.py:641} INFO - Processing file /home/airflow/.local/lib/python3.7/site-packages/airflow/example_dags/example_branch_operator.py for tasks to queue
[2022-11-22 00:44:42,603] {logging_mixin.py:115} INFO - [2022-11-22 00:44:42,603] {dagbag.py:508} INFO - Filling up the DagBag from /home/airflow/.local/lib/python3.7/site-packages/airflow/example_dags/example_branch_operator.py
[2022-11-22 00:44:42,620] {processor.py:651} INFO - DAG(s) dict_keys(['example_branch_operator']) retrieved from /home/airflow/.local/lib/python3.7/site-packages/airflow/example_dags/example_branch_operator.py
[2022-11-22 00:44:42,673] {logging_mixin.py:115} INFO - [2022-11-22 00:44:42,673] {dag.py:2420} INFO - Sync 1 DAGs
[2022-11-22 00:44:42,933] {logging_mixin.py:115} INFO - [2022-11-22 00:44:42,933] {dag.py:2972} INFO - Setting next_dagrun for example_branch_operator to 2022-11-21T00:00:00+00:00, run_after=2022-11-22T00:00:00+00:00
[2022-11-22 00:44:42,955] {processor.py:161} INFO - Processing /home/airflow/.local/lib/python3.7/site-packages/airflow/example_dags/example_branch_operator.py took 0.358 seconds
[2022-11-22 00:45:13,322] {processor.py:153} INFO - Started process (PID=288) to work on /home/airflow/.local/lib/python3.7/site-packages/airflow/example_dags/example_branch_operator.py
[2022-11-22 00:45:13,323] {processor.py:641} INFO - Processing file /home/airflow/.local/lib/python3.7/site-packages/airflow/example_dags/example_branch_operator.py for tasks to queue
[2022-11-22 00:45:13,324] {logging_mixin.py:115} INFO - [2022-11-22 00:45:13,324] {dagbag.py:508} INFO - Filling up the DagBag from /home/airflow/.local/lib/python3.7/site-packages/airflow/example_dags/example_branch_operator.py
[2022-11-22 00:45:13,346] {processor.py:651} INFO - DAG(s) dict_keys(['example_branch_operator']) retrieved from /home/airflow/.local/lib/python3.7/site-packages/airflow/example_dags/example_branch_operator.py
[2022-11-22 00:45:13,412] {logging_mixin.py:115} INFO - [2022-11-22 00:45:13,411] {dag.py:2420} INFO - Sync 1 DAGs
[2022-11-22 00:45:13,780] {logging_mixin.py:115} INFO - [2022-11-22 00:45:13,780] {dag.py:2972} INFO - Setting next_dagrun for example_branch_operator to 2022-11-21T00:00:00+00:00, run_after=2022-11-22T00:00:00+00:00
[2022-11-22 00:45:13,829] {processor.py:161} INFO - Processing /home/airflow/.local/lib/python3.7/site-packages/airflow/example_dags/example_branch_operator.py took 0.511 seconds
[2022-11-22 00:45:44,208] {processor.py:153} INFO - Started process (PID=351) to work on /home/airflow/.local/lib/python3.7/site-packages/airflow/example_dags/example_branch_operator.py
[2022-11-22 00:45:44,209] {processor.py:641} INFO - Processing file /home/airflow/.local/lib/python3.7/site-packages/airflow/example_dags/example_branch_operator.py for tasks to queue
[2022-11-22 00:45:44,210] {logging_mixin.py:115} INFO - [2022-11-22 00:45:44,210] {dagbag.py:508} INFO - Filling up the DagBag from /home/airflow/.local/lib/python3.7/site-packages/airflow/example_dags/example_branch_operator.py
[2022-11-22 00:45:44,232] {processor.py:651} INFO - DAG(s) dict_keys(['example_branch_operator']) retrieved from /home/airflow/.local/lib/python3.7/site-packages/airflow/example_dags/example_branch_operator.py
[2022-11-22 00:45:44,298] {logging_mixin.py:115} INFO - [2022-11-22 00:45:44,298] {dag.py:2420} INFO - Sync 1 DAGs
[2022-11-22 00:45:44,469] {logging_mixin.py:115} INFO - [2022-11-22 00:45:44,469] {dag.py:2972} INFO - Setting next_dagrun for example_branch_operator to 2022-11-21T00:00:00+00:00, run_after=2022-11-22T00:00:00+00:00
[2022-11-22 00:45:44,486] {processor.py:161} INFO - Processing /home/airflow/.local/lib/python3.7/site-packages/airflow/example_dags/example_branch_operator.py took 0.283 seconds
[2022-11-22 00:46:14,874] {processor.py:153} INFO - Started process (PID=405) to work on /home/airflow/.local/lib/python3.7/site-packages/airflow/example_dags/example_branch_operator.py
[2022-11-22 00:46:14,876] {processor.py:641} INFO - Processing file /home/airflow/.local/lib/python3.7/site-packages/airflow/example_dags/example_branch_operator.py for tasks to queue
[2022-11-22 00:46:14,877] {logging_mixin.py:115} INFO - [2022-11-22 00:46:14,877] {dagbag.py:508} INFO - Filling up the DagBag from /home/airflow/.local/lib/python3.7/site-packages/airflow/example_dags/example_branch_operator.py
[2022-11-22 00:46:14,905] {processor.py:651} INFO - DAG(s) dict_keys(['example_branch_operator']) retrieved from /home/airflow/.local/lib/python3.7/site-packages/airflow/example_dags/example_branch_operator.py
[2022-11-22 00:46:14,983] {logging_mixin.py:115} INFO - [2022-11-22 00:46:14,983] {dag.py:2420} INFO - Sync 1 DAGs
[2022-11-22 00:46:15,325] {logging_mixin.py:115} INFO - [2022-11-22 00:46:15,324] {dag.py:2972} INFO - Setting next_dagrun for example_branch_operator to 2022-11-21T00:00:00+00:00, run_after=2022-11-22T00:00:00+00:00
[2022-11-22 00:46:15,357] {processor.py:161} INFO - Processing /home/airflow/.local/lib/python3.7/site-packages/airflow/example_dags/example_branch_operator.py took 0.489 seconds
[2022-11-22 00:46:45,881] {processor.py:153} INFO - Started process (PID=459) to work on /home/airflow/.local/lib/python3.7/site-packages/airflow/example_dags/example_branch_operator.py
[2022-11-22 00:46:45,883] {processor.py:641} INFO - Processing file /home/airflow/.local/lib/python3.7/site-packages/airflow/example_dags/example_branch_operator.py for tasks to queue
[2022-11-22 00:46:45,884] {logging_mixin.py:115} INFO - [2022-11-22 00:46:45,884] {dagbag.py:508} INFO - Filling up the DagBag from /home/airflow/.local/lib/python3.7/site-packages/airflow/example_dags/example_branch_operator.py
[2022-11-22 00:46:45,916] {processor.py:651} INFO - DAG(s) dict_keys(['example_branch_operator']) retrieved from /home/airflow/.local/lib/python3.7/site-packages/airflow/example_dags/example_branch_operator.py
[2022-11-22 00:46:45,975] {logging_mixin.py:115} INFO - [2022-11-22 00:46:45,975] {dag.py:2420} INFO - Sync 1 DAGs
[2022-11-22 00:46:46,301] {logging_mixin.py:115} INFO - [2022-11-22 00:46:46,300] {dag.py:2972} INFO - Setting next_dagrun for example_branch_operator to 2022-11-21T00:00:00+00:00, run_after=2022-11-22T00:00:00+00:00
[2022-11-22 00:46:46,360] {processor.py:161} INFO - Processing /home/airflow/.local/lib/python3.7/site-packages/airflow/example_dags/example_branch_operator.py took 0.488 seconds
[2022-11-22 00:47:16,816] {processor.py:153} INFO - Started process (PID=523) to work on /home/airflow/.local/lib/python3.7/site-packages/airflow/example_dags/example_branch_operator.py
[2022-11-22 00:47:16,817] {processor.py:641} INFO - Processing file /home/airflow/.local/lib/python3.7/site-packages/airflow/example_dags/example_branch_operator.py for tasks to queue
[2022-11-22 00:47:16,818] {logging_mixin.py:115} INFO - [2022-11-22 00:47:16,818] {dagbag.py:508} INFO - Filling up the DagBag from /home/airflow/.local/lib/python3.7/site-packages/airflow/example_dags/example_branch_operator.py
[2022-11-22 00:47:16,843] {processor.py:651} INFO - DAG(s) dict_keys(['example_branch_operator']) retrieved from /home/airflow/.local/lib/python3.7/site-packages/airflow/example_dags/example_branch_operator.py
[2022-11-22 00:47:16,919] {logging_mixin.py:115} INFO - [2022-11-22 00:47:16,918] {dag.py:2420} INFO - Sync 1 DAGs
[2022-11-22 00:47:17,301] {logging_mixin.py:115} INFO - [2022-11-22 00:47:17,300] {dag.py:2972} INFO - Setting next_dagrun for example_branch_operator to 2022-11-21T00:00:00+00:00, run_after=2022-11-22T00:00:00+00:00
[2022-11-22 00:47:17,326] {processor.py:161} INFO - Processing /home/airflow/.local/lib/python3.7/site-packages/airflow/example_dags/example_branch_operator.py took 0.517 seconds
[2022-11-22 00:47:47,548] {processor.py:153} INFO - Started process (PID=577) to work on /home/airflow/.local/lib/python3.7/site-packages/airflow/example_dags/example_branch_operator.py
[2022-11-22 00:47:47,549] {processor.py:641} INFO - Processing file /home/airflow/.local/lib/python3.7/site-packages/airflow/example_dags/example_branch_operator.py for tasks to queue
[2022-11-22 00:47:47,550] {logging_mixin.py:115} INFO - [2022-11-22 00:47:47,550] {dagbag.py:508} INFO - Filling up the DagBag from /home/airflow/.local/lib/python3.7/site-packages/airflow/example_dags/example_branch_operator.py
[2022-11-22 00:47:47,570] {processor.py:651} INFO - DAG(s) dict_keys(['example_branch_operator']) retrieved from /home/airflow/.local/lib/python3.7/site-packages/airflow/example_dags/example_branch_operator.py
[2022-11-22 00:47:47,629] {logging_mixin.py:115} INFO - [2022-11-22 00:47:47,628] {dag.py:2420} INFO - Sync 1 DAGs
[2022-11-22 00:47:47,900] {logging_mixin.py:115} INFO - [2022-11-22 00:47:47,900] {dag.py:2972} INFO - Setting next_dagrun for example_branch_operator to 2022-11-21T00:00:00+00:00, run_after=2022-11-22T00:00:00+00:00
[2022-11-22 00:47:47,926] {processor.py:161} INFO - Processing /home/airflow/.local/lib/python3.7/site-packages/airflow/example_dags/example_branch_operator.py took 0.383 seconds
[2022-11-22 00:48:18,806] {processor.py:153} INFO - Started process (PID=631) to work on /home/airflow/.local/lib/python3.7/site-packages/airflow/example_dags/example_branch_operator.py
[2022-11-22 00:48:18,807] {processor.py:641} INFO - Processing file /home/airflow/.local/lib/python3.7/site-packages/airflow/example_dags/example_branch_operator.py for tasks to queue
[2022-11-22 00:48:18,808] {logging_mixin.py:115} INFO - [2022-11-22 00:48:18,808] {dagbag.py:508} INFO - Filling up the DagBag from /home/airflow/.local/lib/python3.7/site-packages/airflow/example_dags/example_branch_operator.py
[2022-11-22 00:48:18,828] {processor.py:651} INFO - DAG(s) dict_keys(['example_branch_operator']) retrieved from /home/airflow/.local/lib/python3.7/site-packages/airflow/example_dags/example_branch_operator.py
[2022-11-22 00:48:18,898] {logging_mixin.py:115} INFO - [2022-11-22 00:48:18,898] {dag.py:2420} INFO - Sync 1 DAGs
[2022-11-22 00:48:19,196] {logging_mixin.py:115} INFO - [2022-11-22 00:48:19,196] {dag.py:2972} INFO - Setting next_dagrun for example_branch_operator to 2022-11-21T00:00:00+00:00, run_after=2022-11-22T00:00:00+00:00
[2022-11-22 00:48:19,227] {processor.py:161} INFO - Processing /home/airflow/.local/lib/python3.7/site-packages/airflow/example_dags/example_branch_operator.py took 0.427 seconds
[2022-11-22 00:48:50,279] {processor.py:153} INFO - Started process (PID=694) to work on /home/airflow/.local/lib/python3.7/site-packages/airflow/example_dags/example_branch_operator.py
[2022-11-22 00:48:50,281] {processor.py:641} INFO - Processing file /home/airflow/.local/lib/python3.7/site-packages/airflow/example_dags/example_branch_operator.py for tasks to queue
[2022-11-22 00:48:50,282] {logging_mixin.py:115} INFO - [2022-11-22 00:48:50,282] {dagbag.py:508} INFO - Filling up the DagBag from /home/airflow/.local/lib/python3.7/site-packages/airflow/example_dags/example_branch_operator.py
[2022-11-22 00:48:50,303] {processor.py:651} INFO - DAG(s) dict_keys(['example_branch_operator']) retrieved from /home/airflow/.local/lib/python3.7/site-packages/airflow/example_dags/example_branch_operator.py
[2022-11-22 00:48:50,371] {logging_mixin.py:115} INFO - [2022-11-22 00:48:50,371] {dag.py:2420} INFO - Sync 1 DAGs
[2022-11-22 00:48:50,693] {logging_mixin.py:115} INFO - [2022-11-22 00:48:50,692] {dag.py:2972} INFO - Setting next_dagrun for example_branch_operator to 2022-11-21T00:00:00+00:00, run_after=2022-11-22T00:00:00+00:00
[2022-11-22 00:48:50,724] {processor.py:161} INFO - Processing /home/airflow/.local/lib/python3.7/site-packages/airflow/example_dags/example_branch_operator.py took 0.451 seconds
[2022-11-22 00:49:21,080] {processor.py:153} INFO - Started process (PID=748) to work on /home/airflow/.local/lib/python3.7/site-packages/airflow/example_dags/example_branch_operator.py
[2022-11-22 00:49:21,081] {processor.py:641} INFO - Processing file /home/airflow/.local/lib/python3.7/site-packages/airflow/example_dags/example_branch_operator.py for tasks to queue
[2022-11-22 00:49:21,082] {logging_mixin.py:115} INFO - [2022-11-22 00:49:21,082] {dagbag.py:508} INFO - Filling up the DagBag from /home/airflow/.local/lib/python3.7/site-packages/airflow/example_dags/example_branch_operator.py
[2022-11-22 00:49:21,104] {processor.py:651} INFO - DAG(s) dict_keys(['example_branch_operator']) retrieved from /home/airflow/.local/lib/python3.7/site-packages/airflow/example_dags/example_branch_operator.py
[2022-11-22 00:49:21,171] {logging_mixin.py:115} INFO - [2022-11-22 00:49:21,170] {dag.py:2420} INFO - Sync 1 DAGs
[2022-11-22 00:49:21,505] {logging_mixin.py:115} INFO - [2022-11-22 00:49:21,505] {dag.py:2972} INFO - Setting next_dagrun for example_branch_operator to 2022-11-21T00:00:00+00:00, run_after=2022-11-22T00:00:00+00:00
[2022-11-22 00:49:21,542] {processor.py:161} INFO - Processing /home/airflow/.local/lib/python3.7/site-packages/airflow/example_dags/example_branch_operator.py took 0.468 seconds
[2022-11-22 00:49:52,510] {processor.py:153} INFO - Started process (PID=811) to work on /home/airflow/.local/lib/python3.7/site-packages/airflow/example_dags/example_branch_operator.py
[2022-11-22 00:49:52,511] {processor.py:641} INFO - Processing file /home/airflow/.local/lib/python3.7/site-packages/airflow/example_dags/example_branch_operator.py for tasks to queue
[2022-11-22 00:49:52,511] {logging_mixin.py:115} INFO - [2022-11-22 00:49:52,511] {dagbag.py:508} INFO - Filling up the DagBag from /home/airflow/.local/lib/python3.7/site-packages/airflow/example_dags/example_branch_operator.py
[2022-11-22 00:49:52,527] {processor.py:651} INFO - DAG(s) dict_keys(['example_branch_operator']) retrieved from /home/airflow/.local/lib/python3.7/site-packages/airflow/example_dags/example_branch_operator.py
[2022-11-22 00:49:52,577] {logging_mixin.py:115} INFO - [2022-11-22 00:49:52,577] {dag.py:2420} INFO - Sync 1 DAGs
[2022-11-22 00:49:52,842] {logging_mixin.py:115} INFO - [2022-11-22 00:49:52,841] {dag.py:2972} INFO - Setting next_dagrun for example_branch_operator to 2022-11-21T00:00:00+00:00, run_after=2022-11-22T00:00:00+00:00
[2022-11-22 00:49:52,867] {processor.py:161} INFO - Processing /home/airflow/.local/lib/python3.7/site-packages/airflow/example_dags/example_branch_operator.py took 0.360 seconds
[2022-11-22 00:50:23,490] {processor.py:153} INFO - Started process (PID=865) to work on /home/airflow/.local/lib/python3.7/site-packages/airflow/example_dags/example_branch_operator.py
[2022-11-22 00:50:23,491] {processor.py:641} INFO - Processing file /home/airflow/.local/lib/python3.7/site-packages/airflow/example_dags/example_branch_operator.py for tasks to queue
[2022-11-22 00:50:23,492] {logging_mixin.py:115} INFO - [2022-11-22 00:50:23,492] {dagbag.py:508} INFO - Filling up the DagBag from /home/airflow/.local/lib/python3.7/site-packages/airflow/example_dags/example_branch_operator.py
[2022-11-22 00:50:23,516] {processor.py:651} INFO - DAG(s) dict_keys(['example_branch_operator']) retrieved from /home/airflow/.local/lib/python3.7/site-packages/airflow/example_dags/example_branch_operator.py
[2022-11-22 00:50:23,577] {logging_mixin.py:115} INFO - [2022-11-22 00:50:23,577] {dag.py:2420} INFO - Sync 1 DAGs
[2022-11-22 00:50:23,882] {logging_mixin.py:115} INFO - [2022-11-22 00:50:23,882] {dag.py:2972} INFO - Setting next_dagrun for example_branch_operator to 2022-11-21T00:00:00+00:00, run_after=2022-11-22T00:00:00+00:00
[2022-11-22 00:50:23,912] {processor.py:161} INFO - Processing /home/airflow/.local/lib/python3.7/site-packages/airflow/example_dags/example_branch_operator.py took 0.428 seconds
[2022-11-22 00:50:54,604] {processor.py:153} INFO - Started process (PID=919) to work on /home/airflow/.local/lib/python3.7/site-packages/airflow/example_dags/example_branch_operator.py
[2022-11-22 00:50:54,605] {processor.py:641} INFO - Processing file /home/airflow/.local/lib/python3.7/site-packages/airflow/example_dags/example_branch_operator.py for tasks to queue
[2022-11-22 00:50:54,606] {logging_mixin.py:115} INFO - [2022-11-22 00:50:54,606] {dagbag.py:508} INFO - Filling up the DagBag from /home/airflow/.local/lib/python3.7/site-packages/airflow/example_dags/example_branch_operator.py
[2022-11-22 00:50:54,631] {processor.py:651} INFO - DAG(s) dict_keys(['example_branch_operator']) retrieved from /home/airflow/.local/lib/python3.7/site-packages/airflow/example_dags/example_branch_operator.py
[2022-11-22 00:50:54,694] {logging_mixin.py:115} INFO - [2022-11-22 00:50:54,694] {dag.py:2420} INFO - Sync 1 DAGs
[2022-11-22 00:50:54,901] {logging_mixin.py:115} INFO - [2022-11-22 00:50:54,901] {dag.py:2972} INFO - Setting next_dagrun for example_branch_operator to 2022-11-21T00:00:00+00:00, run_after=2022-11-22T00:00:00+00:00
[2022-11-22 00:50:54,921] {processor.py:161} INFO - Processing /home/airflow/.local/lib/python3.7/site-packages/airflow/example_dags/example_branch_operator.py took 0.326 seconds
[2022-11-22 00:51:25,879] {processor.py:153} INFO - Started process (PID=982) to work on /home/airflow/.local/lib/python3.7/site-packages/airflow/example_dags/example_branch_operator.py
[2022-11-22 00:51:25,880] {processor.py:641} INFO - Processing file /home/airflow/.local/lib/python3.7/site-packages/airflow/example_dags/example_branch_operator.py for tasks to queue
[2022-11-22 00:51:25,881] {logging_mixin.py:115} INFO - [2022-11-22 00:51:25,881] {dagbag.py:508} INFO - Filling up the DagBag from /home/airflow/.local/lib/python3.7/site-packages/airflow/example_dags/example_branch_operator.py
[2022-11-22 00:51:25,902] {processor.py:651} INFO - DAG(s) dict_keys(['example_branch_operator']) retrieved from /home/airflow/.local/lib/python3.7/site-packages/airflow/example_dags/example_branch_operator.py
[2022-11-22 00:51:25,954] {logging_mixin.py:115} INFO - [2022-11-22 00:51:25,953] {dag.py:2420} INFO - Sync 1 DAGs
[2022-11-22 00:51:26,217] {logging_mixin.py:115} INFO - [2022-11-22 00:51:26,216] {dag.py:2972} INFO - Setting next_dagrun for example_branch_operator to 2022-11-21T00:00:00+00:00, run_after=2022-11-22T00:00:00+00:00
[2022-11-22 00:51:26,245] {processor.py:161} INFO - Processing /home/airflow/.local/lib/python3.7/site-packages/airflow/example_dags/example_branch_operator.py took 0.371 seconds
[2022-11-22 00:51:56,457] {processor.py:153} INFO - Started process (PID=1036) to work on /home/airflow/.local/lib/python3.7/site-packages/airflow/example_dags/example_branch_operator.py
[2022-11-22 00:51:56,458] {processor.py:641} INFO - Processing file /home/airflow/.local/lib/python3.7/site-packages/airflow/example_dags/example_branch_operator.py for tasks to queue
[2022-11-22 00:51:56,459] {logging_mixin.py:115} INFO - [2022-11-22 00:51:56,459] {dagbag.py:508} INFO - Filling up the DagBag from /home/airflow/.local/lib/python3.7/site-packages/airflow/example_dags/example_branch_operator.py
[2022-11-22 00:51:56,476] {processor.py:651} INFO - DAG(s) dict_keys(['example_branch_operator']) retrieved from /home/airflow/.local/lib/python3.7/site-packages/airflow/example_dags/example_branch_operator.py
[2022-11-22 00:51:56,525] {logging_mixin.py:115} INFO - [2022-11-22 00:51:56,525] {dag.py:2420} INFO - Sync 1 DAGs
[2022-11-22 00:51:56,796] {logging_mixin.py:115} INFO - [2022-11-22 00:51:56,796] {dag.py:2972} INFO - Setting next_dagrun for example_branch_operator to 2022-11-21T00:00:00+00:00, run_after=2022-11-22T00:00:00+00:00
[2022-11-22 00:51:56,817] {processor.py:161} INFO - Processing /home/airflow/.local/lib/python3.7/site-packages/airflow/example_dags/example_branch_operator.py took 0.365 seconds
[2022-11-22 00:52:27,815] {processor.py:153} INFO - Started process (PID=1096) to work on /home/airflow/.local/lib/python3.7/site-packages/airflow/example_dags/example_branch_operator.py
[2022-11-22 00:52:27,816] {processor.py:641} INFO - Processing file /home/airflow/.local/lib/python3.7/site-packages/airflow/example_dags/example_branch_operator.py for tasks to queue
[2022-11-22 00:52:27,817] {logging_mixin.py:115} INFO - [2022-11-22 00:52:27,817] {dagbag.py:508} INFO - Filling up the DagBag from /home/airflow/.local/lib/python3.7/site-packages/airflow/example_dags/example_branch_operator.py
[2022-11-22 00:52:27,833] {processor.py:651} INFO - DAG(s) dict_keys(['example_branch_operator']) retrieved from /home/airflow/.local/lib/python3.7/site-packages/airflow/example_dags/example_branch_operator.py
[2022-11-22 00:52:27,881] {logging_mixin.py:115} INFO - [2022-11-22 00:52:27,881] {dag.py:2420} INFO - Sync 1 DAGs
[2022-11-22 00:52:28,081] {logging_mixin.py:115} INFO - [2022-11-22 00:52:28,081] {dag.py:2972} INFO - Setting next_dagrun for example_branch_operator to 2022-11-21T00:00:00+00:00, run_after=2022-11-22T00:00:00+00:00
[2022-11-22 00:52:28,100] {processor.py:161} INFO - Processing /home/airflow/.local/lib/python3.7/site-packages/airflow/example_dags/example_branch_operator.py took 0.289 seconds
[2022-11-22 00:52:59,012] {processor.py:153} INFO - Started process (PID=1154) to work on /home/airflow/.local/lib/python3.7/site-packages/airflow/example_dags/example_branch_operator.py
[2022-11-22 00:52:59,013] {processor.py:641} INFO - Processing file /home/airflow/.local/lib/python3.7/site-packages/airflow/example_dags/example_branch_operator.py for tasks to queue
[2022-11-22 00:52:59,014] {logging_mixin.py:115} INFO - [2022-11-22 00:52:59,014] {dagbag.py:508} INFO - Filling up the DagBag from /home/airflow/.local/lib/python3.7/site-packages/airflow/example_dags/example_branch_operator.py
[2022-11-22 00:52:59,043] {processor.py:651} INFO - DAG(s) dict_keys(['example_branch_operator']) retrieved from /home/airflow/.local/lib/python3.7/site-packages/airflow/example_dags/example_branch_operator.py
[2022-11-22 00:52:59,112] {logging_mixin.py:115} INFO - [2022-11-22 00:52:59,111] {dag.py:2420} INFO - Sync 1 DAGs
[2022-11-22 00:52:59,409] {logging_mixin.py:115} INFO - [2022-11-22 00:52:59,409] {dag.py:2972} INFO - Setting next_dagrun for example_branch_operator to 2022-11-21T00:00:00+00:00, run_after=2022-11-22T00:00:00+00:00
[2022-11-22 00:52:59,438] {processor.py:161} INFO - Processing /home/airflow/.local/lib/python3.7/site-packages/airflow/example_dags/example_branch_operator.py took 0.430 seconds
[2022-11-22 00:53:30,227] {processor.py:153} INFO - Started process (PID=1207) to work on /home/airflow/.local/lib/python3.7/site-packages/airflow/example_dags/example_branch_operator.py
[2022-11-22 00:53:30,228] {processor.py:641} INFO - Processing file /home/airflow/.local/lib/python3.7/site-packages/airflow/example_dags/example_branch_operator.py for tasks to queue
[2022-11-22 00:53:30,229] {logging_mixin.py:115} INFO - [2022-11-22 00:53:30,229] {dagbag.py:508} INFO - Filling up the DagBag from /home/airflow/.local/lib/python3.7/site-packages/airflow/example_dags/example_branch_operator.py
[2022-11-22 00:53:30,251] {processor.py:651} INFO - DAG(s) dict_keys(['example_branch_operator']) retrieved from /home/airflow/.local/lib/python3.7/site-packages/airflow/example_dags/example_branch_operator.py
[2022-11-22 00:53:30,310] {logging_mixin.py:115} INFO - [2022-11-22 00:53:30,310] {dag.py:2420} INFO - Sync 1 DAGs
[2022-11-22 00:53:30,632] {logging_mixin.py:115} INFO - [2022-11-22 00:53:30,631] {dag.py:2972} INFO - Setting next_dagrun for example_branch_operator to 2022-11-21T00:00:00+00:00, run_after=2022-11-22T00:00:00+00:00
[2022-11-22 00:53:30,657] {processor.py:161} INFO - Processing /home/airflow/.local/lib/python3.7/site-packages/airflow/example_dags/example_branch_operator.py took 0.437 seconds
[2022-11-22 00:54:00,822] {processor.py:153} INFO - Started process (PID=1270) to work on /home/airflow/.local/lib/python3.7/site-packages/airflow/example_dags/example_branch_operator.py
[2022-11-22 00:54:00,823] {processor.py:641} INFO - Processing file /home/airflow/.local/lib/python3.7/site-packages/airflow/example_dags/example_branch_operator.py for tasks to queue
[2022-11-22 00:54:00,824] {logging_mixin.py:115} INFO - [2022-11-22 00:54:00,823] {dagbag.py:508} INFO - Filling up the DagBag from /home/airflow/.local/lib/python3.7/site-packages/airflow/example_dags/example_branch_operator.py
[2022-11-22 00:54:00,845] {processor.py:651} INFO - DAG(s) dict_keys(['example_branch_operator']) retrieved from /home/airflow/.local/lib/python3.7/site-packages/airflow/example_dags/example_branch_operator.py
[2022-11-22 00:54:00,898] {logging_mixin.py:115} INFO - [2022-11-22 00:54:00,897] {dag.py:2420} INFO - Sync 1 DAGs
[2022-11-22 00:54:01,184] {logging_mixin.py:115} INFO - [2022-11-22 00:54:01,184] {dag.py:2972} INFO - Setting next_dagrun for example_branch_operator to 2022-11-21T00:00:00+00:00, run_after=2022-11-22T00:00:00+00:00
[2022-11-22 00:54:01,217] {processor.py:161} INFO - Processing /home/airflow/.local/lib/python3.7/site-packages/airflow/example_dags/example_branch_operator.py took 0.401 seconds
[2022-11-22 00:54:32,022] {processor.py:153} INFO - Started process (PID=1324) to work on /home/airflow/.local/lib/python3.7/site-packages/airflow/example_dags/example_branch_operator.py
[2022-11-22 00:54:32,024] {processor.py:641} INFO - Processing file /home/airflow/.local/lib/python3.7/site-packages/airflow/example_dags/example_branch_operator.py for tasks to queue
[2022-11-22 00:54:32,025] {logging_mixin.py:115} INFO - [2022-11-22 00:54:32,025] {dagbag.py:508} INFO - Filling up the DagBag from /home/airflow/.local/lib/python3.7/site-packages/airflow/example_dags/example_branch_operator.py
[2022-11-22 00:54:32,048] {processor.py:651} INFO - DAG(s) dict_keys(['example_branch_operator']) retrieved from /home/airflow/.local/lib/python3.7/site-packages/airflow/example_dags/example_branch_operator.py
[2022-11-22 00:54:32,111] {logging_mixin.py:115} INFO - [2022-11-22 00:54:32,111] {dag.py:2420} INFO - Sync 1 DAGs
[2022-11-22 00:54:32,463] {logging_mixin.py:115} INFO - [2022-11-22 00:54:32,463] {dag.py:2972} INFO - Setting next_dagrun for example_branch_operator to 2022-11-21T00:00:00+00:00, run_after=2022-11-22T00:00:00+00:00
[2022-11-22 00:54:32,494] {processor.py:161} INFO - Processing /home/airflow/.local/lib/python3.7/site-packages/airflow/example_dags/example_branch_operator.py took 0.480 seconds
[2022-11-22 00:55:03,072] {processor.py:153} INFO - Started process (PID=1379) to work on /home/airflow/.local/lib/python3.7/site-packages/airflow/example_dags/example_branch_operator.py
[2022-11-22 00:55:03,077] {processor.py:641} INFO - Processing file /home/airflow/.local/lib/python3.7/site-packages/airflow/example_dags/example_branch_operator.py for tasks to queue
[2022-11-22 00:55:03,079] {logging_mixin.py:115} INFO - [2022-11-22 00:55:03,078] {dagbag.py:508} INFO - Filling up the DagBag from /home/airflow/.local/lib/python3.7/site-packages/airflow/example_dags/example_branch_operator.py
[2022-11-22 00:55:03,101] {processor.py:651} INFO - DAG(s) dict_keys(['example_branch_operator']) retrieved from /home/airflow/.local/lib/python3.7/site-packages/airflow/example_dags/example_branch_operator.py
[2022-11-22 00:55:03,167] {logging_mixin.py:115} INFO - [2022-11-22 00:55:03,167] {dag.py:2420} INFO - Sync 1 DAGs
[2022-11-22 00:55:03,429] {logging_mixin.py:115} INFO - [2022-11-22 00:55:03,428] {dag.py:2972} INFO - Setting next_dagrun for example_branch_operator to 2022-11-21T00:00:00+00:00, run_after=2022-11-22T00:00:00+00:00
[2022-11-22 00:55:03,457] {processor.py:161} INFO - Processing /home/airflow/.local/lib/python3.7/site-packages/airflow/example_dags/example_branch_operator.py took 0.390 seconds
[2022-11-22 00:55:34,030] {processor.py:153} INFO - Started process (PID=1442) to work on /home/airflow/.local/lib/python3.7/site-packages/airflow/example_dags/example_branch_operator.py
[2022-11-22 00:55:34,031] {processor.py:641} INFO - Processing file /home/airflow/.local/lib/python3.7/site-packages/airflow/example_dags/example_branch_operator.py for tasks to queue
[2022-11-22 00:55:34,032] {logging_mixin.py:115} INFO - [2022-11-22 00:55:34,032] {dagbag.py:508} INFO - Filling up the DagBag from /home/airflow/.local/lib/python3.7/site-packages/airflow/example_dags/example_branch_operator.py
[2022-11-22 00:55:34,059] {processor.py:651} INFO - DAG(s) dict_keys(['example_branch_operator']) retrieved from /home/airflow/.local/lib/python3.7/site-packages/airflow/example_dags/example_branch_operator.py
[2022-11-22 00:55:34,120] {logging_mixin.py:115} INFO - [2022-11-22 00:55:34,120] {dag.py:2420} INFO - Sync 1 DAGs
[2022-11-22 00:55:34,405] {logging_mixin.py:115} INFO - [2022-11-22 00:55:34,404] {dag.py:2972} INFO - Setting next_dagrun for example_branch_operator to 2022-11-21T00:00:00+00:00, run_after=2022-11-22T00:00:00+00:00
[2022-11-22 00:55:34,429] {processor.py:161} INFO - Processing /home/airflow/.local/lib/python3.7/site-packages/airflow/example_dags/example_branch_operator.py took 0.406 seconds
[2022-11-22 00:56:05,082] {processor.py:153} INFO - Started process (PID=1496) to work on /home/airflow/.local/lib/python3.7/site-packages/airflow/example_dags/example_branch_operator.py
[2022-11-22 00:56:05,082] {processor.py:641} INFO - Processing file /home/airflow/.local/lib/python3.7/site-packages/airflow/example_dags/example_branch_operator.py for tasks to queue
[2022-11-22 00:56:05,083] {logging_mixin.py:115} INFO - [2022-11-22 00:56:05,083] {dagbag.py:508} INFO - Filling up the DagBag from /home/airflow/.local/lib/python3.7/site-packages/airflow/example_dags/example_branch_operator.py
[2022-11-22 00:56:05,100] {processor.py:651} INFO - DAG(s) dict_keys(['example_branch_operator']) retrieved from /home/airflow/.local/lib/python3.7/site-packages/airflow/example_dags/example_branch_operator.py
[2022-11-22 00:56:05,140] {logging_mixin.py:115} INFO - [2022-11-22 00:56:05,140] {dag.py:2420} INFO - Sync 1 DAGs
[2022-11-22 00:56:05,303] {logging_mixin.py:115} INFO - [2022-11-22 00:56:05,303] {dag.py:2972} INFO - Setting next_dagrun for example_branch_operator to 2022-11-21T00:00:00+00:00, run_after=2022-11-22T00:00:00+00:00
[2022-11-22 00:56:05,319] {processor.py:161} INFO - Processing /home/airflow/.local/lib/python3.7/site-packages/airflow/example_dags/example_branch_operator.py took 0.242 seconds
[2022-11-22 00:56:35,706] {processor.py:153} INFO - Started process (PID=1549) to work on /home/airflow/.local/lib/python3.7/site-packages/airflow/example_dags/example_branch_operator.py
[2022-11-22 00:56:35,707] {processor.py:641} INFO - Processing file /home/airflow/.local/lib/python3.7/site-packages/airflow/example_dags/example_branch_operator.py for tasks to queue
[2022-11-22 00:56:35,708] {logging_mixin.py:115} INFO - [2022-11-22 00:56:35,708] {dagbag.py:508} INFO - Filling up the DagBag from /home/airflow/.local/lib/python3.7/site-packages/airflow/example_dags/example_branch_operator.py
[2022-11-22 00:56:35,731] {processor.py:651} INFO - DAG(s) dict_keys(['example_branch_operator']) retrieved from /home/airflow/.local/lib/python3.7/site-packages/airflow/example_dags/example_branch_operator.py
[2022-11-22 00:56:35,798] {logging_mixin.py:115} INFO - [2022-11-22 00:56:35,798] {dag.py:2420} INFO - Sync 1 DAGs
[2022-11-22 00:56:36,104] {logging_mixin.py:115} INFO - [2022-11-22 00:56:36,104] {dag.py:2972} INFO - Setting next_dagrun for example_branch_operator to 2022-11-21T00:00:00+00:00, run_after=2022-11-22T00:00:00+00:00
[2022-11-22 00:56:36,138] {processor.py:161} INFO - Processing /home/airflow/.local/lib/python3.7/site-packages/airflow/example_dags/example_branch_operator.py took 0.437 seconds
[2022-11-22 00:57:06,994] {processor.py:153} INFO - Started process (PID=1611) to work on /home/airflow/.local/lib/python3.7/site-packages/airflow/example_dags/example_branch_operator.py
[2022-11-22 00:57:06,995] {processor.py:641} INFO - Processing file /home/airflow/.local/lib/python3.7/site-packages/airflow/example_dags/example_branch_operator.py for tasks to queue
[2022-11-22 00:57:06,996] {logging_mixin.py:115} INFO - [2022-11-22 00:57:06,996] {dagbag.py:508} INFO - Filling up the DagBag from /home/airflow/.local/lib/python3.7/site-packages/airflow/example_dags/example_branch_operator.py
[2022-11-22 00:57:07,016] {processor.py:651} INFO - DAG(s) dict_keys(['example_branch_operator']) retrieved from /home/airflow/.local/lib/python3.7/site-packages/airflow/example_dags/example_branch_operator.py
[2022-11-22 00:57:07,078] {logging_mixin.py:115} INFO - [2022-11-22 00:57:07,078] {dag.py:2420} INFO - Sync 1 DAGs
[2022-11-22 00:57:07,352] {logging_mixin.py:115} INFO - [2022-11-22 00:57:07,351] {dag.py:2972} INFO - Setting next_dagrun for example_branch_operator to 2022-11-21T00:00:00+00:00, run_after=2022-11-22T00:00:00+00:00
[2022-11-22 00:57:07,383] {processor.py:161} INFO - Processing /home/airflow/.local/lib/python3.7/site-packages/airflow/example_dags/example_branch_operator.py took 0.394 seconds
[2022-11-22 00:57:38,407] {processor.py:153} INFO - Started process (PID=1665) to work on /home/airflow/.local/lib/python3.7/site-packages/airflow/example_dags/example_branch_operator.py
[2022-11-22 00:57:38,408] {processor.py:641} INFO - Processing file /home/airflow/.local/lib/python3.7/site-packages/airflow/example_dags/example_branch_operator.py for tasks to queue
[2022-11-22 00:57:38,409] {logging_mixin.py:115} INFO - [2022-11-22 00:57:38,409] {dagbag.py:508} INFO - Filling up the DagBag from /home/airflow/.local/lib/python3.7/site-packages/airflow/example_dags/example_branch_operator.py
[2022-11-22 00:57:38,428] {processor.py:651} INFO - DAG(s) dict_keys(['example_branch_operator']) retrieved from /home/airflow/.local/lib/python3.7/site-packages/airflow/example_dags/example_branch_operator.py
[2022-11-22 00:57:38,483] {logging_mixin.py:115} INFO - [2022-11-22 00:57:38,483] {dag.py:2420} INFO - Sync 1 DAGs
[2022-11-22 00:57:38,772] {logging_mixin.py:115} INFO - [2022-11-22 00:57:38,772] {dag.py:2972} INFO - Setting next_dagrun for example_branch_operator to 2022-11-21T00:00:00+00:00, run_after=2022-11-22T00:00:00+00:00
[2022-11-22 00:57:38,797] {processor.py:161} INFO - Processing /home/airflow/.local/lib/python3.7/site-packages/airflow/example_dags/example_branch_operator.py took 0.395 seconds
