[2022-11-22 00:43:08,569] {processor.py:153} INFO - Started process (PID=63) to work on /home/airflow/.local/lib/python3.7/site-packages/airflow/example_dags/tutorial.py
[2022-11-22 00:43:08,570] {processor.py:641} INFO - Processing file /home/airflow/.local/lib/python3.7/site-packages/airflow/example_dags/tutorial.py for tasks to queue
[2022-11-22 00:43:08,572] {logging_mixin.py:115} INFO - [2022-11-22 00:43:08,572] {dagbag.py:508} INFO - Filling up the DagBag from /home/airflow/.local/lib/python3.7/site-packages/airflow/example_dags/tutorial.py
[2022-11-22 00:43:08,594] {processor.py:651} INFO - DAG(s) dict_keys(['tutorial']) retrieved from /home/airflow/.local/lib/python3.7/site-packages/airflow/example_dags/tutorial.py
[2022-11-22 00:43:08,672] {logging_mixin.py:115} INFO - [2022-11-22 00:43:08,671] {dag.py:2420} INFO - Sync 1 DAGs
[2022-11-22 00:43:09,142] {logging_mixin.py:115} INFO - [2022-11-22 00:43:09,142] {dag.py:2972} INFO - Setting next_dagrun for tutorial to 2022-11-21T00:43:09.142033+00:00, run_after=2022-11-22T00:43:09.142033+00:00
[2022-11-22 00:43:09,207] {processor.py:161} INFO - Processing /home/airflow/.local/lib/python3.7/site-packages/airflow/example_dags/tutorial.py took 0.654 seconds
[2022-11-22 00:43:40,110] {processor.py:153} INFO - Started process (PID=115) to work on /home/airflow/.local/lib/python3.7/site-packages/airflow/example_dags/tutorial.py
[2022-11-22 00:43:40,112] {processor.py:641} INFO - Processing file /home/airflow/.local/lib/python3.7/site-packages/airflow/example_dags/tutorial.py for tasks to queue
[2022-11-22 00:43:40,113] {logging_mixin.py:115} INFO - [2022-11-22 00:43:40,113] {dagbag.py:508} INFO - Filling up the DagBag from /home/airflow/.local/lib/python3.7/site-packages/airflow/example_dags/tutorial.py
[2022-11-22 00:43:40,129] {processor.py:651} INFO - DAG(s) dict_keys(['tutorial']) retrieved from /home/airflow/.local/lib/python3.7/site-packages/airflow/example_dags/tutorial.py
[2022-11-22 00:43:40,209] {logging_mixin.py:115} INFO - [2022-11-22 00:43:40,209] {dag.py:2420} INFO - Sync 1 DAGs
[2022-11-22 00:43:40,673] {logging_mixin.py:115} INFO - [2022-11-22 00:43:40,673] {dag.py:2972} INFO - Setting next_dagrun for tutorial to 2022-11-21T00:43:40.672232+00:00, run_after=2022-11-22T00:43:40.672232+00:00
[2022-11-22 00:43:40,718] {processor.py:161} INFO - Processing /home/airflow/.local/lib/python3.7/site-packages/airflow/example_dags/tutorial.py took 0.617 seconds
[2022-11-22 00:44:10,958] {processor.py:153} INFO - Started process (PID=173) to work on /home/airflow/.local/lib/python3.7/site-packages/airflow/example_dags/tutorial.py
[2022-11-22 00:44:10,970] {processor.py:641} INFO - Processing file /home/airflow/.local/lib/python3.7/site-packages/airflow/example_dags/tutorial.py for tasks to queue
[2022-11-22 00:44:10,972] {logging_mixin.py:115} INFO - [2022-11-22 00:44:10,972] {dagbag.py:508} INFO - Filling up the DagBag from /home/airflow/.local/lib/python3.7/site-packages/airflow/example_dags/tutorial.py
[2022-11-22 00:44:10,996] {processor.py:651} INFO - DAG(s) dict_keys(['tutorial']) retrieved from /home/airflow/.local/lib/python3.7/site-packages/airflow/example_dags/tutorial.py
[2022-11-22 00:44:11,081] {logging_mixin.py:115} INFO - [2022-11-22 00:44:11,081] {dag.py:2420} INFO - Sync 1 DAGs
[2022-11-22 00:44:11,517] {logging_mixin.py:115} INFO - [2022-11-22 00:44:11,517] {dag.py:2972} INFO - Setting next_dagrun for tutorial to 2022-11-21T00:44:11.517364+00:00, run_after=2022-11-22T00:44:11.517364+00:00
[2022-11-22 00:44:11,543] {processor.py:161} INFO - Processing /home/airflow/.local/lib/python3.7/site-packages/airflow/example_dags/tutorial.py took 0.596 seconds
[2022-11-22 00:44:41,715] {processor.py:153} INFO - Started process (PID=230) to work on /home/airflow/.local/lib/python3.7/site-packages/airflow/example_dags/tutorial.py
[2022-11-22 00:44:41,716] {processor.py:641} INFO - Processing file /home/airflow/.local/lib/python3.7/site-packages/airflow/example_dags/tutorial.py for tasks to queue
[2022-11-22 00:44:41,717] {logging_mixin.py:115} INFO - [2022-11-22 00:44:41,717] {dagbag.py:508} INFO - Filling up the DagBag from /home/airflow/.local/lib/python3.7/site-packages/airflow/example_dags/tutorial.py
[2022-11-22 00:44:41,727] {processor.py:651} INFO - DAG(s) dict_keys(['tutorial']) retrieved from /home/airflow/.local/lib/python3.7/site-packages/airflow/example_dags/tutorial.py
[2022-11-22 00:44:41,775] {logging_mixin.py:115} INFO - [2022-11-22 00:44:41,774] {dag.py:2420} INFO - Sync 1 DAGs
[2022-11-22 00:44:42,051] {logging_mixin.py:115} INFO - [2022-11-22 00:44:42,050] {dag.py:2972} INFO - Setting next_dagrun for tutorial to 2022-11-21T00:44:42.050531+00:00, run_after=2022-11-22T00:44:42.050531+00:00
[2022-11-22 00:44:42,074] {processor.py:161} INFO - Processing /home/airflow/.local/lib/python3.7/site-packages/airflow/example_dags/tutorial.py took 0.364 seconds
[2022-11-22 00:45:12,344] {processor.py:153} INFO - Started process (PID=284) to work on /home/airflow/.local/lib/python3.7/site-packages/airflow/example_dags/tutorial.py
[2022-11-22 00:45:12,345] {processor.py:641} INFO - Processing file /home/airflow/.local/lib/python3.7/site-packages/airflow/example_dags/tutorial.py for tasks to queue
[2022-11-22 00:45:12,347] {logging_mixin.py:115} INFO - [2022-11-22 00:45:12,347] {dagbag.py:508} INFO - Filling up the DagBag from /home/airflow/.local/lib/python3.7/site-packages/airflow/example_dags/tutorial.py
[2022-11-22 00:45:12,356] {processor.py:651} INFO - DAG(s) dict_keys(['tutorial']) retrieved from /home/airflow/.local/lib/python3.7/site-packages/airflow/example_dags/tutorial.py
[2022-11-22 00:45:12,407] {logging_mixin.py:115} INFO - [2022-11-22 00:45:12,407] {dag.py:2420} INFO - Sync 1 DAGs
[2022-11-22 00:45:12,744] {logging_mixin.py:115} INFO - [2022-11-22 00:45:12,743] {dag.py:2972} INFO - Setting next_dagrun for tutorial to 2022-11-21T00:45:12.743368+00:00, run_after=2022-11-22T00:45:12.743368+00:00
[2022-11-22 00:45:12,775] {processor.py:161} INFO - Processing /home/airflow/.local/lib/python3.7/site-packages/airflow/example_dags/tutorial.py took 0.437 seconds
[2022-11-22 00:45:43,563] {processor.py:153} INFO - Started process (PID=344) to work on /home/airflow/.local/lib/python3.7/site-packages/airflow/example_dags/tutorial.py
[2022-11-22 00:45:43,564] {processor.py:641} INFO - Processing file /home/airflow/.local/lib/python3.7/site-packages/airflow/example_dags/tutorial.py for tasks to queue
[2022-11-22 00:45:43,565] {logging_mixin.py:115} INFO - [2022-11-22 00:45:43,565] {dagbag.py:508} INFO - Filling up the DagBag from /home/airflow/.local/lib/python3.7/site-packages/airflow/example_dags/tutorial.py
[2022-11-22 00:45:43,575] {processor.py:651} INFO - DAG(s) dict_keys(['tutorial']) retrieved from /home/airflow/.local/lib/python3.7/site-packages/airflow/example_dags/tutorial.py
[2022-11-22 00:45:43,626] {logging_mixin.py:115} INFO - [2022-11-22 00:45:43,626] {dag.py:2420} INFO - Sync 1 DAGs
[2022-11-22 00:45:43,844] {logging_mixin.py:115} INFO - [2022-11-22 00:45:43,843] {dag.py:2972} INFO - Setting next_dagrun for tutorial to 2022-11-21T00:45:43.843704+00:00, run_after=2022-11-22T00:45:43.843704+00:00
[2022-11-22 00:45:43,862] {processor.py:161} INFO - Processing /home/airflow/.local/lib/python3.7/site-packages/airflow/example_dags/tutorial.py took 0.305 seconds
[2022-11-22 00:46:13,963] {processor.py:153} INFO - Started process (PID=401) to work on /home/airflow/.local/lib/python3.7/site-packages/airflow/example_dags/tutorial.py
[2022-11-22 00:46:13,964] {processor.py:641} INFO - Processing file /home/airflow/.local/lib/python3.7/site-packages/airflow/example_dags/tutorial.py for tasks to queue
[2022-11-22 00:46:13,965] {logging_mixin.py:115} INFO - [2022-11-22 00:46:13,964] {dagbag.py:508} INFO - Filling up the DagBag from /home/airflow/.local/lib/python3.7/site-packages/airflow/example_dags/tutorial.py
[2022-11-22 00:46:13,973] {processor.py:651} INFO - DAG(s) dict_keys(['tutorial']) retrieved from /home/airflow/.local/lib/python3.7/site-packages/airflow/example_dags/tutorial.py
[2022-11-22 00:46:14,010] {logging_mixin.py:115} INFO - [2022-11-22 00:46:14,009] {dag.py:2420} INFO - Sync 1 DAGs
[2022-11-22 00:46:14,196] {logging_mixin.py:115} INFO - [2022-11-22 00:46:14,196] {dag.py:2972} INFO - Setting next_dagrun for tutorial to 2022-11-21T00:46:14.196503+00:00, run_after=2022-11-22T00:46:14.196503+00:00
[2022-11-22 00:46:14,214] {processor.py:161} INFO - Processing /home/airflow/.local/lib/python3.7/site-packages/airflow/example_dags/tutorial.py took 0.255 seconds
[2022-11-22 00:46:44,523] {processor.py:153} INFO - Started process (PID=455) to work on /home/airflow/.local/lib/python3.7/site-packages/airflow/example_dags/tutorial.py
[2022-11-22 00:46:44,524] {processor.py:641} INFO - Processing file /home/airflow/.local/lib/python3.7/site-packages/airflow/example_dags/tutorial.py for tasks to queue
[2022-11-22 00:46:44,525] {logging_mixin.py:115} INFO - [2022-11-22 00:46:44,525] {dagbag.py:508} INFO - Filling up the DagBag from /home/airflow/.local/lib/python3.7/site-packages/airflow/example_dags/tutorial.py
[2022-11-22 00:46:44,536] {processor.py:651} INFO - DAG(s) dict_keys(['tutorial']) retrieved from /home/airflow/.local/lib/python3.7/site-packages/airflow/example_dags/tutorial.py
[2022-11-22 00:46:44,585] {logging_mixin.py:115} INFO - [2022-11-22 00:46:44,585] {dag.py:2420} INFO - Sync 1 DAGs
[2022-11-22 00:46:44,883] {logging_mixin.py:115} INFO - [2022-11-22 00:46:44,882] {dag.py:2972} INFO - Setting next_dagrun for tutorial to 2022-11-21T00:46:44.882351+00:00, run_after=2022-11-22T00:46:44.882351+00:00
[2022-11-22 00:46:44,922] {processor.py:161} INFO - Processing /home/airflow/.local/lib/python3.7/site-packages/airflow/example_dags/tutorial.py took 0.403 seconds
[2022-11-22 00:47:16,260] {processor.py:153} INFO - Started process (PID=518) to work on /home/airflow/.local/lib/python3.7/site-packages/airflow/example_dags/tutorial.py
[2022-11-22 00:47:16,261] {processor.py:641} INFO - Processing file /home/airflow/.local/lib/python3.7/site-packages/airflow/example_dags/tutorial.py for tasks to queue
[2022-11-22 00:47:16,262] {logging_mixin.py:115} INFO - [2022-11-22 00:47:16,262] {dagbag.py:508} INFO - Filling up the DagBag from /home/airflow/.local/lib/python3.7/site-packages/airflow/example_dags/tutorial.py
[2022-11-22 00:47:16,272] {processor.py:651} INFO - DAG(s) dict_keys(['tutorial']) retrieved from /home/airflow/.local/lib/python3.7/site-packages/airflow/example_dags/tutorial.py
[2022-11-22 00:47:16,323] {logging_mixin.py:115} INFO - [2022-11-22 00:47:16,323] {dag.py:2420} INFO - Sync 1 DAGs
[2022-11-22 00:47:16,619] {logging_mixin.py:115} INFO - [2022-11-22 00:47:16,619] {dag.py:2972} INFO - Setting next_dagrun for tutorial to 2022-11-21T00:47:16.619093+00:00, run_after=2022-11-22T00:47:16.619093+00:00
[2022-11-22 00:47:16,659] {processor.py:161} INFO - Processing /home/airflow/.local/lib/python3.7/site-packages/airflow/example_dags/tutorial.py took 0.404 seconds
[2022-11-22 00:47:47,055] {processor.py:153} INFO - Started process (PID=574) to work on /home/airflow/.local/lib/python3.7/site-packages/airflow/example_dags/tutorial.py
[2022-11-22 00:47:47,056] {processor.py:641} INFO - Processing file /home/airflow/.local/lib/python3.7/site-packages/airflow/example_dags/tutorial.py for tasks to queue
[2022-11-22 00:47:47,057] {logging_mixin.py:115} INFO - [2022-11-22 00:47:47,056] {dagbag.py:508} INFO - Filling up the DagBag from /home/airflow/.local/lib/python3.7/site-packages/airflow/example_dags/tutorial.py
[2022-11-22 00:47:47,064] {processor.py:651} INFO - DAG(s) dict_keys(['tutorial']) retrieved from /home/airflow/.local/lib/python3.7/site-packages/airflow/example_dags/tutorial.py
[2022-11-22 00:47:47,106] {logging_mixin.py:115} INFO - [2022-11-22 00:47:47,106] {dag.py:2420} INFO - Sync 1 DAGs
[2022-11-22 00:47:47,395] {logging_mixin.py:115} INFO - [2022-11-22 00:47:47,395] {dag.py:2972} INFO - Setting next_dagrun for tutorial to 2022-11-21T00:47:47.395016+00:00, run_after=2022-11-22T00:47:47.395016+00:00
[2022-11-22 00:47:47,420] {processor.py:161} INFO - Processing /home/airflow/.local/lib/python3.7/site-packages/airflow/example_dags/tutorial.py took 0.370 seconds
[2022-11-22 00:48:18,148] {processor.py:153} INFO - Started process (PID=628) to work on /home/airflow/.local/lib/python3.7/site-packages/airflow/example_dags/tutorial.py
[2022-11-22 00:48:18,149] {processor.py:641} INFO - Processing file /home/airflow/.local/lib/python3.7/site-packages/airflow/example_dags/tutorial.py for tasks to queue
[2022-11-22 00:48:18,150] {logging_mixin.py:115} INFO - [2022-11-22 00:48:18,150] {dagbag.py:508} INFO - Filling up the DagBag from /home/airflow/.local/lib/python3.7/site-packages/airflow/example_dags/tutorial.py
[2022-11-22 00:48:18,159] {processor.py:651} INFO - DAG(s) dict_keys(['tutorial']) retrieved from /home/airflow/.local/lib/python3.7/site-packages/airflow/example_dags/tutorial.py
[2022-11-22 00:48:18,210] {logging_mixin.py:115} INFO - [2022-11-22 00:48:18,209] {dag.py:2420} INFO - Sync 1 DAGs
[2022-11-22 00:48:18,510] {logging_mixin.py:115} INFO - [2022-11-22 00:48:18,510] {dag.py:2972} INFO - Setting next_dagrun for tutorial to 2022-11-21T00:48:18.510253+00:00, run_after=2022-11-22T00:48:18.510253+00:00
[2022-11-22 00:48:18,536] {processor.py:161} INFO - Processing /home/airflow/.local/lib/python3.7/site-packages/airflow/example_dags/tutorial.py took 0.394 seconds
[2022-11-22 00:48:49,831] {processor.py:153} INFO - Started process (PID=691) to work on /home/airflow/.local/lib/python3.7/site-packages/airflow/example_dags/tutorial.py
[2022-11-22 00:48:49,832] {processor.py:641} INFO - Processing file /home/airflow/.local/lib/python3.7/site-packages/airflow/example_dags/tutorial.py for tasks to queue
[2022-11-22 00:48:49,833] {logging_mixin.py:115} INFO - [2022-11-22 00:48:49,833] {dagbag.py:508} INFO - Filling up the DagBag from /home/airflow/.local/lib/python3.7/site-packages/airflow/example_dags/tutorial.py
[2022-11-22 00:48:49,840] {processor.py:651} INFO - DAG(s) dict_keys(['tutorial']) retrieved from /home/airflow/.local/lib/python3.7/site-packages/airflow/example_dags/tutorial.py
[2022-11-22 00:48:49,887] {logging_mixin.py:115} INFO - [2022-11-22 00:48:49,887] {dag.py:2420} INFO - Sync 1 DAGs
[2022-11-22 00:48:50,152] {logging_mixin.py:115} INFO - [2022-11-22 00:48:50,152] {dag.py:2972} INFO - Setting next_dagrun for tutorial to 2022-11-21T00:48:50.151868+00:00, run_after=2022-11-22T00:48:50.151868+00:00
[2022-11-22 00:48:50,177] {processor.py:161} INFO - Processing /home/airflow/.local/lib/python3.7/site-packages/airflow/example_dags/tutorial.py took 0.350 seconds
[2022-11-22 00:49:20,513] {processor.py:153} INFO - Started process (PID=745) to work on /home/airflow/.local/lib/python3.7/site-packages/airflow/example_dags/tutorial.py
[2022-11-22 00:49:20,515] {processor.py:641} INFO - Processing file /home/airflow/.local/lib/python3.7/site-packages/airflow/example_dags/tutorial.py for tasks to queue
[2022-11-22 00:49:20,516] {logging_mixin.py:115} INFO - [2022-11-22 00:49:20,516] {dagbag.py:508} INFO - Filling up the DagBag from /home/airflow/.local/lib/python3.7/site-packages/airflow/example_dags/tutorial.py
[2022-11-22 00:49:20,528] {processor.py:651} INFO - DAG(s) dict_keys(['tutorial']) retrieved from /home/airflow/.local/lib/python3.7/site-packages/airflow/example_dags/tutorial.py
[2022-11-22 00:49:20,587] {logging_mixin.py:115} INFO - [2022-11-22 00:49:20,587] {dag.py:2420} INFO - Sync 1 DAGs
[2022-11-22 00:49:20,886] {logging_mixin.py:115} INFO - [2022-11-22 00:49:20,885] {dag.py:2972} INFO - Setting next_dagrun for tutorial to 2022-11-21T00:49:20.883855+00:00, run_after=2022-11-22T00:49:20.883855+00:00
[2022-11-22 00:49:20,949] {processor.py:161} INFO - Processing /home/airflow/.local/lib/python3.7/site-packages/airflow/example_dags/tutorial.py took 0.442 seconds
[2022-11-22 00:49:51,962] {processor.py:153} INFO - Started process (PID=808) to work on /home/airflow/.local/lib/python3.7/site-packages/airflow/example_dags/tutorial.py
[2022-11-22 00:49:51,963] {processor.py:641} INFO - Processing file /home/airflow/.local/lib/python3.7/site-packages/airflow/example_dags/tutorial.py for tasks to queue
[2022-11-22 00:49:51,964] {logging_mixin.py:115} INFO - [2022-11-22 00:49:51,964] {dagbag.py:508} INFO - Filling up the DagBag from /home/airflow/.local/lib/python3.7/site-packages/airflow/example_dags/tutorial.py
[2022-11-22 00:49:51,971] {processor.py:651} INFO - DAG(s) dict_keys(['tutorial']) retrieved from /home/airflow/.local/lib/python3.7/site-packages/airflow/example_dags/tutorial.py
[2022-11-22 00:49:52,015] {logging_mixin.py:115} INFO - [2022-11-22 00:49:52,015] {dag.py:2420} INFO - Sync 1 DAGs
[2022-11-22 00:49:52,216] {logging_mixin.py:115} INFO - [2022-11-22 00:49:52,216] {dag.py:2972} INFO - Setting next_dagrun for tutorial to 2022-11-21T00:49:52.216022+00:00, run_after=2022-11-22T00:49:52.216022+00:00
[2022-11-22 00:49:52,240] {processor.py:161} INFO - Processing /home/airflow/.local/lib/python3.7/site-packages/airflow/example_dags/tutorial.py took 0.282 seconds
[2022-11-22 00:50:22,870] {processor.py:153} INFO - Started process (PID=862) to work on /home/airflow/.local/lib/python3.7/site-packages/airflow/example_dags/tutorial.py
[2022-11-22 00:50:22,871] {processor.py:641} INFO - Processing file /home/airflow/.local/lib/python3.7/site-packages/airflow/example_dags/tutorial.py for tasks to queue
[2022-11-22 00:50:22,872] {logging_mixin.py:115} INFO - [2022-11-22 00:50:22,872] {dagbag.py:508} INFO - Filling up the DagBag from /home/airflow/.local/lib/python3.7/site-packages/airflow/example_dags/tutorial.py
[2022-11-22 00:50:22,882] {processor.py:651} INFO - DAG(s) dict_keys(['tutorial']) retrieved from /home/airflow/.local/lib/python3.7/site-packages/airflow/example_dags/tutorial.py
[2022-11-22 00:50:23,007] {logging_mixin.py:115} INFO - [2022-11-22 00:50:23,006] {dag.py:2420} INFO - Sync 1 DAGs
[2022-11-22 00:50:23,366] {logging_mixin.py:115} INFO - [2022-11-22 00:50:23,365] {dag.py:2972} INFO - Setting next_dagrun for tutorial to 2022-11-21T00:50:23.365510+00:00, run_after=2022-11-22T00:50:23.365510+00:00
[2022-11-22 00:50:23,393] {processor.py:161} INFO - Processing /home/airflow/.local/lib/python3.7/site-packages/airflow/example_dags/tutorial.py took 0.531 seconds
[2022-11-22 00:50:53,745] {processor.py:153} INFO - Started process (PID=916) to work on /home/airflow/.local/lib/python3.7/site-packages/airflow/example_dags/tutorial.py
[2022-11-22 00:50:53,746] {processor.py:641} INFO - Processing file /home/airflow/.local/lib/python3.7/site-packages/airflow/example_dags/tutorial.py for tasks to queue
[2022-11-22 00:50:53,747] {logging_mixin.py:115} INFO - [2022-11-22 00:50:53,747] {dagbag.py:508} INFO - Filling up the DagBag from /home/airflow/.local/lib/python3.7/site-packages/airflow/example_dags/tutorial.py
[2022-11-22 00:50:53,759] {processor.py:651} INFO - DAG(s) dict_keys(['tutorial']) retrieved from /home/airflow/.local/lib/python3.7/site-packages/airflow/example_dags/tutorial.py
[2022-11-22 00:50:53,827] {logging_mixin.py:115} INFO - [2022-11-22 00:50:53,826] {dag.py:2420} INFO - Sync 1 DAGs
[2022-11-22 00:50:54,169] {logging_mixin.py:115} INFO - [2022-11-22 00:50:54,168] {dag.py:2972} INFO - Setting next_dagrun for tutorial to 2022-11-21T00:50:54.168310+00:00, run_after=2022-11-22T00:50:54.168310+00:00
[2022-11-22 00:50:54,204] {processor.py:161} INFO - Processing /home/airflow/.local/lib/python3.7/site-packages/airflow/example_dags/tutorial.py took 0.464 seconds
[2022-11-22 00:51:24,844] {processor.py:153} INFO - Started process (PID=979) to work on /home/airflow/.local/lib/python3.7/site-packages/airflow/example_dags/tutorial.py
[2022-11-22 00:51:24,845] {processor.py:641} INFO - Processing file /home/airflow/.local/lib/python3.7/site-packages/airflow/example_dags/tutorial.py for tasks to queue
[2022-11-22 00:51:24,846] {logging_mixin.py:115} INFO - [2022-11-22 00:51:24,846] {dagbag.py:508} INFO - Filling up the DagBag from /home/airflow/.local/lib/python3.7/site-packages/airflow/example_dags/tutorial.py
[2022-11-22 00:51:24,858] {processor.py:651} INFO - DAG(s) dict_keys(['tutorial']) retrieved from /home/airflow/.local/lib/python3.7/site-packages/airflow/example_dags/tutorial.py
[2022-11-22 00:51:24,928] {logging_mixin.py:115} INFO - [2022-11-22 00:51:24,928] {dag.py:2420} INFO - Sync 1 DAGs
[2022-11-22 00:51:25,258] {logging_mixin.py:115} INFO - [2022-11-22 00:51:25,257] {dag.py:2972} INFO - Setting next_dagrun for tutorial to 2022-11-21T00:51:25.257183+00:00, run_after=2022-11-22T00:51:25.257183+00:00
[2022-11-22 00:51:25,288] {processor.py:161} INFO - Processing /home/airflow/.local/lib/python3.7/site-packages/airflow/example_dags/tutorial.py took 0.451 seconds
[2022-11-22 00:51:55,790] {processor.py:153} INFO - Started process (PID=1033) to work on /home/airflow/.local/lib/python3.7/site-packages/airflow/example_dags/tutorial.py
[2022-11-22 00:51:55,791] {processor.py:641} INFO - Processing file /home/airflow/.local/lib/python3.7/site-packages/airflow/example_dags/tutorial.py for tasks to queue
[2022-11-22 00:51:55,793] {logging_mixin.py:115} INFO - [2022-11-22 00:51:55,793] {dagbag.py:508} INFO - Filling up the DagBag from /home/airflow/.local/lib/python3.7/site-packages/airflow/example_dags/tutorial.py
[2022-11-22 00:51:55,806] {processor.py:651} INFO - DAG(s) dict_keys(['tutorial']) retrieved from /home/airflow/.local/lib/python3.7/site-packages/airflow/example_dags/tutorial.py
[2022-11-22 00:51:55,860] {logging_mixin.py:115} INFO - [2022-11-22 00:51:55,860] {dag.py:2420} INFO - Sync 1 DAGs
[2022-11-22 00:51:56,141] {logging_mixin.py:115} INFO - [2022-11-22 00:51:56,141] {dag.py:2972} INFO - Setting next_dagrun for tutorial to 2022-11-21T00:51:56.140815+00:00, run_after=2022-11-22T00:51:56.140815+00:00
[2022-11-22 00:51:56,168] {processor.py:161} INFO - Processing /home/airflow/.local/lib/python3.7/site-packages/airflow/example_dags/tutorial.py took 0.385 seconds
[2022-11-22 00:52:27,432] {processor.py:153} INFO - Started process (PID=1087) to work on /home/airflow/.local/lib/python3.7/site-packages/airflow/example_dags/tutorial.py
[2022-11-22 00:52:27,434] {processor.py:641} INFO - Processing file /home/airflow/.local/lib/python3.7/site-packages/airflow/example_dags/tutorial.py for tasks to queue
[2022-11-22 00:52:27,435] {logging_mixin.py:115} INFO - [2022-11-22 00:52:27,435] {dagbag.py:508} INFO - Filling up the DagBag from /home/airflow/.local/lib/python3.7/site-packages/airflow/example_dags/tutorial.py
[2022-11-22 00:52:27,446] {processor.py:651} INFO - DAG(s) dict_keys(['tutorial']) retrieved from /home/airflow/.local/lib/python3.7/site-packages/airflow/example_dags/tutorial.py
[2022-11-22 00:52:27,489] {logging_mixin.py:115} INFO - [2022-11-22 00:52:27,489] {dag.py:2420} INFO - Sync 1 DAGs
[2022-11-22 00:52:27,680] {logging_mixin.py:115} INFO - [2022-11-22 00:52:27,679] {dag.py:2972} INFO - Setting next_dagrun for tutorial to 2022-11-21T00:52:27.679574+00:00, run_after=2022-11-22T00:52:27.679574+00:00
[2022-11-22 00:52:27,701] {processor.py:161} INFO - Processing /home/airflow/.local/lib/python3.7/site-packages/airflow/example_dags/tutorial.py took 0.275 seconds
[2022-11-22 00:52:58,178] {processor.py:153} INFO - Started process (PID=1151) to work on /home/airflow/.local/lib/python3.7/site-packages/airflow/example_dags/tutorial.py
[2022-11-22 00:52:58,179] {processor.py:641} INFO - Processing file /home/airflow/.local/lib/python3.7/site-packages/airflow/example_dags/tutorial.py for tasks to queue
[2022-11-22 00:52:58,180] {logging_mixin.py:115} INFO - [2022-11-22 00:52:58,180] {dagbag.py:508} INFO - Filling up the DagBag from /home/airflow/.local/lib/python3.7/site-packages/airflow/example_dags/tutorial.py
[2022-11-22 00:52:58,188] {processor.py:651} INFO - DAG(s) dict_keys(['tutorial']) retrieved from /home/airflow/.local/lib/python3.7/site-packages/airflow/example_dags/tutorial.py
[2022-11-22 00:52:58,240] {logging_mixin.py:115} INFO - [2022-11-22 00:52:58,239] {dag.py:2420} INFO - Sync 1 DAGs
[2022-11-22 00:52:58,508] {logging_mixin.py:115} INFO - [2022-11-22 00:52:58,508] {dag.py:2972} INFO - Setting next_dagrun for tutorial to 2022-11-21T00:52:58.508328+00:00, run_after=2022-11-22T00:52:58.508328+00:00
[2022-11-22 00:52:58,534] {processor.py:161} INFO - Processing /home/airflow/.local/lib/python3.7/site-packages/airflow/example_dags/tutorial.py took 0.361 seconds
[2022-11-22 00:53:28,963] {processor.py:153} INFO - Started process (PID=1204) to work on /home/airflow/.local/lib/python3.7/site-packages/airflow/example_dags/tutorial.py
[2022-11-22 00:53:28,964] {processor.py:641} INFO - Processing file /home/airflow/.local/lib/python3.7/site-packages/airflow/example_dags/tutorial.py for tasks to queue
[2022-11-22 00:53:28,965] {logging_mixin.py:115} INFO - [2022-11-22 00:53:28,964] {dagbag.py:508} INFO - Filling up the DagBag from /home/airflow/.local/lib/python3.7/site-packages/airflow/example_dags/tutorial.py
[2022-11-22 00:53:28,978] {processor.py:651} INFO - DAG(s) dict_keys(['tutorial']) retrieved from /home/airflow/.local/lib/python3.7/site-packages/airflow/example_dags/tutorial.py
[2022-11-22 00:53:29,032] {logging_mixin.py:115} INFO - [2022-11-22 00:53:29,032] {dag.py:2420} INFO - Sync 1 DAGs
[2022-11-22 00:53:29,321] {logging_mixin.py:115} INFO - [2022-11-22 00:53:29,321] {dag.py:2972} INFO - Setting next_dagrun for tutorial to 2022-11-21T00:53:29.320447+00:00, run_after=2022-11-22T00:53:29.320447+00:00
[2022-11-22 00:53:29,347] {processor.py:161} INFO - Processing /home/airflow/.local/lib/python3.7/site-packages/airflow/example_dags/tutorial.py took 0.391 seconds
[2022-11-22 00:53:59,492] {processor.py:153} INFO - Started process (PID=1267) to work on /home/airflow/.local/lib/python3.7/site-packages/airflow/example_dags/tutorial.py
[2022-11-22 00:53:59,493] {processor.py:641} INFO - Processing file /home/airflow/.local/lib/python3.7/site-packages/airflow/example_dags/tutorial.py for tasks to queue
[2022-11-22 00:53:59,494] {logging_mixin.py:115} INFO - [2022-11-22 00:53:59,494] {dagbag.py:508} INFO - Filling up the DagBag from /home/airflow/.local/lib/python3.7/site-packages/airflow/example_dags/tutorial.py
[2022-11-22 00:53:59,506] {processor.py:651} INFO - DAG(s) dict_keys(['tutorial']) retrieved from /home/airflow/.local/lib/python3.7/site-packages/airflow/example_dags/tutorial.py
[2022-11-22 00:53:59,544] {logging_mixin.py:115} INFO - [2022-11-22 00:53:59,544] {dag.py:2420} INFO - Sync 1 DAGs
[2022-11-22 00:53:59,724] {logging_mixin.py:115} INFO - [2022-11-22 00:53:59,724] {dag.py:2972} INFO - Setting next_dagrun for tutorial to 2022-11-21T00:53:59.723823+00:00, run_after=2022-11-22T00:53:59.723823+00:00
[2022-11-22 00:53:59,748] {processor.py:161} INFO - Processing /home/airflow/.local/lib/python3.7/site-packages/airflow/example_dags/tutorial.py took 0.263 seconds
[2022-11-22 00:54:30,537] {processor.py:153} INFO - Started process (PID=1321) to work on /home/airflow/.local/lib/python3.7/site-packages/airflow/example_dags/tutorial.py
[2022-11-22 00:54:30,538] {processor.py:641} INFO - Processing file /home/airflow/.local/lib/python3.7/site-packages/airflow/example_dags/tutorial.py for tasks to queue
[2022-11-22 00:54:30,539] {logging_mixin.py:115} INFO - [2022-11-22 00:54:30,539] {dagbag.py:508} INFO - Filling up the DagBag from /home/airflow/.local/lib/python3.7/site-packages/airflow/example_dags/tutorial.py
[2022-11-22 00:54:30,550] {processor.py:651} INFO - DAG(s) dict_keys(['tutorial']) retrieved from /home/airflow/.local/lib/python3.7/site-packages/airflow/example_dags/tutorial.py
[2022-11-22 00:54:30,598] {logging_mixin.py:115} INFO - [2022-11-22 00:54:30,598] {dag.py:2420} INFO - Sync 1 DAGs
[2022-11-22 00:54:30,913] {logging_mixin.py:115} INFO - [2022-11-22 00:54:30,913] {dag.py:2972} INFO - Setting next_dagrun for tutorial to 2022-11-21T00:54:30.912671+00:00, run_after=2022-11-22T00:54:30.912671+00:00
[2022-11-22 00:54:30,950] {processor.py:161} INFO - Processing /home/airflow/.local/lib/python3.7/site-packages/airflow/example_dags/tutorial.py took 0.418 seconds
[2022-11-22 00:55:02,147] {processor.py:153} INFO - Started process (PID=1376) to work on /home/airflow/.local/lib/python3.7/site-packages/airflow/example_dags/tutorial.py
[2022-11-22 00:55:02,149] {processor.py:641} INFO - Processing file /home/airflow/.local/lib/python3.7/site-packages/airflow/example_dags/tutorial.py for tasks to queue
[2022-11-22 00:55:02,152] {logging_mixin.py:115} INFO - [2022-11-22 00:55:02,152] {dagbag.py:508} INFO - Filling up the DagBag from /home/airflow/.local/lib/python3.7/site-packages/airflow/example_dags/tutorial.py
[2022-11-22 00:55:02,167] {processor.py:651} INFO - DAG(s) dict_keys(['tutorial']) retrieved from /home/airflow/.local/lib/python3.7/site-packages/airflow/example_dags/tutorial.py
[2022-11-22 00:55:02,283] {logging_mixin.py:115} INFO - [2022-11-22 00:55:02,283] {dag.py:2420} INFO - Sync 1 DAGs
[2022-11-22 00:55:02,700] {logging_mixin.py:115} INFO - [2022-11-22 00:55:02,700] {dag.py:2972} INFO - Setting next_dagrun for tutorial to 2022-11-21T00:55:02.699285+00:00, run_after=2022-11-22T00:55:02.699285+00:00
[2022-11-22 00:55:02,743] {processor.py:161} INFO - Processing /home/airflow/.local/lib/python3.7/site-packages/airflow/example_dags/tutorial.py took 0.604 seconds
[2022-11-22 00:55:33,069] {processor.py:153} INFO - Started process (PID=1439) to work on /home/airflow/.local/lib/python3.7/site-packages/airflow/example_dags/tutorial.py
[2022-11-22 00:55:33,070] {processor.py:641} INFO - Processing file /home/airflow/.local/lib/python3.7/site-packages/airflow/example_dags/tutorial.py for tasks to queue
[2022-11-22 00:55:33,070] {logging_mixin.py:115} INFO - [2022-11-22 00:55:33,070] {dagbag.py:508} INFO - Filling up the DagBag from /home/airflow/.local/lib/python3.7/site-packages/airflow/example_dags/tutorial.py
[2022-11-22 00:55:33,077] {processor.py:651} INFO - DAG(s) dict_keys(['tutorial']) retrieved from /home/airflow/.local/lib/python3.7/site-packages/airflow/example_dags/tutorial.py
[2022-11-22 00:55:33,126] {logging_mixin.py:115} INFO - [2022-11-22 00:55:33,126] {dag.py:2420} INFO - Sync 1 DAGs
[2022-11-22 00:55:33,419] {logging_mixin.py:115} INFO - [2022-11-22 00:55:33,418] {dag.py:2972} INFO - Setting next_dagrun for tutorial to 2022-11-21T00:55:33.417943+00:00, run_after=2022-11-22T00:55:33.417943+00:00
[2022-11-22 00:55:33,451] {processor.py:161} INFO - Processing /home/airflow/.local/lib/python3.7/site-packages/airflow/example_dags/tutorial.py took 0.385 seconds
[2022-11-22 00:56:04,551] {processor.py:153} INFO - Started process (PID=1493) to work on /home/airflow/.local/lib/python3.7/site-packages/airflow/example_dags/tutorial.py
[2022-11-22 00:56:04,553] {processor.py:641} INFO - Processing file /home/airflow/.local/lib/python3.7/site-packages/airflow/example_dags/tutorial.py for tasks to queue
[2022-11-22 00:56:04,554] {logging_mixin.py:115} INFO - [2022-11-22 00:56:04,554] {dagbag.py:508} INFO - Filling up the DagBag from /home/airflow/.local/lib/python3.7/site-packages/airflow/example_dags/tutorial.py
[2022-11-22 00:56:04,565] {processor.py:651} INFO - DAG(s) dict_keys(['tutorial']) retrieved from /home/airflow/.local/lib/python3.7/site-packages/airflow/example_dags/tutorial.py
[2022-11-22 00:56:04,625] {logging_mixin.py:115} INFO - [2022-11-22 00:56:04,625] {dag.py:2420} INFO - Sync 1 DAGs
[2022-11-22 00:56:04,982] {logging_mixin.py:115} INFO - [2022-11-22 00:56:04,982] {dag.py:2972} INFO - Setting next_dagrun for tutorial to 2022-11-21T00:56:04.981602+00:00, run_after=2022-11-22T00:56:04.981602+00:00
[2022-11-22 00:56:04,999] {processor.py:161} INFO - Processing /home/airflow/.local/lib/python3.7/site-packages/airflow/example_dags/tutorial.py took 0.454 seconds
[2022-11-22 00:56:35,258] {processor.py:153} INFO - Started process (PID=1546) to work on /home/airflow/.local/lib/python3.7/site-packages/airflow/example_dags/tutorial.py
[2022-11-22 00:56:35,260] {processor.py:641} INFO - Processing file /home/airflow/.local/lib/python3.7/site-packages/airflow/example_dags/tutorial.py for tasks to queue
[2022-11-22 00:56:35,261] {logging_mixin.py:115} INFO - [2022-11-22 00:56:35,260] {dagbag.py:508} INFO - Filling up the DagBag from /home/airflow/.local/lib/python3.7/site-packages/airflow/example_dags/tutorial.py
[2022-11-22 00:56:35,277] {processor.py:651} INFO - DAG(s) dict_keys(['tutorial']) retrieved from /home/airflow/.local/lib/python3.7/site-packages/airflow/example_dags/tutorial.py
[2022-11-22 00:56:35,339] {logging_mixin.py:115} INFO - [2022-11-22 00:56:35,339] {dag.py:2420} INFO - Sync 1 DAGs
[2022-11-22 00:56:35,617] {logging_mixin.py:115} INFO - [2022-11-22 00:56:35,617] {dag.py:2972} INFO - Setting next_dagrun for tutorial to 2022-11-21T00:56:35.616579+00:00, run_after=2022-11-22T00:56:35.616579+00:00
[2022-11-22 00:56:35,644] {processor.py:161} INFO - Processing /home/airflow/.local/lib/python3.7/site-packages/airflow/example_dags/tutorial.py took 0.391 seconds
[2022-11-22 00:57:06,448] {processor.py:153} INFO - Started process (PID=1608) to work on /home/airflow/.local/lib/python3.7/site-packages/airflow/example_dags/tutorial.py
[2022-11-22 00:57:06,449] {processor.py:641} INFO - Processing file /home/airflow/.local/lib/python3.7/site-packages/airflow/example_dags/tutorial.py for tasks to queue
[2022-11-22 00:57:06,450] {logging_mixin.py:115} INFO - [2022-11-22 00:57:06,450] {dagbag.py:508} INFO - Filling up the DagBag from /home/airflow/.local/lib/python3.7/site-packages/airflow/example_dags/tutorial.py
[2022-11-22 00:57:06,459] {processor.py:651} INFO - DAG(s) dict_keys(['tutorial']) retrieved from /home/airflow/.local/lib/python3.7/site-packages/airflow/example_dags/tutorial.py
[2022-11-22 00:57:06,512] {logging_mixin.py:115} INFO - [2022-11-22 00:57:06,512] {dag.py:2420} INFO - Sync 1 DAGs
[2022-11-22 00:57:06,890] {logging_mixin.py:115} INFO - [2022-11-22 00:57:06,890] {dag.py:2972} INFO - Setting next_dagrun for tutorial to 2022-11-21T00:57:06.889993+00:00, run_after=2022-11-22T00:57:06.889993+00:00
[2022-11-22 00:57:06,915] {processor.py:161} INFO - Processing /home/airflow/.local/lib/python3.7/site-packages/airflow/example_dags/tutorial.py took 0.471 seconds
[2022-11-22 00:57:37,961] {processor.py:153} INFO - Started process (PID=1662) to work on /home/airflow/.local/lib/python3.7/site-packages/airflow/example_dags/tutorial.py
[2022-11-22 00:57:37,962] {processor.py:641} INFO - Processing file /home/airflow/.local/lib/python3.7/site-packages/airflow/example_dags/tutorial.py for tasks to queue
[2022-11-22 00:57:37,963] {logging_mixin.py:115} INFO - [2022-11-22 00:57:37,963] {dagbag.py:508} INFO - Filling up the DagBag from /home/airflow/.local/lib/python3.7/site-packages/airflow/example_dags/tutorial.py
[2022-11-22 00:57:37,972] {processor.py:651} INFO - DAG(s) dict_keys(['tutorial']) retrieved from /home/airflow/.local/lib/python3.7/site-packages/airflow/example_dags/tutorial.py
[2022-11-22 00:57:38,024] {logging_mixin.py:115} INFO - [2022-11-22 00:57:38,024] {dag.py:2420} INFO - Sync 1 DAGs
[2022-11-22 00:57:38,293] {logging_mixin.py:115} INFO - [2022-11-22 00:57:38,293] {dag.py:2972} INFO - Setting next_dagrun for tutorial to 2022-11-21T00:57:38.293201+00:00, run_after=2022-11-22T00:57:38.293201+00:00
[2022-11-22 00:57:38,319] {processor.py:161} INFO - Processing /home/airflow/.local/lib/python3.7/site-packages/airflow/example_dags/tutorial.py took 0.362 seconds
