[2022-08-24 09:55:30,377] {processor.py:153} INFO - Started process (PID=15512) to work on /home/airflow/.local/lib/python3.7/site-packages/airflow/example_dags/example_trigger_target_dag.py
[2022-08-24 09:55:30,379] {processor.py:641} INFO - Processing file /home/airflow/.local/lib/python3.7/site-packages/airflow/example_dags/example_trigger_target_dag.py for tasks to queue
[2022-08-24 09:55:30,380] {logging_mixin.py:115} INFO - [2022-08-24 09:55:30,380] {dagbag.py:508} INFO - Filling up the DagBag from /home/airflow/.local/lib/python3.7/site-packages/airflow/example_dags/example_trigger_target_dag.py
[2022-08-24 09:55:30,419] {processor.py:651} INFO - DAG(s) dict_keys(['example_trigger_target_dag']) retrieved from /home/airflow/.local/lib/python3.7/site-packages/airflow/example_dags/example_trigger_target_dag.py
[2022-08-24 09:55:30,481] {logging_mixin.py:115} INFO - [2022-08-24 09:55:30,480] {dag.py:2420} INFO - Sync 1 DAGs
[2022-08-24 09:55:30,558] {logging_mixin.py:115} INFO - [2022-08-24 09:55:30,558] {dag.py:2972} INFO - Setting next_dagrun for example_trigger_target_dag to None, run_after=None
[2022-08-24 09:55:30,604] {processor.py:161} INFO - Processing /home/airflow/.local/lib/python3.7/site-packages/airflow/example_dags/example_trigger_target_dag.py took 0.236 seconds
[2022-08-24 09:56:01,587] {processor.py:153} INFO - Started process (PID=15564) to work on /home/airflow/.local/lib/python3.7/site-packages/airflow/example_dags/example_trigger_target_dag.py
[2022-08-24 09:56:01,588] {processor.py:641} INFO - Processing file /home/airflow/.local/lib/python3.7/site-packages/airflow/example_dags/example_trigger_target_dag.py for tasks to queue
[2022-08-24 09:56:01,589] {logging_mixin.py:115} INFO - [2022-08-24 09:56:01,589] {dagbag.py:508} INFO - Filling up the DagBag from /home/airflow/.local/lib/python3.7/site-packages/airflow/example_dags/example_trigger_target_dag.py
[2022-08-24 09:56:01,617] {processor.py:651} INFO - DAG(s) dict_keys(['example_trigger_target_dag']) retrieved from /home/airflow/.local/lib/python3.7/site-packages/airflow/example_dags/example_trigger_target_dag.py
[2022-08-24 09:56:01,676] {logging_mixin.py:115} INFO - [2022-08-24 09:56:01,676] {dag.py:2420} INFO - Sync 1 DAGs
[2022-08-24 09:56:01,733] {logging_mixin.py:115} INFO - [2022-08-24 09:56:01,733] {dag.py:2972} INFO - Setting next_dagrun for example_trigger_target_dag to None, run_after=None
[2022-08-24 09:56:01,771] {processor.py:161} INFO - Processing /home/airflow/.local/lib/python3.7/site-packages/airflow/example_dags/example_trigger_target_dag.py took 0.189 seconds
[2022-08-24 09:56:33,899] {processor.py:153} INFO - Started process (PID=15625) to work on /home/airflow/.local/lib/python3.7/site-packages/airflow/example_dags/example_trigger_target_dag.py
[2022-08-24 09:56:33,901] {processor.py:641} INFO - Processing file /home/airflow/.local/lib/python3.7/site-packages/airflow/example_dags/example_trigger_target_dag.py for tasks to queue
[2022-08-24 09:56:33,902] {logging_mixin.py:115} INFO - [2022-08-24 09:56:33,902] {dagbag.py:508} INFO - Filling up the DagBag from /home/airflow/.local/lib/python3.7/site-packages/airflow/example_dags/example_trigger_target_dag.py
[2022-08-24 09:56:33,952] {processor.py:651} INFO - DAG(s) dict_keys(['example_trigger_target_dag']) retrieved from /home/airflow/.local/lib/python3.7/site-packages/airflow/example_dags/example_trigger_target_dag.py
[2022-08-24 09:56:34,014] {logging_mixin.py:115} INFO - [2022-08-24 09:56:34,013] {dag.py:2420} INFO - Sync 1 DAGs
[2022-08-24 09:56:34,075] {logging_mixin.py:115} INFO - [2022-08-24 09:56:34,074] {dag.py:2972} INFO - Setting next_dagrun for example_trigger_target_dag to None, run_after=None
[2022-08-24 09:56:34,111] {processor.py:161} INFO - Processing /home/airflow/.local/lib/python3.7/site-packages/airflow/example_dags/example_trigger_target_dag.py took 0.219 seconds
[2022-08-24 09:57:05,693] {processor.py:153} INFO - Started process (PID=15678) to work on /home/airflow/.local/lib/python3.7/site-packages/airflow/example_dags/example_trigger_target_dag.py
[2022-08-24 09:57:05,694] {processor.py:641} INFO - Processing file /home/airflow/.local/lib/python3.7/site-packages/airflow/example_dags/example_trigger_target_dag.py for tasks to queue
[2022-08-24 09:57:05,695] {logging_mixin.py:115} INFO - [2022-08-24 09:57:05,695] {dagbag.py:508} INFO - Filling up the DagBag from /home/airflow/.local/lib/python3.7/site-packages/airflow/example_dags/example_trigger_target_dag.py
[2022-08-24 09:57:05,720] {processor.py:651} INFO - DAG(s) dict_keys(['example_trigger_target_dag']) retrieved from /home/airflow/.local/lib/python3.7/site-packages/airflow/example_dags/example_trigger_target_dag.py
[2022-08-24 09:57:05,767] {logging_mixin.py:115} INFO - [2022-08-24 09:57:05,767] {dag.py:2420} INFO - Sync 1 DAGs
[2022-08-24 09:57:05,816] {logging_mixin.py:115} INFO - [2022-08-24 09:57:05,816] {dag.py:2972} INFO - Setting next_dagrun for example_trigger_target_dag to None, run_after=None
[2022-08-24 09:57:05,844] {processor.py:161} INFO - Processing /home/airflow/.local/lib/python3.7/site-packages/airflow/example_dags/example_trigger_target_dag.py took 0.155 seconds
[2022-08-24 09:57:37,438] {processor.py:153} INFO - Started process (PID=15732) to work on /home/airflow/.local/lib/python3.7/site-packages/airflow/example_dags/example_trigger_target_dag.py
[2022-08-24 09:57:37,439] {processor.py:641} INFO - Processing file /home/airflow/.local/lib/python3.7/site-packages/airflow/example_dags/example_trigger_target_dag.py for tasks to queue
[2022-08-24 09:57:37,440] {logging_mixin.py:115} INFO - [2022-08-24 09:57:37,440] {dagbag.py:508} INFO - Filling up the DagBag from /home/airflow/.local/lib/python3.7/site-packages/airflow/example_dags/example_trigger_target_dag.py
[2022-08-24 09:57:37,469] {processor.py:651} INFO - DAG(s) dict_keys(['example_trigger_target_dag']) retrieved from /home/airflow/.local/lib/python3.7/site-packages/airflow/example_dags/example_trigger_target_dag.py
[2022-08-24 09:57:37,526] {logging_mixin.py:115} INFO - [2022-08-24 09:57:37,525] {dag.py:2420} INFO - Sync 1 DAGs
[2022-08-24 09:57:37,584] {logging_mixin.py:115} INFO - [2022-08-24 09:57:37,583] {dag.py:2972} INFO - Setting next_dagrun for example_trigger_target_dag to None, run_after=None
[2022-08-24 09:57:37,611] {processor.py:161} INFO - Processing /home/airflow/.local/lib/python3.7/site-packages/airflow/example_dags/example_trigger_target_dag.py took 0.182 seconds
[2022-08-24 09:58:09,847] {processor.py:153} INFO - Started process (PID=15785) to work on /home/airflow/.local/lib/python3.7/site-packages/airflow/example_dags/example_trigger_target_dag.py
[2022-08-24 09:58:09,848] {processor.py:641} INFO - Processing file /home/airflow/.local/lib/python3.7/site-packages/airflow/example_dags/example_trigger_target_dag.py for tasks to queue
[2022-08-24 09:58:09,849] {logging_mixin.py:115} INFO - [2022-08-24 09:58:09,849] {dagbag.py:508} INFO - Filling up the DagBag from /home/airflow/.local/lib/python3.7/site-packages/airflow/example_dags/example_trigger_target_dag.py
[2022-08-24 09:58:09,886] {processor.py:651} INFO - DAG(s) dict_keys(['example_trigger_target_dag']) retrieved from /home/airflow/.local/lib/python3.7/site-packages/airflow/example_dags/example_trigger_target_dag.py
[2022-08-24 09:58:09,965] {logging_mixin.py:115} INFO - [2022-08-24 09:58:09,964] {dag.py:2420} INFO - Sync 1 DAGs
[2022-08-24 09:58:10,032] {logging_mixin.py:115} INFO - [2022-08-24 09:58:10,032] {dag.py:2972} INFO - Setting next_dagrun for example_trigger_target_dag to None, run_after=None
[2022-08-24 09:58:10,066] {processor.py:161} INFO - Processing /home/airflow/.local/lib/python3.7/site-packages/airflow/example_dags/example_trigger_target_dag.py took 0.227 seconds
[2022-08-24 09:58:41,943] {processor.py:153} INFO - Started process (PID=15838) to work on /home/airflow/.local/lib/python3.7/site-packages/airflow/example_dags/example_trigger_target_dag.py
[2022-08-24 09:58:41,944] {processor.py:641} INFO - Processing file /home/airflow/.local/lib/python3.7/site-packages/airflow/example_dags/example_trigger_target_dag.py for tasks to queue
[2022-08-24 09:58:41,946] {logging_mixin.py:115} INFO - [2022-08-24 09:58:41,945] {dagbag.py:508} INFO - Filling up the DagBag from /home/airflow/.local/lib/python3.7/site-packages/airflow/example_dags/example_trigger_target_dag.py
[2022-08-24 09:58:41,973] {processor.py:651} INFO - DAG(s) dict_keys(['example_trigger_target_dag']) retrieved from /home/airflow/.local/lib/python3.7/site-packages/airflow/example_dags/example_trigger_target_dag.py
[2022-08-24 09:58:42,017] {logging_mixin.py:115} INFO - [2022-08-24 09:58:42,017] {dag.py:2420} INFO - Sync 1 DAGs
[2022-08-24 09:58:42,073] {logging_mixin.py:115} INFO - [2022-08-24 09:58:42,072] {dag.py:2972} INFO - Setting next_dagrun for example_trigger_target_dag to None, run_after=None
[2022-08-24 09:58:42,104] {processor.py:161} INFO - Processing /home/airflow/.local/lib/python3.7/site-packages/airflow/example_dags/example_trigger_target_dag.py took 0.166 seconds
[2022-08-24 09:59:14,766] {processor.py:153} INFO - Started process (PID=15901) to work on /home/airflow/.local/lib/python3.7/site-packages/airflow/example_dags/example_trigger_target_dag.py
[2022-08-24 09:59:14,767] {processor.py:641} INFO - Processing file /home/airflow/.local/lib/python3.7/site-packages/airflow/example_dags/example_trigger_target_dag.py for tasks to queue
[2022-08-24 09:59:14,769] {logging_mixin.py:115} INFO - [2022-08-24 09:59:14,768] {dagbag.py:508} INFO - Filling up the DagBag from /home/airflow/.local/lib/python3.7/site-packages/airflow/example_dags/example_trigger_target_dag.py
[2022-08-24 09:59:14,808] {processor.py:651} INFO - DAG(s) dict_keys(['example_trigger_target_dag']) retrieved from /home/airflow/.local/lib/python3.7/site-packages/airflow/example_dags/example_trigger_target_dag.py
[2022-08-24 09:59:14,852] {logging_mixin.py:115} INFO - [2022-08-24 09:59:14,852] {dag.py:2420} INFO - Sync 1 DAGs
[2022-08-24 09:59:14,901] {logging_mixin.py:115} INFO - [2022-08-24 09:59:14,901] {dag.py:2972} INFO - Setting next_dagrun for example_trigger_target_dag to None, run_after=None
[2022-08-24 09:59:14,931] {processor.py:161} INFO - Processing /home/airflow/.local/lib/python3.7/site-packages/airflow/example_dags/example_trigger_target_dag.py took 0.173 seconds
[2022-08-24 09:59:46,572] {processor.py:153} INFO - Started process (PID=15955) to work on /home/airflow/.local/lib/python3.7/site-packages/airflow/example_dags/example_trigger_target_dag.py
[2022-08-24 09:59:46,573] {processor.py:641} INFO - Processing file /home/airflow/.local/lib/python3.7/site-packages/airflow/example_dags/example_trigger_target_dag.py for tasks to queue
[2022-08-24 09:59:46,574] {logging_mixin.py:115} INFO - [2022-08-24 09:59:46,574] {dagbag.py:508} INFO - Filling up the DagBag from /home/airflow/.local/lib/python3.7/site-packages/airflow/example_dags/example_trigger_target_dag.py
[2022-08-24 09:59:46,605] {processor.py:651} INFO - DAG(s) dict_keys(['example_trigger_target_dag']) retrieved from /home/airflow/.local/lib/python3.7/site-packages/airflow/example_dags/example_trigger_target_dag.py
[2022-08-24 09:59:46,652] {logging_mixin.py:115} INFO - [2022-08-24 09:59:46,652] {dag.py:2420} INFO - Sync 1 DAGs
[2022-08-24 09:59:46,703] {logging_mixin.py:115} INFO - [2022-08-24 09:59:46,702] {dag.py:2972} INFO - Setting next_dagrun for example_trigger_target_dag to None, run_after=None
[2022-08-24 09:59:46,731] {processor.py:161} INFO - Processing /home/airflow/.local/lib/python3.7/site-packages/airflow/example_dags/example_trigger_target_dag.py took 0.165 seconds
[2022-08-24 10:00:18,388] {processor.py:153} INFO - Started process (PID=16008) to work on /home/airflow/.local/lib/python3.7/site-packages/airflow/example_dags/example_trigger_target_dag.py
[2022-08-24 10:00:18,390] {processor.py:641} INFO - Processing file /home/airflow/.local/lib/python3.7/site-packages/airflow/example_dags/example_trigger_target_dag.py for tasks to queue
[2022-08-24 10:00:18,391] {logging_mixin.py:115} INFO - [2022-08-24 10:00:18,391] {dagbag.py:508} INFO - Filling up the DagBag from /home/airflow/.local/lib/python3.7/site-packages/airflow/example_dags/example_trigger_target_dag.py
[2022-08-24 10:00:18,427] {processor.py:651} INFO - DAG(s) dict_keys(['example_trigger_target_dag']) retrieved from /home/airflow/.local/lib/python3.7/site-packages/airflow/example_dags/example_trigger_target_dag.py
[2022-08-24 10:00:18,500] {logging_mixin.py:115} INFO - [2022-08-24 10:00:18,500] {dag.py:2420} INFO - Sync 1 DAGs
[2022-08-24 10:00:18,559] {logging_mixin.py:115} INFO - [2022-08-24 10:00:18,559] {dag.py:2972} INFO - Setting next_dagrun for example_trigger_target_dag to None, run_after=None
[2022-08-24 10:00:18,591] {processor.py:161} INFO - Processing /home/airflow/.local/lib/python3.7/site-packages/airflow/example_dags/example_trigger_target_dag.py took 0.209 seconds
[2022-08-24 10:00:56,864] {processor.py:153} INFO - Started process (PID=16061) to work on /home/airflow/.local/lib/python3.7/site-packages/airflow/example_dags/example_trigger_target_dag.py
[2022-08-24 10:00:56,865] {processor.py:641} INFO - Processing file /home/airflow/.local/lib/python3.7/site-packages/airflow/example_dags/example_trigger_target_dag.py for tasks to queue
[2022-08-24 10:00:56,867] {logging_mixin.py:115} INFO - [2022-08-24 10:00:56,866] {dagbag.py:508} INFO - Filling up the DagBag from /home/airflow/.local/lib/python3.7/site-packages/airflow/example_dags/example_trigger_target_dag.py
[2022-08-24 10:00:56,902] {processor.py:651} INFO - DAG(s) dict_keys(['example_trigger_target_dag']) retrieved from /home/airflow/.local/lib/python3.7/site-packages/airflow/example_dags/example_trigger_target_dag.py
[2022-08-24 10:00:56,958] {logging_mixin.py:115} INFO - [2022-08-24 10:00:56,958] {dag.py:2420} INFO - Sync 1 DAGs
[2022-08-24 10:00:57,011] {logging_mixin.py:115} INFO - [2022-08-24 10:00:57,011] {dag.py:2972} INFO - Setting next_dagrun for example_trigger_target_dag to None, run_after=None
[2022-08-24 10:00:57,037] {processor.py:161} INFO - Processing /home/airflow/.local/lib/python3.7/site-packages/airflow/example_dags/example_trigger_target_dag.py took 0.180 seconds
[2022-08-24 10:01:27,335] {processor.py:153} INFO - Started process (PID=16114) to work on /home/airflow/.local/lib/python3.7/site-packages/airflow/example_dags/example_trigger_target_dag.py
[2022-08-24 10:01:27,336] {processor.py:641} INFO - Processing file /home/airflow/.local/lib/python3.7/site-packages/airflow/example_dags/example_trigger_target_dag.py for tasks to queue
[2022-08-24 10:01:27,337] {logging_mixin.py:115} INFO - [2022-08-24 10:01:27,337] {dagbag.py:508} INFO - Filling up the DagBag from /home/airflow/.local/lib/python3.7/site-packages/airflow/example_dags/example_trigger_target_dag.py
[2022-08-24 10:01:27,379] {processor.py:651} INFO - DAG(s) dict_keys(['example_trigger_target_dag']) retrieved from /home/airflow/.local/lib/python3.7/site-packages/airflow/example_dags/example_trigger_target_dag.py
[2022-08-24 10:01:27,425] {logging_mixin.py:115} INFO - [2022-08-24 10:01:27,425] {dag.py:2420} INFO - Sync 1 DAGs
[2022-08-24 10:01:27,472] {logging_mixin.py:115} INFO - [2022-08-24 10:01:27,472] {dag.py:2972} INFO - Setting next_dagrun for example_trigger_target_dag to None, run_after=None
[2022-08-24 10:01:27,499] {processor.py:161} INFO - Processing /home/airflow/.local/lib/python3.7/site-packages/airflow/example_dags/example_trigger_target_dag.py took 0.170 seconds
[2022-08-24 10:01:57,687] {processor.py:153} INFO - Started process (PID=16167) to work on /home/airflow/.local/lib/python3.7/site-packages/airflow/example_dags/example_trigger_target_dag.py
[2022-08-24 10:01:57,688] {processor.py:641} INFO - Processing file /home/airflow/.local/lib/python3.7/site-packages/airflow/example_dags/example_trigger_target_dag.py for tasks to queue
[2022-08-24 10:01:57,689] {logging_mixin.py:115} INFO - [2022-08-24 10:01:57,688] {dagbag.py:508} INFO - Filling up the DagBag from /home/airflow/.local/lib/python3.7/site-packages/airflow/example_dags/example_trigger_target_dag.py
[2022-08-24 10:01:57,718] {processor.py:651} INFO - DAG(s) dict_keys(['example_trigger_target_dag']) retrieved from /home/airflow/.local/lib/python3.7/site-packages/airflow/example_dags/example_trigger_target_dag.py
[2022-08-24 10:01:57,767] {logging_mixin.py:115} INFO - [2022-08-24 10:01:57,766] {dag.py:2420} INFO - Sync 1 DAGs
[2022-08-24 10:01:57,814] {logging_mixin.py:115} INFO - [2022-08-24 10:01:57,814] {dag.py:2972} INFO - Setting next_dagrun for example_trigger_target_dag to None, run_after=None
[2022-08-24 10:01:57,841] {processor.py:161} INFO - Processing /home/airflow/.local/lib/python3.7/site-packages/airflow/example_dags/example_trigger_target_dag.py took 0.162 seconds
[2022-08-24 10:02:28,367] {processor.py:153} INFO - Started process (PID=16221) to work on /home/airflow/.local/lib/python3.7/site-packages/airflow/example_dags/example_trigger_target_dag.py
[2022-08-24 10:02:28,369] {processor.py:641} INFO - Processing file /home/airflow/.local/lib/python3.7/site-packages/airflow/example_dags/example_trigger_target_dag.py for tasks to queue
[2022-08-24 10:02:28,370] {logging_mixin.py:115} INFO - [2022-08-24 10:02:28,370] {dagbag.py:508} INFO - Filling up the DagBag from /home/airflow/.local/lib/python3.7/site-packages/airflow/example_dags/example_trigger_target_dag.py
[2022-08-24 10:02:28,407] {processor.py:651} INFO - DAG(s) dict_keys(['example_trigger_target_dag']) retrieved from /home/airflow/.local/lib/python3.7/site-packages/airflow/example_dags/example_trigger_target_dag.py
[2022-08-24 10:02:28,450] {logging_mixin.py:115} INFO - [2022-08-24 10:02:28,450] {dag.py:2420} INFO - Sync 1 DAGs
[2022-08-24 10:02:28,497] {logging_mixin.py:115} INFO - [2022-08-24 10:02:28,497] {dag.py:2972} INFO - Setting next_dagrun for example_trigger_target_dag to None, run_after=None
[2022-08-24 10:02:28,522] {processor.py:161} INFO - Processing /home/airflow/.local/lib/python3.7/site-packages/airflow/example_dags/example_trigger_target_dag.py took 0.162 seconds
[2022-08-24 10:02:59,377] {processor.py:153} INFO - Started process (PID=16283) to work on /home/airflow/.local/lib/python3.7/site-packages/airflow/example_dags/example_trigger_target_dag.py
[2022-08-24 10:02:59,378] {processor.py:641} INFO - Processing file /home/airflow/.local/lib/python3.7/site-packages/airflow/example_dags/example_trigger_target_dag.py for tasks to queue
[2022-08-24 10:02:59,379] {logging_mixin.py:115} INFO - [2022-08-24 10:02:59,379] {dagbag.py:508} INFO - Filling up the DagBag from /home/airflow/.local/lib/python3.7/site-packages/airflow/example_dags/example_trigger_target_dag.py
[2022-08-24 10:02:59,408] {processor.py:651} INFO - DAG(s) dict_keys(['example_trigger_target_dag']) retrieved from /home/airflow/.local/lib/python3.7/site-packages/airflow/example_dags/example_trigger_target_dag.py
[2022-08-24 10:02:59,465] {logging_mixin.py:115} INFO - [2022-08-24 10:02:59,465] {dag.py:2420} INFO - Sync 1 DAGs
[2022-08-24 10:02:59,527] {logging_mixin.py:115} INFO - [2022-08-24 10:02:59,527] {dag.py:2972} INFO - Setting next_dagrun for example_trigger_target_dag to None, run_after=None
[2022-08-24 10:02:59,562] {processor.py:161} INFO - Processing /home/airflow/.local/lib/python3.7/site-packages/airflow/example_dags/example_trigger_target_dag.py took 0.190 seconds
[2022-08-24 10:03:33,817] {processor.py:153} INFO - Started process (PID=16327) to work on /home/airflow/.local/lib/python3.7/site-packages/airflow/example_dags/example_trigger_target_dag.py
[2022-08-24 10:03:33,821] {processor.py:641} INFO - Processing file /home/airflow/.local/lib/python3.7/site-packages/airflow/example_dags/example_trigger_target_dag.py for tasks to queue
[2022-08-24 10:03:33,826] {logging_mixin.py:115} INFO - [2022-08-24 10:03:33,825] {dagbag.py:508} INFO - Filling up the DagBag from /home/airflow/.local/lib/python3.7/site-packages/airflow/example_dags/example_trigger_target_dag.py
[2022-08-24 10:03:33,968] {processor.py:651} INFO - DAG(s) dict_keys(['example_trigger_target_dag']) retrieved from /home/airflow/.local/lib/python3.7/site-packages/airflow/example_dags/example_trigger_target_dag.py
[2022-08-24 10:03:34,220] {logging_mixin.py:115} INFO - [2022-08-24 10:03:34,219] {dag.py:2420} INFO - Sync 1 DAGs
[2022-08-24 10:03:34,616] {logging_mixin.py:115} INFO - [2022-08-24 10:03:34,615] {dag.py:2972} INFO - Setting next_dagrun for example_trigger_target_dag to None, run_after=None
[2022-08-24 10:03:34,833] {processor.py:161} INFO - Processing /home/airflow/.local/lib/python3.7/site-packages/airflow/example_dags/example_trigger_target_dag.py took 1.041 seconds
[2022-08-24 10:04:06,734] {processor.py:153} INFO - Started process (PID=16380) to work on /home/airflow/.local/lib/python3.7/site-packages/airflow/example_dags/example_trigger_target_dag.py
[2022-08-24 10:04:06,742] {processor.py:641} INFO - Processing file /home/airflow/.local/lib/python3.7/site-packages/airflow/example_dags/example_trigger_target_dag.py for tasks to queue
[2022-08-24 10:04:06,749] {logging_mixin.py:115} INFO - [2022-08-24 10:04:06,748] {dagbag.py:508} INFO - Filling up the DagBag from /home/airflow/.local/lib/python3.7/site-packages/airflow/example_dags/example_trigger_target_dag.py
[2022-08-24 10:04:06,989] {processor.py:651} INFO - DAG(s) dict_keys(['example_trigger_target_dag']) retrieved from /home/airflow/.local/lib/python3.7/site-packages/airflow/example_dags/example_trigger_target_dag.py
[2022-08-24 10:04:07,262] {logging_mixin.py:115} INFO - [2022-08-24 10:04:07,261] {dag.py:2420} INFO - Sync 1 DAGs
[2022-08-24 10:04:07,706] {logging_mixin.py:115} INFO - [2022-08-24 10:04:07,705] {dag.py:2972} INFO - Setting next_dagrun for example_trigger_target_dag to None, run_after=None
[2022-08-24 10:04:07,918] {processor.py:161} INFO - Processing /home/airflow/.local/lib/python3.7/site-packages/airflow/example_dags/example_trigger_target_dag.py took 1.223 seconds
[2022-08-24 10:04:38,772] {processor.py:153} INFO - Started process (PID=16422) to work on /home/airflow/.local/lib/python3.7/site-packages/airflow/example_dags/example_trigger_target_dag.py
[2022-08-24 10:04:38,778] {processor.py:641} INFO - Processing file /home/airflow/.local/lib/python3.7/site-packages/airflow/example_dags/example_trigger_target_dag.py for tasks to queue
[2022-08-24 10:04:38,783] {logging_mixin.py:115} INFO - [2022-08-24 10:04:38,782] {dagbag.py:508} INFO - Filling up the DagBag from /home/airflow/.local/lib/python3.7/site-packages/airflow/example_dags/example_trigger_target_dag.py
[2022-08-24 10:04:38,925] {processor.py:651} INFO - DAG(s) dict_keys(['example_trigger_target_dag']) retrieved from /home/airflow/.local/lib/python3.7/site-packages/airflow/example_dags/example_trigger_target_dag.py
[2022-08-24 10:04:39,165] {logging_mixin.py:115} INFO - [2022-08-24 10:04:39,164] {dag.py:2420} INFO - Sync 1 DAGs
[2022-08-24 10:04:39,405] {logging_mixin.py:115} INFO - [2022-08-24 10:04:39,404] {dag.py:2972} INFO - Setting next_dagrun for example_trigger_target_dag to None, run_after=None
[2022-08-24 10:04:39,519] {processor.py:161} INFO - Processing /home/airflow/.local/lib/python3.7/site-packages/airflow/example_dags/example_trigger_target_dag.py took 0.773 seconds
[2022-08-24 10:05:11,392] {processor.py:153} INFO - Started process (PID=16475) to work on /home/airflow/.local/lib/python3.7/site-packages/airflow/example_dags/example_trigger_target_dag.py
[2022-08-24 10:05:11,397] {processor.py:641} INFO - Processing file /home/airflow/.local/lib/python3.7/site-packages/airflow/example_dags/example_trigger_target_dag.py for tasks to queue
[2022-08-24 10:05:11,403] {logging_mixin.py:115} INFO - [2022-08-24 10:05:11,402] {dagbag.py:508} INFO - Filling up the DagBag from /home/airflow/.local/lib/python3.7/site-packages/airflow/example_dags/example_trigger_target_dag.py
[2022-08-24 10:05:11,555] {processor.py:651} INFO - DAG(s) dict_keys(['example_trigger_target_dag']) retrieved from /home/airflow/.local/lib/python3.7/site-packages/airflow/example_dags/example_trigger_target_dag.py
[2022-08-24 10:05:11,780] {logging_mixin.py:115} INFO - [2022-08-24 10:05:11,779] {dag.py:2420} INFO - Sync 1 DAGs
[2022-08-24 10:05:12,092] {logging_mixin.py:115} INFO - [2022-08-24 10:05:12,091] {dag.py:2972} INFO - Setting next_dagrun for example_trigger_target_dag to None, run_after=None
[2022-08-24 10:05:12,289] {processor.py:161} INFO - Processing /home/airflow/.local/lib/python3.7/site-packages/airflow/example_dags/example_trigger_target_dag.py took 0.924 seconds
[2022-08-24 10:05:43,028] {processor.py:153} INFO - Started process (PID=16518) to work on /home/airflow/.local/lib/python3.7/site-packages/airflow/example_dags/example_trigger_target_dag.py
[2022-08-24 10:05:43,035] {processor.py:641} INFO - Processing file /home/airflow/.local/lib/python3.7/site-packages/airflow/example_dags/example_trigger_target_dag.py for tasks to queue
[2022-08-24 10:05:43,039] {logging_mixin.py:115} INFO - [2022-08-24 10:05:43,038] {dagbag.py:508} INFO - Filling up the DagBag from /home/airflow/.local/lib/python3.7/site-packages/airflow/example_dags/example_trigger_target_dag.py
[2022-08-24 10:05:43,201] {processor.py:651} INFO - DAG(s) dict_keys(['example_trigger_target_dag']) retrieved from /home/airflow/.local/lib/python3.7/site-packages/airflow/example_dags/example_trigger_target_dag.py
[2022-08-24 10:05:43,436] {logging_mixin.py:115} INFO - [2022-08-24 10:05:43,435] {dag.py:2420} INFO - Sync 1 DAGs
[2022-08-24 10:05:43,945] {logging_mixin.py:115} INFO - [2022-08-24 10:05:43,944] {dag.py:2972} INFO - Setting next_dagrun for example_trigger_target_dag to None, run_after=None
[2022-08-24 10:05:44,115] {processor.py:161} INFO - Processing /home/airflow/.local/lib/python3.7/site-packages/airflow/example_dags/example_trigger_target_dag.py took 1.125 seconds
[2022-08-24 10:06:15,022] {processor.py:153} INFO - Started process (PID=16573) to work on /home/airflow/.local/lib/python3.7/site-packages/airflow/example_dags/example_trigger_target_dag.py
[2022-08-24 10:06:15,029] {processor.py:641} INFO - Processing file /home/airflow/.local/lib/python3.7/site-packages/airflow/example_dags/example_trigger_target_dag.py for tasks to queue
[2022-08-24 10:06:15,034] {logging_mixin.py:115} INFO - [2022-08-24 10:06:15,033] {dagbag.py:508} INFO - Filling up the DagBag from /home/airflow/.local/lib/python3.7/site-packages/airflow/example_dags/example_trigger_target_dag.py
[2022-08-24 10:06:15,174] {processor.py:651} INFO - DAG(s) dict_keys(['example_trigger_target_dag']) retrieved from /home/airflow/.local/lib/python3.7/site-packages/airflow/example_dags/example_trigger_target_dag.py
[2022-08-24 10:06:15,406] {logging_mixin.py:115} INFO - [2022-08-24 10:06:15,404] {dag.py:2420} INFO - Sync 1 DAGs
[2022-08-24 10:06:15,657] {logging_mixin.py:115} INFO - [2022-08-24 10:06:15,656] {dag.py:2972} INFO - Setting next_dagrun for example_trigger_target_dag to None, run_after=None
[2022-08-24 10:06:15,835] {processor.py:161} INFO - Processing /home/airflow/.local/lib/python3.7/site-packages/airflow/example_dags/example_trigger_target_dag.py took 0.840 seconds
[2022-08-24 10:06:47,243] {processor.py:153} INFO - Started process (PID=16616) to work on /home/airflow/.local/lib/python3.7/site-packages/airflow/example_dags/example_trigger_target_dag.py
[2022-08-24 10:06:47,252] {processor.py:641} INFO - Processing file /home/airflow/.local/lib/python3.7/site-packages/airflow/example_dags/example_trigger_target_dag.py for tasks to queue
[2022-08-24 10:06:47,258] {logging_mixin.py:115} INFO - [2022-08-24 10:06:47,257] {dagbag.py:508} INFO - Filling up the DagBag from /home/airflow/.local/lib/python3.7/site-packages/airflow/example_dags/example_trigger_target_dag.py
[2022-08-24 10:06:47,401] {processor.py:651} INFO - DAG(s) dict_keys(['example_trigger_target_dag']) retrieved from /home/airflow/.local/lib/python3.7/site-packages/airflow/example_dags/example_trigger_target_dag.py
[2022-08-24 10:06:47,632] {logging_mixin.py:115} INFO - [2022-08-24 10:06:47,631] {dag.py:2420} INFO - Sync 1 DAGs
[2022-08-24 10:06:48,051] {logging_mixin.py:115} INFO - [2022-08-24 10:06:48,050] {dag.py:2972} INFO - Setting next_dagrun for example_trigger_target_dag to None, run_after=None
[2022-08-24 10:06:48,180] {processor.py:161} INFO - Processing /home/airflow/.local/lib/python3.7/site-packages/airflow/example_dags/example_trigger_target_dag.py took 0.961 seconds
[2022-08-24 10:07:19,114] {processor.py:153} INFO - Started process (PID=16668) to work on /home/airflow/.local/lib/python3.7/site-packages/airflow/example_dags/example_trigger_target_dag.py
[2022-08-24 10:07:19,118] {processor.py:641} INFO - Processing file /home/airflow/.local/lib/python3.7/site-packages/airflow/example_dags/example_trigger_target_dag.py for tasks to queue
[2022-08-24 10:07:19,123] {logging_mixin.py:115} INFO - [2022-08-24 10:07:19,122] {dagbag.py:508} INFO - Filling up the DagBag from /home/airflow/.local/lib/python3.7/site-packages/airflow/example_dags/example_trigger_target_dag.py
[2022-08-24 10:07:19,304] {processor.py:651} INFO - DAG(s) dict_keys(['example_trigger_target_dag']) retrieved from /home/airflow/.local/lib/python3.7/site-packages/airflow/example_dags/example_trigger_target_dag.py
[2022-08-24 10:07:19,574] {logging_mixin.py:115} INFO - [2022-08-24 10:07:19,573] {dag.py:2420} INFO - Sync 1 DAGs
[2022-08-24 10:07:19,947] {logging_mixin.py:115} INFO - [2022-08-24 10:07:19,930] {dag.py:2972} INFO - Setting next_dagrun for example_trigger_target_dag to None, run_after=None
[2022-08-24 10:07:20,096] {processor.py:161} INFO - Processing /home/airflow/.local/lib/python3.7/site-packages/airflow/example_dags/example_trigger_target_dag.py took 1.013 seconds
[2022-08-24 10:07:50,724] {processor.py:153} INFO - Started process (PID=16713) to work on /home/airflow/.local/lib/python3.7/site-packages/airflow/example_dags/example_trigger_target_dag.py
[2022-08-24 10:07:50,730] {processor.py:641} INFO - Processing file /home/airflow/.local/lib/python3.7/site-packages/airflow/example_dags/example_trigger_target_dag.py for tasks to queue
[2022-08-24 10:07:50,737] {logging_mixin.py:115} INFO - [2022-08-24 10:07:50,736] {dagbag.py:508} INFO - Filling up the DagBag from /home/airflow/.local/lib/python3.7/site-packages/airflow/example_dags/example_trigger_target_dag.py
[2022-08-24 10:07:50,949] {processor.py:651} INFO - DAG(s) dict_keys(['example_trigger_target_dag']) retrieved from /home/airflow/.local/lib/python3.7/site-packages/airflow/example_dags/example_trigger_target_dag.py
[2022-08-24 10:07:51,182] {logging_mixin.py:115} INFO - [2022-08-24 10:07:51,181] {dag.py:2420} INFO - Sync 1 DAGs
[2022-08-24 10:07:51,467] {logging_mixin.py:115} INFO - [2022-08-24 10:07:51,467] {dag.py:2972} INFO - Setting next_dagrun for example_trigger_target_dag to None, run_after=None
[2022-08-24 10:07:51,586] {processor.py:161} INFO - Processing /home/airflow/.local/lib/python3.7/site-packages/airflow/example_dags/example_trigger_target_dag.py took 0.891 seconds
[2022-08-24 10:08:21,988] {processor.py:153} INFO - Started process (PID=16766) to work on /home/airflow/.local/lib/python3.7/site-packages/airflow/example_dags/example_trigger_target_dag.py
[2022-08-24 10:08:21,991] {processor.py:641} INFO - Processing file /home/airflow/.local/lib/python3.7/site-packages/airflow/example_dags/example_trigger_target_dag.py for tasks to queue
[2022-08-24 10:08:21,995] {logging_mixin.py:115} INFO - [2022-08-24 10:08:21,994] {dagbag.py:508} INFO - Filling up the DagBag from /home/airflow/.local/lib/python3.7/site-packages/airflow/example_dags/example_trigger_target_dag.py
[2022-08-24 10:08:22,137] {processor.py:651} INFO - DAG(s) dict_keys(['example_trigger_target_dag']) retrieved from /home/airflow/.local/lib/python3.7/site-packages/airflow/example_dags/example_trigger_target_dag.py
[2022-08-24 10:08:22,406] {logging_mixin.py:115} INFO - [2022-08-24 10:08:22,405] {dag.py:2420} INFO - Sync 1 DAGs
[2022-08-24 10:08:22,748] {logging_mixin.py:115} INFO - [2022-08-24 10:08:22,747] {dag.py:2972} INFO - Setting next_dagrun for example_trigger_target_dag to None, run_after=None
[2022-08-24 10:08:22,892] {processor.py:161} INFO - Processing /home/airflow/.local/lib/python3.7/site-packages/airflow/example_dags/example_trigger_target_dag.py took 0.926 seconds
[2022-08-24 10:08:53,696] {processor.py:153} INFO - Started process (PID=16810) to work on /home/airflow/.local/lib/python3.7/site-packages/airflow/example_dags/example_trigger_target_dag.py
[2022-08-24 10:08:53,703] {processor.py:641} INFO - Processing file /home/airflow/.local/lib/python3.7/site-packages/airflow/example_dags/example_trigger_target_dag.py for tasks to queue
[2022-08-24 10:08:53,708] {logging_mixin.py:115} INFO - [2022-08-24 10:08:53,707] {dagbag.py:508} INFO - Filling up the DagBag from /home/airflow/.local/lib/python3.7/site-packages/airflow/example_dags/example_trigger_target_dag.py
[2022-08-24 10:08:53,898] {processor.py:651} INFO - DAG(s) dict_keys(['example_trigger_target_dag']) retrieved from /home/airflow/.local/lib/python3.7/site-packages/airflow/example_dags/example_trigger_target_dag.py
[2022-08-24 10:08:54,125] {logging_mixin.py:115} INFO - [2022-08-24 10:08:54,124] {dag.py:2420} INFO - Sync 1 DAGs
[2022-08-24 10:08:54,604] {logging_mixin.py:115} INFO - [2022-08-24 10:08:54,603] {dag.py:2972} INFO - Setting next_dagrun for example_trigger_target_dag to None, run_after=None
[2022-08-24 10:08:54,792] {processor.py:161} INFO - Processing /home/airflow/.local/lib/python3.7/site-packages/airflow/example_dags/example_trigger_target_dag.py took 1.124 seconds
[2022-08-24 10:09:26,009] {processor.py:153} INFO - Started process (PID=16862) to work on /home/airflow/.local/lib/python3.7/site-packages/airflow/example_dags/example_trigger_target_dag.py
[2022-08-24 10:09:26,035] {processor.py:641} INFO - Processing file /home/airflow/.local/lib/python3.7/site-packages/airflow/example_dags/example_trigger_target_dag.py for tasks to queue
[2022-08-24 10:09:26,058] {logging_mixin.py:115} INFO - [2022-08-24 10:09:26,057] {dagbag.py:508} INFO - Filling up the DagBag from /home/airflow/.local/lib/python3.7/site-packages/airflow/example_dags/example_trigger_target_dag.py
[2022-08-24 10:09:26,291] {processor.py:651} INFO - DAG(s) dict_keys(['example_trigger_target_dag']) retrieved from /home/airflow/.local/lib/python3.7/site-packages/airflow/example_dags/example_trigger_target_dag.py
[2022-08-24 10:09:26,524] {logging_mixin.py:115} INFO - [2022-08-24 10:09:26,523] {dag.py:2420} INFO - Sync 1 DAGs
[2022-08-24 10:09:26,848] {logging_mixin.py:115} INFO - [2022-08-24 10:09:26,848] {dag.py:2972} INFO - Setting next_dagrun for example_trigger_target_dag to None, run_after=None
[2022-08-24 10:09:26,995] {processor.py:161} INFO - Processing /home/airflow/.local/lib/python3.7/site-packages/airflow/example_dags/example_trigger_target_dag.py took 1.061 seconds
[2022-08-24 10:09:57,547] {processor.py:153} INFO - Started process (PID=16906) to work on /home/airflow/.local/lib/python3.7/site-packages/airflow/example_dags/example_trigger_target_dag.py
[2022-08-24 10:09:57,555] {processor.py:641} INFO - Processing file /home/airflow/.local/lib/python3.7/site-packages/airflow/example_dags/example_trigger_target_dag.py for tasks to queue
[2022-08-24 10:09:57,561] {logging_mixin.py:115} INFO - [2022-08-24 10:09:57,560] {dagbag.py:508} INFO - Filling up the DagBag from /home/airflow/.local/lib/python3.7/site-packages/airflow/example_dags/example_trigger_target_dag.py
[2022-08-24 10:09:57,721] {processor.py:651} INFO - DAG(s) dict_keys(['example_trigger_target_dag']) retrieved from /home/airflow/.local/lib/python3.7/site-packages/airflow/example_dags/example_trigger_target_dag.py
[2022-08-24 10:09:57,973] {logging_mixin.py:115} INFO - [2022-08-24 10:09:57,972] {dag.py:2420} INFO - Sync 1 DAGs
[2022-08-24 10:09:58,419] {logging_mixin.py:115} INFO - [2022-08-24 10:09:58,418] {dag.py:2972} INFO - Setting next_dagrun for example_trigger_target_dag to None, run_after=None
[2022-08-24 10:09:58,586] {processor.py:161} INFO - Processing /home/airflow/.local/lib/python3.7/site-packages/airflow/example_dags/example_trigger_target_dag.py took 1.051 seconds
[2022-08-24 10:10:31,865] {processor.py:153} INFO - Started process (PID=16959) to work on /home/airflow/.local/lib/python3.7/site-packages/airflow/example_dags/example_trigger_target_dag.py
[2022-08-24 10:10:31,871] {processor.py:641} INFO - Processing file /home/airflow/.local/lib/python3.7/site-packages/airflow/example_dags/example_trigger_target_dag.py for tasks to queue
[2022-08-24 10:10:31,876] {logging_mixin.py:115} INFO - [2022-08-24 10:10:31,875] {dagbag.py:508} INFO - Filling up the DagBag from /home/airflow/.local/lib/python3.7/site-packages/airflow/example_dags/example_trigger_target_dag.py
[2022-08-24 10:10:32,080] {processor.py:651} INFO - DAG(s) dict_keys(['example_trigger_target_dag']) retrieved from /home/airflow/.local/lib/python3.7/site-packages/airflow/example_dags/example_trigger_target_dag.py
[2022-08-24 10:10:32,340] {logging_mixin.py:115} INFO - [2022-08-24 10:10:32,339] {dag.py:2420} INFO - Sync 1 DAGs
[2022-08-24 10:10:32,715] {logging_mixin.py:115} INFO - [2022-08-24 10:10:32,714] {dag.py:2972} INFO - Setting next_dagrun for example_trigger_target_dag to None, run_after=None
[2022-08-24 10:10:32,850] {processor.py:161} INFO - Processing /home/airflow/.local/lib/python3.7/site-packages/airflow/example_dags/example_trigger_target_dag.py took 1.021 seconds
[2022-08-24 10:11:04,463] {processor.py:153} INFO - Started process (PID=17003) to work on /home/airflow/.local/lib/python3.7/site-packages/airflow/example_dags/example_trigger_target_dag.py
[2022-08-24 10:11:04,466] {processor.py:641} INFO - Processing file /home/airflow/.local/lib/python3.7/site-packages/airflow/example_dags/example_trigger_target_dag.py for tasks to queue
[2022-08-24 10:11:04,471] {logging_mixin.py:115} INFO - [2022-08-24 10:11:04,470] {dagbag.py:508} INFO - Filling up the DagBag from /home/airflow/.local/lib/python3.7/site-packages/airflow/example_dags/example_trigger_target_dag.py
[2022-08-24 10:11:04,642] {processor.py:651} INFO - DAG(s) dict_keys(['example_trigger_target_dag']) retrieved from /home/airflow/.local/lib/python3.7/site-packages/airflow/example_dags/example_trigger_target_dag.py
[2022-08-24 10:11:05,015] {logging_mixin.py:115} INFO - [2022-08-24 10:11:05,014] {dag.py:2420} INFO - Sync 1 DAGs
[2022-08-24 10:11:05,341] {logging_mixin.py:115} INFO - [2022-08-24 10:11:05,340] {dag.py:2972} INFO - Setting next_dagrun for example_trigger_target_dag to None, run_after=None
[2022-08-24 10:11:05,508] {processor.py:161} INFO - Processing /home/airflow/.local/lib/python3.7/site-packages/airflow/example_dags/example_trigger_target_dag.py took 1.069 seconds
[2022-08-24 10:11:35,819] {processor.py:153} INFO - Started process (PID=17055) to work on /home/airflow/.local/lib/python3.7/site-packages/airflow/example_dags/example_trigger_target_dag.py
[2022-08-24 10:11:35,829] {processor.py:641} INFO - Processing file /home/airflow/.local/lib/python3.7/site-packages/airflow/example_dags/example_trigger_target_dag.py for tasks to queue
[2022-08-24 10:11:35,834] {logging_mixin.py:115} INFO - [2022-08-24 10:11:35,833] {dagbag.py:508} INFO - Filling up the DagBag from /home/airflow/.local/lib/python3.7/site-packages/airflow/example_dags/example_trigger_target_dag.py
[2022-08-24 10:11:35,994] {processor.py:651} INFO - DAG(s) dict_keys(['example_trigger_target_dag']) retrieved from /home/airflow/.local/lib/python3.7/site-packages/airflow/example_dags/example_trigger_target_dag.py
[2022-08-24 10:11:36,219] {logging_mixin.py:115} INFO - [2022-08-24 10:11:36,218] {dag.py:2420} INFO - Sync 1 DAGs
[2022-08-24 10:11:36,575] {logging_mixin.py:115} INFO - [2022-08-24 10:11:36,575] {dag.py:2972} INFO - Setting next_dagrun for example_trigger_target_dag to None, run_after=None
[2022-08-24 10:11:36,775] {processor.py:161} INFO - Processing /home/airflow/.local/lib/python3.7/site-packages/airflow/example_dags/example_trigger_target_dag.py took 0.992 seconds
[2022-08-24 10:12:08,284] {processor.py:153} INFO - Started process (PID=17100) to work on /home/airflow/.local/lib/python3.7/site-packages/airflow/example_dags/example_trigger_target_dag.py
[2022-08-24 10:12:08,291] {processor.py:641} INFO - Processing file /home/airflow/.local/lib/python3.7/site-packages/airflow/example_dags/example_trigger_target_dag.py for tasks to queue
[2022-08-24 10:12:08,297] {logging_mixin.py:115} INFO - [2022-08-24 10:12:08,295] {dagbag.py:508} INFO - Filling up the DagBag from /home/airflow/.local/lib/python3.7/site-packages/airflow/example_dags/example_trigger_target_dag.py
[2022-08-24 10:12:08,505] {processor.py:651} INFO - DAG(s) dict_keys(['example_trigger_target_dag']) retrieved from /home/airflow/.local/lib/python3.7/site-packages/airflow/example_dags/example_trigger_target_dag.py
[2022-08-24 10:12:08,820] {logging_mixin.py:115} INFO - [2022-08-24 10:12:08,819] {dag.py:2420} INFO - Sync 1 DAGs
[2022-08-24 10:12:09,057] {logging_mixin.py:115} INFO - [2022-08-24 10:12:09,056] {dag.py:2972} INFO - Setting next_dagrun for example_trigger_target_dag to None, run_after=None
[2022-08-24 10:12:09,176] {processor.py:161} INFO - Processing /home/airflow/.local/lib/python3.7/site-packages/airflow/example_dags/example_trigger_target_dag.py took 0.923 seconds
[2022-08-24 10:12:39,757] {processor.py:153} INFO - Started process (PID=17152) to work on /home/airflow/.local/lib/python3.7/site-packages/airflow/example_dags/example_trigger_target_dag.py
[2022-08-24 10:12:39,771] {processor.py:641} INFO - Processing file /home/airflow/.local/lib/python3.7/site-packages/airflow/example_dags/example_trigger_target_dag.py for tasks to queue
[2022-08-24 10:12:39,780] {logging_mixin.py:115} INFO - [2022-08-24 10:12:39,777] {dagbag.py:508} INFO - Filling up the DagBag from /home/airflow/.local/lib/python3.7/site-packages/airflow/example_dags/example_trigger_target_dag.py
[2022-08-24 10:12:40,047] {processor.py:651} INFO - DAG(s) dict_keys(['example_trigger_target_dag']) retrieved from /home/airflow/.local/lib/python3.7/site-packages/airflow/example_dags/example_trigger_target_dag.py
[2022-08-24 10:12:40,428] {logging_mixin.py:115} INFO - [2022-08-24 10:12:40,427] {dag.py:2420} INFO - Sync 1 DAGs
[2022-08-24 10:12:40,702] {logging_mixin.py:115} INFO - [2022-08-24 10:12:40,701] {dag.py:2972} INFO - Setting next_dagrun for example_trigger_target_dag to None, run_after=None
[2022-08-24 10:12:40,828] {processor.py:161} INFO - Processing /home/airflow/.local/lib/python3.7/site-packages/airflow/example_dags/example_trigger_target_dag.py took 1.101 seconds
[2022-08-24 10:13:12,420] {processor.py:153} INFO - Started process (PID=17196) to work on /home/airflow/.local/lib/python3.7/site-packages/airflow/example_dags/example_trigger_target_dag.py
[2022-08-24 10:13:12,432] {processor.py:641} INFO - Processing file /home/airflow/.local/lib/python3.7/site-packages/airflow/example_dags/example_trigger_target_dag.py for tasks to queue
[2022-08-24 10:13:12,438] {logging_mixin.py:115} INFO - [2022-08-24 10:13:12,437] {dagbag.py:508} INFO - Filling up the DagBag from /home/airflow/.local/lib/python3.7/site-packages/airflow/example_dags/example_trigger_target_dag.py
[2022-08-24 10:13:12,630] {processor.py:651} INFO - DAG(s) dict_keys(['example_trigger_target_dag']) retrieved from /home/airflow/.local/lib/python3.7/site-packages/airflow/example_dags/example_trigger_target_dag.py
[2022-08-24 10:13:12,876] {logging_mixin.py:115} INFO - [2022-08-24 10:13:12,875] {dag.py:2420} INFO - Sync 1 DAGs
[2022-08-24 10:13:13,123] {logging_mixin.py:115} INFO - [2022-08-24 10:13:13,122] {dag.py:2972} INFO - Setting next_dagrun for example_trigger_target_dag to None, run_after=None
[2022-08-24 10:13:13,248] {processor.py:161} INFO - Processing /home/airflow/.local/lib/python3.7/site-packages/airflow/example_dags/example_trigger_target_dag.py took 0.865 seconds
[2022-08-24 10:13:45,257] {processor.py:153} INFO - Started process (PID=17247) to work on /home/airflow/.local/lib/python3.7/site-packages/airflow/example_dags/example_trigger_target_dag.py
[2022-08-24 10:13:45,264] {processor.py:641} INFO - Processing file /home/airflow/.local/lib/python3.7/site-packages/airflow/example_dags/example_trigger_target_dag.py for tasks to queue
[2022-08-24 10:13:45,268] {logging_mixin.py:115} INFO - [2022-08-24 10:13:45,268] {dagbag.py:508} INFO - Filling up the DagBag from /home/airflow/.local/lib/python3.7/site-packages/airflow/example_dags/example_trigger_target_dag.py
[2022-08-24 10:13:45,423] {processor.py:651} INFO - DAG(s) dict_keys(['example_trigger_target_dag']) retrieved from /home/airflow/.local/lib/python3.7/site-packages/airflow/example_dags/example_trigger_target_dag.py
[2022-08-24 10:13:45,644] {logging_mixin.py:115} INFO - [2022-08-24 10:13:45,643] {dag.py:2420} INFO - Sync 1 DAGs
[2022-08-24 10:13:45,900] {logging_mixin.py:115} INFO - [2022-08-24 10:13:45,900] {dag.py:2972} INFO - Setting next_dagrun for example_trigger_target_dag to None, run_after=None
[2022-08-24 10:13:46,035] {processor.py:161} INFO - Processing /home/airflow/.local/lib/python3.7/site-packages/airflow/example_dags/example_trigger_target_dag.py took 0.807 seconds
[2022-08-24 10:14:17,652] {processor.py:153} INFO - Started process (PID=17292) to work on /home/airflow/.local/lib/python3.7/site-packages/airflow/example_dags/example_trigger_target_dag.py
[2022-08-24 10:14:17,658] {processor.py:641} INFO - Processing file /home/airflow/.local/lib/python3.7/site-packages/airflow/example_dags/example_trigger_target_dag.py for tasks to queue
[2022-08-24 10:14:17,663] {logging_mixin.py:115} INFO - [2022-08-24 10:14:17,662] {dagbag.py:508} INFO - Filling up the DagBag from /home/airflow/.local/lib/python3.7/site-packages/airflow/example_dags/example_trigger_target_dag.py
[2022-08-24 10:14:17,928] {processor.py:651} INFO - DAG(s) dict_keys(['example_trigger_target_dag']) retrieved from /home/airflow/.local/lib/python3.7/site-packages/airflow/example_dags/example_trigger_target_dag.py
[2022-08-24 10:14:18,161] {logging_mixin.py:115} INFO - [2022-08-24 10:14:18,160] {dag.py:2420} INFO - Sync 1 DAGs
[2022-08-24 10:14:18,419] {logging_mixin.py:115} INFO - [2022-08-24 10:14:18,419] {dag.py:2972} INFO - Setting next_dagrun for example_trigger_target_dag to None, run_after=None
[2022-08-24 10:14:18,537] {processor.py:161} INFO - Processing /home/airflow/.local/lib/python3.7/site-packages/airflow/example_dags/example_trigger_target_dag.py took 0.913 seconds
[2022-08-24 10:14:49,415] {processor.py:153} INFO - Started process (PID=17344) to work on /home/airflow/.local/lib/python3.7/site-packages/airflow/example_dags/example_trigger_target_dag.py
[2022-08-24 10:14:49,421] {processor.py:641} INFO - Processing file /home/airflow/.local/lib/python3.7/site-packages/airflow/example_dags/example_trigger_target_dag.py for tasks to queue
[2022-08-24 10:14:49,426] {logging_mixin.py:115} INFO - [2022-08-24 10:14:49,425] {dagbag.py:508} INFO - Filling up the DagBag from /home/airflow/.local/lib/python3.7/site-packages/airflow/example_dags/example_trigger_target_dag.py
[2022-08-24 10:14:49,564] {processor.py:651} INFO - DAG(s) dict_keys(['example_trigger_target_dag']) retrieved from /home/airflow/.local/lib/python3.7/site-packages/airflow/example_dags/example_trigger_target_dag.py
[2022-08-24 10:14:49,806] {logging_mixin.py:115} INFO - [2022-08-24 10:14:49,805] {dag.py:2420} INFO - Sync 1 DAGs
[2022-08-24 10:14:50,091] {logging_mixin.py:115} INFO - [2022-08-24 10:14:50,090] {dag.py:2972} INFO - Setting next_dagrun for example_trigger_target_dag to None, run_after=None
[2022-08-24 10:14:50,255] {processor.py:161} INFO - Processing /home/airflow/.local/lib/python3.7/site-packages/airflow/example_dags/example_trigger_target_dag.py took 0.863 seconds
[2022-08-24 10:15:22,195] {processor.py:153} INFO - Started process (PID=17387) to work on /home/airflow/.local/lib/python3.7/site-packages/airflow/example_dags/example_trigger_target_dag.py
[2022-08-24 10:15:22,202] {processor.py:641} INFO - Processing file /home/airflow/.local/lib/python3.7/site-packages/airflow/example_dags/example_trigger_target_dag.py for tasks to queue
[2022-08-24 10:15:22,207] {logging_mixin.py:115} INFO - [2022-08-24 10:15:22,206] {dagbag.py:508} INFO - Filling up the DagBag from /home/airflow/.local/lib/python3.7/site-packages/airflow/example_dags/example_trigger_target_dag.py
[2022-08-24 10:15:22,365] {processor.py:651} INFO - DAG(s) dict_keys(['example_trigger_target_dag']) retrieved from /home/airflow/.local/lib/python3.7/site-packages/airflow/example_dags/example_trigger_target_dag.py
[2022-08-24 10:15:22,635] {logging_mixin.py:115} INFO - [2022-08-24 10:15:22,634] {dag.py:2420} INFO - Sync 1 DAGs
[2022-08-24 10:15:22,903] {logging_mixin.py:115} INFO - [2022-08-24 10:15:22,902] {dag.py:2972} INFO - Setting next_dagrun for example_trigger_target_dag to None, run_after=None
[2022-08-24 10:15:23,022] {processor.py:161} INFO - Processing /home/airflow/.local/lib/python3.7/site-packages/airflow/example_dags/example_trigger_target_dag.py took 0.852 seconds
[2022-08-24 10:15:55,431] {processor.py:153} INFO - Started process (PID=17440) to work on /home/airflow/.local/lib/python3.7/site-packages/airflow/example_dags/example_trigger_target_dag.py
[2022-08-24 10:15:55,442] {processor.py:641} INFO - Processing file /home/airflow/.local/lib/python3.7/site-packages/airflow/example_dags/example_trigger_target_dag.py for tasks to queue
[2022-08-24 10:15:55,449] {logging_mixin.py:115} INFO - [2022-08-24 10:15:55,448] {dagbag.py:508} INFO - Filling up the DagBag from /home/airflow/.local/lib/python3.7/site-packages/airflow/example_dags/example_trigger_target_dag.py
[2022-08-24 10:15:55,620] {processor.py:651} INFO - DAG(s) dict_keys(['example_trigger_target_dag']) retrieved from /home/airflow/.local/lib/python3.7/site-packages/airflow/example_dags/example_trigger_target_dag.py
[2022-08-24 10:15:55,837] {logging_mixin.py:115} INFO - [2022-08-24 10:15:55,836] {dag.py:2420} INFO - Sync 1 DAGs
[2022-08-24 10:15:56,123] {logging_mixin.py:115} INFO - [2022-08-24 10:15:56,123] {dag.py:2972} INFO - Setting next_dagrun for example_trigger_target_dag to None, run_after=None
[2022-08-24 10:15:56,243] {processor.py:161} INFO - Processing /home/airflow/.local/lib/python3.7/site-packages/airflow/example_dags/example_trigger_target_dag.py took 0.837 seconds
[2022-08-24 10:16:27,988] {processor.py:153} INFO - Started process (PID=17484) to work on /home/airflow/.local/lib/python3.7/site-packages/airflow/example_dags/example_trigger_target_dag.py
[2022-08-24 10:16:27,996] {processor.py:641} INFO - Processing file /home/airflow/.local/lib/python3.7/site-packages/airflow/example_dags/example_trigger_target_dag.py for tasks to queue
[2022-08-24 10:16:28,001] {logging_mixin.py:115} INFO - [2022-08-24 10:16:28,000] {dagbag.py:508} INFO - Filling up the DagBag from /home/airflow/.local/lib/python3.7/site-packages/airflow/example_dags/example_trigger_target_dag.py
[2022-08-24 10:16:28,250] {processor.py:651} INFO - DAG(s) dict_keys(['example_trigger_target_dag']) retrieved from /home/airflow/.local/lib/python3.7/site-packages/airflow/example_dags/example_trigger_target_dag.py
[2022-08-24 10:16:28,575] {logging_mixin.py:115} INFO - [2022-08-24 10:16:28,574] {dag.py:2420} INFO - Sync 1 DAGs
[2022-08-24 10:16:28,874] {logging_mixin.py:115} INFO - [2022-08-24 10:16:28,873] {dag.py:2972} INFO - Setting next_dagrun for example_trigger_target_dag to None, run_after=None
[2022-08-24 10:16:28,990] {processor.py:161} INFO - Processing /home/airflow/.local/lib/python3.7/site-packages/airflow/example_dags/example_trigger_target_dag.py took 1.045 seconds
[2022-08-24 10:17:00,050] {processor.py:153} INFO - Started process (PID=17537) to work on /home/airflow/.local/lib/python3.7/site-packages/airflow/example_dags/example_trigger_target_dag.py
[2022-08-24 10:17:00,055] {processor.py:641} INFO - Processing file /home/airflow/.local/lib/python3.7/site-packages/airflow/example_dags/example_trigger_target_dag.py for tasks to queue
[2022-08-24 10:17:00,060] {logging_mixin.py:115} INFO - [2022-08-24 10:17:00,059] {dagbag.py:508} INFO - Filling up the DagBag from /home/airflow/.local/lib/python3.7/site-packages/airflow/example_dags/example_trigger_target_dag.py
[2022-08-24 10:17:00,316] {processor.py:651} INFO - DAG(s) dict_keys(['example_trigger_target_dag']) retrieved from /home/airflow/.local/lib/python3.7/site-packages/airflow/example_dags/example_trigger_target_dag.py
[2022-08-24 10:17:00,588] {logging_mixin.py:115} INFO - [2022-08-24 10:17:00,587] {dag.py:2420} INFO - Sync 1 DAGs
[2022-08-24 10:17:00,884] {logging_mixin.py:115} INFO - [2022-08-24 10:17:00,884] {dag.py:2972} INFO - Setting next_dagrun for example_trigger_target_dag to None, run_after=None
[2022-08-24 10:17:01,011] {processor.py:161} INFO - Processing /home/airflow/.local/lib/python3.7/site-packages/airflow/example_dags/example_trigger_target_dag.py took 1.006 seconds
[2022-08-24 10:17:31,529] {processor.py:153} INFO - Started process (PID=17581) to work on /home/airflow/.local/lib/python3.7/site-packages/airflow/example_dags/example_trigger_target_dag.py
[2022-08-24 10:17:31,535] {processor.py:641} INFO - Processing file /home/airflow/.local/lib/python3.7/site-packages/airflow/example_dags/example_trigger_target_dag.py for tasks to queue
[2022-08-24 10:17:31,540] {logging_mixin.py:115} INFO - [2022-08-24 10:17:31,539] {dagbag.py:508} INFO - Filling up the DagBag from /home/airflow/.local/lib/python3.7/site-packages/airflow/example_dags/example_trigger_target_dag.py
[2022-08-24 10:17:31,747] {processor.py:651} INFO - DAG(s) dict_keys(['example_trigger_target_dag']) retrieved from /home/airflow/.local/lib/python3.7/site-packages/airflow/example_dags/example_trigger_target_dag.py
[2022-08-24 10:17:31,970] {logging_mixin.py:115} INFO - [2022-08-24 10:17:31,969] {dag.py:2420} INFO - Sync 1 DAGs
[2022-08-24 10:17:32,320] {logging_mixin.py:115} INFO - [2022-08-24 10:17:32,319] {dag.py:2972} INFO - Setting next_dagrun for example_trigger_target_dag to None, run_after=None
[2022-08-24 10:17:32,493] {processor.py:161} INFO - Processing /home/airflow/.local/lib/python3.7/site-packages/airflow/example_dags/example_trigger_target_dag.py took 0.991 seconds
[2022-08-24 10:18:03,029] {processor.py:153} INFO - Started process (PID=17634) to work on /home/airflow/.local/lib/python3.7/site-packages/airflow/example_dags/example_trigger_target_dag.py
[2022-08-24 10:18:03,036] {processor.py:641} INFO - Processing file /home/airflow/.local/lib/python3.7/site-packages/airflow/example_dags/example_trigger_target_dag.py for tasks to queue
[2022-08-24 10:18:03,041] {logging_mixin.py:115} INFO - [2022-08-24 10:18:03,040] {dagbag.py:508} INFO - Filling up the DagBag from /home/airflow/.local/lib/python3.7/site-packages/airflow/example_dags/example_trigger_target_dag.py
[2022-08-24 10:18:03,198] {processor.py:651} INFO - DAG(s) dict_keys(['example_trigger_target_dag']) retrieved from /home/airflow/.local/lib/python3.7/site-packages/airflow/example_dags/example_trigger_target_dag.py
[2022-08-24 10:18:03,442] {logging_mixin.py:115} INFO - [2022-08-24 10:18:03,441] {dag.py:2420} INFO - Sync 1 DAGs
[2022-08-24 10:18:03,708] {logging_mixin.py:115} INFO - [2022-08-24 10:18:03,707] {dag.py:2972} INFO - Setting next_dagrun for example_trigger_target_dag to None, run_after=None
[2022-08-24 10:18:03,837] {processor.py:161} INFO - Processing /home/airflow/.local/lib/python3.7/site-packages/airflow/example_dags/example_trigger_target_dag.py took 0.830 seconds
