[2022-08-24 09:55:33,551] {processor.py:153} INFO - Started process (PID=15528) to work on /home/airflow/.local/lib/python3.7/site-packages/airflow/example_dags/example_short_circuit_operator.py
[2022-08-24 09:55:33,552] {processor.py:641} INFO - Processing file /home/airflow/.local/lib/python3.7/site-packages/airflow/example_dags/example_short_circuit_operator.py for tasks to queue
[2022-08-24 09:55:33,553] {logging_mixin.py:115} INFO - [2022-08-24 09:55:33,553] {dagbag.py:508} INFO - Filling up the DagBag from /home/airflow/.local/lib/python3.7/site-packages/airflow/example_dags/example_short_circuit_operator.py
[2022-08-24 09:55:33,574] {processor.py:651} INFO - DAG(s) dict_keys(['example_short_circuit_operator']) retrieved from /home/airflow/.local/lib/python3.7/site-packages/airflow/example_dags/example_short_circuit_operator.py
[2022-08-24 09:55:33,634] {logging_mixin.py:115} INFO - [2022-08-24 09:55:33,634] {dag.py:2420} INFO - Sync 1 DAGs
[2022-08-24 09:55:33,687] {logging_mixin.py:115} INFO - [2022-08-24 09:55:33,687] {dag.py:2972} INFO - Setting next_dagrun for example_short_circuit_operator to 2022-08-23T09:55:33.687379+00:00, run_after=2022-08-24T09:55:33.687379+00:00
[2022-08-24 09:55:33,711] {processor.py:161} INFO - Processing /home/airflow/.local/lib/python3.7/site-packages/airflow/example_dags/example_short_circuit_operator.py took 0.164 seconds
[2022-08-24 09:56:03,914] {processor.py:153} INFO - Started process (PID=15580) to work on /home/airflow/.local/lib/python3.7/site-packages/airflow/example_dags/example_short_circuit_operator.py
[2022-08-24 09:56:03,915] {processor.py:641} INFO - Processing file /home/airflow/.local/lib/python3.7/site-packages/airflow/example_dags/example_short_circuit_operator.py for tasks to queue
[2022-08-24 09:56:03,916] {logging_mixin.py:115} INFO - [2022-08-24 09:56:03,915] {dagbag.py:508} INFO - Filling up the DagBag from /home/airflow/.local/lib/python3.7/site-packages/airflow/example_dags/example_short_circuit_operator.py
[2022-08-24 09:56:03,938] {processor.py:651} INFO - DAG(s) dict_keys(['example_short_circuit_operator']) retrieved from /home/airflow/.local/lib/python3.7/site-packages/airflow/example_dags/example_short_circuit_operator.py
[2022-08-24 09:56:04,004] {logging_mixin.py:115} INFO - [2022-08-24 09:56:04,003] {dag.py:2420} INFO - Sync 1 DAGs
[2022-08-24 09:56:04,057] {logging_mixin.py:115} INFO - [2022-08-24 09:56:04,057] {dag.py:2972} INFO - Setting next_dagrun for example_short_circuit_operator to 2022-08-23T09:56:04.056209+00:00, run_after=2022-08-24T09:56:04.056209+00:00
[2022-08-24 09:56:04,090] {processor.py:161} INFO - Processing /home/airflow/.local/lib/python3.7/site-packages/airflow/example_dags/example_short_circuit_operator.py took 0.182 seconds
[2022-08-24 09:56:36,299] {processor.py:153} INFO - Started process (PID=15641) to work on /home/airflow/.local/lib/python3.7/site-packages/airflow/example_dags/example_short_circuit_operator.py
[2022-08-24 09:56:36,300] {processor.py:641} INFO - Processing file /home/airflow/.local/lib/python3.7/site-packages/airflow/example_dags/example_short_circuit_operator.py for tasks to queue
[2022-08-24 09:56:36,301] {logging_mixin.py:115} INFO - [2022-08-24 09:56:36,301] {dagbag.py:508} INFO - Filling up the DagBag from /home/airflow/.local/lib/python3.7/site-packages/airflow/example_dags/example_short_circuit_operator.py
[2022-08-24 09:56:36,317] {processor.py:651} INFO - DAG(s) dict_keys(['example_short_circuit_operator']) retrieved from /home/airflow/.local/lib/python3.7/site-packages/airflow/example_dags/example_short_circuit_operator.py
[2022-08-24 09:56:36,377] {logging_mixin.py:115} INFO - [2022-08-24 09:56:36,377] {dag.py:2420} INFO - Sync 1 DAGs
[2022-08-24 09:56:36,432] {logging_mixin.py:115} INFO - [2022-08-24 09:56:36,432] {dag.py:2972} INFO - Setting next_dagrun for example_short_circuit_operator to 2022-08-23T09:56:36.431730+00:00, run_after=2022-08-24T09:56:36.431730+00:00
[2022-08-24 09:56:36,468] {processor.py:161} INFO - Processing /home/airflow/.local/lib/python3.7/site-packages/airflow/example_dags/example_short_circuit_operator.py took 0.174 seconds
[2022-08-24 09:57:07,883] {processor.py:153} INFO - Started process (PID=15694) to work on /home/airflow/.local/lib/python3.7/site-packages/airflow/example_dags/example_short_circuit_operator.py
[2022-08-24 09:57:07,884] {processor.py:641} INFO - Processing file /home/airflow/.local/lib/python3.7/site-packages/airflow/example_dags/example_short_circuit_operator.py for tasks to queue
[2022-08-24 09:57:07,885] {logging_mixin.py:115} INFO - [2022-08-24 09:57:07,885] {dagbag.py:508} INFO - Filling up the DagBag from /home/airflow/.local/lib/python3.7/site-packages/airflow/example_dags/example_short_circuit_operator.py
[2022-08-24 09:57:07,903] {processor.py:651} INFO - DAG(s) dict_keys(['example_short_circuit_operator']) retrieved from /home/airflow/.local/lib/python3.7/site-packages/airflow/example_dags/example_short_circuit_operator.py
[2022-08-24 09:57:07,962] {logging_mixin.py:115} INFO - [2022-08-24 09:57:07,962] {dag.py:2420} INFO - Sync 1 DAGs
[2022-08-24 09:57:08,014] {logging_mixin.py:115} INFO - [2022-08-24 09:57:08,013] {dag.py:2972} INFO - Setting next_dagrun for example_short_circuit_operator to 2022-08-23T09:57:08.013256+00:00, run_after=2022-08-24T09:57:08.013256+00:00
[2022-08-24 09:57:08,043] {processor.py:161} INFO - Processing /home/airflow/.local/lib/python3.7/site-packages/airflow/example_dags/example_short_circuit_operator.py took 0.166 seconds
[2022-08-24 09:57:39,447] {processor.py:153} INFO - Started process (PID=15748) to work on /home/airflow/.local/lib/python3.7/site-packages/airflow/example_dags/example_short_circuit_operator.py
[2022-08-24 09:57:39,448] {processor.py:641} INFO - Processing file /home/airflow/.local/lib/python3.7/site-packages/airflow/example_dags/example_short_circuit_operator.py for tasks to queue
[2022-08-24 09:57:39,449] {logging_mixin.py:115} INFO - [2022-08-24 09:57:39,449] {dagbag.py:508} INFO - Filling up the DagBag from /home/airflow/.local/lib/python3.7/site-packages/airflow/example_dags/example_short_circuit_operator.py
[2022-08-24 09:57:39,465] {processor.py:651} INFO - DAG(s) dict_keys(['example_short_circuit_operator']) retrieved from /home/airflow/.local/lib/python3.7/site-packages/airflow/example_dags/example_short_circuit_operator.py
[2022-08-24 09:57:39,519] {logging_mixin.py:115} INFO - [2022-08-24 09:57:39,519] {dag.py:2420} INFO - Sync 1 DAGs
[2022-08-24 09:57:39,568] {logging_mixin.py:115} INFO - [2022-08-24 09:57:39,568] {dag.py:2972} INFO - Setting next_dagrun for example_short_circuit_operator to 2022-08-23T09:57:39.568132+00:00, run_after=2022-08-24T09:57:39.568132+00:00
[2022-08-24 09:57:39,595] {processor.py:161} INFO - Processing /home/airflow/.local/lib/python3.7/site-packages/airflow/example_dags/example_short_circuit_operator.py took 0.153 seconds
[2022-08-24 09:58:11,918] {processor.py:153} INFO - Started process (PID=15801) to work on /home/airflow/.local/lib/python3.7/site-packages/airflow/example_dags/example_short_circuit_operator.py
[2022-08-24 09:58:11,919] {processor.py:641} INFO - Processing file /home/airflow/.local/lib/python3.7/site-packages/airflow/example_dags/example_short_circuit_operator.py for tasks to queue
[2022-08-24 09:58:11,920] {logging_mixin.py:115} INFO - [2022-08-24 09:58:11,920] {dagbag.py:508} INFO - Filling up the DagBag from /home/airflow/.local/lib/python3.7/site-packages/airflow/example_dags/example_short_circuit_operator.py
[2022-08-24 09:58:11,937] {processor.py:651} INFO - DAG(s) dict_keys(['example_short_circuit_operator']) retrieved from /home/airflow/.local/lib/python3.7/site-packages/airflow/example_dags/example_short_circuit_operator.py
[2022-08-24 09:58:11,995] {logging_mixin.py:115} INFO - [2022-08-24 09:58:11,995] {dag.py:2420} INFO - Sync 1 DAGs
[2022-08-24 09:58:12,056] {logging_mixin.py:115} INFO - [2022-08-24 09:58:12,056] {dag.py:2972} INFO - Setting next_dagrun for example_short_circuit_operator to 2022-08-23T09:58:12.056035+00:00, run_after=2022-08-24T09:58:12.056035+00:00
[2022-08-24 09:58:12,086] {processor.py:161} INFO - Processing /home/airflow/.local/lib/python3.7/site-packages/airflow/example_dags/example_short_circuit_operator.py took 0.174 seconds
[2022-08-24 09:58:44,347] {processor.py:153} INFO - Started process (PID=15864) to work on /home/airflow/.local/lib/python3.7/site-packages/airflow/example_dags/example_short_circuit_operator.py
[2022-08-24 09:58:44,348] {processor.py:641} INFO - Processing file /home/airflow/.local/lib/python3.7/site-packages/airflow/example_dags/example_short_circuit_operator.py for tasks to queue
[2022-08-24 09:58:44,349] {logging_mixin.py:115} INFO - [2022-08-24 09:58:44,349] {dagbag.py:508} INFO - Filling up the DagBag from /home/airflow/.local/lib/python3.7/site-packages/airflow/example_dags/example_short_circuit_operator.py
[2022-08-24 09:58:44,364] {processor.py:651} INFO - DAG(s) dict_keys(['example_short_circuit_operator']) retrieved from /home/airflow/.local/lib/python3.7/site-packages/airflow/example_dags/example_short_circuit_operator.py
[2022-08-24 09:58:44,413] {logging_mixin.py:115} INFO - [2022-08-24 09:58:44,412] {dag.py:2420} INFO - Sync 1 DAGs
[2022-08-24 09:58:44,472] {logging_mixin.py:115} INFO - [2022-08-24 09:58:44,472] {dag.py:2972} INFO - Setting next_dagrun for example_short_circuit_operator to 2022-08-23T09:58:44.472238+00:00, run_after=2022-08-24T09:58:44.472238+00:00
[2022-08-24 09:58:44,512] {processor.py:161} INFO - Processing /home/airflow/.local/lib/python3.7/site-packages/airflow/example_dags/example_short_circuit_operator.py took 0.169 seconds
[2022-08-24 09:59:16,593] {processor.py:153} INFO - Started process (PID=15917) to work on /home/airflow/.local/lib/python3.7/site-packages/airflow/example_dags/example_short_circuit_operator.py
[2022-08-24 09:59:16,594] {processor.py:641} INFO - Processing file /home/airflow/.local/lib/python3.7/site-packages/airflow/example_dags/example_short_circuit_operator.py for tasks to queue
[2022-08-24 09:59:16,595] {logging_mixin.py:115} INFO - [2022-08-24 09:59:16,595] {dagbag.py:508} INFO - Filling up the DagBag from /home/airflow/.local/lib/python3.7/site-packages/airflow/example_dags/example_short_circuit_operator.py
[2022-08-24 09:59:16,616] {processor.py:651} INFO - DAG(s) dict_keys(['example_short_circuit_operator']) retrieved from /home/airflow/.local/lib/python3.7/site-packages/airflow/example_dags/example_short_circuit_operator.py
[2022-08-24 09:59:16,678] {logging_mixin.py:115} INFO - [2022-08-24 09:59:16,678] {dag.py:2420} INFO - Sync 1 DAGs
[2022-08-24 09:59:16,726] {logging_mixin.py:115} INFO - [2022-08-24 09:59:16,725] {dag.py:2972} INFO - Setting next_dagrun for example_short_circuit_operator to 2022-08-23T09:59:16.725235+00:00, run_after=2022-08-24T09:59:16.725235+00:00
[2022-08-24 09:59:16,755] {processor.py:161} INFO - Processing /home/airflow/.local/lib/python3.7/site-packages/airflow/example_dags/example_short_circuit_operator.py took 0.170 seconds
[2022-08-24 09:59:48,379] {processor.py:153} INFO - Started process (PID=15971) to work on /home/airflow/.local/lib/python3.7/site-packages/airflow/example_dags/example_short_circuit_operator.py
[2022-08-24 09:59:48,380] {processor.py:641} INFO - Processing file /home/airflow/.local/lib/python3.7/site-packages/airflow/example_dags/example_short_circuit_operator.py for tasks to queue
[2022-08-24 09:59:48,381] {logging_mixin.py:115} INFO - [2022-08-24 09:59:48,381] {dagbag.py:508} INFO - Filling up the DagBag from /home/airflow/.local/lib/python3.7/site-packages/airflow/example_dags/example_short_circuit_operator.py
[2022-08-24 09:59:48,399] {processor.py:651} INFO - DAG(s) dict_keys(['example_short_circuit_operator']) retrieved from /home/airflow/.local/lib/python3.7/site-packages/airflow/example_dags/example_short_circuit_operator.py
[2022-08-24 09:59:48,452] {logging_mixin.py:115} INFO - [2022-08-24 09:59:48,452] {dag.py:2420} INFO - Sync 1 DAGs
[2022-08-24 09:59:48,498] {logging_mixin.py:115} INFO - [2022-08-24 09:59:48,497] {dag.py:2972} INFO - Setting next_dagrun for example_short_circuit_operator to 2022-08-23T09:59:48.497371+00:00, run_after=2022-08-24T09:59:48.497371+00:00
[2022-08-24 09:59:48,524] {processor.py:161} INFO - Processing /home/airflow/.local/lib/python3.7/site-packages/airflow/example_dags/example_short_circuit_operator.py took 0.150 seconds
[2022-08-24 10:00:20,336] {processor.py:153} INFO - Started process (PID=16024) to work on /home/airflow/.local/lib/python3.7/site-packages/airflow/example_dags/example_short_circuit_operator.py
[2022-08-24 10:00:20,342] {processor.py:641} INFO - Processing file /home/airflow/.local/lib/python3.7/site-packages/airflow/example_dags/example_short_circuit_operator.py for tasks to queue
[2022-08-24 10:00:20,344] {logging_mixin.py:115} INFO - [2022-08-24 10:00:20,343] {dagbag.py:508} INFO - Filling up the DagBag from /home/airflow/.local/lib/python3.7/site-packages/airflow/example_dags/example_short_circuit_operator.py
[2022-08-24 10:00:20,362] {processor.py:651} INFO - DAG(s) dict_keys(['example_short_circuit_operator']) retrieved from /home/airflow/.local/lib/python3.7/site-packages/airflow/example_dags/example_short_circuit_operator.py
[2022-08-24 10:00:20,417] {logging_mixin.py:115} INFO - [2022-08-24 10:00:20,416] {dag.py:2420} INFO - Sync 1 DAGs
[2022-08-24 10:00:20,465] {logging_mixin.py:115} INFO - [2022-08-24 10:00:20,465] {dag.py:2972} INFO - Setting next_dagrun for example_short_circuit_operator to 2022-08-23T10:00:20.464550+00:00, run_after=2022-08-24T10:00:20.464550+00:00
[2022-08-24 10:00:20,494] {processor.py:161} INFO - Processing /home/airflow/.local/lib/python3.7/site-packages/airflow/example_dags/example_short_circuit_operator.py took 0.168 seconds
[2022-08-24 10:00:59,387] {processor.py:153} INFO - Started process (PID=16077) to work on /home/airflow/.local/lib/python3.7/site-packages/airflow/example_dags/example_short_circuit_operator.py
[2022-08-24 10:00:59,388] {processor.py:641} INFO - Processing file /home/airflow/.local/lib/python3.7/site-packages/airflow/example_dags/example_short_circuit_operator.py for tasks to queue
[2022-08-24 10:00:59,389] {logging_mixin.py:115} INFO - [2022-08-24 10:00:59,389] {dagbag.py:508} INFO - Filling up the DagBag from /home/airflow/.local/lib/python3.7/site-packages/airflow/example_dags/example_short_circuit_operator.py
[2022-08-24 10:00:59,411] {processor.py:651} INFO - DAG(s) dict_keys(['example_short_circuit_operator']) retrieved from /home/airflow/.local/lib/python3.7/site-packages/airflow/example_dags/example_short_circuit_operator.py
[2022-08-24 10:00:59,484] {logging_mixin.py:115} INFO - [2022-08-24 10:00:59,484] {dag.py:2420} INFO - Sync 1 DAGs
[2022-08-24 10:00:59,537] {logging_mixin.py:115} INFO - [2022-08-24 10:00:59,537] {dag.py:2972} INFO - Setting next_dagrun for example_short_circuit_operator to 2022-08-23T10:00:59.536631+00:00, run_after=2022-08-24T10:00:59.536631+00:00
[2022-08-24 10:00:59,567] {processor.py:161} INFO - Processing /home/airflow/.local/lib/python3.7/site-packages/airflow/example_dags/example_short_circuit_operator.py took 0.189 seconds
[2022-08-24 10:01:29,756] {processor.py:153} INFO - Started process (PID=16130) to work on /home/airflow/.local/lib/python3.7/site-packages/airflow/example_dags/example_short_circuit_operator.py
[2022-08-24 10:01:29,758] {processor.py:641} INFO - Processing file /home/airflow/.local/lib/python3.7/site-packages/airflow/example_dags/example_short_circuit_operator.py for tasks to queue
[2022-08-24 10:01:29,759] {logging_mixin.py:115} INFO - [2022-08-24 10:01:29,759] {dagbag.py:508} INFO - Filling up the DagBag from /home/airflow/.local/lib/python3.7/site-packages/airflow/example_dags/example_short_circuit_operator.py
[2022-08-24 10:01:29,777] {processor.py:651} INFO - DAG(s) dict_keys(['example_short_circuit_operator']) retrieved from /home/airflow/.local/lib/python3.7/site-packages/airflow/example_dags/example_short_circuit_operator.py
[2022-08-24 10:01:29,847] {logging_mixin.py:115} INFO - [2022-08-24 10:01:29,846] {dag.py:2420} INFO - Sync 1 DAGs
[2022-08-24 10:01:29,905] {logging_mixin.py:115} INFO - [2022-08-24 10:01:29,905] {dag.py:2972} INFO - Setting next_dagrun for example_short_circuit_operator to 2022-08-23T10:01:29.904841+00:00, run_after=2022-08-24T10:01:29.904841+00:00
[2022-08-24 10:01:29,941] {processor.py:161} INFO - Processing /home/airflow/.local/lib/python3.7/site-packages/airflow/example_dags/example_short_circuit_operator.py took 0.192 seconds
[2022-08-24 10:02:00,227] {processor.py:153} INFO - Started process (PID=16191) to work on /home/airflow/.local/lib/python3.7/site-packages/airflow/example_dags/example_short_circuit_operator.py
[2022-08-24 10:02:00,229] {processor.py:641} INFO - Processing file /home/airflow/.local/lib/python3.7/site-packages/airflow/example_dags/example_short_circuit_operator.py for tasks to queue
[2022-08-24 10:02:00,230] {logging_mixin.py:115} INFO - [2022-08-24 10:02:00,230] {dagbag.py:508} INFO - Filling up the DagBag from /home/airflow/.local/lib/python3.7/site-packages/airflow/example_dags/example_short_circuit_operator.py
[2022-08-24 10:02:00,250] {processor.py:651} INFO - DAG(s) dict_keys(['example_short_circuit_operator']) retrieved from /home/airflow/.local/lib/python3.7/site-packages/airflow/example_dags/example_short_circuit_operator.py
[2022-08-24 10:02:00,318] {logging_mixin.py:115} INFO - [2022-08-24 10:02:00,317] {dag.py:2420} INFO - Sync 1 DAGs
[2022-08-24 10:02:00,370] {logging_mixin.py:115} INFO - [2022-08-24 10:02:00,370] {dag.py:2972} INFO - Setting next_dagrun for example_short_circuit_operator to 2022-08-23T10:02:00.369891+00:00, run_after=2022-08-24T10:02:00.369891+00:00
[2022-08-24 10:02:00,402] {processor.py:161} INFO - Processing /home/airflow/.local/lib/python3.7/site-packages/airflow/example_dags/example_short_circuit_operator.py took 0.181 seconds
[2022-08-24 10:02:31,276] {processor.py:153} INFO - Started process (PID=16246) to work on /home/airflow/.local/lib/python3.7/site-packages/airflow/example_dags/example_short_circuit_operator.py
[2022-08-24 10:02:31,277] {processor.py:641} INFO - Processing file /home/airflow/.local/lib/python3.7/site-packages/airflow/example_dags/example_short_circuit_operator.py for tasks to queue
[2022-08-24 10:02:31,279] {logging_mixin.py:115} INFO - [2022-08-24 10:02:31,278] {dagbag.py:508} INFO - Filling up the DagBag from /home/airflow/.local/lib/python3.7/site-packages/airflow/example_dags/example_short_circuit_operator.py
[2022-08-24 10:02:31,294] {processor.py:651} INFO - DAG(s) dict_keys(['example_short_circuit_operator']) retrieved from /home/airflow/.local/lib/python3.7/site-packages/airflow/example_dags/example_short_circuit_operator.py
[2022-08-24 10:02:31,354] {logging_mixin.py:115} INFO - [2022-08-24 10:02:31,354] {dag.py:2420} INFO - Sync 1 DAGs
[2022-08-24 10:02:31,411] {logging_mixin.py:115} INFO - [2022-08-24 10:02:31,411] {dag.py:2972} INFO - Setting next_dagrun for example_short_circuit_operator to 2022-08-23T10:02:31.410604+00:00, run_after=2022-08-24T10:02:31.410604+00:00
[2022-08-24 10:02:31,450] {processor.py:161} INFO - Processing /home/airflow/.local/lib/python3.7/site-packages/airflow/example_dags/example_short_circuit_operator.py took 0.179 seconds
[2022-08-24 10:03:06,914] {processor.py:153} INFO - Started process (PID=16299) to work on /home/airflow/.local/lib/python3.7/site-packages/airflow/example_dags/example_short_circuit_operator.py
[2022-08-24 10:03:06,920] {processor.py:641} INFO - Processing file /home/airflow/.local/lib/python3.7/site-packages/airflow/example_dags/example_short_circuit_operator.py for tasks to queue
[2022-08-24 10:03:06,925] {logging_mixin.py:115} INFO - [2022-08-24 10:03:06,924] {dagbag.py:508} INFO - Filling up the DagBag from /home/airflow/.local/lib/python3.7/site-packages/airflow/example_dags/example_short_circuit_operator.py
[2022-08-24 10:03:07,021] {processor.py:651} INFO - DAG(s) dict_keys(['example_short_circuit_operator']) retrieved from /home/airflow/.local/lib/python3.7/site-packages/airflow/example_dags/example_short_circuit_operator.py
[2022-08-24 10:03:07,282] {logging_mixin.py:115} INFO - [2022-08-24 10:03:07,281] {dag.py:2420} INFO - Sync 1 DAGs
[2022-08-24 10:03:07,551] {logging_mixin.py:115} INFO - [2022-08-24 10:03:07,550] {dag.py:2972} INFO - Setting next_dagrun for example_short_circuit_operator to 2022-08-23T10:03:07.548261+00:00, run_after=2022-08-24T10:03:07.548261+00:00
[2022-08-24 10:03:07,721] {processor.py:161} INFO - Processing /home/airflow/.local/lib/python3.7/site-packages/airflow/example_dags/example_short_circuit_operator.py took 0.837 seconds
[2022-08-24 10:03:45,106] {processor.py:153} INFO - Started process (PID=16352) to work on /home/airflow/.local/lib/python3.7/site-packages/airflow/example_dags/example_short_circuit_operator.py
[2022-08-24 10:03:45,109] {processor.py:641} INFO - Processing file /home/airflow/.local/lib/python3.7/site-packages/airflow/example_dags/example_short_circuit_operator.py for tasks to queue
[2022-08-24 10:03:45,113] {logging_mixin.py:115} INFO - [2022-08-24 10:03:45,112] {dagbag.py:508} INFO - Filling up the DagBag from /home/airflow/.local/lib/python3.7/site-packages/airflow/example_dags/example_short_circuit_operator.py
[2022-08-24 10:03:45,192] {processor.py:651} INFO - DAG(s) dict_keys(['example_short_circuit_operator']) retrieved from /home/airflow/.local/lib/python3.7/site-packages/airflow/example_dags/example_short_circuit_operator.py
[2022-08-24 10:03:45,432] {logging_mixin.py:115} INFO - [2022-08-24 10:03:45,431] {dag.py:2420} INFO - Sync 1 DAGs
[2022-08-24 10:03:45,698] {logging_mixin.py:115} INFO - [2022-08-24 10:03:45,697] {dag.py:2972} INFO - Setting next_dagrun for example_short_circuit_operator to 2022-08-23T10:03:45.695148+00:00, run_after=2022-08-24T10:03:45.695148+00:00
[2022-08-24 10:03:45,888] {processor.py:161} INFO - Processing /home/airflow/.local/lib/python3.7/site-packages/airflow/example_dags/example_short_circuit_operator.py took 0.806 seconds
[2022-08-24 10:04:17,816] {processor.py:153} INFO - Started process (PID=16402) to work on /home/airflow/.local/lib/python3.7/site-packages/airflow/example_dags/example_short_circuit_operator.py
[2022-08-24 10:04:17,823] {processor.py:641} INFO - Processing file /home/airflow/.local/lib/python3.7/site-packages/airflow/example_dags/example_short_circuit_operator.py for tasks to queue
[2022-08-24 10:04:17,828] {logging_mixin.py:115} INFO - [2022-08-24 10:04:17,827] {dagbag.py:508} INFO - Filling up the DagBag from /home/airflow/.local/lib/python3.7/site-packages/airflow/example_dags/example_short_circuit_operator.py
[2022-08-24 10:04:17,919] {processor.py:651} INFO - DAG(s) dict_keys(['example_short_circuit_operator']) retrieved from /home/airflow/.local/lib/python3.7/site-packages/airflow/example_dags/example_short_circuit_operator.py
[2022-08-24 10:04:18,196] {logging_mixin.py:115} INFO - [2022-08-24 10:04:18,195] {dag.py:2420} INFO - Sync 1 DAGs
[2022-08-24 10:04:18,477] {logging_mixin.py:115} INFO - [2022-08-24 10:04:18,475] {dag.py:2972} INFO - Setting next_dagrun for example_short_circuit_operator to 2022-08-23T10:04:18.473146+00:00, run_after=2022-08-24T10:04:18.473146+00:00
[2022-08-24 10:04:18,617] {processor.py:161} INFO - Processing /home/airflow/.local/lib/python3.7/site-packages/airflow/example_dags/example_short_circuit_operator.py took 0.828 seconds
[2022-08-24 10:04:51,347] {processor.py:153} INFO - Started process (PID=16447) to work on /home/airflow/.local/lib/python3.7/site-packages/airflow/example_dags/example_short_circuit_operator.py
[2022-08-24 10:04:51,354] {processor.py:641} INFO - Processing file /home/airflow/.local/lib/python3.7/site-packages/airflow/example_dags/example_short_circuit_operator.py for tasks to queue
[2022-08-24 10:04:51,358] {logging_mixin.py:115} INFO - [2022-08-24 10:04:51,357] {dagbag.py:508} INFO - Filling up the DagBag from /home/airflow/.local/lib/python3.7/site-packages/airflow/example_dags/example_short_circuit_operator.py
[2022-08-24 10:04:51,440] {processor.py:651} INFO - DAG(s) dict_keys(['example_short_circuit_operator']) retrieved from /home/airflow/.local/lib/python3.7/site-packages/airflow/example_dags/example_short_circuit_operator.py
[2022-08-24 10:04:51,672] {logging_mixin.py:115} INFO - [2022-08-24 10:04:51,671] {dag.py:2420} INFO - Sync 1 DAGs
[2022-08-24 10:04:51,894] {logging_mixin.py:115} INFO - [2022-08-24 10:04:51,893] {dag.py:2972} INFO - Setting next_dagrun for example_short_circuit_operator to 2022-08-23T10:04:51.891503+00:00, run_after=2022-08-24T10:04:51.891503+00:00
[2022-08-24 10:04:52,004] {processor.py:161} INFO - Processing /home/airflow/.local/lib/python3.7/site-packages/airflow/example_dags/example_short_circuit_operator.py took 0.681 seconds
[2022-08-24 10:05:24,101] {processor.py:153} INFO - Started process (PID=16498) to work on /home/airflow/.local/lib/python3.7/site-packages/airflow/example_dags/example_short_circuit_operator.py
[2022-08-24 10:05:24,109] {processor.py:641} INFO - Processing file /home/airflow/.local/lib/python3.7/site-packages/airflow/example_dags/example_short_circuit_operator.py for tasks to queue
[2022-08-24 10:05:24,116] {logging_mixin.py:115} INFO - [2022-08-24 10:05:24,116] {dagbag.py:508} INFO - Filling up the DagBag from /home/airflow/.local/lib/python3.7/site-packages/airflow/example_dags/example_short_circuit_operator.py
[2022-08-24 10:05:24,221] {processor.py:651} INFO - DAG(s) dict_keys(['example_short_circuit_operator']) retrieved from /home/airflow/.local/lib/python3.7/site-packages/airflow/example_dags/example_short_circuit_operator.py
[2022-08-24 10:05:24,501] {logging_mixin.py:115} INFO - [2022-08-24 10:05:24,500] {dag.py:2420} INFO - Sync 1 DAGs
[2022-08-24 10:05:24,783] {logging_mixin.py:115} INFO - [2022-08-24 10:05:24,782] {dag.py:2972} INFO - Setting next_dagrun for example_short_circuit_operator to 2022-08-23T10:05:24.778862+00:00, run_after=2022-08-24T10:05:24.778862+00:00
[2022-08-24 10:05:24,913] {processor.py:161} INFO - Processing /home/airflow/.local/lib/python3.7/site-packages/airflow/example_dags/example_short_circuit_operator.py took 0.848 seconds
[2022-08-24 10:05:56,849] {processor.py:153} INFO - Started process (PID=16546) to work on /home/airflow/.local/lib/python3.7/site-packages/airflow/example_dags/example_short_circuit_operator.py
[2022-08-24 10:05:56,859] {processor.py:641} INFO - Processing file /home/airflow/.local/lib/python3.7/site-packages/airflow/example_dags/example_short_circuit_operator.py for tasks to queue
[2022-08-24 10:05:56,863] {logging_mixin.py:115} INFO - [2022-08-24 10:05:56,862] {dagbag.py:508} INFO - Filling up the DagBag from /home/airflow/.local/lib/python3.7/site-packages/airflow/example_dags/example_short_circuit_operator.py
[2022-08-24 10:05:56,982] {processor.py:651} INFO - DAG(s) dict_keys(['example_short_circuit_operator']) retrieved from /home/airflow/.local/lib/python3.7/site-packages/airflow/example_dags/example_short_circuit_operator.py
[2022-08-24 10:05:57,403] {logging_mixin.py:115} INFO - [2022-08-24 10:05:57,390] {dag.py:2420} INFO - Sync 1 DAGs
[2022-08-24 10:05:57,821] {logging_mixin.py:115} INFO - [2022-08-24 10:05:57,820] {dag.py:2972} INFO - Setting next_dagrun for example_short_circuit_operator to 2022-08-23T10:05:57.817743+00:00, run_after=2022-08-24T10:05:57.817743+00:00
[2022-08-24 10:05:57,960] {processor.py:161} INFO - Processing /home/airflow/.local/lib/python3.7/site-packages/airflow/example_dags/example_short_circuit_operator.py took 1.156 seconds
[2022-08-24 10:06:28,221] {processor.py:153} INFO - Started process (PID=16596) to work on /home/airflow/.local/lib/python3.7/site-packages/airflow/example_dags/example_short_circuit_operator.py
[2022-08-24 10:06:28,225] {processor.py:641} INFO - Processing file /home/airflow/.local/lib/python3.7/site-packages/airflow/example_dags/example_short_circuit_operator.py for tasks to queue
[2022-08-24 10:06:28,234] {logging_mixin.py:115} INFO - [2022-08-24 10:06:28,232] {dagbag.py:508} INFO - Filling up the DagBag from /home/airflow/.local/lib/python3.7/site-packages/airflow/example_dags/example_short_circuit_operator.py
[2022-08-24 10:06:28,332] {processor.py:651} INFO - DAG(s) dict_keys(['example_short_circuit_operator']) retrieved from /home/airflow/.local/lib/python3.7/site-packages/airflow/example_dags/example_short_circuit_operator.py
[2022-08-24 10:06:28,571] {logging_mixin.py:115} INFO - [2022-08-24 10:06:28,570] {dag.py:2420} INFO - Sync 1 DAGs
[2022-08-24 10:06:28,808] {logging_mixin.py:115} INFO - [2022-08-24 10:06:28,807] {dag.py:2972} INFO - Setting next_dagrun for example_short_circuit_operator to 2022-08-23T10:06:28.805633+00:00, run_after=2022-08-24T10:06:28.805633+00:00
[2022-08-24 10:06:28,928] {processor.py:161} INFO - Processing /home/airflow/.local/lib/python3.7/site-packages/airflow/example_dags/example_short_circuit_operator.py took 0.735 seconds
[2022-08-24 10:07:00,343] {processor.py:153} INFO - Started process (PID=16641) to work on /home/airflow/.local/lib/python3.7/site-packages/airflow/example_dags/example_short_circuit_operator.py
[2022-08-24 10:07:00,350] {processor.py:641} INFO - Processing file /home/airflow/.local/lib/python3.7/site-packages/airflow/example_dags/example_short_circuit_operator.py for tasks to queue
[2022-08-24 10:07:00,355] {logging_mixin.py:115} INFO - [2022-08-24 10:07:00,354] {dagbag.py:508} INFO - Filling up the DagBag from /home/airflow/.local/lib/python3.7/site-packages/airflow/example_dags/example_short_circuit_operator.py
[2022-08-24 10:07:00,453] {processor.py:651} INFO - DAG(s) dict_keys(['example_short_circuit_operator']) retrieved from /home/airflow/.local/lib/python3.7/site-packages/airflow/example_dags/example_short_circuit_operator.py
[2022-08-24 10:07:00,731] {logging_mixin.py:115} INFO - [2022-08-24 10:07:00,730] {dag.py:2420} INFO - Sync 1 DAGs
[2022-08-24 10:07:01,099] {logging_mixin.py:115} INFO - [2022-08-24 10:07:01,095] {dag.py:2972} INFO - Setting next_dagrun for example_short_circuit_operator to 2022-08-23T10:07:01.092528+00:00, run_after=2022-08-24T10:07:01.092528+00:00
[2022-08-24 10:07:01,252] {processor.py:161} INFO - Processing /home/airflow/.local/lib/python3.7/site-packages/airflow/example_dags/example_short_circuit_operator.py took 0.936 seconds
[2022-08-24 10:07:32,415] {processor.py:153} INFO - Started process (PID=16693) to work on /home/airflow/.local/lib/python3.7/site-packages/airflow/example_dags/example_short_circuit_operator.py
[2022-08-24 10:07:32,422] {processor.py:641} INFO - Processing file /home/airflow/.local/lib/python3.7/site-packages/airflow/example_dags/example_short_circuit_operator.py for tasks to queue
[2022-08-24 10:07:32,427] {logging_mixin.py:115} INFO - [2022-08-24 10:07:32,426] {dagbag.py:508} INFO - Filling up the DagBag from /home/airflow/.local/lib/python3.7/site-packages/airflow/example_dags/example_short_circuit_operator.py
[2022-08-24 10:07:32,526] {processor.py:651} INFO - DAG(s) dict_keys(['example_short_circuit_operator']) retrieved from /home/airflow/.local/lib/python3.7/site-packages/airflow/example_dags/example_short_circuit_operator.py
[2022-08-24 10:07:32,902] {logging_mixin.py:115} INFO - [2022-08-24 10:07:32,901] {dag.py:2420} INFO - Sync 1 DAGs
[2022-08-24 10:07:33,332] {logging_mixin.py:115} INFO - [2022-08-24 10:07:33,331] {dag.py:2972} INFO - Setting next_dagrun for example_short_circuit_operator to 2022-08-23T10:07:33.329335+00:00, run_after=2022-08-24T10:07:33.329335+00:00
[2022-08-24 10:07:33,462] {processor.py:161} INFO - Processing /home/airflow/.local/lib/python3.7/site-packages/airflow/example_dags/example_short_circuit_operator.py took 1.074 seconds
[2022-08-24 10:08:05,316] {processor.py:153} INFO - Started process (PID=16739) to work on /home/airflow/.local/lib/python3.7/site-packages/airflow/example_dags/example_short_circuit_operator.py
[2022-08-24 10:08:05,322] {processor.py:641} INFO - Processing file /home/airflow/.local/lib/python3.7/site-packages/airflow/example_dags/example_short_circuit_operator.py for tasks to queue
[2022-08-24 10:08:05,327] {logging_mixin.py:115} INFO - [2022-08-24 10:08:05,326] {dagbag.py:508} INFO - Filling up the DagBag from /home/airflow/.local/lib/python3.7/site-packages/airflow/example_dags/example_short_circuit_operator.py
[2022-08-24 10:08:05,421] {processor.py:651} INFO - DAG(s) dict_keys(['example_short_circuit_operator']) retrieved from /home/airflow/.local/lib/python3.7/site-packages/airflow/example_dags/example_short_circuit_operator.py
[2022-08-24 10:08:05,701] {logging_mixin.py:115} INFO - [2022-08-24 10:08:05,700] {dag.py:2420} INFO - Sync 1 DAGs
[2022-08-24 10:08:05,964] {logging_mixin.py:115} INFO - [2022-08-24 10:08:05,963] {dag.py:2972} INFO - Setting next_dagrun for example_short_circuit_operator to 2022-08-23T10:08:05.961609+00:00, run_after=2022-08-24T10:08:05.961609+00:00
[2022-08-24 10:08:06,073] {processor.py:161} INFO - Processing /home/airflow/.local/lib/python3.7/site-packages/airflow/example_dags/example_short_circuit_operator.py took 0.786 seconds
[2022-08-24 10:08:37,265] {processor.py:153} INFO - Started process (PID=16791) to work on /home/airflow/.local/lib/python3.7/site-packages/airflow/example_dags/example_short_circuit_operator.py
[2022-08-24 10:08:37,269] {processor.py:641} INFO - Processing file /home/airflow/.local/lib/python3.7/site-packages/airflow/example_dags/example_short_circuit_operator.py for tasks to queue
[2022-08-24 10:08:37,274] {logging_mixin.py:115} INFO - [2022-08-24 10:08:37,273] {dagbag.py:508} INFO - Filling up the DagBag from /home/airflow/.local/lib/python3.7/site-packages/airflow/example_dags/example_short_circuit_operator.py
[2022-08-24 10:08:37,374] {processor.py:651} INFO - DAG(s) dict_keys(['example_short_circuit_operator']) retrieved from /home/airflow/.local/lib/python3.7/site-packages/airflow/example_dags/example_short_circuit_operator.py
[2022-08-24 10:08:37,803] {logging_mixin.py:115} INFO - [2022-08-24 10:08:37,802] {dag.py:2420} INFO - Sync 1 DAGs
[2022-08-24 10:08:38,120] {logging_mixin.py:115} INFO - [2022-08-24 10:08:38,119] {dag.py:2972} INFO - Setting next_dagrun for example_short_circuit_operator to 2022-08-23T10:08:38.113207+00:00, run_after=2022-08-24T10:08:38.113207+00:00
[2022-08-24 10:08:38,286] {processor.py:161} INFO - Processing /home/airflow/.local/lib/python3.7/site-packages/airflow/example_dags/example_short_circuit_operator.py took 1.049 seconds
[2022-08-24 10:09:09,041] {processor.py:153} INFO - Started process (PID=16837) to work on /home/airflow/.local/lib/python3.7/site-packages/airflow/example_dags/example_short_circuit_operator.py
[2022-08-24 10:09:09,047] {processor.py:641} INFO - Processing file /home/airflow/.local/lib/python3.7/site-packages/airflow/example_dags/example_short_circuit_operator.py for tasks to queue
[2022-08-24 10:09:09,052] {logging_mixin.py:115} INFO - [2022-08-24 10:09:09,051] {dagbag.py:508} INFO - Filling up the DagBag from /home/airflow/.local/lib/python3.7/site-packages/airflow/example_dags/example_short_circuit_operator.py
[2022-08-24 10:09:09,151] {processor.py:651} INFO - DAG(s) dict_keys(['example_short_circuit_operator']) retrieved from /home/airflow/.local/lib/python3.7/site-packages/airflow/example_dags/example_short_circuit_operator.py
[2022-08-24 10:09:09,429] {logging_mixin.py:115} INFO - [2022-08-24 10:09:09,428] {dag.py:2420} INFO - Sync 1 DAGs
[2022-08-24 10:09:09,813] {logging_mixin.py:115} INFO - [2022-08-24 10:09:09,812] {dag.py:2972} INFO - Setting next_dagrun for example_short_circuit_operator to 2022-08-23T10:09:09.809638+00:00, run_after=2022-08-24T10:09:09.809638+00:00
[2022-08-24 10:09:10,020] {processor.py:161} INFO - Processing /home/airflow/.local/lib/python3.7/site-packages/airflow/example_dags/example_short_circuit_operator.py took 1.011 seconds
[2022-08-24 10:09:41,240] {processor.py:153} INFO - Started process (PID=16888) to work on /home/airflow/.local/lib/python3.7/site-packages/airflow/example_dags/example_short_circuit_operator.py
[2022-08-24 10:09:41,247] {processor.py:641} INFO - Processing file /home/airflow/.local/lib/python3.7/site-packages/airflow/example_dags/example_short_circuit_operator.py for tasks to queue
[2022-08-24 10:09:41,251] {logging_mixin.py:115} INFO - [2022-08-24 10:09:41,250] {dagbag.py:508} INFO - Filling up the DagBag from /home/airflow/.local/lib/python3.7/site-packages/airflow/example_dags/example_short_circuit_operator.py
[2022-08-24 10:09:41,356] {processor.py:651} INFO - DAG(s) dict_keys(['example_short_circuit_operator']) retrieved from /home/airflow/.local/lib/python3.7/site-packages/airflow/example_dags/example_short_circuit_operator.py
[2022-08-24 10:09:41,637] {logging_mixin.py:115} INFO - [2022-08-24 10:09:41,636] {dag.py:2420} INFO - Sync 1 DAGs
[2022-08-24 10:09:41,894] {logging_mixin.py:115} INFO - [2022-08-24 10:09:41,893] {dag.py:2972} INFO - Setting next_dagrun for example_short_circuit_operator to 2022-08-23T10:09:41.891134+00:00, run_after=2022-08-24T10:09:41.891134+00:00
[2022-08-24 10:09:42,012] {processor.py:161} INFO - Processing /home/airflow/.local/lib/python3.7/site-packages/airflow/example_dags/example_short_circuit_operator.py took 0.797 seconds
[2022-08-24 10:10:13,330] {processor.py:153} INFO - Started process (PID=16934) to work on /home/airflow/.local/lib/python3.7/site-packages/airflow/example_dags/example_short_circuit_operator.py
[2022-08-24 10:10:13,335] {processor.py:641} INFO - Processing file /home/airflow/.local/lib/python3.7/site-packages/airflow/example_dags/example_short_circuit_operator.py for tasks to queue
[2022-08-24 10:10:13,356] {logging_mixin.py:115} INFO - [2022-08-24 10:10:13,346] {dagbag.py:508} INFO - Filling up the DagBag from /home/airflow/.local/lib/python3.7/site-packages/airflow/example_dags/example_short_circuit_operator.py
[2022-08-24 10:10:13,482] {processor.py:651} INFO - DAG(s) dict_keys(['example_short_circuit_operator']) retrieved from /home/airflow/.local/lib/python3.7/site-packages/airflow/example_dags/example_short_circuit_operator.py
[2022-08-24 10:10:13,730] {logging_mixin.py:115} INFO - [2022-08-24 10:10:13,729] {dag.py:2420} INFO - Sync 1 DAGs
[2022-08-24 10:10:14,016] {logging_mixin.py:115} INFO - [2022-08-24 10:10:14,015] {dag.py:2972} INFO - Setting next_dagrun for example_short_circuit_operator to 2022-08-23T10:10:14.012916+00:00, run_after=2022-08-24T10:10:14.012916+00:00
[2022-08-24 10:10:14,132] {processor.py:161} INFO - Processing /home/airflow/.local/lib/python3.7/site-packages/airflow/example_dags/example_short_circuit_operator.py took 0.834 seconds
[2022-08-24 10:10:45,465] {processor.py:153} INFO - Started process (PID=16985) to work on /home/airflow/.local/lib/python3.7/site-packages/airflow/example_dags/example_short_circuit_operator.py
[2022-08-24 10:10:45,480] {processor.py:641} INFO - Processing file /home/airflow/.local/lib/python3.7/site-packages/airflow/example_dags/example_short_circuit_operator.py for tasks to queue
[2022-08-24 10:10:45,485] {logging_mixin.py:115} INFO - [2022-08-24 10:10:45,484] {dagbag.py:508} INFO - Filling up the DagBag from /home/airflow/.local/lib/python3.7/site-packages/airflow/example_dags/example_short_circuit_operator.py
[2022-08-24 10:10:45,612] {processor.py:651} INFO - DAG(s) dict_keys(['example_short_circuit_operator']) retrieved from /home/airflow/.local/lib/python3.7/site-packages/airflow/example_dags/example_short_circuit_operator.py
[2022-08-24 10:10:45,904] {logging_mixin.py:115} INFO - [2022-08-24 10:10:45,903] {dag.py:2420} INFO - Sync 1 DAGs
[2022-08-24 10:10:46,241] {logging_mixin.py:115} INFO - [2022-08-24 10:10:46,240] {dag.py:2972} INFO - Setting next_dagrun for example_short_circuit_operator to 2022-08-23T10:10:46.237938+00:00, run_after=2022-08-24T10:10:46.237938+00:00
[2022-08-24 10:10:46,376] {processor.py:161} INFO - Processing /home/airflow/.local/lib/python3.7/site-packages/airflow/example_dags/example_short_circuit_operator.py took 0.940 seconds
[2022-08-24 10:11:18,480] {processor.py:153} INFO - Started process (PID=17030) to work on /home/airflow/.local/lib/python3.7/site-packages/airflow/example_dags/example_short_circuit_operator.py
[2022-08-24 10:11:18,486] {processor.py:641} INFO - Processing file /home/airflow/.local/lib/python3.7/site-packages/airflow/example_dags/example_short_circuit_operator.py for tasks to queue
[2022-08-24 10:11:18,493] {logging_mixin.py:115} INFO - [2022-08-24 10:11:18,492] {dagbag.py:508} INFO - Filling up the DagBag from /home/airflow/.local/lib/python3.7/site-packages/airflow/example_dags/example_short_circuit_operator.py
[2022-08-24 10:11:18,592] {processor.py:651} INFO - DAG(s) dict_keys(['example_short_circuit_operator']) retrieved from /home/airflow/.local/lib/python3.7/site-packages/airflow/example_dags/example_short_circuit_operator.py
[2022-08-24 10:11:18,883] {logging_mixin.py:115} INFO - [2022-08-24 10:11:18,882] {dag.py:2420} INFO - Sync 1 DAGs
[2022-08-24 10:11:19,183] {logging_mixin.py:115} INFO - [2022-08-24 10:11:19,182] {dag.py:2972} INFO - Setting next_dagrun for example_short_circuit_operator to 2022-08-23T10:11:19.179816+00:00, run_after=2022-08-24T10:11:19.179816+00:00
[2022-08-24 10:11:19,319] {processor.py:161} INFO - Processing /home/airflow/.local/lib/python3.7/site-packages/airflow/example_dags/example_short_circuit_operator.py took 0.869 seconds
[2022-08-24 10:11:50,864] {processor.py:153} INFO - Started process (PID=17082) to work on /home/airflow/.local/lib/python3.7/site-packages/airflow/example_dags/example_short_circuit_operator.py
[2022-08-24 10:11:50,868] {processor.py:641} INFO - Processing file /home/airflow/.local/lib/python3.7/site-packages/airflow/example_dags/example_short_circuit_operator.py for tasks to queue
[2022-08-24 10:11:50,873] {logging_mixin.py:115} INFO - [2022-08-24 10:11:50,872] {dagbag.py:508} INFO - Filling up the DagBag from /home/airflow/.local/lib/python3.7/site-packages/airflow/example_dags/example_short_circuit_operator.py
[2022-08-24 10:11:50,967] {processor.py:651} INFO - DAG(s) dict_keys(['example_short_circuit_operator']) retrieved from /home/airflow/.local/lib/python3.7/site-packages/airflow/example_dags/example_short_circuit_operator.py
[2022-08-24 10:11:51,227] {logging_mixin.py:115} INFO - [2022-08-24 10:11:51,226] {dag.py:2420} INFO - Sync 1 DAGs
[2022-08-24 10:11:51,490] {logging_mixin.py:115} INFO - [2022-08-24 10:11:51,489] {dag.py:2972} INFO - Setting next_dagrun for example_short_circuit_operator to 2022-08-23T10:11:51.487062+00:00, run_after=2022-08-24T10:11:51.487062+00:00
[2022-08-24 10:11:51,615] {processor.py:161} INFO - Processing /home/airflow/.local/lib/python3.7/site-packages/airflow/example_dags/example_short_circuit_operator.py took 0.780 seconds
[2022-08-24 10:12:22,590] {processor.py:153} INFO - Started process (PID=17128) to work on /home/airflow/.local/lib/python3.7/site-packages/airflow/example_dags/example_short_circuit_operator.py
[2022-08-24 10:12:22,594] {processor.py:641} INFO - Processing file /home/airflow/.local/lib/python3.7/site-packages/airflow/example_dags/example_short_circuit_operator.py for tasks to queue
[2022-08-24 10:12:22,599] {logging_mixin.py:115} INFO - [2022-08-24 10:12:22,598] {dagbag.py:508} INFO - Filling up the DagBag from /home/airflow/.local/lib/python3.7/site-packages/airflow/example_dags/example_short_circuit_operator.py
[2022-08-24 10:12:22,699] {processor.py:651} INFO - DAG(s) dict_keys(['example_short_circuit_operator']) retrieved from /home/airflow/.local/lib/python3.7/site-packages/airflow/example_dags/example_short_circuit_operator.py
[2022-08-24 10:12:22,978] {logging_mixin.py:115} INFO - [2022-08-24 10:12:22,977] {dag.py:2420} INFO - Sync 1 DAGs
[2022-08-24 10:12:23,233] {logging_mixin.py:115} INFO - [2022-08-24 10:12:23,232] {dag.py:2972} INFO - Setting next_dagrun for example_short_circuit_operator to 2022-08-23T10:12:23.230689+00:00, run_after=2022-08-24T10:12:23.230689+00:00
[2022-08-24 10:12:23,369] {processor.py:161} INFO - Processing /home/airflow/.local/lib/python3.7/site-packages/airflow/example_dags/example_short_circuit_operator.py took 0.808 seconds
[2022-08-24 10:12:56,065] {processor.py:153} INFO - Started process (PID=17179) to work on /home/airflow/.local/lib/python3.7/site-packages/airflow/example_dags/example_short_circuit_operator.py
[2022-08-24 10:12:56,071] {processor.py:641} INFO - Processing file /home/airflow/.local/lib/python3.7/site-packages/airflow/example_dags/example_short_circuit_operator.py for tasks to queue
[2022-08-24 10:12:56,077] {logging_mixin.py:115} INFO - [2022-08-24 10:12:56,076] {dagbag.py:508} INFO - Filling up the DagBag from /home/airflow/.local/lib/python3.7/site-packages/airflow/example_dags/example_short_circuit_operator.py
[2022-08-24 10:12:56,173] {processor.py:651} INFO - DAG(s) dict_keys(['example_short_circuit_operator']) retrieved from /home/airflow/.local/lib/python3.7/site-packages/airflow/example_dags/example_short_circuit_operator.py
[2022-08-24 10:12:56,484] {logging_mixin.py:115} INFO - [2022-08-24 10:12:56,483] {dag.py:2420} INFO - Sync 1 DAGs
[2022-08-24 10:12:56,750] {logging_mixin.py:115} INFO - [2022-08-24 10:12:56,749] {dag.py:2972} INFO - Setting next_dagrun for example_short_circuit_operator to 2022-08-23T10:12:56.747353+00:00, run_after=2022-08-24T10:12:56.747353+00:00
[2022-08-24 10:12:56,884] {processor.py:161} INFO - Processing /home/airflow/.local/lib/python3.7/site-packages/airflow/example_dags/example_short_circuit_operator.py took 0.846 seconds
[2022-08-24 10:13:28,388] {processor.py:153} INFO - Started process (PID=17224) to work on /home/airflow/.local/lib/python3.7/site-packages/airflow/example_dags/example_short_circuit_operator.py
[2022-08-24 10:13:28,395] {processor.py:641} INFO - Processing file /home/airflow/.local/lib/python3.7/site-packages/airflow/example_dags/example_short_circuit_operator.py for tasks to queue
[2022-08-24 10:13:28,401] {logging_mixin.py:115} INFO - [2022-08-24 10:13:28,400] {dagbag.py:508} INFO - Filling up the DagBag from /home/airflow/.local/lib/python3.7/site-packages/airflow/example_dags/example_short_circuit_operator.py
[2022-08-24 10:13:28,508] {processor.py:651} INFO - DAG(s) dict_keys(['example_short_circuit_operator']) retrieved from /home/airflow/.local/lib/python3.7/site-packages/airflow/example_dags/example_short_circuit_operator.py
[2022-08-24 10:13:28,882] {logging_mixin.py:115} INFO - [2022-08-24 10:13:28,881] {dag.py:2420} INFO - Sync 1 DAGs
[2022-08-24 10:13:29,184] {logging_mixin.py:115} INFO - [2022-08-24 10:13:29,183] {dag.py:2972} INFO - Setting next_dagrun for example_short_circuit_operator to 2022-08-23T10:13:29.180968+00:00, run_after=2022-08-24T10:13:29.180968+00:00
[2022-08-24 10:13:29,312] {processor.py:161} INFO - Processing /home/airflow/.local/lib/python3.7/site-packages/airflow/example_dags/example_short_circuit_operator.py took 0.955 seconds
[2022-08-24 10:14:00,972] {processor.py:153} INFO - Started process (PID=17275) to work on /home/airflow/.local/lib/python3.7/site-packages/airflow/example_dags/example_short_circuit_operator.py
[2022-08-24 10:14:00,980] {processor.py:641} INFO - Processing file /home/airflow/.local/lib/python3.7/site-packages/airflow/example_dags/example_short_circuit_operator.py for tasks to queue
[2022-08-24 10:14:00,985] {logging_mixin.py:115} INFO - [2022-08-24 10:14:00,984] {dagbag.py:508} INFO - Filling up the DagBag from /home/airflow/.local/lib/python3.7/site-packages/airflow/example_dags/example_short_circuit_operator.py
[2022-08-24 10:14:01,088] {processor.py:651} INFO - DAG(s) dict_keys(['example_short_circuit_operator']) retrieved from /home/airflow/.local/lib/python3.7/site-packages/airflow/example_dags/example_short_circuit_operator.py
[2022-08-24 10:14:01,389] {logging_mixin.py:115} INFO - [2022-08-24 10:14:01,388] {dag.py:2420} INFO - Sync 1 DAGs
[2022-08-24 10:14:01,679] {logging_mixin.py:115} INFO - [2022-08-24 10:14:01,678] {dag.py:2972} INFO - Setting next_dagrun for example_short_circuit_operator to 2022-08-23T10:14:01.675915+00:00, run_after=2022-08-24T10:14:01.675915+00:00
[2022-08-24 10:14:01,804] {processor.py:161} INFO - Processing /home/airflow/.local/lib/python3.7/site-packages/airflow/example_dags/example_short_circuit_operator.py took 0.861 seconds
[2022-08-24 10:14:33,339] {processor.py:153} INFO - Started process (PID=17321) to work on /home/airflow/.local/lib/python3.7/site-packages/airflow/example_dags/example_short_circuit_operator.py
[2022-08-24 10:14:33,344] {processor.py:641} INFO - Processing file /home/airflow/.local/lib/python3.7/site-packages/airflow/example_dags/example_short_circuit_operator.py for tasks to queue
[2022-08-24 10:14:33,350] {logging_mixin.py:115} INFO - [2022-08-24 10:14:33,349] {dagbag.py:508} INFO - Filling up the DagBag from /home/airflow/.local/lib/python3.7/site-packages/airflow/example_dags/example_short_circuit_operator.py
[2022-08-24 10:14:33,502] {processor.py:651} INFO - DAG(s) dict_keys(['example_short_circuit_operator']) retrieved from /home/airflow/.local/lib/python3.7/site-packages/airflow/example_dags/example_short_circuit_operator.py
[2022-08-24 10:14:33,821] {logging_mixin.py:115} INFO - [2022-08-24 10:14:33,820] {dag.py:2420} INFO - Sync 1 DAGs
[2022-08-24 10:14:34,129] {logging_mixin.py:115} INFO - [2022-08-24 10:14:34,128] {dag.py:2972} INFO - Setting next_dagrun for example_short_circuit_operator to 2022-08-23T10:14:34.126071+00:00, run_after=2022-08-24T10:14:34.126071+00:00
[2022-08-24 10:14:34,289] {processor.py:161} INFO - Processing /home/airflow/.local/lib/python3.7/site-packages/airflow/example_dags/example_short_circuit_operator.py took 0.983 seconds
[2022-08-24 10:15:05,388] {processor.py:153} INFO - Started process (PID=17370) to work on /home/airflow/.local/lib/python3.7/site-packages/airflow/example_dags/example_short_circuit_operator.py
[2022-08-24 10:15:05,392] {processor.py:641} INFO - Processing file /home/airflow/.local/lib/python3.7/site-packages/airflow/example_dags/example_short_circuit_operator.py for tasks to queue
[2022-08-24 10:15:05,397] {logging_mixin.py:115} INFO - [2022-08-24 10:15:05,396] {dagbag.py:508} INFO - Filling up the DagBag from /home/airflow/.local/lib/python3.7/site-packages/airflow/example_dags/example_short_circuit_operator.py
[2022-08-24 10:15:05,501] {processor.py:651} INFO - DAG(s) dict_keys(['example_short_circuit_operator']) retrieved from /home/airflow/.local/lib/python3.7/site-packages/airflow/example_dags/example_short_circuit_operator.py
[2022-08-24 10:15:05,785] {logging_mixin.py:115} INFO - [2022-08-24 10:15:05,784] {dag.py:2420} INFO - Sync 1 DAGs
[2022-08-24 10:15:06,031] {logging_mixin.py:115} INFO - [2022-08-24 10:15:06,029] {dag.py:2972} INFO - Setting next_dagrun for example_short_circuit_operator to 2022-08-23T10:15:06.027560+00:00, run_after=2022-08-24T10:15:06.027560+00:00
[2022-08-24 10:15:06,145] {processor.py:161} INFO - Processing /home/airflow/.local/lib/python3.7/site-packages/airflow/example_dags/example_short_circuit_operator.py took 0.788 seconds
[2022-08-24 10:15:38,746] {processor.py:153} INFO - Started process (PID=17416) to work on /home/airflow/.local/lib/python3.7/site-packages/airflow/example_dags/example_short_circuit_operator.py
[2022-08-24 10:15:38,753] {processor.py:641} INFO - Processing file /home/airflow/.local/lib/python3.7/site-packages/airflow/example_dags/example_short_circuit_operator.py for tasks to queue
[2022-08-24 10:15:38,758] {logging_mixin.py:115} INFO - [2022-08-24 10:15:38,756] {dagbag.py:508} INFO - Filling up the DagBag from /home/airflow/.local/lib/python3.7/site-packages/airflow/example_dags/example_short_circuit_operator.py
[2022-08-24 10:15:38,860] {processor.py:651} INFO - DAG(s) dict_keys(['example_short_circuit_operator']) retrieved from /home/airflow/.local/lib/python3.7/site-packages/airflow/example_dags/example_short_circuit_operator.py
[2022-08-24 10:15:39,196] {logging_mixin.py:115} INFO - [2022-08-24 10:15:39,195] {dag.py:2420} INFO - Sync 1 DAGs
[2022-08-24 10:15:39,496] {logging_mixin.py:115} INFO - [2022-08-24 10:15:39,495] {dag.py:2972} INFO - Setting next_dagrun for example_short_circuit_operator to 2022-08-23T10:15:39.493167+00:00, run_after=2022-08-24T10:15:39.493167+00:00
[2022-08-24 10:15:39,616] {processor.py:161} INFO - Processing /home/airflow/.local/lib/python3.7/site-packages/airflow/example_dags/example_short_circuit_operator.py took 0.903 seconds
[2022-08-24 10:16:10,426] {processor.py:153} INFO - Started process (PID=17467) to work on /home/airflow/.local/lib/python3.7/site-packages/airflow/example_dags/example_short_circuit_operator.py
[2022-08-24 10:16:10,433] {processor.py:641} INFO - Processing file /home/airflow/.local/lib/python3.7/site-packages/airflow/example_dags/example_short_circuit_operator.py for tasks to queue
[2022-08-24 10:16:10,439] {logging_mixin.py:115} INFO - [2022-08-24 10:16:10,438] {dagbag.py:508} INFO - Filling up the DagBag from /home/airflow/.local/lib/python3.7/site-packages/airflow/example_dags/example_short_circuit_operator.py
[2022-08-24 10:16:10,542] {processor.py:651} INFO - DAG(s) dict_keys(['example_short_circuit_operator']) retrieved from /home/airflow/.local/lib/python3.7/site-packages/airflow/example_dags/example_short_circuit_operator.py
[2022-08-24 10:16:10,809] {logging_mixin.py:115} INFO - [2022-08-24 10:16:10,808] {dag.py:2420} INFO - Sync 1 DAGs
[2022-08-24 10:16:11,058] {logging_mixin.py:115} INFO - [2022-08-24 10:16:11,057] {dag.py:2972} INFO - Setting next_dagrun for example_short_circuit_operator to 2022-08-23T10:16:11.055088+00:00, run_after=2022-08-24T10:16:11.055088+00:00
[2022-08-24 10:16:11,209] {processor.py:161} INFO - Processing /home/airflow/.local/lib/python3.7/site-packages/airflow/example_dags/example_short_circuit_operator.py took 0.812 seconds
[2022-08-24 10:16:42,489] {processor.py:153} INFO - Started process (PID=17513) to work on /home/airflow/.local/lib/python3.7/site-packages/airflow/example_dags/example_short_circuit_operator.py
[2022-08-24 10:16:42,499] {processor.py:641} INFO - Processing file /home/airflow/.local/lib/python3.7/site-packages/airflow/example_dags/example_short_circuit_operator.py for tasks to queue
[2022-08-24 10:16:42,517] {logging_mixin.py:115} INFO - [2022-08-24 10:16:42,516] {dagbag.py:508} INFO - Filling up the DagBag from /home/airflow/.local/lib/python3.7/site-packages/airflow/example_dags/example_short_circuit_operator.py
[2022-08-24 10:16:42,656] {processor.py:651} INFO - DAG(s) dict_keys(['example_short_circuit_operator']) retrieved from /home/airflow/.local/lib/python3.7/site-packages/airflow/example_dags/example_short_circuit_operator.py
[2022-08-24 10:16:42,977] {logging_mixin.py:115} INFO - [2022-08-24 10:16:42,976] {dag.py:2420} INFO - Sync 1 DAGs
[2022-08-24 10:16:43,232] {logging_mixin.py:115} INFO - [2022-08-24 10:16:43,231] {dag.py:2972} INFO - Setting next_dagrun for example_short_circuit_operator to 2022-08-23T10:16:43.229338+00:00, run_after=2022-08-24T10:16:43.229338+00:00
[2022-08-24 10:16:43,375] {processor.py:161} INFO - Processing /home/airflow/.local/lib/python3.7/site-packages/airflow/example_dags/example_short_circuit_operator.py took 0.913 seconds
[2022-08-24 10:17:15,472] {processor.py:153} INFO - Started process (PID=17564) to work on /home/airflow/.local/lib/python3.7/site-packages/airflow/example_dags/example_short_circuit_operator.py
[2022-08-24 10:17:15,477] {processor.py:641} INFO - Processing file /home/airflow/.local/lib/python3.7/site-packages/airflow/example_dags/example_short_circuit_operator.py for tasks to queue
[2022-08-24 10:17:15,483] {logging_mixin.py:115} INFO - [2022-08-24 10:17:15,482] {dagbag.py:508} INFO - Filling up the DagBag from /home/airflow/.local/lib/python3.7/site-packages/airflow/example_dags/example_short_circuit_operator.py
[2022-08-24 10:17:15,581] {processor.py:651} INFO - DAG(s) dict_keys(['example_short_circuit_operator']) retrieved from /home/airflow/.local/lib/python3.7/site-packages/airflow/example_dags/example_short_circuit_operator.py
[2022-08-24 10:17:15,870] {logging_mixin.py:115} INFO - [2022-08-24 10:17:15,869] {dag.py:2420} INFO - Sync 1 DAGs
[2022-08-24 10:17:16,153] {logging_mixin.py:115} INFO - [2022-08-24 10:17:16,152] {dag.py:2972} INFO - Setting next_dagrun for example_short_circuit_operator to 2022-08-23T10:17:16.149997+00:00, run_after=2022-08-24T10:17:16.149997+00:00
[2022-08-24 10:17:16,282] {processor.py:161} INFO - Processing /home/airflow/.local/lib/python3.7/site-packages/airflow/example_dags/example_short_circuit_operator.py took 0.847 seconds
[2022-08-24 10:17:48,320] {processor.py:153} INFO - Started process (PID=17610) to work on /home/airflow/.local/lib/python3.7/site-packages/airflow/example_dags/example_short_circuit_operator.py
[2022-08-24 10:17:48,328] {processor.py:641} INFO - Processing file /home/airflow/.local/lib/python3.7/site-packages/airflow/example_dags/example_short_circuit_operator.py for tasks to queue
[2022-08-24 10:17:48,334] {logging_mixin.py:115} INFO - [2022-08-24 10:17:48,333] {dagbag.py:508} INFO - Filling up the DagBag from /home/airflow/.local/lib/python3.7/site-packages/airflow/example_dags/example_short_circuit_operator.py
[2022-08-24 10:17:48,426] {processor.py:651} INFO - DAG(s) dict_keys(['example_short_circuit_operator']) retrieved from /home/airflow/.local/lib/python3.7/site-packages/airflow/example_dags/example_short_circuit_operator.py
[2022-08-24 10:17:48,760] {logging_mixin.py:115} INFO - [2022-08-24 10:17:48,759] {dag.py:2420} INFO - Sync 1 DAGs
[2022-08-24 10:17:49,026] {logging_mixin.py:115} INFO - [2022-08-24 10:17:49,025] {dag.py:2972} INFO - Setting next_dagrun for example_short_circuit_operator to 2022-08-23T10:17:49.023052+00:00, run_after=2022-08-24T10:17:49.023052+00:00
[2022-08-24 10:17:49,155] {processor.py:161} INFO - Processing /home/airflow/.local/lib/python3.7/site-packages/airflow/example_dags/example_short_circuit_operator.py took 0.866 seconds
[2022-08-24 10:18:20,417] {processor.py:153} INFO - Started process (PID=17660) to work on /home/airflow/.local/lib/python3.7/site-packages/airflow/example_dags/example_short_circuit_operator.py
[2022-08-24 10:18:20,422] {processor.py:641} INFO - Processing file /home/airflow/.local/lib/python3.7/site-packages/airflow/example_dags/example_short_circuit_operator.py for tasks to queue
[2022-08-24 10:18:20,427] {logging_mixin.py:115} INFO - [2022-08-24 10:18:20,426] {dagbag.py:508} INFO - Filling up the DagBag from /home/airflow/.local/lib/python3.7/site-packages/airflow/example_dags/example_short_circuit_operator.py
[2022-08-24 10:18:20,546] {processor.py:651} INFO - DAG(s) dict_keys(['example_short_circuit_operator']) retrieved from /home/airflow/.local/lib/python3.7/site-packages/airflow/example_dags/example_short_circuit_operator.py
[2022-08-24 10:18:20,942] {logging_mixin.py:115} INFO - [2022-08-24 10:18:20,921] {dag.py:2420} INFO - Sync 1 DAGs
[2022-08-24 10:18:21,302] {logging_mixin.py:115} INFO - [2022-08-24 10:18:21,301] {dag.py:2972} INFO - Setting next_dagrun for example_short_circuit_operator to 2022-08-23T10:18:21.298942+00:00, run_after=2022-08-24T10:18:21.298942+00:00
[2022-08-24 10:18:21,448] {processor.py:161} INFO - Processing /home/airflow/.local/lib/python3.7/site-packages/airflow/example_dags/example_short_circuit_operator.py took 1.065 seconds
