[2022-12-15 14:54:26,377] {processor.py:153} INFO - Started process (PID=11039) to work on /home/airflow/.local/lib/python3.7/site-packages/airflow/example_dags/example_trigger_target_dag.py
[2022-12-15 14:54:26,378] {processor.py:641} INFO - Processing file /home/airflow/.local/lib/python3.7/site-packages/airflow/example_dags/example_trigger_target_dag.py for tasks to queue
[2022-12-15 14:54:26,379] {logging_mixin.py:115} INFO - [2022-12-15 14:54:26,379] {dagbag.py:508} INFO - Filling up the DagBag from /home/airflow/.local/lib/python3.7/site-packages/airflow/example_dags/example_trigger_target_dag.py
[2022-12-15 14:54:26,419] {processor.py:651} INFO - DAG(s) dict_keys(['example_trigger_target_dag']) retrieved from /home/airflow/.local/lib/python3.7/site-packages/airflow/example_dags/example_trigger_target_dag.py
[2022-12-15 14:54:26,479] {logging_mixin.py:115} INFO - [2022-12-15 14:54:26,479] {dag.py:2420} INFO - Sync 1 DAGs
[2022-12-15 14:54:26,544] {logging_mixin.py:115} INFO - [2022-12-15 14:54:26,544] {dag.py:2972} INFO - Setting next_dagrun for example_trigger_target_dag to None, run_after=None
[2022-12-15 14:54:26,580] {processor.py:161} INFO - Processing /home/airflow/.local/lib/python3.7/site-packages/airflow/example_dags/example_trigger_target_dag.py took 0.212 seconds
[2022-12-15 14:54:57,830] {processor.py:153} INFO - Started process (PID=11093) to work on /home/airflow/.local/lib/python3.7/site-packages/airflow/example_dags/example_trigger_target_dag.py
[2022-12-15 14:54:57,831] {processor.py:641} INFO - Processing file /home/airflow/.local/lib/python3.7/site-packages/airflow/example_dags/example_trigger_target_dag.py for tasks to queue
[2022-12-15 14:54:57,832] {logging_mixin.py:115} INFO - [2022-12-15 14:54:57,832] {dagbag.py:508} INFO - Filling up the DagBag from /home/airflow/.local/lib/python3.7/site-packages/airflow/example_dags/example_trigger_target_dag.py
[2022-12-15 14:54:57,870] {processor.py:651} INFO - DAG(s) dict_keys(['example_trigger_target_dag']) retrieved from /home/airflow/.local/lib/python3.7/site-packages/airflow/example_dags/example_trigger_target_dag.py
[2022-12-15 14:54:57,923] {logging_mixin.py:115} INFO - [2022-12-15 14:54:57,923] {dag.py:2420} INFO - Sync 1 DAGs
[2022-12-15 14:54:57,986] {logging_mixin.py:115} INFO - [2022-12-15 14:54:57,986] {dag.py:2972} INFO - Setting next_dagrun for example_trigger_target_dag to None, run_after=None
[2022-12-15 14:54:58,019] {processor.py:161} INFO - Processing /home/airflow/.local/lib/python3.7/site-packages/airflow/example_dags/example_trigger_target_dag.py took 0.201 seconds
[2022-12-15 17:45:23,884] {processor.py:153} INFO - Started process (PID=11146) to work on /home/airflow/.local/lib/python3.7/site-packages/airflow/example_dags/example_trigger_target_dag.py
[2022-12-15 17:45:23,894] {processor.py:641} INFO - Processing file /home/airflow/.local/lib/python3.7/site-packages/airflow/example_dags/example_trigger_target_dag.py for tasks to queue
[2022-12-15 17:45:23,896] {logging_mixin.py:115} INFO - [2022-12-15 17:45:23,896] {dagbag.py:508} INFO - Filling up the DagBag from /home/airflow/.local/lib/python3.7/site-packages/airflow/example_dags/example_trigger_target_dag.py
[2022-12-15 17:45:23,977] {processor.py:651} INFO - DAG(s) dict_keys(['example_trigger_target_dag']) retrieved from /home/airflow/.local/lib/python3.7/site-packages/airflow/example_dags/example_trigger_target_dag.py
[2022-12-15 17:45:24,062] {logging_mixin.py:115} INFO - [2022-12-15 17:45:24,061] {dag.py:2420} INFO - Sync 1 DAGs
[2022-12-15 17:45:24,264] {logging_mixin.py:115} INFO - [2022-12-15 17:45:24,263] {dag.py:2972} INFO - Setting next_dagrun for example_trigger_target_dag to None, run_after=None
[2022-12-15 17:45:24,319] {processor.py:161} INFO - Processing /home/airflow/.local/lib/python3.7/site-packages/airflow/example_dags/example_trigger_target_dag.py took 0.442 seconds
[2022-12-15 17:45:54,361] {processor.py:153} INFO - Started process (PID=11200) to work on /home/airflow/.local/lib/python3.7/site-packages/airflow/example_dags/example_trigger_target_dag.py
[2022-12-15 17:45:54,362] {processor.py:641} INFO - Processing file /home/airflow/.local/lib/python3.7/site-packages/airflow/example_dags/example_trigger_target_dag.py for tasks to queue
[2022-12-15 17:45:54,362] {logging_mixin.py:115} INFO - [2022-12-15 17:45:54,362] {dagbag.py:508} INFO - Filling up the DagBag from /home/airflow/.local/lib/python3.7/site-packages/airflow/example_dags/example_trigger_target_dag.py
[2022-12-15 17:45:54,375] {processor.py:651} INFO - DAG(s) dict_keys(['example_trigger_target_dag']) retrieved from /home/airflow/.local/lib/python3.7/site-packages/airflow/example_dags/example_trigger_target_dag.py
[2022-12-15 17:45:54,396] {logging_mixin.py:115} INFO - [2022-12-15 17:45:54,396] {dag.py:2420} INFO - Sync 1 DAGs
[2022-12-15 17:45:54,417] {logging_mixin.py:115} INFO - [2022-12-15 17:45:54,417] {dag.py:2972} INFO - Setting next_dagrun for example_trigger_target_dag to None, run_after=None
[2022-12-15 17:45:54,428] {processor.py:161} INFO - Processing /home/airflow/.local/lib/python3.7/site-packages/airflow/example_dags/example_trigger_target_dag.py took 0.069 seconds
