[2022-12-15 14:54:24,690] {processor.py:153} INFO - Started process (PID=11032) to work on /home/airflow/.local/lib/python3.7/site-packages/airflow/example_dags/example_external_task_marker_dag.py
[2022-12-15 14:54:24,691] {processor.py:641} INFO - Processing file /home/airflow/.local/lib/python3.7/site-packages/airflow/example_dags/example_external_task_marker_dag.py for tasks to queue
[2022-12-15 14:54:24,691] {logging_mixin.py:115} INFO - [2022-12-15 14:54:24,691] {dagbag.py:508} INFO - Filling up the DagBag from /home/airflow/.local/lib/python3.7/site-packages/airflow/example_dags/example_external_task_marker_dag.py
[2022-12-15 14:54:24,698] {processor.py:651} INFO - DAG(s) dict_keys(['example_external_task_marker_parent', 'example_external_task_marker_child']) retrieved from /home/airflow/.local/lib/python3.7/site-packages/airflow/example_dags/example_external_task_marker_dag.py
[2022-12-15 14:54:25,038] {logging_mixin.py:115} INFO - [2022-12-15 14:54:25,037] {dag.py:2420} INFO - Sync 2 DAGs
[2022-12-15 14:54:25,093] {logging_mixin.py:115} INFO - [2022-12-15 14:54:25,093] {dag.py:2972} INFO - Setting next_dagrun for example_external_task_marker_child to None, run_after=None
[2022-12-15 14:54:25,094] {logging_mixin.py:115} INFO - [2022-12-15 14:54:25,094] {dag.py:2972} INFO - Setting next_dagrun for example_external_task_marker_parent to None, run_after=None
[2022-12-15 14:54:25,130] {processor.py:161} INFO - Processing /home/airflow/.local/lib/python3.7/site-packages/airflow/example_dags/example_external_task_marker_dag.py took 0.445 seconds
[2022-12-15 14:54:55,488] {processor.py:153} INFO - Started process (PID=11087) to work on /home/airflow/.local/lib/python3.7/site-packages/airflow/example_dags/example_external_task_marker_dag.py
[2022-12-15 14:54:55,490] {processor.py:641} INFO - Processing file /home/airflow/.local/lib/python3.7/site-packages/airflow/example_dags/example_external_task_marker_dag.py for tasks to queue
[2022-12-15 14:54:55,505] {logging_mixin.py:115} INFO - [2022-12-15 14:54:55,492] {dagbag.py:508} INFO - Filling up the DagBag from /home/airflow/.local/lib/python3.7/site-packages/airflow/example_dags/example_external_task_marker_dag.py
[2022-12-15 14:54:55,518] {processor.py:651} INFO - DAG(s) dict_keys(['example_external_task_marker_parent', 'example_external_task_marker_child']) retrieved from /home/airflow/.local/lib/python3.7/site-packages/airflow/example_dags/example_external_task_marker_dag.py
[2022-12-15 14:54:55,889] {logging_mixin.py:115} INFO - [2022-12-15 14:54:55,889] {dag.py:2420} INFO - Sync 2 DAGs
[2022-12-15 14:54:55,951] {logging_mixin.py:115} INFO - [2022-12-15 14:54:55,951] {dag.py:2972} INFO - Setting next_dagrun for example_external_task_marker_child to None, run_after=None
[2022-12-15 14:54:55,952] {logging_mixin.py:115} INFO - [2022-12-15 14:54:55,952] {dag.py:2972} INFO - Setting next_dagrun for example_external_task_marker_parent to None, run_after=None
[2022-12-15 14:54:55,990] {processor.py:161} INFO - Processing /home/airflow/.local/lib/python3.7/site-packages/airflow/example_dags/example_external_task_marker_dag.py took 0.514 seconds
[2022-12-15 17:45:21,540] {processor.py:153} INFO - Started process (PID=11137) to work on /home/airflow/.local/lib/python3.7/site-packages/airflow/example_dags/example_external_task_marker_dag.py
[2022-12-15 17:45:21,563] {processor.py:641} INFO - Processing file /home/airflow/.local/lib/python3.7/site-packages/airflow/example_dags/example_external_task_marker_dag.py for tasks to queue
[2022-12-15 17:45:21,564] {logging_mixin.py:115} INFO - [2022-12-15 17:45:21,564] {dagbag.py:508} INFO - Filling up the DagBag from /home/airflow/.local/lib/python3.7/site-packages/airflow/example_dags/example_external_task_marker_dag.py
[2022-12-15 17:45:21,576] {processor.py:651} INFO - DAG(s) dict_keys(['example_external_task_marker_parent', 'example_external_task_marker_child']) retrieved from /home/airflow/.local/lib/python3.7/site-packages/airflow/example_dags/example_external_task_marker_dag.py
[2022-12-15 17:45:22,213] {logging_mixin.py:115} INFO - [2022-12-15 17:45:22,213] {dag.py:2420} INFO - Sync 2 DAGs
[2022-12-15 17:45:22,540] {logging_mixin.py:115} INFO - [2022-12-15 17:45:22,535] {dag.py:2972} INFO - Setting next_dagrun for example_external_task_marker_child to None, run_after=None
[2022-12-15 17:45:22,557] {logging_mixin.py:115} INFO - [2022-12-15 17:45:22,541] {dag.py:2972} INFO - Setting next_dagrun for example_external_task_marker_parent to None, run_after=None
[2022-12-15 17:45:22,620] {processor.py:161} INFO - Processing /home/airflow/.local/lib/python3.7/site-packages/airflow/example_dags/example_external_task_marker_dag.py took 1.088 seconds
[2022-12-15 17:45:52,828] {processor.py:153} INFO - Started process (PID=11193) to work on /home/airflow/.local/lib/python3.7/site-packages/airflow/example_dags/example_external_task_marker_dag.py
[2022-12-15 17:45:52,828] {processor.py:641} INFO - Processing file /home/airflow/.local/lib/python3.7/site-packages/airflow/example_dags/example_external_task_marker_dag.py for tasks to queue
[2022-12-15 17:45:52,830] {logging_mixin.py:115} INFO - [2022-12-15 17:45:52,829] {dagbag.py:508} INFO - Filling up the DagBag from /home/airflow/.local/lib/python3.7/site-packages/airflow/example_dags/example_external_task_marker_dag.py
[2022-12-15 17:45:52,838] {processor.py:651} INFO - DAG(s) dict_keys(['example_external_task_marker_parent', 'example_external_task_marker_child']) retrieved from /home/airflow/.local/lib/python3.7/site-packages/airflow/example_dags/example_external_task_marker_dag.py
[2022-12-15 17:45:52,994] {logging_mixin.py:115} INFO - [2022-12-15 17:45:52,993] {dag.py:2420} INFO - Sync 2 DAGs
[2022-12-15 17:45:53,021] {logging_mixin.py:115} INFO - [2022-12-15 17:45:53,021] {dag.py:2972} INFO - Setting next_dagrun for example_external_task_marker_child to None, run_after=None
[2022-12-15 17:45:53,021] {logging_mixin.py:115} INFO - [2022-12-15 17:45:53,021] {dag.py:2972} INFO - Setting next_dagrun for example_external_task_marker_parent to None, run_after=None
[2022-12-15 17:45:53,035] {processor.py:161} INFO - Processing /home/airflow/.local/lib/python3.7/site-packages/airflow/example_dags/example_external_task_marker_dag.py took 0.211 seconds
[2022-12-15 17:46:23,301] {processor.py:153} INFO - Started process (PID=11247) to work on /home/airflow/.local/lib/python3.7/site-packages/airflow/example_dags/example_external_task_marker_dag.py
[2022-12-15 17:46:23,303] {processor.py:641} INFO - Processing file /home/airflow/.local/lib/python3.7/site-packages/airflow/example_dags/example_external_task_marker_dag.py for tasks to queue
[2022-12-15 17:46:23,304] {logging_mixin.py:115} INFO - [2022-12-15 17:46:23,304] {dagbag.py:508} INFO - Filling up the DagBag from /home/airflow/.local/lib/python3.7/site-packages/airflow/example_dags/example_external_task_marker_dag.py
[2022-12-15 17:46:23,311] {processor.py:651} INFO - DAG(s) dict_keys(['example_external_task_marker_parent', 'example_external_task_marker_child']) retrieved from /home/airflow/.local/lib/python3.7/site-packages/airflow/example_dags/example_external_task_marker_dag.py
