[2022-12-15 14:54:28,494] {processor.py:153} INFO - Started process (PID=11052) to work on /home/airflow/.local/lib/python3.7/site-packages/airflow/example_dags/example_branch_datetime_operator.py
[2022-12-15 14:54:28,495] {processor.py:641} INFO - Processing file /home/airflow/.local/lib/python3.7/site-packages/airflow/example_dags/example_branch_datetime_operator.py for tasks to queue
[2022-12-15 14:54:28,497] {logging_mixin.py:115} INFO - [2022-12-15 14:54:28,497] {dagbag.py:508} INFO - Filling up the DagBag from /home/airflow/.local/lib/python3.7/site-packages/airflow/example_dags/example_branch_datetime_operator.py
[2022-12-15 14:54:28,551] {processor.py:651} INFO - DAG(s) dict_keys(['example_branch_datetime_operator', 'example_branch_datetime_operator_2']) retrieved from /home/airflow/.local/lib/python3.7/site-packages/airflow/example_dags/example_branch_datetime_operator.py
[2022-12-15 14:54:28,658] {logging_mixin.py:115} INFO - [2022-12-15 14:54:28,658] {dag.py:2420} INFO - Sync 2 DAGs
[2022-12-15 14:54:28,773] {logging_mixin.py:115} INFO - [2022-12-15 14:54:28,772] {dag.py:2972} INFO - Setting next_dagrun for example_branch_datetime_operator to 2022-12-14T00:00:00+00:00, run_after=2022-12-15T00:00:00+00:00
[2022-12-15 14:54:28,779] {logging_mixin.py:115} INFO - [2022-12-15 14:54:28,778] {dag.py:2972} INFO - Setting next_dagrun for example_branch_datetime_operator_2 to 2022-12-14T00:00:00+00:00, run_after=2022-12-15T00:00:00+00:00
[2022-12-15 14:54:28,832] {processor.py:161} INFO - Processing /home/airflow/.local/lib/python3.7/site-packages/airflow/example_dags/example_branch_datetime_operator.py took 0.362 seconds
[2022-12-15 14:54:59,689] {processor.py:153} INFO - Started process (PID=11114) to work on /home/airflow/.local/lib/python3.7/site-packages/airflow/example_dags/example_branch_datetime_operator.py
[2022-12-15 14:54:59,690] {processor.py:641} INFO - Processing file /home/airflow/.local/lib/python3.7/site-packages/airflow/example_dags/example_branch_datetime_operator.py for tasks to queue
[2022-12-15 14:54:59,691] {logging_mixin.py:115} INFO - [2022-12-15 14:54:59,691] {dagbag.py:508} INFO - Filling up the DagBag from /home/airflow/.local/lib/python3.7/site-packages/airflow/example_dags/example_branch_datetime_operator.py
[2022-12-15 14:54:59,712] {processor.py:651} INFO - DAG(s) dict_keys(['example_branch_datetime_operator', 'example_branch_datetime_operator_2']) retrieved from /home/airflow/.local/lib/python3.7/site-packages/airflow/example_dags/example_branch_datetime_operator.py
[2022-12-15 14:54:59,766] {logging_mixin.py:115} INFO - [2022-12-15 14:54:59,766] {dag.py:2420} INFO - Sync 2 DAGs
[2022-12-15 14:54:59,823] {logging_mixin.py:115} INFO - [2022-12-15 14:54:59,823] {dag.py:2972} INFO - Setting next_dagrun for example_branch_datetime_operator to 2022-12-14T00:00:00+00:00, run_after=2022-12-15T00:00:00+00:00
[2022-12-15 14:54:59,829] {logging_mixin.py:115} INFO - [2022-12-15 14:54:59,828] {dag.py:2972} INFO - Setting next_dagrun for example_branch_datetime_operator_2 to 2022-12-14T00:00:00+00:00, run_after=2022-12-15T00:00:00+00:00
[2022-12-15 14:54:59,860] {processor.py:161} INFO - Processing /home/airflow/.local/lib/python3.7/site-packages/airflow/example_dags/example_branch_datetime_operator.py took 0.176 seconds
[2022-12-15 17:45:25,999] {processor.py:153} INFO - Started process (PID=11159) to work on /home/airflow/.local/lib/python3.7/site-packages/airflow/example_dags/example_branch_datetime_operator.py
[2022-12-15 17:45:26,001] {processor.py:641} INFO - Processing file /home/airflow/.local/lib/python3.7/site-packages/airflow/example_dags/example_branch_datetime_operator.py for tasks to queue
[2022-12-15 17:45:26,002] {logging_mixin.py:115} INFO - [2022-12-15 17:45:26,002] {dagbag.py:508} INFO - Filling up the DagBag from /home/airflow/.local/lib/python3.7/site-packages/airflow/example_dags/example_branch_datetime_operator.py
[2022-12-15 17:45:26,029] {processor.py:651} INFO - DAG(s) dict_keys(['example_branch_datetime_operator', 'example_branch_datetime_operator_2']) retrieved from /home/airflow/.local/lib/python3.7/site-packages/airflow/example_dags/example_branch_datetime_operator.py
[2022-12-15 17:45:26,150] {logging_mixin.py:115} INFO - [2022-12-15 17:45:26,150] {dag.py:2420} INFO - Sync 2 DAGs
[2022-12-15 17:45:26,231] {logging_mixin.py:115} INFO - [2022-12-15 17:45:26,230] {dag.py:2972} INFO - Setting next_dagrun for example_branch_datetime_operator to 2022-12-14T00:00:00+00:00, run_after=2022-12-15T00:00:00+00:00
[2022-12-15 17:45:26,240] {logging_mixin.py:115} INFO - [2022-12-15 17:45:26,240] {dag.py:2972} INFO - Setting next_dagrun for example_branch_datetime_operator_2 to 2022-12-14T00:00:00+00:00, run_after=2022-12-15T00:00:00+00:00
[2022-12-15 17:45:26,279] {processor.py:161} INFO - Processing /home/airflow/.local/lib/python3.7/site-packages/airflow/example_dags/example_branch_datetime_operator.py took 0.285 seconds
[2022-12-15 17:45:57,164] {processor.py:153} INFO - Started process (PID=11213) to work on /home/airflow/.local/lib/python3.7/site-packages/airflow/example_dags/example_branch_datetime_operator.py
[2022-12-15 17:45:57,165] {processor.py:641} INFO - Processing file /home/airflow/.local/lib/python3.7/site-packages/airflow/example_dags/example_branch_datetime_operator.py for tasks to queue
[2022-12-15 17:45:57,166] {logging_mixin.py:115} INFO - [2022-12-15 17:45:57,166] {dagbag.py:508} INFO - Filling up the DagBag from /home/airflow/.local/lib/python3.7/site-packages/airflow/example_dags/example_branch_datetime_operator.py
[2022-12-15 17:45:57,181] {processor.py:651} INFO - DAG(s) dict_keys(['example_branch_datetime_operator', 'example_branch_datetime_operator_2']) retrieved from /home/airflow/.local/lib/python3.7/site-packages/airflow/example_dags/example_branch_datetime_operator.py
[2022-12-15 17:45:57,230] {logging_mixin.py:115} INFO - [2022-12-15 17:45:57,230] {dag.py:2420} INFO - Sync 2 DAGs
[2022-12-15 17:45:57,264] {logging_mixin.py:115} INFO - [2022-12-15 17:45:57,264] {dag.py:2972} INFO - Setting next_dagrun for example_branch_datetime_operator to 2022-12-14T00:00:00+00:00, run_after=2022-12-15T00:00:00+00:00
[2022-12-15 17:45:57,266] {logging_mixin.py:115} INFO - [2022-12-15 17:45:57,266] {dag.py:2972} INFO - Setting next_dagrun for example_branch_datetime_operator_2 to 2022-12-14T00:00:00+00:00, run_after=2022-12-15T00:00:00+00:00
[2022-12-15 17:45:57,289] {processor.py:161} INFO - Processing /home/airflow/.local/lib/python3.7/site-packages/airflow/example_dags/example_branch_datetime_operator.py took 0.129 seconds
