[2022-12-15 14:54:25,234] {processor.py:153} INFO - Started process (PID=11035) to work on /home/airflow/.local/lib/python3.7/site-packages/airflow/example_dags/example_branch_day_of_week_operator.py
[2022-12-15 14:54:25,239] {processor.py:641} INFO - Processing file /home/airflow/.local/lib/python3.7/site-packages/airflow/example_dags/example_branch_day_of_week_operator.py for tasks to queue
[2022-12-15 14:54:25,244] {logging_mixin.py:115} INFO - [2022-12-15 14:54:25,243] {dagbag.py:508} INFO - Filling up the DagBag from /home/airflow/.local/lib/python3.7/site-packages/airflow/example_dags/example_branch_day_of_week_operator.py
[2022-12-15 14:54:25,300] {processor.py:651} INFO - DAG(s) dict_keys(['example_weekday_branch_operator']) retrieved from /home/airflow/.local/lib/python3.7/site-packages/airflow/example_dags/example_branch_day_of_week_operator.py
[2022-12-15 14:54:25,442] {logging_mixin.py:115} INFO - [2022-12-15 14:54:25,441] {dag.py:2420} INFO - Sync 1 DAGs
[2022-12-15 14:54:25,607] {logging_mixin.py:115} INFO - [2022-12-15 14:54:25,607] {dag.py:2972} INFO - Setting next_dagrun for example_weekday_branch_operator to 2022-12-14T00:00:00+00:00, run_after=2022-12-15T00:00:00+00:00
[2022-12-15 14:54:25,681] {processor.py:161} INFO - Processing /home/airflow/.local/lib/python3.7/site-packages/airflow/example_dags/example_branch_day_of_week_operator.py took 0.472 seconds
[2022-12-15 14:54:55,960] {processor.py:153} INFO - Started process (PID=11089) to work on /home/airflow/.local/lib/python3.7/site-packages/airflow/example_dags/example_branch_day_of_week_operator.py
[2022-12-15 14:54:55,961] {processor.py:641} INFO - Processing file /home/airflow/.local/lib/python3.7/site-packages/airflow/example_dags/example_branch_day_of_week_operator.py for tasks to queue
[2022-12-15 14:54:55,962] {logging_mixin.py:115} INFO - [2022-12-15 14:54:55,962] {dagbag.py:508} INFO - Filling up the DagBag from /home/airflow/.local/lib/python3.7/site-packages/airflow/example_dags/example_branch_day_of_week_operator.py
[2022-12-15 14:54:55,980] {processor.py:651} INFO - DAG(s) dict_keys(['example_weekday_branch_operator']) retrieved from /home/airflow/.local/lib/python3.7/site-packages/airflow/example_dags/example_branch_day_of_week_operator.py
[2022-12-15 14:54:56,042] {logging_mixin.py:115} INFO - [2022-12-15 14:54:56,041] {dag.py:2420} INFO - Sync 1 DAGs
[2022-12-15 14:54:56,127] {logging_mixin.py:115} INFO - [2022-12-15 14:54:56,127] {dag.py:2972} INFO - Setting next_dagrun for example_weekday_branch_operator to 2022-12-14T00:00:00+00:00, run_after=2022-12-15T00:00:00+00:00
[2022-12-15 14:54:56,169] {processor.py:161} INFO - Processing /home/airflow/.local/lib/python3.7/site-packages/airflow/example_dags/example_branch_day_of_week_operator.py took 0.216 seconds
[2022-12-15 17:45:22,687] {processor.py:153} INFO - Started process (PID=11142) to work on /home/airflow/.local/lib/python3.7/site-packages/airflow/example_dags/example_branch_day_of_week_operator.py
[2022-12-15 17:45:22,688] {processor.py:641} INFO - Processing file /home/airflow/.local/lib/python3.7/site-packages/airflow/example_dags/example_branch_day_of_week_operator.py for tasks to queue
[2022-12-15 17:45:22,690] {logging_mixin.py:115} INFO - [2022-12-15 17:45:22,689] {dagbag.py:508} INFO - Filling up the DagBag from /home/airflow/.local/lib/python3.7/site-packages/airflow/example_dags/example_branch_day_of_week_operator.py
[2022-12-15 17:45:22,714] {processor.py:651} INFO - DAG(s) dict_keys(['example_weekday_branch_operator']) retrieved from /home/airflow/.local/lib/python3.7/site-packages/airflow/example_dags/example_branch_day_of_week_operator.py
[2022-12-15 17:45:22,788] {logging_mixin.py:115} INFO - [2022-12-15 17:45:22,787] {dag.py:2420} INFO - Sync 1 DAGs
[2022-12-15 17:45:22,878] {logging_mixin.py:115} INFO - [2022-12-15 17:45:22,877] {dag.py:2972} INFO - Setting next_dagrun for example_weekday_branch_operator to 2022-12-14T00:00:00+00:00, run_after=2022-12-15T00:00:00+00:00
[2022-12-15 17:45:22,928] {processor.py:161} INFO - Processing /home/airflow/.local/lib/python3.7/site-packages/airflow/example_dags/example_branch_day_of_week_operator.py took 0.248 seconds
[2022-12-15 17:45:53,055] {processor.py:153} INFO - Started process (PID=11196) to work on /home/airflow/.local/lib/python3.7/site-packages/airflow/example_dags/example_branch_day_of_week_operator.py
[2022-12-15 17:45:53,056] {processor.py:641} INFO - Processing file /home/airflow/.local/lib/python3.7/site-packages/airflow/example_dags/example_branch_day_of_week_operator.py for tasks to queue
[2022-12-15 17:45:53,056] {logging_mixin.py:115} INFO - [2022-12-15 17:45:53,056] {dagbag.py:508} INFO - Filling up the DagBag from /home/airflow/.local/lib/python3.7/site-packages/airflow/example_dags/example_branch_day_of_week_operator.py
[2022-12-15 17:45:53,065] {processor.py:651} INFO - DAG(s) dict_keys(['example_weekday_branch_operator']) retrieved from /home/airflow/.local/lib/python3.7/site-packages/airflow/example_dags/example_branch_day_of_week_operator.py
[2022-12-15 17:45:53,107] {logging_mixin.py:115} INFO - [2022-12-15 17:45:53,107] {dag.py:2420} INFO - Sync 1 DAGs
[2022-12-15 17:45:53,134] {logging_mixin.py:115} INFO - [2022-12-15 17:45:53,134] {dag.py:2972} INFO - Setting next_dagrun for example_weekday_branch_operator to 2022-12-14T00:00:00+00:00, run_after=2022-12-15T00:00:00+00:00
[2022-12-15 17:45:53,145] {processor.py:161} INFO - Processing /home/airflow/.local/lib/python3.7/site-packages/airflow/example_dags/example_branch_day_of_week_operator.py took 0.093 seconds
