[2022-12-15 14:54:25,784] {processor.py:153} INFO - Started process (PID=11037) to work on /home/airflow/.local/lib/python3.7/site-packages/airflow/example_dags/example_time_delta_sensor_async.py
[2022-12-15 14:54:25,786] {processor.py:641} INFO - Processing file /home/airflow/.local/lib/python3.7/site-packages/airflow/example_dags/example_time_delta_sensor_async.py for tasks to queue
[2022-12-15 14:54:25,793] {logging_mixin.py:115} INFO - [2022-12-15 14:54:25,792] {dagbag.py:508} INFO - Filling up the DagBag from /home/airflow/.local/lib/python3.7/site-packages/airflow/example_dags/example_time_delta_sensor_async.py
[2022-12-15 14:54:25,806] {processor.py:651} INFO - DAG(s) dict_keys(['example_time_delta_sensor_async']) retrieved from /home/airflow/.local/lib/python3.7/site-packages/airflow/example_dags/example_time_delta_sensor_async.py
[2022-12-15 14:54:26,203] {logging_mixin.py:115} INFO - [2022-12-15 14:54:26,203] {dag.py:2420} INFO - Sync 1 DAGs
[2022-12-15 14:54:26,276] {logging_mixin.py:115} INFO - [2022-12-15 14:54:26,275] {dag.py:2972} INFO - Setting next_dagrun for example_time_delta_sensor_async to None, run_after=None
[2022-12-15 14:54:26,317] {processor.py:161} INFO - Processing /home/airflow/.local/lib/python3.7/site-packages/airflow/example_dags/example_time_delta_sensor_async.py took 0.549 seconds
[2022-12-15 14:54:57,240] {processor.py:153} INFO - Started process (PID=11091) to work on /home/airflow/.local/lib/python3.7/site-packages/airflow/example_dags/example_time_delta_sensor_async.py
[2022-12-15 14:54:57,241] {processor.py:641} INFO - Processing file /home/airflow/.local/lib/python3.7/site-packages/airflow/example_dags/example_time_delta_sensor_async.py for tasks to queue
[2022-12-15 14:54:57,243] {logging_mixin.py:115} INFO - [2022-12-15 14:54:57,243] {dagbag.py:508} INFO - Filling up the DagBag from /home/airflow/.local/lib/python3.7/site-packages/airflow/example_dags/example_time_delta_sensor_async.py
[2022-12-15 14:54:57,256] {processor.py:651} INFO - DAG(s) dict_keys(['example_time_delta_sensor_async']) retrieved from /home/airflow/.local/lib/python3.7/site-packages/airflow/example_dags/example_time_delta_sensor_async.py
[2022-12-15 14:54:57,690] {logging_mixin.py:115} INFO - [2022-12-15 14:54:57,690] {dag.py:2420} INFO - Sync 1 DAGs
[2022-12-15 14:54:57,753] {logging_mixin.py:115} INFO - [2022-12-15 14:54:57,753] {dag.py:2972} INFO - Setting next_dagrun for example_time_delta_sensor_async to None, run_after=None
[2022-12-15 14:54:57,793] {processor.py:161} INFO - Processing /home/airflow/.local/lib/python3.7/site-packages/airflow/example_dags/example_time_delta_sensor_async.py took 0.560 seconds
[2022-12-15 17:45:23,004] {processor.py:153} INFO - Started process (PID=11144) to work on /home/airflow/.local/lib/python3.7/site-packages/airflow/example_dags/example_time_delta_sensor_async.py
[2022-12-15 17:45:23,007] {processor.py:641} INFO - Processing file /home/airflow/.local/lib/python3.7/site-packages/airflow/example_dags/example_time_delta_sensor_async.py for tasks to queue
[2022-12-15 17:45:23,008] {logging_mixin.py:115} INFO - [2022-12-15 17:45:23,008] {dagbag.py:508} INFO - Filling up the DagBag from /home/airflow/.local/lib/python3.7/site-packages/airflow/example_dags/example_time_delta_sensor_async.py
[2022-12-15 17:45:23,033] {processor.py:651} INFO - DAG(s) dict_keys(['example_time_delta_sensor_async']) retrieved from /home/airflow/.local/lib/python3.7/site-packages/airflow/example_dags/example_time_delta_sensor_async.py
[2022-12-15 17:45:23,712] {logging_mixin.py:115} INFO - [2022-12-15 17:45:23,709] {dag.py:2420} INFO - Sync 1 DAGs
[2022-12-15 17:45:23,832] {logging_mixin.py:115} INFO - [2022-12-15 17:45:23,832] {dag.py:2972} INFO - Setting next_dagrun for example_time_delta_sensor_async to None, run_after=None
[2022-12-15 17:45:23,893] {processor.py:161} INFO - Processing /home/airflow/.local/lib/python3.7/site-packages/airflow/example_dags/example_time_delta_sensor_async.py took 0.896 seconds
[2022-12-15 17:45:54,096] {processor.py:153} INFO - Started process (PID=11198) to work on /home/airflow/.local/lib/python3.7/site-packages/airflow/example_dags/example_time_delta_sensor_async.py
[2022-12-15 17:45:54,097] {processor.py:641} INFO - Processing file /home/airflow/.local/lib/python3.7/site-packages/airflow/example_dags/example_time_delta_sensor_async.py for tasks to queue
[2022-12-15 17:45:54,098] {logging_mixin.py:115} INFO - [2022-12-15 17:45:54,098] {dagbag.py:508} INFO - Filling up the DagBag from /home/airflow/.local/lib/python3.7/site-packages/airflow/example_dags/example_time_delta_sensor_async.py
[2022-12-15 17:45:54,106] {processor.py:651} INFO - DAG(s) dict_keys(['example_time_delta_sensor_async']) retrieved from /home/airflow/.local/lib/python3.7/site-packages/airflow/example_dags/example_time_delta_sensor_async.py
[2022-12-15 17:45:54,247] {logging_mixin.py:115} INFO - [2022-12-15 17:45:54,247] {dag.py:2420} INFO - Sync 1 DAGs
[2022-12-15 17:45:54,271] {logging_mixin.py:115} INFO - [2022-12-15 17:45:54,271] {dag.py:2972} INFO - Setting next_dagrun for example_time_delta_sensor_async to None, run_after=None
[2022-12-15 17:45:54,284] {processor.py:161} INFO - Processing /home/airflow/.local/lib/python3.7/site-packages/airflow/example_dags/example_time_delta_sensor_async.py took 0.193 seconds
